2024  63  0 30    2.13   -0.59   -1.78  -279.2     1.5   -27.8   7.77    18292  1.23    71    -1  0 -1 -0.1754   1.18    2.17   -0.64   -1.83 -0.0000  0.1324  -14.8
2024  63  0 40    1.67   -0.48   -2.30  -280.4     2.3   -29.4   7.53    16994  1.20    63    -1  0  0 -0.1818   1.16    1.97   -0.63   -1.98 -0.0000  0.1298  -14.8
2024  63  0 50    1.62   -0.62   -2.45  -279.9     1.0   -29.7   7.54    17198  1.19    57    -1  0  0 -0.1881   1.16    1.81   -0.57   -2.16 -0.0000  0.1227  -14.8
2024  63  1  0    1.46   -0.55   -2.54  -281.1     1.8   -29.4   7.57    16551  1.21   265    -1  0  0 -0.1943   1.17    1.68   -0.52   -2.34 -0.0000  0.1160  -14.5
2024  63  1 10    1.81   -0.55   -2.21  -278.8     2.2   -27.1   7.68    17137  1.21   225     0  0  0 -0.2004   1.17    1.63   -0.51   -2.41 -0.0000  0.1162  -13.9
2024  63  1 20    2.18   -0.69   -1.84  -275.5     1.7   -24.6   8.11    17293  1.24   193     1  0 -1 -0.2062   1.20    1.77   -0.49   -2.26 -0.0000  0.1125  -13.3
2024  63  1 30    1.15   -0.60   -2.38  -281.2     1.7   -24.3   7.88    14725  1.26   129     2  0  0 -0.2120   1.22    1.84   -0.57   -2.12 -0.0000  0.1217  -13.3
2024  63  1 40    1.73   -0.78   -1.67  -271.3     2.7    -9.3  10.20    15378  1.50    95     1  0  0 -0.2175   1.46    1.74   -0.64   -2.07 -0.0000  0.1302  -13.8
2024  63  1 50    2.18   -0.83   -1.03  -269.2     0.6    -5.9   9.37    10209  1.36    60     0  0  0 -0.2228   1.32    1.67   -0.75   -1.91 -0.0000  0.1414  -14.2
2024  63  2  0    2.82   -1.23   -0.40  -268.3     1.1    -9.6   9.65    16133  1.39    38     1  0  0 -0.2280   1.35    1.86   -0.75   -1.44 -0.0006  0.1249  -13.9
2024  63  2 10    2.79   -1.16   -0.54  -268.3    -1.3   -15.1   8.11    13562  1.17    29     1  0  0 -0.2329   1.13    2.27   -0.80   -0.99 -0.0012  0.1151  -13.3
2024  63  2 20    2.96   -0.98    0.52  -273.2     2.3   -10.3   8.14    12752  1.22    25     2  0 -1 -0.2376   1.18    2.54   -0.67   -0.65 -0.0015  0.0841  -12.7
2024  63  2 30    1.90   -0.83   -1.63  -275.2    -1.0   -18.4   9.19    15307  1.40    25     3  0  0 -0.2421   1.35    2.54   -0.63   -0.75 -0.0011  0.0816  -12.4
2024  63  2 40    2.44   -0.51   -0.95  -269.6     1.4   -11.1   7.91    13777  1.16    25     3  0 -1 -0.2463   1.12    2.39   -0.42   -0.89 -0.0004  0.0688  -12.2
2024  63  2 50    2.40   -0.75   -0.78  -275.4     5.5   -21.4   8.74    14629  1.33    19     3  0  0 -0.2503   1.29    2.30   -0.41   -1.08 -0.0002  0.0774  -12.1
2024  63  3  0    2.16   -0.74   -0.80  -281.9     3.8   -24.4   8.07    13710  1.29    27     3  0  0 -0.2541   1.25    2.34   -0.41   -0.99 -0.0006  0.0821  -11.9
2024  63  3 10    2.56   -1.27    0.17  -268.2    -0.3    -5.4   9.10    12569  1.31    33     4  0  0 -0.2575   1.27    2.43   -0.73   -0.44 -0.0019  0.0753  -10.8
2024  63  3 20    2.94   -1.28    0.89  -270.0     1.1    -4.2   8.59    13584  1.25    31     7  0  0 -0.2607   1.21    2.56   -1.07    0.00 -0.0052  0.0719   -9.8
2024  63  3 30    2.70   -1.32    0.34  -265.7    -3.6   -10.2  10.18    13651  1.44    20     7  0 -1 -0.2636   1.39    2.63   -1.30    0.35 -0.0071  0.0591   -9.6
2024  63  3 40    2.13   -1.59   -0.32  -265.8    -2.6    -8.9  11.20    14033  1.58    33     7  0  0 -0.2663   1.53    2.57   -1.39    0.18 -0.0098  0.0745  -10.4
2024  63  3 50    1.88   -2.26    0.00  -271.5    -1.7    -5.3   9.49    18275  1.40    32     5  0  0 -0.2686   1.36    2.36   -1.52    0.03 -0.0106  0.0900  -11.3
2024  63  4  0    1.91   -2.12    0.33  -273.2    -2.6   -12.6  10.10    16193  1.51    27     4 -1  0 -0.2707   1.46    2.11   -1.84   -0.07 -0.0167  0.1087  -11.8
2024  63  4 10    2.15   -1.94    0.74  -272.9    -1.6    -5.8  10.25    19721  1.53    29     4 -1 -1 -0.2724   1.48    1.91   -2.11    0.09 -0.0190  0.1090  -12.2
2024  63  4 20    2.55   -1.77    0.34  -269.8     2.0    -9.0  10.62    16150  1.54    26     4  0 -1 -0.2738   1.50    1.96   -2.17    0.38 -0.0174  0.0923  -12.0
2024  63  4 30    1.59   -2.32    0.17  -271.2     2.3    -4.9   9.86    16188  1.45    20     5  0  0 -0.2750   1.41    2.10   -2.02    0.65 -0.0109  0.0712  -11.5
2024  63  4 40    1.54   -2.82    0.08  -275.8    -4.6    -6.8  11.74     8658  1.79    26     8  0  0 -0.2758   1.73    1.94   -2.22    0.40 -0.0130  0.0959  -10.9
2024  63  4 50    1.14   -2.94    0.17  -277.5    -4.3    -6.8  11.69     9651  1.80    26     8  0  0 -0.2763   1.75    1.57   -2.55    0.17 -0.0245  0.1234  -10.7
2024  63  5  0    0.65   -3.21    0.11  -279.3    -5.5    -7.0  11.53    10068  1.80    28     8  0  0 -0.2765   1.74    1.11   -2.96   -0.10 -0.0357  0.1542  -10.7
2024  63  5 10    0.80   -3.14    0.28  -279.7    -2.8    -5.9  10.72     9027  1.68    29     7  0  0 -0.2763   1.63    0.90   -3.06    0.14 -0.0397  0.1432  -10.8
2024  63  5 20    0.81   -2.87    0.45  -277.5    -8.1    -3.5  12.09    13904  1.86    36     7  0  0 -0.2759   1.81    0.77   -3.04    0.31 -0.0341  0.1324  -11.0
2024  63  5 30    0.60   -3.21    0.87  -278.2    -4.3    -4.6  11.77    10616  1.82    35     7  0  0 -0.2751   1.77    0.68   -3.09    0.46 -0.0298  0.1242  -11.2
2024  63  5 40    0.72   -3.30    0.53  -277.6    -5.1    -5.6  11.62     9238  1.79    42     7  0  0 -0.2741   1.74    0.73   -3.10    0.53 -0.0280  0.1204  -11.4
2024  63  5 50    0.18   -3.50   -0.03  -281.6    -6.0    -7.4  11.93    10224  1.90    41     7  0 -1 -0.2727   1.83    0.61   -3.27    0.48 -0.0319  0.1293  -11.6
2024  63  6  0    1.00   -3.13    0.41  -277.2    -4.5    -6.2  11.92     9438  1.83    40     7  0  0 -0.2710   1.78    0.54   -3.34    0.32 -0.0381  0.1420  -11.7
2024  63  6 10    0.34   -3.26    0.33  -279.0    -4.2    -4.9  12.35     8956  1.92    44     7  0  0 -0.2690   1.86    0.66   -3.26    0.46 -0.0334  0.1311  -11.9
2024  63  6 20    1.51   -3.26    0.75  -278.0    -6.5    -2.9  11.79     9669  1.82    48     6  0  0 -0.2667   1.77    0.91   -3.22    0.58 -0.0293  0.1226  -12.2
2024  63  6 30    1.72   -3.27    0.74  -273.2    -5.3    -6.6  12.62    10078  1.89    48     6  0 -1 -0.2642   1.83    1.37   -3.15    0.74 -0.0231  0.1091  -12.6
2024  63  6 40    1.65   -3.19    1.04  -274.0    -4.2    -3.3  12.17     9863  1.83    51     6  0 -1 -0.2613   1.77    1.49   -3.25    0.75 -0.0237  0.1114  -12.5
2024  63  6 50    1.48   -3.17    1.38  -274.9    -4.8    -1.7  12.57    10052  1.90    52     7  0  0 -0.2581   1.84    1.67   -3.20    0.89 -0.0199  0.1017  -12.2
2024  63  7  0    1.12   -3.25    1.21  -276.7    -7.5    -2.2  12.44     9529  1.91    47     8  0  0 -0.2547   1.85    1.49   -3.22    1.13 -0.0154  0.0911  -11.9
2024  63  7 10    1.09   -3.33    1.19  -275.7    -7.7    -6.2  11.90     8491  1.81    45     8  0 -1 -0.2510   1.75    1.38   -3.21    1.22 -0.0135  0.0864  -11.5
2024  63  7 20    0.87   -3.31    1.35  -277.5    -5.8    -0.2  12.28     9287  1.89    47     8  0  0 -0.2471   1.83    1.19   -3.25    1.25 -0.0136  0.0869  -11.6
2024  63  7 30    0.64   -3.63    1.08  -279.5    -6.2     3.5  11.59     9990  1.81    51     7  0  0 -0.2428   1.75    1.02   -3.30    1.27 -0.0137  0.0877  -11.1
2024  63  7 40    0.67   -3.40    1.11  -279.6   -10.4    -0.1  10.64    11534  1.67    49     8  0  0 -0.2384   1.61    0.86   -3.33    1.35 -0.0137  0.0868  -10.8
2024  63  7 50    1.78   -2.20    1.80  -271.4     2.2    -0.6   8.36    14035  1.23    58     7  0  0 -0.2337   1.19    0.75   -3.37    1.35 -0.0141  0.0890  -10.4
2024  63  8  0    3.11   -0.48    2.02  -269.2     1.4     0.1   8.37    14017  1.21    60     4  0  0 -0.2288   1.17    1.25   -2.83    1.48 -0.0104  0.0688  -11.2
2024  63  8 10    3.13    0.04    1.96  -269.0     6.6    -1.8   8.21    13324  1.19    55     2  0  0 -0.2236   1.15    2.06   -1.79    1.68 -0.0057  0.0399  -12.0
2024  63  8 20    2.96    0.72    1.31  -271.6     8.8    -2.7   9.09    14666  1.34    52     3  0 -1 -0.2183   1.30    2.77   -0.54    1.82 -0.0007  0.0091  -12.3
2024  63  8 30    2.54    0.34    0.98  -274.0     8.3    -4.4   9.35    15858  1.40    43     5  0  0 -0.2128   1.36    2.91    0.23    1.67  0.0000  0.0012  -12.0
2024  63  8 40    2.51    0.91    0.52  -273.5    13.1    -7.3   9.83    18003  1.47    43     4  0  0 -0.2071   1.43    2.71    0.46    1.34  0.0000  0.0024  -11.7
2024  63  8 50    2.21    0.96    1.27  -273.5     6.0    -5.8   9.96    17189  1.49    35     5  0 -1 -0.2012   1.44    2.57    0.55    1.09  0.0001  0.0050  -11.6
2024  63  9  0    2.17    0.57    1.48  -274.6     4.3    -1.1   9.98    17106  1.50    34     6  0 -1 -0.1951   1.46    2.39    0.49    1.12  0.0001  0.0046  -11.3
2024  63  9 10    2.31    0.18    1.35  -274.7     5.8    -1.5  10.10    18826  1.53    37     6  0  0 -0.1889   1.48    2.31    0.45    1.27  0.0001  0.0035  -11.4
2024  63  9 20    2.44    0.22    1.21  -273.4     8.0    -3.1  10.98    18044  1.64    35     6 -1  0 -0.1826   1.59    2.29    0.31    1.37  0.0000  0.0008  -12.0
2024  63  9 30    1.79    0.50    1.37  -280.6     6.6    -0.7  12.44    16651  1.96    37     6  0  0 -0.1761   1.90    2.34    0.27    1.25  0.0000  0.0006  -12.5
2024  63  9 40    1.46    0.59    1.34  -278.1     2.2    -2.6  11.70    19212  1.81    33     7  0  0 -0.1695   1.75    2.13    0.40    1.10  0.0005  0.0052  -12.2
2024  63  9 50    1.69    1.26    1.08  -282.5     6.0    -1.7  11.99    11824  1.92    29     8  0  0 -0.1628   1.85    1.78    0.74    0.80  0.0022  0.0258   -9.3
2024  63 10  0    1.75   -0.45   -0.66  -277.8     6.1    -5.4  12.24    16748  1.89    78    28  0  0 -0.1561   1.83    1.66    0.89    0.61  0.0034  0.0344   -5.0
2024  63 10 10    1.63   -0.88    0.02  -304.6    -8.0    -6.7  23.18    22901  4.32    52    30  0  0 -0.1492   4.17    1.66    0.37    0.15  0.0019  0.0651   -1.9
2024  63 10 20    1.50   -0.55    0.14  -275.4     4.8    -4.2  11.91    18386  1.81    41    27  0  0 -0.1423   1.75    1.73   -0.58   -0.20 -0.0059  0.0974    1.0
2024  63 10 30    0.51   -4.09   -2.42  -293.7    -2.1   -14.6  10.95    12861  1.89    80    31  0  0 -0.1354   1.83    1.39   -2.01   -1.03 -0.0103  0.1811   -5.7
2024  63 10 40    0.38   -7.13    4.28  -343.0   -21.8    -2.2  55.64    49062 13.15    79    29  0  0 -0.1284  12.73    1.04   -3.88   -1.57 -0.0394  0.2869   -9.4
2024  63 10 50    1.88   -6.33    6.90  -316.2    -8.2    -3.0  24.32    57397  4.87    69    25  0  0 -0.1214   4.71    1.05   -5.97    1.86 -0.0372  0.2556  -17.1
2024  63 11  0    1.13   -3.93   16.97  -357.3    17.2     3.1  30.78    49878  7.88    55    18  0  0 -0.1143   7.63    1.39   -6.94    6.33 -0.0343  0.1710  -17.1
2024  63 11 10    4.84   -8.34   12.63  -340.1     2.9    -1.0  35.20    51127  8.14    54    21  0  0 -0.1073   7.89    2.16   -6.92   12.23 -0.0043  0.0349  -19.2
2024  63 11 20    4.23  -10.11   12.65  -340.7     7.1    -6.0  37.48    51620  8.71    53    25  0  0 -0.1003   8.43    3.23   -7.05   13.29 -0.0015  0.0265  -19.3
2024  63 11 30    6.83  -11.14   -1.95  -330.6   -16.1    -5.7  51.42    52883 11.31   111    29  0  0 -0.0933  10.92    4.18   -8.11   13.05 -0.0167  0.0511  -17.7
2024  63 11 40    5.66   -7.84   -9.46  -328.1   -12.0   -27.3  52.40    56908 11.37   171    35  0  0 -0.0864  11.02    5.33   -8.96    5.94 -0.0538  0.2579  -15.3
2024  63 11 50    7.00  -15.83    4.28  -340.0    -6.2   -16.8  44.25    63483 10.26   293    37  0  0 -0.0795   9.94    6.16  -10.53    1.68 -0.1348  0.4177  -14.9
2024  63 12  0    5.56  -17.91    6.83  -342.1   -12.2   -14.1  45.19    55398 10.61   215    28  0  0 -0.0727  10.27    6.38  -12.91    0.35 -0.1959  0.4978  -16.2
2024  63 12 10    3.53  -17.63    7.29  -339.9   -19.3   -19.5  39.95    65841  9.29   225    26  0  0 -0.0659   9.00    6.23  -15.94    4.28 -0.2508  0.4148  -19.1
2024  63 12 20    7.09  -18.35    0.55  -343.2   -24.6   -23.8  52.01    56206 12.37   187    26  0  0 -0.0593  11.98    5.43  -17.66    5.51 -0.3383  0.4077  -19.0
2024  63 12 30    8.03  -18.41   -2.93  -330.4   -30.9   -21.2  48.72    49625 10.77   164    30  0  0 -0.0527  10.43    5.84  -18.30    3.36 -0.4988  0.5109  -17.8
2024  63 12 40    9.38  -17.14   -7.20  -328.5   -25.3   -24.7  39.51    61325  8.63   160    29  0  0 -0.0463   8.35    6.85  -18.41   -0.02 -0.5527  0.6563  -16.6
2024  63 12 50    2.50   -9.52  -15.40  -342.7   -14.5   -30.3  49.47    59044 11.73   169    31  0  0 -0.0400  11.36    7.73  -17.33   -4.53 -0.4135  0.8157  -16.6
2024  63 13  0    6.18  -12.20  -12.80  -334.2   -22.5   -31.1  39.91    48370  9.03   169    26  0 -1 -0.0338   8.75    7.25  -15.14   -8.98 -0.1807  0.9395  -19.0
2024  63 13 10    5.91  -11.91  -12.82  -335.0   -21.4   -31.7  39.20    47502  8.91   215    19  0 -1 -0.0278   8.63    6.34  -13.05  -11.89 -0.0382  1.0029  -24.8
2024  63 13 20    5.88  -10.16  -12.97  -337.2   -21.1   -28.9  44.08    54441 10.14   342     7  0  0 -0.0220   9.82    5.76  -11.92  -12.92 -0.0110  1.0122  -33.2
2024  63 13 30    3.56   -7.64  -13.05  -339.1   -19.2   -19.6  46.21    48934 10.70   691    -1  0  0 -0.0163  10.36    5.53  -10.69  -12.95 -0.0074  0.9638  -42.6
2024  63 13 40    2.62   -8.16  -11.92  -336.8   -18.0   -20.6  47.13    51109 10.76   663   -13  0  0 -0.0108  10.42    4.65   -9.42  -12.87 -0.0045  0.9123  -50.1
2024  63 13 50    2.52   -6.75  -13.03  -335.8   -16.6   -19.4  48.87    51333 11.09   804   -18  0  0 -0.0055  10.74    3.68   -8.26  -12.49 -0.0022  0.8561  -55.2
2024  63 14  0    2.03   -5.23  -13.11  -336.2   -14.6   -16.8  52.84    49562 12.00  1187   -18  0 -1 -0.0004  11.62    2.96   -7.33  -12.34 -0.0016  0.7946  -56.8
2024  63 14 10    2.40   -6.07  -13.32  -333.4   -16.1   -19.6  45.81    56133 10.25  1026   -20  0  0  0.0045   9.92    2.35   -6.17  -12.92 -0.0009  0.7211  -58.1
2024  63 14 20    2.49   -4.15  -14.75  -335.0   -18.4   -15.4  39.27    42936  8.86  1086   -28  0  0  0.0092   8.58    2.13   -5.55  -13.44 -0.0004  0.6858  -59.4
2024  63 14 30    2.86  -12.25   -8.76  -333.2   -31.4   -10.8  34.45    47839  7.73  1398   -32  0  0  0.0136   7.48    2.44   -6.72  -13.00 -0.0072  0.7219  -61.6
2024  63 14 40    3.16  -10.92  -10.97  -331.9   -41.8   -21.3  37.68    38298  8.47  1304   -30  0  0  0.0178   8.20    2.78   -9.17  -11.15 -0.0212  0.8086  -61.4
2024  63 14 50    3.03   -5.71  -14.66  -333.1   -29.5   -18.5  34.95    39058  7.84  1319   -30  0  0  0.0218   7.59    3.13   -9.62  -11.25 -0.0217  0.8343  -62.0
2024  63 15  0    2.70   -2.98  -14.68  -330.6   -31.2   -25.7  39.13    47669  8.68  1079   -34  0  0  0.0255   8.41    2.94   -7.81  -12.26 -0.0148  0.7460  -63.7
2024  63 15 10    1.87   -8.93   -7.94  -331.8   -42.0   -12.3  46.80    40553 10.49  1054   -36  0  0  0.0289  10.15    2.90   -4.81  -14.30 -0.0008  0.6082  -66.2
2024  63 15 20    2.30   -1.37  -13.39  -328.7   -24.3   -30.7  43.43    37980  9.52  1051   -36  0  0  0.0321   9.22    2.72   -3.56  -13.58 -0.0013  0.4995  -68.3
2024  63 15 30    5.78   -7.90  -13.50  -330.3   -15.0   -19.1  31.16    47866  6.85   866   -46  0 -1  0.0350   6.62    2.87   -4.76  -13.35 -0.0019  0.5741  -69.8
2024  63 15 40    3.14   -8.55  -13.85  -335.2    -2.8    -9.3  27.50    47297  6.19   780   -51  0  0  0.0377   5.99    3.38   -6.54  -12.97 -0.0022  0.6995  -71.9
2024  63 15 50    2.75   -7.73  -15.48  -335.3   -11.2   -25.8  23.73    42075  5.38   926   -56  0  0  0.0400   5.20    3.49   -8.43  -13.75 -0.0017  0.8496  -74.0
2024  63 16  0    2.59   -9.59  -14.78  -336.9    -8.9   -23.0  21.35    45784  4.87   714   -60  0  0  0.0421   4.72    3.31   -9.27  -13.99 -0.0018  0.9145  -76.4
2024  63 16 10    2.11   -9.16  -14.65  -339.2    -3.2   -25.2  22.13    48572  5.12   615   -64  0  0  0.0438   4.96    2.62   -9.65  -14.32 -0.0019  0.9443  -79.3
2024  63 16 20    1.71   -9.28  -13.69  -342.6     3.9   -29.8  26.42    62846  6.25   588   -65  0  0  0.0453   6.05    2.42   -9.58  -14.38 -0.0018  0.9451  -86.5
2024  63 16 30    3.72   -6.14   -5.86  -337.4     0.9   -35.9  41.14   112073  9.47   550   -76  0  0  0.0465   9.17    2.05   -9.11  -13.23 -0.0025  0.9015  -93.0
2024  63 16 40    2.18   -9.31  -14.36  -344.0     6.1   -33.8  27.37    37661  6.54  1096   -81  0  0  0.0473   6.34    1.98   -8.07  -11.86 -0.0026  0.8295  -99.2
2024  63 16 50    1.46  -10.01  -13.95  -342.7     6.7   -32.5  26.22    37300  6.22  1026   -87  0  0  0.0479   6.02    1.89   -8.19  -11.93 -0.0027  0.8418 -102.9
2024  63 17  0    0.43   -8.23  -12.05  -337.0    -0.6   -29.5  34.86    51903  7.98   927   -90  0  0  0.0482   7.73    1.78   -8.48  -12.40 -0.0024  0.8728 -108.3
2024  63 17 10    0.37   -8.27  -12.35  -337.3    -0.2   -30.0  37.26    53546  8.54   730   -98  0 -1  0.0482   8.28    1.34   -9.23  -12.91 -0.0026  0.9202 -115.0
2024  63 17 20    2.33   -7.46  -14.23  -341.4    -3.7   -29.6  31.95    37210  7.50   634  -107  0  0  0.0478   7.27    0.78   -8.75  -12.47 -0.0024  0.8863 -120.2
2024  63 17 30    1.57   -7.39  -13.90  -336.9     0.1   -27.7  36.93    37002  8.44   572  -110  0  0  0.0472   8.17    0.90   -8.33  -12.97 -0.0017  0.8689 -126.4
2024  63 17 40   -0.16   -6.19  -12.18  -334.7     5.0   -24.9  52.87    44042 11.91   576  -113  0  0  0.0462  11.54    0.86   -7.96  -13.40 -0.0012  0.8510 -131.8
2024  63 17 50    0.35    3.12   -2.17  -333.1    -2.6   -32.2  50.41    56828 11.30   344  -116  0 -1  0.0450  10.94    0.84   -5.74  -11.03  0.0174  0.7360 -137.9
2024  63 18  0    2.65   13.19    2.40  -336.9    -9.4   -10.4  43.11    69486  9.80   581  -128  0  0  0.0435   9.49    0.66    0.50   -5.81  0.1177  0.5735 -141.5
2024  63 18 10    2.75    9.76   -5.45  -334.2    -3.0    -5.4  53.39    62224 11.93   553  -126  0  0  0.0416  11.55    1.26    6.55   -2.10  0.1951  0.4902 -141.5
2024  63 18 20    0.65    1.70  -12.01  -333.9     0.8    -6.1  52.33    61907 11.68   677  -117  0  0  0.0395  11.30    1.37    9.28   -3.18  0.1808  0.5393 -137.4
2024  63 18 30    2.30   -4.89  -10.80  -325.0    -4.3   -22.8  43.46    46925  9.23   563  -110  0  0  0.0371   8.94    1.56    5.44   -7.28  0.0808  0.5159 -130.8
2024  63 18 40    2.06   -4.16  -11.08  -328.0    -3.1   -25.7  42.20    43648  9.14   470  -104  0  0  0.0344   8.85    1.56    0.48  -10.14  0.0037  0.5174 -125.4
2024  63 18 50    0.91   -4.09  -11.21  -325.8     6.8   -11.2  49.12    46824 10.45   491  -100  0  0  0.0315  10.12    1.96   -2.95  -10.80 -0.0001  0.4685 -123.0
2024  63 19  0    0.54   -3.12  -11.48  -330.0    -0.5    -7.6  48.90    44596 10.65   521  -102  0  0  0.0282  10.32    1.55   -4.10  -10.97 -0.0001  0.5542 -124.5
2024  63 19 10    3.29   -5.76  -11.17  -325.3     2.3   -13.5  39.00    46153  8.27   461  -116  0  0  0.0248   8.01    1.57   -3.84  -11.24 -0.0001  0.5326 -125.7
2024  63 19 20    3.58   -5.30  -12.64  -323.2    -2.9   -23.6  31.05    41498  6.52   352  -113  0  0  0.0210   6.32    1.69   -4.50  -11.58 -0.0001  0.5813 -127.0
2024  63 19 30    4.66   -2.50  -12.96  -321.0     6.3   -22.4  32.33    39340  6.70   296  -120  0  0  0.0170   6.49    2.77   -4.71  -12.15 -0.0001  0.5948 -126.5
2024  63 19 40    2.85   -3.76  -12.40  -324.8     4.1   -22.6  32.15    38176  6.82   357  -118  0  0  0.0128   6.60    3.40   -4.39  -12.56 -0.0001  0.5605 -125.7
2024  63 19 50    2.93   -0.26  -12.52  -325.1     7.5   -31.0  33.08    39715  7.06   672  -111  0  0  0.0083   6.84    3.52   -2.98  -12.73 -0.0000  0.4470 -124.7
2024  63 20  0    2.28    3.22  -11.26  -326.1     4.3   -12.8  29.68    44105  6.33   880  -123  0  0  0.0036   6.12    3.09    0.16  -12.28  0.0003  0.4252 -123.0
2024  63 20 10   -0.03   11.49   -8.21  -326.5    -3.9     3.6  18.43    65526  3.93   671  -117  0  0 -0.0013   3.81    2.08    3.84  -11.26  0.0035  0.5392 -121.3
2024  63 20 20    0.88   13.05    4.07  -330.0     4.9   -22.4  18.00   100661  3.94   476  -111  0  0 -0.0065   3.82    1.35    7.96   -7.41  0.0356  0.5953 -118.5
2024  63 20 30    1.29   11.23    4.78  -335.5    -8.2   -27.1  23.03    89740  5.22   391  -109  0  0 -0.0118   5.06    0.83   10.31   -2.50  0.0873  0.5206 -116.8
2024  63 20 40    0.72    9.46    6.08  -339.1     9.0   -19.7  28.86    83363  6.66   420  -106  0  0 -0.0173   6.45    0.74   10.95    1.72  0.1405  0.3707 -116.6
2024  63 20 50   -1.26   11.89   -1.82  -332.0     5.1    -2.8  30.72    67981  6.78   393  -104  0  0 -0.0230   6.56    0.20    9.82    3.92  0.1375  0.2559 -116.5
2024  63 21  0    0.75    9.20   -6.15  -340.3    16.4     7.0  31.03    90258  7.21   371  -103  0 -1 -0.0288   6.98   -0.19    9.58    1.55  0.1386  0.3732 -114.4
2024  63 21 10    0.50   11.66   -4.37  -341.8     3.8     8.5  24.95    83138  5.83   249   -96  0  0 -0.0348   5.65   -0.33    9.36   -1.34  0.1006  0.5201 -113.0
2024  63 21 20   -0.65    4.08   -7.96  -340.5    27.0    -5.0  35.81    78077  8.36   180   -96  0  0 -0.0410   8.09    0.14    9.43   -5.37  0.0844  0.6945 -110.4
2024  63 21 30   -0.63    2.15   -4.89  -347.1    25.1   -10.7  41.28    77692 10.01   138   -84  0  0 -0.0472   9.69    0.48    5.76   -5.98  0.0312  0.5662 -108.9
2024  63 21 40   -3.89   11.01   -4.87  -341.2    -3.1   -12.9  39.56    71927  9.23   212   -83  0  0 -0.0536   8.93    0.34    3.64   -4.36  0.0346  0.4147 -107.2
2024  63 21 50   -4.83   10.77   -1.60  -350.7    12.8    -2.2  37.35    73943  9.20   330   -84  0  0 -0.0602   8.91   -1.02    4.50   -3.78  0.0605  0.4286 -108.8
2024  63 22  0   -8.80    4.85   -2.80  -354.6     8.6    -8.7  43.45    84582 10.95   264   -87  0  0 -0.0668  10.60   -2.67    7.41   -2.48  0.1403  0.5083 -111.6
2024  63 22 10    0.11    1.72    3.15  -354.4    14.5   -20.1  46.27    93801 11.69   249   -89  0 -1 -0.0735  11.31   -3.46    7.36   -1.96  0.1501  0.4764 -111.5
2024  63 22 20    3.69   -3.60    3.78  -347.9     6.4   -18.3  43.09    94395 10.46   114   -84  0  0 -0.0802  10.13   -1.40    3.73    1.20  0.1173  0.2485 -108.5
2024  63 22 30    0.99  -10.53    5.33  -348.0    10.4   -13.6  32.48    81190  7.89   102   -87  0  0 -0.0870   7.64    0.49   -2.00    3.17  0.0152  0.1379 -104.7
2024  63 22 40    1.37  -13.66    3.55  -340.9    13.8    -9.1  22.43    70062  5.23    95   -94  0  0 -0.0939   5.06    1.67   -7.30    4.41 -0.0708  0.1805 -101.9
2024  63 22 50    3.25  -13.67    0.99  -341.8    11.4    -2.6  23.14    72470  5.41   122   -87  0  0 -0.1008   5.24    1.55  -11.76    3.53 -0.1781  0.3158 -100.0
2024  63 23  0   -1.80  -12.83   -0.30  -347.1    16.5    -2.7  22.45    78930  5.43   157   -85  0  0 -0.1077   5.25    1.16  -13.19    2.68 -0.2622  0.4000  -98.2
2024  63 23 10    2.45  -13.09   -0.39  -340.8    21.5     8.9  22.81    65565  5.32   198   -84  0  0 -0.1147   5.16    1.15  -13.04    0.81 -0.3195  0.4925  -97.4
2024  63 23 20    3.34  -10.46   -6.21  -338.4    12.3     2.1  23.12    49937  5.30   265   -81  0  0 -0.1216   5.14    1.28  -12.21   -0.82 -0.2964  0.5547  -95.3
2024  63 23 30    6.03    0.41  -11.59  -343.1    43.3    -0.2  10.88    87494  2.60   226   -81  0  0 -0.1285   2.52    2.82   -9.25   -4.01 -0.1916  0.5781  -93.9
2024  63 23 40    1.69    8.41  -12.55  -351.8    24.7     6.1  14.53    66525  3.61   319   -88  0  0 -0.1354   3.50    3.68   -2.96   -7.21 -0.0790  0.6184  -93.3
2024  63 23 50    4.36    3.54  -13.52  -344.2    16.7    -1.2  14.17    76848  3.37   426   -89  0  0 -0.1422   3.26    3.96    2.97  -10.62 -0.0005  0.6646  -94.4
2024  64  0  0    1.31    2.23  -13.27  -344.8    21.0     1.4  14.29    76503  3.41   402   -89  0  0 -0.1490   3.30    2.98    4.87  -12.33  0.0011  0.6169  -94.5
2024  64  0 10    4.43    4.84  -12.70  -344.6    15.3    -3.7  14.46    62729  3.44   364   -90  0  0 -0.1557   3.33    2.90    3.68  -13.01  0.0003  0.5352  -94.5
2024  64  0 20    7.60    7.81  -11.86  -335.3    14.3   -19.6  11.01    42608  2.49   412   -94  0  0 -0.1624   2.41    3.71    4.10  -12.41  0.0007  0.5473  -94.3
2024  64  0 30    7.02    9.55  -10.95  -336.5    11.9   -20.9  12.63    40798  2.88   344   -89  0  0 -0.1689   2.78    5.47    6.23  -11.93  0.0011  0.7032  -94.6
2024  64  0 40    5.40   11.71   -5.83  -346.5    12.2     0.4  12.79    65643  3.10   474   -91 -1 -1 -0.1753   2.98    6.53    8.63  -10.73  0.0046  0.8373  -95.8
2024  64  0 50    2.99    7.41    2.71  -355.7     7.4    18.9  18.21   171350  4.62   399   -89  0  0 -0.1816   4.48    6.11    9.52   -7.82  0.0620  0.7736  -96.6
2024  64  1  0   -0.25    7.83    7.25  -348.3    -2.6    -2.3  11.72   140680  2.85   380   -92  0  0 -0.1878   2.75    3.93    9.39   -1.71  0.0701  0.5338  -96.2
2024  64  1 10   -2.89   11.04    5.38  -339.3   -13.6     2.9  11.92   126354  2.75   259   -91  0  0 -0.1938   2.66    1.32    8.98    3.91  0.0708  0.2776  -94.1
2024  64  1 20    0.81    9.57    9.71  -353.7    -8.6    -8.4  11.84   104649  2.97   182   -87  0  0 -0.1997   2.87   -0.01    8.74    7.71  0.0177  0.1089  -91.4
2024  64  1 30   -0.04    9.79    9.30  -344.9   -11.4    -6.6  12.67   130142  3.02   127   -82  0  0 -0.2054   2.92   -0.12    9.37    8.61  0.0120  0.1017  -88.2
2024  64  1 40    0.42   11.14    8.17  -345.4   -13.9    -6.4  11.99   111612  2.88   100   -78  0 -1 -0.2109   2.78    0.56    9.58    9.36  0.0104  0.0944  -85.0
2024  64  1 50   -0.58    8.94   10.29  -344.1   -13.3   -19.0  11.06   109948  2.63    80   -76  0  0 -0.2163   2.55    0.83   10.30    8.75  0.0202  0.1248  -82.8
2024  64  2  0   -1.47    9.59    9.44  -336.9    12.7   -18.8  12.87   139558  2.94    68   -75  0  0 -0.2214   2.84    0.47   10.61    8.40  0.0233  0.1382  -80.5
2024  64  2 10   -2.06   11.12    7.27  -347.2   -14.3   -13.7  10.18   101057  2.46    62   -72  0  0 -0.2263   2.38   -0.16   10.83    8.01  0.0253  0.1482  -78.9
2024  64  2 20   -2.79   11.41    5.58  -336.4    -7.8   -16.2  11.28   131552  2.56    44   -72  0  0 -0.2310   2.48   -1.35   10.20    8.47  0.0145  0.1187  -77.3
2024  64  2 30   -1.25    9.53    7.41  -343.3    -9.9   -10.7  11.03   115801  2.60    55   -70  0  0 -0.2355   2.52   -1.87   10.24    7.45  0.0280  0.1470  -76.3
2024  64  2 40   -1.67   10.41    1.56  -351.5     1.1    -1.2  10.56   124097  2.61    57   -68  0  0 -0.2397   2.53   -1.88   10.29    6.44  0.0428  0.1791  -75.1
2024  64  2 50   -2.01   10.83    2.99  -340.5     6.9   -10.2   9.31   136470  2.16    49   -68  0  0 -0.2437   2.09   -1.83   10.48    4.27  0.0847  0.2585  -74.6
2024  64  3  0   -1.05   10.69    5.63  -345.6    25.6   -30.1  10.25   198741  2.48    64   -70  0  0 -0.2475   2.40   -1.68   10.55    3.33  0.1093  0.3004  -74.3
2024  64  3 10   -2.55    7.82    8.39  -341.5    32.3   -36.7   8.93   160225  2.13    64   -70  0  0 -0.2509   2.06   -1.93   10.34    3.86  0.0965  0.2768  -73.8
2024  64  3 20   -2.36   12.02   -2.35  -350.7     7.8    -3.3   7.88   175750  1.94    46   -69  0  0 -0.2541   1.88   -1.58   10.53    2.89  0.0779  0.3458  -73.1
2024  64  3 30   -0.85   12.51   -1.78  -343.0    -0.3    -3.9   7.43   188443  1.75    67   -71  0  0 -0.2570   1.69   -1.72   10.96    1.21  0.0763  0.4423  -72.8
2024  64  3 40   -2.60   12.00   -1.31  -351.4     3.9    19.8   7.16   172907  1.77    50   -70  0  0 -0.2596   1.72   -1.86   11.75   -2.03  0.1084  0.6090  -73.0
2024  64  3 50   -4.20   12.06    0.44  -316.0    -6.7   -20.1   7.57   184488  1.52    62   -70  0  0 -0.2620   1.47   -1.91   12.34   -1.91  0.1570  0.6086  -72.7
2024  64  4  0   -1.35   13.32    0.35  -331.9    -1.0   -22.8   7.38   194040  1.64    61   -70  0 -1 -0.2640   1.58   -2.51   12.37   -0.88  0.1796  0.5478  -73.1
2024  64  4 10    2.72   12.00   -4.05  -357.9     4.8    -8.0   7.76   212116  1.98    66   -71  0 -1 -0.2657   1.93   -1.85   12.73    0.06  0.2124  0.5086  -73.4
2024  64  4 20    0.39   12.65   -3.34  -346.2    -1.3    -6.4   7.97   219779  1.91    68   -70  0 -1 -0.2671   1.85   -0.98   12.57   -0.85  0.1753  0.5642  -74.0
2024  64  4 30    2.27   12.06   -3.90  -360.0     1.0    11.3   7.37   188783  1.91    73   -71  0 -1 -0.2683   1.85    1.26   12.43   -2.33  0.1417  0.6694  -74.1
2024  64  4 40    0.62   12.49    3.96  -346.7    -8.0   -44.1   7.35   196153  1.80    88   -71 -1  0 -0.2691   1.74    2.19   12.27   -2.53  0.1361  0.6902  -74.5
2024  64  4 50   -1.16   12.70    0.95  -331.3     0.2   -47.5   8.00   232562  1.79   109   -72  0  0 -0.2696   1.74    1.51   12.24   -0.01  0.1253  0.5499  -74.4
2024  64  5  0    0.20   11.23   -7.38  -338.2    -2.0    12.1   7.40   173499  1.70   103   -71  0  0 -0.2697   1.64    0.51   11.86   -0.86  0.1124  0.5469  -74.3
2024  64  5 10    1.13   11.02   -7.46  -343.5     5.5    14.9   7.46   157733  1.77    89   -72  0 -1 -0.2696   1.71   -0.23   11.38   -3.12  0.0543  0.6325  -73.9
2024  64  5 20   -0.61   11.61   -6.10  -337.3    -0.9    -4.1   7.32   161460  1.67   167   -72  0  0 -0.2692   1.61    0.17   11.02   -6.96  0.0340  0.8103  -73.6
2024  64  5 30    1.18   13.23    0.05  -343.4    -7.5   -32.9   6.74   204816  1.61   207   -71  0  0 -0.2684   1.55    0.37   11.65   -6.05  0.0496  0.7969  -73.0
2024  64  5 40    1.28   11.22   -5.53  -353.9     5.5    14.1   7.64   133190  1.92   231   -71  0  0 -0.2673   1.86    0.47   12.09   -4.68  0.0831  0.7449  -72.6
2024  64  5 50   -1.17   11.66    2.92  -335.4    17.4   -47.1   8.35   206622  1.92   270   -70  0  0 -0.2659   1.86    0.05   12.22   -1.95  0.1150  0.6167  -72.4
2024  64  6  0   -2.00   11.41   -1.94  -343.4     2.9   -53.6   7.07   163679  1.71   272   -70  0  0 -0.2643   1.65   -0.45   11.89   -0.29  0.1253  0.5198  -73.0
2024  64  6 10    0.16   11.54    0.36  -370.2     4.9   -19.3   8.25   211284  2.27   296   -68  0 -1 -0.2623   2.20   -0.57   11.53    0.49  0.1360  0.4767  -73.0
2024  64  6 20    2.22   11.25   -2.94  -357.7    -5.4   -43.2   7.39   163165  1.92   251   -68  0  0 -0.2600   1.86    0.19   11.50   -0.13  0.1634  0.5235  -72.8
2024  64  6 30    3.63    7.00   -9.17  -370.4    30.2    33.0   7.63   170116  2.13   201   -66  0 -1 -0.2574   2.06    1.50   10.64   -2.87  0.1276  0.6634  -71.8
2024  64  6 40    3.45   10.59   -3.37  -367.2    -4.5   -16.9   8.30   223206  2.24   158   -66  0  0 -0.2545   2.17    3.01    9.61   -4.76  0.0827  0.7583  -70.7
2024  64  6 50    2.12   11.39   -1.08  -353.8    -3.3   -32.6   7.99   192380  2.02   175   -64  0  0 -0.2514   1.95    3.34    9.30   -4.77  0.0592  0.7485  -69.7
2024  64  7  0    2.94    9.48   -4.16  -344.3    -1.6   -22.7   9.24   248704  2.20   222   -62  0  0 -0.2479   2.13    3.48    9.36   -3.60  0.0853  0.6786  -68.9
2024  64  7 10   -0.12   10.94   -1.13  -347.0    -3.4   -34.9   7.70   164939  1.87   167   -64  0  0 -0.2442   1.81    2.01   10.27   -2.16  0.1243  0.6002  -68.1
2024  64  7 20   -2.64    9.90    4.10  -324.3     6.4   -77.1   7.72   154596  1.72    91   -63  0  0 -0.2403   1.66    0.64   10.16   -1.04  0.1200  0.5246  -67.2
2024  64  7 30    0.73   10.59    1.64  -355.5    -2.2   -50.3   7.27   175635  1.87    91   -61  0  0 -0.2361   1.82   -1.04   10.38    1.18  0.1085  0.4007  -66.0
2024  64  7 40    1.78   11.79    0.99  -360.7    -9.6   -48.3   5.37   120290  1.42   105   -61  0  0 -0.2316   1.38   -1.05   10.29    2.35  0.1159  0.3346  -65.1
2024  64  7 50   -4.73    8.64   -3.45  -313.8     9.6    -8.1   7.54   188105  1.49    93   -61  0  0 -0.2269   1.44   -1.51   10.23    1.24  0.1142  0.3827  -64.3
2024  64  8  0   -4.59    8.30   -5.16  -317.6     5.6    -1.1   8.07   170253  1.63    73   -59  0 -1 -0.2220   1.58   -2.25    9.88   -1.32  0.0999  0.4985  -63.4
2024  64  8 10   -4.32    9.26   -2.76  -320.8     3.8    -7.1   7.35   142781  1.51    53   -59  0  0 -0.2169   1.47   -3.58    9.32   -3.08  0.0590  0.5586  -62.7
2024  64  8 20   -0.92   10.45   -2.08  -320.8     2.8    -8.2   7.20   139574  1.48    79   -57  0  0 -0.2115   1.44   -3.53    9.25   -3.60  0.0500  0.5814  -62.0
2024  64  8 30    1.60   10.75    1.30  -347.0    -2.0   -33.7   6.71   137676  1.63    70   -56  0  0 -0.2060   1.58   -2.09    9.89   -2.21  0.0900  0.5364  -61.1
2024  64  8 40   -1.59   11.23    2.24  -325.8     2.7   -40.7   4.86    91926  1.05    73   -57  0  0 -0.2003   1.01   -1.00   10.45   -0.49  0.1258  0.4736  -60.7
2024  64  8 50   -1.86   11.47    0.56  -345.3   -12.2   -28.5   5.02   105900  1.21    70   -59  0 -1 -0.1944   1.17    0.08   10.97    0.49  0.1409  0.4444  -60.9
2024  64  9  0   -0.13   10.47   -1.23  -341.6    -4.5   -34.5   5.26   111324  1.24    59   -57  0  0 -0.1883   1.20   -0.34   10.96    1.84  0.1131  0.3783  -60.4
2024  64  9 10   -2.27    9.70   -0.25  -340.2   -23.7   -31.5   5.93   171123  1.39    45   -54  0  0 -0.1821   1.35   -0.43   10.57    0.61  0.0930  0.4356  -59.7
2024  64  9 20   -3.43    9.67   -0.18  -336.7   -18.1   -37.2   5.72   163859  1.32    83   -56  0  0 -0.1758   1.28   -1.54   10.02    0.24  0.0967  0.4373  -58.6
2024  64  9 30   -4.74    8.80   -0.42  -332.6   -27.3   -40.8   6.00   131207  1.36    73   -54  0  0 -0.1693   1.31   -2.44    9.51   -1.58  0.1082  0.5147  -58.2
2024  64  9 40   -9.36    4.29    0.35  -347.1   -16.3   -39.5   6.16   176876  1.51    75   -54  0  0 -0.1627   1.46   -3.61    9.29   -1.14  0.1172  0.4845  -57.6
2024  64  9 50   -0.09    9.65    2.12  -343.0   -20.6   -42.5   5.92   131154  1.42    86   -53  0  0 -0.1560   1.37   -4.36    8.20   -0.19  0.0849  0.3948  -56.6
2024  64 10  0   -0.82    9.66    1.92  -341.6   -17.7   -38.0   5.62   127295  1.33   115   -50  0  0 -0.1493   1.29   -3.13    8.36    1.03  0.0836  0.3333  -56.1
2024  64 10 10   -0.62    9.56    2.70  -343.2   -12.2   -39.0   5.73   135127  1.37   149   -51  0  0 -0.1424   1.33   -2.03    8.56    2.16  0.0737  0.2750  -55.7
2024  64 10 20   -2.27    8.72    4.25  -346.6   -14.1   -34.1   6.68   123579  1.62   109   -50  0  0 -0.1355   1.57   -0.75    9.62    1.97  0.0914  0.3252  -55.5
2024  64 10 30   -1.61    6.17    7.62  -334.8   -10.9   -41.5   6.94   164285  1.58   144   -49  0  0 -0.1286   1.53   -1.15    8.96    3.28  0.0641  0.2545  -54.6
2024  64 10 40   -0.54    8.25   -2.75  -343.9   -31.3   -32.8   6.77   102194  1.63   119   -46  0  0 -0.1216   1.58   -1.18    8.20    4.23  0.0468  0.2021  -53.5
2024  64 10 50   -0.28    8.61   -3.76  -344.1   -25.0   -31.1   6.45   135620  1.55   105   -46  0 -1 -0.1146   1.50   -0.77    7.76    2.49  0.0270  0.2930  -52.6
2024  64 11  0   -0.01    9.99    0.12  -350.1   -17.3   -31.5   6.13   122080  1.52   119   -45  0  0 -0.1075   1.47   -0.28    8.06   -0.36  0.0444  0.4473  -52.1
2024  64 11 10    1.39    7.14   -5.16  -349.6   -33.9   -28.0   7.13   167899  1.77    85   -46  0  0 -0.1005   1.71    0.01    8.50   -2.76  0.0631  0.5765  -50.9
2024  64 11 20    0.42   10.21    3.49  -350.1     6.3   -27.8   4.06    85064  1.00    75   -46  0  0 -0.0935   0.97    0.16    9.08   -1.27  0.0821  0.5075  -50.2
2024  64 11 30    1.18    9.81    2.48  -351.1    -5.9   -28.1   4.31   109690  1.07    29   -45  0  0 -0.0865   1.04    0.37    9.35    1.10  0.0710  0.3862  -49.3
2024  64 11 40    1.04    9.68    1.28  -358.7     1.9   -32.8   5.09   103895  1.32    27   -43  0  0 -0.0796   1.28    0.50    9.71    2.04  0.0842  0.3430  -49.1
2024  64 11 50    1.61    9.61    3.44  -362.5    -1.8   -33.4   5.05   122948  1.34    23   -44  0  0 -0.0727   1.30    0.57    9.61    2.87  0.0715  0.2976  -48.4
2024  64 12  0    0.98   10.08    2.20  -361.0     4.0   -25.4   5.04    98697  1.32    28   -41  0  0 -0.0659   1.28    0.63    9.76    2.30  0.0866  0.3310  -47.5
2024  64 12 10   -0.04    9.99    1.06  -354.3    -0.6   -13.2   4.74    94384  1.19    55   -41  0  0 -0.0591   1.15    0.70    9.81    2.69  0.0778  0.3120  -46.8
2024  64 12 20    0.09    9.82   -0.10  -344.9    -0.3   -26.6   4.70   107435  1.12    29   -41  0  0 -0.0525   1.09    0.52    9.95    1.75  0.1076  0.3629  -46.4
2024  64 12 30   -0.06    9.38   -0.40  -349.2     0.3    -9.9   4.97   116490  1.21    55   -40  0  0 -0.0460   1.17    0.19    9.86    0.76  0.1340  0.4111  -46.3
2024  64 12 40   -3.29    9.63   -2.24  -361.1   -19.6   -19.0   5.06    67644  1.33    24   -40  0  0 -0.0395   1.29   -0.01    9.71   -0.01  0.1421  0.4479  -45.9
