X-point locations.
FORMAT:
YEAR    DAY    HOUR    MIN    RATE    DISTANCE
2022     72       3      5        0.00    13.416
2022     72       3     10        0.00    13.416
2022     72       3     15        0.00    13.416
2022     72       3     20        0.00    13.416
2022     72       3     25        0.00    13.416
2022     72       3     30        0.00    13.416
2022     72       3     35        0.00    13.416
2022     72       3     40        0.00    13.416
2022     72       3     45        0.00    13.416
2022     72       3     50        0.00    13.416
2022     72       3     55        0.00    13.416
2022     72       4      0        0.00    13.416
2022     72       4      5        0.00    13.416
2022     72       4     10        0.00    13.416
2022     72       4     15        0.00    13.416
2022     72       4     20        0.00    13.416
2022     72       4     25        0.00    13.416
2022     72       4     30        0.00    13.416
2022     72       4     35        0.00    13.416
2022     72       4     40        0.00    13.416
2022     72       4     45        0.00    13.416
2022     72       4     50        0.00    13.416
2022     72       4     55        0.00    13.416
2022     72       5      0        0.00    13.416
2022     72       5      5        0.00    13.416
2022     72       5     10        0.00    13.416
2022     72       5     15        0.00    13.416
2022     72       5     20        0.00    13.416
2022     72       5     25        0.00    13.416
2022     72       5     30        0.00    13.416
2022     72       5     35        0.00    13.416
2022     72       5     40        0.00    13.416
2022     72       5     45        0.00    13.416
2022     72       5     50        0.00    13.416
2022     72       5     55        0.00    13.416
2022     72       6      0        0.00    13.416
2022     72       6      5        0.00    13.416
2022     72       6     10        0.00    13.416
2022     72       6     15        0.00    13.416
2022     72       6     20        0.00    13.416
2022     72       6     25        0.00    13.416
2022     72       6     30        0.00    13.416
2022     72       6     35        0.00    13.416
2022     72       6     40        0.00    13.416
2022     72       6     45        0.00    13.416
2022     72       6     50        0.00    13.416
2022     72       6     55        0.00    13.416
2022     72       7      0        0.00    13.416
2022     72       7      5        0.00    13.416
2022     72       7     10        0.00    13.416
2022     72       7     15        0.00    13.416
2022     72       7     20        0.00    13.416
2022     72       7     25        0.00    13.416
2022     72       7     30        0.00    13.416
2022     72       7     35        0.00    13.416
2022     72       7     40        0.00    13.416
2022     72       7     45        0.00    13.416
2022     72       7     50        0.00    13.416
2022     72       7     55        0.00    13.416
2022     72       8      0        0.00    13.416
2022     72       8      5        0.00    13.416
2022     72       8     10        0.00    13.416
2022     72       8     15        0.00    13.416
2022     72       8     20        0.00    13.416
2022     72       8     25        0.00    13.416
2022     72       8     30        0.00    13.416
2022     72       8     35        0.00    13.416
2022     72       8     40        0.00    13.416
2022     72       8     45        0.00    13.416
2022     72       8     50        0.00    13.416
2022     72       8     55        0.00    13.416
2022     72       9      0        0.00    13.416
2022     72       9      5        0.00    13.416
2022     72       9     10        0.00    13.416
2022     72       9     15        0.00    13.416
2022     72       9     20        0.00    13.416
2022     72       9     25        0.00    13.416
2022     72       9     30        0.00    13.416
2022     72       9     35        0.00    13.416
2022     72       9     40        0.00    13.416
2022     72       9     45        0.00    13.416
2022     72       9     50        0.00    13.416
2022     72       9     55        0.00    13.416
2022     72      10      0        0.00    13.416
2022     72      10      5        0.00    13.416
2022     72      10     10        0.00    13.416
2022     72      10     15        0.00    13.416
2022     72      10     20        0.00    13.416
2022     72      10     25        0.00    13.416
2022     72      10     30      102.54    11.588
2022     72      10     35        0.00    13.416
2022     72      10     40        0.00    13.416
2022     72      10     45       64.05    10.345
2022     72      10     50        0.00    13.416
2022     72      10     55        0.00    13.416
2022     72      11      0        0.00    13.416
2022     72      11      5        0.00    13.416
2022     72      11     10        0.00    13.416
2022     72      11     15       14.77    11.283
2022     72      11     20       39.12    11.243
2022     72      11     25       27.13    11.483
2022     72      11     30       12.04    11.442
2022     72      11     35      103.26    10.761
2022     72      11     40       65.00    11.282
2022     72      11     45       93.64    11.281
2022     72      11     50       72.27    11.920
2022     72      11     55       93.66    10.560
2022     72      12      0       41.49    10.440
2022     72      12      5       35.75    10.480
2022     72      12     10       27.12    10.040
2022     72      12     15       63.15    10.080
2022     72      12     20       27.96    10.081
2022     72      12     25      107.34    10.001
2022     72      12     30       65.30     9.801
2022     72      12     35       40.52     9.801
2022     72      12     40        8.01     9.841
2022     72      12     45       31.86     9.561
2022     72      12     50        0.10     6.764
2022     72      12     55        0.09     6.646
2022     72      13      0        0.14     6.568
2022     72      13      5        0.12     6.486
2022     72      13     10        0.23     6.410
2022     72      13     15        0.26     6.373
2022     72      13     20        0.31     6.333
2022     72      13     25        0.28     6.295
2022     72      13     30        0.25     6.256
2022     72      13     35        0.39     6.216
2022     72      13     40        0.32     6.216
2022     72      13     45        0.33     6.213
2022     72      13     50        0.22     6.258
2022     72      13     55        0.15     6.298
2022     72      14      0        0.21     6.258
2022     72      14      5        0.17     6.258
2022     72      14     10        0.18     6.258
2022     72      14     15        0.13     6.258
2022     72      14     20        0.23     6.219
2022     72      14     25        0.23     6.222
2022     72      14     30        0.20     6.258
2022     72      14     35        0.19     6.262
2022     72      14     40        0.20     6.262
2022     72      14     45        0.37     6.225
2022     72      14     50        0.19     6.269
2022     72      14     55        0.15     6.313
2022     72      15      0        0.13     6.341
2022     72      15      5        0.09     6.385
2022     72      15     10        0.09     6.428
2022     72      15     15        0.10     6.428
2022     72      15     20        0.10     6.428
2022     72      15     25        0.12     6.436
2022     72      15     30        0.10     6.472
2022     72      15     35        0.14     6.464
2022     72      15     40        0.10     6.548
2022     72      15     45        0.06     6.591
2022     72      15     50        0.06     6.631
2022     72      15     55        0.05     6.671
2022     72      16      0       16.64    10.185
2022     72      16      5        1.15    10.385
2022     72      16     10        1.25     9.377
2022     72      16     15        4.76     9.419
2022     72      16     20       35.11     9.299
2022     72      16     25       49.45    10.060
2022     72      16     30       20.77     9.297
2022     72      16     35        3.11     9.547
2022     72      16     40        7.07     9.385
2022     72      16     45        5.61     9.069
2022     72      16     50       14.99     9.590
2022     72      16     55       16.78     9.155
2022     72      17      0       15.79     9.242
2022     72      17      5       35.31     8.833
2022     72      17     10        0.03     6.485
2022     72      17     15        0.01     6.485
2022     72      17     20        0.07     6.480
2022     72      17     25        0.04     6.401
2022     72      17     30        0.08     6.286
2022     72      17     35        0.11     6.246
2022     72      17     40        0.16     6.242
2022     72      17     45        0.16     6.242
2022     72      17     50        0.15     6.242
2022     72      17     55        0.21     6.237
2022     72      18      0        0.18     6.237
2022     72      18      5        0.17     6.237
2022     72      18     10        0.14     6.277
2022     72      18     15        0.17     6.313
2022     72      18     20        0.18     6.273
2022     72      18     25        0.21     6.305
2022     72      18     30        0.21     6.302
2022     72      18     35        0.23     6.333
2022     72      18     40        0.36     6.326
2022     72      18     45        0.29     6.368
2022     72      18     50        0.27     6.368
2022     72      18     55        0.11     6.421
2022     72      19      0        0.14     6.415
2022     72      19      5        0.12     6.495
2022     72      19     10        0.13     6.455
2022     72      19     15        0.15     6.530
2022     72      19     20        1.43    11.252
2022     72      19     25        7.94    11.732
2022     72      19     30        1.57    11.050
2022     72      19     35        0.00    13.416
2022     72      19     40       11.85    11.850
2022     72      19     45       46.32    11.648
2022     72      19     50       27.69    10.126
2022     72      19     55       10.13     9.324
2022     72      20      0        6.93     9.007
2022     72      20      5        2.02     9.527
2022     72      20     10        0.37     9.487
2022     72      20     15        0.87     9.365
2022     72      20     20        0.53     9.645
2022     72      20     25        1.50     9.765
2022     72      20     30        3.02     9.844
2022     72      20     35        0.27     9.844
2022     72      20     40        2.64     9.763
2022     72      20     45        3.20     9.363
2022     72      20     50        0.91     9.161
2022     72      20     55        3.40     9.322
2022     72      21      0        3.33     9.442
2022     72      21      5        2.59     9.681
2022     72      21     10        0.47    10.281
2022     72      21     15        3.45    10.441
2022     72      21     20        4.57    10.680
2022     72      21     25       23.93    10.040
2022     72      21     30       22.88    10.240
2022     72      21     35       37.95    10.280
2022     72      21     40      239.38    10.480
2022     72      21     45       36.30     8.920
2022     72      21     50       58.35     8.920
2022     72      21     55        2.53     8.840
2022     72      22      0        0.90     8.840
2022     72      22      5        0.67     8.720
2022     72      22     10       10.26     8.440
2022     72      22     15        1.88     8.360
2022     72      22     20       20.35     8.441
2022     72      22     25       43.90     8.441
2022     72      22     30       47.84     8.402
2022     72      22     35        0.14     6.282
2022     72      22     40        0.46     6.163
2022     72      22     45        0.90     6.123
2022     72      22     50        1.11     6.045
2022     72      22     55        1.20     6.047
2022     72      23      0        1.56     6.007
2022     72      23      5        1.05     5.967
2022     72      23     10        1.67     5.969
2022     72      23     15        0.66     5.969
2022     72      23     20        0.56     5.929
2022     72      23     25        1.03     5.931
2022     72      23     30        0.66     5.939
2022     72      23     35        0.83     5.900
2022     72      23     40        0.84     5.891
2022     72      23     45        0.75     5.931
2022     72      23     50        0.86     5.931
2022     72      23     55        1.00     5.931
2022     73       0      0        0.76     5.973
2022     73       0      5        0.80     5.973
2022     73       0     10        0.92     5.973
2022     73       0     15        0.77     6.016
2022     73       0     20        0.80     6.019
2022     73       0     25        0.73     6.023
2022     73       0     30        0.58     6.066
2022     73       0     35        0.54     6.110
2022     73       0     40        0.56     6.066
2022     73       0     45        0.44     6.110
2022     73       0     50        0.42     6.114
2022     73       0     55        0.36     6.153
2022     73       1      0        0.22     6.153
2022     73       1      5        0.23     6.158
2022     73       1     10        0.21     6.167
2022     73       1     15        0.14     6.212
2022     73       1     20        0.15     6.251
2022     73       1     25        0.09     6.296
2022     73       1     30        0.11     6.296
2022     73       1     35        0.09     6.336
2022     73       1     40        0.11     6.326
2022     73       1     45        0.08     6.331
2022     73       1     50        0.06     6.381
2022     73       1     55        0.03     6.387
2022     73       2      0        0.04     6.426
2022     73       2      5        0.03     6.472
2022     73       2     10        0.04     6.517
2022     73       2     15        0.05     6.557
2022     73       2     20        0.07     6.636
2022     73       2     25        0.00    13.416
2022     73       2     30        0.00    13.416
2022     73       2     35        0.00    13.416
2022     73       2     40        0.00    13.416
2022     73       2     45        0.00    13.416
2022     73       2     50        0.00    13.416
2022     73       2     55        0.00    13.416
2022     73       3      0        0.00    13.416
2022     73       3      5        0.00    13.416
2022     73       3     10        0.00    13.416
2022     73       3     15        0.00    13.416
2022     73       3     20        0.00    13.416
2022     73       3     25        0.00    13.416
2022     73       3     30        0.00    13.416
2022     73       3     35        0.00    13.416
2022     73       3     40        0.00    13.416
2022     73       3     45        0.00    13.416
2022     73       3     50        0.00    13.416
2022     73       3     55        0.00    13.416
2022     73       4      0        0.00    13.416
2022     73       4      5        0.00    13.416
2022     73       4     10        0.00    13.416
2022     73       4     15        0.00    13.416
2022     73       4     20        0.00    13.416
2022     73       4     25        0.00    13.416
2022     73       4     30        0.00    13.416
2022     73       4     35        0.00    13.416
2022     73       4     40        0.00    13.416
2022     73       4     45        0.00    13.416
2022     73       4     50        0.00    13.416
2022     73       4     55        0.00    13.416
2022     73       5      0        0.00    13.416
2022     73       5      5        0.00    13.416
2022     73       5     10        0.00    13.416
2022     73       5     15        0.00    13.416
2022     73       5     20        0.00    13.416
2022     73       5     25        0.00    13.416
2022     73       5     30        0.00    13.416
2022     73       5     35        0.00    13.416
2022     73       5     40        0.00    13.416
2022     73       5     45        0.00    13.416
2022     73       5     50        0.00    13.416
2022     73       5     55        0.00    13.416
2022     73       6      0        0.00    13.416
2022     73       6      5        0.00    13.416
2022     73       6     10        0.00    13.416
2022     73       6     15        0.00    13.416
2022     73       6     20        0.00    13.416
2022     73       6     25        0.00    13.416
2022     73       6     30        0.00    13.416
2022     73       6     35        0.00    13.416
2022     73       6     40        0.00    13.416
2022     73       6     45        0.00    13.416
2022     73       6     50        0.00    13.416
2022     73       6     55        0.00    13.416
2022     73       7      0        0.00    13.416
2022     73       7      5        0.00    12.028
2022     73       7     10        1.42    11.511
2022     73       7     15        1.60    11.388
2022     73       7     20        5.65    11.268
2022     73       7     25        4.04    11.344
2022     73       7     30        6.14    11.344
2022     73       7     35        4.03    11.459
2022     73       7     40       90.37    11.057
2022     73       7     45       30.15    10.973
2022     73       7     50       15.75    11.093
2022     73       7     55       95.85    11.093
2022     73       8      0      104.90    10.731
2022     73       8      5      173.63    10.767
2022     73       8     10      102.79    10.285
2022     73       8     15      266.21    10.126
2022     73       8     20       71.14    10.285
2022     73       8     25       92.55    10.321
2022     73       8     30      105.62    10.361
2022     73       8     35       43.27    10.520
2022     73       8     40       61.49    10.636
2022     73       8     45       91.99    10.995
2022     73       8     50       74.93    10.995
2022     73       8     55       97.98    10.713
2022     73       9      0      150.40    10.550
2022     73       9      5      124.99    10.351
2022     73       9     10       82.12    10.308
2022     73       9     15      129.17    10.388
2022     73       9     20       38.37    10.545
2022     73       9     25       85.14    10.585
2022     73       9     30       40.81    10.382
2022     73       9     35       27.14    10.579
2022     73       9     40       61.84    10.537
2022     73       9     45        9.00    10.417
2022     73       9     50       38.81    10.415
2022     73       9     55        3.23    10.575
2022     73      10      0       38.53    10.535
2022     73      10      5       11.31    10.693
2022     73      10     10       32.02    10.891
2022     73      10     15       23.65    10.851
2022     73      10     20       36.34    10.889
2022     73      10     25        7.71    11.249
2022     73      10     30        0.00    13.416
2022     73      10     35        0.00    11.967
2022     73      10     40        0.00    13.416
2022     73      10     45       15.18    11.847
2022     73      10     50       11.04    11.205
2022     73      10     55        7.18    11.564
2022     73      11      0        0.00    13.416
2022     73      11      5        0.00    13.416
2022     73      11     10        0.00    13.416
2022     73      11     15        0.00    13.416
2022     73      11     20        0.00    13.416
2022     73      11     25        0.00    13.416
2022     73      11     30        0.00    13.416
2022     73      11     35        3.67    11.841
2022     73      11     40        0.00    11.960
2022     73      11     45        0.00    13.416
2022     73      11     50        0.00    13.416
2022     73      11     55        0.00    13.416
2022     73      12      0        0.00    13.416
2022     73      12      5        0.00    13.416
2022     73      12     10        0.00    13.416
2022     73      12     15        0.00    13.416
2022     73      12     20        0.00    13.416
2022     73      12     25        0.00    13.416
2022     73      12     30        0.00    13.416
2022     73      12     35        6.53    11.921
2022     73      12     40        0.00    11.962
2022     73      12     45        5.09    11.802
2022     73      12     50        1.66    11.882
2022     73      12     55        2.38    11.762
2022     73      13      0        2.78    11.763
2022     73      13      5        2.01    11.683
2022     73      13     10        0.00    13.416
2022     73      13     15        4.97    11.566
2022     73      13     20        1.00    11.606
2022     73      13     25        3.54    11.767
2022     73      13     30        0.59    11.847
2022     73      13     35        3.47    11.848
2022     73      13     40        1.47    11.848
2022     73      13     45        0.80    11.688
2022     73      13     50        2.07    11.810
2022     73      13     55        0.00    13.416
2022     73      14      0        4.85    11.851
2022     73      14      5        6.10    11.652
2022     73      14     10        2.48    11.732
2022     73      14     15        0.68    11.733
2022     73      14     20        5.63    11.733
2022     73      14     25        0.00    13.416
2022     73      14     30        0.00    13.416
2022     73      14     35        0.00    13.416
2022     73      14     40        0.00    13.416
2022     73      14     45        0.00    13.416
2022     73      14     50        0.00    13.416
2022     73      14     55        0.00    13.416
2022     73      15      0        0.00    13.416
2022     73      15      5        0.00    13.416
2022     73      15     10        0.00    13.416
2022     73      15     15        0.00    13.416
2022     73      15     20        0.00    13.416
2022     73      15     25        0.00    13.416
2022     73      15     30        0.00    13.416
2022     73      15     35        0.00    13.416
2022     73      15     40        0.00    13.416
2022     73      15     45        0.00    13.416
2022     73      15     50        0.00    13.416
2022     73      15     55        0.00    13.416
2022     73      16      0        0.00    13.416
2022     73      16      5        0.00    13.416
2022     73      16     10        0.00    13.416
2022     73      16     15        0.00    13.416
2022     73      16     20        0.00    13.416
2022     73      16     25        0.00    13.416
2022     73      16     30        0.00    13.416
2022     73      16     35        0.00    13.416
2022     73      16     40        0.00    13.416
2022     73      16     45        0.00    13.416
2022     73      16     50        0.00    13.416
2022     73      16     55        0.00    13.416
2022     73      17      0        0.00    13.416
2022     73      17      5        0.00    13.416
2022     73      17     10        0.00    13.416
2022     73      17     15        0.00    13.416
2022     73      17     20        0.00    13.416
2022     73      17     25        0.00    13.416
2022     73      17     30        0.00    13.416
2022     73      17     35        0.00    13.416
2022     73      17     40        0.00    13.416
2022     73      17     45        0.00    13.416
2022     73      17     50        0.00    13.416
2022     73      17     55        0.00    13.416
2022     73      18      0        0.00    13.416
2022     73      18      5        0.00    13.416
2022     73      18     10        0.00    13.416
2022     73      18     15        0.00    13.416
2022     73      18     20        0.00    13.416
2022     73      18     25        0.00    13.416
2022     73      18     30        0.00    13.416
2022     73      18     35        0.00    13.416
2022     73      18     40        0.00    13.416
2022     73      18     45        0.00    13.416
2022     73      18     50        0.00    11.979
2022     73      18     55        1.17    11.658
2022     73      19      0        0.33    11.698
2022     73      19      5        1.42    11.700
2022     73      19     10        1.35    11.338
2022     73      19     15        0.00    13.416
2022     73      19     20        0.00    13.416
2022     73      19     25        0.00    13.416
2022     73      19     30        0.00    13.416
2022     73      19     35        0.00    13.416
2022     73      19     40        0.00    13.416
2022     73      19     45        0.00    13.416
2022     73      19     50        0.00    13.416
2022     73      19     55        0.00    13.416
2022     73      20      0        0.00    13.416
2022     73      20      5        0.00    13.416
2022     73      20     10        0.00    13.416
2022     73      20     15        0.00    13.416
2022     73      20     20        0.00    13.416
2022     73      20     25        0.00    13.416
2022     73      20     30        0.00    11.967
2022     73      20     35        1.14    11.727
2022     73      20     40        0.00    11.965
2022     73      20     45        1.43    11.845
2022     73      20     50        0.00    13.416
2022     73      20     55        2.16    11.564
2022     73      21      0        0.00    13.416
2022     73      21      5        0.00    13.416
2022     73      21     10        0.00    13.416
2022     73      21     15        0.00    13.416
2022     73      21     20        0.00    13.416
2022     73      21     25        0.00    13.416
2022     73      21     30        0.00    13.416
2022     73      21     35        0.00    13.416
2022     73      21     40        0.00    13.416
2022     73      21     45        0.00    13.416
2022     73      21     50        0.00    13.416
2022     73      21     55        0.00    13.416
2022     73      22      0        0.00    13.416
2022     73      22      5        0.00    13.416
2022     73      22     10        0.00    13.416
2022     73      22     15        0.00    13.416
2022     73      22     20        0.00    13.416
2022     73      22     25        0.00    13.416
2022     73      22     30        0.00    13.416
2022     73      22     35        0.00    13.416
2022     73      22     40        0.00    13.416
2022     73      22     45        0.00    13.416
2022     73      22     50        0.00    13.416
2022     73      22     55        0.00    13.416
2022     73      23      0        0.00    13.416
2022     73      23      5        0.00    13.416
2022     73      23     10        0.00    13.416
2022     73      23     15        0.00    13.416
2022     73      23     20        0.00    13.416
2022     73      23     25        0.00    13.416
2022     73      23     30        0.00    13.416
2022     73      23     35        0.00    13.416
2022     73      23     40        0.00    13.416
2022     73      23     45        0.00    13.416
2022     73      23     50        0.00    13.416
2022     73      23     55        0.00    13.416
2022     74       0      0        0.00    13.416
2022     74       0      5        0.00    13.416
2022     74       0     10        0.00    13.416
2022     74       0     15        0.00    13.416
2022     74       0     20        0.00    13.416
2022     74       0     25        0.00    13.416
2022     74       0     30        0.00    13.416
2022     74       0     35        0.00    13.416
2022     74       0     40        0.00    13.416
2022     74       0     45        0.00    13.416
2022     74       0     50        0.00    13.416
2022     74       0     55        0.00    13.416
2022     74       1      0        0.00    13.416
2022     74       1      5        0.00    13.416
2022     74       1     10        0.00    13.416
2022     74       1     15        0.00    13.416
2022     74       1     20        4.17    11.770
2022     74       1     25        0.00    13.416
2022     74       1     30        0.00    13.416
2022     74       1     35        0.00    13.416
2022     74       1     40        0.00    13.416
2022     74       1     45        2.03    11.889
2022     74       1     50        0.00    13.416
2022     74       1     55        3.74    11.933
2022     74       2      0        0.99    11.973
2022     74       2      5        1.05    11.937
2022     74       2     10        3.13    11.980
2022     74       2     15        1.90    11.781
2022     74       2     20        7.93    11.741
2022     74       2     25        6.38    11.905
2022     74       2     30        0.00    13.416
2022     74       2     35        0.00    13.416
2022     74       2     40        0.00    13.416
2022     74       2     45        0.00    13.416
2022     74       2     50        0.00    13.416
