2022  34  0 30    1.28   12.58    1.86  -454.1   -30.8     2.6   3.70   140593  1.53    36     0  0  0 -0.3197   1.48    2.07   10.78    3.08  0.4352  -14.0
2022  34  0 35    1.26   12.71    2.51  -463.5   -32.5     5.0   3.15   129090  1.36    27    -2  0  0 -0.3266   1.32    1.96   11.32    2.98  0.4762  -14.2
2022  34  0 40    3.24   12.13    3.95  -443.7   -36.8    17.0   2.98   108711  1.17    26    -1  0  0 -0.3484   1.15    1.95   11.73    3.45  0.4741  -14.5
2022  34  0 45    2.87   12.42    4.69  -435.3   -23.5    21.7   2.59    82100  0.99    23    -2  0  0 -0.3753   0.96    2.33   12.14    3.25  0.4992  -15.2
2022  34  0 50    3.12   11.62    5.68  -430.5   -21.8    23.6   2.64    77200  0.98    26    -1  0  0 -0.3846   0.95    2.51   12.25    3.50  0.4888  -15.4
2022  34  0 55    4.87    7.86    9.06  -446.4   -22.7     4.5   3.07   109158  1.23    25    -3  0  0 -0.3480   1.19    2.60   11.64    4.42  0.4280  -15.0
2022  34  1  0    3.52   10.92    5.79  -450.7   -29.7    15.5   3.30   132365  1.35    31    -2  0  0 -0.3661   1.31    2.88   11.46    4.79  0.4020  -15.3
2022  34  1  5    4.16    9.82    7.19  -453.8   -23.6    10.8   3.16   138510  1.31    31     0  0  0 -0.3661   1.26    3.29   11.07    5.55  0.3464  -15.3
2022  34  1 10    5.12   10.33    5.50  -464.3   -35.8    -4.1   3.13   151947  1.36    26    -2  0  0 -0.3290   1.31    3.84   10.73    5.98  0.3073  -15.6
2022  34  1 15    4.62   10.46    5.69  -469.1   -24.3    -9.1   2.82   138939  1.24    30     0  0  0 -0.3339   1.21    4.04   10.49    6.23  0.2887  -15.2
2022  34  1 20    2.86   10.84    5.34  -484.2   -23.5   -14.2   2.87   157768  1.35    27     0  0  0 -0.3295   1.31    4.04   10.26    6.32  0.2821  -14.8
2022  34  1 25    1.57   11.53    4.51  -484.3   -28.9   -18.6   3.00   159330  1.41    26     1  0  0 -0.3196   1.37    3.82   10.25    6.15  0.2982  -15.0
2022  34  1 30   -0.07   12.92    0.03  -475.8   -22.7    -2.7   2.78   139700  1.26    16     0  0  0 -0.3572   1.22    3.11   10.97    4.86  0.3983  -14.7
2022  34  1 35   -0.62   11.68    4.28  -472.5   -29.0   -25.6   3.40   150567  1.53    20     0  0  0 -0.3107   1.48    2.52   11.08    4.65  0.4171  -14.6
2022  34  1 40    0.32   11.68    5.11  -480.6   -33.7   -33.9   3.48    97704  1.62    25     2  0  0 -0.2952   1.57    1.97   11.35    4.35  0.4443  -14.4
2022  34  1 45    0.46   12.68    2.18  -488.0   -43.7   -31.9   2.87    69335  1.39    33     2  0  0 -0.2945   1.34    1.31   11.68    3.88  0.4929  -14.4
2022  34  1 50    1.59   12.40    0.56  -498.5   -34.3   -19.1   2.84   116906  1.43    33     2  0  0 -0.3304   1.38    0.87   11.96    3.14  0.5607  -14.5
2022  34  1 55    1.52   12.22    1.61  -498.5   -44.4   -33.2   3.16   140737  1.59    27     2  0  0 -0.2993   1.54    0.68   12.16    2.61  0.6081  -14.4
2022  34  2  0    0.79   12.28    1.26  -499.1   -36.0   -34.2   3.18   115473  1.60    24     2  0  0 -0.3074   1.55    0.57   12.27    2.15  0.6491  -14.2
2022  34  2  5    0.45   12.31    1.07  -501.1   -34.4   -38.2   3.78   139830  1.92    62     3  0  0 -0.3046   1.86    0.64   12.18    2.30  0.6408  -14.5
2022  34  2 10   -0.71   12.41    0.10  -495.9   -36.4   -37.4   3.20   121586  1.59    58     3  0  0 -0.3060   1.54    0.63   12.28    1.70  0.6953  -14.8
2022  34  2 15   -0.97   12.26   -0.09  -495.6   -39.3   -36.2   3.13   108314  1.55    45     1  0  0 -0.3083   1.51    0.45   12.37    0.96  0.7561  -14.9
2022  34  2 20   -1.07   12.19   -0.82  -497.1   -45.9   -30.6   3.46   111575  1.73    59     2  0  0 -0.3159   1.68    0.23   12.30    0.53  0.7920  -15.1
2022  34  2 25   -1.42   12.25   -0.85  -502.8   -43.0   -26.5   3.17   113030  1.62    65     1  0  0 -0.3292   1.57   -0.20   12.27    0.33  0.8111  -15.3
2022  34  2 30   -2.35   12.16   -0.98  -500.4   -44.8   -25.8   3.07   116289  1.55    67     0  0  0 -0.3310   1.50   -0.75   12.27   -0.04  0.8442  -15.6
2022  34  2 35   -3.08   12.44   -1.44  -493.2   -47.1   -25.5   2.87   101093  1.41    76    -1  0  0 -0.3309   1.37   -1.31   12.29   -0.43  0.8781  -15.7
2022  34  2 40   -4.66   12.31   -0.63  -485.4   -52.0   -34.9   2.62    99152  1.26    80    -2  0  0 -0.3104   1.22   -2.04   12.29   -0.67  0.8947  -15.7
2022  34  2 45   -3.52   12.79   -0.77  -479.1   -46.2   -26.5   2.51    88546  1.17    95    -2  0  0 -0.3320   1.13   -2.44   12.34   -0.80  0.9024  -16.3
2022  34  2 50   -3.24   12.90   -1.17  -474.4   -44.8   -24.4   2.33    79514  1.06   101    -3  0  0 -0.3386   1.03   -2.76   12.43   -0.95  0.9127  -16.8
2022  34  2 55   -2.29   13.10   -1.29  -482.1   -45.4   -22.2   2.79    87219  1.31   108    -5  0  0 -0.3458   1.27   -2.94   12.56   -1.02  0.9188  -17.4
2022  34  3  0   -2.54   12.43    1.57  -489.5   -50.4   -16.1   2.62    91762  1.27   106    -6  0  0 -0.3563   1.23   -3.10   12.59   -0.67  0.8854  -18.0
2022  34  3  5   -2.47   12.71    1.19  -482.5   -47.6   -34.4   3.01   108516  1.42   134    -5  0  0 -0.3253   1.38   -3.11   12.67   -0.36  0.8561  -19.0
2022  34  3 10   -0.71   12.29   -1.42  -492.3   -44.3   -23.1   4.22   158929  2.07   188    -2  0  0 -0.3528   2.00   -2.78   12.65   -0.36  0.8546  -19.8
2022  34  3 15   -0.45   12.27   -0.39  -496.2   -53.9   -43.1   4.21   139515  2.11   276    -3  0  0 -0.3113   2.05   -2.17   12.64   -0.33  0.8550  -20.0
2022  34  3 20   -0.21   12.28   -0.49  -497.0   -54.3   -45.9   4.14   145082  2.09   367    -3  0  0 -0.3079   2.02   -1.70   12.57   -0.29  0.8550  -20.6
2022  34  3 25    0.69   12.25   -2.74  -507.7   -53.2   -36.0   3.90   132479  2.04   523    -2  0  0 -0.3309   1.98   -1.14   12.48   -0.51  0.8870  -20.7
2022  34  3 30    0.43   12.68   -0.80  -511.9   -62.8   -58.4   4.13   150720  2.22   613    -4  0  0 -0.2868   2.16   -0.75   12.42   -0.44  0.8901  -20.9
2022  34  3 35    0.28   12.90   -1.11  -506.3   -64.8   -49.2   3.72   148123  1.96   554    -3  0  0 -0.3018   1.89   -0.35   12.48   -0.82  0.9333  -20.7
2022  34  3 40    0.42   12.75    0.83  -515.0   -56.8   -58.2   3.96   121840  2.15   539    -3  0  0 -0.2956   2.09    0.06   12.49   -0.87  0.9481  -20.8
2022  34  3 45   -1.58   12.37    1.96  -513.4   -57.7   -64.9   3.43   110754  1.87   574    -3  0  0 -0.2841   1.80   -0.06   12.50   -0.39  0.9130  -21.0
2022  34  3 50   -2.18   12.49   -0.39  -503.9   -57.3   -49.1   3.82   104684  1.99   581    -4  0  0 -0.3115   1.92   -0.31   12.53   -0.39  0.9172  -20.2
2022  34  3 55   -1.44   13.07   -1.97  -503.1   -68.7   -43.2   3.77   140617  1.96   515    -4  0  0 -0.3152   1.90   -0.48   12.64   -0.60  0.9451  -20.1
2022  34  4  0   -2.87   12.78   -1.18  -494.6   -70.9   -31.3   2.91   140789  1.46   471    -3  0  0 -0.3347   1.41   -0.99   12.72   -0.38  0.9206  -19.9
2022  34  4  5   -3.90   12.56   -0.89  -487.8   -69.5   -52.3   4.44   114639  2.18   506    -1  0  0 -0.2964   2.11   -1.61   12.70   -0.39  0.9126  -19.9
2022  34  4 10   -3.55   12.58   -1.34  -489.1   -64.8   -45.8   4.51   116390  2.21   407    -1  0 -1 -0.3135   2.14   -2.16   12.66   -0.43  0.9074  -20.5
2022  34  4 15   -3.62   12.43   -2.33  -490.5   -60.2   -39.2   4.57   118142  2.25   424    -1  0  0 -0.3306   2.18   -2.73   12.61   -0.88  0.9394  -21.1
2022  34  4 20   -4.20   12.34   -2.08  -479.6   -60.1   -49.4   4.19    91455  1.98   292    -8  0  0 -0.3096   1.92   -3.11   12.61   -1.45  0.9801  -22.4
2022  34  4 25   -4.15   12.10   -3.27  -481.4   -57.1   -45.2   4.45   112421  2.12   248    -8  0  0 -0.3212   2.04   -3.39   12.55   -1.87  1.0100  -23.1
2022  34  4 30   -5.00   11.46   -4.07  -470.1   -44.0   -30.5   4.64   123050  2.08   201    -9  0  0 -0.3574   2.01   -3.90   12.32   -2.17  1.0176  -23.5
2022  34  4 35   -4.71   11.89   -3.93  -464.9   -49.4   -34.8   3.94   136142  1.73   228    -9  0  0 -0.3446   1.68   -4.16   12.19   -2.56  1.0392  -23.8
2022  34  4 40   -4.49   12.89   -4.03  -454.9   -50.4   -24.9   2.92    87736  1.23   247   -10  0  0 -0.3625   1.19   -4.25   12.24   -3.01  1.0684  -23.3
2022  34  4 45   -3.27   13.82   -3.40  -453.8   -58.1   -34.5   2.55    71494  1.07   291   -10  0  0 -0.3377   1.04   -4.21   12.42   -3.30  1.0870  -23.0
2022  34  4 50   -3.48   13.80   -3.17  -459.1   -77.2   -44.6   2.38    73271  1.05   293   -11  0  0 -0.3057   1.01   -4.19   12.61   -3.42  1.0927  -22.5
2022  34  4 55   -3.49   13.66   -3.80  -459.8   -71.8   -40.6   2.56    81810  1.12   306   -12  0  0 -0.3184   1.08   -4.08   12.80   -3.67  1.1140  -22.5
2022  34  5  0   -4.60   12.45   -6.40  -474.4   -72.1   -28.8   2.59    90706  1.20   336   -11  0  0 -0.3457   1.16   -4.15   12.85   -4.11  1.1584  -23.0
2022  34  5  5   -4.10   12.42   -6.46  -482.3   -70.3   -25.1   2.89    74372  1.38   396   -11  0  0 -0.3563   1.33   -4.02   12.99   -4.46  1.2047  -23.7
2022  34  5 10   -4.03   12.62   -6.26  -477.1   -69.5   -25.7   3.20    88624  1.49   431   -12  0  0 -0.3550   1.44   -3.92   13.09   -4.79  1.2481  -24.6
2022  34  5 15   -4.19   12.90   -5.86  -479.2   -72.5   -31.1   2.98    96452  1.40   437   -13  0  0 -0.3433   1.36   -3.88   13.10   -5.05  1.2873  -25.1
2022  34  5 20   -3.57   13.46   -5.14  -479.8   -80.4   -40.2   3.16   111949  1.51   418   -14  0  0 -0.3209   1.46   -3.92   13.04   -5.30  1.3235  -25.8
2022  34  5 25   -3.03   13.95   -4.74  -480.0   -80.6   -30.5   2.69    97930  1.28   432   -15  0  0 -0.3397   1.24   -3.86   13.07   -5.52  1.3552  -26.4
2022  34  5 30   -3.35   13.88   -4.63  -476.5   -66.1   -44.8   2.58   139015  1.20   417   -16  0  0 -0.3204   1.17   -3.84   13.10   -5.64  1.3756  -26.9
2022  34  5 35   -2.73   13.93   -4.35  -479.4   -79.9   -38.0   2.54   107117  1.21   494   -17  0  0 -0.3257   1.17   -3.57   13.31   -5.35  1.3547  -27.4
2022  34  5 40   -3.06   13.34   -4.97  -491.7   -77.0   -46.1   2.83   127851  1.41   499   -16  0  0 -0.3152   1.37   -3.42   13.44   -5.14  1.3418  -28.0
2022  34  5 45   -1.77   12.85   -5.51  -487.6   -76.0   -41.5   3.84   125742  1.89   547   -14  0  0 -0.3233   1.82   -3.10   13.47   -5.03  1.3379  -28.3
2022  34  5 50   -2.46   12.67   -5.40  -491.6   -70.1   -54.0   4.36   128589  2.18   622   -14  0  0 -0.3038   2.11   -2.85   13.44   -4.96  1.3378  -28.6
2022  34  5 55   -1.86   13.42   -5.02  -495.2   -77.8   -44.8   3.52   117358  1.78   626   -14  0  0 -0.3173   1.73   -2.61   13.43   -4.95  1.3439  -28.9
2022  34  6  0   -2.50   13.36   -5.78  -487.8   -81.1   -38.5   3.43    99975  1.69   591   -15  0  0 -0.3251   1.63   -2.53   13.35   -5.09  1.3613  -29.4
2022  34  6  5   -4.02   12.71   -6.35  -472.5   -69.8   -39.5   3.81   100323  1.75   743   -16  0  0 -0.3255   1.70   -2.63   13.18   -5.34  1.3796  -29.4
2022  34  6 10   -4.35   12.63   -6.94  -478.6   -77.1   -45.3   3.81    94109  1.80   841   -17  0  0 -0.3109   1.75   -2.86   13.00   -5.71  1.4126  -29.3
2022  34  6 15   -4.87   12.27   -7.86  -473.1   -71.5   -31.7   3.14    95972  1.45   775   -17  0  0 -0.3389   1.40   -3.12   12.84   -6.12  1.4411  -29.4
2022  34  6 20   -4.77   12.35   -7.67  -471.2   -65.4   -34.2   3.33    82771  1.51   820   -17  0  0 -0.3362   1.47   -3.55   12.77   -6.43  1.4618  -29.3
2022  34  6 25   -3.34   13.34   -7.20  -481.8   -76.1   -34.5   3.05    83819  1.46   840   -17  0  0 -0.3312   1.41   -3.67   12.87   -6.69  1.4852  -29.2
2022  34  6 30   -1.92   13.84   -6.32  -484.1   -79.3   -34.6   2.50    77617  1.21   924   -17  0  0 -0.3289   1.17   -3.68   12.93   -6.87  1.4998  -29.1
2022  34  6 35   -2.73   13.22   -6.71  -470.6   -61.6   -33.2   3.67    87022  1.65  1155   -16  0  0 -0.3374   1.61   -3.71   12.91   -7.01  1.5021  -29.3
2022  34  6 40   -5.75   10.90   -8.96  -461.3   -48.2   -19.0   4.31    83287  1.86  1168   -16  0  0 -0.3711   1.80   -3.96   12.65   -7.38  1.5277  -29.5
2022  34  6 45   -7.33   10.13   -9.60  -457.6   -40.4   -21.6   4.10    88028  1.74  1404   -17  0  0 -0.3680   1.68   -4.39   12.29   -7.76  1.5461  -30.0
2022  34  6 50   -8.63    9.20   -9.81  -440.5   -19.4   -23.7   3.27    91681  1.28  1263   -20  0  0 -0.3706   1.23   -4.92   11.85   -8.04  1.5462  -30.4
2022  34  6 55   -9.05    9.11  -10.05  -437.9   -18.1   -25.0   3.33    91354  1.26  1086   -22  0  0 -0.3664   1.24   -5.54   11.39   -8.38  1.5519  -30.7
2022  34  7  0   -4.89   13.54   -9.62  -472.5   -48.6   -29.5   1.82    39531  0.81   922   -23  0  0 -0.3456   0.80   -5.76   11.42   -8.72  1.5803  -31.0
2022  34  7  5   -5.23   13.86   -9.10  -486.1   -65.0   -36.3   1.68    33384  0.81   941   -24  0  0 -0.3250   0.79   -6.23   11.42   -9.12  1.6222  -31.3
2022  34  7 10   -3.93   14.45   -8.85  -499.3   -79.3   -34.9   1.76    41200  0.90   943   -25  0  0 -0.3221   0.88   -6.40   11.60   -9.43  1.6768  -31.8
2022  34  7 15   -5.10   14.32   -9.21  -496.9   -80.3   -39.6   1.57    33117  0.80   886   -26  0  0 -0.3106   0.78   -6.31   12.09   -9.46  1.7148  -31.9
2022  34  7 20   -5.44   14.56   -8.67  -482.9   -84.8   -34.1   1.99    42816  0.96   861   -26  0  0 -0.3143   0.93   -6.04   12.72   -9.33  1.7302  -32.5
2022  34  7 25   -5.02   15.28   -7.46  -485.4  -100.4   -56.4   1.60    37867  0.79   878   -27  0  0 -0.2625   0.77   -5.52   13.59   -8.99  1.7442  -33.2
2022  34  7 30   -6.11   13.82   -9.80  -489.7  -104.3   -46.0   1.49    36793  0.76   843   -28  0  0 -0.2803   0.73   -5.10   14.26   -8.96  1.7900  -34.5
2022  34  7 35   -2.62   12.52  -12.97  -506.3  -109.9     4.7   1.28    42803  0.69   877   -30  0  0 -0.3747   0.67   -4.78   14.12   -9.44  1.8687  -36.2
2022  34  7 40   -1.83   11.25   -9.36  -517.0  -120.5    -9.6   2.17   145056  1.23   833   -33  0  0 -0.3428   1.18   -4.29   13.74   -9.47  1.8922  -37.4
2022  34  7 45   -1.71    9.49   -9.55  -531.0  -108.2   -10.1   2.58   338336  1.52   841   -33  0  0 -0.3479   1.47   -3.98   13.03   -9.57  1.9163  -38.0
2022  34  7 50   -2.22    9.57   -9.75  -526.1  -116.2   -16.5   2.54   160461  1.48   851   -31  0  0 -0.3303   1.43   -3.56   12.36   -9.65  1.9380  -38.4
2022  34  7 55   -3.15    9.10  -11.97  -509.9  -131.7    -7.4   2.49   214513  1.38   868   -27  0  0 -0.3351   1.34   -3.24   11.58  -10.12  2.0045  -39.5
2022  34  8  0   -5.20    6.26  -15.62  -483.8   -42.0    24.0   1.61    50696  0.76   817   -31  0  0 -0.4346   0.74   -3.26   10.29  -11.29  2.1070  -40.4
2022  34  8  5   -4.34    4.89  -16.78  -481.4   -35.3    28.7   1.75    57167  0.82   836   -37  0  0 -0.4448   0.79   -3.01    9.01  -12.29  2.1903  -41.3
2022  34  8 10   -2.27    6.08  -16.94  -496.7   -51.6    24.8   2.13    60182  1.07   812   -41  0  0 -0.4266   1.03   -2.96    8.09  -12.85  2.2329  -42.5
2022  34  8 15   -3.83    1.57  -17.82  -497.5     4.6    32.6   1.66    40709  0.83   992   -45  0  0 -0.4608   0.80   -3.25    6.71  -14.06  2.3417  -44.5
2022  34  8 20   -4.96    3.43  -17.54  -463.4   -16.1    19.6   1.37    29780  0.59   948   -47  0  0 -0.4277   0.57   -3.71    5.84  -15.20  2.4020  -46.6
2022  34  8 25   -4.89    1.76  -18.02  -470.8    -7.5    29.3   1.65    44519  0.73  1040   -47  0  0 -0.4478   0.71   -4.09    4.73  -16.38  2.4757  -48.0
2022  34  8 30   -2.42    1.50  -18.37  -485.3    -3.1    24.9   1.63    62745  0.77   963   -47  0  0 -0.4359   0.75   -3.99    3.64  -17.30  2.5411  -49.2
2022  34  8 35   -3.99    1.27  -18.27  -473.6     1.4    20.4   1.61    72335  0.73   798   -48  0  0 -0.4264   0.70   -3.81    2.93  -17.68  2.5684  -50.4
2022  34  8 40   -3.83    1.28  -18.14  -480.1    -2.6    24.5   2.12   117390  0.98   838   -51  0  0 -0.4300   0.95   -3.74    2.41  -17.87  2.5863  -52.0
2022  34  8 45   -3.54    0.14  -18.21  -480.2     1.8    27.2   2.37   150857  1.10   820   -52  0  0 -0.4340   1.06   -3.92    1.56  -18.05  2.5880  -53.3
2022  34  8 50   -3.63   -0.83  -18.24  -478.9     9.0    23.0   2.68   126409  1.23   819   -53  0  0 -0.4247   1.19   -3.89    1.22  -18.11  2.5746  -54.6
2022  34  8 55   -3.56   -2.16  -18.23  -486.3    12.8    15.9   2.52   114983  1.20  1030   -53  0  0 -0.4075   1.16   -3.69    0.42  -18.21  2.6088  -56.0
2022  34  9  0   -2.46   -2.25  -18.42  -491.9    11.5    21.0   2.41   135904  1.17   937   -54  0  0 -0.4139   1.13   -3.35   -0.15  -18.27  2.6368  -57.0
2022  34  9  5   -4.14   -0.95  -18.11  -480.4     1.3    13.7   2.46   141944  1.14  1244   -55  0  0 -0.3938   1.10   -3.59   -0.50  -18.23  2.6280  -57.6
2022  34  9 10   -3.93    0.36  -17.84  -487.2   -15.4     9.0   2.97   270914  1.41  1335   -55  0  0 -0.3756   1.37   -3.58   -0.63  -18.17  2.6349  -58.2
2022  34  9 15   -4.74   -0.49  -17.79  -486.0    -7.3     2.7   2.84   230880  1.34  1445   -55  0  0 -0.3621   1.30   -3.71   -0.88  -18.12  2.6352  -59.2
2022  34  9 20   -3.71   -2.06  -18.27  -490.8     3.0    19.0   2.35   184782  1.13  1091   -58  0  0 -0.3947   1.10   -3.74   -1.20  -18.13  2.6467  -60.4
2022  34  9 25   -4.48   -4.42  -17.95  -477.5    20.6    10.6   2.26   187907  1.03   889   -62  0  0 -0.3799   1.00   -3.86   -1.71  -18.09  2.6420  -61.7
2022  34  9 30   -4.01   -5.59  -17.81  -478.2    29.6    14.5   1.95   222422  0.90  1068   -65  0  0 -0.3868   0.87   -3.92   -2.20  -18.03  2.6298  -62.5
2022  34  9 35   -2.55   -3.58  -18.57  -495.3    13.1     4.2   1.90   272801  0.94  1118   -66  0  0 -0.3575   0.90   -3.94   -2.39  -18.05  2.6352  -64.2
2022  34  9 40   -3.77   -5.70  -18.10  -502.7    14.8    -1.7   1.66   298137  0.84  1010   -66  0  0 -0.3427   0.81   -3.88   -3.07  -18.05  2.6592  -65.7
2022  34  9 45   -2.54   -6.76  -17.04  -505.4    16.7    20.8   2.50   321946  1.28   830   -68  0  0 -0.3839   1.24   -3.69   -4.09  -17.93  2.6687  -66.8
2022  34  9 50   -2.91   -7.61  -16.94  -511.1    27.3    12.7   2.41   202814  1.26   917   -68  0  0 -0.3667   1.22   -3.42   -5.10  -17.81  2.6851  -67.5
2022  34  9 55   -2.60   -7.87  -16.87  -501.3    25.0    26.5   2.70   149162  1.37   902   -68  0  0 -0.3906   1.32   -3.27   -5.93  -17.61  2.6784  -68.5
2022  34 10  0   -1.50   -8.92  -16.88  -495.3    33.9    28.2   2.24   149831  1.11   841   -69  0  0 -0.3931   1.07   -2.84   -6.58  -17.46  2.6842  -69.6
2022  34 10  5   -1.15  -10.18  -16.63  -489.0    32.0    39.7   2.44    81002  1.18  1097   -71  0  0 -0.4133   1.14   -2.43   -7.23  -17.29  2.6813  -69.9
2022  34 10 10   -1.10  -11.05  -16.15  -492.0    46.2    33.6   2.40    62446  1.18  1071   -72  0  0 -0.3998   1.14   -2.22   -8.30  -16.94  2.6501  -70.4
2022  34 10 15   -0.70  -12.65  -15.03  -498.3    33.0    34.6   1.63    43122  0.81   806   -74  0  0 -0.3947   0.79   -1.79   -9.29  -16.51  2.6069  -71.6
2022  34 10 20    0.01  -13.15  -14.01  -497.5    46.5    24.1   1.60    49622  0.80   725   -75  0  0 -0.3731   0.78   -1.42  -10.20  -16.07  2.5616  -72.5
2022  34 10 25    0.10  -13.72  -11.85  -518.4    50.0   -10.6   2.79   362194  1.51   772   -76  0  0 -0.3016   1.47   -0.99  -11.08  -15.35  2.4964  -73.2
2022  34 10 30    0.24  -15.29  -11.35  -520.3    69.5    -6.2   2.03   177458  1.12   803   -76  0  0 -0.3099   1.08   -0.59  -12.14  -14.56  2.4411  -73.6
2022  34 10 35    0.01  -15.22  -11.22  -516.7    76.1   -14.8   2.12   209482  1.16   844   -76  0  0 -0.2910   1.12   -0.37  -13.04  -13.75  2.3862  -74.3
2022  34 10 40    1.06  -15.83  -10.22  -511.8    70.9    -5.0   1.97   117404  1.05   888   -76  0  0 -0.3053   1.02   -0.05  -13.84  -12.83  2.3211  -74.8
2022  34 10 45    0.68  -15.41  -10.97  -514.6    71.0    -8.1   1.97   110429  1.06   735   -77  0  0 -0.2959   1.03    0.20  -14.47  -12.09  2.2709  -74.8
2022  34 10 50    0.52  -15.10  -11.28  -520.1    81.8   -14.5   1.68   188621  0.93   652   -78  0  0 -0.2819   0.90    0.37  -14.82  -11.56  2.2419  -75.2
2022  34 10 55    1.11  -15.28  -10.62  -513.1    79.6    -3.1   1.74   169303  0.94   633   -80  0  0 -0.2998   0.91    0.53  -15.12  -11.07  2.2110  -75.4
2022  34 11  0    2.46  -15.47   -9.13  -512.4    60.6     2.6   2.09   185376  1.11   765   -79  0  0 -0.3042   1.08    0.87  -15.37  -10.68  2.1688  -75.9
2022  34 11  5    1.80  -15.01  -10.45  -496.8    60.2    25.2   1.93   295859  0.97   777   -79  0  0 -0.3460   0.94    1.09  -15.33  -10.56  2.1351  -77.0
2022  34 11 10    0.88  -13.43  -11.19  -490.4    24.2    33.0   2.31   372604  1.12   736   -79  0  0 -0.3519   1.08    1.22  -15.08  -10.55  2.1046  -77.4
2022  34 11 15    0.64  -14.27   -7.00  -495.0    24.7   -18.0   4.52   468981  2.24   546   -78  0  0 -0.2457   2.15    1.16  -14.85  -10.09  2.0345  -77.2
2022  34 11 20    0.98  -15.44   -7.24  -503.1    30.3   -19.3   3.83   356952  1.96   668   -74  0  0 -0.2414   1.89    1.20  -14.86   -9.56  1.9647  -77.2
2022  34 11 25    2.04  -16.05   -6.81  -497.8    39.4   -10.4   2.82   422752  1.41   525   -75  0  0 -0.2573   1.36    1.42  -14.99   -8.92  1.8776  -78.5
2022  34 11 30   -0.57  -13.71   -9.52  -483.9    33.3     7.9   3.36   440643  1.59   472   -76  0  0 -0.2896   1.53    1.18  -14.77   -8.76  1.8297  -82.3
2022  34 11 35    0.35  -10.88   -7.43  -497.5    34.1    -4.1   7.70   397612  3.84   553   -73  0  0 -0.2618   3.71    0.87  -14.11   -8.52  1.7771  -84.0
2022  34 11 40   -0.27   -7.16   -5.31  -496.3    -5.9    -1.3  24.88   173139 12.25   789   -69  0  0 -0.2541  11.87    0.58  -12.99   -7.79  1.6664  -84.5
2022  34 11 45   -0.58   -1.78   -1.02  -500.9     4.8    -3.3  32.41   105316 16.27  1107   -50  0  0 -0.2495  15.75    0.37  -11.33   -6.33  1.4402  -87.1
2022  34 11 50    2.35    0.59   13.82  -502.9    15.1    -3.0  12.43   178526  6.30   827   -60  0  0 -0.2492   6.09    0.61   -9.20   -3.36  1.2099  -89.1
2022  34 11 55    1.94   -3.02   12.71  -500.2    13.8   -22.7  12.52   282955  6.28   642   -73  0  0 -0.2065   6.08    0.75   -7.43   -0.51  0.9675  -90.1
2022  34 12  0    2.28   -3.59   12.23  -500.2    19.3   -24.3  13.42   324981  6.74   381   -70  0  0 -0.2013   6.53    0.79   -5.65    2.21  0.7327  -88.3
2022  34 12  5    2.28   -5.88    7.81  -514.5    17.0   -10.5  13.60   273527  7.23   260   -69  0  0 -0.2252   6.98    1.19   -4.53    4.69  0.4856  -87.4
2022  34 12 10    1.70   -6.55    5.33  -500.8    13.1   -24.8  16.62   437662  8.36   295   -65  0  0 -0.1921   8.10    1.39   -3.91    6.51  0.2817  -87.9
2022  34 12 15    1.06   -6.87    6.25  -503.4    22.3     0.2  15.87   413056  8.06   395   -62  0  0 -0.2406   7.81    1.58   -3.87    8.16  0.1256  -85.7
2022  34 12 20    0.97   -5.99    6.58  -504.9    30.8     6.5  16.12   363587  8.26   370   -58  0  0 -0.2518   7.99    1.80   -4.47    9.25  0.0795  -83.8
2022  34 12 25    1.88   -8.45    9.25  -504.3    36.6     9.4  14.47   303257  7.41   376   -53  0  0 -0.2557   7.17    1.73   -5.76    8.59  0.1003  -81.5
2022  34 12 30    1.06   -6.89    7.97  -505.7    36.2     8.9  14.46   296308  7.42   215   -54  0  0 -0.2514   7.20    1.60   -6.32    7.92  0.1162  -78.5
2022  34 12 35    1.76   -3.10    4.74  -504.3    40.1    10.3  18.05   309750  9.23   234   -46  0  0 -0.2520   8.95    1.53   -6.25    6.85  0.1210  -76.3
2022  34 12 40    3.32   -9.90    2.76  -522.5    51.1   -15.4  12.51   379078  6.92   243   -47  0  0 -0.2019   6.68    1.68   -6.82    6.13  0.1839  -73.5
2022  34 12 45    1.29   -8.08   -0.23  -514.7    73.1   -14.8  15.04   252199  8.14   234   -45  0  0 -0.2049   7.88    1.62   -7.04    5.33  0.2594  -71.7
2022  34 12 50    2.62  -11.37   -1.75  -513.0    63.7   -10.1  12.10   362228  6.49   178   -42  0  0 -0.2088   6.27    1.84   -7.68    4.19  0.3831  -69.8
2022  34 12 55    1.43  -12.04   -0.72  -514.6    54.4    -8.2  11.21   280383  6.01    98   -44  0  0 -0.2074   5.82    1.91   -8.55    3.15  0.5019  -68.4
2022  34 13  0    0.19   -9.97    1.81  -507.0    47.0    -5.0  12.12   360907  6.28   160   -43  0  0 -0.2089   6.09    1.67   -8.76    2.08  0.5649  -67.2
2022  34 13  5    1.32   -8.56    1.08  -509.8    46.8     0.7  14.48   291405  7.61   147   -40  0  0 -0.2170   7.35    1.70   -9.00    1.10  0.6305  -65.4
2022  34 13 10    1.90   -9.09   -1.46  -511.4    54.5    13.8  14.09   289039  7.47   176   -37  0  0 -0.2414   7.22    1.72   -9.86    0.21  0.7502  -65.4
2022  34 13 15    1.61   -9.29   -1.04  -513.0    30.9    -6.7   9.32   339870  4.92   135   -41  0  0 -0.1928   4.77    1.48   -9.77   -0.33  0.7947  -64.7
2022  34 13 20    2.61   -5.43   -3.55  -520.7    52.0    12.1  11.36   320719  6.25    91   -43  0  0 -0.2314   6.03    1.67   -9.39   -0.80  0.8446  -64.2
2022  34 13 25    1.57   -5.28   -3.99  -521.3    59.0    11.5  11.55   354486  6.37   114   -38  0  0 -0.2294   6.16    1.52   -8.52   -1.12  0.8584  -63.4
2022  34 13 30    1.65   -5.18   -1.52  -523.0    48.9    -1.7  12.67   342157  6.99   156   -37  0  0 -0.1992   6.77    1.55   -7.54   -1.24  0.8271  -62.5
2022  34 13 35    0.98   -4.77   -4.08  -519.1    52.2     7.6  11.30   289935  6.15   123   -38  0  0 -0.2153   5.96    1.66   -6.80   -2.08  0.9028  -62.6
2022  34 13 40    1.23   -6.03   -5.34  -529.5    55.9    12.9   7.06   313939  4.00   123   -42  0  0 -0.2231   3.88    1.65   -6.44   -3.00  1.0160  -61.9
2022  34 13 45    1.78   -6.06   -5.16  -534.6    54.3    19.2   6.19   288588  3.58   132   -47  0  0 -0.2314   3.47    1.63   -6.01   -3.53  1.0840  -61.5
2022  34 13 50    1.73   -5.64   -5.09  -548.8    51.5    21.6   5.41   252888  3.28   143   -49  0  0 -0.2313   3.19    1.65   -5.48   -4.10  1.1621  -61.1
2022  34 13 55    1.98   -3.99   -4.20  -560.2    52.7    17.6   4.26   213664  2.69   214   -49  0  0 -0.2212   2.62    1.56   -5.28   -4.20  1.1891  -61.0
2022  34 14  0    2.39   -2.75   -3.48  -568.4    55.7    28.1   3.75   208609  2.45   264   -51  0  0 -0.2371   2.38    1.68   -4.92   -4.12  1.1873  -61.4
2022  34 14  5    2.13   -2.92   -3.31  -576.0    47.3    34.6   3.29   183566  2.21   335   -53  0  0 -0.2428   2.14    1.75   -4.59   -4.38  1.2398  -61.2
2022  34 14 10    2.32   -2.52   -3.18  -573.7    50.6    34.3   3.37   189471  2.25   382   -53  0  0 -0.2413   2.17    1.94   -4.27   -4.25  1.2313  -61.1
2022  34 14 15    2.13   -2.93   -3.51  -574.1    41.8    28.0   3.19   137114  2.12   413   -53  0  0 -0.2258   2.05    2.07   -3.83   -3.99  1.1968  -61.2
2022  34 14 20    2.26   -2.29   -3.35  -570.9    48.7    30.3   3.31   157098  2.18   453   -53  0  0 -0.2300   2.11    2.13   -3.29   -3.73  1.1572  -61.2
2022  34 14 25    2.29   -2.25   -3.59  -571.1    45.5    35.4   3.23   144686  2.12   477   -53  0  0 -0.2357   2.06    2.21   -2.81   -3.52  1.1208  -60.9
2022  34 14 30    2.60   -2.22   -2.89  -571.9    49.4    32.4   3.23   144085  2.14   467   -53  0  0 -0.2297   2.07    2.30   -2.55   -3.33  1.0843  -60.5
2022  34 14 35    2.50   -2.09   -2.98  -569.5    46.8    36.9   3.26   131875  2.14   420   -51  0  0 -0.2350   2.07    2.32   -2.46   -3.26  1.0684  -60.1
2022  34 14 40    2.49   -2.21   -2.56  -568.0    44.2    33.1   3.18   134962  2.07   469   -51  0  0 -0.2260   2.01    2.37   -2.36   -3.15  1.0411  -59.6
2022  34 14 45    2.58   -2.18   -2.52  -566.4    44.6    26.8   2.96   144503  1.92   599   -51  0  0 -0.2137   1.85    2.41   -2.31   -3.06  1.0173  -59.3
2022  34 14 50    2.97   -1.97   -2.13  -563.8    44.5    31.3   2.93   132406  1.88   452   -51  0  0 -0.2200   1.82    2.53   -2.17   -2.86  0.9696  -58.8
2022  34 14 55    2.25   -2.20   -2.59  -566.3    43.4    30.4   3.12   133694  2.02   450   -51  0  0 -0.2161   1.96    2.53   -2.16   -2.75  0.9444  -58.5
2022  34 15  0    2.10   -2.00   -2.78  -568.1    48.2    26.9   3.16   140857  2.06   566   -50  0  0 -0.2099   1.99    2.50   -2.12   -2.64  0.9185  -58.1
2022  34 15  5    2.42   -1.58   -2.77  -563.9    43.3    26.3   2.92   125906  1.87   496   -50  0  0 -0.2061   1.81    2.47   -2.03   -2.62  0.9110  -58.1
2022  34 15 10    2.29   -1.83   -2.93  -562.6    40.3    25.8   2.80   118958  1.78   507   -50  0  0 -0.2028   1.73    2.44   -2.00   -2.61  0.9064  -57.6
2022  34 15 15    1.94   -1.65   -2.58  -564.5    39.5    25.8   3.68   100831  2.36   441   -48  0  0 -0.2009   2.29    2.36   -1.92   -2.61  0.9047  -56.8
2022  34 15 20    1.70   -2.45   -2.73  -568.6    34.6    27.1   3.30    86032  2.15   418   -46  0  0 -0.1995   2.08    2.24   -1.95   -2.64  0.9122  -56.0
2022  34 15 25    2.08   -2.57   -2.81  -564.4    37.5    26.9   2.85    72187  1.83   405   -46  0  0 -0.1993   1.77    2.11   -2.04   -2.74  0.9350  -55.4
2022  34 15 30    1.87   -2.68   -2.64  -562.6    45.4    25.4   2.82    86584  1.80   416   -46  0  0 -0.1987   1.74    2.06   -2.11   -2.75  0.9366  -54.8
2022  34 15 35    1.81   -2.73   -2.64  -562.3    41.9    24.3   2.88    89076  1.84   475   -45  0  0 -0.1944   1.78    2.02   -2.21   -2.73  0.9319  -53.9
2022  34 15 40    1.69   -2.75   -2.55  -566.2    46.1    22.2   3.02   103995  1.95   493   -45  0  0 -0.1910   1.89    1.91   -2.38   -2.70  0.9282  -53.5
2022  34 15 45    1.40   -2.69   -2.33  -563.1    33.6    21.6   2.98    83865  1.90   491   -44  0  0 -0.1842   1.84    1.78   -2.50   -2.61  0.9115  -53.3
2022  34 15 50    2.08   -2.50   -1.87  -566.1    33.4    16.7   2.93    91507  1.88   481   -44  0  0 -0.1745   1.83    1.80   -2.62   -2.51  0.8911  -52.7
2022  34 15 55    1.09   -2.61   -1.91  -561.7    36.4    16.7   3.06    84145  1.94   446   -44  0  0 -0.1752   1.88    1.72   -2.65   -2.39  0.8641  -52.2
2022  34 16  0    2.25   -2.56   -2.49  -546.1    32.7     8.6   2.35    82629  1.41   445   -44  0  0 -0.1597   1.36    1.74   -2.65   -2.35  0.8487  -52.1
2022  34 16  5    1.76   -3.34   -1.88  -546.9    33.5     5.1   2.35    86165  1.41   503   -44  0  0 -0.1531   1.37    1.73   -2.74   -2.24  0.8242  -52.4
2022  34 16 10    1.54   -3.19   -1.31  -549.5    33.1     7.8   3.64    59386  2.21   554   -43  0  0 -0.1569   2.14    1.69   -2.81   -2.05  0.7835  -52.1
2022  34 16 15    0.65   -0.49   -0.77  -548.8    40.8     4.7   4.73    47045  2.86   498   -41  0  0 -0.1543   2.77    1.54   -2.48   -1.79  0.7086  -51.4
2022  34 16 20   -1.08    3.30   -0.65  -543.7    32.4    -0.0   4.82    55266  2.86   491   -37  0  0 -0.1419   2.77    1.18   -1.63   -1.55  0.6593  -51.3
2022  34 16 25   -1.03    3.77   -0.34  -544.6    32.6     3.9   3.68    57684  2.19   580   -37  0  0 -0.1484   2.12    0.74   -0.73   -1.34  0.6216  -50.8
2022  34 16 30   -0.89    3.63    0.00  -544.1    32.9     3.3   4.15    55266  2.46   539   -37  0  0 -0.1472   2.39    0.46    0.16   -1.06  0.5739  -50.0
2022  34 16 35   -0.66    3.93    0.01  -542.9    43.9     0.7   3.62    56697  2.15   437   -36  0  0 -0.1476   2.08    0.04    1.09   -0.71  0.5162  -48.8
2022  34 16 40   -0.61    3.77   -0.20  -539.0    35.8     1.1   3.72    56267  2.17   426   -37  0  0 -0.1444   2.10   -0.30    2.10   -0.47  0.4747  -47.9
2022  34 16 45   -1.30    3.60   -0.35  -532.9    38.2     0.4   3.96    57485  2.26   292   -35  0  0 -0.1444   2.19   -0.70    3.07   -0.33  0.4505  -47.5
2022  34 16 50   -1.69    3.21   -0.64  -534.4    39.6     2.3   3.95    60676  2.27   267   -33  0  0 -0.1485   2.20   -1.04    3.60   -0.31  0.4652  -47.1
2022  34 16 55   -0.51    3.02   -0.14  -534.8    33.2     1.8   4.50    53220  2.59   228   -32  0  0 -0.1443   2.50   -0.96    3.56   -0.24  0.4483  -46.4
2022  34 17  0    0.03    2.92    0.67  -539.0    29.7    -0.4   5.72    42692  3.33   193   -30  0  0 -0.1385   3.23   -0.80    3.44   -0.09  0.4162  -45.6
2022  34 17  5    0.27    3.64    1.05  -535.5    33.7     1.2   4.45    51106  2.56   168   -29  0  0 -0.1437   2.48   -0.64    3.44    0.06  0.3954  -45.8
2022  34 17 10    1.58    1.97    2.18  -529.5    44.9     2.1   4.21    43580  2.38   226   -30  0  0 -0.1519   2.30   -0.32    3.16    0.37  0.3406  -46.4
2022  34 17 15   -0.52   -0.59    0.31  -541.6    44.4    -3.7   7.03    32991  4.16   166   -28  0  0 -0.1411   4.02   -0.31    2.54    0.44  0.2838  -46.3
2022  34 17 20    0.39   -1.83   -0.42  -533.4    40.6   -13.1   8.62    39177  4.93   144   -26  0  0 -0.1230   4.78   -0.06    1.76    0.43  0.2672  -45.9
2022  34 17 25    0.22   -3.08   -0.38  -534.9    26.1    -0.3   7.57    33441  4.34   121   -23  0  0 -0.1382   4.21    0.21    0.86    0.47  0.2592  -45.9
2022  34 17 30   -0.33   -3.43   -1.55  -538.7    27.7    -7.0   7.05    31056  4.11   144   -24  0  0 -0.1277   3.97    0.23   -0.06    0.27  0.3000  -46.2
2022  34 17 35   -0.45   -4.01   -1.19  -543.9    25.8    -1.2   6.29    32732  3.73   113   -24  0  0 -0.1373   3.61    0.17   -1.05    0.00  0.3547  -45.9
2022  34 17 40   -0.21   -4.07   -1.14  -542.2    25.2    -4.6   6.75    33501  3.98   122   -25  0  0 -0.1317   3.85    0.10   -2.15   -0.31  0.4062  -45.9
2022  34 17 45    0.58   -3.73   -1.19  -537.2    27.0    -5.1   7.78    31095  4.50   153   -24  0  0 -0.1326   4.36   -0.05   -2.96   -0.79  0.4862  -46.3
2022  34 17 50    0.43   -2.77   -0.62  -530.8    30.0   -12.8  11.02    33686  6.23   177   -22  0  0 -0.1215   6.04    0.09   -3.27   -0.93  0.5419  -46.0
2022  34 17 55    0.55   -3.70   -0.58  -527.2    29.6    -9.7  11.18    30781  6.24   204   -19  0  0 -0.1277   6.04    0.11   -3.54   -0.95  0.5636  -46.3
2022  34 18  0    1.30   -4.47   -0.18  -531.2    27.5    -8.8   8.54    34239  4.84   270   -19  0  0 -0.1290   4.68    0.27   -3.74   -0.92  0.5725  -46.5
2022  34 18  5    1.43   -4.02    0.35  -528.8    27.8    -7.2  10.14    34762  5.69   235   -19  0  0 -0.1331   5.51    0.52   -3.82   -0.65  0.5314  -46.0
2022  34 18 10    1.64   -3.24    1.38  -530.6    26.9    -5.2  11.28    32776  6.37   206   -18  0  0 -0.1372   6.17    0.82   -3.71   -0.28  0.4688  -44.5
2022  34 18 15   -0.80   -1.84   -0.51  -531.4    23.3    -2.3   9.36    54898  5.31   201   -18  0  0 -0.1412   5.13    0.73   -3.40   -0.19  0.4299  -44.1
2022  34 18 20   -0.76    0.96   -0.08  -538.2    23.7     0.4   5.04   121475  2.93   198   -23  0  0 -0.1472   2.83    0.54   -2.73   -0.03  0.3687  -44.0
2022  34 18 25   -2.93    0.90   -1.90  -540.5    28.3    -8.8   5.63   122585  3.30   255   -27  0  0 -0.1353   3.20    0.06   -2.20   -0.22  0.4020  -43.5
2022  34 18 30   -1.17   -2.54    0.70  -540.6    32.9   -13.3   5.40   127951  3.17   167   -25  0  0 -0.1318   3.07   -0.18   -2.04   -0.03  0.3627  -42.8
2022  34 18 35   -0.72   -1.56    1.29  -542.2    25.5    -8.4   5.32   133544  3.14   155   -25  0  0 -0.1370   3.04   -0.47   -1.62    0.18  0.3028  -42.5
2022  34 18 40   -1.32    0.41   -0.49  -539.9    28.9   -10.9   5.72   121338  3.35   151   -24  0  0 -0.1364   3.24   -0.87   -0.99    0.06  0.2877  -42.4
2022  34 18 45   -0.62   -1.24   -0.77  -540.5    40.9   -11.4   5.38   135540  3.16   146   -24  0  0 -0.1448   3.06   -1.19   -0.70   -0.25  0.3156  -41.8
2022  34 18 50   -0.07   -3.11   -1.48  -537.8    35.2   -10.5   4.11   128406  2.39   138   -25  0  0 -0.1444   2.31   -1.08   -0.88   -0.39  0.3558  -41.6
2022  34 18 55    0.06   -2.99   -0.87  -538.3    27.6    -8.3   4.02   138091  2.34   158   -27  0  0 -0.1450   2.26   -0.97   -1.45   -0.50  0.4028  -41.2
2022  34 19  0   -0.23   -2.07   -1.09  -540.4     5.7    -6.2   4.56   112546  2.67   142   -26  0  0 -0.1357   2.58   -0.58   -1.87   -0.39  0.3788  -41.2
2022  34 19  5   -0.69   -2.17   -0.60  -542.5     0.2    -4.1   5.73    79243  3.37   269   -21  0  0 -0.1373   3.27   -0.51   -1.82   -0.57  0.4061  -41.5
2022  34 19 10   -1.68   -2.57   -0.77  -542.7     3.6    -0.3   6.06    72345  3.57   188   -23  0  0 -0.1478   3.46   -0.65   -1.96   -0.87  0.4637  -41.7
2022  34 19 15   -2.50   -2.63   -0.82  -544.4     5.2    -2.7   5.97    67409  3.54   137   -24  0  0 -0.1467   3.43   -0.82   -2.40   -0.91  0.4942  -41.6
2022  34 19 20   -2.48   -2.97   -0.99  -546.3    -0.8   -11.7   5.37    76498  3.21   220   -23  0  0 -0.1292   3.11   -1.08   -2.64   -0.95  0.5153  -41.7
2022  34 19 25   -1.62   -2.08   -0.52  -543.4     8.5    -5.7   5.38    89314  3.18   365   -22  0  0 -0.1477   3.08   -1.31   -2.50   -0.81  0.4794  -41.6
2022  34 19 30   -1.08   -1.55   -0.95  -536.3    17.6   -18.2   6.77    90875  3.90   270   -21  0  0 -0.1346   3.78   -1.47   -2.29   -0.82  0.4701  -41.2
2022  34 19 35   -0.77   -2.13   -0.61  -531.7    15.2   -18.3   6.60   101663  3.74   295   -19  0  0 -0.1347   3.62   -1.55   -2.30   -0.75  0.4544  -40.7
2022  34 19 40   -0.51   -2.24    0.09  -532.1    17.6   -13.8   6.37   108998  3.62   390   -20  0  0 -0.1465   3.50   -1.52   -2.31   -0.65  0.4351  -40.4
2022  34 19 45   -0.99   -2.26    0.37  -530.4    14.5    -6.6   6.37    99840  3.59   462   -20  0  0 -0.1590   3.47   -1.42   -2.27   -0.49  0.4007  -40.2
2022  34 19 50   -1.41   -2.09    1.12  -529.7    15.8    -5.8   6.01    96570  3.37   407   -20  0  0 -0.1636   3.27   -1.27   -2.19   -0.21  0.3489  -39.6
2022  34 19 55   -0.87   -2.22    1.33  -525.3    13.7   -10.2   6.03    88012  3.33   434   -20  0  0 -0.1567   3.23   -1.04   -2.08    0.12  0.2880  -39.3
2022  34 20  0   -2.55   -2.45   -0.92  -531.7    12.2    -9.1   5.83    62605  3.30   392   -19  0  0 -0.1600   3.20   -1.17   -2.13    0.06  0.3015  -38.8
2022  34 20  5   -2.46   -2.31   -0.49  -532.2    11.1    -8.8   5.87    59339  3.33   404   -18  0  0 -0.1622   3.22   -1.37   -2.24    0.13  0.2927  -38.3
2022  34 20 10   -2.99   -2.15   -0.26  -533.3     9.0    -7.9   6.13    71018  3.49   340   -17  0  0 -0.1647   3.38   -1.68   -2.25    0.18  0.2829  -38.1
2022  34 20 15   -3.00   -2.21    0.49  -535.3     5.7    -4.4   6.11    82124  3.50   268   -17  0  0 -0.1707   3.39   -2.04   -2.24    0.23  0.2738  -37.9
2022  34 20 20   -2.86   -2.27    0.88  -533.3     4.3    -2.6   6.31    75952  3.59   290   -17  0  0 -0.1753   3.48   -2.31   -2.24    0.31  0.2646  -38.1
2022  34 20 25   -2.80   -2.12    1.18  -533.4     6.3    -2.5   6.54    81464  3.72   282   -17  0  0 -0.1796   3.60   -2.50   -2.25    0.32  0.2644  -38.2
2022  34 20 30   -2.94   -1.29    1.10  -533.8    11.0    -5.4   6.83    89481  3.90   236   -18  0  0 -0.1810   3.77   -2.80   -2.11    0.28  0.2557  -38.3
2022  34 20 35    1.74   -0.12   -0.73  -521.0    15.9    -6.6   6.83    88612  3.71   214   -17  0  0 -0.1855   3.60   -2.19   -1.78    0.31  0.2349  -38.6
2022  34 20 40    0.25   -0.31    0.45  -525.5    15.7    -3.5   7.02    89944  3.88   215   -16  0  0 -0.1935   3.76   -1.80   -1.50    0.44  0.1805  -38.8
2022  34 20 45   -0.04   -1.07   -0.33  -526.1    19.1    -5.7   7.26    93544  4.03   196   -17  0  0 -0.1952   3.90   -1.38   -1.34    0.43  0.1695  -38.9
2022  34 20 50    0.21    0.15   -0.01  -522.9    19.2    -8.3   7.06    94646  3.87   202   -18  0  0 -0.1937   3.75   -0.92   -1.00    0.36  0.1461  -38.7
2022  34 20 55   -0.78   -0.21    0.47  -518.0    18.8    -8.4   7.08    88917  3.80   230   -17  0  0 -0.1962   3.69   -0.62   -0.71    0.30  0.1222  -38.7
2022  34 21  0   -2.45   -1.02   -0.58  -520.0    18.4    -7.7   6.42   101747  3.47   252   -18  0  0 -0.2001   3.37   -0.57   -0.55    0.05  0.1492  -38.7
2022  34 21  5   -1.91   -1.19   -0.44  -525.6    14.1    -6.7   6.04   109703  3.34   226   -19  0  0 -0.2014   3.23   -0.43   -0.54   -0.17  0.1827  -39.1
2022  34 21 10   -2.12   -1.20   -0.35  -529.6    11.9   -11.9   5.71   101034  3.21   203   -19  0  0 -0.1938   3.11   -0.98   -0.69   -0.11  0.1732  -39.7
2022  34 21 15   -2.53   -0.23    0.23  -521.5    22.4   -12.4   6.47   108604  3.53   180   -22  0  0 -0.2043   3.42   -1.37   -0.68   -0.14  0.1738  -40.4
2022  34 21 20   -2.37   -0.29    0.15  -516.9    21.0   -13.2   6.95   111766  3.72   161   -23  0  0 -0.2049   3.61   -1.71   -0.57   -0.08  0.1419  -41.2
2022  34 21 25   -2.81   -0.87   -0.57  -518.2    25.9   -14.1   6.72   100391  3.62   161   -23  0  0 -0.2105   3.51   -2.14   -0.72   -0.16  0.1783  -41.8
2022  34 21 30   -2.18   -0.75   -0.19  -516.0    23.3   -14.6   7.05   111286  3.76   170   -23  0  0 -0.2107   3.65   -2.34   -0.79   -0.25  0.2044  -42.5
2022  34 21 35   -1.05   -0.95    0.23  -513.0    27.7   -14.2   7.02    94695  3.71   171   -22  0  0 -0.2183   3.59   -2.14   -0.78   -0.13  0.1752  -42.5
2022  34 21 40   -1.52   -1.31    0.30  -514.7    23.1   -18.9   7.30    95587  3.88   159   -21  0  0 -0.2095   3.76   -2.08   -0.80   -0.03  0.1536  -42.3
2022  34 21 45   -1.44   -1.42   -0.96  -521.2    13.8   -24.5   7.28    78820  3.96   194   -20  0  0 -0.1957   3.84   -1.99   -0.83   -0.12  0.1763  -42.3
2022  34 21 50   -0.84   -1.33   -1.74  -524.6     2.6   -26.9   7.59    87847  4.19   155   -20  0  0 -0.1859   4.06   -1.74   -0.99   -0.40  0.2626  -42.2
2022  34 21 55   -0.77   -1.59   -2.14  -528.4     2.2   -21.7   7.80    71853  4.36   136   -20  0  0 -0.1980   4.23   -1.52   -1.17   -0.72  0.3602  -42.2
2022  34 22  0   -0.67   -0.65   -1.20  -531.0     7.1   -19.3   8.10    77225  4.58   171   -19  0  0 -0.2096   4.43   -1.21   -1.14   -0.81  0.3863  -42.2
2022  34 22  5   -0.78    1.76   -0.57  -530.6    25.2   -19.3   8.31    77842  4.70   201   -18  0  0 -0.2278   4.55   -1.01   -0.78   -0.87  0.4126  -42.3
2022  34 22 10   -0.75    1.93    0.17  -529.1    25.8   -19.3   8.41    81017  4.73   210   -18  0  0 -0.2316   4.58   -0.97   -0.37   -0.88  0.4300  -42.3
2022  34 22 15   -0.20    1.67    1.61  -525.0    24.7   -14.8   8.41    74936  4.65   219   -18  0  0 -0.2418   4.50   -0.78    0.05   -0.69  0.4183  -42.4
2022  34 22 20   -0.33    0.95    2.37  -521.6    20.5    -8.1   8.27    69808  4.51   235   -19  0  0 -0.2532   4.37   -0.62    0.39   -0.21  0.3576  -42.4
2022  34 22 25   -1.06    1.03    2.13  -523.5    17.8    -6.8   8.03    78768  4.40   200   -20  0  0 -0.2567   4.27   -0.65    0.73    0.34  0.2710  -42.6
2022  34 22 30   -0.69    0.84    1.98  -523.5    18.9   -11.6   7.94    85158  4.36   159   -20  0  0 -0.2528   4.22   -0.64    1.08    0.93  0.1698  -42.8
2022  34 22 35   -1.06    0.09    1.46  -523.7    17.6   -12.2   8.26    89737  4.54   138   -20  0  0 -0.2542   4.40   -0.70    1.18    1.31  0.1000  -43.1
2022  34 22 40   -0.95    0.26    1.96  -525.3    21.4   -10.4   8.37    77583  4.63   119   -20  0  0 -0.2639   4.48   -0.72    0.97    1.67  0.0471  -43.1
2022  34 22 45   -0.94    0.65    1.85  -525.4    21.9    -8.5   8.59    83831  4.75    87   -20  0  0 -0.2711   4.60   -0.75    0.78    1.91  0.0143  -43.0
2022  34 22 50    0.86    0.82    0.92  -519.1    25.4    -8.0   8.51    85955  4.60    91   -19  0  0 -0.2784   4.45   -0.60    0.66    1.81  0.0100  -42.8
2022  34 22 55    1.14   -0.12    0.39  -516.3    18.3   -11.9   8.87    96556  4.74    84   -18  0  0 -0.2692   4.59   -0.39    0.51    1.53  0.0088  -42.6
2022  34 23  0    0.71   -0.88    2.61  -522.7    19.0   -14.1   8.05    69960  4.41    92   -18  0  0 -0.2696   4.27   -0.13    0.24    1.60  0.0078  -42.4
2022  34 23  5    0.63   -0.50    1.27  -524.2    14.9   -14.2   8.38    84099  4.61   123   -18  0  0 -0.2695   4.47    0.06    0.05    1.49  0.0073  -41.8
2022  34 23 10    1.28   -0.94    2.05  -525.2    16.0    -8.0   8.66    78423  4.78   110   -18  0  0 -0.2845   4.63    0.39   -0.10    1.58  0.0090  -41.6
2022  34 23 15    2.05    2.02    1.47  -517.6    19.9    -6.1   8.74    80897  4.69   125   -16  0  0 -0.2947   4.54    0.82    0.15    1.51  0.0223  -41.4
2022  34 23 20    2.54    0.33    1.70  -515.1    15.8     5.5   9.19   114739  4.88   128   -16  0  0 -0.3149   4.73    1.32    0.10    1.49  0.0216  -41.3
2022  34 23 25    2.53   -0.16    1.84  -516.8    15.4     1.3   9.27   100616  4.96   131   -16  0  0 -0.3107   4.80    1.55   -0.04    1.62  0.0172  -40.8
2022  34 23 30   -0.75   -1.90    1.92  -523.9    12.3    -1.1   9.79    63175  5.38   137   -14  0  0 -0.3072   5.21    1.28   -0.29    1.84  0.0259  -40.3
2022  34 23 35    0.22   -1.78    2.53  -526.1     9.5     3.0  10.43    59848  5.78   150   -10  0  0 -0.3153   5.59    1.21   -0.42    1.83  0.0303  -40.1
2022  34 23 40    0.66   -3.15    2.74  -539.4     8.5    -0.4  13.06    83727  7.63   182    -5  0  0 -0.3120   7.36    1.22   -0.80    2.04  0.0451  -39.7
2022  34 23 45    1.55   -2.30    2.45  -543.0     7.5    -3.2  15.86    92304  9.36   183     0  0  0 -0.3100   9.06    1.26   -0.99    2.09  0.0533  -39.3
2022  34 23 50   -0.23   -3.02    2.97  -553.4     5.9    -8.6  15.65   106652  9.59   185     1  0  0 -0.3034   9.29    0.93   -1.71    2.31  0.0534  -38.5
2022  34 23 55    1.28    2.40   -1.44  -552.9     8.6   -16.6  16.53   128052 10.12   156     2  0  0 -0.2961   9.80    0.75   -1.42    1.86  0.1425  -38.5
2022  35  0  0    1.63    2.22   -5.29  -555.9     7.1   -10.9  13.51    68343  8.35   118     1  0  0 -0.3076   8.09    0.62   -1.08    0.84  0.3415  -38.1
2022  35  0  5    0.68    1.39   -6.31  -554.4    11.5    -9.0  14.56    72510  8.96   147     0  0  0 -0.3176   8.67    0.83   -0.61   -0.34  0.5557  -37.9
2022  35  0 10   -3.33   -3.92   -3.39  -557.4     9.8   -19.0  14.48    92559  9.01   236     2  0  0 -0.3036   8.73    0.32   -0.91   -1.18  0.7033  -38.1
2022  35  0 15   -3.74   -5.78   -1.93  -558.9     3.8   -20.8  15.39    91822  9.62   319     2  0  0 -0.2994   9.33   -0.31   -1.29   -1.85  0.8138  -39.1
2022  35  0 20   -2.56   -4.90   -3.26  -556.9     4.0   -23.8  15.80    90597  9.81   344     0  0  0 -0.2980   9.51   -0.90   -1.66   -2.66  0.9569  -40.8
2022  35  0 25    0.51   -0.89   -4.98  -566.8     0.1   -13.4  21.41    72875 13.79   276     3  0  0 -0.3154  13.33   -0.79   -1.35   -3.80  1.1392  -41.6
2022  35  0 30   -3.82   -5.45   -0.07  -575.8    -5.7    -0.7  24.33    82467 16.13   305     6  0  0 -0.3344  15.63   -1.52   -2.48   -3.60  1.1357  -43.1
2022  35  0 35   -4.52   -6.14    1.35  -574.1   -12.0   -11.4  15.09    88400  9.98   434    -3  0  0 -0.3161   9.64   -2.40   -3.67   -2.66  1.0034  -44.3
2022  35  0 40   -4.81   -4.95    1.37  -584.5   -13.7     1.0  16.46   135967 11.25   318    -4  0  0 -0.3376  10.90   -3.18   -4.58   -1.56  0.8349  -45.1
2022  35  0 45   -5.78   -5.24    1.51  -583.5   -18.8     0.9  14.64   152582  9.98   293    -6  0  0 -0.3368   9.67   -3.53   -4.76   -0.86  0.7375  -45.3
2022  35  0 50   -6.16   -5.32   -1.08  -587.3   -14.2    -4.0  13.52   129376  9.34   245    -7  0  0 -0.3362   9.04   -3.88   -4.70   -0.74  0.7212  -45.3
2022  35  0 55   -6.27   -5.09   -0.13  -587.9   -11.1    -6.1  14.82   124907 10.24   230    -7  0  0 -0.3385   9.93   -4.41   -4.73   -0.29  0.6538  -45.6
2022  35  1  0   -6.55   -5.31    0.25  -584.3    -8.8    -3.8  15.37   134149 10.50   308    -6  0  0 -0.3469  10.17   -5.42   -5.36    0.46  0.5371  -45.5
2022  35  1  5   -5.82   -5.91   -1.10  -582.2   -15.4    -4.1  14.17   119785  9.61   380    -6  0  0 -0.3445   9.31   -5.70   -5.42    0.31  0.5655  -45.8
2022  35  1 10   -5.10   -5.40   -2.12  -580.2   -15.1    -8.2  14.04   107918  9.46   502    -8  0  0 -0.3415   9.16   -5.78   -5.32   -0.19  0.6329  -46.2
2022  35  1 15   -5.08   -4.63   -1.54  -578.0   -10.5    -8.6  15.02   109266 10.04   673    -8  0  0 -0.3473   9.73   -5.82   -5.27   -0.60  0.6917  -46.3
2022  35  1 20   -3.61   -4.91   -1.61  -571.4    -8.8    -1.0  15.71   123901 10.26   693    -8  0  0 -0.3634   9.94   -5.51   -5.22   -1.05  0.7515  -46.6
2022  35  1 25   -3.74   -4.81   -1.39  -570.8    -9.3     2.9  14.77   108792  9.63   714    -9  0  0 -0.3722   9.32   -5.17   -5.15   -1.09  0.7508  -47.2
2022  35  1 30   -2.92   -5.34   -0.66  -564.8    -7.9    -1.7  15.84   116720 10.10   719    -9  0  0 -0.3688   9.79   -4.69   -5.19   -1.17  0.7602  -47.7
2022  35  1 35   -2.55   -4.62   -1.04  -568.5    -3.9    -3.9  16.15   117469 10.44   616    -9  0  0 -0.3713  10.11   -4.12   -5.09   -1.35  0.7792  -47.7
2022  35  1 40   -3.32   -3.68   -1.45  -564.7    -0.6    -9.4  17.09   119861 10.90   491    -8  0  0 -0.3677  10.56   -3.76   -4.77   -1.40  0.7658  -47.5
2022  35  1 45   -2.64   -4.54   -1.26  -563.0    -7.0    -9.4  16.55   115468 10.50   357    -7  0  0 -0.3657  10.17   -3.41   -4.65   -1.28  0.7332  -47.6
2022  35  1 50   -1.90   -4.65   -1.42  -561.4    -8.7   -10.8  16.59   114187 10.47   331    -6  0  0 -0.3649  10.13   -2.95   -4.65   -1.26  0.7261  -47.4
2022  35  1 55   -1.08   -4.14   -0.95  -554.2     1.1   -15.2  18.20   109300 11.18   311    -6  0  0 -0.3674  10.84   -2.59   -4.54   -1.17  0.6995  -46.6
2022  35  2  0   -0.90   -3.13   -1.87  -551.6     3.2   -17.9  18.16   112968 11.06   327    -5  0  0 -0.3669  10.71   -2.19   -4.30   -1.24  0.6963  -45.5
2022  35  2  5   -1.18   -6.21   -1.55  -550.9    -5.9   -15.7  14.55   108123  8.84   347    -7  0  0 -0.3664   8.56   -1.94   -4.42   -1.36  0.7194  -45.5
2022  35  2 10   -2.11   -7.48   -3.09  -552.4   -19.0   -10.4  10.58    88571  6.47   371   -12  0  0 -0.3680   6.26   -1.88   -4.83   -1.66  0.7807  -46.1
2022  35  2 15   -2.48   -5.74   -2.69  -557.7   -16.8   -14.3  11.31    95587  7.04   411   -16  0  0 -0.3661   6.82   -1.76   -5.13   -1.83  0.8231  -44.8
2022  35  2 20   -1.31   -5.29   -1.62  -547.0    -2.2   -15.4  17.33   124960 10.39   443   -11  0  0 -0.3769  10.05   -1.57   -5.23   -1.88  0.8333  -44.2
2022  35  2 25    0.22   -7.43   -2.51  -535.0   -18.0   -13.6  13.00   113583  7.48   489    -6  0  0 -0.3698   7.22   -1.26   -5.63   -2.04  0.8680  -43.9
2022  35  2 30    0.70   -7.07   -2.34  -527.6   -17.4   -16.4  12.86   110516  7.17   385   -11  0  0 -0.3673   6.95   -1.01   -6.05   -2.24  0.9120  -43.9
2022  35  2 35   -0.81   -8.51   -2.51  -539.2   -27.5   -19.4  10.06    89025  5.88   352   -13  0  0 -0.3579   5.69   -1.00   -6.82   -2.33  0.9550  -43.3
2022  35  2 40   -0.21   -8.53   -2.47  -541.6   -26.4   -14.7   9.11    91219  5.36   287   -16  0  0 -0.3691   5.19   -0.86   -7.15   -2.46  0.9858  -44.2
2022  35  2 45    0.15   -8.56   -1.80  -537.0   -30.4   -13.8   9.11    72307  5.27   405   -17  0  0 -0.3695   5.11   -0.53   -7.30   -2.28  0.9612  -45.1
2022  35  2 50    0.73   -3.28   -0.72  -541.5     0.7   -15.0  19.09   106113 11.20   429   -16  0  0 -0.3925  10.85   -0.08   -6.95   -2.00  0.8911  -44.7
2022  35  2 55    0.44   -2.93    1.18  -542.2     2.5    -5.4  16.79   116484  9.87   435    -6  0  0 -0.4121   9.56    0.17   -6.62   -1.60  0.8082  -45.2
2022  35  3  0    3.55   -2.72   -3.19  -529.3     0.8    -9.6  13.94   112626  7.84   445    -6  0  0 -0.4053   7.57    0.65   -5.94   -1.69  0.8018  -47.0
2022  35  3  5    1.12   -4.09   -2.96  -526.8     3.2   -28.1  12.79   108751  7.12   440   -13  0  0 -0.3762   6.90    0.71   -5.52   -1.78  0.8009  -47.5
2022  35  3 10   -3.63   -4.92    0.11  -549.0   -14.9   -19.3  16.41    80507  9.91   271   -16  0  0 -0.3824   9.60    0.31   -5.00   -1.41  0.7238  -46.1
2022  35  3 15   -3.85   -5.32    0.31  -547.9    -9.6   -15.4  16.21    57174  9.75   258    -8  0  0 -0.3943   9.44   -0.21   -4.55   -1.01  0.6465  -46.6
2022  35  3 20   -4.22   -4.69    1.27  -547.0   -11.4   -17.3  16.90    55379 10.14   295    -8  0  0 -0.3915   9.81   -0.84   -3.99   -0.57  0.5603  -47.6
2022  35  3 25   -4.17   -4.37    1.12  -546.8   -14.8   -17.8  17.11    51759 10.25   271    -9  0  0 -0.3900   9.93   -1.54   -4.15   -0.31  0.5348  -48.5
2022  35  3 30   -5.08   -4.94    0.42  -547.0   -14.7   -13.4  13.66    51533  8.18   259   -12  0  0 -0.3991   7.93   -2.33   -4.44   -0.42  0.5714  -46.2
2022  35  3 35   -5.35   -4.22    1.59  -550.0   -12.5   -12.2  12.45    49165  7.54   296   -19  0  0 -0.4042   7.30   -3.60   -4.65    0.27  0.4759  -45.2
2022  35  3 40   -3.14   -6.94    0.71  -549.9     6.3   -17.3   6.60   113010  4.00   240   -17  0  0 -0.4090   3.87   -4.21   -5.06    0.79  0.4251  -45.2
2022  35  3 45   -3.03   -7.52    0.62  -547.6     7.4   -26.8   5.68    98043  3.42   198   -21  0  0 -0.3946   3.31   -4.12   -5.43    0.86  0.4411  -44.3
2022  35  3 50   -2.14   -7.17   -0.50  -547.0    10.8   -23.4   7.29   107323  4.37   172   -25  0  0 -0.4035   4.23   -3.88   -5.69    0.75  0.4732  -43.7
2022  35  3 55   -0.90   -7.50   -2.20  -549.9    35.5   -14.4   6.55   110721  3.97   182   -22  0  0 -0.4347   3.86   -3.40   -6.09    0.25  0.5659  -42.3
2022  35  4  0   -1.19   -7.62   -2.68  -555.8    33.2    -7.4   5.57    76098  3.46   149   -23  0  0 -0.4462   3.35   -2.98   -6.56   -0.29  0.6727  -42.4
2022  35  4  5   -0.18   -7.37   -2.34  -560.6    34.7     0.1   6.57   108751  4.15   144   -20  0  0 -0.4604   4.01   -2.28   -6.91   -0.69  0.7542  -42.2
2022  35  4 10   -0.08   -6.94   -1.32  -560.4    26.6    -1.9   6.39   101068  4.03   161   -18  0  0 -0.4532   3.90   -1.52   -7.29   -1.10  0.8371  -40.9
2022  35  4 15    0.54   -7.07   -0.40  -559.1    18.5    -6.1   6.44   109829  4.03   231   -17  0  0 -0.4423   3.90   -1.00   -7.31   -1.26  0.8601  -40.1
2022  35  4 20    0.24   -7.62   -0.41  -551.1     9.8     8.9   6.46   112093  3.93   223   -17  0  0 -0.4637   3.80   -0.53   -7.33   -1.41  0.8794  -39.4
2022  35  4 25    1.35   -8.65    0.79  -551.5    28.5    -9.4   4.97    82113  3.03   208   -20  0  0 -0.4432   2.94   -0.03   -7.54   -1.22  0.8717  -39.8
2022  35  4 30    1.80   -9.01    0.93  -557.2    25.5   -27.6   4.36    83188  2.71   172   -21  0  0 -0.4109   2.63    0.35   -7.75   -0.78  0.8289  -39.5
2022  35  4 35    1.31   -7.75   -2.68  -560.4    26.9   -12.6   6.38   127453  4.02   192   -23  0  0 -0.4376   3.89    0.71   -7.77   -0.78  0.8311  -39.5
2022  35  4 40    1.15   -8.16   -2.76  -559.1    27.3    14.8   4.93   109927  3.09   189   -20  0  0 -0.4848   2.99    0.90   -7.89   -0.84  0.8442  -39.5
2022  35  4 45    1.36   -7.93   -3.22  -558.2    26.5     3.3   4.98    97759  3.11   170   -21  0  0 -0.4650   3.01    1.11   -8.03   -1.11  0.8902  -39.3
2022  35  4 50    0.69   -7.20   -4.76  -551.3    39.1    47.9   4.17    57953  2.57   187   -23  0  0 -0.5489   2.49    1.13   -8.05   -1.73  0.9828  -39.6
2022  35  4 55    1.33   -8.90   -5.29  -558.2    13.7    20.1   3.08    23404  1.93   165   -24  0  0 -0.4873   1.86    1.28   -8.23   -2.43  1.0916  -38.7
2022  35  5  0    1.33   -9.93   -3.88  -569.5    19.6    16.7   3.17    20128  2.06   155   -27  0  0 -0.4838   2.00    1.28   -8.41   -3.09  1.1926  -39.2
2022  35  5  5    1.43   -9.97   -3.88  -555.8    19.6     5.0   2.61    19104  1.61   180   -28  0  0 -0.4644   1.56    1.23   -8.55   -3.78  1.2851  -39.4
2022  35  5 10    1.71   -9.92   -3.78  -556.3    20.5    16.3   2.71    21657  1.68   179   -31  0  0 -0.4842   1.63    1.29   -8.86   -3.94  1.3179  -39.6
2022  35  5 15    1.88   -9.97   -3.67  -553.9    21.9    14.6   2.55    19886  1.57   188   -31  0  0 -0.4818   1.52    1.39   -9.12   -4.07  1.3440  -40.1
2022  35  5 20    1.37  -10.03   -3.94  -553.4    16.0    11.8   2.53    19774  1.55   216   -30  0  0 -0.4738   1.50    1.39   -9.42   -4.17  1.3673  -39.9
2022  35  5 25    1.27   -9.61   -5.09  -550.5    15.6    10.8   2.49    21742  1.51   317   -30  0  0 -0.4716   1.46    1.47   -9.76   -4.22  1.3811  -40.2
2022  35  5 30    2.90   -9.76   -3.99  -553.9    18.3     5.6   2.38    21936  1.46   416   -29  0  0 -0.4632   1.42    1.70   -9.88   -4.03  1.3567  -39.7
2022  35  5 35    3.83   -9.86   -2.73  -556.0    27.5    10.3   2.92    28180  1.81   474   -29  0  0 -0.4749   1.75    2.06   -9.87   -3.87  1.3282  -39.0
2022  35  5 40    3.43   -9.86   -3.74  -554.1    28.8    14.9   2.90    26466  1.78   543   -27  0  0 -0.4829   1.73    2.34   -9.86   -3.85  1.3246  -38.6
2022  35  5 45    3.44   -9.80   -4.11  -555.5    26.4    12.2   2.55    20255  1.58   539   -26  0  0 -0.4762   1.53    2.59   -9.84   -3.90  1.3303  -38.1
2022  35  5 50    3.42   -9.90   -4.08  -557.4    24.6    11.7   2.47    20152  1.54   503   -27  0  0 -0.4736   1.49    2.81   -9.83   -3.95  1.3396  -37.7
2022  35  5 55    3.54   -9.73   -4.44  -559.5    24.9    17.9   2.38    27478  1.50   480   -26  0  0 -0.4834   1.45    3.12   -9.79   -4.03  1.3513  -37.2
2022  35  6  0    3.65   -9.49   -5.01  -560.4    27.2    33.2   2.58    27141  1.63   503   -25  0  0 -0.5097   1.58    3.46   -9.77   -4.01  1.3552  -36.8
2022  35  6  5    3.74   -9.62   -4.67  -562.0    25.2    28.4   2.64    25983  1.67   526   -26  0  0 -0.4994   1.62    3.58   -9.75   -4.11  1.3725  -36.8
2022  35  6 10    3.87   -9.57   -4.80  -560.2    13.6    24.8   2.53    22239  1.59   475   -25  0  0 -0.4873   1.54    3.58   -9.71   -4.41  1.4134  -37.1
2022  35  6 15    4.30   -9.70   -4.10  -557.7    24.7    23.5   2.57    25562  1.61   423   -26  0  0 -0.4887   1.55    3.71   -9.69   -4.46  1.4212  -37.6
2022  35  6 20    4.63   -9.43   -4.34  -561.3    25.5    36.6   2.94    26581  1.86   446   -27  0  0 -0.5100   1.81    3.88   -9.63   -4.49  1.4272  -38.1
2022  35  6 25    5.15   -9.10   -4.58  -560.1    28.1    31.5   3.28    26908  2.07   450   -27  0  0 -0.5010   2.00    4.13   -9.52   -4.56  1.4352  -38.2
2022  35  6 30    4.63   -9.06   -5.28  -557.5    27.0    36.9   2.89    26541  1.81   406   -27  0  0 -0.5088   1.75    4.28   -9.42   -4.68  1.4490  -39.1
2022  35  6 35    5.29   -8.86   -4.82  -551.5    33.2    38.8   3.10    29318  1.90   421   -26  0  0 -0.5138   1.84    4.52   -9.33   -4.66  1.4386  -40.0
2022  35  6 40    5.01   -8.47   -5.14  -550.8    37.4    30.7   4.46    46179  2.73   423   -25  0  0 -0.4994   2.64    4.70   -9.17   -4.72  1.4386  -40.4
2022  35  6 45    4.88   -8.15   -5.63  -549.9    30.3    31.8   5.11    53610  3.11   399   -25  0  0 -0.4972   3.01    4.84   -8.97   -4.84  1.4459  -41.1
2022  35  6 50    5.23   -8.15   -5.36  -549.2    32.7    30.3   4.74    52672  2.88   392   -25  0  0 -0.4937   2.79    4.97   -8.75   -5.02  1.4616  -42.1
2022  35  6 55    5.13   -8.16   -5.22  -544.3    34.8    31.2   5.60    58512  3.34   393   -26  0  0 -0.4948   3.24    5.05   -8.56   -5.15  1.4665  -43.2
2022  35  7  0    5.23   -8.04   -5.30  -543.7    32.7    30.6   5.93    65764  3.53   411   -26  0  0 -0.4911   3.42    5.06   -8.41   -5.25  1.4694  -43.8
2022  35  7  5    5.13   -8.10   -5.41  -542.9    31.0    28.7   5.62    70611  3.33   414   -27  0  0 -0.4852   3.23    5.13   -8.28   -5.27  1.4611  -44.4
2022  35  7 10    5.46   -7.99   -5.35  -545.1    32.3    27.8   5.07    59607  3.03   439   -28  0  0 -0.4817   2.94    5.15   -8.15   -5.34  1.4652  -45.1
2022  35  7 15    5.91   -8.07   -5.42  -546.2    39.2    29.4   4.47    42582  2.69   416   -31  0  0 -0.4845   2.60    5.28   -8.09   -5.38  1.4674  -45.6
2022  35  7 20    5.91   -7.79   -5.95  -543.8    36.0    28.8   3.75    42640  2.23   460   -34  0  0 -0.4805   2.16    5.43   -8.04   -5.43  1.4700  -46.3
2022  35  7 25    5.89   -7.63   -6.23  -544.6    34.2    29.5   3.71    36852  2.21   439   -35  0  0 -0.4788   2.15    5.52   -7.97   -5.55  1.4842  -46.8
2022  35  7 30    5.79   -7.88   -5.91  -541.0    37.2    31.7   4.14    44548  2.44   390   -36  0  0 -0.4818   2.37    5.62   -7.93   -5.65  1.4961  -47.2
2022  35  7 35    5.80   -7.95   -5.95  -537.5    38.0    30.3   4.21    41283  2.46   357   -35  0  0 -0.4775   2.38    5.70   -7.92   -5.75  1.5063  -47.4
2022  35  7 40    5.77   -7.99   -5.95  -534.2    36.5    32.0   4.20    42500  2.41   413   -34  0  0 -0.4781   2.34    5.79   -7.90   -5.82  1.5129  -47.6
2022  35  7 45    5.99   -7.90   -5.76  -532.2    34.7    33.4   4.50    32535  2.57   427   -33  0  0 -0.4779   2.49    5.87   -7.89   -5.88  1.5148  -47.6
2022  35  7 50    6.01   -7.90   -5.87  -530.7    34.5    34.0   4.07    38130  2.31   500   -35  0  0 -0.4766   2.24    5.88   -7.86   -5.95  1.5153  -47.4
2022  35  7 55    6.12   -7.81   -5.85  -527.2    35.1    35.4   4.01    38174  2.25   528   -35  0  0 -0.4772   2.18    5.91   -7.87   -5.93  1.5048  -48.0
2022  35  8  0    6.74   -8.24   -4.68  -530.4    37.4    32.8   3.14    36440  1.78   432   -38  0  0 -0.4699   1.73    6.03   -7.95   -5.71  1.4682  -48.6
2022  35  8  5    5.13   -7.93   -5.79  -530.3    36.4    32.6   4.83    58881  2.73   316   -38  0  0 -0.4666   2.65    5.94   -7.96   -5.69  1.4603  -49.2
2022  35  8 10    4.60   -7.68   -6.30  -522.8    38.4    26.2   5.40    72344  2.98   291   -36  0  0 -0.4533   2.88    5.77   -7.92   -5.74  1.4587  -49.7
2022  35  8 15    3.92   -7.26   -7.07  -531.6    42.5    14.4   5.49    59309  3.13   392   -35  0  0 -0.4286   3.03    5.50   -7.82   -5.90  1.4781  -50.4
2022  35  8 20    2.27   -6.11   -8.85  -532.1    37.3     9.0   6.21    77107  3.54   527   -33  0  0 -0.4143   3.42    4.97   -7.56   -6.34  1.5363  -50.9
2022  35  8 25    2.85   -6.32   -8.60  -526.5    36.7    12.2   6.71    47634  3.74   579   -33  0  0 -0.4175   3.62    4.52   -7.34   -6.73  1.5847  -50.9
2022  35  8 30    2.71   -6.36   -8.78  -524.6    31.6    10.3   6.03    43746  3.33   539   -34  0  0 -0.4097   3.23    4.03   -7.13   -7.15  1.6373  -51.2
2022  35  8 35    2.48   -6.31   -8.80  -527.9    32.4    10.7   6.05    59172  3.39   450   -35  0  0 -0.4075   3.28    3.42   -6.85   -7.74  1.7128  -51.7
2022  35  8 40    2.52   -6.27   -9.01  -525.4    35.9     5.3   5.43    42053  3.01   403   -38  0  0 -0.3953   2.92    3.05   -6.62   -8.20  1.7699  -51.9
2022  35  8 45    3.19   -7.73   -7.26  -523.3    39.6    27.7   6.23    57596  3.44   397   -38  0  0 -0.4354   3.33    2.85   -6.62   -8.34  1.7892  -52.5
2022  35  8 50    3.47   -5.99   -8.82  -514.5    44.5    11.0   5.06    61890  2.71   285   -38  0  0 -0.4024   2.62    2.78   -6.44   -8.59  1.8112  -53.5
2022  35  8 55    3.10   -6.71   -8.32  -518.9    38.4    17.2   5.79    55259  3.14   240   -40  0  0 -0.4094   3.04    2.90   -6.53   -8.51  1.7933  -54.4
2022  35  9  0    3.86   -5.83   -8.58  -516.1    46.8    10.8   6.31    54747  3.39   273   -41  0  0 -0.3960   3.28    3.05   -6.46   -8.51  1.7866  -55.4
2022  35  9  5    3.89   -5.40   -8.75  -514.5    49.5    11.8   6.24    54598  3.34   413   -42  0  0 -0.3954   3.23    3.22   -6.32   -8.51  1.7803  -56.3
2022  35  9 10    3.99   -4.98   -8.83  -512.5    47.2    12.8   6.56    59758  3.48   644   -44  0  0 -0.3936   3.37    3.43   -6.13   -8.51  1.7711  -57.6
2022  35  9 15    3.39   -5.10   -9.25  -507.8    38.0    16.4   5.93    57458  3.07   657   -46  0  0 -0.3956   2.98    3.56   -5.96   -8.54  1.7633  -58.5
2022  35  9 20    3.25   -5.11   -9.49  -508.6    34.9    18.1   4.70    45482  2.45   589   -49  0  0 -0.3948   2.37    3.56   -5.59   -8.86  1.7926  -59.3
2022  35  9 25    3.19   -5.16   -9.57  -505.3    33.9    18.7   4.42    44484  2.27   444   -51  0  0 -0.3926   2.20    3.52   -5.47   -8.97  1.7989  -59.9
2022  35  9 30    3.11   -5.03   -9.76  -507.3    36.0    17.5   4.43    44372  2.29   510   -52  0  0 -0.3872   2.22    3.53   -5.23   -9.18  1.8165  -60.2
2022  35  9 35    2.99   -5.25   -9.60  -510.4    38.1    11.8   4.42    50499  2.32   597   -52  0  0 -0.3730   2.24    3.40   -5.15   -9.32  1.8306  -60.7
2022  35  9 40    2.51   -5.50   -9.52  -505.3    36.8    18.4   4.21    54551  2.17   528   -52  0  0 -0.3825   2.10    3.20   -5.16   -9.43  1.8378  -61.2
2022  35  9 45    4.17   -6.54   -7.91  -505.9    35.6    26.5   4.75    47598  2.45   569   -53  0  0 -0.3946   2.37    3.23   -5.38   -9.30  1.8170  -61.6
2022  35  9 50    4.63   -6.50   -7.73  -506.7    42.2    18.8   4.79    46455  2.48   592   -53  0  0 -0.3774   2.40    3.41   -5.58   -9.08  1.7896  -62.1
2022  35  9 55    4.70   -6.34   -7.81  -504.3    44.4    17.5   4.76    45853  2.44   507   -53  0  0 -0.3720   2.37    3.61   -5.76   -8.84  1.7575  -62.9
2022  35 10  0    4.40   -5.92   -8.20  -506.9    44.1    18.6   4.60    40040  2.39   410   -55  0  0 -0.3704   2.31    3.79   -5.87   -8.65  1.7347  -63.6
2022  35 10  5    4.18   -5.82   -8.29  -508.9    43.9    20.1   4.80    41680  2.51   376   -57  0  0 -0.3696   2.43    3.94   -5.98   -8.44  1.7099  -64.0
2022  35 10 10    4.48   -5.73   -8.14  -508.1    41.7    18.1   4.34    51807  2.26   386   -57  0  0 -0.3618   2.19    4.15   -6.05   -8.23  1.6820  -64.5
2022  35 10 15    4.67   -5.51   -8.20  -510.3    41.4    17.1   4.14    45110  2.17   378   -57  0  0 -0.3561   2.10    4.46   -6.05   -8.04  1.6611  -65.4
2022  35 10 20    3.47   -5.73   -8.62  -509.1    42.6    15.9   4.32    45720  2.26   398   -58  0  0 -0.3505   2.19    4.36   -5.94   -8.14  1.6759  -66.4
2022  35 10 25    3.67   -5.91   -8.35  -504.9    38.4    12.9   4.35    43654  2.23   356   -61  0  0 -0.3406   2.16    4.22   -5.85   -8.23  1.6853  -66.9
2022  35 10 30    4.47   -5.67   -7.99  -501.2    41.5    16.6   4.77    40630  2.41   326   -62  0  0 -0.3452   2.34    4.19   -5.76   -8.26  1.6859  -67.2
2022  35 10 35    4.36   -5.95   -7.75  -496.8    43.2    20.8   4.53    39830  2.26   581   -62  0  0 -0.3508   2.19    4.19   -5.76   -8.19  1.6713  -67.5
2022  35 10 40    4.49   -5.68   -8.00  -503.3    49.2    17.0   4.19    54660  2.15   707   -60  0  0 -0.3403   2.08    4.23   -5.74   -8.15  1.6627  -67.4
2022  35 10 45    4.00   -6.18   -7.74  -506.7    46.4    16.3   4.43    56151  2.30   664   -59  0  0 -0.3346   2.22    4.16   -5.80   -8.09  1.6551  -67.0
2022  35 10 50    3.63   -5.92   -8.10  -510.2    42.1    16.0   3.89    53675  2.04   660   -58  0  0 -0.3293   1.98    4.01   -5.86   -8.08  1.6536  -66.6
2022  35 10 55    2.99   -5.34   -8.66  -511.2    41.4    11.9   4.71    59955  2.48   669   -57  0  0 -0.3176   2.40    3.94   -5.81   -8.08  1.6552  -66.3
2022  35 11  0    2.80   -5.59   -8.55  -513.3    41.0    11.2   4.76    55439  2.52   657   -58  0  0 -0.3125   2.45    3.82   -5.76   -8.11  1.6642  -66.3
2022  35 11  5    3.06   -5.36   -8.65  -513.1    39.4    11.5   4.59    49808  2.44   681   -59  0  0 -0.3092   2.36    3.62   -5.72   -8.21  1.6835  -66.0
2022  35 11 10    3.21   -5.22   -8.76  -512.4    41.3     9.0   4.44    45352  2.34   753   -59  0  0 -0.3013   2.27    3.45   -5.61   -8.35  1.7111  -65.8
2022  35 11 15    2.79   -5.45   -8.87  -513.3    40.1     7.2   4.24    43650  2.25   651   -57  0  0 -0.2941   2.18    3.21   -5.58   -8.48  1.7326  -65.0
2022  35 11 20    2.87   -5.83   -8.77  -513.0    40.2     6.8   3.73    34734  1.98   717   -57  0  0 -0.2898   1.91    3.05   -5.53   -8.62  1.7549  -63.8
2022  35 11 25    2.75   -6.67   -8.41  -512.9    31.6     4.7   3.04    35631  1.61   789   -56  0  0 -0.2804   1.56    2.92   -5.64   -8.67  1.7623  -62.3
2022  35 11 30    2.98   -6.43   -8.65  -520.3    20.4     7.7   2.72    29763  1.48   884   -55  0  0 -0.2799   1.43    2.92   -5.79   -8.67  1.7673  -60.9
2022  35 11 35    2.63   -6.27   -8.83  -517.6    23.0     9.4   3.30    29390  1.77   819   -51  0  0 -0.2804   1.72    2.90   -5.89   -8.71  1.7745  -59.7
2022  35 11 40    2.88   -6.01   -8.92  -515.9    30.4     8.6   3.63    31808  1.94   749   -51  0  0 -0.2772   1.88    2.87   -5.98   -8.74  1.7811  -59.0
2022  35 11 45    2.85   -6.19   -8.79  -514.9    33.2     4.5   2.72    29855  1.45   780   -53  0  0 -0.2666   1.40    2.82   -6.12   -8.75  1.7833  -58.6
2022  35 11 50    2.86   -6.82   -8.29  -514.2    29.8     5.4   2.96    32879  1.57   943   -54  0  0 -0.2641   1.52    2.83   -6.32   -8.67  1.7735  -58.6
2022  35 11 55    2.87   -6.79   -8.39  -514.3    26.1     4.3   2.78    29748  1.48  1077   -54  0  0 -0.2578   1.43    2.83   -6.45   -8.61  1.7670  -58.8
2022  35 12  0    2.99   -6.53   -8.53  -512.3    26.1     4.7   2.81    31486  1.48  1031   -55  0  0 -0.2552   1.43    2.87   -6.43   -8.63  1.7683  -58.9
2022  35 12  5    3.00   -6.56   -8.53  -512.5    23.1     5.4   2.66    35494  1.40   883   -55  0  0 -0.2525   1.36    2.87   -6.45   -8.61  1.7613  -59.2
2022  35 12 10    2.85   -6.76   -8.47  -507.8    26.0     1.8   2.32    30447  1.20  1016   -56  0  0 -0.2430   1.16    2.90   -6.52   -8.56  1.7490  -59.6
2022  35 12 15    2.54   -7.46   -8.00  -504.0    29.3     1.0   2.41    24561  1.23   894   -57  0  0 -0.2391   1.19    2.85   -6.73   -8.43  1.7260  -60.1
2022  35 12 20    2.81   -7.54   -7.47  -506.8    35.9     6.0   3.44    27509  1.78   792   -56  0  0 -0.2472   1.72    2.85   -6.92   -8.24  1.6983  -60.7
2022  35 12 25    2.96   -7.64   -7.01  -508.9    39.3    10.3   3.94    29666  2.06   862   -54  0  0 -0.2531   1.99    2.86   -7.04   -8.06  1.6732  -61.1
2022  35 12 30    2.83   -8.83   -5.44  -510.6    44.9     2.5   4.47    46120  2.35   879   -54  0  0 -0.2362   2.27    2.85   -7.33   -7.64  1.6214  -61.7
2022  35 12 35    2.44   -9.29   -4.61  -507.1    40.3   -10.3   3.38    44091  1.75   892   -56  0  0 -0.2071   1.69    2.78   -7.73   -7.08  1.5531  -62.1
2022  35 12 40    3.01   -8.73   -4.78  -512.5    41.4     0.9   4.08    45171  2.16   851   -55  0  0 -0.2260   2.09    2.78   -8.04   -6.54  1.4884  -61.8
2022  35 12 45    2.84   -8.67   -4.86  -509.9    41.7    -4.3   4.15    38493  2.17   727   -54  0  0 -0.2130   2.10    2.78   -8.31   -6.02  1.4274  -61.7
2022  35 12 50    2.95   -8.34   -5.72  -509.7    33.2    -6.0   3.32    36199  1.73   724   -54  0  0 -0.2045   1.68    2.83   -8.43   -5.70  1.3906  -61.6
2022  35 12 55    3.28   -7.79   -6.19  -511.4    28.8     2.3   3.02    37378  1.59   690   -56  0  0 -0.2163   1.53    2.90   -8.47   -5.52  1.3691  -63.0
2022  35 13  0    3.32   -7.61   -6.63  -509.0    23.1     0.6   3.87    29202  2.01   725   -55  0  0 -0.2085   1.95    2.95   -8.47   -5.46  1.3608  -63.5
2022  35 13  5    3.91   -5.37   -7.47  -513.0    30.9     4.9   7.87    35461  4.16   627   -55  0  0 -0.2160   4.03    3.11   -7.97   -5.75  1.3929  -63.7
2022  35 13 10    3.66   -5.48   -7.35  -513.3    34.1     5.6   8.16    31644  4.32   743   -49  0  0 -0.2154   4.18    3.28   -7.43   -6.14  1.4387  -64.3
2022  35 13 15    3.70   -5.79   -7.28  -511.3    33.3    -0.4   7.02    27442  3.69   797   -48  0  0 -0.2008   3.57    3.38   -7.01   -6.50  1.4787  -64.8
2022  35 13 20    3.92   -5.58   -7.51  -511.2    28.3    -0.8   6.97    21511  3.66   645   -49  0  0 -0.1958   3.54    3.53   -6.57   -6.88  1.5225  -65.1
2022  35 13 25    3.97   -5.53   -7.53  -509.5    28.9    -4.3   6.48    25063  3.38   608   -51  0  0 -0.1865   3.27    3.68   -6.16   -7.14  1.5513  -64.4
2022  35 13 30    3.89   -5.41   -7.68  -510.7    28.4    -6.5   6.30    22710  3.30   589   -51  0  0 -0.1794   3.19    3.77   -5.82   -7.35  1.5756  -64.4
2022  35 13 35    4.03   -5.45   -7.62  -511.6    26.1    -7.3   6.15    29356  3.23   505   -53  0  0 -0.1745   3.13    3.87   -5.52   -7.49  1.5929  -65.0
2022  35 13 40    3.90   -5.84   -7.18  -508.1    24.0    -7.1   6.05    22785  3.13   511   -54  0  0 -0.1716   3.03    3.87   -5.58   -7.45  1.5845  -65.4
2022  35 13 45    3.35   -5.77   -7.03  -510.8    32.7   -11.5   6.85    22323  3.59   649   -53  0  0 -0.1634   3.48    3.82   -5.62   -7.40  1.5771  -65.5
2022  35 13 50    3.82   -5.63   -6.94  -511.0    31.8   -11.9   6.63    24320  3.48   576   -53  0  0 -0.1599   3.37    3.84   -5.60   -7.36  1.5700  -66.1
2022  35 13 55    3.90   -5.76   -6.62  -508.0    32.0   -13.7   5.58    27367  2.90   664   -54  0  0 -0.1540   2.80    3.84   -5.63   -7.23  1.5514  -66.8
2022  35 14  0    4.16   -6.01   -5.76  -511.9    34.7     0.1   6.52    30778  3.43   526   -55  0  0 -0.1792   3.32    3.86   -5.70   -6.98  1.5186  -67.6
2022  35 14  5    4.10   -6.45   -4.77  -510.7    33.8    -1.9   6.93    32759  3.64   501   -56  0  0 -0.1728   3.52    3.89   -5.84   -6.56  1.4626  -68.0
2022  35 14 10    4.04   -6.58   -3.63  -513.7    38.8     5.3   7.92    42304  4.20   645   -56  0  0 -0.1859   4.07    3.90   -6.01   -5.99  1.3859  -68.4
2022  35 14 15    3.53   -6.36   -4.80  -511.1    37.9     0.1   6.22    43811  3.27  1064   -57  0  0 -0.1736   3.16    3.84   -6.08   -5.65  1.3417  -68.6
2022  35 14 20    3.22   -6.33   -5.16  -517.3    36.9    -5.2   5.80    47521  3.12   806   -58  0  0 -0.1609   3.02    3.82   -6.16   -5.38  1.3085  -68.1
2022  35 14 25    3.08   -5.75   -6.32  -514.4    36.8    -2.7   4.37    45145  2.33   597   -58  0  0 -0.1636   2.25    3.72   -6.18   -5.29  1.2984  -67.3
2022  35 14 30    3.14   -5.43   -6.55  -512.0    38.6     0.2   3.81    47499  2.01   437   -58  0  0 -0.1679   1.95    3.61   -6.13   -5.28  1.2990  -66.3
2022  35 14 35    2.65   -5.10   -6.67  -508.6    34.0     0.9   3.79    55220  1.97   470   -58  0  0 -0.1657   1.91    3.39   -6.00   -5.41  1.3142  -66.1
2022  35 14 40    3.00   -3.50   -6.60  -505.5    27.1     0.3   4.23    66581  2.16   411   -58  0  0 -0.1601   2.10    3.24   -5.58   -5.68  1.3443  -65.5
2022  35 14 45    0.96    0.79   -7.13  -494.8    -2.0    -9.7   5.47   104468  2.68   439   -58  0  0 -0.1269   2.60    2.80   -4.53   -6.18  1.3988  -65.3
2022  35 14 50    0.95    3.77   -6.46  -497.6   -11.8   -10.9   4.81    88859  2.38   495   -57  0  0 -0.1186   2.31    2.43   -3.08   -6.41  1.4198  -65.0
2022  35 14 55   -0.55    1.03   -7.42  -493.7     5.7   -13.4   5.33   123467  2.60   737   -55  0  0 -0.1190   2.52    1.89   -2.03   -6.74  1.4472  -64.8
2022  35 15  0   -0.22    0.92   -7.62  -493.0     6.6   -12.4   4.80   131789  2.33  1307   -54  0  0 -0.1195   2.26    1.42   -1.07   -6.92  1.4569  -64.5
2022  35 15  5    2.08    0.05   -8.12  -494.4    12.7    -6.6   5.62   117103  2.75  1113   -53  0  0 -0.1320   2.66    1.27   -0.29   -7.15  1.4740  -63.3
2022  35 15 10    3.21   -0.36   -8.19  -505.7    -3.4   -18.0   5.61    93946  2.88  1035   -52  0  0 -0.1016   2.78    1.35    0.39   -7.36  1.4990  -62.2
2022  35 15 15    1.34   -4.02   -7.60  -493.6    29.4   -19.1   4.57    82679  2.24   847   -51  0  0 -0.1116   2.17    1.11    0.31   -7.51  1.5126  -62.0
2022  35 15 20    1.46   -3.09   -8.33  -500.4    21.6   -11.8   3.68    80785  1.85   907   -52  0  0 -0.1213   1.79    1.18   -0.24   -7.68  1.5401  -62.4
2022  35 15 25    0.26    2.05   -6.03  -494.6    -4.8   -28.6   5.78   120202  2.83   812   -52  0  0 -0.0747   2.75    1.08   -0.49   -7.62  1.5297  -62.3
2022  35 15 30   -2.19    5.94    1.60  -490.8    -9.5   -55.3   7.01   101983  3.42   993   -52  0  0 -0.0181   3.31    0.85    0.21   -6.33  1.3666  -62.2
2022  35 15 35   -2.93    6.49    3.98  -493.8     4.6   -52.1   5.44    46992  2.68   934   -53  0  0 -0.0304   2.60    0.46    1.01   -4.67  1.1826  -62.2
2022  35 15 40   -2.03    4.56    1.52  -492.5    -4.7   -47.7   5.35    71734  2.62   904   -52  0  0 -0.0330   2.54   -0.13    1.65   -3.29  0.9940  -62.1
2022  35 15 45    0.50   -5.83   -2.85  -494.4    28.1   -47.9   4.55    94104  2.26   853   -51  0  0 -0.0477   2.18   -0.51    0.87   -2.53  0.8867  -61.1
2022  35 15 50    0.63   -7.12   -2.42  -494.6    25.2   -43.9   4.17   102082  2.07   678   -50  0  0 -0.0532   2.00   -0.61    0.43   -1.79  0.7936  -59.4
2022  35 15 55    1.41   -8.28   -0.18  -488.8    26.9   -49.9   4.47    76406  2.16   480   -48  0  0 -0.0406   2.10   -0.62   -0.31   -0.63  0.6519  -57.7
2022  35 16  0    2.02   -8.58    0.06  -501.4    35.1   -42.2   3.48    69554  1.77   417   -48  0  0 -0.0608   1.71   -0.37   -1.83    0.24  0.5612  -56.1
2022  35 16  5    0.70   -8.97   -1.95  -484.5    29.0   -24.4   2.67    68467  1.26   412   -48  0  0 -0.0902   1.22    0.04   -3.96   -0.26  0.6351  -54.9
2022  35 16 10    0.64   -8.59   -4.27  -486.9    46.7   -20.1   2.08    47082  1.00   599   -50  0  0 -0.1073   0.97    0.55   -6.12   -1.44  0.7658  -54.2
2022  35 16 15    0.09   -7.04   -6.35  -482.4    38.3     4.2   2.20    58849  1.03   599   -50  0  0 -0.1509   1.00    0.86   -7.77   -2.57  0.9205  -53.8
2022  35 16 20   -0.96   -6.74   -6.03  -481.6    23.9    -3.7   2.50   109083  1.17   509   -50  0  0 -0.1270   1.13    0.65   -7.90   -3.02  0.9784  -53.7
2022  35 16 25   -1.86   -3.86   -4.83  -486.3     5.3   -11.0   3.01   171092  1.42   425   -50  0  0 -0.1018   1.38    0.29   -7.44   -3.36  1.0116  -53.7
2022  35 16 30   -0.89    9.12   -0.39  -494.8   -14.4   -35.3   2.86    79063  1.41   412   -49  0  0 -0.0437   1.36   -0.04   -4.95   -3.39  1.0211  -54.1
2022  35 16 35   -1.26    9.14   -3.08  -496.1    -5.5   -34.2   2.69    46697  1.33   453   -48  0  0 -0.0504   1.29   -0.51   -2.42   -3.84  1.0725  -54.0
2022  35 16 40   -0.67    8.64   -4.26  -502.6    -6.0   -37.6   3.19    71158  1.63   620   -48  0  0 -0.0442   1.57   -0.70    0.10   -4.17  1.1168  -54.1
2022  35 16 45   -0.41    7.94   -5.79  -500.8    -9.8   -31.5   3.12    73567  1.57   555   -46  0  0 -0.0531   1.52   -0.85    2.46   -4.39  1.1464  -53.8
2022  35 16 50    1.88    5.59   -8.36  -505.4    -9.2   -22.3   3.63    99975  1.87   505   -46  0  0 -0.0711   1.80   -0.60    4.26   -4.68  1.1923  -53.7
2022  35 16 55    1.41    4.03   -7.87  -502.4   -31.1   -46.6   3.62   113216  1.85   430   -45  0  0 -0.0120   1.79   -0.26    5.80   -4.94  1.2348  -53.9
2022  35 17  0   -0.07    5.59   -7.84  -495.7   -49.0   -50.9   3.95   113072  1.98   394   -45  0  0  0.0083   1.92   -0.00    7.15   -5.37  1.3010  -53.7
2022  35 17  5   -0.38    5.20   -8.42  -495.1   -39.9   -53.4   3.82   112204  1.90   478   -46  0  0  0.0081   1.85    0.07    6.59   -6.52  1.4326  -54.0
2022  35 17 10    0.32    4.90   -9.35  -502.0   -29.6   -32.4   2.84    84858  1.44   535   -47  0  0 -0.0391   1.40    0.30    5.98   -7.41  1.5402  -54.0
2022  35 17 15    0.57    4.11   -9.86  -504.3   -18.0   -37.1   2.75    83618  1.41   473   -50  0  0 -0.0376   1.36    0.47    5.34   -8.21  1.6372  -54.0
2022  35 17 20    0.30    0.82  -10.44  -495.3    15.5   -23.8   2.07    91220  1.02   514   -51  0  0 -0.0823   0.99    0.58    4.32   -8.88  1.7139  -54.3
2022  35 17 25    0.51   -2.93  -10.03  -496.1    19.4     1.3   1.62   100247  0.80   448   -53  0  0 -0.1333   0.77    0.38    3.10   -9.12  1.7378  -54.0
2022  35 17 30    0.31   -2.39   -9.30  -494.9    30.1    -8.6   2.18   128357  1.07   424   -53  0  0 -0.1215   1.04    0.22    2.19   -9.32  1.7601  -53.8
2022  35 17 35    0.29   -1.78   -9.71  -493.2    32.1     0.8   2.20   157086  1.08   468   -49  0  0 -0.1414   1.04    0.27    1.13   -9.59  1.7916  -53.8
2022  35 17 40   -0.73   -1.54   -9.59  -478.3    21.8    -3.3   1.98   161782  0.91   857   -50  0  0 -0.1279   0.88    0.22    0.17   -9.75  1.8002  -54.2
2022  35 17 45   -1.10   -1.90   -9.25  -479.9    30.3     0.2   2.10   170191  0.97  1029   -53  0  0 -0.1411   0.94    0.02   -0.80   -9.74  1.7850  -54.7
2022  35 17 50   -0.09   -1.60   -9.09  -485.7    25.6     0.5   2.09   158280  0.99   985   -54  0  0 -0.1392   0.96   -0.07   -1.62   -9.63  1.7596  -55.1
2022  35 17 55    1.59   -2.38   -8.87  -483.4    15.3   -14.9   1.97   135015  0.92  1074   -56  0  0 -0.1031   0.89    0.11   -2.07   -9.41  1.7240  -56.3
2022  35 18  0    1.56   -2.42   -9.23  -495.0    27.3    -5.9   1.94    48503  0.95  1372   -57  0  0 -0.1296   0.92    0.26   -2.00   -9.29  1.7097  -57.9
2022  35 18  5    0.40    1.21   -9.04  -487.0   -25.3    -9.8   2.77    99277  1.32  1233   -56  0  0 -0.0869   1.28    0.27   -1.49   -9.25  1.6975  -58.7
2022  35 18 10   -0.36    3.28   -7.89  -478.2   -57.5   -38.5   4.55   125436  2.12  1147   -54  0  0 -0.0081   2.06    0.18   -0.76   -8.99  1.6548  -58.8
2022  35 18 15    0.18    3.61   -8.31  -474.4   -81.5   -14.2   3.53   139939  1.64  1369   -54  0  0 -0.0379   1.59    0.31   -0.03   -8.81  1.6307  -58.9
2022  35 18 20    0.69    2.33   -9.72  -475.4   -86.8    25.4   1.63    70671  0.76  1302   -57  0  0 -0.1111   0.74    0.57    0.58   -8.88  1.6359  -58.7
2022  35 18 25    1.01    0.29   -9.72  -486.3   -47.8    27.5   1.33    56990  0.64  1176   -59  0  0 -0.1451   0.62    0.72    0.85   -8.97  1.6459  -58.4
2022  35 18 30    1.39   -1.10   -9.98  -486.6   -50.7    31.4   1.50    61973  0.72  1305   -58  0  0 -0.1511   0.70    0.70    1.03   -9.13  1.6665  -57.6
2022  35 18 35    1.50   -2.45   -9.59  -496.6    -8.3    11.4   1.34   105505  0.66  1333   -59  0  0 -0.1454   0.64    0.69    1.02   -9.18  1.6722  -57.3
2022  35 18 40    2.16   -2.64   -9.32  -504.5     8.6     4.0   1.40    94738  0.71   896   -58  0  0 -0.1448   0.69    0.94    0.47   -9.22  1.6897  -57.5
2022  35 18 45    1.92   -2.19   -9.47  -493.8    -7.3    29.1   1.68    70498  0.82   885   -57  0  0 -0.1820   0.80    1.26   -0.31   -9.44  1.7269  -57.7
2022  35 18 50    1.57   -1.64   -9.62  -486.9    -8.8    29.4   1.55    79679  0.74  1110   -59  0  0 -0.1835   0.71    1.46   -1.06   -9.63  1.7564  -58.0
2022  35 18 55    2.48   -1.20   -9.52  -490.7   -11.3    41.0   1.50    51489  0.72   969   -60  0  0 -0.2044   0.70    1.72   -1.56   -9.60  1.7619  -58.5
2022  35 19  0    2.88   -1.49   -9.35  -504.1    -8.2    31.0   1.45    47872  0.74   851   -60  0  0 -0.1881   0.72    1.99   -1.82   -9.55  1.7677  -59.1
2022  35 19  5    3.49   -5.32   -7.52  -517.1    22.3     2.8   1.54    42918  0.83   814   -61  0  0 -0.1600   0.80    2.29   -2.42   -9.20  1.7439  -59.8
2022  35 19 10    3.39   -5.82   -7.09  -507.9    31.9     6.0   1.50    45638  0.78   794   -62  0  0 -0.1750   0.75    2.56   -2.90   -8.84  1.7080  -60.4
2022  35 19 15    3.01   -6.72   -6.36  -500.0    26.9    17.9   1.42    40654  0.71   907   -63  0  0 -0.1958   0.69    2.68   -3.48   -8.42  1.6540  -60.9
2022  35 19 20    3.25   -6.43   -6.51  -498.7    26.9    18.4   1.66    33860  0.83  1055   -63  0  0 -0.1989   0.80    2.87   -4.09   -8.00  1.6061  -61.7
2022  35 19 25    3.68   -5.39   -7.18  -502.6    21.9    30.6   1.64    23262  0.83  1130   -63  0  0 -0.2190   0.81    3.17   -4.62   -7.65  1.5740  -62.3
2022  35 19 30    4.04   -6.66   -6.06  -521.9    31.2   -15.9   1.27    25210  0.70  1067   -66  0  0 -0.1430   0.67    3.39   -5.40   -7.15  1.5310  -63.1
2022  35 19 35    3.52   -6.63   -6.44  -515.4    31.3   -15.4   1.28    17107  0.68  1083   -67  0  0 -0.1462   0.66    3.48   -6.14   -6.74  1.4865  -63.7
2022  35 19 40    3.20   -4.95   -7.77  -506.2     9.1    16.3   1.73    27612  0.89  1096   -67  0  0 -0.1890   0.86    3.44   -6.09   -6.77  1.4841  -63.9
2022  35 19 45    3.10   -5.20   -7.78  -509.1    10.4    15.1   1.46    24312  0.75  1158   -67  0  0 -0.1898   0.73    3.40   -6.00   -6.87  1.4963  -64.1
2022  35 19 50    2.82   -4.59   -8.17  -505.4     8.3    18.1   1.55    22973  0.80  1123   -65  0  0 -0.1961   0.77    3.37   -5.69   -7.13  1.5304  -64.1
2022  35 19 55    2.62   -4.39   -8.29  -502.4     6.6    20.3   1.60    21399  0.81  1068   -65  0  0 -0.2013   0.78    3.28   -5.40   -7.38  1.5630  -64.0
2022  35 20  0    2.94   -4.10   -8.25  -501.6    10.5    24.9   1.54    22080  0.78  1218   -65  0  0 -0.2152   0.75    3.18   -5.22   -7.54  1.5811  -63.7
2022  35 20  5    2.90   -3.38   -8.58  -497.6     4.1    39.8   1.36    24926  0.68  1057   -66  0  0 -0.2399   0.66    3.01   -4.75   -7.90  1.6123  -63.7
2022  35 20 10    2.67   -3.49   -8.57  -494.8     2.4    37.7   1.56    22717  0.77  1000   -66  0  0 -0.2375   0.74    2.89   -4.30   -8.20  1.6374  -64.0
2022  35 20 15    2.60   -3.40   -8.61  -491.9     2.9    40.8   1.77    23495  0.86   859   -66  0  0 -0.2464   0.84    2.81   -4.08   -8.32  1.6441  -64.3
2022  35 20 20    2.47   -3.51   -8.59  -491.6     1.5    44.2   1.86    22143  0.91   811   -66  0  0 -0.2540   0.88    2.72   -3.84   -8.44  1.6483  -64.7
2022  35 20 25    2.63   -3.22   -8.62  -492.4    -6.5    39.4   1.73    24523  0.84   683   -67  0  0 -0.2408   0.82    2.69   -3.64   -8.50  1.6482  -65.3
2022  35 20 30    2.45   -3.68   -8.47  -486.2    -2.7    28.1   1.51    22945  0.72   919   -69  0  0 -0.2265   0.69    2.67   -3.54   -8.53  1.6411  -65.8
2022  35 20 35    2.64   -3.44   -8.43  -481.7     4.8    25.2   1.48    23343  0.69   836   -70  0  0 -0.2308   0.67    2.62   -3.45   -8.55  1.6316  -66.3
2022  35 20 40    2.83   -3.18   -8.37  -483.6    -2.7    37.6   1.51    23557  0.71   882   -70  0  0 -0.2498   0.69    2.61   -3.42   -8.52  1.6186  -66.9
2022  35 20 45    2.78   -3.70   -8.14  -486.3   -18.0    22.9   1.83    16586  0.87   692   -70  0  0 -0.2113   0.84    2.63   -3.45   -8.46  1.6045  -67.7
2022  35 20 50    2.42   -4.88   -5.47  -479.0   -17.6    11.8   2.08    65061  0.96   820   -70  0  0 -0.1940   0.93    2.60   -3.66   -8.01  1.5383  -69.1
2022  35 20 55    2.92   -6.80   -0.91  -482.5   -17.2     2.3   2.59   101898  1.21   977   -70  0  0 -0.1794   1.17    2.67   -4.13   -6.92  1.3952  -70.6
2022  35 21  0    1.48   -5.34    0.19  -489.5     3.0   -19.6   4.79   102464  2.30   778   -69  0  0 -0.1598   2.23    2.50   -4.43   -5.66  1.2241  -72.1
2022  35 21  5    1.46   -4.60   -0.11  -493.2     6.3   -15.9   6.61   102421  3.22   765   -66  0  0 -0.1727   3.12    2.36   -4.56   -4.46  1.0593  -73.6
2022  35 21 10    2.31   -4.88   -1.77  -485.4    -9.9   -13.1   5.91    82546  2.79   791   -68  0  0 -0.1661   2.70    2.31   -4.77   -3.51  0.9305  -75.6
2022  35 21 15    2.74   -4.92   -0.17  -483.0   -11.6    -7.0   6.04    82836  2.82   840   -69  0  0 -0.1788   2.73    2.30   -5.02   -2.34  0.7705  -77.1
2022  35 21 20    2.27   -2.45    1.28  -488.1     1.3   -12.7   8.74    86232  4.17  1018   -68  0  0 -0.1831   4.04    2.23   -4.84   -0.99  0.5675  -77.8
2022  35 21 25    2.78   -2.39    1.06  -487.0     5.9   -14.4  10.09    78650  4.79   994   -64  0  0 -0.1872   4.64    2.28   -4.48   -0.06  0.4194  -78.6
2022  35 21 30    2.13   -3.08    0.80  -486.3     4.5   -15.7  10.37    65838  4.91   798   -63  0  0 -0.1867   4.76    2.17   -3.95    0.18  0.3599  -79.0
2022  35 21 35    2.43   -2.85    0.11  -483.4    -1.2   -16.4  11.23    63091  5.25   649   -64  0  0 -0.1833   5.09    2.30   -3.60    0.17  0.3372  -79.3
2022  35 21 40    2.14   -3.48   -0.05  -481.8     0.3   -16.4   9.86    70664  4.58   608   -64  0  0 -0.1878   4.44    2.40   -3.44    0.18  0.3241  -78.7
2022  35 21 45    2.54   -3.69   -0.42  -482.1     1.1   -17.6   9.42    72058  4.38   597   -64  0  0 -0.1895   4.25    2.43   -3.27    0.37  0.2876  -77.9
2022  35 21 50    3.50   -3.61    0.01  -480.0     5.5   -19.9   7.71   108384  3.56   653   -66  0  0 -0.1924   3.45    2.54   -3.08    0.40  0.2727  -75.9
2022  35 21 55    2.88   -3.93    0.01  -480.1    -0.1   -18.5   7.85    97562  3.64   602   -63  0  0 -0.1932   3.51    2.63   -3.29    0.22  0.3069  -74.3
2022  35 22  0    3.22   -7.40   -1.15  -471.3   -32.8   -13.0   2.89    45309  1.29   660   -65  0  0 -0.1752   1.25    2.69   -4.01   -0.10  0.3826  -72.7
2022  35 22  5    3.27   -7.75   -0.93  -470.6   -25.3    -6.1   3.30    52536  1.47   630   -69  0  0 -0.1987   1.42    2.85   -4.67   -0.35  0.4455  -70.7
2022  35 22 10    2.67   -7.80   -1.01  -473.4   -32.3    -2.8   3.74    54899  1.69   593   -66  0  0 -0.2016   1.63    2.89   -5.38   -0.51  0.5015  -68.7
2022  35 22 15    2.66   -7.89   -0.73  -472.9   -31.0    -0.2   3.98    53485  1.79   524   -61  0  0 -0.2110   1.73    2.96   -6.01   -0.60  0.5446  -66.8
2022  35 22 20    2.36   -8.07   -0.78  -477.0   -30.5     0.5   4.20    56746  1.91   428   -59  0  0 -0.2164   1.86    2.94   -6.64   -0.65  0.5815  -66.2
2022  35 22 25    2.37   -8.01   -1.04  -477.0   -33.8    -4.1   3.83    48820  1.75   399   -58  0  0 -0.2081   1.70    2.78   -7.26   -0.80  0.6312  -64.8
2022  35 22 30    2.40   -7.98   -0.71  -472.3   -34.9     2.2   4.09    48215  1.83   371   -57  0  0 -0.2218   1.78    2.71   -7.84   -0.91  0.6717  -63.5
2022  35 22 35    2.59   -7.89   -1.10  -471.8   -35.0    -1.3   4.03    44584  1.80   434   -56  0  0 -0.2185   1.75    2.62   -7.91   -0.90  0.6740  -62.4
2022  35 22 40    2.65   -7.76   -1.35  -470.7   -28.9    -2.6   4.37    68960  1.95   350   -55  0  0 -0.2254   1.88    2.53   -7.91   -0.96  0.6806  -61.7
2022  35 22 45    2.60   -7.66   -2.70  -472.1   -31.7   -24.6   2.90    65420  1.30   312   -56  0  0 -0.1850   1.26    2.52   -7.89   -1.20  0.7071  -61.0
2022  35 22 50    2.51   -7.62   -2.77  -469.6   -28.4   -23.2   3.06    69794  1.36   268   -57  0  0 -0.1939   1.32    2.50   -7.86   -1.49  0.7375  -60.4
2022  35 22 55    2.83   -7.60   -2.25  -467.0   -25.9   -17.1   2.97    68070  1.30   235   -56  0  0 -0.2110   1.26    2.56   -7.79   -1.70  0.7552  -59.5
2022  35 23  0    2.96   -7.34   -2.81  -464.1   -29.0   -28.0   3.16    73175  1.37   248   -55  0  0 -0.1903   1.33    2.65   -7.69   -1.96  0.7765  -58.7
2022  35 23  5    2.93   -7.10   -2.91  -466.8   -19.7   -36.4   3.00    66461  1.32   249   -53  0  0 -0.1874   1.28    2.72   -7.57   -2.27  0.8062  -58.2
2022  35 23 10    3.25   -6.81   -2.92  -465.7   -18.6   -38.1   3.31    84658  1.45   240   -52  0  0 -0.1886   1.40    2.82   -7.41   -2.53  0.8292  -57.5
2022  35 23 15    4.24   -6.33   -2.77  -456.2    -7.4   -35.0   3.56    84668  1.49   217   -51  0  0 -0.2073   1.44    3.05   -7.21   -2.73  0.8416  -57.0
2022  35 23 20    3.55   -6.38   -2.61  -461.6   -13.2   -34.5   3.68    96351  1.58   186   -50  0  0 -0.2070   1.53    3.18   -7.03   -2.72  0.8308  -56.3
2022  35 23 25    3.77   -6.37   -2.01  -457.4   -13.7   -30.4   3.83   103471  1.61   215   -50  0  0 -0.2172   1.56    3.36   -6.85   -2.61  0.8080  -56.1
2022  35 23 30    4.09   -6.51   -1.40  -455.1    -8.6   -21.7   3.65    94878  1.52   242   -49  0  0 -0.2424   1.47    3.54   -6.69   -2.49  0.7848  -55.9
2022  35 23 35    4.18   -6.35   -1.60  -454.7    -7.0   -26.7   3.65    87978  1.52   214   -50  0  0 -0.2376   1.47    3.72   -6.55   -2.32  0.7567  -55.5
2022  35 23 40    4.53   -6.06   -1.66  -454.2    -7.6   -26.7   3.70    86215  1.54   165   -50  0  0 -0.2405   1.48    3.94   -6.40   -2.14  0.7261  -54.9
