2022  34  0 30    0.46   12.66    1.63  -455.2   -34.6     1.6   3.83  142553.    0.0    1    1 -0.3450   1.55   0.04   0.01   0.23   0.01   0.01   0.02
2022  34  0 35    0.29   12.81    2.08  -462.4   -31.4    -1.8   3.61  144761.   -2.0    1    1 -0.3483   1.50   0.04   0.01   0.23   0.01   0.01   0.02
2022  34  0 40    2.09   12.56    3.89  -452.7   -26.7     6.2   3.33  124144.   -1.0    1    2 -0.3516   1.33   0.04   0.01   0.23   0.01   0.01   0.02
2022  34  0 45    2.25   12.66    4.32  -442.9   -22.1    14.1   3.06  103520.   -2.0    1    2 -0.3549   1.17   0.04   0.01   0.23   0.01   0.00   0.02
2022  34  0 50    1.95   12.21    5.09  -433.1   -17.4    22.1   2.78   82880.   -1.0    1    1 -0.3581   1.01   0.04   0.01   0.23   0.01   0.00   0.02
2022  34  0 55    4.50    8.00    9.20  -443.7   -21.9     4.0   3.48  141327.   -3.0    1    1 -0.3613   1.33   0.04   0.01   0.23   0.01   0.00   0.01
2022  34  1  0    2.94   11.16    5.95  -447.5   -28.7     9.5   2.79  111345.   -2.0    1    1 -0.3645   1.09   0.04   0.01   0.23   0.01   0.00   0.01
2022  34  1  5    3.35   10.51    6.64  -463.8   -23.8   -12.5   3.37  132586.    0.0    1    1 -0.3676   1.41   0.03   0.01   0.23   0.01   0.00   0.01
2022  34  1 10    4.23   10.50    5.99  -460.9   -36.6    -6.8   3.47  139352.   -2.0    1    1 -0.3707   1.44   0.03   0.01   0.23   0.01   0.00   0.01
2022  34  1 15    3.98   10.76    5.60  -466.6   -27.4    -9.7   3.08  126090.    0.0    1    1 -0.3738   1.30   0.03   0.01   0.23   0.01   0.00   0.01
2022  34  1 20    2.47   11.02    5.33  -470.4   -26.6   -10.4   2.99  126168.    0.0    1    2 -0.3768   1.29   0.03   0.01   0.23   0.01   0.00   0.01
2022  34  1 25    1.02   11.49    4.56  -474.1   -25.7   -11.0   2.90  126256.    1.0    1    2 -0.3798   1.27   0.03   0.01   0.23   0.01   0.00   0.01
2022  34  1 30   -0.61   12.87    0.12  -477.7   -24.9   -11.7   2.81  126354.    0.0    1    1 -0.3827   1.25   0.03   0.01   0.23   0.01   0.00   0.01
2022  34  1 35   -1.30   11.47    4.83  -479.2   -28.1   -25.7   3.20  122064.    0.0    1    2 -0.3856   1.43   0.03   0.00   0.23   0.01   0.00   0.01
2022  34  1 40   -0.56   11.59    5.29  -480.7   -31.2   -39.7   3.59  117877.    2.0    1    1 -0.3884   1.62   0.03   0.00   0.22   0.01   0.00   0.01
2022  34  1 45   -0.44   12.68    2.14  -487.3   -35.7   -30.3   3.04  110806.    2.0    1    1 -0.3912   1.41   0.03   0.00   0.22   0.01   0.00   0.01
2022  34  1 50    0.98   12.45    0.46  -497.0   -36.7   -23.2   2.90  113425.    2.0    1    1 -0.3940   1.40   0.03   0.00   0.22   0.01   0.00   0.01
2022  34  1 55    0.74   12.31    1.47  -496.5   -37.6   -26.1   2.96  111844.    2.0    1    2 -0.3967   1.43   0.03   0.00   0.22   0.01   0.00   0.01
2022  34  2  0    0.26   12.32    1.22  -496.0   -38.6   -29.0   3.02  110258.    2.0    1    2 -0.3994   1.45   0.02   0.00   0.22   0.01   0.00   0.01
2022  34  2  5    0.00   12.34    0.79  -495.5   -39.5   -32.0   3.08  108671.    3.0    1    2 -0.4020   1.48   0.02   0.00   0.22   0.01   0.00   0.01
2022  34  2 10   -1.10   12.38   -0.36  -495.1   -40.4   -34.9   3.14  107079.    3.0    1    1 -0.4045   1.51   0.03   0.01   0.22   0.01   0.02   0.02
2022  34  2 15   -1.53   12.21   -0.51  -495.2   -41.0   -37.5   3.42  115464.    1.0    1    1 -0.4070   1.65   0.03   0.01   0.22   0.01   0.04   0.05
2022  34  2 20   -1.57   12.11   -1.43  -497.4   -40.9   -35.8   3.66   98990.    2.0    1    1 -0.4094   1.78   0.04   0.03   0.22   0.02   0.09   0.10
2022  34  2 25   -2.06   12.11   -1.16  -500.6   -43.8   -33.6   3.46  111104.    1.0    1    1 -0.4118   1.70   0.05   0.04   0.22   0.03   0.13   0.13
2022  34  2 30   -2.85   11.99   -1.52  -498.4   -49.1   -36.1   2.97   91382.    0.0    1    1 -0.4141   1.45   0.06   0.06   0.22   0.04   0.17   0.16
2022  34  2 35   -3.69   12.14   -2.01  -491.4   -47.9   -34.7   2.82   83478.   -1.0    1    1 -0.4164   1.34   0.07   0.07   0.22   0.05   0.22   0.19
2022  34  2 40   -5.29   11.97   -1.45  -482.0   -48.1   -35.7   2.71   80345.   -2.0    1    1 -0.4186   1.24   0.08   0.08   0.22   0.06   0.24   0.21
2022  34  2 45   -4.27   12.48   -1.45  -479.3   -46.3   -30.2   2.63   72298.   -2.0    1    1 -0.4207   1.19   0.09   0.09   0.22   0.07   0.26   0.23
2022  34  2 50   -3.94   12.63   -1.84  -473.9   -43.6   -26.8   2.57   71059.   -3.0    1    1 -0.4228   1.13   0.09   0.10   0.22   0.08   0.29   0.25
2022  34  2 55   -3.03   12.89   -1.80  -482.7   -45.9   -26.4   3.02   77999.   -5.0    1    1 -0.4248   1.38   0.10   0.12   0.22   0.09   0.32   0.27
2022  34  3  0   -3.31   12.57    0.30  -477.5   -49.7   -43.8   2.90  106013.   -6.0    1    1 -0.4267   1.31   0.10   0.11   0.22   0.08   0.29   0.25
2022  34  3  5   -3.14   12.54    0.31  -482.1   -46.0   -46.8   3.00   81906.   -5.0    1    1 -0.4286   1.38   0.10   0.11   0.22   0.08   0.26   0.24
2022  34  3 10   -1.25   12.19   -1.59  -492.7   -45.7   -41.8   4.26  117936.   -2.0    1    1 -0.4304   2.04   0.11   0.12   0.22   0.09   0.30   0.28
2022  34  3 15   -1.14   12.19   -0.71  -494.9   -50.7   -43.5   4.32  129918.   -3.0    1    1 -0.4321   2.09   0.11   0.12   0.22   0.09   0.31   0.31
2022  34  3 20   -0.91   12.23   -0.86  -495.1   -53.8   -49.1   4.27  120766.   -3.0    1    1 -0.4338   2.07   0.12   0.13   0.22   0.09   0.32   0.33
2022  34  3 25   -0.02   12.17   -3.22  -507.4   -51.2   -37.5   4.17  126354.   -2.0    1    1 -0.4354   2.11   0.14   0.16   0.22   0.12   0.40   0.41
2022  34  3 30   -0.16   12.63   -1.15  -506.0   -61.8   -61.3   3.95  140997.   -4.0    1    1 -0.4369   2.02   0.14   0.16   0.22   0.13   0.41   0.43
2022  34  3 35   -0.59   12.86   -1.58  -506.1   -58.2   -54.3   3.82  122455.   -3.0    1    1 -0.4383   1.94   0.15   0.17   0.22   0.13   0.43   0.46
2022  34  3 40   -0.48   12.77    0.58  -512.9   -57.3   -69.2   3.70   94344.   -3.0    1    1 -0.4397   1.94   0.15   0.17   0.22   0.13   0.39   0.43
2022  34  3 45   -2.79   12.31    1.55  -503.7   -61.7   -87.3   4.00  133706.   -3.0    1    1 -0.4410   2.06   0.14   0.16   0.22   0.12   0.36   0.40
2022  34  3 50   -2.49   12.10   -0.32  -500.2   -61.7   -62.9   4.00   94037.   -4.0    1    1 -0.4422   2.00   0.14   0.15   0.22   0.12   0.34   0.40
2022  34  3 55   -2.41   12.79   -2.60  -498.0   -67.0   -51.2   3.66  118333.   -4.0    1    1 -0.4433   1.81   0.16   0.17   0.22   0.14   0.40   0.44
2022  34  4  0   -4.15   12.31   -2.12  -489.7   -65.8   -51.7   3.82  104437.   -3.0    1    1 -0.4444   1.83   0.17   0.19   0.22   0.15   0.43   0.48
2022  34  4  5   -4.86   12.08   -2.02  -487.4   -66.8   -60.0   4.45   90143.   -1.0    1    1 -0.4454   2.12   0.18   0.20   0.23   0.16   0.46   0.52
2022  34  4 10   -4.39   12.15   -2.39  -489.1   -59.6   -47.1   4.93  105708.   -1.0    1    1 -0.4463   2.34   0.19   0.22   0.23   0.18   0.51   0.58
2022  34  4 15   -4.27   11.96   -3.40  -489.1   -59.6   -47.1   4.93  105708.   -1.0    1    1 -0.4471   2.34   0.22   0.26   0.23   0.21   0.57   0.65
2022  34  4 20   -4.70   11.94   -3.08  -479.7   -60.5   -54.6   4.57   88284.   -8.0    1    1 -0.4478   2.10   0.24   0.28   0.23   0.23   0.61   0.70
2022  34  4 25   -4.61   11.69   -4.08  -483.7   -57.9   -50.9   4.89  102704.   -8.0    1    1 -0.4485   2.27   0.26   0.31   0.23   0.27   0.68   0.78
2022  34  4 30   -4.95   11.20   -4.81  -469.5   -48.6   -45.8   4.53  100093.   -9.0    1    1 -0.4491   1.97   0.29   0.35   0.24   0.32   0.74   0.83
2022  34  4 35   -5.33   11.14   -4.83  -462.3   -45.3   -41.2   3.89  104834.   -9.0    1    1 -0.4496   1.64   0.31   0.39   0.24   0.36   0.79   0.86
2022  34  4 40   -6.25   11.41   -5.54  -453.5   -44.5   -30.0   2.81   70680.  -10.0    1    1 -0.4500   1.14   0.34   0.41   0.24   0.40   0.83   0.87
2022  34  4 45   -4.03   13.31   -4.35  -451.0   -50.6   -35.0   2.41   57742.  -10.0    1    1 -0.4503   0.97   0.35   0.43   0.24   0.41   0.83   0.85
2022  34  4 50   -4.59   13.12   -4.52  -457.6   -70.7   -48.9   2.44   61338.  -11.0    1    1 -0.4506   1.03   0.37   0.44   0.25   0.43   0.85   0.84
2022  34  4 55   -4.44   13.18   -4.35  -454.4   -69.1   -51.5   2.55   65719.  -12.0    1    1 -0.4508   1.06   0.38   0.46   0.25   0.45   0.86   0.83
2022  34  5  0   -4.95   12.00   -7.04  -473.7   -72.3   -36.3   2.73   74669.  -11.0    1    1 -0.4509   1.22   0.41   0.49   0.25   0.51   0.92   0.85
2022  34  5  5   -5.04   11.32   -7.71  -477.4   -67.3   -30.3   3.09   72285.  -11.0    1    1 -0.4509   1.40   0.45   0.53   0.26   0.58   0.99   0.88
2022  34  5 10   -4.93   11.56   -7.51  -477.6   -69.2   -34.0   3.37   75975.  -12.0    1    1 -0.4508   1.53   0.48   0.58   0.26   0.65   1.05   0.92
2022  34  5 15   -4.94   11.98   -7.03  -477.7   -73.8   -35.1   3.10   83926.  -13.0    1    1 -0.4507   1.41   0.51   0.61   0.27   0.70   1.10   0.95
2022  34  5 20   -4.44   12.68   -6.29  -475.0   -73.8   -33.3   2.90   86445.  -14.0    1    1 -0.4504   1.30   0.54   0.63   0.27   0.74   1.13   0.96
2022  34  5 25   -4.41   13.00   -6.10  -479.4   -77.6   -38.9   2.87   84625.  -15.0    1    1 -0.4501   1.32   0.56   0.65   0.28   0.77   1.16   0.97
2022  34  5 30   -4.06   13.26   -5.67  -476.6   -44.0   -43.3   2.67  125250.  -16.0    1    1 -0.4497   1.19   0.58   0.67   0.28   0.80   1.17   0.97
2022  34  5 35   -4.00   13.30   -5.35  -481.4   -81.4   -48.9   2.80   94789.  -17.0    1    1 -0.4493   1.31   0.59   0.68   0.28   0.81   1.18   0.97
2022  34  5 40   -3.92   12.66   -6.09  -484.0   -79.5   -42.1   2.81  103448.  -16.0    1    1 -0.4487   1.32   0.61   0.70   0.29   0.84   1.20   0.98
2022  34  5 45   -3.13   11.98   -6.82  -487.3   -75.9   -49.5   3.62  109584.  -14.0    1    2 -0.4481   1.72   0.64   0.73   0.29   0.89   1.25   1.03
2022  34  5 50   -2.66   12.23   -6.34  -490.4   -72.3   -56.8   4.43  115757.  -14.0    1    1 -0.4473   2.14   0.67   0.76   0.30   0.94   1.30   1.10
2022  34  5 55   -2.85   12.49   -6.21  -485.2   -67.3   -49.8   4.06   97770.  -14.0    1    1 -0.4465   1.91   0.69   0.78   0.30   0.98   1.33   1.15
2022  34  6  0   -3.15   12.75   -6.45  -487.6   -80.7   -47.5   3.21   86976.  -15.0    1    1 -0.4457   1.53   0.71   0.80   0.31   1.01   1.35   1.16
2022  34  6  5   -4.23   12.12   -7.25  -480.8   -76.4   -46.5   3.88   95466.  -16.0    1    1 -0.4447   1.80   0.74   0.83   0.31   1.06   1.40   1.21
2022  34  6 10   -4.96   11.60   -8.32  -477.2   -70.9   -40.7   4.22   92865.  -17.0    1    1 -0.4437   1.92   0.78   0.88   0.32   1.13   1.45   1.27
2022  34  6 15   -5.46   11.18   -8.99  -471.8   -65.9   -34.1   3.90   76675.  -17.0    1    1 -0.4426   1.72   0.81   0.92   0.33   1.21   1.51   1.31
2022  34  6 20   -5.62   11.06   -8.96  -468.3   -64.1   -37.1   3.62   85358.  -17.0    1    1 -0.4414   1.58   0.85   0.96   0.33   1.27   1.54   1.34
2022  34  6 25   -4.21   12.33   -8.36  -480.3   -76.1   -41.3   3.35   87336.  -17.0    1    1 -0.4401   1.55   0.88   0.99   0.34   1.32   1.57   1.36
2022  34  6 30   -3.33   12.99   -7.61  -486.5   -78.5   -43.3   2.98   88929.  -17.0    1    1 -0.4388   1.41   0.90   1.00   0.35   1.35   1.59   1.36
2022  34  6 35   -4.00   12.25   -7.81  -477.0   -65.7   -41.8   4.06   88118.  -16.0    1    1 -0.4373   1.84   0.92   1.03   0.35   1.40   1.62   1.40
2022  34  6 40   -7.00    9.24  -10.43  -461.5   -48.9   -23.8   4.58   79358.  -16.0    1    1 -0.4358   1.92   0.97   1.09   0.36   1.49   1.68   1.46
2022  34  6 45   -7.29    9.28  -10.44  -456.9   -35.9   -23.9   4.36   87372.  -17.0    1    1 -0.4343   1.78   1.01   1.14   0.37   1.58   1.73   1.51
2022  34  6 50   -8.23    8.79  -10.40  -434.5   -13.9   -27.5   3.14   88856.  -20.0    1    1 -0.4326   1.15   1.04   1.17   0.37   1.63   1.73   1.49
2022  34  6 55   -8.81    8.64  -10.68  -445.9   -17.4   -25.5   2.70   67258.  -22.0    1    1 -0.4309   1.05   1.06   1.19   0.38   1.68   1.73   1.47
2022  34  7  0   -5.34   12.29  -10.79  -457.7   -31.3   -32.8   2.02   44588.  -23.0    1    1 -0.4291   0.83   1.08   1.20   0.39   1.71   1.73   1.43
2022  34  7  5   -5.44   12.82  -10.41  -483.3   -65.8   -36.3   1.54   34000.  -24.0    1    1 -0.4273   0.71   1.10   1.20   0.39   1.74   1.71   1.38
2022  34  7 10   -5.46   13.13  -10.04  -492.6   -80.4   -43.8   1.70   40033.  -25.0    1    1 -0.4254   0.83   1.11   1.20   0.40   1.76   1.71   1.34
2022  34  7 15   -5.35   13.08  -10.59  -489.0   -81.0   -36.8   1.94   41849.  -26.0    1    1 -0.4234   0.93   1.13   1.21   0.41   1.80   1.72   1.31
2022  34  7 20   -6.65   12.91  -10.32  -479.1   -81.8   -42.0   1.95   45247.  -26.0    1    1 -0.4213   0.90   1.15   1.21   0.41   1.83   1.72   1.29
2022  34  7 25   -6.21   13.66   -9.35  -482.5  -101.5   -64.0   1.68   35907.  -27.0    1    1 -0.4192   0.81   1.16   1.21   0.42   1.85   1.71   1.25
2022  34  7 30   -6.66   12.06  -11.53  -489.2  -107.0   -47.0   1.46   29198.  -28.0    1    1 -0.4170   0.72   1.18   1.21   0.43   1.88   1.72   1.21
2022  34  7 35   -4.66   10.41  -14.17  -505.4  -109.9     3.7   1.35   36815.  -30.0    1    1 -0.4148   0.70   1.21   1.22   0.44   1.96   1.75   1.18
2022  34  7 40   -3.74   10.36  -11.33  -509.5  -140.6    -7.7   1.53   82218.  -33.0    1    1 -0.4125   0.83   1.23   1.22   0.45   1.99   1.76   1.16
2022  34  7 45   -2.66    8.12   -8.87  -506.2  -112.4   -13.3   1.53  369408.  -33.0    1    2 -0.4101   0.81   1.23   1.21   0.45   1.99   1.75   1.13
2022  34  7 50   -3.02    8.26  -10.69  -502.9   -84.3   -19.0   1.54  656896.  -31.0    1    2 -0.4077   0.79   1.25   1.21   0.46   2.02   1.75   1.11
2022  34  7 55   -4.16    7.29  -12.75  -499.6   -56.2   -24.6   1.54  944128.  -27.0    1    2 -0.4052   0.77   1.27   1.22   0.47   2.07   1.77   1.09
2022  34  8  0   -6.06    5.11  -15.57  -496.3   -28.0   -30.3   1.55 1231364.  -31.0    1    1 -0.4027   0.75   1.30   1.25   0.48   2.16   1.81   1.08
2022  34  8  5   -5.27    4.09  -16.73  -478.1   -28.6    32.4   1.62   35751.  -37.0    1    1 -0.4001   0.72   1.34   1.28   0.49   2.25   1.84   1.06
2022  34  8 10   -3.11    4.76  -17.23  -507.5   -53.3    26.3   1.59   58144.  -41.0    1    1 -0.3974   0.80   1.38   1.31   0.51   2.37   1.90   1.06
2022  34  8 15   -5.25    1.87  -17.53  -495.0   -37.1    25.4   1.63   51248.  -45.0    1    2 -0.3947   0.78   1.42   1.34   0.52   2.48   1.95   1.06
2022  34  8 20   -6.86    2.71  -17.13  -482.6   -21.0    24.6   1.66   44356.  -47.0    1    2 -0.3920   0.75   1.45   1.37   0.53   2.57   1.98   1.05
2022  34  8 25   -6.02    1.53  -17.70  -470.3    -4.8    23.7   1.70   37470.  -47.0    1    1 -0.3892   0.73   1.49   1.40   0.55   2.67   2.01   1.04
2022  34  8 30   -3.78    1.18  -18.19  -482.4    -1.4    18.1   1.53   55556.  -47.0    1    1 -0.3863   0.69   1.52   1.43   0.56   2.76   2.03   1.03
2022  34  8 35   -4.95    1.21  -18.05  -474.9     0.6    19.9   1.66   65088.  -48.0    1    1 -0.3834   0.73   1.56   1.46   0.57   2.85   2.06   1.03
2022  34  8 40   -4.63    1.19  -17.96  -479.1     4.3    26.9   2.10  103538.  -51.0    1    1 -0.3805   0.94   1.60   1.50   0.59   2.96   2.11   1.05
2022  34  8 45   -4.58    0.12  -17.97  -477.3     6.1    24.7   2.22  107291.  -52.0    1    1 -0.3775   0.98   1.64   1.55   0.60   3.07   2.15   1.07
2022  34  8 50   -4.47   -0.71  -18.05  -478.4    11.1    19.8   2.49  102891.  -53.0    1    1 -0.3745   1.11   1.69   1.59   0.61   3.19   2.21   1.10
2022  34  8 55   -4.30   -1.79  -18.11  -483.7    13.6    16.1   2.32  112708.  -53.0    1    1 -0.3714   1.05   1.73   1.64   0.63   3.30   2.26   1.13
2022  34  9  0   -3.12   -2.06  -18.38  -489.6    14.6    18.1   2.33  123139.  -54.0    1    1 -0.3683   1.08   1.77   1.68   0.65   3.42   2.31   1.16
2022  34  9  5   -4.96   -0.72  -18.00  -477.4     6.6    15.7   2.12  105262.  -55.0    1    1 -0.3652   0.94   1.81   1.71   0.66   3.50   2.33   1.17
2022  34  9 10   -4.26   -0.09  -17.77  -486.5    -6.4     2.7   2.94  259398.  -55.0    1    1 -0.3620   1.35   1.86   1.76   0.68   3.62   2.39   1.23
2022  34  9 15   -4.90   -0.36  -17.73  -484.2    -9.7     4.1   2.94  218233.  -55.0    1    1 -0.3588   1.34   1.90   1.81   0.69   3.73   2.45   1.28
2022  34  9 20   -4.57   -2.53  -18.02  -489.4    13.8    11.9   2.46  182032.  -58.0    1    1 -0.3556   1.14   1.94   1.85   0.71   3.83   2.48   1.31
2022  34  9 25   -5.13   -4.17  -17.87  -485.7    19.4     8.9   2.20  200288.  -62.0    1    2 -0.3523   1.01   1.97   1.87   0.72   3.90   2.50   1.31
2022  34  9 30   -4.88   -4.83  -17.81  -482.0    25.1     5.9   1.93  218544.  -65.0    1    1 -0.3490   0.87   2.00   1.88   0.74   3.95   2.50   1.30
2022  34  9 35   -2.83   -3.39  -18.53  -498.1    10.0     6.2   1.88  202128.  -66.0    1    1 -0.3456   0.90   2.03   1.90   0.75   4.02   2.51   1.30
2022  34  9 40   -3.84   -4.86  -18.45  -496.0     9.2    -8.8   1.79  278109.  -66.0    1    1 -0.3423   0.85   2.05   1.91   0.77   4.08   2.52   1.29
2022  34  9 45   -3.53   -6.75  -16.97  -502.6    20.8     0.8   2.06  214080.  -68.0    1    2 -0.3389   1.01   2.08   1.92   0.78   4.12   2.53   1.30
2022  34  9 50   -4.04   -6.89  -17.10  -509.1    32.3    10.3   2.32  150035.  -68.0    1    1 -0.3355   1.17   2.11   1.94   0.80   4.19   2.56   1.32
2022  34  9 55   -3.95   -7.46  -16.72  -501.0    27.3    15.0   2.51  186112.  -68.0    1    2 -0.3321   1.23   2.13   1.97   0.81   4.25   2.59   1.35
2022  34 10  0   -3.20   -8.23  -16.93  -493.0    22.3    19.7   2.69  222178.  -69.0    1    1 -0.3286   1.27   2.16   1.99   0.83   4.31   2.61   1.38
2022  34 10  5   -3.11   -9.41  -16.77  -486.1    34.7    31.0   2.51   82561.  -71.0    1    1 -0.3252   1.16   2.19   2.01   0.84   4.35   2.62   1.40
2022  34 10 10   -3.29  -10.38  -16.30  -489.0    42.5    29.2   2.26   57340.  -72.0    1    1 -0.3217   1.06   2.21   2.02   0.85   4.38   2.62   1.40
2022  34 10 15   -2.93  -11.64  -15.54  -491.4    36.1    36.3   1.57   39032.  -74.0    1    1 -0.3182   0.74   2.21   2.00   0.86   4.35   2.58   1.37
2022  34 10 20   -2.09  -12.51  -14.59  -492.2    45.6    31.0   1.70   43778.  -75.0    1    1 -0.3147   0.81   2.21   1.98   0.87   4.32   2.54   1.34
2022  34 10 25   -0.99  -12.90  -12.15  -514.7    32.2   -22.0   2.82  293914.  -76.0    1    1 -0.3112   1.45   2.22   1.98   0.88   4.30   2.53   1.37
2022  34 10 30   -1.68  -14.64  -12.11  -514.5    43.2   -20.8   2.65  249152.  -76.0    1    2 -0.3077   1.37   2.22   1.97   0.89   4.28   2.52   1.39
2022  34 10 35   -2.10  -14.54  -11.91  -514.2    54.1   -19.7   2.48  204448.  -76.0    1    2 -0.3041   1.29   2.22   1.96   0.90   4.24   2.51   1.40
2022  34 10 40   -1.16  -15.37  -10.89  -514.0    65.1   -18.5   2.30  159712.  -76.0    1    2 -0.3006   1.20   2.22   1.94   0.91   4.19   2.47   1.40
2022  34 10 45   -1.38  -14.95  -11.47  -513.8    76.1   -17.4   2.13  115008.  -77.0    1    1 -0.2971   1.11   2.21   1.92   0.92   4.14   2.44   1.39
2022  34 10 50   -1.74  -14.44  -12.01  -516.4    68.1   -16.4   2.14  153696.  -78.0    1    2 -0.2935   1.13   2.21   1.90   0.93   4.10   2.42   1.38
2022  34 10 55   -0.99  -14.99  -11.05  -519.0    60.0   -15.4   2.14  192384.  -80.0    1    2 -0.2900   1.13   2.20   1.88   0.94   4.05   2.40   1.37
2022  34 11  0    0.41  -15.31   -9.74  -521.7    52.0   -14.4   2.15  231064.  -79.0    1    1 -0.2864   1.15   2.19   1.85   0.94   3.99   2.36   1.36
2022  34 11  5   -0.62  -14.07  -11.44  -518.4    44.8   -13.5   5.32  219328.  -79.0    1    2 -0.2829   2.80   2.21   1.89   0.96   4.02   2.43   1.54
2022  34 11 10   -0.58  -13.59  -10.49  -515.2    37.7   -12.7   8.48  207592.  -79.0    1    2 -0.2793   4.40   2.25   1.95   0.97   4.07   2.53   1.89
2022  34 11 15    0.76  -14.76   -5.70  -512.0    30.5   -11.8  11.64  195848.  -78.0    1    2 -0.2758   5.95   2.24   1.95   0.98   4.00   2.53   2.25
2022  34 11 20   -0.14  -15.38   -8.34  -508.7    23.4   -11.0  14.81  184112.  -74.0    1    2 -0.2723   7.47   2.27   2.03   0.99   4.04   2.64   2.89
2022  34 11 25    0.89  -15.65   -7.38  -505.5    16.2   -10.1  17.97  172368.  -75.0    1    2 -0.2688   8.94   2.30   2.10   1.00   4.05   2.72   3.62
2022  34 11 30   -1.58  -13.47   -9.41  -502.3     9.1    -9.2  21.13  160632.  -76.0    1    2 -0.2653  10.36   2.36   2.23   1.01   4.16   2.89   4.65
2022  34 11 35   -0.41  -10.28   -8.49  -499.0     1.9    -8.4  24.30  148888.  -73.0    1    2 -0.2618  11.74   2.41   2.34   1.03   4.24   3.03   5.75
2022  34 11 40   -0.14   -7.24   -4.98  -495.8    -5.2    -7.5  27.46  137149.  -69.0    1    1 -0.2583  13.08   2.41   2.38   1.03   4.19   3.04   6.58
2022  34 11 45   -0.79   -2.13   -2.18  -499.8     9.0   -12.9  26.84  145526.  -50.0    1    1 -0.2548  13.00   2.37   2.32   1.03   4.04   2.92   6.91
2022  34 11 50    2.33    0.85   13.93  -501.6    17.8    -1.6  11.65  189160.  -60.0    1    1 -0.2514   5.68   2.30   2.20   1.03   3.85   2.65   6.44
2022  34 11 55    1.51   -3.63   12.65  -505.3    13.6   -29.4  11.52  240945.  -73.0    1    1 -0.2479   5.72   2.22   2.09   1.03   3.66   2.41   6.01
2022  34 12  0    1.83   -3.59   12.11  -507.9    21.7   -23.6  12.98  264665.  -70.0    1    1 -0.2445   6.51   2.15   1.98   1.03   3.49   2.19   5.60
2022  34 12  5    2.03   -6.46    8.74  -513.4    22.0   -21.2  12.79  274246.  -69.0    1    1 -0.2411   6.56   2.09   1.87   1.02   3.33   1.99   5.22
2022  34 12 10    1.29   -6.60    5.40  -503.0    17.4   -21.8  16.16  349916.  -65.0    1    1 -0.2377   7.95   2.02   1.77   1.02   3.17   1.81   4.86
2022  34 12 15    0.91   -7.00    6.18  -505.1    24.0    -6.7  15.98  330234.  -62.0    1    1 -0.2344   7.92   1.96   1.68   1.02   3.02   1.64   4.53
2022  34 12 20    0.66   -6.07    6.50  -505.1    37.1     2.6  16.46  310231.  -58.0    1    1 -0.2311   8.18   1.90   1.59   1.02   2.88   1.49   4.23
2022  34 12 25    1.53   -8.71    8.88  -506.3    41.0     0.3  13.16  239647.  -53.0    1    1 -0.2278   6.58   1.84   1.51   1.01   2.74   1.36   3.94
2022  34 12 30    0.83   -7.94    8.02  -504.6    36.9     3.4  16.72  267154.  -54.0    1    1 -0.2245   8.29   1.78   1.43   1.01   2.61   1.23   3.67
2022  34 12 35    1.61   -3.03    4.60  -505.7    42.7    -3.0  16.35  297503.  -46.0    1    1 -0.2213   8.16   1.72   1.35   1.01   2.49   1.12   3.42
2022  34 12 40    2.51  -10.36    2.64  -521.7    48.2   -23.2  12.78  349207.  -47.0    1    1 -0.2181   6.81   1.67   1.28   1.00   2.37   1.02   3.19
2022  34 12 45   -0.06   -7.74   -0.74  -513.2    63.5   -15.1  14.22  316887.  -45.0    1    1 -0.2149   7.37   1.63   1.23   1.00   2.27   0.99   3.19
2022  34 12 50    0.97  -11.32   -2.33  -511.8    56.0   -15.7  12.19  301494.  -42.0    1    1 -0.2118   6.27   1.61   1.22   1.00   2.20   1.03   3.29
2022  34 12 55    0.30  -12.30   -1.00  -510.9    53.4   -10.5  12.94  293584.  -44.0    1    2 -0.2087   6.62   1.57   1.18   1.00   2.11   1.00   3.28
2022  34 13  0   -0.78   -9.95    1.77  -510.0    50.7    -5.4  13.68  285648.  -43.0    1    2 -0.2056   6.97   1.52   1.12   1.00   2.01   0.91   3.06
2022  34 13  5    0.74   -8.99    0.36  -509.1    48.1    -0.2  14.43  277673.  -40.0    1    1 -0.2026   7.31   1.47   1.06   1.00   1.91   0.83   2.85
2022  34 13 10    0.94   -9.24   -1.70  -510.9    46.0     6.3  13.88  283746.  -37.0    1    1 -0.1996   7.08   1.45   1.04   0.99   1.85   0.86   2.97
2022  34 13 15    1.05   -9.12   -1.19  -512.1    36.3    -9.9  10.66  340611.  -41.0    1    1 -0.1967   5.44   1.42   1.02   0.99   1.77   0.86   2.96
2022  34 13 20    1.95   -5.26   -3.80  -521.6    44.1     6.7  12.85  324081.  -43.0    1    1 -0.1938   6.82   1.42   1.04   1.00   1.77   0.97   3.22
2022  34 13 25    0.83   -5.37   -4.18  -522.4    48.4     3.0  12.93  310057.  -38.0    1    1 -0.1909   6.89   1.43   1.08   1.00   1.77   1.09   3.49
2022  34 13 30    1.16   -5.38   -1.57  -523.6    52.9    -1.9  11.97  306701.  -37.0    1    1 -0.1881   6.42   1.41   1.06   1.00   1.71   1.09   3.52
2022  34 13 35    0.36   -5.01   -4.27  -521.5    51.9     6.4  10.70  276114.  -38.0    1    1 -0.1853   5.70   1.41   1.08   1.00   1.71   1.18   3.67
2022  34 13 40    0.41   -5.98   -5.49  -531.7    58.2     8.5   7.13  270776.  -42.0    1    1 -0.1826   3.95   1.42   1.11   1.01   1.73   1.28   3.71
2022  34 13 45    0.87   -5.98   -5.41  -536.4    54.1    16.9   6.06  253144.  -47.0    1    1 -0.1799   3.42   1.43   1.12   1.01   1.74   1.35   3.69
2022  34 13 50    1.09   -5.39   -4.97  -550.4    49.0    19.0   5.42  218566.  -49.0    1    1 -0.1773   3.21   1.43   1.13   1.01   1.74   1.40   3.64
2022  34 13 55    1.68   -3.79   -4.21  -560.3    49.5    15.0   4.25  224678.  -49.0    1    1 -0.1747   2.61   1.42   1.12   1.01   1.72   1.42   3.54
2022  34 14  0    1.82   -3.03   -3.75  -570.3    51.0    22.2   3.90  200350.  -51.0    1    1 -0.1722   2.48   1.41   1.10   1.02   1.68   1.43   3.43
2022  34 14  5    1.70   -2.98   -3.49  -575.8    43.6    28.7   3.37  155792.  -53.0    1    1 -0.1697   2.18   1.39   1.08   1.02   1.65   1.42   3.30
2022  34 14 10    1.78   -2.76   -3.38  -575.9    42.9    27.5   3.40  158137.  -53.0    1    1 -0.1673   2.20   1.38   1.06   1.02   1.61   1.41   3.18
2022  34 14 15    1.76   -2.98   -3.69  -572.9    44.0    24.3   3.25  154054.  -53.0    1    1 -0.1650   2.08   1.36   1.04   1.02   1.58   1.40   3.06
2022  34 14 20    1.86   -2.33   -3.46  -571.5    45.2    28.6   3.40  145411.  -53.0    1    1 -0.1627   2.17   1.35   1.02   1.02   1.55   1.40   2.96
2022  34 14 25    1.85   -2.33   -3.76  -571.6    45.6    30.6   3.33  142536.  -53.0    1    1 -0.1604   2.13   1.33   1.01   1.02   1.52   1.40   2.86
2022  34 14 30    2.23   -2.36   -3.11  -572.1    46.0    28.2   3.42  134511.  -53.0    1    1 -0.1582   2.19   1.32   0.99   1.02   1.49   1.38   2.76
2022  34 14 35    2.13   -2.22   -3.18  -570.2    45.3    28.7   3.33  131943.  -51.0    1    1 -0.1561   2.12   1.30   0.97   1.02   1.45   1.37   2.67
2022  34 14 40    2.14   -2.30   -2.80  -568.4    44.3    27.2   3.32  131497.  -51.0    1    1 -0.1540   2.10   1.28   0.95   1.02   1.42   1.35   2.58
2022  34 14 45    2.27   -2.29   -2.72  -567.8    43.9    23.5   3.09  134691.  -51.0    1    1 -0.1520   1.94   1.27   0.92   1.02   1.38   1.32   2.48
2022  34 14 50    2.65   -2.17   -2.36  -563.8    42.4    26.9   3.02  130201.  -51.0    1    1 -0.1501   1.87   1.24   0.90   1.02   1.34   1.29   2.38
2022  34 14 55    1.87   -2.31   -2.76  -566.1    46.5    23.8   3.22  134643.  -51.0    1    1 -0.1482   2.02   1.23   0.88   1.02   1.31   1.27   2.30
2022  34 15  0    1.79   -2.06   -2.94  -567.6    40.4    22.6   3.23  140715.  -50.0    1    1 -0.1464   2.03   1.21   0.87   1.02   1.28   1.26   2.23
2022  34 15  5    2.13   -1.69   -2.96  -562.5    37.5    17.7   2.63  113632.  -50.0    1    1 -0.1446   1.62   1.20   0.85   1.02   1.25   1.24   2.15
2022  34 15 10    1.97   -1.94   -3.04  -564.7    38.9    20.8   3.08  125858.  -50.0    1    1 -0.1430   1.91   1.18   0.83   1.02   1.22   1.23   2.08
2022  34 15 15    1.66   -1.70   -2.66  -566.8    37.7    20.1   3.68  111946.  -48.0    1    1 -0.1413   2.30   1.17   0.82   1.02   1.19   1.22   2.04
2022  34 15 20    1.37   -2.60   -2.84  -570.6    37.0    23.1   2.76   71262.  -46.0    1    1 -0.1398   1.75   1.15   0.80   1.02   1.17   1.20   1.97
2022  34 15 25    1.74   -2.67   -2.94  -563.6    42.2    19.9   2.93   96968.  -46.0    1    1 -0.1383   1.81   1.14   0.79   1.02   1.14   1.19   1.91
2022  34 15 30    1.50   -2.77   -2.77  -564.4    42.1    19.5   2.92  100232.  -46.0    1    1 -0.1369   1.81   1.12   0.78   1.02   1.12   1.18   1.86
2022  34 15 35    1.48   -2.81   -2.75  -563.7    41.4    18.1   3.08   99481.  -45.0    1    1 -0.1355   1.91   1.11   0.76   1.02   1.10   1.17   1.81
2022  34 15 40    1.33   -2.84   -2.67  -565.1    37.7    17.2   3.04   96592.  -45.0    1    1 -0.1342   1.89   1.10   0.75   1.02   1.07   1.15   1.76
2022  34 15 45    1.39   -2.48   -2.26  -563.2    34.5    15.0   3.06   92633.  -44.0    1    1 -0.1330   1.89   1.08   0.73   1.02   1.04   1.13   1.71
2022  34 15 50    1.72   -2.54   -1.88  -567.9    32.3     9.1   2.78   92930.  -44.0    1    1 -0.1319   1.74   1.06   0.71   1.01   1.01   1.10   1.65
2022  34 15 55    0.91   -2.65   -1.97  -559.4    35.8    13.4   3.19   96044.  -44.0    1    1 -0.1308   1.94   1.04   0.70   1.01   0.98   1.08   1.60
2022  34 16  0    1.96   -2.81   -2.49  -544.1    34.5     1.5   2.40   90272.  -44.0    1    1 -0.1298   1.38   1.03   0.68   1.01   0.96   1.06   1.54
2022  34 16  5    1.52   -3.37   -1.93  -547.7    31.6     2.8   2.77   88344.  -44.0    1    1 -0.1289   1.61   1.01   0.67   1.01   0.93   1.03   1.49
2022  34 16 10    1.32   -3.26   -1.37  -549.1    30.6     5.9   3.60   78882.  -43.0    1    1 -0.1280   2.11   0.99   0.65   1.01   0.90   0.99   1.45
2022  34 16 15    0.61   -0.53   -0.77  -547.5    38.1    -1.5   4.88   55532.  -41.0    1    1 -0.1272   2.85   0.97   0.62   1.01   0.86   0.95   1.42
2022  34 16 20   -0.92    3.38   -0.59  -543.7    34.6    -6.7   4.87   63880.  -37.0    1    1 -0.1265   2.80   0.94   0.60   1.00   0.83   0.90   1.37
2022  34 16 25   -0.82    3.82   -0.30  -544.6    36.1    -5.3   3.87   76568.  -37.0    1    1 -0.1259   2.23   0.92   0.57   1.00   0.79   0.84   1.31
2022  34 16 30   -0.66    3.64    0.07  -544.0    36.6    -6.5   4.35   76264.  -37.0    1    1 -0.1253   2.51   0.89   0.54   1.00   0.75   0.76   1.22
2022  34 16 35   -0.67    3.89   -0.05  -541.3    46.3    -6.4   4.02   87644.  -36.0    1    1 -0.1248   2.30   0.86   0.52   1.00   0.72   0.70   1.15
2022  34 16 40   -0.22    3.90   -0.04  -541.1    40.0    -5.8   3.71   73276.  -37.0    1    1 -0.1244   2.12   0.83   0.49   0.99   0.68   0.64   1.08
2022  34 16 45   -0.91    3.69   -0.30  -532.9    39.0    -6.0   4.17   70904.  -35.0    1    1 -0.1241   2.31   0.81   0.47   0.99   0.65   0.60   1.04
2022  34 16 50   -1.57    3.34   -0.51  -535.1    40.3    -6.4   4.06   73112.  -33.0    1    1 -0.1238   2.27   0.79   0.45   0.99   0.62   0.58   1.01
2022  34 16 55   -0.40    3.12   -0.21  -535.6    35.5    -3.9   4.79   76071.  -32.0    1    1 -0.1236   2.67   0.77   0.43   0.99   0.60   0.54   0.97
2022  34 17  0    0.23    2.76    0.67  -538.8    30.9    -7.1   6.06   51634.  -30.0    1    1 -0.1235   3.42   0.74   0.41   0.98   0.57   0.49   0.90
2022  34 17  5    0.39    3.53    0.99  -533.1    35.4    -5.0   4.46   67159.  -29.0    1    1 -0.1234   2.47   0.72   0.39   0.98   0.54   0.45   0.84
2022  34 17 10    1.82    2.05    2.15  -530.4    43.7    -3.1   4.33   54071.  -30.0    1    1 -0.1235   2.38   0.70   0.37   0.98   0.51   0.41   0.78
2022  34 17 15    0.10   -0.46    1.02  -538.6    44.1   -11.0   6.75   46273.  -28.0    1    1 -0.1236   3.82   0.68   0.35   0.98   0.49   0.37   0.73
2022  34 17 20    0.29   -1.77   -0.42  -534.0    39.5   -17.5   8.74   37987.  -26.0    1    1 -0.1237   4.86   0.66   0.34   0.97   0.47   0.37   0.77
2022  34 17 25    0.15   -3.13   -0.35  -534.6    26.3    -4.8   7.84   33630.  -23.0    1    1 -0.1240   4.35   0.64   0.33   0.97   0.45   0.37   0.79
2022  34 17 30   -0.64   -3.29   -1.60  -538.2    30.2   -12.6   7.29   36814.  -24.0    1    1 -0.1243   4.11   0.64   0.34   0.97   0.45   0.42   0.89
2022  34 17 35   -0.57   -3.95   -1.20  -543.6    26.0    -6.9   6.55   32584.  -24.0    1    1 -0.1247   3.76   0.63   0.34   0.97   0.44   0.45   0.95
2022  34 17 40   -0.61   -4.08   -1.15  -546.8    26.7    -7.9   6.27   31450.  -25.0    1    1 -0.1252   3.64   0.63   0.34   0.97   0.43   0.48   0.99
2022  34 17 45    0.29   -3.83   -1.26  -538.6    28.5   -12.8   8.75   30062.  -24.0    1    2 -0.1257   4.93   0.62   0.35   0.97   0.43   0.51   1.09
2022  34 17 50    0.26   -2.85   -0.69  -530.5    30.3   -17.7  11.23   28660.  -22.0    1    1 -0.1263   6.15   0.61   0.34   0.96   0.41   0.52   1.18
2022  34 17 55    0.20   -3.55   -0.68  -527.3    29.0   -14.5  11.33   29826.  -19.0    1    1 -0.1270   6.13   0.60   0.34   0.96   0.40   0.53   1.26
2022  34 18  0    1.08   -4.50   -0.26  -531.3    26.4   -13.8   8.85   32993.  -19.0    1    1 -0.1278   4.85   0.59   0.33   0.96   0.39   0.51   1.25
2022  34 18  5    1.17   -4.20    0.22  -528.3    26.8   -11.7  10.25   29190.  -19.0    1    1 -0.1286   5.56   0.57   0.31   0.96   0.37   0.46   1.16
2022  34 18 10    1.60   -3.38    1.24  -530.1    24.9    -9.7   9.89   43248.  -18.0    1    2 -0.1295   5.40   0.55   0.30   0.95   0.35   0.42   1.08
2022  34 18 15   -1.47   -1.56   -0.95  -532.1    23.1    -7.6   9.53   57327.  -18.0    1    1 -0.1305   5.24   0.55   0.30   0.95   0.34   0.45   1.17
2022  34 18 20    0.46   -0.14    0.95  -536.5    22.6    -5.9   5.75  115398.  -23.0    1    1 -0.1316   3.21   0.53   0.29   0.95   0.33   0.41   1.09
2022  34 18 25   -2.64    1.71   -1.76  -543.8    24.5   -16.3   5.90  130254.  -27.0    1    1 -0.1327   3.39   0.53   0.30   0.95   0.33   0.45   1.14
2022  34 18 30   -2.75   -1.68    0.06  -541.4    31.3   -20.4   5.78  124152.  -25.0    1    1 -0.1339   3.30   0.51   0.28   0.95   0.32   0.41   1.06
2022  34 18 35   -0.76   -1.87    1.44  -541.9    25.1   -14.9   5.66  141609.  -25.0    1    1 -0.1351   3.23   0.50   0.27   0.94   0.30   0.38   0.99
2022  34 18 40   -1.47   -0.03   -0.43  -540.5    24.7   -17.2   6.02  120430.  -24.0    1    1 -0.1365   3.42   0.49   0.26   0.94   0.29   0.37   0.98
2022  34 18 45   -0.87   -0.39   -0.62  -540.7    39.1   -18.3   5.68  137668.  -24.0    1    1 -0.1379   3.24   0.48   0.26   0.94   0.28   0.38   0.98
2022  34 18 50   -0.27   -2.98   -1.44  -538.9    40.7   -16.9   5.42  144668.  -25.0    1    1 -0.1393   3.07   0.48   0.26   0.94   0.28   0.42   1.02
2022  34 18 55   -0.13   -3.14   -0.95  -538.8    27.4   -14.2   4.60  117967.  -27.0    1    1 -0.1409   2.60   0.47   0.26   0.94   0.28   0.43   1.01
2022  34 19  0   -0.22   -1.90   -1.00  -540.1     6.3    -9.9   5.36  104803.  -26.0    1    1 -0.1425   3.03   0.47   0.26   0.94   0.27   0.45   1.02
2022  34 19  5   -0.74   -2.30   -0.56  -541.6     5.9    -9.9   6.16   97417.  -21.0    1    1 -0.1441   3.50   0.46   0.26   0.93   0.27   0.44   1.03
2022  34 19 10   -1.76   -2.47   -0.75  -540.0     9.1    -8.7   6.55   91431.  -23.0    1    1 -0.1459   3.70   0.45   0.26   0.93   0.26   0.45   1.05
2022  34 19 15   -2.53   -2.58   -0.82  -541.2    10.5   -12.3   6.37   82548.  -24.0    1    1 -0.1477   3.62   0.45   0.26   0.93   0.26   0.46   1.07
2022  34 19 20   -2.51   -2.94   -1.14  -544.1     5.3   -19.2   5.69   95705.  -23.0    1    1 -0.1495   3.27   0.45   0.26   0.93   0.25   0.48   1.09
2022  34 19 25   -1.69   -2.07   -0.55  -540.9    12.8   -14.8   6.05  106133.  -22.0    1    1 -0.1515   3.43   0.44   0.26   0.93   0.25   0.48   1.08
2022  34 19 30   -1.15   -1.37   -0.99  -534.5    19.0   -22.3   7.14  103691.  -21.0    1    1 -0.1534   3.96   0.44   0.26   0.92   0.25   0.49   1.12
2022  34 19 35   -0.83   -2.06   -0.69  -531.3    15.5   -21.8   7.02  113183.  -19.0    1    1 -0.1555   3.85   0.43   0.26   0.92   0.24   0.50   1.14
2022  34 19 40   -0.62   -2.23    0.06  -531.8    18.5   -16.6   6.76  113391.  -20.0    1    1 -0.1576   3.71   0.42   0.25   0.92   0.23   0.45   1.06
2022  34 19 45   -1.09   -2.17    0.40  -529.8    14.5   -10.8   6.81  109921.  -20.0    1    1 -0.1598   3.71   0.40   0.24   0.92   0.22   0.41   0.99
2022  34 19 50   -1.47   -1.98    1.22  -530.7    14.7    -9.9   6.38  111773.  -20.0    1    1 -0.1620   3.48   0.39   0.22   0.91   0.21   0.37   0.92
2022  34 19 55   -0.93   -2.16    1.28  -527.0    12.6   -11.7   6.35  104223.  -20.0    1    1 -0.1643   3.42   0.38   0.21   0.91   0.20   0.34   0.86
2022  34 20  0   -2.55   -2.40   -0.91  -526.9    15.2   -13.8   6.21   89598.  -19.0    1    1 -0.1666   3.34   0.38   0.22   0.91   0.20   0.36   0.89
2022  34 20  5   -2.49   -2.27   -0.46  -526.4    13.2   -14.4   6.23   90610.  -18.0    1    1 -0.1690   3.35   0.37   0.21   0.91   0.19   0.36   0.89
2022  34 20 10   -3.15   -2.02   -0.28  -530.7    10.8    -9.6   6.02   91754.  -17.0    1    1 -0.1714   3.29   0.36   0.21   0.91   0.18   0.35   0.87
2022  34 20 15   -3.06   -2.14    0.49  -531.4     8.9    -6.0   6.06   99247.  -17.0    1    1 -0.1739   3.32   0.35   0.20   0.90   0.17   0.32   0.81
2022  34 20 20   -2.87   -2.24    0.87  -531.1     8.5    -2.2   6.35   92664.  -17.0    1    1 -0.1765   3.47   0.34   0.18   0.90   0.17   0.29   0.76
2022  34 20 25   -2.88   -2.07    1.08  -531.7     9.0     0.2   6.41   98004.  -17.0    1    1 -0.1791   3.51   0.33   0.18   0.90   0.16   0.26   0.71
2022  34 20 30   -3.07   -1.66    1.28  -531.1    12.7    -3.8   6.42  102687.  -18.0    1    1 -0.1817   3.51   0.32   0.17   0.90   0.15   0.24   0.66
2022  34 20 35    1.34   -0.12   -0.64  -524.4    16.8    -8.7   7.23  109218.  -17.0    1    1 -0.1844   3.86   0.32   0.17   0.89   0.15   0.26   0.70
2022  34 20 40   -0.11   -0.41    0.82  -525.5    17.2   -10.7   7.70  112092.  -16.0    1    1 -0.1871   4.13   0.31   0.16   0.89   0.14   0.24   0.65
2022  34 20 45   -0.01   -0.98   -0.45  -526.6    20.8   -10.6   7.71  109487.  -17.0    1    1 -0.1899   4.15   0.30   0.16   0.89   0.14   0.25   0.69
2022  34 20 50    0.24    0.15    0.12  -520.8    19.7   -14.6   7.61  113811.  -18.0    1    1 -0.1928   4.01   0.29   0.15   0.89   0.13   0.23   0.64
2022  34 20 55   -0.94   -0.19    0.34  -516.7    20.5   -14.0   7.64  113837.  -17.0    1    1 -0.1956   3.96   0.28   0.14   0.89   0.13   0.21   0.60
2022  34 21  0   -2.63   -1.10   -0.64  -520.7    16.6   -13.5   6.46  115150.  -18.0    1    1 -0.1986   3.40   0.28   0.15   0.88   0.13   0.23   0.63
2022  34 21  5   -1.77   -1.04   -0.41  -525.6    15.0   -13.7   6.54  121304.  -19.0    1    1 -0.2015   3.50   0.28   0.15   0.88   0.12   0.24   0.65
2022  34 21 10   -2.18   -1.13   -0.36  -527.0    14.5   -14.8   6.07  121367.  -19.0    1    1 -0.2045   3.27   0.27   0.15   0.88   0.12   0.24   0.65
2022  34 21 15   -2.56   -0.12    0.21  -518.5    22.7   -16.7   7.09  110206.  -22.0    1    1 -0.2076   3.70   0.26   0.14   0.88   0.11   0.22   0.61
2022  34 21 20   -2.34   -0.19    0.15  -516.1    23.3   -18.8   7.48  114439.  -23.0    1    1 -0.2106   3.87   0.26   0.13   0.87   0.11   0.20   0.57
2022  34 21 25   -2.46   -0.49   -0.55  -516.9    24.0   -19.8   7.17  109745.  -23.0    1    1 -0.2137   3.72   0.25   0.13   0.87   0.11   0.22   0.61
2022  34 21 30   -2.31   -0.65   -0.26  -515.8    24.7   -18.3   7.42  109497.  -23.0    1    1 -0.2169   3.84   0.25   0.13   0.87   0.10   0.22   0.62
2022  34 21 35   -1.12   -0.84    0.25  -511.3    28.2   -22.1   7.66  112297.  -22.0    1    1 -0.2201   3.90   0.24   0.13   0.87   0.10   0.20   0.58
2022  34 21 40   -1.59   -1.14    0.38  -512.8    25.5   -25.7   7.91  103697.  -21.0    1    1 -0.2233   4.05   0.23   0.12   0.87   0.09   0.19   0.54
2022  34 21 45   -1.47   -1.44   -1.35  -521.1    12.7   -30.9   7.52   81774.  -20.0    1    1 -0.2265   3.97   0.24   0.14   0.86   0.11   0.24   0.63
2022  34 21 50   -0.91   -1.31   -1.77  -525.0     4.9   -29.4   7.97   87342.  -20.0    1    1 -0.2298   4.27   0.25   0.16   0.86   0.12   0.31   0.76
2022  34 21 55   -0.72   -1.52   -2.19  -527.5     4.5   -23.3   8.32   80151.  -20.0    1    1 -0.2330   4.49   0.27   0.19   0.86   0.15   0.39   0.91
2022  34 22  0   -0.62   -0.78   -1.30  -530.4     9.3   -21.7   8.67   79691.  -19.0    1    1 -0.2364   4.74   0.28   0.21   0.86   0.16   0.44   1.01
2022  34 22  5   -0.66    1.65   -0.64  -529.2    24.8   -25.9   9.01   88239.  -18.0    1    1 -0.2397   4.91   0.28   0.21   0.86   0.16   0.45   1.06
2022  34 22 10   -0.65    1.97    0.18  -528.8    24.9   -22.9   8.74   90046.  -18.0    1    1 -0.2431   4.75   0.27   0.20   0.86   0.15   0.41   0.99
2022  34 22 15   -0.16    1.72    1.52  -523.7    24.4   -19.5   8.86   85848.  -18.0    1    1 -0.2464   4.72   0.26   0.19   0.86   0.14   0.37   0.92
2022  34 22 20   -0.28    0.91    2.38  -521.6    20.7   -13.1   8.58   86250.  -19.0    1    1 -0.2499   4.53   0.25   0.18   0.85   0.13   0.33   0.86
2022  34 22 25   -1.04    1.06    2.13  -523.2    20.2   -14.4   8.41   92554.  -20.0    1    1 -0.2533   4.47   0.24   0.17   0.85   0.13   0.30   0.80
2022  34 22 30   -0.63    0.87    1.98  -522.4    18.5   -17.6   8.34   98002.  -20.0    1    1 -0.2567   4.42   0.24   0.16   0.85   0.12   0.28   0.75
2022  34 22 35   -1.15    0.06    1.45  -523.5    18.6   -19.3   8.76   97162.  -20.0    1    1 -0.2602   4.66   0.23   0.15   0.85   0.12   0.25   0.70
2022  34 22 40   -0.94    0.27    1.96  -524.5    19.7   -15.7   8.81   88284.  -20.0    1    1 -0.2636   4.71   0.22   0.14   0.84   0.11   0.23   0.65
2022  34 22 45   -1.13    0.93    1.62  -523.9    21.7   -14.0   9.24   90792.  -20.0    1    1 -0.2671   4.92   0.21   0.14   0.84   0.11   0.21   0.61
2022  34 22 50    1.15    0.76    0.82  -518.7    24.0   -12.8   8.83   91789.  -19.0    1    1 -0.2706   4.61   0.21   0.13   0.84   0.10   0.19   0.56
2022  34 22 55    1.15   -0.27    0.69  -519.4    18.5   -16.1   9.07   91741.  -18.0    1    1 -0.2741   4.75   0.20   0.12   0.84   0.10   0.17   0.53
2022  34 23  0    0.62   -0.93    2.65  -522.4    18.5   -20.2   8.44   95105.  -18.0    1    1 -0.2776   4.48   0.19   0.12   0.84   0.09   0.16   0.49
2022  34 23  5    0.63   -0.61    1.29  -524.6    11.8   -17.8   8.84   95376.  -18.0    1    1 -0.2811   4.72   0.19   0.11   0.83   0.09   0.14   0.46
2022  34 23 10    1.13   -1.12    2.07  -526.2    15.5   -15.8   9.03   87722.  -18.0    1    1 -0.2846   4.85   0.18   0.10   0.83   0.08   0.13   0.43
2022  34 23 15    2.17    1.85    1.49  -517.9    20.3   -11.5   9.06   86814.  -16.0    1    1 -0.2881   4.72   0.18   0.10   0.83   0.08   0.12   0.40
2022  34 23 20    2.49    0.50    1.62  -517.8    16.7    -8.1   9.17   87445.  -16.0    1    1 -0.2916   4.77   0.17   0.09   0.83   0.08   0.11   0.37
2022  34 23 25    2.56   -0.23    1.79  -517.3    15.3    -3.6   9.47   91343.  -16.0    1    1 -0.2951   4.91   0.17   0.09   0.82   0.07   0.10   0.34
2022  34 23 30   -0.41   -1.76    1.98  -524.9    13.0    -5.9  10.08   72190.  -14.0    1    1 -0.2986   5.38   0.16   0.08   0.82   0.07   0.09   0.32
2022  34 23 35    0.23   -1.77    2.52  -526.9    11.9    -1.9  10.45   77300.  -10.0    1    1 -0.3021   5.62   0.16   0.08   0.82   0.06   0.08   0.30
2022  34 23 40    0.59   -3.18    2.80  -540.6    11.1    -6.7  13.73  104848.   -5.0    1    1 -0.3056   7.78   0.15   0.07   0.82   0.06   0.07   0.28
2022  34 23 45    1.35   -2.29    2.48  -544.4    10.3   -12.0  16.08  104767.    0.0    1    1 -0.3091   9.24   0.15   0.07   0.82   0.06   0.07   0.26
2022  34 23 50   -0.28   -3.08    3.07  -552.6     9.8   -16.3  15.72  113438.    1.0    1    1 -0.3126   9.31   0.14   0.07   0.81   0.06   0.06   0.24
2022  34 23 55    1.38    2.35   -1.18  -551.5    10.0   -29.3  17.34  125250.    2.0    1    1 -0.3160  10.25   0.16   0.10   0.81   0.07   0.16   0.64
2022  35  0  0    1.73    2.24   -5.38  -553.7     6.7   -13.5  15.65  110309.    1.0    1    1 -0.3195   9.30   0.23   0.22   0.82   0.21   0.43   1.41
2022  35  0  5    0.69    1.39   -6.32  -556.5     6.7   -17.7  15.32  113976.    0.0    1    2 -0.3229   9.20   0.31   0.35   0.83   0.38   0.72   2.19
2022  35  0 10   -3.32   -3.73   -3.56  -559.4     6.7   -21.9  14.99  117661.    2.0    1    1 -0.3264   9.10   0.35   0.41   0.84   0.44   0.87   2.68
2022  35  0 15   -3.86   -5.77   -2.07  -559.0     4.8   -27.0  15.46  109459.    2.0    1    1 -0.3298   9.38   0.37   0.44   0.84   0.46   0.94   2.99
2022  35  0 20   -2.43   -4.67   -3.52  -563.7     0.4   -23.5  14.77  107708.    0.0    1    2 -0.3331   9.10   0.41   0.50   0.84   0.52   1.07   3.42
2022  35  0 25    0.47   -1.08   -4.80  -568.3    -3.9   -20.1  14.08  105954.    3.0    1    2 -0.3365   8.82   0.46   0.58   0.85   0.62   1.24   3.91
2022  35  0 30   -4.05   -5.73    0.20  -572.9    -8.3   -16.6  13.39  104196.    6.0    1    1 -0.3398   8.52   0.45   0.55   0.84   0.59   1.12   3.64
2022  35  0 35   -4.44   -6.17    1.31  -588.7   -15.0     3.4  16.14  136503.   -3.0    1    1 -0.3432  10.84   0.43   0.52   0.84   0.56   1.02   3.40
2022  35  0 40   -4.81   -5.05    1.44  -586.1   -14.0    -2.9  15.83  130713.   -4.0    1    1 -0.3464  10.54   0.42   0.50   0.84   0.53   0.93   3.17
2022  35  0 45   -5.53   -5.41    0.86  -587.6    -8.3    -0.2  14.00  125279.   -6.0    1    1 -0.3497   9.37   0.40   0.47   0.84   0.51   0.84   2.95
2022  35  0 50   -6.14   -5.45   -1.08  -587.2    -7.7    -1.9  14.21  117824.   -7.0    1    2 -0.3529   9.49   0.41   0.47   0.84   0.50   0.86   3.10
2022  35  0 55   -6.23   -5.14   -0.27  -586.8    -7.0    -3.7  14.42  110376.   -7.0    1    2 -0.3561   9.61   0.40   0.46   0.83   0.48   0.82   3.06
2022  35  1  0   -6.48   -5.40    0.19  -586.2    -6.4    -5.4  14.63  102944.   -6.0    1    1 -0.3593   9.74   0.39   0.43   0.83   0.46   0.75   2.85
2022  35  1  5   -5.67   -6.00   -1.36  -581.7   -13.7    -9.0  13.77  105572.   -6.0    1    1 -0.3624   9.03   0.40   0.44   0.83   0.46   0.79   3.04
2022  35  1 10   -4.86   -5.48   -2.25  -581.9   -14.0   -12.3  13.53  110826.   -8.0    1    1 -0.3655   8.88   0.42   0.47   0.83   0.48   0.88   3.31
2022  35  1 15   -4.95   -4.54   -1.34  -577.4    -8.6   -12.7  15.22  113431.   -8.0    1    1 -0.3686   9.84   0.43   0.48   0.83   0.48   0.92   3.50
2022  35  1 20   -4.56   -4.96   -2.09  -572.6    -9.3   -17.2  15.12  108252.   -8.0    1    1 -0.3716   9.62   0.44   0.51   0.83   0.50   0.99   3.77
2022  35  1 25   -3.48   -4.90   -1.40  -568.1    -7.6   -10.0  14.80  113690.   -9.0    1    1 -0.3746   9.26   0.45   0.52   0.83   0.50   1.01   3.91
2022  35  1 30   -2.99   -5.30   -0.80  -565.8    -4.5   -10.9  15.58  116694.   -9.0    1    1 -0.3775   9.66   0.45   0.52   0.83   0.49   1.00   3.95
2022  35  1 35   -2.54   -5.09   -0.98  -566.9    -5.0    -7.7  15.16  107231.   -9.0    1    1 -0.3804   9.44   0.45   0.52   0.83   0.48   1.00   4.02
2022  35  1 40   -3.33   -3.56   -1.47  -565.2     1.0   -14.4  17.27  112908.   -8.0    1    1 -0.3833  10.69   0.46   0.53   0.83   0.49   1.03   4.23
2022  35  1 45   -2.84   -4.42   -1.17  -562.1    -4.4   -17.4  16.58  117009.   -7.0    1    1 -0.3861  10.16   0.47   0.53   0.83   0.48   1.04   4.35
2022  35  1 50   -1.98   -4.64   -1.41  -560.2    -2.2   -16.8  16.79  117479.   -6.0    1    1 -0.3888  10.21   0.48   0.54   0.83   0.48   1.07   4.50
2022  35  1 55   -1.05   -4.10   -1.01  -553.0     5.3   -23.1  19.02  116971.   -6.0    1    1 -0.3915  11.29   0.48   0.55   0.83   0.48   1.06   4.62
2022  35  2  0   -0.94   -3.06   -1.91  -551.2     3.8   -26.1  18.21  117511.   -5.0    1    1 -0.3942  10.74   0.49   0.57   0.83   0.49   1.12   4.87
2022  35  2  5   -1.10   -6.18   -1.37  -551.1    -0.2   -14.5  13.78  116596.   -7.0    1    1 -0.3968   8.11   0.50   0.58   0.83   0.49   1.12   4.87
2022  35  2 10   -1.76   -7.54   -3.00  -551.9   -13.3   -18.3  10.99  113406.  -12.0    1    1 -0.3993   6.49   0.52   0.61   0.83   0.52   1.18   4.92
2022  35  2 15   -2.73   -7.26   -3.46  -556.6   -18.9   -23.8  10.04  108610.  -16.0    1    1 -0.4018   6.04   0.55   0.64   0.83   0.56   1.25   4.96
2022  35  2 20   -1.58   -3.54   -1.27  -547.1     4.0   -21.8  17.77  129887.  -11.0    1    1 -0.4043  10.32   0.55   0.64   0.83   0.56   1.25   5.05
2022  35  2 25   -0.16   -7.03   -2.26  -540.5    -4.8   -22.8  14.66  127738.   -6.0    1    1 -0.4066   8.31   0.57   0.66   0.83   0.58   1.28   5.16
2022  35  2 30    0.53   -7.36   -2.51  -530.6    -8.9   -24.2  12.44  131066.  -11.0    1    1 -0.4089   6.80   0.58   0.68   0.83   0.59   1.31   5.17
2022  35  2 35   -0.87   -8.40   -2.21  -541.5   -20.1   -22.1  10.18  118631.  -13.0    1    1 -0.4112   5.80   0.59   0.69   0.83   0.60   1.31   5.10
2022  35  2 40    0.07   -8.66   -2.32  -541.1   -24.4   -22.3   9.49  121183.  -16.0    1    1 -0.4134   5.40   0.60   0.70   0.84   0.61   1.32   5.02
2022  35  2 45    0.66   -8.85   -2.07  -538.3   -25.5   -20.9   9.33  115768.  -17.0    1    1 -0.4155   5.26   0.61   0.70   0.84   0.61   1.31   4.92
2022  35  2 50    0.60   -4.57   -0.80  -541.4     2.7   -23.3  18.51  113431.  -16.0    1    1 -0.4176  10.53   0.60   0.69   0.83   0.59   1.27   4.93
2022  35  2 55    0.70   -3.32    0.71  -543.4     0.9   -12.5  16.52  120096.   -6.0    1    1 -0.4196   9.45   0.58   0.65   0.83   0.56   1.16   4.59
2022  35  3  0    4.37   -0.34   -2.72  -525.5     1.9   -34.6  13.63  120886.   -6.0    1    1 -0.4215   7.33   0.60   0.68   0.83   0.59   1.21   4.70
2022  35  3  5    0.56   -5.34   -3.43  -534.5     1.4   -32.8  14.07  112906.  -13.0    1    1 -0.4234   7.82   0.63   0.72   0.84   0.63   1.29   4.90
2022  35  3 10   -3.77   -5.02    0.15  -551.4    -5.3   -22.2  18.38   65236.  -16.0    1    1 -0.4252  10.84   0.61   0.68   0.83   0.60   1.17   4.57
2022  35  3 15   -3.63   -5.43    0.03  -546.5    -4.6   -25.6  16.61   67158.   -8.0    1    1 -0.4269   9.63   0.59   0.65   0.83   0.57   1.06   4.26
2022  35  3 20   -4.40   -4.52    1.40  -543.9   -11.0   -27.3  16.86   58911.   -8.0    1    1 -0.4286   9.69   0.57   0.61   0.83   0.55   0.97   3.97
2022  35  3 25   -4.08   -4.86    0.68  -543.8    -9.4   -26.4  16.73   63831.   -9.0    1    1 -0.4302   9.61   0.55   0.58   0.83   0.52   0.88   3.70
2022  35  3 30   -5.18   -4.75    0.38  -545.4    -7.9   -20.7  13.06   63218.  -12.0    1    1 -0.4317   7.54   0.53   0.55   0.82   0.50   0.80   3.45
2022  35  3 35   -5.15   -4.58    1.64  -545.2    -7.2   -20.7  14.20   62729.  -19.0    1    1 -0.4331   8.19   0.52   0.52   0.82   0.47   0.72   3.22
2022  35  3 40   -3.09   -7.27    0.25  -548.0     8.6   -26.1   6.48  128161.  -17.0    1    1 -0.4345   3.78   0.50   0.50   0.82   0.45   0.66   3.00
2022  35  3 45   -3.30   -7.38    0.47  -547.7    12.1   -28.8   5.79  128643.  -21.0    1    1 -0.4358   3.38   0.49   0.47   0.82   0.43   0.60   2.79
2022  35  3 50   -2.27   -7.13   -0.85  -549.1     8.9   -24.6   6.97  124023.  -25.0    1    1 -0.4370   4.08   0.48   0.46   0.82   0.42   0.60   2.71
2022  35  3 55   -1.23   -7.27   -2.70  -554.5    29.4   -18.8   6.31  149785.  -22.0    1    1 -0.4381   3.77   0.49   0.48   0.82   0.44   0.67   2.71
2022  35  4  0   -1.71   -7.49   -2.81  -555.5    30.7   -11.9   5.78  110146.  -23.0    1    1 -0.4392   3.47   0.51   0.49   0.82   0.45   0.73   2.69
2022  35  4  5   -0.72   -7.31   -2.85  -557.8    26.9    -8.9   6.06  130672.  -20.0    1    2 -0.4402   3.66   0.52   0.51   0.82   0.47   0.79   2.69
2022  35  4 10   -0.37   -6.92   -1.44  -560.2    23.1    -6.0   6.34  151255.  -18.0    1    1 -0.4411   3.86   0.52   0.50   0.82   0.47   0.80   2.64
2022  35  4 15    0.26   -7.05   -0.51  -566.4    17.5   -13.5   6.47  144474.  -17.0    1    1 -0.4419   4.03   0.51   0.49   0.82   0.45   0.77   2.54
2022  35  4 20    0.22   -7.70   -0.35  -564.5    18.9    -9.5   6.24  137536.  -17.0    1    2 -0.4426   3.86   0.50   0.47   0.81   0.43   0.73   2.43
2022  35  4 25    0.81   -8.70    0.29  -562.5    20.3    -5.4   6.02  130600.  -20.0    1    2 -0.4433   3.70   0.48   0.44   0.81   0.41   0.66   2.26
2022  35  4 30    1.40   -9.22    0.84  -560.5    21.7    -1.4   5.79  123664.  -21.0    1    2 -0.4439   3.53   0.47   0.42   0.81   0.39   0.60   2.11
2022  35  4 35    0.89   -7.66   -3.03  -558.5    23.1     2.7   5.57  116728.  -23.0    1    2 -0.4444   3.37   0.48   0.44   0.81   0.42   0.68   2.13
2022  35  4 40    0.63   -8.05   -3.01  -556.5    24.5     6.7   5.34  109793.  -20.0    1    1 -0.4448   3.21   0.49   0.46   0.81   0.44   0.74   2.15
2022  35  4 45    1.26   -8.26   -2.59  -557.9    27.1    -1.6   5.28  132129.  -21.0    1    1 -0.4452   3.19   0.50   0.47   0.81   0.45   0.78   2.14
2022  35  4 50   -0.15   -7.09   -5.30  -557.0    24.8    -1.0   4.61  101920.  -23.0    1    2 -0.4454   2.78   0.53   0.51   0.82   0.51   0.89   2.17
2022  35  4 55    0.80   -8.62   -5.33  -556.0    22.6    -0.5   3.95   71712.  -24.0    1    2 -0.4456   2.37   0.56   0.54   0.82   0.57   0.97   2.17
2022  35  5  0    1.04   -9.75   -4.28  -555.0    20.3     0.0   3.29   41536.  -27.0    1    2 -0.4457   1.97   0.58   0.55   0.82   0.59   1.02   2.13
2022  35  5  5    1.03   -9.98   -4.00  -553.9    18.0     0.6   2.62   11355.  -28.0    1    1 -0.4457   1.56   0.59   0.56   0.82   0.61   1.04   2.06
2022  35  5 10    1.31   -9.91   -3.96  -552.5    17.0     4.6   2.63   12300.  -31.0    1    2 -0.4456   1.56   0.60   0.57   0.83   0.62   1.05   1.99
2022  35  5 15    1.44   -9.97   -3.87  -551.1    15.9     8.7   2.64   13246.  -31.0    1    2 -0.4455   1.56   0.60   0.57   0.83   0.63   1.07   1.93
2022  35  5 20    0.99  -10.06   -3.95  -549.7    14.9    12.7   2.65   14192.  -30.0    1    1 -0.4453   1.55   0.61   0.58   0.83   0.65   1.08   1.87
2022  35  5 25    0.68   -9.58   -5.34  -549.8    16.2     3.5   2.68   13937.  -30.0    1    1 -0.4450   1.57   0.63   0.59   0.83   0.68   1.12   1.83
2022  35  5 30    2.37   -9.71   -4.39  -552.7    21.7     3.2   2.56   15404.  -29.0    1    2 -0.4446   1.52   0.64   0.60   0.83   0.70   1.14   1.78
2022  35  5 35    3.38   -9.94   -3.05  -555.2    27.2     2.9   2.44   16873.  -29.0    1    1 -0.4441   1.46   0.64   0.59   0.83   0.70   1.13   1.72
2022  35  5 40    2.86   -9.93   -3.98  -550.6    28.7    13.2   2.70   19354.  -27.0    1    1 -0.4435   1.59   0.65   0.60   0.83   0.71   1.14   1.67
2022  35  5 45    2.93   -9.85   -4.37  -551.2    25.5    12.3   2.38   12370.  -26.0    1    1 -0.4429   1.40   0.66   0.60   0.83   0.72   1.15   1.63
2022  35  5 50    2.98   -9.97   -4.29  -565.6    28.6    12.8   2.25   18048.  -27.0    1    2 -0.4422   1.40   0.67   0.61   0.84   0.73   1.16   1.58
2022  35  5 55    2.91   -9.68   -5.02  -580.0    31.7    13.3   2.12   23718.  -26.0    1    1 -0.4414   1.39   0.68   0.61   0.84   0.76   1.19   1.55
2022  35  6  0    2.97   -9.52   -5.40  -559.3    26.6    25.1   2.60   22222.  -25.0    1    1 -0.4405   1.58   0.70   0.63   0.84   0.79   1.22   1.53
2022  35  6  5    3.12   -9.63   -5.10  -561.6    25.5    24.6   2.46   22071.  -26.0    1    1 -0.4395   1.51   0.71   0.64   0.84   0.81   1.24   1.51
2022  35  6 10    3.44   -9.61   -5.01  -556.2    19.5    20.3   2.40   16471.  -25.0    1    1 -0.4385   1.44   0.72   0.65   0.85   0.83   1.26   1.48
2022  35  6 15    3.75   -9.78   -4.45  -556.2    19.5    20.3   2.40   16471.  -26.0    1    1 -0.4374   1.44   0.73   0.65   0.85   0.84   1.26   1.45
2022  35  6 20    3.99   -9.52   -4.75  -559.0    27.6    26.1   3.06   18107.  -27.0    1    1 -0.4362   1.86   0.74   0.66   0.85   0.86   1.29   1.45
2022  35  6 25    4.49   -9.20   -5.04  -559.0    27.6    26.1   3.06   18107.  -27.0    1    1 -0.4349   1.86   0.75   0.67   0.85   0.88   1.31   1.46
2022  35  6 30    3.97   -9.11   -5.72  -551.9    29.2    33.4   2.86   20706.  -27.0    1    1 -0.4336   1.70   0.77   0.69   0.86   0.91   1.35   1.46
2022  35  6 35    4.50   -8.90   -5.48  -551.9    29.2    33.4   2.86   20706.  -26.0    1    1 -0.4322   1.70   0.79   0.70   0.86   0.94   1.37   1.45
2022  35  6 40    4.19   -8.54   -5.69  -549.1    32.9    26.2   3.47   32788.  -25.0    1    1 -0.4307   2.04   0.80   0.72   0.86   0.98   1.41   1.48
2022  35  6 45    4.14   -8.22   -6.15  -551.4    34.8    25.7   4.79   45688.  -25.0    1    1 -0.4291   2.84   0.83   0.76   0.87   1.03   1.47   1.58
2022  35  6 50    4.45   -8.24   -5.90  -546.5    32.2    27.2   4.25   39939.  -25.0    1    1 -0.4275   2.47   0.85   0.79   0.87   1.07   1.52   1.63
2022  35  6 55    4.32   -8.26   -5.75  -543.9    33.3    28.3   6.01   53313.  -26.0    1    1 -0.4258   3.47   0.88   0.82   0.88   1.12   1.58   1.76
2022  35  7  0    4.46   -8.18   -5.78  -542.4    33.4    28.2   6.14   48112.  -26.0    1    1 -0.4240   3.52   0.91   0.86   0.88   1.17   1.64   1.90
2022  35  7  5    4.39   -8.20   -5.88  -543.9    33.3    21.9   5.64   55393.  -27.0    1    1 -0.4222   3.25   0.93   0.89   0.89   1.22   1.68   1.99
2022  35  7 10    4.81   -8.07   -5.89  -549.3    38.9    21.8   4.95   44978.  -28.0    1    1 -0.4203   2.91   0.95   0.91   0.89   1.25   1.72   2.06
2022  35  7 15    5.05   -8.23   -6.02  -545.7    40.3    24.3   4.55   34906.  -31.0    1    1 -0.4183   2.64   0.98   0.94   0.90   1.29   1.75   2.10
2022  35  7 20    5.07   -7.94   -6.51  -543.4    35.3    22.7   3.74   33139.  -34.0    1    1 -0.4162   2.15   0.99   0.95   0.90   1.33   1.77   2.10
2022  35  7 25    5.09   -7.74   -6.76  -544.3    34.1    25.3   3.91   34144.  -35.0    1    1 -0.4141   2.26   1.02   0.97   0.91   1.37   1.80   2.11
2022  35  7 30    4.88   -8.04   -6.49  -541.7    36.5    25.8   4.32   36693.  -36.0    1    1 -0.4119   2.47   1.04   1.00   0.91   1.40   1.82   2.14
2022  35  7 35    4.91   -8.08   -6.52  -537.8    38.4    25.0   4.42   36282.  -35.0    1    1 -0.4097   2.49   1.06   1.02   0.92   1.44   1.84   2.17
2022  35  7 40    4.68   -8.20   -6.64  -533.7    36.5    25.7   4.16   33794.  -34.0    1    1 -0.4074   2.31   1.08   1.03   0.92   1.47   1.86   2.18
2022  35  7 45    5.19   -8.05   -6.27  -530.6    31.5    23.6   4.01   27300.  -33.0    1    1 -0.4050   2.20   1.09   1.05   0.93   1.49   1.86   2.17
2022  35  7 50    5.08   -8.06   -6.51  -528.9    35.6    27.8   3.52   28752.  -35.0    1    1 -0.4026   1.92   1.10   1.06   0.93   1.51   1.86   2.15
2022  35  7 55    5.22   -7.98   -6.48  -525.9    36.1    29.2   3.12   26625.  -35.0    1    1 -0.4001   1.68   1.11   1.06   0.93   1.53   1.85   2.11
2022  35  8  0    5.85   -8.44   -5.44  -530.1    38.4    27.3   3.01   27568.  -38.0    1    1 -0.3976   1.65   1.12   1.06   0.94   1.52   1.82   2.06
2022  35  8  5    4.77   -8.12   -6.11  -523.6    38.1    30.9   5.41   61180.  -38.0    1    1 -0.3950   2.90   1.14   1.08   0.94   1.55   1.84   2.12
2022  35  8 10    3.80   -7.90   -6.58  -518.9    38.1    27.8   5.17   54830.  -36.0    1    1 -0.3923   2.72   1.16   1.10   0.95   1.58   1.87   2.17
2022  35  8 15    3.60   -7.56   -7.02  -506.4    40.5    38.0   5.04   51585.  -35.0    1    1 -0.3896   2.53   1.18   1.13   0.95   1.62   1.89   2.21
2022  35  8 20    1.62   -6.10   -9.02  -507.9    38.8    29.0   5.69   51816.  -33.0    1    2 -0.3869   2.87   1.21   1.18   0.96   1.71   1.96   2.31
2022  35  8 25    2.01   -6.12   -8.94  -509.3    37.0    20.0   6.35   52053.  -33.0    1    2 -0.3841   3.21   1.25   1.23   0.97   1.80   2.03   2.43
2022  35  8 30    2.06   -6.41   -8.88  -510.7    35.3    11.0   7.00   52294.  -34.0    1    1 -0.3813   3.55   1.30   1.29   0.98   1.89   2.10   2.59
2022  35  8 35    2.01   -6.26   -9.01  -510.7    35.3    11.0   7.00   52294.  -35.0    1    1 -0.3784   3.55   1.34   1.35   0.99   1.98   2.17   2.74
2022  35  8 40    1.94   -6.18   -9.22  -524.6    39.4     6.3   5.71   47940.  -38.0    1    1 -0.3754   3.06   1.37   1.39   1.00   2.06   2.23   2.82
2022  35  8 45    2.24   -7.69   -7.64  -523.5    40.4    25.2   6.61   56948.  -38.0    1    1 -0.3724   3.54   1.40   1.43   1.00   2.11   2.27   2.92
2022  35  8 50    2.58   -6.13   -9.00  -511.7    52.7     2.7   5.03   53098.  -38.0    1    1 -0.3694   2.58   1.43   1.46   1.01   2.17   2.29   2.94
2022  35  8 55    2.31   -6.65   -8.61  -520.0    44.8    11.8   6.31   55300.  -40.0    1    1 -0.3664   3.33   1.46   1.49   1.02   2.23   2.33   3.03
2022  35  9  0    3.06   -5.82   -8.91  -516.4    47.7    10.7   6.47   54092.  -41.0    1    1 -0.3633   3.37   1.49   1.53   1.03   2.30   2.38   3.13
2022  35  9  5    3.07   -5.39   -9.06  -517.4    49.2     9.9   6.78   55544.  -42.0    1    1 -0.3601   3.55   1.53   1.58   1.04   2.37   2.43   3.24
2022  35  9 10    3.19   -4.98   -9.13  -512.9    46.2    11.1   6.71   54921.  -44.0    1    1 -0.3569   3.45   1.56   1.62   1.05   2.44   2.47   3.33
2022  35  9 15    2.86   -5.07   -9.32  -509.0    44.2    12.2   6.57   55021.  -46.0    1    1 -0.3537   3.32   1.60   1.66   1.06   2.51   2.51   3.41
2022  35  9 20    2.44   -5.06   -9.74  -509.0    42.2    12.8   6.13   53468.  -49.0    1    2 -0.3505   3.10   1.63   1.70   1.07   2.58   2.54   3.46
2022  35  9 25    2.47   -5.11   -9.77  -509.0    40.2    13.5   5.70   51912.  -51.0    1    2 -0.3472   2.88   1.66   1.73   1.08   2.64   2.56   3.48
2022  35  9 30    2.36   -4.94  -10.02  -509.1    38.3    14.1   5.27   50356.  -52.0    1    2 -0.3439   2.66   1.69   1.75   1.09   2.70   2.58   3.48
2022  35  9 35    2.33   -5.19   -9.82  -509.1    36.3    14.7   4.83   48797.  -52.0    1    1 -0.3406   2.44   1.71   1.77   1.10   2.74   2.58   3.46
2022  35  9 40    1.48   -5.33   -9.92  -507.6    37.6    16.2   4.57   49488.  -52.0    1    1 -0.3372   2.30   1.73   1.79   1.10   2.78   2.58   3.42
2022  35  9 45    2.99   -6.60   -8.40  -506.8    38.3    17.0   4.44   49833.  -53.0    1    1 -0.3339   2.22   1.74   1.78   1.11   2.78   2.55   3.36
2022  35  9 50    3.72   -6.60   -8.11  -503.5    38.9    16.2   4.24   38512.  -53.0    1    2 -0.3305   2.10   1.75   1.78   1.12   2.77   2.51   3.29
2022  35  9 55    3.83   -6.46   -8.18  -500.3    39.4    15.4   4.04   27191.  -53.0    1    1 -0.3270   1.97   1.75   1.77   1.12   2.76   2.47   3.21
2022  35 10  0    3.53   -6.04   -8.54  -504.9    42.7    11.9   4.58   31175.  -55.0    1    1 -0.3236   2.28   1.76   1.77   1.13   2.77   2.46   3.17
2022  35 10  5    3.30   -5.87   -8.64  -510.8    43.1    14.9   4.53   38420.  -57.0    1    1 -0.3201   2.31   1.77   1.77   1.13   2.78   2.45   3.14
2022  35 10 10    3.64   -5.84   -8.48  -509.9    42.7    13.5   4.47   38792.  -57.0    1    2 -0.3167   2.27   1.78   1.77   1.14   2.78   2.43   3.11
2022  35 10 15    3.82   -5.66   -8.54  -508.9    42.4    12.0   4.40   39168.  -57.0    1    2 -0.3132   2.22   1.79   1.77   1.15   2.79   2.42   3.07
2022  35 10 20    2.82   -5.69   -8.84  -507.9    42.0    10.6   4.34   39548.  -58.0    1    1 -0.3097   2.18   1.80   1.77   1.15   2.80   2.41   3.03
2022  35 10 25    2.99   -5.94   -8.59  -506.5    39.2    11.1   4.45   39912.  -61.0    1    1 -0.3061   2.23   1.81   1.77   1.16   2.80   2.40   3.00
2022  35 10 30    3.68   -5.78   -8.31  -498.7    37.3     5.8   3.43   27707.  -62.0    1    1 -0.3026   1.66   1.81   1.76   1.16   2.79   2.36   2.92
2022  35 10 35    3.46   -6.05   -8.12  -496.9    42.8    18.4   4.60   40564.  -62.0    1    1 -0.2991   2.22   1.81   1.75   1.17   2.78   2.34   2.89
2022  35 10 40    3.59   -5.80   -8.37  -502.8    49.1    12.4   4.34   45305.  -60.0    1    1 -0.2956   2.15   1.82   1.75   1.17   2.78   2.33   2.86
2022  35 10 45    3.12   -6.29   -8.05  -508.2    45.3    15.1   4.79   53669.  -59.0    1    1 -0.2920   2.42   1.82   1.75   1.18   2.78   2.32   2.85
2022  35 10 50    2.98   -6.03   -8.34  -511.6    42.8    13.4   4.08   51142.  -58.0    1    1 -0.2885   2.08   1.83   1.75   1.19   2.78   2.31   2.82
2022  35 10 55    2.30   -5.38   -8.84  -505.7    39.6     7.5   4.42   41389.  -57.0    1    1 -0.2849   2.20   1.84   1.75   1.19   2.79   2.31   2.80
2022  35 11  0    2.10   -5.58   -8.75  -514.4    39.9     9.7   5.02   47638.  -58.0    1    1 -0.2814   2.59   1.85   1.76   1.20   2.81   2.33   2.82
2022  35 11  5    2.41   -5.35   -8.87  -511.6    39.1     6.1   4.53   38631.  -59.0    1    1 -0.2778   2.31   1.86   1.76   1.21   2.82   2.34   2.82
2022  35 11 10    2.58   -5.23   -8.96  -512.1    36.6     4.5   3.97   32600.  -59.0    1    2 -0.2743   2.03   1.87   1.76   1.21   2.83   2.33   2.79
2022  35 11 15    2.15   -5.45   -9.04  -512.5    34.1     2.9   3.40   26560.  -57.0    1    1 -0.2708   1.74   1.87   1.75   1.22   2.83   2.32   2.73
2022  35 11 20    2.22   -5.87   -8.93  -515.7    35.2     5.2   3.29   25836.  -57.0    1    1 -0.2672   1.70   1.87   1.74   1.23   2.82   2.30   2.67
2022  35 11 25    2.23   -6.67   -8.56  -512.2    28.8     2.1   3.21   29632.  -56.0    1    1 -0.2637   1.64   1.87   1.73   1.23   2.81   2.27   2.61
2022  35 11 30    2.56   -6.44   -8.76  -513.8    30.5     7.0   4.04   25674.  -55.0    1    1 -0.2602   2.07   1.88   1.73   1.24   2.81   2.27   2.59
2022  35 11 35    2.18   -6.29   -8.95  -516.2    23.9     7.5   3.74   26304.  -51.0    1    1 -0.2567   1.93   1.88   1.73   1.24   2.82   2.27   2.56
2022  35 11 40    2.33   -6.02   -9.07  -513.6    26.5     1.7   3.04   22770.  -51.0    1    1 -0.2532   1.56   1.88   1.72   1.25   2.81   2.25   2.51
2022  35 11 45    2.31   -6.22   -8.92  -515.8    37.0     2.2   3.45   30124.  -53.0    1    1 -0.2498   1.79   1.88   1.71   1.25   2.81   2.25   2.47
2022  35 11 50    2.33   -6.86   -8.43  -513.7    28.0     2.2   3.66   30331.  -54.0    1    1 -0.2463   1.88   1.88   1.70   1.26   2.80   2.24   2.44
2022  35 11 55    2.41   -6.80   -8.52  -511.7    22.3     3.4   3.01   24686.  -54.0    1    1 -0.2429   1.53   1.88   1.69   1.26   2.78   2.21   2.38
2022  35 12  0    2.53   -6.56   -8.66  -512.2    22.6     1.8   2.82   24849.  -55.0    1    1 -0.2394   1.44   1.88   1.67   1.27   2.77   2.19   2.32
2022  35 12  5    2.58   -6.59   -8.64  -513.0    22.9     0.5   2.80   28674.  -55.0    1    1 -0.2361   1.43   1.87   1.66   1.27   2.75   2.16   2.27
2022  35 12 10    2.40   -6.82   -8.57  -507.8    27.3    -0.8   2.41   24854.  -56.0    1    1 -0.2327   1.21   1.86   1.64   1.28   2.73   2.13   2.19
2022  35 12 15    2.01   -7.49   -8.11  -504.6    31.2    -4.3   2.53   21098.  -57.0    1    1 -0.2293   1.25   1.86   1.62   1.28   2.70   2.09   2.13
2022  35 12 20    2.14   -7.57   -7.66  -507.3    33.8     0.7   3.62   22470.  -56.0    1    1 -0.2260   1.81   1.85   1.61   1.28   2.68   2.08   2.11
2022  35 12 25    2.18   -7.69   -7.23  -509.7    29.7     8.0   3.75   19602.  -54.0    1    1 -0.2227   1.89   1.85   1.59   1.29   2.65   2.06   2.10
2022  35 12 30    1.97   -8.92   -5.66  -509.8    29.9     6.7   4.10   20088.  -54.0    1    2 -0.2195   2.07   1.83   1.57   1.29   2.60   2.03   2.08
2022  35 12 35    1.74   -9.36   -4.82  -510.0    30.0     5.4   4.44   20573.  -56.0    1    2 -0.2162   2.25   1.81   1.54   1.29   2.54   1.98   2.07
2022  35 12 40    2.19   -8.93   -4.87  -510.1    30.2     4.0   4.79   21058.  -55.0    1    2 -0.2130   2.42   1.79   1.52   1.29   2.49   1.95   2.07
2022  35 12 45    2.13   -8.79   -5.03  -510.2    30.3     2.7   5.13   21544.  -54.0    1    2 -0.2098   2.60   1.78   1.50   1.29   2.44   1.92   2.09
2022  35 12 50    2.35   -8.48   -5.73  -510.4    30.5     1.4   5.48   22030.  -54.0    1    2 -0.2067   2.77   1.77   1.50   1.30   2.42   1.92   2.13
2022  35 12 55    2.77   -7.88   -6.33  -510.5    30.6     0.1   5.83   22516.  -56.0    1    2 -0.2036   2.95   1.77   1.50   1.30   2.41   1.94   2.20
2022  35 13  0    2.92   -7.68   -6.75  -510.7    30.8    -1.2   6.17   23001.  -55.0    1    2 -0.2005   3.13   1.78   1.51   1.30   2.41   1.96   2.29
2022  35 13  5    3.46   -5.49   -7.61  -510.8    30.9    -2.6   6.52   23486.  -55.0    1    2 -0.1975   3.31   1.79   1.54   1.31   2.43   2.01   2.40
2022  35 13 10    3.15   -5.59   -7.50  -510.9    31.1    -3.9   6.86   23972.  -49.0    1    2 -0.1945   3.48   1.80   1.56   1.32   2.46   2.06   2.52
2022  35 13 15    3.26   -5.93   -7.39  -511.1    31.2    -5.2   7.21   24458.  -48.0    1    1 -0.1916   3.66   1.81   1.59   1.32   2.48   2.10   2.65
2022  35 13 20    3.51   -5.73   -7.60  -505.8    29.3   -12.8   5.86   12720.  -49.0    1    1 -0.1887   2.92   1.82   1.60   1.33   2.50   2.12   2.70
2022  35 13 25    3.69   -5.66   -7.61  -506.8    28.3   -13.7   6.31   17550.  -51.0    1    1 -0.1858   3.15   1.83   1.62   1.33   2.51   2.15   2.77
2022  35 13 30    3.59   -5.52   -7.75  -506.3    26.8   -16.0   5.76   16515.  -51.0    1    1 -0.1830   2.87   1.84   1.63   1.34   2.53   2.17   2.81
2022  35 13 35    3.77   -5.59   -7.64  -509.1    24.0   -11.0   6.07   19602.  -53.0    1    1 -0.1802   3.05   1.85   1.64   1.34   2.54   2.19   2.87
2022  35 13 40    3.66   -5.93   -7.24  -506.1    26.4   -12.6   6.00   19236.  -54.0    1    1 -0.1775   2.99   1.85   1.65   1.35   2.55   2.20   2.90
2022  35 13 45    3.03   -5.90   -7.07  -511.1    31.4   -15.6   6.74   21611.  -53.0    1    1 -0.1748   3.43   1.86   1.66   1.35   2.56   2.21   2.98
2022  35 13 50    3.54   -5.78   -6.96  -510.7    29.3   -15.8   6.38   20799.  -53.0    1    1 -0.1722   3.24   1.86   1.67   1.36   2.56   2.22   3.03
2022  35 13 55    3.61   -5.93   -6.65  -507.5    31.4   -17.1   5.78   27604.  -54.0    1    1 -0.1696   2.90   1.86   1.67   1.36   2.55   2.22   3.03
2022  35 14  0    3.69   -6.18   -5.89  -511.6    34.4    -4.1   6.49   34060.  -55.0    1    1 -0.1671   3.30   1.86   1.66   1.37   2.53   2.20   3.06
2022  35 14  5    3.62   -6.67   -4.84  -512.3    37.3    -2.2   6.97   40448.  -56.0    1    1 -0.1646   3.56   1.84   1.65   1.37   2.48   2.17   3.09
2022  35 14 10    3.48   -6.84   -3.74  -513.9    40.6     1.2   8.03   41486.  -56.0    1    1 -0.1622   4.13   1.82   1.62   1.37   2.43   2.13   3.12
2022  35 14 15    3.03   -6.50   -4.90  -512.3    36.3   -10.0   6.59   40542.  -57.0    1    1 -0.1598   3.37   1.81   1.61   1.37   2.39   2.10   3.13
2022  35 14 20    2.78   -6.46   -5.22  -517.1    36.3   -11.8   5.92   42452.  -58.0    1    1 -0.1575   3.08   1.80   1.59   1.37   2.36   2.08   3.12
2022  35 14 25    2.56   -5.91   -6.39  -514.1    37.3    -9.8   4.52   42574.  -58.0    1    1 -0.1553   2.33   1.80   1.58   1.37   2.34   2.06   3.06
2022  35 14 30    2.63   -5.57   -6.67  -511.2    38.9    -6.4   4.10   44301.  -58.0    1    1 -0.1531   2.09   1.79   1.57   1.38   2.33   2.05   2.99
2022  35 14 35    2.29   -5.16   -6.76  -506.5    34.2    -4.0   4.23   54048.  -58.0    1    1 -0.1510   2.11   1.79   1.56   1.38   2.32   2.03   2.93
2022  35 14 40    2.37   -2.63   -6.75  -503.2     9.9   -12.7   4.01   83570.  -58.0    1    1 -0.1489   1.97   1.78   1.55   1.38   2.30   2.01   2.87
2022  35 14 45    1.10    0.32   -7.20  -495.8    -1.2   -20.2   5.63  172925.  -58.0    1    1 -0.1469   2.69   1.78   1.56   1.39   2.31   2.03   2.87
2022  35 14 50    0.85    3.35   -6.51  -494.8    -8.3   -19.4   4.87  156691.  -57.0    1    1 -0.1449   2.31   1.78   1.55   1.39   2.29   2.01   2.84
2022  35 14 55   -0.32    1.05   -7.40  -493.3     4.1   -18.4   5.14  147642.  -55.0    1    1 -0.1431   2.43   1.78   1.56   1.39   2.30   2.02   2.83
2022  35 15  0    0.35    0.81   -7.75  -490.4     4.9   -13.7   4.81  154618.  -54.0    1    1 -0.1412   2.24   1.78   1.56   1.40   2.31   2.02   2.80
2022  35 15  5    2.47   -0.05   -8.11  -498.8     3.1   -23.2   5.61  128018.  -53.0    1    1 -0.1395   2.71   1.79   1.58   1.40   2.34   2.05   2.83
2022  35 15 10    3.76   -0.13   -7.89  -504.7     2.0   -26.6   5.79  145854.  -52.0    1    1 -0.1378   2.86   1.80   1.60   1.41   2.36   2.08   2.87
2022  35 15 15    1.29   -3.98   -7.64  -493.7    27.1   -22.0   4.49  117412.  -51.0    1    1 -0.1362   2.13   1.80   1.60   1.41   2.37   2.08   2.83
2022  35 15 20    1.38   -3.15   -8.32  -500.2    21.7   -19.1   3.97  115067.  -52.0    1    1 -0.1346   1.93   1.81   1.60   1.42   2.38   2.08   2.78
2022  35 15 25    0.66    1.74   -6.26  -492.8    -3.0   -38.1   6.11  149108.  -52.0    1    1 -0.1331   2.90   1.80   1.60   1.42   2.37   2.07   2.80
2022  35 15 30   -2.00    5.77    0.54  -488.5    -8.3   -61.0   6.92  112695.  -52.0    1    1 -0.1317   3.25   1.75   1.51   1.42   2.25   1.88   2.61
2022  35 15 35   -3.12    6.51    3.81  -491.8     1.4   -60.5   5.69   58864.  -53.0    1    1 -0.1303   2.70   1.69   1.44   1.41   2.15   1.71   2.43
2022  35 15 40   -0.92   -0.10   -1.09  -492.3    15.3   -54.8   5.21  118225.  -52.0    1    1 -0.1291   2.48   1.65   1.38   1.41   2.05   1.60   2.33
2022  35 15 45   -0.42   -2.75   -1.48  -492.0    10.3   -41.0   4.99  105558.  -51.0    1    1 -0.1278   2.36   1.61   1.32   1.41   1.97   1.52   2.25
2022  35 15 50    0.55   -7.64   -1.61  -494.9    25.7   -69.9   4.39   87362.  -50.0    1    1 -0.1267   2.13   1.57   1.27   1.40   1.89   1.44   2.16
2022  35 15 55    0.69   -8.24   -0.39  -489.8    24.7   -53.4   4.49   98753.  -48.0    1    1 -0.1256   2.12   1.53   1.21   1.40   1.80   1.33   2.05
2022  35 16  0    1.05   -8.67   -0.13  -507.9    13.5   -54.2   4.04  114840.  -48.0    1    1 -0.1246   2.04   1.48   1.15   1.40   1.72   1.22   1.92
2022  35 16  5    0.14   -8.99   -2.57  -486.6    42.5   -28.6   2.29   52680.  -48.0    1    1 -0.1237   1.06   1.45   1.11   1.39   1.66   1.18   1.83
2022  35 16 10   -0.11   -8.68   -4.17  -485.6    46.5   -25.9   2.20   42152.  -50.0    1    1 -0.1228   1.02   1.43   1.09   1.39   1.62   1.16   1.75
2022  35 16 15   -0.40   -7.05   -6.36  -480.1    41.6    -5.2   2.34   48795.  -50.0    1    1 -0.1220   1.05   1.42   1.08   1.39   1.61   1.17   1.69
2022  35 16 20   -0.85   -6.59   -6.25  -481.4    21.7    -7.9   2.23  105056.  -50.0    1    1 -0.1213   1.00   1.41   1.07   1.39   1.59   1.18   1.63
2022  35 16 25   -2.11   -6.00   -5.44  -482.7     7.1   -20.2   3.00  192191.  -50.0    1    1 -0.1207   1.36   1.40   1.06   1.39   1.58   1.19   1.59
2022  35 16 30   -0.92    7.13   -1.39  -495.0   -16.4   -45.6   3.28   95946.  -49.0    1    1 -0.1201   1.57   1.37   1.02   1.39   1.51   1.13   1.53
2022  35 16 35   -0.98    9.14   -3.12  -496.8    -1.2   -44.1   2.77   63490.  -48.0    1    1 -0.1196   1.33   1.35   1.00   1.39   1.47   1.11   1.48
2022  35 16 40   -0.09    8.74   -4.07  -502.1    -9.9   -38.6   3.45  108521.  -48.0    1    1 -0.1192   1.69   1.33   0.99   1.39   1.44   1.12   1.46
2022  35 16 45   -0.06    8.01   -5.69  -499.8    -4.4   -35.2   3.45  114481.  -46.0    1    1 -0.1189   1.68   1.33   0.99   1.39   1.44   1.16   1.46
2022  35 16 50    2.45    5.39   -8.41  -505.7   -10.9   -37.2   3.28  119199.  -46.0    1    1 -0.1186   1.64   1.35   1.02   1.40   1.49   1.23   1.48
2022  35 16 55    1.95    3.69   -7.50  -499.0   -39.3   -51.3   4.07  133454.  -45.0    1    1 -0.1184   2.00   1.36   1.04   1.40   1.53   1.30   1.52
2022  35 17  0    0.54    5.54   -7.87  -499.2   -49.6   -49.1   3.62  132772.  -45.0    1    1 -0.1183   1.78   1.37   1.06   1.40   1.57   1.36   1.54
2022  35 17  5    0.47    5.20   -8.42  -497.8   -41.7   -54.5   3.62  132796.  -46.0    1    1 -0.1182   1.77   1.39   1.09   1.41   1.62   1.42   1.57
2022  35 17 10    0.88    4.91   -9.31  -502.1   -26.4   -41.8   2.90  132093.  -47.0    1    1 -0.1182   1.43   1.40   1.11   1.41   1.66   1.48   1.56
2022  35 17 15    1.33    4.14   -9.77  -504.2   -14.8   -39.2   2.91  134085.  -50.0    1    1 -0.1183   1.44   1.42   1.14   1.42   1.72   1.53   1.57
2022  35 17 20    0.76    1.07  -10.39  -495.2    16.6   -29.8   2.12  130379.  -51.0    1    1 -0.1185   1.01   1.43   1.15   1.42   1.76   1.56   1.53
2022  35 17 25    0.32   -2.83  -10.10  -496.2    10.6   -15.9   0.88   42655.  -53.0    1    1 -0.1188   0.42   1.43   1.13   1.42   1.76   1.54   1.45
2022  35 17 30    0.17   -2.52   -9.23  -494.2    25.5    -9.2   2.26  139973.  -53.0    1    1 -0.1191   1.07   1.43   1.14   1.43   1.79   1.56   1.43
2022  35 17 35   -0.15   -1.43   -9.77  -482.4    18.3    -1.6   2.28  138812.  -49.0    1    1 -0.1195   1.03   1.44   1.15   1.43   1.82   1.57   1.40
2022  35 17 40   -0.90   -1.56   -9.56  -478.4    24.2    -6.2   1.93  118581.  -50.0    1    1 -0.1199   0.86   1.45   1.16   1.43   1.83   1.58   1.36
2022  35 17 45   -1.32   -1.48   -9.28  -479.7    29.1    -6.1   1.99  121969.  -53.0    1    1 -0.1205   0.89   1.45   1.16   1.44   1.85   1.58   1.33
2022  35 17 50   -0.22   -1.25   -9.20  -485.7    20.1    -8.8   1.94  112578.  -54.0    1    1 -0.1211   0.89   1.45   1.16   1.44   1.86   1.58   1.29
2022  35 17 55    2.63   -2.14   -8.57  -490.5    19.3   -19.3   1.72   99731.  -56.0    1    1 -0.1218   0.80   1.45   1.15   1.44   1.86   1.57   1.25
2022  35 18  0    1.41   -2.46   -9.20  -495.5    22.5    -9.4   2.23   58544.  -57.0    1    1 -0.1226   1.06   1.46   1.16   1.45   1.88   1.59   1.24
2022  35 18  5    0.74    0.97   -9.18  -484.2   -28.5   -20.6   2.94  118662.  -56.0    1    1 -0.1234   1.34   1.47   1.18   1.45   1.91   1.61   1.25
2022  35 18 10    0.25    3.37   -7.81  -475.8   -65.3   -30.7   4.01  153070.  -54.0    1    1 -0.1243   1.80   1.47   1.20   1.45   1.92   1.64   1.30
2022  35 18 15    0.34    3.41   -8.45  -478.9   -86.7     7.2   1.97  109065.  -54.0    1    1 -0.1253   0.90   1.47   1.19   1.46   1.92   1.63   1.26
2022  35 18 20    0.47    2.34   -9.72  -475.5   -80.3    19.7   1.64   94395.  -57.0    1    1 -0.1263   0.74   1.47   1.19   1.46   1.93   1.62   1.22
2022  35 18 25    0.96   -0.02   -9.70  -473.6   -73.2    33.0   1.68   62340.  -59.0    1    1 -0.1275   0.75   1.47   1.19   1.46   1.94   1.61   1.19
2022  35 18 30    1.21   -0.56  -10.01  -480.6   -52.0    25.3   1.56   59469.  -58.0    1    1 -0.1287   0.71   1.48   1.18   1.46   1.94   1.60   1.15
2022  35 18 35    1.42   -2.49   -9.56  -502.7    -2.6     7.6   1.26  112783.  -59.0    1    1 -0.1299   0.62   1.47   1.17   1.47   1.94   1.59   1.11
2022  35 18 40    1.98   -2.72   -9.33  -507.5     9.9    12.6   1.39   48764.  -58.0    1    1 -0.1312   0.69   1.47   1.16   1.47   1.94   1.58   1.08
2022  35 18 45    1.28   -2.16   -9.61  -504.5     3.8    19.9   1.46   45112.  -57.0    1    2 -0.1326   0.72   1.47   1.16   1.47   1.95   1.58   1.05
2022  35 18 50    1.27   -1.38   -9.71  -501.5    -2.3    27.3   1.54   41460.  -59.0    1    2 -0.1341   0.75   1.47   1.16   1.47   1.96   1.58   1.03
2022  35 18 55    1.94   -1.14   -9.66  -498.4    -8.4    34.6   1.61   37812.  -60.0    1    1 -0.1356   0.78   1.47   1.15   1.48   1.96   1.58   1.01
2022  35 19  0    2.54   -1.52   -9.45  -511.6     0.7    22.3   1.44   35259.  -60.0    1    1 -0.1372   0.73   1.47   1.15   1.48   1.97   1.58   0.98
2022  35 19  5    3.09   -5.28   -7.72  -516.2    25.0    -0.8   1.51   35315.  -61.0    1    1 -0.1389   0.78   1.47   1.13   1.48   1.95   1.57   0.96
2022  35 19 10    2.85   -6.12   -7.08  -505.6    31.4     6.0   1.39   41405.  -62.0    1    1 -0.1406   0.69   1.45   1.12   1.48   1.92   1.54   0.93
2022  35 19 15    2.40   -6.79   -6.57  -499.2    31.1    18.2   1.41   35310.  -63.0    1    1 -0.1424   0.68   1.44   1.10   1.48   1.89   1.50   0.90
2022  35 19 20    2.61   -6.44   -6.77  -499.3    27.7    19.9   1.70   27135.  -63.0    1    1 -0.1443   0.82   1.43   1.08   1.48   1.86   1.48   0.89
2022  35 19 25    3.07   -5.33   -7.52  -510.9    18.0    21.1   1.53   17039.  -63.0    1    1 -0.1462   0.78   1.42   1.07   1.49   1.85   1.47   0.87
2022  35 19 30    3.60   -6.90   -6.07  -520.8    27.9    -7.8   1.35   14096.  -66.0    1    1 -0.1482   0.71   1.41   1.05   1.49   1.81   1.44   0.84
2022  35 19 35    3.09   -6.72   -6.57  -515.6    32.7   -16.5   1.31   11996.  -67.0    1    1 -0.1502   0.68   1.40   1.03   1.49   1.79   1.42   0.82
2022  35 19 40    2.86   -4.70   -8.00  -506.4    11.6    18.9   1.61   17984.  -67.0    1    1 -0.1524   0.80   1.39   1.03   1.49   1.78   1.42   0.81
2022  35 19 45    2.81   -5.23   -7.87  -509.2    15.1     9.9   1.56   17408.  -67.0    1    1 -0.1545   0.78   1.39   1.02   1.49   1.77   1.42   0.80
2022  35 19 50    2.53   -4.57   -8.27  -505.7    11.0    15.7   1.69   17518.  -65.0    1    1 -0.1567   0.84   1.39   1.02   1.49   1.78   1.43   0.80
2022  35 19 55    2.28   -4.37   -8.40  -502.0     8.9    20.0   1.66   18195.  -65.0    1    1 -0.1590   0.81   1.39   1.02   1.49   1.78   1.43   0.79
2022  35 20  0    2.50   -4.09   -8.39  -501.1     9.8    27.4   1.65   18184.  -65.0    1    1 -0.1613   0.81   1.39   1.02   1.50   1.78   1.44   0.78
2022  35 20  5    2.33   -3.36   -8.77  -497.2     4.0    38.2   1.53   20708.  -66.0    1    1 -0.1637   0.74   1.39   1.02   1.50   1.78   1.44   0.78
2022  35 20 10    2.15   -3.44   -8.74  -493.1     3.7    38.5   1.69   21967.  -66.0    1    1 -0.1662   0.80   1.39   1.02   1.50   1.78   1.44   0.77
2022  35 20 15    2.02   -3.37   -8.77  -491.9     2.7    38.1   1.90   21840.  -66.0    1    1 -0.1687   0.90   1.39   1.03   1.50   1.79   1.45   0.78
2022  35 20 20    1.95   -3.42   -8.75  -493.8     1.4    41.0   1.82   20048.  -66.0    1    1 -0.1712   0.87   1.39   1.03   1.50   1.80   1.46   0.78
2022  35 20 25    2.18   -3.19   -8.75  -490.5    -1.2    34.1   1.87   20571.  -67.0    1    1 -0.1738   0.88   1.39   1.04   1.51   1.81   1.47   0.78
2022  35 20 30    2.17   -3.63   -8.57  -486.8     0.5    25.4   1.60   19157.  -69.0    1    1 -0.1765   0.74   1.39   1.03   1.51   1.81   1.46   0.77
2022  35 20 35    2.30   -3.44   -8.53  -482.3     4.5    23.5   1.58   20386.  -70.0    1    1 -0.1792   0.71   1.39   1.03   1.51   1.80   1.46   0.76
2022  35 20 40    2.36   -3.11   -8.54  -483.7     1.2    35.6   1.58   20754.  -70.0    1    1 -0.1819   0.72   1.39   1.03   1.51   1.80   1.45   0.75
2022  35 20 45    2.73   -3.59   -8.21  -485.7   -14.8    21.1   1.93   13973.  -70.0    1    1 -0.1847   0.88   1.39   1.03   1.51   1.80   1.45   0.75
2022  35 20 50    2.49   -4.48   -5.68  -478.4   -16.4     6.7   2.13   70271.  -70.0    1    1 -0.1875   0.95   1.37   1.02   1.51   1.77   1.42   0.75
2022  35 20 55    3.36   -6.50   -0.96  -486.0   -15.9    -1.5   2.93   99025.  -70.0    1    1 -0.1904   1.34   1.34   0.98   1.51   1.69   1.33   0.73
2022  35 21  0    1.21   -5.18    0.28  -489.4     2.0   -23.4   5.26  119567.  -69.0    1    1 -0.1933   2.45   1.30   0.92   1.51   1.61   1.21   0.68
2022  35 21  5    1.45   -4.70   -0.20  -492.2     4.8   -23.2   7.05  118827.  -66.0    1    1 -0.1963   3.32   1.26   0.88   1.50   1.53   1.12   0.67
2022  35 21 10    2.34   -4.79   -1.82  -485.1    -7.4   -18.4   6.29   94197.  -68.0    1    1 -0.1993   2.87   1.23   0.86   1.50   1.48   1.09   0.73
2022  35 21 15    2.87   -5.00   -0.27  -483.1    -7.8   -10.7   6.44   98564.  -69.0    1    1 -0.2023   2.91   1.20   0.82   1.49   1.41   1.01   0.72
2022  35 21 20    2.18   -2.64    1.28  -488.0     1.6   -15.2   9.46   98100.  -68.0    1    1 -0.2054   4.37   1.16   0.78   1.49   1.34   0.92   0.67
2022  35 21 25    2.75   -2.41    1.09  -486.3     3.6   -16.2  10.49   88037.  -64.0    1    1 -0.2085   4.81   1.12   0.74   1.49   1.28   0.83   0.62
2022  35 21 30    2.04   -3.11    0.88  -484.4     0.9   -18.8  10.93   80616.  -63.0    1    1 -0.2116   4.98   1.09   0.70   1.48   1.22   0.76   0.58
2022  35 21 35    2.36   -2.83    0.32  -483.3    -0.4   -19.6  11.31   75852.  -64.0    1    1 -0.2148   5.13   1.06   0.66   1.48   1.16   0.69   0.54
2022  35 21 40    2.14   -3.47    0.01  -481.9    -0.5   -18.4  10.23   83880.  -64.0    1    1 -0.2180   4.61   1.02   0.63   1.47   1.11   0.62   0.51
2022  35 21 45    2.40   -3.74   -0.33  -481.5    -0.6   -19.2   9.60   87745.  -64.0    1    1 -0.2213   4.32   0.99   0.60   1.47   1.06   0.59   0.54
2022  35 21 50    3.49   -3.75    0.07  -482.0     2.1   -20.1   7.66  101688.  -66.0    1    1 -0.2245   3.45   0.96   0.57   1.47   1.01   0.54   0.50
2022  35 21 55    2.66   -3.85    0.04  -480.7    -0.7   -21.7   8.23  101488.  -63.0    1    1 -0.2278   3.69   0.93   0.54   1.46   0.96   0.49   0.47
2022  35 22  0    3.96   -7.22   -0.75  -468.9   -26.1   -13.4   3.35   48592.  -65.0    1    1 -0.2311   1.43   0.91   0.52   1.46   0.92   0.48   0.47
2022  35 22  5    3.63   -7.60   -0.69  -470.4   -24.5   -10.5   3.51   48531.  -69.0    1    1 -0.2345   1.51   0.89   0.50   1.46   0.88   0.46   0.46
2022  35 22 10    3.18   -7.63   -0.83  -474.4   -28.2    -9.3   4.02   54901.  -66.0    1    1 -0.2378   1.76   0.87   0.49   1.45   0.84   0.45   0.47
2022  35 22 15    3.08   -7.74   -0.57  -473.5   -30.0    -5.6   4.28   54519.  -61.0    1    1 -0.2412   1.87   0.84   0.47   1.45   0.81   0.44   0.47
2022  35 22 20    2.81   -7.95   -0.63  -478.4   -30.2    -5.4   4.37   55214.  -59.0    1    1 -0.2446   1.95   0.82   0.45   1.45   0.77   0.43   0.47
2022  35 22 25    2.86   -7.87   -0.86  -477.1   -30.2    -8.0   4.17   52059.  -58.0    1    1 -0.2480   1.85   0.80   0.44   1.44   0.74   0.43   0.48
2022  35 22 30    2.94   -7.81   -0.51  -472.6   -31.2    -3.9   4.41   50408.  -57.0    1    1 -0.2515   1.92   0.78   0.42   1.44   0.71   0.41   0.48
2022  35 22 35    3.07   -7.75   -0.74  -471.7   -31.5    -4.8   4.23   46340.  -56.0    1    1 -0.2549   1.83   0.76   0.41   1.44   0.68   0.41   0.49
2022  35 22 40    3.02   -7.64   -0.97  -473.7   -26.7    -8.4   4.35   65242.  -55.0    1    1 -0.2584   1.90   0.75   0.40   1.43   0.66   0.41   0.50
2022  35 22 45    2.88   -7.66   -2.44  -472.2   -27.1   -29.4   3.18   64754.  -56.0    1    1 -0.2619   1.38   0.74   0.41   1.43   0.64   0.44   0.51
2022  35 22 50    2.97   -7.54   -2.52  -469.3   -25.0   -30.1   3.36   68733.  -57.0    1    1 -0.2654   1.44   0.74   0.41   1.43   0.64   0.47   0.53
2022  35 22 55    3.19   -7.55   -1.96  -466.9   -21.9   -23.0   3.30   65336.  -56.0    1    1 -0.2688   1.40   0.73   0.41   1.42   0.62   0.49   0.54
2022  35 23  0    3.35   -7.28   -2.44  -464.1   -23.4   -33.1   3.37   68465.  -55.0    1    1 -0.2723   1.42   0.72   0.41   1.42   0.61   0.51   0.55
2022  35 23  5    3.20   -7.12   -2.64  -467.2   -18.9   -42.6   3.29   69164.  -53.0    1    1 -0.2759   1.40   0.72   0.42   1.42   0.61   0.53   0.57
2022  35 23 10    3.36   -6.90   -2.61  -465.4   -14.3   -42.4   3.57   81672.  -52.0    1    1 -0.2794   1.51   0.71   0.42   1.42   0.60   0.56   0.59
2022  35 23 15    4.14   -6.47   -2.55  -456.9    -8.0   -40.5   3.65   76334.  -51.0    1    1 -0.2829   1.49   0.71   0.43   1.41   0.59   0.58   0.60
2022  35 23 20    3.79   -6.42   -2.37  -460.8   -10.3   -39.2   3.80   96160.  -50.0    1    1 -0.2864   1.58   0.70   0.43   1.41   0.59   0.59   0.62
2022  35 23 25    3.77   -6.39   -1.88  -458.5    -7.5   -33.8   3.95  101595.  -50.0    1    1 -0.2899   1.62   0.70   0.43   1.41   0.57   0.60   0.63
2022  35 23 30    4.09   -6.55   -1.04  -455.8    -4.8   -25.8   3.81   92806.  -49.0    1    1 -0.2934   1.54   0.68   0.42   1.41   0.55   0.58   0.62
2022  35 23 35    4.15   -6.42   -1.47  -455.6    -6.2   -31.2   3.85   89006.  -50.0    1    1 -0.2969   1.56   0.67   0.42   1.40   0.54   0.58   0.62
2022  35 23 40    4.51   -6.15   -1.39  -454.0    -6.0   -30.9   3.97   89234.  -50.0    1    1 -0.3004   1.59   0.66   0.41   1.40   0.52   0.57   0.62
