2015 173 12 30   -7.65    7.79    0.24  -430.6     0.7     5.9  17.82   301469  6.63   173    -4  0  0  0.4599   6.40   -5.24   -3.11    4.68  0.1740  -35.7
2015 173 12 35   -8.50    5.98    0.03  -427.3   -10.5    13.9  17.46   318030  6.38   240    -6  0  0  0.4401   6.19   -5.77   -1.76    3.63  0.2305  -35.7
2015 173 12 40   -8.18    6.03   -3.57  -416.4   -10.4    19.4  16.91   318124  5.88   270    -5  0  0  0.4297   5.70   -6.29   -0.09    2.55  0.3210  -35.3
2015 173 12 45   -8.44    5.27   -2.50  -424.3    -8.1    22.1  16.30   271053  5.89   261    -4  0  0  0.4287   5.70   -6.77    1.76    1.98  0.3577  -34.9
2015 173 12 50   -6.94    8.10   -2.40  -421.4   -16.5    19.7  17.04   313924  6.08   155    -3  0  0  0.4337   5.88   -6.92    3.75    0.72  0.4483  -34.3
2015 173 12 55   -6.69    6.59   -4.76  -419.0    -5.7    41.5  17.05   307854  6.05   140    -2  0  0  0.3903   5.86   -7.42    5.37   -1.08  0.5760  -33.7
2015 173 13  0   -8.49    2.73   -4.86  -412.4    -7.1    41.2  16.09   331560  5.52   151    -3  0  0  0.3921   5.36   -7.84    6.07   -2.55  0.7015  -33.3
2015 173 13  5   -6.19    6.45   -2.36  -420.0    -9.6    18.8  15.93   286213  5.65   173    -4  0  0  0.4484   5.46   -7.63    5.88   -2.92  0.7276  -32.8
2015 173 13 10   -5.90    6.97   -0.51  -424.0   -11.0     9.6  16.12   305389  5.81   220    -2  0  0  0.4729   5.62   -7.26    6.02   -2.99  0.7403  -32.7
2015 173 13 15   -7.20    5.57   -3.98  -417.0    -4.2    29.7  16.25   317685  5.69   241    -1  0  0  0.4309   5.50   -7.12    5.95   -3.05  0.7463  -32.9
2015 173 13 20   -6.22    7.24   -1.30  -421.4   -16.8     6.8  16.45   305409  5.86   241    -3  0  0  0.4831   5.67   -6.80    6.24   -2.88  0.7359  -33.0
2015 173 13 25   -6.93    6.39   -1.45  -418.4    -0.5    21.0  16.55   342196  5.81   258    -4  0  0  0.4591   5.63   -6.80    5.99   -2.75  0.7135  -32.7
2015 173 13 30   -7.58    4.89   -3.11  -415.8     1.9    30.8  15.94   342918  5.55   292    -4  0  0  0.4394   5.37   -6.93    5.75   -2.51  0.6809  -32.6
2015 173 13 35   -9.08    3.80   -0.19  -410.7     7.9     3.3  14.12   244643  4.77   275    -5  0  0  0.5097   4.62   -7.01    5.90   -1.84  0.5989  -32.7
2015 173 13 40   -9.64    4.54   -1.86  -406.1    -6.2    18.9  14.21   232218  4.70   277    -5  0  0  0.4694   4.55   -7.51    5.63   -1.77  0.5789  -32.8
2015 173 13 45  -10.40    3.42   -1.69  -402.0     7.6    22.4  14.27   222052  4.63   222    -5  0 -1  0.4681   4.48   -8.15    5.12   -1.94  0.5738  -33.2
2015 173 13 50  -11.10   -1.12    0.59  -397.9    21.3    25.9  14.32   211887  4.57   208    -9  0  0  0.4658   4.42   -8.71    4.17   -1.29  0.4643  -34.3
2015 173 13 55  -11.21   -0.12   -1.35  -397.9    21.3    25.9  14.32   211887  4.57   264   -11  0  0  0.4683   4.42   -9.42    3.11   -1.29  0.4318  -35.9
2015 173 14  0   -3.93   -6.94   -8.07  -429.6    42.2    52.2  14.73   199471  5.57   325   -12  0  0  0.4196   5.39   -8.99    1.21   -2.24  0.5444  -37.4
2015 173 14  5   -3.49   -7.46   -8.19  -422.8    41.6    54.9  15.46   258486  5.67   412   -14  0  0  0.4138   5.50   -8.41   -0.55   -2.97  0.6356  -39.7
2015 173 14 10   -0.95   -5.97  -10.15  -428.1    42.1    56.2  13.68   200217  5.15   470   -15  0  0  0.4146   4.99   -7.25   -1.95   -4.39  0.8137  -42.0
2015 173 14 15   -0.26   -2.80  -11.26  -431.6    37.5    55.6  15.27   228093  5.83   468   -18  0  0  0.4183   5.64   -5.91   -3.00   -5.73  0.9783  -44.1
2015 173 14 20    4.64   -7.19   -8.63  -443.8    43.5    60.2  14.68   222659  5.95   497   -21  0  0  0.4146   5.76   -3.76   -4.51   -6.72  1.1229  -46.1
2015 173 14 25    3.46   -7.09   -8.66  -435.5    49.4    62.9  13.78   235317  5.40   678   -24  0  0  0.4091   5.23   -1.68   -5.37   -8.04  1.3226  -48.1
2015 173 14 30    1.77   -8.08   -8.33  -427.3    50.0    52.4  14.96   230466  5.62   759   -27  0  0  0.4325   5.44    0.18   -6.50   -9.04  1.4695  -50.5
2015 173 14 35   -2.57    1.54   -1.80  -425.4    30.5    48.3  14.29   218561  5.26   773   -30  0  0  0.4402   5.10    0.37   -5.29   -8.15  1.3455  -52.0
2015 173 14 40   -4.03    3.28   -5.92  -422.7     4.8    38.5  15.88   270834  5.72   970   -31  0  0  0.4590   5.54    0.29   -3.76   -7.82  1.3031  -52.8
2015 173 14 45   -2.11    8.44    0.55  -426.4     5.5    36.7  15.38   259917  5.63   849   -30  0 -1  0.4661   5.46    0.13   -1.70   -6.29  1.1494  -52.7
2015 173 14 50   -4.30    7.09   -3.35  -430.2     6.2    34.9  14.87   249000  5.54   810   -28  0  0  0.4731   5.37   -0.45   -0.29   -5.16  1.0268  -52.2
2015 173 14 55   -5.08    2.87   -7.60  -416.0    11.1    53.5  13.41   214994  4.72   865   -26  0  0  0.4293   4.57   -1.84    1.15   -5.02  0.9893  -51.4
2015 173 15  0   -3.87    0.93   -8.39  -418.5    22.3    61.9  13.66   219281  4.91   873   -26  0  0  0.4142   4.75   -2.88    2.30   -4.98  0.9703  -50.3
2015 173 15  5   -0.20   -1.42  -10.67  -428.0    33.5    66.0  13.11   177535  4.95   828   -25  0  0  0.4111   4.79   -3.17    3.25   -5.31  1.0016  -49.9
2015 173 15 10    2.75   -2.21  -10.86  -433.9    34.5    70.1  12.77   186503  4.97   830   -25  0  0  0.4055   4.81   -2.41    2.71   -6.61  1.1691  -50.1
2015 173 15 15    0.89   -1.27  -10.84  -427.9    31.4    78.7  14.37   237691  5.47   934   -28  0  0  0.3849   5.30   -1.70    2.06   -7.31  1.2526  -51.4
2015 173 15 20    1.61   -1.62  -11.14  -429.1    32.2    73.4  13.92   212150  5.31  1017   -30  0  0  0.3987   5.14   -1.17    0.62   -8.98  1.4212  -52.6
2015 173 15 25    0.71   -2.89  -10.17  -429.9    34.0    74.0  14.27   233705  5.46  1079   -33  0  0  0.3990   5.29   -0.46   -0.80   -9.95  1.5284  -54.8
2015 173 15 30   -3.51   -5.87   -8.00  -416.8    46.9    63.0  12.40   195799  4.46  1122   -37  0  0  0.4214   4.32   -0.23   -2.05  -10.01  1.5398  -57.1
2015 173 15 35   -1.41   -5.66   -8.81  -417.3    49.5    67.2  12.98   193408  4.70  1121   -42  0  0  0.4128   4.55    0.12   -2.99  -10.07  1.5494  -58.9
2015 173 15 40   -0.29   -7.17   -8.35  -421.5    57.6    67.8  12.09   180770  4.49  1041   -44  0  0  0.4140   4.35    0.11   -3.81   -9.74  1.5160  -60.8
2015 173 15 45   -0.62   -6.77   -8.39  -421.4    56.1    69.3  12.29   170411  4.56  1178   -45  0  0  0.4111   4.42   -0.37   -4.46   -9.39  1.4754  -62.2
2015 173 15 50   -0.29   -7.18   -7.62  -424.6    57.4    70.6  12.63   186656  4.76  1088   -46  0  0  0.4099   4.61   -0.54   -5.31   -8.93  1.4295  -63.7
2015 173 15 55   -0.42   -6.82   -7.45  -427.5    53.4    69.9  12.53   175830  4.77  1208   -46  0  0  0.4131   4.62   -0.83   -6.05   -8.40  1.3770  -64.7
2015 173 16  0   -1.77   -7.07   -4.65  -425.3    55.3    62.2  12.69   172262  4.77  1235   -47  0  0  0.4302   4.62   -1.19   -6.65   -7.61  1.2924  -65.7
2015 173 16  5   -4.01   -8.18   -3.35  -417.9    58.1    51.0  13.72   205366  4.96  1260   -49  0  0  0.4540   4.80   -1.26   -6.98   -6.95  1.2272  -66.6
2015 173 16 10   -1.46   -9.01   -2.94  -429.7    61.5    52.2  13.23   191133  5.06  1237   -49  0  0  0.4546   4.90   -1.27   -7.46   -6.11  1.1511  -67.2
2015 173 16 15   -1.30   -9.78   -0.23  -431.5    68.8    41.0  13.44   196282  5.18  1244   -50  0  0  0.4799   5.01   -1.41   -7.83   -4.95  1.0451  -67.6
2015 173 16 20   -1.44   -8.32    3.68  -432.9    67.5    36.0  13.37   183062  5.17  1299   -49  0  0  0.4917   5.00   -1.53   -8.05   -3.22  0.8903  -67.6
2015 173 16 25   -2.65   -6.21    6.93  -431.7    55.9    23.8  13.35   174661  5.08  1313   -48  0  0  0.5204   4.91   -1.86   -7.91   -1.14  0.7162  -67.1
2015 173 16 30    1.34  -10.03    3.39  -434.4    59.0    20.1  12.80   178440  4.93  1160   -46  0 -1  0.5287   4.77   -1.61   -8.37    0.40  0.5857  -66.6
2015 173 16 35    0.64   -8.64    5.84  -437.2    62.2    16.3  12.25   182220  4.78  1278   -46  0  0  0.5369   4.63   -1.27   -8.60    1.90  0.4762  -65.9
2015 173 16 40   -1.13   -8.35    4.65  -431.4    58.9    24.0  13.05   189358  4.96  1336   -46  0  0  0.5189   4.81   -0.86   -8.62    3.05  0.3907  -64.9
2015 173 16 45   -2.08   -9.05    3.79  -430.5    60.8    24.1  12.99   182576  4.92  1224   -45  0  0  0.5178   4.77   -0.95   -8.63    4.01  0.3134  -63.8
2015 173 16 50   -2.25   -8.30    5.79  -428.1    61.8    20.3  13.05   180162  4.89  1189   -43  0  0  0.5255   4.74   -1.08   -8.41    4.87  0.2511  -62.8
2015 173 16 55   -0.86   -6.79    7.23  -435.6    52.5    13.8  11.98   166139  4.62  1068   -41  0  0  0.5422   4.47   -1.00   -8.20    5.37  0.2246  -61.3
2015 173 17  0    0.57   -6.01    4.88  -456.6    58.0    12.3  12.30   173723  5.22   930   -38  0  0  0.5458   5.05   -0.54   -8.17    5.08  0.2322  -59.5
2015 173 17  5   -2.41   -5.96    7.34  -435.4    53.1    15.3  12.80   176497  4.93   874   -34  0  0  0.5374   4.78   -1.07   -7.59    5.65  0.1885  -57.9
2015 173 17 10   -2.14   -7.22    3.86  -428.5    62.5    19.1  13.00   181411  4.89   674   -33  0  0  0.5253   4.73   -1.47   -7.38    5.36  0.1903  -56.3
2015 173 17 15    1.05   -9.22    2.94  -438.1    71.8    27.1  13.46   197066  5.33   670   -31  0  0  0.5056   5.16   -1.16   -7.51    5.12  0.2100  -54.5
2015 173 17 20    0.17   -4.90   -1.79  -442.0    61.9    34.7  14.38   214986  5.78   605   -28  0  0  0.4906   5.58   -0.84   -6.91    4.32  0.2524  -53.1
2015 173 17 25   -1.53   -5.58   -7.65  -432.1    60.4    64.7  13.25   209511  5.16   614   -26  0  0  0.4203   4.99   -0.74   -6.53    2.40  0.4144  -52.2
2015 173 17 30    0.24   -3.93   -9.30  -431.1    57.6    75.8  13.50   197884  5.26   619   -27  0  0  0.3945   5.10   -0.58   -6.12    0.04  0.6146  -51.1
2015 173 17 35    1.81   -6.20   -7.34  -437.8    66.8    65.4  12.75   185012  5.12   563   -27  0  0  0.4171   4.95   -0.40   -6.14   -1.71  0.7835  -49.6
2015 173 17 40    5.13   -4.01   -6.00  -447.2    73.7    63.2  12.87   200174  5.40   662   -23  0  0  0.4223   5.22    0.68   -5.87   -3.61  0.9419  -48.3
2015 173 17 45    2.70   -9.11   -2.92  -451.5    62.9    73.5  13.02   200938  5.57   820   -19  0 -1  0.4028   5.38    1.37   -6.14   -4.58  1.0410  -46.8
2015 173 17 50    5.50   -1.57   -7.41  -455.8    52.0    83.7  13.18   201701  5.73   913   -18  0  0  0.3836   5.55    2.00   -5.04   -6.06  1.1849  -45.4
2015 173 17 55   -1.13   -8.10   -5.07  -429.3    78.0    54.9  12.22   172760  4.72  1033   -16  0  0  0.4286   4.58    1.82   -5.50   -6.53  1.2505  -44.0
2015 173 18  0   -0.81   -8.87   -2.66  -432.3    77.3    41.0  13.26   192427  5.17  1227   -17  0  0  0.4590   5.00    1.92   -5.97   -5.81  1.1798  -42.8
2015 173 18  5   -1.02   -9.10   -1.20  -431.7    77.0    39.4  12.22   166624  4.74  1378   -18  0  0  0.4607   4.59    1.74   -6.71   -4.66  1.0639  -41.7
2015 173 18 10    1.26   -9.35   -0.01  -443.8    76.0    39.8  12.36   167548  5.05  1429   -15  0  0  0.4613   4.89    1.66   -7.16   -3.61  0.9628  -41.3
2015 173 18 15   -2.70   -8.49   -1.35  -424.7    60.7    38.8  12.01   202821  4.46  1746   -15  0  0  0.4615   4.32    0.54   -7.80   -2.95  0.8883  -42.1
2015 173 18 20   -2.52   -8.34   -1.45  -431.5    73.6    39.7  11.32   173858  4.37  1649   -20  0  0  0.4552   4.24   -0.20   -7.69   -2.74  0.8552  -41.6
2015 173 18 25   -3.29   -8.30    0.68  -427.9    71.7    31.4  11.59   169079  4.38  1281   -23  0  0  0.4715   4.25   -1.46   -8.65   -1.58  0.7263  -29.9
2015 173 18 30   -2.69   -8.54   -0.83  -427.7    75.5    38.0  11.12   160782  4.23  1212   -17  0  0  0.4531   4.09   -1.68   -8.71   -0.97  0.6633  -22.0
2015 173 18 35    0.03  -10.07   -2.51  -455.7    69.1    39.8  15.99   201239  7.53  1961    77  0  0  0.4560   6.63   -1.56   -8.88   -0.95  0.6744  -15.3
2015 173 18 40    2.71  -10.77  -13.25  -514.1    53.1    62.3  30.89   503029 19.74  1787    74  0  0  0.4274  16.21   -1.03   -9.12   -2.67  0.9165  -14.6
2015 173 18 45   -0.26   -8.84  -12.53  -530.5    42.6    55.1  28.65   552943 17.43  1943    66  0  0  0.4450  15.89   -1.25   -9.05   -4.46  1.1672  -15.8
2015 173 18 50    0.90  -12.80  -20.68  -666.2    -7.5    56.3  49.32  1070391 45.22  2058    58  0  0  0.4711  42.71   -0.73   -9.67   -7.22  1.7041  -20.5
2015 173 18 55    6.52   -1.91  -24.57  -699.5   -46.0    39.9  53.00  1027415 52.50  1960    50  0  0  0.5001  50.61    0.56   -8.75  -10.53  2.3568  -36.8
2015 173 19  0   13.30  -15.68  -21.51  -693.1   -12.0    12.9  58.42   997133 56.30  1745    35  0  0  0.5332  54.40    2.93   -9.80  -13.70  2.9704  -49.8
2015 173 19  5    9.77   -9.87  -27.24  -679.0     9.4     8.9  55.13   911856 50.94  1291    27  0  0  0.5335  49.25    4.71   -9.99  -17.47  3.6540  -62.6
2015 173 19 10   -2.53    9.07  -32.62  -682.2    -6.9    47.4  48.50  1010632 45.43  1585    19  0  0  0.4778  43.94    4.34   -7.26  -21.77  4.4027  -72.5
2015 173 19 15   -1.31    7.02  -35.42  -685.1    -5.3    51.4  39.89   829654 37.65  1722     3  0  0  0.4699  36.47    3.77   -4.72  -24.94  4.9957  -82.7
2015 173 19 20    1.72   12.33  -37.76  -685.1   -13.0    29.0  36.95   723609 34.77  1465   -28  0  0  0.5011  33.67    4.05   -1.69  -28.54  5.6290  -91.2
2015 173 19 25    6.39    0.18  -36.46  -682.5   -27.2    20.3  43.60   760678 40.74  1168   -40  0  0  0.5133  39.44    4.84    0.16  -30.80  5.9410 -100.6
2015 173 19 30    8.39   -2.62  -33.88  -676.5   -28.6    13.8  44.16   575920 40.52  1188   -47  0  0  0.5205  39.23    5.10    0.06  -32.13  6.0779 -110.9
2015 173 19 35    8.52   -2.16  -34.56  -670.4   -26.0    17.6  42.95   507796 38.71   981   -58  0  0  0.5120  37.47    4.42    1.99  -33.99  6.2844 -122.4
2015 173 19 40   14.16  -16.37  -25.62  -649.5   -38.4    -7.1  52.79   621945 44.54   667   -59  0  0  0.5484  43.29    5.05    1.06  -33.76  6.2121 -129.4
2015 173 19 45   -9.64    8.31   -2.99  -644.0   -49.2   -14.9  67.98   533974 56.77   726   -61  0  0  0.5595  54.96    4.03    0.96  -29.53  5.5315 -135.8
2015 173 19 50  -24.52   31.17    0.11  -634.9   -46.2     0.9  63.97   372241 51.89   692   -60  0  0  0.5324  50.21    0.72    4.41  -24.45  4.9017 -143.5
2015 173 19 55  -24.53   30.93    4.81  -636.1   -56.2   -13.2  56.77   342504 46.42   808   -81  0  0  0.5531  44.86   -3.03    7.06  -18.37  4.1756 -151.6
2015 173 20  0  -25.20   33.48    9.62  -635.4   -42.0     0.7  52.90   322994 42.90  1100  -102  0  0  0.5269  41.55   -7.55   11.82  -11.79  3.4459 -161.2
2015 173 20  5  -29.02   28.88   10.99  -635.6   -35.5    -9.8  45.40   321713 36.81  2137  -121  0  0  0.5396  35.65  -12.89   16.32   -5.38  2.7272 -168.5
2015 173 20 10  -25.01   30.27    7.43  -630.4   -34.0   -13.0  52.95   319726 42.20  2221  -134  0  0  0.5418  40.90  -17.68   20.95    0.62  2.0486 -175.9
2015 173 20 15  -24.04   30.44   16.76  -631.6   -42.0   -20.4  49.48   281967 39.70  2002  -135  0  0  0.5519  38.44  -23.14   27.64    6.68  1.4828 -180.2
2015 173 20 20  -24.58   23.91   21.00  -626.7   -33.8   -19.4  48.21   320167 38.01  1854  -132  0  0  0.5464  36.82  -25.27   29.87   10.10  1.3564 -180.5
2015 173 20 25  -18.22   20.31   23.68  -625.3   -31.6   -28.6  54.24   350745 42.62  1662  -118  0  0  0.5577  41.27  -24.37   28.32   13.47  1.0964 -177.6
2015 173 20 30  -18.72   16.84   26.42  -621.8   -37.3   -16.5  49.47   322255 38.42  1421  -110  0  0  0.5368  37.21  -23.54   26.30   16.56  0.8748 -171.5
2015 173 20 35  -14.38   16.89   25.49  -622.8   -45.1   -20.0  47.10   277273 36.74  1078   -99  0  0  0.5407  35.61  -22.00   23.93   18.82  0.6870 -165.1
2015 173 20 40  -22.14   29.81   21.65  -626.4   -28.3   -12.9  37.43   367218 29.45  1036  -106  0  0  0.5230  28.52  -21.01   24.07   20.35  0.6205 -160.1
2015 173 20 45  -13.66   25.15   12.25  -618.1   -30.1    -7.2  32.29   776204 24.68   896  -108  0  0  0.5115  23.96  -19.39   23.34   21.04  0.5370 -156.0
2015 173 20 50   -9.94   20.85    8.02  -628.5   -43.1    10.0  35.53   844507 28.23   921  -108  0  0  0.4835  27.32  -17.38   21.97   19.79  0.5347 -153.1
2015 173 20 55  -11.83   22.66   -3.22  -622.4   -70.5    15.2  42.79  1371933 33.53   850   -99  0  0  0.4767  32.54  -15.56   21.79   16.33  0.7526 -151.7
2015 173 21  0  -13.00   24.98   -9.04  -629.2   -86.5    11.8  37.50  2381435 30.26   865   -99  0  0  0.4815  29.31  -14.81   22.45   11.65  1.1119 -150.2
2015 173 21  5  -14.78   24.41  -11.70  -611.6   -73.8    39.1  34.98  1403975 26.85   847  -103  0  0  0.4323  25.82  -14.25   23.54    6.21  1.5176 -149.7
2015 173 21 10  -14.64   25.40   -3.22  -596.8   -75.6    46.4  37.76  1424064 27.64   950   -98  0  0  0.4161  26.63  -14.28   24.75    2.11  1.7827 -147.8
2015 173 21 15   -3.57   25.23   -9.06  -641.8   -44.6    58.1  36.18  1347013 30.20  1280   -96  0  0  0.3938  29.24  -11.63   24.10   -2.28  2.0963 -146.1
2015 173 21 20   -9.85   23.79    0.23  -653.2   -29.7    34.4  34.44  1269029 29.60  1275   -92  0  0  0.4245  28.60  -11.09   23.90   -4.00  2.2315 -144.2
2015 173 21 25  -14.52   17.39    8.34  -633.5   -12.4    10.6  34.52  1396466 27.73  1381   -94  0  0  0.4527  26.85  -11.74   23.41   -3.95  2.2020 -143.5
2015 173 21 30  -15.69   11.57   21.18  -664.1    45.2     9.9  33.67  1145254 29.91  1442   -86  0  0  0.4356  28.90  -12.29   21.82   -0.47  1.9284 -143.9
2015 173 21 35  -11.68   22.31    8.00  -666.2    11.9    26.6  37.22  1312806 33.21  1178   -88  0  0  0.4167  32.06  -12.10   21.44    1.97  1.6817 -145.1
2015 173 21 40  -13.47   25.85   11.97  -640.5   -77.1   -12.8  36.50  1451638 30.40   955   -97  0  0  0.4920  29.44  -11.92   21.65    5.35  1.3924 -146.6
2015 173 21 45  -16.18   10.95   21.57  -666.1    -9.6    42.3  38.55   996531 34.40   893   -99  0  0  0.3918  33.27  -12.14   19.58    8.89  1.1146 -147.2
2015 173 21 50  -11.71    6.64   18.81  -673.7     7.0    48.2  41.33  1031863 37.72   806   -92  0  0  0.3762  36.53  -13.30   16.93   12.87  0.7032 -148.8
2015 173 21 55   -9.26   19.05   11.79  -670.7    12.6    36.6  41.06   916022 37.07   683   -85  0  0  0.3878  35.90  -13.22   16.25   14.52  0.5385 -149.5
2015 173 22  0   15.11   20.88   -0.03  -686.9    14.1    42.1  42.33  1084492 40.11   629   -84  0  0  0.3773  38.85   -8.98   16.75   13.33  0.6965 -149.5
2015 173 22  5    1.46   11.66    7.70  -680.0    15.1    16.3  41.94   981442 38.82   605   -86  0  0  0.4100  37.60   -6.53   16.76   11.40  0.7476 -147.4
2015 173 22 10    0.85    2.84   20.64  -668.1    24.2     3.8  42.88   828490 38.34   671   -86  0  0  0.4218  37.12   -4.74   13.98   13.21  0.5903 -146.1
2015 173 22 15   -4.81  -11.46   19.13  -664.3    27.8     0.7  38.05   690096 33.65   590   -84  0  0  0.4216  32.58   -3.51    8.65   14.23  0.4680 -146.5
2015 173 22 20   -3.93  -12.04   20.25  -660.3    11.2     1.1  37.09   593319 32.36   455   -90  0  0  0.4220  31.33   -1.76    5.37   14.04  0.4733 -146.4
2015 173 22 25   -5.46   -4.95   17.53  -654.0     3.6    -7.6  41.98   705214 35.92   386   -89  0  0  0.4334  34.79   -0.86    3.71   13.86  0.4707 -146.6
2015 173 22 30   -6.46    3.53   14.23  -645.0   -24.6     2.4  44.11   964645 36.83   399   -88  0  0  0.4219  35.60   -0.46    1.49   14.21  0.3743 -145.8
2015 173 22 35   -5.86   -4.38   11.68  -645.0    12.9   -13.4  42.97  1095747 35.79   398   -91  0  0  0.4325  34.66   -3.46   -2.11   15.88  0.1162 -146.7
2015 173 22 40   -6.02   -5.34   16.10  -645.4    18.2   -24.4  35.84   878334 29.95   414   -92  0  0  0.4440  28.98   -4.53   -4.54   17.08  0.0523 -146.7
2015 173 22 45   -5.62   17.89   10.36  -646.7   -41.5     1.9  37.22  1028301 31.27   385   -94  0  0  0.4157  30.28   -5.45   -2.39   15.61  0.1463 -146.5
2015 173 22 50   -6.71   22.45    5.24  -643.9   -30.0   -19.5  34.56  1389439 28.66   362   -95  0  0  0.4422  27.84   -5.72    2.45   13.63  0.3081 -145.6
2015 173 22 55   -4.78   26.74    5.09  -649.3   -22.9   -19.2  32.00  1336853 27.03   380  -100  0  0  0.4360  26.19   -5.84    7.99   11.46  0.5075 -145.3
2015 173 23  0   -7.25   27.40    6.19  -652.7     3.5   -16.4  28.35  1296821 24.18   414  -100  0  0  0.4212  23.41   -6.10   12.61    9.84  0.7180 -144.7
2015 173 23  5   -2.47   11.87   12.67  -660.5    12.1   -24.4  30.93  1078842 27.10   483  -101  0  0  0.4268  26.18   -5.53   13.80    9.62  0.7546 -143.6
2015 173 23 10    4.85    3.26   22.01  -659.8     2.8   -28.2  32.24   878217 28.13   475   -90  0  0  0.4314  27.24   -4.00   14.90   11.09  0.7509 -143.1
2015 173 23 15    1.58   16.63   12.58  -657.5     7.9   -33.1  31.27   979021 27.11   454   -92  0  0  0.4339  26.25   -2.91   18.03   10.59  0.8188 -142.3
2015 173 23 20   -3.09   20.95    8.65  -655.5     0.6   -33.3  30.07  1001438 25.91   365   -96  0  0  0.4327  25.09   -2.55   18.47   10.35  0.8609 -142.2
2015 173 23 25   -5.57   20.50   10.65  -652.2     3.7   -38.2  28.51   828365 24.34   270   -98  0  0  0.4359  23.57   -2.39   18.19   11.12  0.7943 -141.9
2015 173 23 30   -4.50   19.35   12.02  -645.5    -2.2   -40.9  29.96   906583 25.09   297   -98  0  0  0.4387  24.28   -2.35   17.14   12.11  0.6691 -142.1
2015 173 23 35   -1.15    7.13   12.01  -657.5     5.8   -37.5  31.89   867282 27.66   318   -98  0  0  0.4268  26.79   -1.48   14.24   12.94  0.4696 -141.9
2015 173 23 40   -3.64    3.48   15.74  -644.0    12.1   -47.3  34.04   801952 28.42   327   -91  0  0  0.4376  27.50   -1.65   13.04   13.38  0.4326 -141.2
2015 173 23 45   -1.93    6.52   13.65  -642.1     8.9   -43.9  31.45   760597 26.07   265   -92  0  0  0.4300  25.24   -2.61   13.51   12.19  0.4407 -140.0
2015 173 23 50   -0.82   10.29   18.95  -645.0   -10.9   -45.5  30.00   815974 25.11   247   -92  0  0  0.4339  24.30   -2.96   12.60   13.10  0.3836 -137.0
2015 173 23 55    1.96    6.84   21.57  -647.6   -14.1   -40.9  27.29   737638 23.01   243   -91  0  0  0.4239  22.27   -2.24   10.59   14.94  0.2512 -133.8
2015 174  0  0    3.49    0.99   20.42  -657.5     0.8   -48.2  26.51   679505 23.05   219   -79  0  0  0.4267  22.32   -0.94    7.80   16.34  0.1367 -131.1
2015 174  0  5   -0.15   -2.39   19.91  -642.8    16.2   -54.6  29.84   833762 24.84   199   -78  0  0  0.4306  24.07   -0.32    4.69   17.46  0.0432 -129.7
2015 174  0 10    1.15    1.72   23.59  -645.4    25.0   -26.3  26.09  1168224 21.80   192   -82  0  0  0.3816  21.12    0.01    3.92   19.12  0.0295 -128.3
2015 174  0 15   -0.18    3.42   15.16  -641.6    29.4   -16.9  30.43  1320616 25.16   248   -83  0  0  0.3629  24.33    0.50    3.91   19.04  0.0296 -127.1
2015 174  0 20   -2.34   12.58   13.31  -649.8    33.7    -5.7  30.21  1234375 25.59   293   -80  0  0  0.3413  24.78    0.44    4.78   18.99  0.0604 -127.1
2015 174  0 25    4.04    3.01   20.65  -639.3    25.2   -32.8  28.94  1207847 23.72   232   -81  0  0  0.3821  23.01    1.14    3.74   19.23  0.0462 -127.1
2015 174  0 30    8.63   -6.79   29.49  -650.5    39.2   -31.3  21.31   827385 18.14   256   -88  0  0  0.3722  17.57    2.09    1.79   20.36  0.0443 -127.3
2015 174  0 35    6.78   -4.81   31.23  -647.0    30.1   -35.5  21.23   943470 17.87   269   -90  0  0  0.3781  17.30    2.56    0.96   21.91  0.0451 -127.0
2015 174  0 40    6.67   -6.24   27.61  -643.3    29.4   -26.5  21.87  1041559 18.17   277   -90  0  0  0.3617  17.60    3.54    0.41   23.01  0.0469 -125.3
