2024 131 11 30   -0.20   -1.89   -2.86  -421.7    14.9    -9.9   4.15    74749  1.48   359    -7  0  0  0.3562   1.43    0.06   -1.61   -3.00  0.6630  -20.5
2024 131 11 35    0.13   -2.05   -2.97  -421.4    19.2    -8.9   3.74    67486  1.33   374    -8  0  0  0.3561   1.29   -0.01   -1.59   -2.98  0.6591  -20.8
2024 131 11 40   -0.40   -1.92   -3.22  -423.2    21.3    -7.4   3.23    59511  1.16   391    -9  0  0  0.3554   1.12   -0.18   -1.54   -3.02  0.6649  -20.9
2024 131 11 45   -0.47   -2.15   -3.10  -422.6    22.5   -10.7   3.26    57303  1.17   437    -9  0  0  0.3662   1.13   -0.26   -1.62   -2.95  0.6586  -21.0
2024 131 11 50   -0.85   -1.99   -2.96  -418.6    19.0   -14.2   3.24    75522  1.14   534    -9  0  0  0.3790   1.10   -0.30   -1.81   -3.00  0.6673  -20.8
2024 131 11 55   -0.97   -1.49   -3.05  -417.1    21.2    -9.4   3.19    81534  1.11   559    -9  0  0  0.3704   1.08   -0.46   -1.84   -3.05  0.6730  -20.8
2024 131 12  0   -0.41   -1.18   -2.99  -424.4    23.4    -6.5   2.94    56958  1.06   515    -9  0  0  0.3661   1.03   -0.45   -1.81   -3.02  0.6693  -20.6
2024 131 12  5   -0.36   -1.71   -3.13  -425.3    18.0   -14.5   3.62    77377  1.31   525    -8  0  0  0.3896   1.27   -0.48   -1.78   -3.06  0.6761  -20.4
2024 131 12 10   -0.84   -1.39   -2.68  -429.9    23.1    -3.5   2.44    42872  0.90   551    -9  0  0  0.3658   0.88   -0.61   -1.69   -3.02  0.6719  -20.2
2024 131 12 15   -0.23   -1.81   -3.12  -425.2    21.4    -8.3   2.70    49952  0.97   543    -9  0  0  0.3807   0.95   -0.59   -1.67   -3.00  0.6704  -20.3
2024 131 12 20   -0.45   -1.76   -2.92  -432.2    21.8   -10.0   2.29    41033  0.86   532   -10  0  0  0.3875   0.83   -0.59   -1.62   -2.98  0.6691  -20.3
2024 131 12 25   -0.88   -0.78   -2.51  -421.0    12.3    -4.5   3.25    69501  1.15   497    -9  0  0  0.3811   1.12   -0.59   -1.45   -2.91  0.6593  -20.1
2024 131 12 30   -1.06   -1.12   -3.03  -422.0    16.9    -4.3   3.14    55360  1.13   507    -9  0  0  0.3824   1.08   -0.60   -1.39   -2.91  0.6600  -20.1
2024 131 12 35   -1.53   -1.13   -3.15  -410.7    10.2    -2.7   2.81    67662  0.95   501    -9  0  0  0.3840   0.92   -0.76   -1.39   -2.93  0.6588  -20.0
2024 131 12 40   -1.66   -1.31   -3.38  -409.0    10.6    -1.2   2.79    68845  0.93   498    -9  0  0  0.3834   0.90   -0.95   -1.33   -2.97  0.6582  -20.0
2024 131 12 45   -1.92   -1.10   -3.28  -408.3    10.7    -0.9   2.79    75353  0.93   506    -9  0 -1  0.3857   0.90   -1.10   -1.29   -3.06  0.6639  -19.8
2024 131 12 50   -2.42   -1.07   -2.97  -407.6    10.8    -0.6   2.79    81861  0.93   505    -9  0 -1  0.3880   0.90   -1.42   -1.18   -3.03  0.6549  -19.4
2024 131 12 55   -2.78   -0.44   -2.75  -406.9    10.9    -0.3   2.79    88370  0.93   476    -9  0 -1  0.3903   0.90   -1.75   -0.99   -3.01  0.6433  -19.0
2024 131 13  0   -2.67   -0.34   -2.81  -406.2    11.1     0.0   2.80    94878  0.92   453    -8  0 -1  0.3925   0.90   -2.01   -0.93   -3.05  0.6456  -18.6
2024 131 13  5   -2.77   -0.28   -2.78  -405.5    11.2     0.3   2.80   101386  0.92   417    -6  0 -1  0.3947   0.89   -2.25   -0.81   -3.02  0.6354  -18.1
2024 131 13 10   -2.90    0.01   -2.28  -404.8    11.3     0.6   2.80   107894  0.92   416    -6  0  0  0.3968   0.89   -2.45   -0.65   -2.89  0.6157  -17.8
2024 131 13 15   -2.98    0.61   -1.97  -404.8    -2.2   -12.4   3.12   118088  1.02   485    -5  0  0  0.4360   0.99   -2.63   -0.37   -2.69  0.5848  -17.5
2024 131 13 20   -3.06    0.41   -1.89  -406.2     0.0    -2.4   3.29   125044  1.08   376    -5  0 -1  0.4136   1.05   -2.80   -0.16   -2.49  0.5545  -17.1
2024 131 13 25   -2.67   -0.21   -2.35  -407.7     2.2     7.7   3.45   132000  1.15   356    -5  0  0  0.3912   1.11   -2.83   -0.03   -2.40  0.5413  -16.8
2024 131 13 30   -3.11    0.35   -1.79  -405.6     2.7     1.7   3.30   126874  1.08   344    -4  0 -1  0.4083   1.05   -2.88    0.08   -2.27  0.5197  -16.4
2024 131 13 35   -3.07   -0.06   -1.62  -403.5     3.2    -4.3   3.15   121747  1.02   355    -3  0  0  0.4256   0.99   -2.94    0.12   -2.10  0.4926  -16.0
2024 131 13 40   -3.23    0.79   -0.63  -402.4    -4.3    -3.9   3.27   152551  1.06   339    -2  0  0  0.4299   1.03   -3.00    0.27   -1.79  0.4397  -15.2
2024 131 13 45   -3.31    0.67   -0.39  -400.4    -3.6   -19.6   3.21    82514  1.03   328    -2  0  0  0.4712   1.00   -3.06    0.37   -1.52  0.3895  -14.0
2024 131 13 50   -3.13    0.08   -0.58  -401.3     2.9   -14.1   3.15   109280  1.01   309     1  0  0  0.4577   0.98   -3.08    0.29   -1.32  0.3516  -13.0
2024 131 13 55   -3.04   -0.18    0.06  -406.5    -8.1   -41.4   3.22    93752  1.07   327     3  0  0  0.5299   1.04   -3.08    0.21   -1.04  0.2890  -12.1
2024 131 14  0   -2.69   -0.12    0.99  -404.9     4.3   -15.4   3.03    94845  1.00   372     3  0  0  0.4650   0.96   -3.08    0.22   -0.57  0.2124  -11.5
2024 131 14  5   -2.88   -0.40    0.99  -408.6     1.3   -27.5   3.26   104433  1.09   395     4  0  0  0.4973   1.06   -3.05    0.11   -0.17  0.1494  -10.9
2024 131 14 10   -3.07    0.64    1.26  -408.3     4.0   -15.7   3.64   113655  1.22   432     4  0  0  0.4702   1.18   -3.05    0.21    0.24  0.0916  -10.7
2024 131 14 15   -3.10    1.31    0.95  -409.2    -5.3   -25.3   3.68    98857  1.24   415     4  0  0  0.4991   1.20   -3.03    0.29    0.47  0.0664  -10.8
2024 131 14 20   -3.38    0.25    1.26  -408.4   -10.8   -21.5   3.63   105360  1.21   415     4  0 -1  0.4945   1.18   -3.04    0.23    0.70  0.0421  -11.1
2024 131 14 25   -3.28    1.19    0.72  -407.6   -16.4   -17.7   3.58   111864  1.19   421     3  0  0  0.4897   1.16   -3.06    0.38    0.89  0.0207  -11.2
2024 131 14 30   -3.06    1.35    0.72  -408.4   -11.8   -21.0   3.72   127776  1.24   373     3  0  0  0.4981   1.21   -3.07    0.60    0.98  0.0270  -11.5
2024 131 14 35   -2.16    1.39    1.14  -414.3    -8.6     3.0   3.59   149458  1.24   406     4  0  0  0.4410   1.19   -2.99    0.82    1.01  0.0338  -11.7
2024 131 14 40   -2.45    1.36    0.19  -429.0   -11.4    26.1   3.82   244874  1.41   439     3  0  0  0.3912   1.37   -2.93    1.07    0.89  0.0519  -11.3
2024 131 14 45   -1.89    1.25   -0.42  -423.3    -7.3     7.2   3.90   195732  1.40   489     4  0 -1  0.4349   1.35   -2.76    1.16    0.65  0.0822  -10.7
2024 131 14 50   -2.29    1.12    0.75  -417.6    -3.2   -11.8   3.98   146590  1.40   351     8  0  0  0.4796   1.35   -2.64    1.13    0.62  0.0822   -9.3
2024 131 14 55   -1.82    0.25   -0.58  -432.7     8.4    -1.0   5.87    98216  2.26   309    14  0  0  0.4508   2.13   -2.42    1.13    0.36  0.1148   -8.6
2024 131 15  0   -1.99    0.07   -0.93  -433.1    -0.1    -1.5   4.85   128838  1.85   239    17  0  0  0.4574   1.76   -2.24    0.97    0.12  0.1514   -8.6
2024 131 15  5   -2.35    0.58   -0.66  -443.7    11.6    -6.3   6.39   100922  2.56   243    17  0  0  0.4643   2.44   -2.14    0.86   -0.07  0.1790   -9.1
2024 131 15 10   -2.08    0.51    0.17  -443.4     9.8    -6.1   9.43    92240  3.73   347    15  0  0  0.4662   3.59   -2.12    0.73   -0.21  0.1799  -10.1
2024 131 15 15   -1.82    0.13   -0.88  -450.2     8.9    -4.5  10.47    82852  4.27   378    14  0  0  0.4644   4.11   -2.03    0.56   -0.36  0.2067  -12.0
2024 131 15 20   -2.32    0.35   -0.84  -450.0    11.7    -3.5  10.06   103017  4.12   282    14  0  0  0.4623   3.95   -2.10    0.43   -0.42  0.2195  -14.7
2024 131 15 25   -2.18   -0.21    0.16  -455.1     9.9     0.7  12.42    57309  5.15   323    12  0  0  0.4554   4.99   -2.08    0.24   -0.51  0.2145  -17.2
2024 131 15 30   -1.72   -0.38   -0.71  -454.6     7.3    -3.4  12.67    52186  5.24   322    12  0  0  0.4666   5.07   -2.07    0.15   -0.53  0.2218  -18.8
2024 131 15 35   -1.29    0.55    1.52  -454.0    11.6    -2.1  14.01    49930  5.78   251    11  0  0  0.4628   5.60   -1.97    0.22   -0.18  0.1777  -19.8
2024 131 15 40   -1.50    0.84    2.08  -452.3    16.2     2.5  15.03    47432  6.16   174    12  0  0  0.4516   5.96   -1.84    0.26    0.21  0.1414  -20.8
2024 131 15 45   -1.33    0.81    1.89  -449.8    16.6     3.5  15.00    48323  6.08   189    13  0  0  0.4501   5.89   -1.74    0.30    0.46  0.1348  -21.0
2024 131 15 50   -1.10    0.98    2.05  -448.7    15.4     3.6  14.59    49263  5.88   198    13  0  0  0.4513   5.70   -1.63    0.42    0.88  0.0909  -21.2
2024 131 15 55   -1.01    0.35    1.80  -451.5    15.5     0.5  15.26    42346  6.24   201    14  0  0  0.4588   6.03   -1.45    0.42    1.26  0.0468  -21.0
2024 131 16  0   -1.15    0.54    1.65  -448.5    18.1     6.2  15.55    49001  6.27   224    14  0  0  0.4457   6.07   -1.30    0.53    1.47  0.0450  -20.9
2024 131 16  5   -1.51    0.62    1.60  -448.1    17.3     3.7  15.56    46613  6.26   270    14  0  0  0.4521   6.06   -1.27    0.67    1.80  0.0057  -21.3
2024 131 16 10   -1.68    1.04    1.72  -447.9    20.5     4.3  15.13    45284  6.09   215    13  0  0  0.4495   5.89   -1.33    0.74    1.83  0.0075  -22.1
2024 131 16 15   -0.92    0.99    2.46  -450.6    17.4     1.5  16.10    52646  6.54   206    11  0  0  0.4578   6.34   -1.24    0.76    1.88  0.0076  -22.9
2024 131 16 20   -1.33    1.47    1.98  -448.0    13.7     7.2  15.69    49489  6.31   200     9  0  0  0.4480   6.11   -1.24    0.86    1.89  0.0106  -23.6
2024 131 16 25   -1.47    1.58    2.35  -446.1    17.3     3.5  15.80    49482  6.31   237     8  0  0  0.4541   6.10   -1.30    0.94    1.94  0.0127  -24.3
2024 131 16 30   -1.33    1.72    2.22  -445.9    16.5     4.8  15.25    48454  6.08   213     8  0  0  0.4519   5.88   -1.34    1.14    2.00  0.0174  -24.2
2024 131 16 35   -1.41    1.40    2.38  -448.4    17.8     1.6  17.04    45406  6.86   137    11  0  0  0.4582   6.65   -1.38    1.26    2.10  0.0196  -23.5
2024 131 16 40   -1.31    1.46    2.72  -447.9    16.1     1.1  15.60    41688  6.27   125    14  0  0  0.4604   6.07   -1.35    1.38    2.26  0.0213  -23.3
2024 131 16 45   -1.46    1.32    2.88  -448.5    19.4     2.9  17.78    50810  7.17   104    18  0  0  0.4544   6.94   -1.32    1.42    2.43  0.0206  -22.6
2024 131 16 50   -1.52    2.34    3.24  -448.5    19.4     2.9  17.78    50810  7.17   147    13  0  0  0.4543   6.94   -1.40    1.61    2.54  0.0249  -22.0
2024 131 16 55   -1.62    1.94    3.44  -447.2    16.4    -1.3  17.40    44104  6.97   108    16  0  0  0.4649   6.75   -1.45    1.68    2.75  0.0240  -22.6
2024 131 17  0    0.77    2.29   -0.16  -446.8    23.8     0.4  14.88    45156  5.96    92    12  0  0  0.4561   5.77   -1.13    1.78    2.39  0.0575  -18.0
2024 131 17  5   -2.35   -4.36  -10.17  -604.4     7.1    46.0  35.13   554578 30.62   575    46  0  0  0.3958  25.00   -1.27    0.91    0.62  0.3979  -14.3
2024 131 17 10   -2.55   -2.53   -4.82  -557.2    20.0    30.1  31.53   320452 23.30   640    79  0  0  0.4097  19.04   -1.43    0.35   -0.41  0.5839   -9.9
2024 131 17 15   -2.52    2.62   -1.48  -568.2    18.7    42.8  34.68   354356 28.26   593    79  0  0  0.3898  21.83   -1.61    0.52   -1.01  0.6771   -6.4
2024 131 17 20   -1.98   -3.50   -7.01  -546.9    47.1    39.9  26.56   335738 18.74  1234    67  0  0  0.3755  15.58   -1.68   -0.17   -2.42  0.9138   -5.1
2024 131 17 25   -5.34   -5.87   -4.87  -486.1    22.9    13.4  24.56   130478 13.81  2177    55  0  0  0.4298  11.27   -2.23   -1.34   -3.58  1.0719   -4.0
2024 131 17 30   -3.41   -5.70  -16.76  -536.1    61.1     7.4  21.98   405563 14.08  1658    40  0  0  0.4201  12.40   -2.48   -2.44   -6.47  1.4842   -9.5
2024 131 17 35   -6.52   -7.22  -26.76  -574.0    56.0    17.4  25.12   526976 18.80  1983    38  0 -1  0.4091  16.20   -3.52   -3.79  -10.27  2.0662  -18.0
2024 131 17 40   -6.56   -7.02  -22.95  -611.9    50.8    27.3  28.26   648388 23.52  1976    41  0 -1  0.3995  20.68   -4.13   -4.17  -12.09  2.3282  -29.8
2024 131 17 45   -7.75  -11.17  -26.55  -649.8    45.6    37.3  31.40   769800 28.24  1583    22  0 -1  0.3906  25.89   -4.87   -5.41  -15.20  2.8638  -43.6
2024 131 17 50    1.08   -8.23   -1.67  -687.7    40.5    47.2  34.54   891213 32.96  1694     6  0  0  0.3826  31.90   -4.35   -6.96  -15.22  2.9511  -53.0
2024 131 17 55    2.27  -13.07   -1.57  -670.8    37.3    72.4  38.05   948703 34.72  1223    -9  0  0  0.3458  33.65   -3.75   -8.33  -14.45  2.9315  -64.4
2024 131 18  0   -8.29  -20.21  -32.07  -692.9    37.0    70.7  29.23   477126 28.44  1712    -2  0  0  0.3508  27.54   -4.17  -10.37  -18.33  3.6679  -74.5
2024 131 18  5  -13.48   -4.62  -39.95  -702.0    57.5    36.2  35.74   374508 35.58  1793   -18  0  0  0.3871  34.44   -5.61  -10.22  -21.65  4.3065  -84.8
2024 131 18 10  -14.13  -35.93  -31.35  -709.2    19.4    38.4  18.55   594015 18.84  1077   -39  0  0  0.4016  18.14   -6.69  -14.32  -22.30  4.6169  -91.9
2024 131 18 15  -13.76  -39.05  -27.00  -696.9    -3.1    49.6  17.68   830957 17.27  1219   -72  0  0  0.3945  16.72   -7.72  -18.90  -22.88  4.8504  -94.3
2024 131 18 20  -13.57  -40.57  -27.19  -688.3     3.7    34.8  16.03   998444 15.25   852   -76  0  0  0.4095  14.75   -8.55  -23.10  -22.97  4.9594 -105.0
2024 131 18 25   -4.87  -26.23  -15.68  -696.0    40.1     4.9  23.02   969805 22.64  1074   -46  0  0  0.4309  21.67   -9.40  -25.67  -24.97  5.3742 -115.7
2024 131 18 30   -3.15   -7.70   -4.43  -692.3   116.9   -20.2  54.97  1774759 54.34  1241   -50  0  0  0.4198  52.53  -10.18  -24.90  -25.38  5.4186 -127.5
2024 131 18 35  -10.94    1.63  -13.51  -711.5    77.8   -20.5  48.23  1244153 49.46   754   -81  0  0  0.4409  47.90  -10.56  -21.78  -22.73  5.0415 -135.1
2024 131 18 40  -11.37   10.84  -10.05  -704.2    85.6   -28.1  49.35  1328933 49.75   761   -84  0 -1  0.4441  48.18  -10.26  -19.57  -18.46  4.4226 -142.8
2024 131 18 45  -12.85    8.13  -16.46  -696.9    93.4   -35.6  50.47  1413713 50.03   794   -82  0  0  0.4471  48.46  -10.07  -13.28  -16.33  4.0782 -153.4
2024 131 18 50  -15.75    3.98  -19.14  -704.2    76.4   -59.1  50.53  1252558 51.07   961   -82  0  0  0.4849  49.45  -10.36   -7.13  -15.21  3.8905 -163.1
2024 131 18 55    1.70  -15.31   -5.97  -665.3    42.2     7.5  41.53  1053194 37.59   985  -104  0  0  0.4134  35.75   -8.18   -3.52  -12.18  3.3815 -171.8
2024 131 19  0   12.31  -21.70   12.93  -631.6    51.9    48.0  41.68  1028828 33.86   388  -148  0  0  0.3446  32.61   -5.72   -2.88   -8.09  2.8869 -179.2
2024 131 19  5   -7.48  -31.60   -1.36  -656.5    17.9    48.1  38.45  1008498 33.17   352  -166  0  0  0.3651  32.30   -6.34   -6.29   -7.65  2.9684 -188.0
2024 131 19 10   -5.70  -31.95   -0.36  -667.2   -28.5    48.9  38.98  1024024 34.94  1290  -158  0  0  0.3874  33.85   -5.59  -11.09   -5.77  2.7846 -199.3
2024 131 19 15   -2.97  -30.21   -3.55  -658.8   -25.8    41.0  36.87  1044740 32.19  2618  -170  0  0  0.3945  31.16   -4.39  -16.95   -4.84  2.7172 -207.8
2024 131 19 20   -5.52  -20.19   -4.28  -686.4    -2.7     0.6  44.42   862953 42.16  2234  -178  0  0  0.4372  40.54   -3.34  -21.00   -3.10  2.4644 -211.9
2024 131 19 25   -4.99  -19.21   -8.46  -670.6   -11.7     7.3  38.21   901485 34.78  1755  -171  0  0  0.4306  33.30   -1.81  -24.31   -1.58  2.2093 -212.1
2024 131 19 30    0.80  -14.61  -12.34  -673.1    10.6    -6.1  39.30   784458 36.04  1423  -176  0  0  0.4344  34.50   -1.94  -24.21   -2.49  2.3507 -212.4
2024 131 19 35    3.24  -21.83   -4.09  -676.2   -12.8   -10.3  35.14   919094 32.49  1850  -169  0  0  0.4508  31.14   -3.23  -24.23   -4.92  2.5808 -207.9
2024 131 19 40   -2.11  -10.92  -13.06  -713.1    31.4   -12.3  50.49   358925 51.58  2830  -140  0  0  0.4259  49.84   -2.46  -21.27   -6.59  2.7494 -200.2
2024 131 19 45   -9.66   -6.45  -23.88  -717.4    33.9   -21.6  43.55   272789 44.99  3540  -120  0  0  0.4337  43.55   -3.03  -17.63   -9.95  3.1758 -194.2
2024 131 19 50   -8.88   -1.25  -25.60  -711.2    36.6   -15.6  51.36   187761 52.10  2389  -108  0  0  0.4218  50.48   -3.87  -13.49  -13.10  3.6005 -193.2
2024 131 19 55  -14.51   -9.29  -29.04  -711.0    40.1   -25.9  52.89   179482 53.77  1020  -103  0  0  0.4302  52.02   -5.16  -11.94  -16.64  4.1312 -195.8
2024 131 20  0  -14.82    7.95  -31.75  -692.9    58.1    15.7  53.41   200722 51.66   657  -149  0  0  0.3625  50.04   -6.56   -8.06  -19.97  4.6214 -196.5
2024 131 20  5  -12.88    9.67  -27.07  -707.5    48.0    14.5  56.98   206753 57.38   700  -158  0  0  0.3681  55.52   -8.52   -4.59  -22.07  4.9749 -199.2
2024 131 20 10  -15.64   14.00  -24.71  -700.9    43.9    28.4  53.00   158102 52.37   720  -144  0  0  0.3492  50.71  -11.21    0.53  -25.02  5.4050 -203.0
2024 131 20 15  -14.93    8.10  -25.13  -711.3    41.9    11.8  56.83   227093 57.73   672  -126  0  0  0.3696  55.90  -13.05    3.25  -26.74  5.6757 -205.8
2024 131 20 20  -16.95    6.40  -21.53  -708.0    42.6     7.5  55.77   230583 56.18   690  -132  0 -1  0.3715  54.35  -14.09    5.08  -26.40  5.6131 -202.8
2024 131 20 25  -12.07    7.62  -19.63  -704.7    43.4     3.2  54.71   234073 54.63   874  -123  0 -1  0.3734  52.83  -14.54    6.35  -25.55  5.4776 -199.6
2024 131 20 30  -13.16    7.57  -20.90  -701.5    44.1    -1.1  53.65   237562 53.08  1006  -125  0 -1  0.3754  51.34  -14.35    8.76  -24.39  5.2956 -200.0
2024 131 20 35  -12.97    8.04  -23.58  -698.2    44.9    -5.4  52.59   241052 51.53  1001  -141  0 -1  0.3773  49.87  -14.09    8.77  -23.22  5.1410 -200.9
2024 131 20 40  -15.38    2.48  -28.24  -694.9    45.6    -9.7  51.53   244542 49.98  1066  -149  0  0  0.3792  48.42  -14.44    7.74  -23.39  5.1437 -200.8
2024 131 20 45  -13.23    5.24  -29.62  -704.1    39.4   -12.8  45.42   290156 45.16  1008  -147  0  0  0.3840  43.77  -14.10    6.49  -24.09  5.2427 -205.4
2024 131 20 50  -14.46   -2.15  -28.97  -704.3    33.2   -10.9  46.14   286580 45.87  1043  -143  0  0  0.3821  44.44  -14.03    5.03  -24.64  5.3078 -211.0
2024 131 20 55  -13.67   -0.23  -28.22  -700.7    40.0    -3.8  53.83   264551 53.00   972  -159  0  0  0.3656  51.36  -13.56    4.08  -25.59  5.4346 -215.0
2024 131 21  0  -18.24   -1.02  -33.42  -698.1    41.9    -6.0  40.92   216411 40.00   820  -182  0  0  0.3639  38.77  -14.44    2.85  -27.56  5.7018 -219.5
2024 131 21  5  -18.95    2.12  -33.35  -700.0    38.4   -15.0  38.06   200586 37.29   850  -188  0  0  0.3744  36.25  -15.27    2.07  -29.34  5.9468 -226.9
2024 131 21 10  -17.81   14.92  -29.62  -689.8    52.5    -7.4  34.40   177475 33.04   840  -204  0  0  0.3523  31.89  -15.96    3.05  -30.21  6.0566 -233.3
2024 131 21 15  -17.50    2.53  -35.13  -686.0    37.2   -12.2  36.99   178298 35.04   768  -216  0  0  0.3648  33.83  -16.27    3.06  -31.19  6.1678 -235.2
2024 131 21 20  -18.90   -5.51  -36.74  -683.3    -4.8   -17.8  37.49   153353 35.06   777  -204  0  0  0.3950  33.93  -17.08    1.52  -32.21  6.2569 -239.2
2024 131 21 25  -20.66   -5.93  -37.78  -689.0     0.1   -26.2  35.87   129938 34.12   968  -197  0  0  0.3996  33.03  -17.96    0.98  -33.47  6.3889 -241.9
2024 131 21 30  -20.73   -5.28  -37.59  -689.4    -2.5   -24.5  37.60   142235 35.79   611  -217  0  0  0.3956  34.66  -18.97    0.26  -34.80  6.5375 -247.8
2024 131 21 35  -21.79   -3.75  -37.24  -687.4     3.6   -27.9  37.63   150975 35.63   755  -211  0  0  0.3930  34.50  -19.48   -0.13  -35.35  6.5822 -255.7
2024 131 21 40  -22.93    1.78  -36.92  -694.0    21.6   -21.9  38.61   167412 37.26   500  -242  0  0  0.3704  36.09  -20.05   -0.18  -35.86  6.6336 -261.3
2024 131 21 45  -26.00    9.58  -35.87  -696.4    43.1   -22.1  24.55   158182 23.94   400  -292  0  0  0.3537  23.17  -21.22   -0.94  -36.75  6.7572 -266.9
2024 131 21 50  -25.44   -3.95  -40.90  -686.2     9.9    -5.3  15.14   153173 14.30   665  -280  0  0  0.3492  13.81  -22.35   -1.87  -37.58  6.8528 -270.3
2024 131 21 55  -21.14  -23.64  -37.16  -678.9   -10.9    14.2  13.46   146311 12.42   610  -276  0  0  0.3326  12.03  -22.67   -4.46  -37.64  6.8559 -268.4
2024 131 22  0  -15.23  -40.73  -25.63  -668.8   -20.5    37.0  14.68   143882 13.20   803  -280  0  0  0.3038  12.77  -21.89   -9.43  -35.90  6.6517 -270.4
2024 131 22  5  -14.01  -43.16  -30.78  -672.1    -0.0    34.6  15.70   215071 14.27   635  -232  0  0  0.2913  13.77  -20.93  -14.84  -34.93  6.5434 -270.4
2024 131 22 10  -16.69  -54.51  -38.22  -717.0    -6.0    65.0  26.82   256918 27.84   607  -270  0  0  0.2558  26.93  -20.21  -22.09  -35.07  6.6755 -276.8
2024 131 22 15  -16.53  -58.07  -34.63  -717.8     0.3    67.3  21.37   255276 22.20   859  -295  0  0  0.2460  21.52  -19.29  -30.64  -34.74  6.7550 -282.2
2024 131 22 20  -14.83  -59.44  -30.69  -745.7    -5.8    57.1  23.25   342312 26.01  1046  -307  0  0  0.2614  25.19  -17.70  -40.50  -34.00  6.8380 -284.1
2024 131 22 25  -13.46  -62.88  -19.86  -759.7   -17.1    32.4  23.32   374112 27.01   835  -290  0  0  0.2948  26.13  -15.98  -48.92  -31.00  6.7218 -290.9
2024 131 22 30    0.30  -24.05   17.41  -773.1    -1.4    14.9  21.62   407808 25.86   567  -271  0  0  0.3040  25.04  -12.92  -48.98  -23.20  5.8862 -297.5
2024 131 22 35   13.24   48.75   43.97  -759.0    24.0     8.0  25.27    83143 29.14  1223  -257  0  0  0.2942  28.23   -8.85  -36.19  -13.26  5.2557 -303.9
2024 131 22 40    3.74   60.37   25.44  -757.4    26.9    10.8  26.68   106453 30.67  1488  -315  0  0  0.2857  29.69   -6.32  -21.40   -5.23  4.7173 -305.7
2024 131 22 45   -5.03   65.42   10.36  -762.9    13.1    -4.0  32.52   101637 37.96  1186  -320  0  0  0.3078  36.67   -4.65   -4.27    1.71  4.1330 -311.1
2024 131 22 50    1.87   68.80    3.51  -734.5    23.3    19.1  21.98    68540 23.66  1905  -324  0  0  0.2698  23.01   -2.02   13.85    7.16  3.6672 -317.2
2024 131 22 55    2.79   67.67   11.49  -723.3    15.9    26.2  27.51    60260 28.83  1716  -328  0  0  0.2613  27.93    0.49   32.01   13.19  3.1023 -322.6
2024 131 23  0    2.13   68.08   14.47  -738.8    19.8    34.2  39.94    69938 43.72  1482  -292  0  0  0.2467  42.35    2.72   50.72   18.09  2.6615 -326.9
2024 131 23  5    1.70   68.68    7.48  -752.0     2.4    -1.2  35.02    76296 39.62  1692  -283  0  0  0.2966  38.36    2.92   63.97   16.67  3.1034 -328.2
2024 131 23 10    2.53   68.67    6.11  -755.1   -12.4   -12.5  34.93    73268 39.85  1316  -335 -1  0  0.3150  38.60    1.39   66.81   11.27  3.5365 -330.4
2024 131 23 15    1.97   68.66    5.18  -749.9    -7.5   -13.1  35.11    77029 39.51  1772  -328 -1 -1  0.3097  38.26    1.14   68.00    8.37  3.7901 -327.7
2024 131 23 20    1.42   68.65    4.25  -744.8    -2.6   -13.7  35.28    80790 39.16  1559  -318 -1 -1  0.3044  37.92    2.06   68.46    7.50  3.8641 -328.3
2024 131 23 25    0.87   68.63    3.30  -739.6     2.3   -14.2  35.46    84551 38.81  1330  -294 -1 -1  0.2989  37.59    1.92   68.43    7.47  3.8695 -331.3
2024 131 23 30    0.32   68.62    2.34  -734.4     7.2   -14.8  35.64    88312 38.47  1030  -303 -1 -1  0.2936  37.25    1.56   68.57    6.16  3.9871 -327.1
2024 131 23 35   -0.25   68.60    1.38  -729.3    12.1   -15.4  35.81    92073 38.12  1002  -308 -1 -1  0.2882  36.92    1.22   68.64    4.29  4.1241 -328.1
2024 131 23 40   -0.81   68.58    0.41  -724.1    17.0   -16.0  35.99    95834 37.78  1061  -306  0  0  0.2829  36.59    0.86   68.63    3.28  4.1777 -328.9
2024 131 23 45   -6.35   67.15   -8.06  -730.1   -12.0   -30.2  33.47    90610 35.75  1198  -340  0  0  0.3138  34.63   -0.40   68.41    1.26  4.3183 -329.6
2024 131 23 50   -9.59   64.87  -15.93  -733.2    -7.4   -12.4  25.31   130750 27.12  1351  -341 -1 -1  0.2856  26.37   -2.06   67.87   -1.76  4.5546 -324.7
2024 131 23 55  -12.48   62.59  -23.93  -736.4    -2.7     5.3  17.16   170889 18.48   861  -330 -1 -1  0.2578  18.03   -4.04   67.01   -5.78  4.8992 -317.5
2024 132  0  0  -15.02   60.29  -32.08  -739.5     1.9    23.1   9.00   211029  9.85   622  -315  0  0  0.2300   9.54   -6.31   65.81  -10.84  5.3630 -309.8
2024 132  0  5  -17.63   59.00  -32.52  -740.1   -59.7   -55.6   6.65   252789  7.37   465  -309  0  0  0.3573   7.14   -8.88   64.44  -15.82  5.8280 -298.7
2024 132  0 10  -17.22   56.44  -33.83  -726.7   -68.1   -51.7   8.08   198350  8.64   306  -300  0  0  0.3555   8.38  -11.30   62.70  -20.85  6.2746 -291.3
2024 132  0 15  -15.78   48.98  -37.10  -717.0   -34.8   -34.4  11.79   225118 12.27   675  -296  0  0  0.3134  11.80  -13.44   59.90  -26.21  6.7251 -286.1
2024 132  0 20   -6.35   36.67  -29.74  -761.5   -22.2   -21.7  23.34   400033 27.47   930  -286  0  0  0.2846  26.26  -13.44   55.55  -29.30  6.9935 -284.7
2024 132  0 25   -8.58   30.87  -36.05  -773.1    37.9   -12.9  25.70   467879 30.61   942  -271  0  0  0.2387  29.83  -13.29   50.69  -32.18  7.2983 -288.1
2024 132  0 30  -19.96   20.45  -41.98  -754.5    34.9   -22.9  27.88   398535 31.87  1162  -265  0  0  0.2493  30.84  -14.36   44.67  -34.76  7.5569 -293.0
2024 132  0 35  -26.75   18.62  -40.71  -770.1    35.3   -49.6  27.05   313981 32.28  1162  -287  0  0  0.2774  31.27  -16.04   38.72  -35.99  7.7005 -297.4
2024 132  0 40  -27.45   11.33  -44.09  -741.9    57.2   -24.4  24.61   326392 27.28  1368  -300  0  0  0.2329  26.42  -17.44   31.91  -37.64  7.8424 -301.5
2024 132  0 45  -26.52   14.91  -40.89  -758.9    35.9   -19.6  25.58   319914 29.41   971  -298  0  0  0.2360  28.62  -18.77   25.98  -38.65  7.9681 -308.9
2024 132  0 50  -30.64   14.76  -36.69  -752.4    53.5   -39.9  27.25   430901 31.08   873  -311  0  0  0.2481  30.12  -20.89   21.09  -38.59  7.9942 -318.1
2024 132  0 55  -34.11   25.78  -26.19  -780.2    37.5   -17.8  26.49   343861 32.34  1012  -324  0  0  0.2274  31.32  -24.86   19.53  -38.09  7.9330 -325.4
2024 132  1  0  -30.91   28.64  -26.51  -726.1    34.0     6.8  28.96   549812 30.60  1032  -336  0  0  0.1957  29.64  -28.05   19.21  -36.72  7.6610 -334.3
2024 132  1  5  -33.88   11.00  -35.64  -749.8    44.4   -34.6  26.26   183518 29.69   866  -345  0  0  0.2387  28.76  -30.04   17.86  -35.82  7.5296 -342.7
2024 132  1 10  -28.39    9.56  -39.07  -745.7    58.1   -39.9  28.43   275597 31.94   647  -360  0  0  0.2352  30.90  -30.27   16.57  -35.58  7.4503 -347.7
2024 132  1 15  -22.47   -6.15  -39.00  -739.8    63.6   -52.6  29.46   320044 32.68   916  -357  0  0  0.2454  31.62  -29.56   14.07  -34.86  7.3554 -356.1
2024 132  1 20  -23.10  -17.37  -38.75  -732.2    46.7   -82.8  21.58   290898 23.54   933  -360  0  0  0.2900  22.79  -29.07    9.46  -34.55  7.2727 -363.3
2024 132  1 25  -18.82  -14.38  -35.98  -733.0    49.6    -8.9  29.36   312982 31.84   879  -388  0  0  0.1942  30.70  -27.38    5.30  -34.45  7.2195 -370.5
2024 132  1 30  -20.39  -25.43  -26.85  -729.2    61.6   -21.3  32.97   266935 35.37  1057  -383  0  0  0.2007  34.23  -25.42   -2.02  -34.54  7.1569 -378.2
2024 132  1 35  -21.40  -33.31  -17.54  -732.0    37.0     4.7  29.13   276209 31.32  1092  -397  0  0  0.1790  30.31  -24.06  -10.87  -33.26  7.0063 -389.1
2024 132  1 40  -19.86  -22.01  -12.55  -722.2    29.6    38.6  33.89   397458 35.66   909  -413  0  0  0.1369  34.39  -22.06  -15.58  -29.96  6.4890 -401.2
2024 132  1 45   -9.94    6.76  -16.97  -759.8    -5.0    44.5  42.76   528660 49.48   881  -417  0  0  0.1475  47.98  -19.43  -15.98  -26.81  6.0208 -408.8
2024 132  1 50    7.51   16.94  -29.44  -726.2    23.3    38.3  44.17   372152 46.77   964  -419  0  0  0.1361  45.29  -15.14  -12.69  -25.44  5.8031 -416.6
2024 132  1 55    7.23   16.24  -29.87  -749.2    11.0    27.3  37.66   182414 42.34   940  -431  0  0  0.1554  41.01  -10.81   -7.88  -24.17  5.6461 -423.1
2024 132  2  0    5.97   15.71  -30.86  -747.5     9.3    26.1  38.08   180808 42.60   835  -432  0 -1  0.1553  41.27   -7.27   -3.59  -23.44  5.5661 -434.5
2024 132  2  5    5.87   15.32  -31.04  -745.8     7.6    24.8  38.49   179202 42.87   876  -431  0 -1  0.1555  41.52   -3.52    2.24  -24.04  5.6601 -444.4
2024 132  2 10    4.13   13.84  -30.01  -744.1     5.9    23.6  38.91   177596 43.13  1063  -489  0  0  0.1556  41.78    0.13    8.97  -25.82  5.8903 -452.4
2024 132  2 15   -1.10    8.04  -27.23  -737.5     7.6    20.1  40.78   353682 44.39  1134  -497  0  0  0.1568  43.00    2.81   13.26  -27.92  6.2087 -457.3
2024 132  2 20   -3.68    4.61  -31.74  -734.6    -9.9    -5.4  38.72   220494 41.80  1082  -485  0  0  0.1956  40.48    3.70   12.96  -30.03  6.5018 -457.1
2024 132  2 25   -0.24   11.58  -31.25  -734.6    -9.9    -5.4  38.72   220494 41.80  1003  -468  0  0  0.1936  40.48    2.60   12.19  -30.29  6.5455 -455.5
2024 132  2 30    2.62   15.01  -30.11  -729.6    22.5    17.8  33.88   324085 36.12   993  -439  0  0  0.1463  34.99    1.94   12.02  -30.32  6.5178 -446.6
2024 132  2 35   -0.24    7.42  -32.32  -729.6    22.5    17.8  33.88   324085 36.12  1096  -428  0  0  0.1445  34.99    1.05   10.83  -30.53  6.5155 -431.6
2024 132  2 40    2.59    5.92  -26.89  -720.7     7.9     1.6  41.50   198801 43.10  1157  -422  0  0  0.1705  41.76    0.58    9.49  -29.94  6.3871 -415.2
2024 132  2 45    2.40    1.69  -28.06  -731.5    -3.9     9.3  40.37   218363 43.22  1160  -386  0  0  0.1645  41.85    0.34    7.75  -29.66  6.3237 -404.3
2024 132  2 50  -13.00  -11.36  -14.74  -761.8   -16.6     9.6  31.26   177695 36.04  1006  -369  0  0  0.1685  35.16   -1.36    4.98  -27.87  6.0631 -398.5
2024 132  2 55  -12.30   -8.65  -19.99  -760.5   -10.5     6.0  36.00   171047 41.47   759  -386  0  0  0.1686  40.34   -2.60    3.09  -26.19  5.8450 -391.7
2024 132  3  0  -13.62  -10.64  -19.87  -754.0   -17.1    -9.4  34.44   165589 39.12   711  -392  0  0  0.1891  37.95   -4.51   -0.09  -24.57  5.6258 -380.2
2024 132  3  5  -10.09   -5.24  -27.28  -753.8   -18.1   -11.0  23.77   181455 27.02   980  -390  0  0  0.1901  26.18   -6.32   -2.98  -24.16  5.6007 -375.7
2024 132  3 10  -15.34  -12.53  -27.24  -728.9    -8.1   -25.9  15.96   210691 17.04  1045  -375  0  0  0.2042  16.45   -8.48   -5.83  -23.44  5.4959 -384.2
2024 132  3 15  -21.53   -9.37  -21.75  -757.1    -4.3   -27.9  18.57   151339 22.07   722  -383  0  0  0.2023  20.65  -11.93   -8.01  -22.70  5.4361 -385.6
2024 132  3 20  -22.93   -2.84  -17.49  -790.7    14.7   -10.5  33.53    84670 41.95   606  -426  0  0  0.1710  40.63  -15.54   -8.66  -21.19  5.2712 -377.7
2024 132  3 25  -18.47   -7.30  -23.30  -757.6    18.5    -6.5  23.71   150521 29.01   507  -416  0  0  0.1635  26.38  -16.33   -8.08  -22.42  5.4754 -371.9
2024 132  3 30  -14.95  -21.13  -30.43  -702.5    -1.4   -55.5   5.86   202250  5.81   492  -394  0  0  0.2375   5.64  -16.70   -9.86  -23.91  5.6235 -370.1
2024 132  3 35  -18.51  -22.36  -26.95  -703.1    -5.3   -61.2   7.00   215752  6.99   669  -388  0  0  0.2458   6.75  -17.40  -11.54  -24.92  5.7190 -365.8
2024 132  3 40  -17.86  -21.35  -28.48  -708.4   -11.7   -59.1   7.08   182606  7.16   720  -384  0  0  0.2443   6.93  -18.51  -13.84  -25.09  5.6831 -351.7
2024 132  3 45  -16.28  -23.26  -27.88  -713.2   -11.7   -58.7   7.00   181735  7.17   802  -382  0  0  0.2423   6.95  -18.65  -15.37  -25.18  5.6832 -342.2
2024 132  3 50  -14.15  -21.81  -30.81  -698.4     8.7   -53.7   6.00   154652  5.90   666  -385  0  0  0.2276   5.70  -17.59  -17.15  -26.48  5.7940 -341.9
2024 132  3 55  -13.95  -21.98  -30.96  -693.5     6.8   -48.6   6.35   194824  6.14   682  -389  0  0  0.2213   5.95  -16.31  -19.88  -28.40  5.9638 -342.5
2024 132  4  0  -15.20  -22.64  -29.67  -691.5    -4.3   -39.3   6.28   154086  6.03   718  -391  0  0  0.2129   5.84  -15.84  -22.08  -29.31  6.0035 -343.5
2024 132  4  5  -17.94  -25.12  -24.75  -704.3   -31.5   -19.5   8.47   182064  8.47   541  -388  0  0  0.1956   8.16  -16.27  -22.65  -28.50  5.9004 -344.8
2024 132  4 10  -19.51  -27.85  -20.80  -705.6   -24.6   -10.4   8.32   205954  8.31   587  -388  0  0  0.1797   8.04  -16.41  -23.43  -27.62  5.7926 -346.6
2024 132  4 15  -19.48  -29.07  -18.70  -700.8   -25.3    -6.3   7.22   204985  7.10   646  -392  0  0  0.1739   6.88  -16.64  -24.53  -26.22  5.6066 -352.2
2024 132  4 20  -19.09  -30.35  -15.41  -696.8   -32.9    -3.6   8.61   211662  8.44   671  -391  0  0  0.1728   8.12  -17.05  -25.55  -24.44  5.3609 -355.2
2024 132  4 25  -17.69  -33.69   -1.65  -707.1   -46.0    33.3  17.99   209417 18.13   620  -403  0  0  0.1269  17.54  -17.55  -27.24  -20.28  4.8778 -361.9
2024 132  4 30  -19.24  -34.48   -1.02  -704.1   -46.0    26.1  12.50   214247 12.46   769  -396  0  0  0.1360  12.07  -18.31  -29.03  -16.00  4.3944 -366.2
2024 132  4 35  -19.58  -32.92   -2.06  -707.2   -53.0    53.7  13.84   191782 13.95   864  -425  0  0  0.1008  13.56  -18.93  -30.50  -12.06  3.9473 -372.2
2024 132  4 40  -15.73  -29.70   12.35  -702.1   -38.3    49.4  24.29   191878 24.14   906  -388  0  0  0.1004  23.38  -18.62  -31.15   -6.76  3.3589 -378.3
2024 132  4 45  -16.68  -30.54    9.64  -697.7   -26.2    55.6  25.79   180206 25.33  1277  -399  0  0  0.0868  24.51  -18.21  -31.54   -2.41  2.8703 -377.6
2024 132  4 50  -17.64  -32.89    7.08  -700.1   -34.4    53.3  19.78   201578 19.46  1362  -412  0  0  0.0929  18.93  -17.95  -32.08    1.28  2.4728 -377.8
2024 132  4 55  -17.20  -33.95    9.19  -707.5   -31.3    42.1  13.08   228528 13.17  1179  -408  0  0  0.1076  12.75  -17.68  -32.60    4.79  2.1244 -372.3
2024 132  5  0  -16.72  -34.46    7.71  -703.7   -22.8    43.9  14.00   207331 13.94  1365  -394  0  0  0.1018  13.50  -17.54  -32.71    6.13  2.0021 -372.0
2024 132  5  5  -18.67  -33.63    5.51  -695.5   -23.2    45.7  15.01   187759 14.61  1725  -383  0  0  0.0990  14.14  -17.46  -32.58    7.06  1.9015 -366.7
2024 132  5 10  -17.16  -31.95    6.43  -700.3   -39.0    56.2  34.80   156292 34.53  1242  -370  0  0  0.0904  33.37  -17.11  -32.45    8.27  1.7709 -362.0
2024 132  5 15  -15.13  -33.60   10.15  -702.6   -37.7    49.9  30.84   169563 30.70  1023  -351  0  0  0.0990  29.72  -17.03  -33.00    7.96  1.8243 -358.4
2024 132  5 20  -17.41  -33.70    5.00  -693.5   -37.4    58.5  25.59   183997 24.88   705  -368  0  0  0.0864  24.08  -17.13  -33.45    7.30  1.9013 -355.2
2024 132  5 25  -18.04  -34.41    2.37  -703.4   -43.0    58.0  23.83   202989 23.86   587  -361  0  0  0.0902  23.08  -17.19  -33.67    6.62  1.9756 -351.4
2024 132  5 30  -16.90  -35.96   -2.26  -695.3   -42.5    68.7  23.88   209588 23.43   589  -352  0  0  0.0747  22.66  -17.15  -33.96    4.99  2.1347 -345.8
2024 132  5 35  -15.92  -34.79  -11.89  -683.5    -9.0    62.5  22.51   201773 21.21   572  -342  0  0  0.0715  20.54  -17.03  -34.01    2.19  2.4108 -343.7
2024 132  5 40  -20.23  -33.25   -8.18  -686.0   -26.3    56.9  20.83   243232 19.77   656  -351  0  0  0.0859  19.15  -17.26  -33.95    0.23  2.6031 -336.8
2024 132  5 45  -19.33  -29.11   -0.90  -696.4   -37.4    47.0  33.06   263656 32.50   693  -333  0  0  0.1049  31.29  -17.57  -33.55   -0.82  2.6796 -330.2
2024 132  5 50  -22.75  -22.96    9.41  -702.6   -45.7    48.0  32.63   322691 32.50   759  -305  0  0  0.1071  31.48  -18.65  -32.03   -0.92  2.5981 -326.5
2024 132  5 55  -28.65  -25.66    8.07  -709.3   -42.9    33.8  28.34   243287 28.69   832  -304  0  0  0.1270  27.78  -20.26  -30.88   -0.48  2.5011 -325.2
2024 132  6  0  -26.08  -24.65   -3.78  -704.7   -53.2    24.7  31.27   259014 31.23   893  -312  0  0  0.1431  30.29  -21.41  -29.48   -1.36  2.5246 -322.9
2024 132  6  5  -20.37  -12.32  -10.68  -681.3   -28.3    22.0  37.92   358132 35.32   816  -311  0  0  0.1398  34.19  -21.90  -26.11   -2.56  2.5368 -318.4
2024 132  6 10  -17.28   -1.83  -30.87  -674.7    -6.0    30.6  40.52   535120 37.03   673  -307  0  0  0.1214  35.81  -22.10  -21.40   -5.28  2.8188 -318.3
2024 132  6 15  -11.25    2.80  -35.77  -686.3    -1.1    36.1  37.10   467767 35.04   568  -296  0  0  0.1141  33.94  -20.82  -16.25   -9.22  3.2770 -319.2
2024 132  6 20  -19.70    4.30  -27.79  -682.6   -10.7    42.8  38.51   466424 36.03   702  -299  0  0  0.1083  34.90  -20.87  -11.47  -13.06  3.7212 -321.3
2024 132  6 25  -25.20   -3.63  -20.10  -662.2     5.6    13.9  39.66   722112 34.81   765  -302  0  0  0.1457  33.70  -21.22   -8.71  -17.27  4.1720 -321.8
2024 132  6 30  -21.57    1.38  -32.76  -678.0    -0.2    37.0  42.95   524750 39.70   581  -317  0  0  0.1159  38.36  -20.21   -4.85  -23.11  4.8456 -320.0
2024 132  6 35  -21.70    6.50  -38.94  -676.3     6.9    31.6  38.18   541539 35.01   554  -315  0  0  0.1231  33.90  -19.58   -0.40  -28.13  5.4563 -317.8
2024 132  6 40  -17.96   11.67  -37.99  -686.3   -10.1    33.2  29.79   225194 28.14   553  -306  0  0  0.1277  27.25  -19.24    3.03  -32.03  6.0079 -316.5
2024 132  6 45  -16.94   14.10  -38.50  -689.7   -15.9    33.4  29.48   233346 28.12   737  -289  0 -1  0.1307  27.24  -19.19    5.30  -33.12  6.1692 -320.9
2024 132  6 50  -15.44   17.54  -37.55  -693.1   -21.7    33.5  29.17   241499 28.11  1389  -301  0  0  0.1339  27.23  -19.79    7.41  -33.38  6.2133 -327.5
2024 132  6 55  -13.54   18.98  -35.04  -692.7   -23.0    43.0  32.39   221176 31.22  2138  -340  0  0  0.1223  30.25  -18.91    9.51  -34.41  6.3657 -334.0
2024 132  7  0  -13.17   21.04  -31.41  -691.2   -30.9    32.1  36.43   264901 34.97  1226  -372  0  0  0.1413  33.85  -17.19   13.03  -36.03  6.6302 -342.9
2024 132  7  5  -13.53   20.75  -29.68  -683.9   -19.0    30.0  39.00   277244 36.57  1191  -362  0  0  0.1428  35.43  -16.04   15.80  -35.59  6.5880 -354.9
2024 132  7 10   -8.38   24.49  -28.32  -688.2   -23.6    32.4  39.05   273822 37.11  1332  -360  0  0  0.1426  35.95  -14.14   18.37  -34.07  6.4286 -367.4
2024 132  7 15   -7.24   29.29  -24.43  -689.3   -33.4    28.1  38.43   278177 36.67  1559  -367  0  0  0.1529  35.51  -12.61   20.88  -32.13  6.2065 -375.3
2024 132  7 20   -4.80   32.04  -19.35  -690.8   -46.4    24.2  40.11   280271 38.52  1664  -380  0  0  0.1634  37.29  -10.87   23.45  -29.40  5.8875 -377.2
2024 132  7 25   -1.64   35.34  -11.14  -693.8   -51.3    12.6  40.90   237958 39.61  1630  -388  0  0  0.1829  38.36   -8.90   25.99  -25.62  5.4517 -381.2
2024 132  7 30   -1.76   35.32  -15.18  -694.7   -56.1     9.4  40.23   232146 39.10  1645  -381  0  0  0.1904  37.86   -7.22   28.32  -22.79  5.1289 -385.2
2024 132  7 35    2.02   37.65    0.14  -698.3   -58.8     0.3  31.25   244239 30.65  1420  -400  0  0  0.2059  29.73   -5.05   30.70  -18.28  4.6466 -386.4
2024 132  7 40    2.77   34.10    5.35  -707.5   -46.5    -0.0  27.67   308345 27.79  1723  -403  0  0  0.2058  26.94   -2.72   32.60  -13.28  4.1176 -388.4
2024 132  7 45   -2.01   31.61    8.61  -704.0   -12.2    -1.1  38.53   191289 38.21  1721  -374  0  0  0.2027  37.00   -1.81   33.62   -8.00  3.5415 -386.5
2024 132  7 50   -3.14   31.02   13.19  -703.3     9.3    17.3  35.87   205380 35.50  1536  -399  0  0  0.1747  34.39   -1.22   33.87   -2.63  2.9752 -387.3
2024 132  7 55    1.27   20.13   -7.91  -698.4   -18.3    -3.9  32.78   412361 31.97  1535  -384  0  0  0.2127  30.99   -0.36   32.17   -0.99  2.7125 -386.1
2024 132  8  0   11.42   -8.41  -15.77  -707.8    23.6   -27.7  25.07   393048 25.24  1632  -407  0  0  0.2397  24.39    1.51   25.92   -1.65  2.7335 -386.1
2024 132  8  5    3.87   -3.50   -7.62  -719.3     9.0   -40.2  24.40   885532 25.38  1332  -399  0  0  0.2620  24.53    2.31   20.37   -0.57  2.4721 -385.4
2024 132  8 10   -1.50   16.31  -16.67  -704.4    26.2   -38.5  24.89   585800 24.82  1064  -408  0  0  0.2598  24.03    1.81   17.32   -2.97  2.6780 -378.0
2024 132  8 15   -3.96   22.03  -12.40  -712.0    21.4   -45.8  29.72   591683 30.32   887  -379  0  0  0.2732  29.33    0.85   15.60   -5.51  2.9071 -374.0
2024 132  8 20    4.06   30.12   -8.12  -727.1   -24.3   -37.3  31.73   383985 33.78  1079  -346  0  0  0.2717  32.61    1.72   15.39   -7.90  3.1658 -364.8
2024 132  8 25   -5.72   26.69  -24.41  -714.7   -22.5   -28.7  30.24   174068 30.97  1107  -356  0  0  0.2631  30.00    1.35   14.77  -13.27  3.7635 -359.8
2024 132  8 30   -7.78   23.77  -31.18  -709.8     8.7   -30.9  15.38   133237 15.66   910  -355  0  0  0.2636  15.04    0.06   15.29  -16.60  4.2570 -352.6
2024 132  8 35  -10.53   26.28  -31.61  -728.3    27.0   -25.6   7.42   104220  7.89   794  -397  0  0  0.2548   7.64   -3.08   20.24  -18.86  4.6373 -347.3
2024 132  8 40  -10.66   24.30  -32.63  -723.5    22.5   -51.5   9.62   105793 10.14   702  -383  0  0  0.2942   9.81   -5.16   24.21  -22.43  5.2406 -345.7
2024 132  8 45   -7.80   21.96  -34.84  -713.5    20.5   -41.5   9.20   118469  9.40   555  -378  0  0  0.2847   9.11   -6.06   25.02  -25.03  5.6231 -342.8
2024 132  8 50   -9.71   20.22  -34.68  -704.6    25.8   -45.5  10.59   149025 10.57  1124  -375  0  0  0.2930  10.24   -6.88   24.76  -28.21  6.0538 -342.0
2024 132  8 55   -1.61   21.55  -35.05  -697.6    25.1   -45.8  11.24   161779 11.00  3077  -370  0  0  0.2972  10.65   -7.69   23.54  -32.06  6.5101 -335.6
2024 132  9  0   -4.13   18.60  -36.43  -701.1    32.6   -35.0  11.75   151947 11.66  3429  -358  0  0  0.2834  11.24   -7.46   22.38  -33.77  6.7079 -327.9
2024 132  9  5   -4.60   17.83  -36.88  -675.2     0.9   -31.8   6.65   220944  6.07  1795  -354  0  0  0.2894   5.89   -7.01   21.53  -34.59  6.7431 -323.4
2024 132  9 10   -2.88   16.22  -37.64  -677.1    -0.5   -23.9   5.91   156385  5.43  1045  -339  0  0  0.2811   5.25   -5.91   20.10  -35.45  6.7490 -314.8
2024 132  9 15   -2.69   13.09  -37.04  -680.2    -1.2   -15.8  16.87   132334 15.97  1076  -330  0  0  0.2724  15.13   -4.77   18.50  -36.08  6.7388 -310.2
2024 132  9 20   -6.56   13.33  -37.83  -673.1     2.1   -20.2   4.97   161325  4.51  1325  -329  0  0  0.2817   4.37   -4.60   17.26  -36.51  6.7095 -310.5
2024 132  9 25   -7.49   13.18  -38.10  -684.2   -20.7   -23.2  13.04   106660 12.43  1390  -332  0  0  0.2924  11.85   -4.28   16.26  -37.00  6.7235 -309.2
2024 132  9 30   -6.59    8.53  -34.60  -700.5    -1.1   -12.9  24.42   130525 24.00  1133  -337  0  0  0.2772  23.22   -4.99   14.40  -36.93  6.7113 -307.2
2024 132  9 35    1.47    7.51  -29.48  -697.2     2.9   -34.0  28.06   135417 27.46  1779  -300  0  0  0.3100  26.48   -4.19   12.81  -35.94  6.5701 -299.5
2024 132  9 40   -5.08    4.84  -31.88  -698.9     5.9   -31.3  41.31   141125 40.66  3171  -259  0  0  0.3089  39.17   -4.26   10.96  -35.22  6.5217 -297.9
2024 132  9 45   -5.83    3.89  -31.37  -697.2     3.8   -19.2  21.72   133689 21.14  2584  -262  0  0  0.2954  20.47   -4.68    9.20  -34.33  6.4448 -294.4
2024 132  9 50   -5.11    2.34  -33.22  -699.2     8.2   -17.3  22.77   112563 22.27  2596  -276  0  0  0.2953  21.58   -5.03    7.66  -33.78  6.4116 -291.2
2024 132  9 55   -6.90    7.07  -23.55  -697.0     8.0   -17.7  22.43   156336 21.82  2151  -287  0 -1  0.2993  21.12   -5.08    6.77  -31.74  6.1867 -293.2
2024 132 10  0   -7.09    7.31  -23.58  -694.7     7.8   -18.0  22.09   200109 21.37  1904  -317  0 -1  0.3033  20.67   -5.02    5.93  -29.67  5.9349 -300.3
2024 132 10  5   -6.94    3.43  -24.33  -692.5     7.5   -18.4  21.76   243882 20.92  1584  -326  0 -1  0.3074  20.23   -5.07    5.20  -28.20  5.7264 -311.0
2024 132 10 10   -6.57    3.88  -23.77  -690.2     7.3   -18.7  21.42   287654 20.47  1631  -341  0 -1  0.3114  19.78   -6.22    4.68  -27.39  5.6030 -317.6
2024 132 10 15   -6.19    4.91  -23.86  -688.0     7.1   -19.1  21.08   331427 20.02  1527  -345  0 -1  0.3155  19.34   -6.38    4.69  -26.24  5.4304 -320.2
2024 132 10 20   -7.36    7.49  -21.77  -685.8     6.9   -19.4  20.75   375200 19.57  1523  -330  0 -1  0.3195  18.92   -6.59    5.20  -24.87  5.2257 -323.4
2024 132 10 25   -5.22    4.42  -22.79  -683.5     6.6   -19.8  20.41   418973 19.12  1449  -311  0 -1  0.3237  18.49   -6.61    5.50  -23.38  5.0005 -325.9
2024 132 10 30    2.99    0.01  -15.29  -681.3     6.4   -20.1  20.07   462746 18.67  1525  -346  0  0  0.3277  18.06   -5.20    4.49  -22.20  4.8020 -330.1
2024 132 10 35    4.98    5.06   -9.77  -673.3    -3.2   -29.3  32.71   274564 29.73  1462  -331  0  0  0.3465  28.78   -3.47    4.17  -20.23  4.4644 -329.8
2024 132 10 40    6.72    0.24  -14.13  -711.2     4.7   -42.3  44.32   162506 45.18  1428  -337  0  0  0.3647  43.58   -1.52    3.72  -18.77  4.2598 -334.5
2024 132 10 45    1.77    3.42  -15.31  -701.0    19.6    -3.4  20.18   357400 19.76  1401  -343  0  0  0.3118  19.22   -0.33    3.65  -17.56  4.0881 -339.2
2024 132 10 50    3.15    6.90  -10.57  -733.5    -8.8   -26.2  25.08   352223 27.26  1283  -353  0  0  0.3499  26.17    1.00    3.93  -15.66  3.8253 -335.6
2024 132 10 55   -0.18   10.40   -2.81  -707.9    -8.9    -8.1  20.25   350863 20.35  1358  -344  0  0  0.3293  19.66    2.03    4.35  -12.95  3.3876 -333.0
2024 132 11  0   -0.08    6.52   -0.42  -718.3   -19.8   -25.4  18.65   534363 19.50  1137  -318  0  0  0.3580  18.68    2.76    4.65   -9.76  2.8331 -326.8
2024 132 11  5   -2.97    3.56   -2.27  -727.8   -22.8   -37.0  17.48   556348 18.61  1157  -330  0  0  0.3772  18.00    1.91    5.16   -7.90  2.4766 -325.5
2024 132 11 10   -2.98    4.66   -7.88  -744.6   -36.9   -47.8  18.69   386667 20.94   968  -324  0  0  0.3954  20.20    0.78    5.10   -7.63  2.4738 -321.1
2024 132 11 15    2.14    0.36   -5.35  -770.2   -23.7   -46.9  20.46   474808 24.62   743  -326  0  0  0.3941  23.62    0.12    5.12   -6.37  2.2509 -316.7
2024 132 11 20   13.25    4.48    6.45  -811.4   -67.8   -63.5  20.25   263605 27.02   642  -320  0  0  0.4187  26.16    1.76    5.27   -3.26  1.7177 -312.0
2024 132 11 25    8.80   -0.66    5.73  -806.1   -54.0   -48.1  21.16   177800 27.63   758  -299  0  0  0.4027  26.85    2.57    4.19   -0.94  1.2597 -305.6
2024 132 11 30  -15.26   -3.17   -8.36  -799.4   -38.2   -40.1  18.09   104390 23.36   933  -276  0  0  0.3953  22.50    0.41    2.25   -1.73  1.4596 -296.2
2024 132 11 35  -17.90   -1.97  -10.75  -803.0   -57.3   -50.1  17.30    85486 22.54   791  -275  0  0  0.4127  21.80   -2.13    1.04   -3.20  1.8421 -285.4
2024 132 11 40  -17.38    1.27  -15.39  -806.1   -62.3   -46.0  11.30   104061 14.83   957  -265  0  0  0.4113  14.35   -4.19    0.71   -5.08  2.3350 -276.8
2024 132 11 45  -17.48    1.18  -15.44  -807.0   -68.2   -47.1  11.75   101321 15.47  1370  -261  0  0  0.4166  14.98   -6.26    0.21   -6.16  2.6187 -271.8
2024 132 11 50   -6.86    9.22  -16.59  -798.7   -49.8   -59.5  13.81   131506 17.79  1250  -271  0  0  0.4345  17.23   -7.55    1.48   -7.76  3.0030 -271.0
2024 132 11 55    0.72   17.03  -17.13  -801.3   -55.1   -58.9  15.32   143953 19.90  1272  -274  0  0  0.4374  19.25   -9.34    3.27  -11.13  3.7094 -270.4
2024 132 12  0    2.13   17.30  -16.65  -806.7   -52.3   -58.4  14.27   119319 18.75  1192  -278  0  0  0.4395  18.16  -10.29    5.84  -14.33  4.4273 -273.7
2024 132 12  5    1.17   16.33  -19.03  -801.9   -49.8   -53.7  13.22   113653 17.14  1470  -280  0  0  0.4373  16.60   -7.94    8.62  -15.85  4.7605 -277.0
2024 132 12 10    2.22   16.65  -18.04  -803.2   -58.0   -58.2  11.36   159026 14.78  1659  -290  0  0  0.4469  14.34   -5.07   11.28  -16.90  4.9879 -277.8
2024 132 12 15   -0.62   15.43  -18.83  -836.0   -76.7   -62.3  10.44    84382 14.80  1310  -287  0  0  0.4537  14.33   -2.67   13.31  -17.39  5.1324 -277.6
2024 132 12 20  -11.25   13.06  -20.75  -817.6   -72.0   -55.8  10.87    95417 14.70  1351  -283  0  0  0.4506  14.25   -1.78   15.00  -18.15  5.2969 -278.1
2024 132 12 25  -12.45   12.44  -20.45  -817.1   -73.4   -52.9  10.36    93394 14.00  1451  -284  0  0  0.4506  13.56   -2.58   15.46  -18.70  5.4267 -279.3
2024 132 12 30  -12.68   11.67  -20.16  -814.4   -64.2   -51.4  10.84   147702 14.52  1253  -290  0  0  0.4516  14.07   -4.50   14.70  -19.13  5.5138 -278.1
2024 132 12 35  -14.31   10.11  -20.18  -804.3   -59.5   -51.5  10.72   124088 14.01  1159  -296  0  0  0.4555  13.56   -6.85   13.67  -19.63  5.5923 -277.3
2024 132 12 40  -13.45   10.83  -21.37  -811.2   -65.0   -49.4   7.94   119214 10.56  2320  -290  0  0  0.4561  10.22   -8.93   12.88  -19.97  5.6586 -277.1
2024 132 12 45  -14.51   10.58  -21.04  -809.3   -66.0   -53.0   9.52    92622 12.61  2261  -286  0  0  0.4640  12.21  -11.32   12.02  -20.40  5.7364 -276.8
2024 132 12 50  -16.66    7.05  -21.34  -806.4   -67.7   -47.8   8.87    95014 11.66  1987  -288  0  0  0.4613  11.29  -13.62   10.82  -20.76  5.7551 -275.1
2024 132 12 55  -16.13    6.93  -21.88  -804.5   -88.2   -33.6   7.69    84377 10.09  1864  -291  0  0  0.4490   9.77  -14.31    9.94  -20.92  5.7630 -274.0
2024 132 13  0  -14.61    9.11  -22.55  -804.0   -74.4   -43.0   7.32   104113  9.58  1804  -289  0  0  0.4626   9.27  -14.62    9.47  -21.22  5.7963 -274.7
2024 132 13  5  -14.80    6.24  -23.51  -801.8   -68.9   -40.3   9.24    90945 12.00  1741  -292  0  0  0.4621  11.62  -14.92    8.69  -21.70  5.8619 -276.4
2024 132 13 10  -15.15    6.47  -22.95  -803.6   -87.2   -39.8   7.21    78372  9.46  1398  -298  0  0  0.4662   9.15  -15.04    8.17  -22.09  5.9319 -278.7
2024 132 13 15  -14.79    7.75  -22.26  -798.8   -79.7   -38.2   8.80    83676 11.37  1695  -302  0  0  0.4670  11.01  -15.24    7.73  -22.22  5.9364 -281.8
2024 132 13 20  -15.33    4.36  -21.72  -790.5   -82.6   -44.8   9.75    79077 12.34  2143  -303  0  0  0.4792  11.97  -15.35    6.84  -22.32  5.9272 -285.8
2024 132 13 25  -12.68    7.54  -23.28  -788.3   -76.4   -32.2  11.83    65040 14.86  2206  -304  0  0  0.4659  14.40  -14.78    6.91  -22.59  5.9501 -288.4
2024 132 13 30  -11.91    9.86  -22.38  -791.6   -80.0   -40.1  11.95    75496 15.18  2416  -306  0  0  0.4790  14.69  -14.18    7.33  -22.66  5.9452 -290.9
2024 132 13 35  -12.18   11.13  -21.26  -787.2   -83.8   -43.0  11.35    66469 14.26  2342  -306  0  0  0.4863  13.82  -13.83    7.62  -22.48  5.8915 -292.9
2024 132 13 40  -11.38   12.53  -20.53  -782.5   -84.4   -51.5  11.47    68225 14.28  1963  -306  0  0  0.5004  13.82  -13.35    8.52  -22.05  5.7955 -293.5
2024 132 13 45   -9.50   13.00  -20.72  -791.9   -77.3   -46.0  12.12    59874 15.40  2016  -308  0  0  0.4947  14.91  -12.54    9.45  -21.74  5.7259 -293.1
2024 132 13 50   -9.11   12.55  -20.70  -786.6   -62.8   -48.2  10.12    57136 12.69  1818  -307  0  0  0.4989  12.25  -11.73   10.14  -21.51  5.6722 -292.2
2024 132 13 55   -7.63   14.69  -18.55  -782.8   -50.6   -48.9  10.00    76755 12.44  2051  -306  0  0  0.5012  11.97  -10.63   11.61  -21.06  5.5868 -291.2
2024 132 14  0   -7.35   12.89  -19.96  -781.8   -67.0   -51.1   9.78    82038 12.12  2008  -306  0  0  0.5090  11.71   -9.87   12.38  -20.59  5.4996 -290.5
2024 132 14  5  -10.29    9.66  -19.16  -756.9   -17.1   -36.8   8.31    71000  9.56  1512  -310  0  0  0.4872   9.25   -9.63   12.35  -20.13  5.3724 -290.3
2024 132 14 10   -7.98   12.44  -18.16  -769.6   -41.5   -56.2   7.30    80023  8.71  1542  -314  0  0  0.5179   8.44   -9.03   12.54  -19.68  5.2725 -289.6
2024 132 14 15   -7.65   13.74  -17.63  -769.6   -35.0   -39.9   9.81    85406 11.68  1173  -314  0  0  0.4984  11.31   -8.50   12.71  -19.27  5.1823 -289.3
2024 132 14 20  -10.08   12.01  -17.40  -767.8   -25.2   -40.1  10.35    86123 12.26  1006  -303  0  0  0.4993  11.86   -8.58   12.57  -18.79  5.0654 -288.7
2024 132 14 25   -9.81   12.93  -16.78  -762.4   -38.9   -55.6  10.71    78670 12.55  1067  -303  0  0  0.5245  12.15   -8.68   12.62  -18.23  4.9377 -287.2
2024 132 14 30   -8.90   13.00  -18.22  -765.3   -27.4   -34.1   9.94    78277 11.68  2021  -303  0  0  0.4966  11.31   -8.87   12.38  -18.19  4.9044 -285.1
2024 132 14 35   -7.43   10.40  -19.95  -766.1   -49.6   -29.4   8.58    76835 10.14  2434  -297  0  0  0.4968   9.81   -8.88   12.03  -18.19  4.8796 -281.3
2024 132 14 40   -6.47   10.06  -20.94  -760.8   -62.0   -27.2   9.98    78966 11.65  2544  -291  0  0  0.4987  11.28   -8.33   12.08  -18.44  4.9279 -278.9
2024 132 14 45  -11.29    6.31  -19.12  -757.9   -59.6   -38.1   9.84    73166 11.39  2019  -286  0  0  0.5147  11.04   -8.80   11.21  -18.58  4.9330 -276.2
2024 132 14 50  -11.48    5.94  -19.41  -765.3   -74.0   -33.1  11.03    78836 13.06  1708  -283  0  0  0.5123  12.65   -9.35   10.09  -18.83  4.9679 -273.4
2024 132 14 55  -11.41    5.95  -19.21  -770.9   -82.3   -24.8  12.72    72605 15.34  1630  -277  0  0  0.5047  14.82   -9.54    9.23  -19.09  5.0152 -272.5
2024 132 15  0  -11.61    4.35  -19.44  -768.9   -80.6   -13.3  12.92    59385 15.45  1439  -274  0  0  0.4919  14.96   -9.80    8.00  -19.47  5.0846 -270.5
2024 132 15  5  -10.46   -0.13  -16.56  -779.9   -58.3     3.3  11.01    54960 13.36  1613  -282  0  0  0.4684  13.04  -10.02    6.13  -19.23  5.0533 -269.0
2024 132 15 10   -7.69   -1.06  -12.32  -812.5   -24.1     7.7   7.25    65017  9.61  1763  -281  0  0  0.4577   9.28  -10.06    4.49  -18.14  4.8916 -267.3
2024 132 15 15   -7.28   -0.23  -11.89  -811.6   -37.2    10.7   6.94    56022  9.18  1620  -281  0  0  0.4585   8.87  -10.17    3.02  -16.85  4.6984 -264.6
2024 132 15 20   -8.68   -2.01  -10.58  -808.2   -24.4    12.4   6.76    56485  8.87  1474  -280  0  0  0.4552   8.56   -9.80    1.83  -15.63  4.5088 -263.4
2024 132 15 25   -8.63   -1.56  -10.95  -802.2   -32.6     3.3   5.18    65975  6.69  1334  -278  0  0  0.4696   6.47   -9.39    0.76  -14.42  4.3089 -262.1
2024 132 15 30   -8.68    0.93  -10.89  -810.0   -16.6     4.6   6.08    74664  7.98  1438  -283  0  0  0.4657   7.73   -9.00    0.04  -13.23  4.1116 -262.6
2024 132 15 35   -8.35   -2.12  -10.83  -810.9   -27.7     1.6   6.85    96897  9.02  1683  -283  0  0  0.4732   8.74   -8.54   -0.88  -12.00  3.9106 -263.8
2024 132 15 40   -8.46   -2.72  -10.37  -814.2    -9.1    -3.9   7.01    77713  9.30  2216  -285  0  0  0.4765   9.00   -8.25   -1.25  -11.12  3.7605 -263.4
2024 132 15 45   -8.56    0.25  -10.77  -797.6   -14.8    17.0   8.19   117181 10.43  1970  -287  0  0  0.4536  10.10   -8.38   -1.07  -10.90  3.6983 -265.1
2024 132 15 50   -8.37    1.99  -11.02  -792.4   -60.8     4.7   4.76    56946  6.01  1595  -285  0  0  0.4809   5.82   -8.53   -0.75  -10.77  3.6541 -265.5
2024 132 15 55   -8.41   -1.06   -9.90  -788.6     3.5     3.4   6.11    57790  7.60  1127  -288  0  0  0.4672   7.36   -8.49   -0.61  -10.68  3.6162 -265.7
2024 132 16  0   -7.24   -1.73  -10.37  -779.8   -43.2    22.9   5.75    61404  7.02  1057  -289  0  0  0.4562   6.80   -8.30   -0.64  -10.59  3.5791 -266.2
2024 132 16  5   -6.71   -2.13  -10.69  -793.5   -33.5    13.0   5.46    70231  6.88  1285  -291  0  0  0.4671   6.67   -8.01   -1.07  -10.56  3.5584 -266.4
2024 132 16 10   -6.47   -1.96  -10.57  -791.1   -22.8    12.6   6.40    57308  8.02   938  -292  0  0  0.4656   7.77   -7.75   -1.05  -10.53  3.5331 -269.0
2024 132 16 15   -7.79   -4.29   -8.08  -790.5   -15.3    13.8   6.30    55060  7.87   976  -295  0  0  0.4626   7.63   -7.65   -1.28  -10.20  3.4380 -269.7
2024 132 16 20   -7.35   -6.63   -6.52  -782.6   -14.1    19.5   7.97    50365  9.77  1564  -294  0  0  0.4557   9.46   -7.48   -2.26   -9.59  3.2898 -269.6
2024 132 16 25   -7.50   -6.79   -5.81  -780.2   -11.5    18.9   6.21    50824  7.56  1495  -293  0  0  0.4561   7.33   -7.35   -3.51   -8.85  3.1127 -269.1
2024 132 16 30   -6.09   -9.29   -5.37  -787.4   -10.6    22.1   4.61    66916  5.72  1491  -293  0  0  0.4524   5.54   -7.02   -4.69   -8.20  2.9771 -268.0
2024 132 16 35   -6.98   -7.66   -5.92  -785.5    -8.6    14.8   4.56    49920  5.62  1269  -291  0  0  0.4611   5.45   -6.98   -5.54   -7.57  2.8419 -265.3
2024 132 16 40   -7.45   -7.43   -5.65  -789.2   -10.4     7.9   3.63    58311  4.52  1060  -295  0  0  0.4704   4.38   -7.09   -6.29   -6.85  2.6772 -261.8
2024 132 16 45   -7.89   -6.95   -6.11  -788.8   -11.7     7.4   2.88    66177  3.59  1096  -289  0  0  0.4716   3.47   -7.29   -7.01   -6.21  2.5319 -258.2
2024 132 16 50   -7.32   -6.81   -7.00  -785.5     1.0    10.7   3.19    55009  3.94  1251  -286  0  0  0.4634   3.81   -7.23   -7.37   -6.05  2.4965 -255.0
2024 132 16 55   -7.17   -7.43   -6.66  -783.5    -3.1     9.4   2.41    51946  2.96  1140  -283  0  0  0.4663   2.87   -7.20   -7.48   -6.07  2.5047 -252.0
2024 132 17  0   -7.05   -7.70   -6.22  -775.8    -7.8    15.0   2.60    52596  3.13  1085  -279  0  0  0.4607   3.03   -7.14   -7.61   -6.13  2.5197 -249.2
2024 132 17  5   -5.91   -8.13   -5.39  -779.9    -6.1     7.3   3.95    45500  4.80   848  -271  0  0  0.4696   4.65   -7.11   -7.44   -6.14  2.5092 -246.9
2024 132 17 10   -4.26   -4.29   -4.26  -795.8   -16.3     3.5   5.78    81198  7.39   815  -265  0  0  0.4775   7.09   -6.72   -6.96   -5.90  2.4389 -245.1
2024 132 17 15   -5.92   -4.13   -4.05  -787.2   -20.8     5.7   4.76   111128  5.93   938  -263  0  0  0.4760   5.72   -6.50   -6.49   -5.67  2.3637 -242.7
2024 132 17 20   -5.84   -1.91   -2.87  -809.5   -21.5    -7.0   5.64   127180  7.44   952  -261  0  0  0.4910   7.16   -6.21   -5.77   -5.21  2.2244 -241.0
2024 132 17 25   -6.79   -1.79   -1.16  -807.6   -13.4    -4.5   5.32   179957  6.94  1242  -250  0  0  0.4848   6.72   -6.13   -5.05   -4.37  1.9641 -239.2
2024 132 17 30   -6.02   -3.22   -0.43  -801.2   -22.9    -8.8   5.46   183347  7.02   930  -252  0  0  0.4927   6.80   -5.97   -4.45   -3.48  1.6978 -235.4
2024 132 17 35   -6.91   -2.70   -0.15  -804.6   -22.3    -7.9   5.56   172796  7.21   850  -250  0  0  0.4908   6.98   -5.95   -3.74   -2.62  1.4291 -232.1
2024 132 17 40   -6.37   -4.57   -0.24  -810.9   -25.6   -13.4   4.93   120200  6.49   844  -239  0  0  0.4976   6.29   -6.02   -3.23   -1.88  1.2213 -228.9
2024 132 17 45   -7.51   -2.71    0.42  -809.9   -15.9    -5.4   4.83   136963  6.34   944  -237  0  0  0.4839   6.14   -6.48   -3.00   -1.21  1.0059 -226.0
2024 132 17 50   -6.35   -4.79    0.42  -815.3   -38.3    -2.3   4.33   108553  5.77   765  -242  0  0  0.4873   5.59   -6.54   -3.10   -0.57  0.8454 -221.5
2024 132 17 55   -4.24   -1.22    1.19  -813.9   -23.6   -16.8   4.04   113486  5.35   540  -233  0  0  0.4982   5.19   -6.31   -3.00    0.01  0.6389 -216.9
2024 132 18  0   -5.89    7.11    2.63  -825.6   -29.7   -14.8   4.07   103998  5.56   548  -223  0  0  0.4966   5.38   -6.18   -1.73    0.55  0.6088 -214.0
2024 132 18  5   -6.23    6.58    3.42  -832.6   -49.6   -12.8   3.70    91955  5.15   655  -222  0  0  0.5001   4.99   -6.21   -0.33    1.10  0.5737 -213.1
2024 132 18 10   -7.11    6.37    2.72  -832.2   -47.2    -5.4   4.20    91990  5.83   615  -220  0  0  0.4897   5.65   -6.24    0.97    1.51  0.5681 -210.1
2024 132 18 15    0.64    7.71    2.14  -846.9   -49.1   -16.5   7.29   115365 10.72   395  -218  0  0  0.5013  10.17   -5.24    2.72    1.85  0.5617 -209.1
2024 132 18 20    2.91    9.64    2.76  -852.6   -37.4   -30.6   9.05   114220 13.42   634  -200  0  0  0.5113  12.78   -3.75    4.49    2.18  0.6334 -209.8
2024 132 18 25    7.50   12.90    1.83  -889.2   -30.8   -44.0  12.98   111376 20.77   854  -190  0  0  0.5199  19.95   -1.77    7.01    2.38  0.7442 -210.3
2024 132 18 30    9.33   15.99    0.89  -909.1   -29.0   -51.0  12.59   151602 20.94   622  -193  0  0  0.5237  20.24    0.16    9.47    2.34  1.0263 -209.9
2024 132 18 35    8.01   14.57    1.42  -912.8   -10.5   -47.2   9.66   131091 16.08   421  -198  0  0  0.5112  15.63    2.15   10.54    2.17  1.1930 -205.5
2024 132 18 40    9.33   13.20    1.14  -916.0   -18.1   -58.9  14.29   200712 23.96   429  -177  0  0  0.5241  23.33    4.37   11.48    1.84  1.3701 -204.6
2024 132 18 45   -2.45   -1.82   -0.92  -869.7    32.7   -61.8   8.95   560561 13.77   544  -178  0  0  0.5080  13.20    5.04   10.31    1.32  1.4123 -202.4
2024 132 18 50   -9.06   -9.64   -3.64  -846.7    75.0   -69.7   7.04   598166 10.25   582  -200  0  0  0.4965   9.92    3.65    7.83    0.50  1.6189 -199.4
2024 132 18 55   -9.42   -7.06   -4.13  -847.0    59.0   -71.3   6.95   571419 10.10   457  -195  0  0  0.5034   9.77    1.89    5.45   -0.49  1.8019 -196.5
2024 132 19  0   -4.34   -4.62   -8.93  -862.2    76.4   -60.5   7.59   694093 11.43   521  -190  0  0  0.4809  11.07    0.20    2.95   -2.02  2.0947 -197.6
2024 132 19  5    0.49   -0.65  -11.17  -891.2    69.4   -49.7   6.83   537203 10.95   503  -187  0  0  0.4697  10.60   -1.06    0.57   -3.75  2.4187 -198.9
2024 132 19 10    7.18    7.96   -0.90  -910.6    28.5   -53.6  10.24   315179 17.04   685  -198  0  0  0.4884  16.52   -1.18   -0.38   -4.08  2.3880 -197.4
2024 132 19 15   10.23    9.42    6.62  -898.4     5.3  -106.6   8.35   449427 13.67  1139  -188  0  0  0.5506  13.24   -1.05   -0.92   -3.30  2.2177 -200.8
2024 132 19 20    7.49    9.17    8.67  -887.2     2.9  -116.8   9.36   342992 14.98  1773  -178  0  0  0.5610  14.52    0.37    0.65   -1.93  2.1489 -205.1
2024 132 19 25    2.56    7.11   10.18  -884.8     1.0  -107.1  11.57   336114 18.39  1244  -202  0  0  0.5498  17.80    2.03    3.05    0.05  1.8488 -211.5
2024 132 19 30    0.82    7.37   10.60  -883.9     4.5  -110.0  11.28   311988 17.88   681  -209  0  0  0.5489  17.34    3.49    5.11    2.15  1.5539 -212.2
2024 132 19 35   -0.11    5.95    9.91  -872.6     9.6  -110.4  10.07   283553 15.60   500  -225  0  0  0.5458  15.09    4.09    6.62    4.84  1.0596 -215.7
2024 132 19 40   -0.79    7.16    8.52  -874.7     7.3  -112.1  10.00   299061 15.56   546  -206  0  0  0.5458  15.06    3.91    7.73    7.66  0.4757 -218.4
2024 132 19 45    1.80    2.43   10.33  -863.3    14.5  -114.2   8.47   277371 12.85   302  -216  0  0  0.5434  12.44    3.14    6.94    9.26  0.2454 -217.8
2024 132 19 50    1.56    2.31   10.07  -874.7    21.4   -73.4   4.54   393264  7.02   344  -218  0  0  0.4939   6.78    1.90    5.93    9.75  0.1662 -215.4
2024 132 19 55    1.24   -0.61    5.84  -880.4    34.3   -72.2   5.47   440445  8.61   185  -219  0 -1  0.4835   8.28    1.01    4.53    9.35  0.1100 -216.3
2024 132 20  0    1.54   -1.94   -3.35  -886.0    47.3   -71.0   6.41   487625 10.21   201  -208  0 -1  0.4730   9.84    0.87    3.24    7.42  0.3591 -217.6
2024 132 20  5    1.03    3.01   -2.61  -891.7    60.2   -69.8   7.34   534806 11.80   256  -240  0  0  0.4624  11.43    0.90    2.62    5.53  0.5741 -213.4
2024 132 20 10    1.00    1.20    3.41  -884.9    41.9   -84.0   7.07   445526 11.23   341  -225  0 -1  0.4830  10.84    1.05    1.94    4.60  0.5584 -210.4
2024 132 20 15   -0.00    1.57    2.24  -878.1    23.5   -98.3   6.81   356245 10.65   551  -190  0  0  0.5039  10.31    1.17    1.14    3.70  0.5335 -206.4
2024 132 20 20    4.44   -1.29   -8.47  -906.6    93.7   -37.5   5.11   474808  8.47   361  -191  0  0  0.4049   8.24    1.54    0.61    1.02  1.0595 -203.3
2024 132 20 25    4.19    4.15   -4.95  -909.0    46.6   -13.8   6.25   323161 10.34   653  -184  0  0  0.4002  10.03    1.92    0.87   -1.13  1.4293 -196.2
2024 132 20 30    5.47    1.99   -5.09  -918.4     5.6   -41.7   8.29   259639 14.02   784  -176  0  0  0.4433  13.57    2.52    1.24   -2.69  1.8077 -191.5
2024 132 20 35    6.17    2.62   -4.31  -909.0    32.4   -37.3   7.09   302316 11.77   741  -187  0  0  0.4241  11.38    3.19    1.89   -2.83  1.8680 -191.2
2024 132 20 40    5.63    3.85   -3.71  -913.8    36.4   -23.4   6.33   294762 10.60   959  -191  0  0  0.4052  10.26    3.84    2.01   -2.98  1.9376 -191.2
2024 132 20 45    5.67    3.42   -1.66  -908.0    14.6   -44.8   8.57   207623 14.15  1340  -180  0  0  0.4335  13.72    4.51    2.33   -3.71  2.1326 -191.2
2024 132 20 50    5.10    2.77   -0.15  -905.7    29.9   -61.7  10.00   209633 16.56  1731  -173  0  0  0.4402  15.98    5.24    2.50   -4.05  2.2288 -191.6
2024 132 20 55    5.95    5.12   -4.11  -898.8    12.2   -38.2   8.35   176990 13.53  1176  -176  0  0  0.4220  13.09    5.45    3.42   -3.43  2.0315 -190.0
2024 132 21  0    7.98    1.64    1.35  -897.9     2.2   -46.9   8.65   165941 14.01   883  -179  0  0  0.4323  13.55    6.00    3.06   -2.53  1.6812 -185.0
2024 132 21  5    6.19   -2.95   -5.38  -902.0    -6.6   -60.7  10.59   157872 17.33  1068  -164  0  0  0.4468  16.77    6.10    2.35   -2.57  1.6873 -182.0
2024 132 21 10    3.20    0.25   -7.40  -891.5   -28.0   -62.7   8.06   266427 12.89  1187  -148  0  0  0.4561  12.48    5.67    2.01   -3.01  1.8183 -180.0
2024 132 21 15   -5.60   -1.96   12.90  -892.1   -17.1   -66.3   5.11   231433  8.19  1117  -172  0  0  0.4515   7.92    4.07    1.18   -0.64  1.5074 -179.4
2024 132 21 20   -8.79   -4.31    8.96  -893.3     2.0   -51.5   7.02   128300 11.21  1344  -169  0  0  0.4242  10.89    2.00    0.08    0.88  1.3203 -176.8
2024 132 21 25   -9.69   -2.58    8.10  -894.1     1.0   -16.4   7.78   206350 12.45  1139  -174  0  0  0.3857  12.05   -0.11   -0.68    2.06  1.2179 -174.1
2024 132 21 30   -2.41   -4.24    9.28  -886.9     7.7   -48.0   6.28   249383  9.91   941  -169  0  0  0.4116   9.60   -1.30   -2.02    3.97  0.8966 -178.2
2024 132 21 35   -0.96   -2.04    8.02  -873.9   -20.6   -69.0   6.43   531339  9.84  1008  -160  0  0  0.4442   9.58   -2.58   -2.55    4.93  0.8773 -181.2
2024 132 21 40   -9.84   -3.75   10.90  -896.1   -19.2   -54.9   8.86    68383 14.29   764  -176  0  0  0.4240  13.84   -4.87   -2.66    7.25  0.4978 -183.2
2024 132 21 45  -10.15   -6.44    9.16  -891.8   -28.1   -65.5   8.10    79900 12.96   528  -182  0  0  0.4358  12.56   -6.78   -3.62    9.62  0.0560 -184.0
2024 132 21 50   -9.58   -6.59    9.54  -890.9   -33.0   -64.3   7.46    92520 11.92   421  -183  0  0  0.4335  11.54   -7.35   -4.28    9.14  0.0802 -184.5
2024 132 21 55   -8.90   -3.52   11.31  -893.5   -25.3   -52.5   8.49    67974 13.62   432  -177  0  0  0.4143  13.18   -7.36   -4.17    9.47  0.0739 -184.5
2024 132 22  0   -9.67   -4.82   10.23  -882.9   -10.9   -57.8   7.32    72675 11.47   458  -169  0  0  0.4103  11.10   -7.36   -4.49    9.78  0.0810 -180.4
2024 132 22  5   -9.24   -4.74   10.50  -880.6   -11.1   -63.2   6.54    78844 10.20   481  -159  0  0  0.4127   9.88   -8.33   -4.56    9.95  0.0815 -177.7
2024 132 22 10   -9.47   -4.62   10.16  -883.2   -21.7   -60.0   7.77    84755 12.19   512  -150  0  0  0.4108  11.80   -9.55   -4.93   10.26  0.0892 -174.2
2024 132 22 15   -9.42   -1.60    9.70  -889.2   -32.8   -42.5   9.07   141903 14.41   420  -159  0  0  0.3942  13.94   -9.49   -4.62   10.09  0.0848 -170.9
2024 132 22 20   -0.27    5.11    2.29  -889.6    17.5   -22.3   7.15   221219 11.34   311  -158  0  0  0.3464  10.97   -8.08   -2.97    9.10  0.1356 -169.3
2024 132 22 25   -0.54    7.14    6.12  -889.1    15.9   -18.1   7.62   167588 12.06   434  -156  0  0  0.3394  11.68   -6.79   -1.01    8.62  0.1640 -163.7
2024 132 22 30   -5.06    2.96    9.24  -885.0     6.6   -34.6   8.28   178837 13.01   504  -153  0  0  0.3573  12.58   -6.24   -0.08    8.32  0.1637 -159.0
2024 132 22 35   -6.08    2.79   10.18  -876.5    -3.6    -2.7   1.51   438554  2.32   458  -144  0  0  0.3261   2.25   -5.73    1.01    8.31  0.1558 -155.7
2024 132 22 40   -6.02    1.51   10.10  -866.9    22.4    -3.7   1.56   412377  2.35   531  -146  0  0  0.3111   2.27   -5.27    1.90    8.26  0.1466 -153.5
2024 132 22 45   -5.94    2.24    9.65  -871.7     1.3   -14.2   2.94   325335  4.54   495  -161  0  0  0.3288   4.33   -4.76    2.88    8.18  0.1386 -152.8
2024 132 22 50   -5.17    2.59    9.05  -874.4   -34.4   -22.8   2.41   380374  3.77   356  -165  0  0  0.3512   3.58   -4.15    3.48    8.09  0.1407 -152.1
2024 132 22 55    1.67    6.84    5.96  -842.1    -0.7   -69.8   2.81   656723  4.18   362  -174  0  0  0.3830   3.89   -3.88    3.72    8.61  0.1120 -156.6
2024 132 23  0    5.22    8.25    4.27  -810.8   -61.8  -102.6   1.11  1128057  1.49   312  -186  0  0  0.4500   1.44   -3.05    3.88    8.35  0.1431 -160.4
2024 132 23  5    4.79   10.34    2.87  -821.3    -1.7   -89.7   0.93  1094323  1.27   270  -184  0  0  0.4002   1.23   -1.65    4.94    7.44  0.2806 -161.9
2024 132 23 10    6.57    9.10   -1.24  -866.1   -12.9   -50.3   0.91  1070184  1.37   159  -180  0  0  0.3563   1.33    0.16    5.84    5.81  0.5216 -163.3
2024 132 23 15    6.49    9.61   -2.36  -877.0   -22.1   -34.0   1.61   820036  2.52   179  -181  0 -1  0.3397   2.40    1.95    7.00    4.03  0.8131 -161.5
2024 132 23 20    3.83    8.10    1.12  -887.9   -31.2   -17.7   2.31   569887  3.66   263  -176  0  0  0.3232   3.53    3.34    7.83    2.81  0.9728 -159.5
2024 132 23 25    5.09    6.63    1.64  -897.0   -36.4    11.6   1.34   833419  2.18   234  -169  0  0  0.2919   2.09    4.81    8.41    1.75  1.0925 -158.2
2024 132 23 30    5.74    7.04    0.12  -906.5     4.6    32.2   1.26   885611  2.08   214  -167  0  0  0.2493   2.01    5.39    8.44    0.92  1.2241 -156.8
2024 132 23 35    5.64    5.82    1.26  -906.3     8.4    24.4   1.33   838388  2.20   316  -169  0  0  0.2521   2.12    5.45    8.09    0.49  1.2589 -154.4
2024 132 23 40    4.99    5.64    0.88  -929.8    29.5    20.2   1.51   745422  2.61   206  -162  0  0  0.2441   2.53    5.48    7.42    0.20  1.2494 -151.6
2024 132 23 45    4.66    5.62    0.86  -939.4    19.6    57.8   1.78   703086  3.16   224  -160  0  0  0.2091   3.06    5.21    6.92    0.50  1.1399 -150.7
2024 132 23 50    4.13    5.19    1.67  -948.5    17.0    53.6   1.90   597222  3.44   228  -156  0  0  0.2116   3.32    4.87    6.29    1.08  0.9487 -150.3
2024 132 23 55    3.88    6.07    1.36  -928.2     7.9    23.1   1.74   699712  3.00   196  -158  0  0  0.2410   2.91    4.88    6.00    1.11  0.9125 -149.6
2024 133  0  0    3.38    6.03    1.81  -931.6    28.2    44.8   1.93   654706  3.37   180  -158  0  0  0.2077   3.25    4.63    5.92    1.14  0.9024 -149.1
2024 133  0  5    4.69    5.63    1.70  -936.6    30.2    47.2   2.04   661191  3.60   221  -157  0  0  0.2016   3.48    4.48    5.71    1.36  0.8314 -148.2
2024 133  0 10    3.90    4.68    0.79  -930.2    21.2    39.5   2.12   521525  3.69   218  -153  0  0  0.2094   3.56    4.23    5.55    1.30  0.8266 -147.7
2024 133  0 15    5.22    4.99   -1.44  -937.4    22.6    48.4   1.82   638111  3.21   304  -153  0  0  0.1974   3.11    4.27    5.46    0.96  0.9118 -147.0
2024 133  0 20    5.55    3.27   -1.06  -939.4    30.5    43.4   1.84   621883  3.25   449  -153  0  0  0.1958   3.16    4.39    5.12    0.69  0.9484 -146.4
2024 133  0 25    4.43    5.20   -0.04  -941.5    36.4    30.7   1.69   391471  3.00   638  -153  0  0  0.2026   2.91    4.44    5.12    0.45  1.0068 -145.4
2024 133  0 30    2.91    5.84    0.98  -905.9     1.7    32.0   2.09   569907  3.43   678  -153  0  0  0.2118   3.33    4.30    5.09    0.39  1.0097 -144.8
2024 133  0 35    4.17    5.89    0.63  -915.9    -7.7    28.3   1.90   527658  3.18   613  -151  0  0  0.2169   3.09    4.41    5.07    0.22  1.0395 -145.0
2024 133  0 40    5.48    5.05    0.25  -945.6    -8.4    29.0   1.62   409756  2.90   652  -152  0  0  0.2142   2.81    4.52    4.99    0.02  1.0767 -144.6
2024 133  0 45    7.37    2.12   -1.83  -978.5    44.6    34.2   2.03   389682  3.90   904  -152  0  0  0.1858   3.78    5.02    4.62   -0.36  1.1772 -143.9
2024 133  0 50    5.76   -0.95   -4.51  -992.3    61.2    42.5   2.09   309471  4.15  1040  -146  0  0  0.1694   4.01    5.10    3.77   -0.80  1.3488 -142.9
2024 133  0 55    4.36   -4.55   -6.08  -986.3    69.5    25.8   1.64   175000  3.20   860  -147  0  0  0.1783   3.11    4.93    2.66   -1.51  1.6526 -142.2
2024 133  1  0    3.85   -5.35   -5.75 -1012.0    40.9    42.5   1.76   205892  3.61   668  -145  0  0  0.1729   3.50    4.84    1.15   -2.33  1.9688 -142.0
2024 133  1  5    5.07   -3.46   -5.91 -1005.4    29.0    46.4   1.86   138154  3.78   795  -143  0  0  0.1708   3.65    5.15   -0.18   -3.31  2.3146 -142.4
2024 133  1 10    3.94   -2.60   -5.46 -1008.1    14.3    39.1   2.34   111746  4.78  1031  -143  0  0  0.1805   4.61    5.12   -1.39   -4.18  2.6219 -143.9
2024 133  1 15    3.89   -1.67   -4.46 -1015.7     8.0    49.9   3.45   168996  7.17  1144  -144  0  0  0.1706   6.91    4.89   -2.35   -4.86  2.8734 -146.0
2024 133  1 20    4.55   -1.42   -4.58 -1022.3    -1.9    37.5   3.76   197685  7.87  1271  -145  0  0  0.1831   7.62    4.49   -2.86   -5.25  3.0649 -145.7
2024 133  1 25    6.29    0.03   -3.65 -1001.2    12.7    48.8   3.75   149776  7.58  1351  -147  0  0  0.1638   7.30    4.56   -2.72   -5.13  3.0164 -146.4
2024 133  1 30    7.99    2.09   -2.21  -989.9    23.0    51.0   2.95    94937  5.80  1297  -135  0  0  0.1547   5.62    5.08   -1.77   -4.57  2.7860 -147.9
2024 133  1 35    7.83    1.46   -2.74  -994.5    16.1    44.2   3.07    92872  6.09  1046  -140  0  0  0.1614   5.89    5.65   -0.80   -4.14  2.5897 -148.8
2024 133  1 40    7.57    2.39   -1.86  -982.1    27.0    45.5   3.54    94730  6.85   910  -147  0  0  0.1529   6.63    6.01    0.04   -3.57  2.3360 -149.6
2024 133  1 45    7.15    3.26   -0.27  -979.6    25.9    43.3   3.38    95834  6.50  1010  -153  0  0  0.1529   6.30    6.47    0.88   -2.82  2.0221 -148.9
2024 133  1 50    6.88    2.31   -1.50  -979.6    25.9    43.3   3.38    95834  6.50  1217  -155  0  0  0.1505   6.30    6.89    1.45   -2.40  1.8198 -150.6
2024 133  1 55    5.15    3.06   -1.35  -978.0    23.7    27.9   3.89   143142  7.46  1031  -142  0  0  0.1636   7.22    6.98    2.09   -1.94  1.6072 -152.3
2024 133  2  0    1.33   -1.14   -2.92  -969.3    32.9    20.5   6.01   102587 11.28   857  -132  0  0  0.1647  10.96    6.27    1.92   -1.84  1.5481 -150.7
2024 133  2  5    0.29   -2.91   -3.70  -954.8    26.6     7.1   7.10    60404 12.97   914  -135  0  0  0.1775  12.55    5.17    1.20   -2.05  1.6292 -149.9
2024 133  2 10    0.53   -2.95   -3.83  -960.4    22.5    17.2   4.24    99567  7.81  1228  -132  0  0  0.1673   7.58    4.13    0.57   -2.20  1.6852 -148.0
2024 133  2 15   -0.49   -5.03   -5.04  -939.8    29.3     2.5   5.20    54341  9.19  1156  -139  0  0  0.1767   8.90    2.98   -0.49   -2.66  1.8604 -146.3
2024 133  2 20   -1.52   -5.88   -4.49  -944.9    18.3     9.7   3.47    44044  6.20  1198  -142  0  0  0.1718   6.00    1.74   -1.79   -3.26  2.1011 -144.4
2024 133  2 25   -2.66   -6.01   -3.61  -950.2     4.2     5.6   2.76    47439  4.98  1286  -137  0  0  0.1792   4.83    0.38   -2.98   -3.56  2.2448 -142.3
2024 133  2 30   -2.92   -5.93   -3.63  -949.1     5.5     3.8   2.76    38788  4.98  1202  -136  0  0  0.1786   4.82   -0.78   -4.26   -3.89  2.3884 -142.8
2024 133  2 35   -2.11   -5.05   -4.35  -943.1     8.1     2.8   4.49    41202  7.97  1076  -132  0  0  0.1768   7.74   -1.27   -4.82   -4.09  2.4706 -142.8
2024 133  2 40   -0.77   -4.08   -4.75  -938.5     5.7    -2.5   6.68    44445 11.77  1066  -125  0  0  0.1812  11.40   -1.42   -4.99   -4.24  2.5214 -142.8
2024 133  2 45    0.66   -2.67   -4.14  -934.3     2.4    -4.7   8.45    43428 14.74  1011  -126  0  0  0.1829  14.29   -1.40   -4.95   -4.29  2.5247 -143.5
2024 133  2 50   -5.23   -1.37    2.44  -942.4    -7.0     4.0   8.53    45577 15.12  1078  -120  0  0  0.1759  14.68   -2.08   -4.43   -3.22  2.1361 -149.3
2024 133  2 55   -5.73    0.40    4.33  -946.9   -11.8    15.3   5.34    34596  9.58   920  -128  0  0  0.1646   9.28   -2.68   -3.53   -1.96  1.7599 -152.5
2024 133  3  0   -5.78    0.18    4.31  -945.8   -12.0    14.4   5.38    33147  9.62  1044  -166  0 -1  0.1640   9.33   -3.13   -2.65   -0.83  1.4220 -155.2
2024 133  3  5   -5.82   -0.00    4.27  -944.6   -12.2    13.6   5.41    31697  9.67  1100  -151  0 -1  0.1633   9.35   -3.54   -1.80    0.30  1.0845 -157.4
2024 133  3 10   -5.92    0.23    4.42  -943.5   -12.4    12.7   5.45    30248  9.71  1017  -151  0  0  0.1629   9.40   -4.08   -1.04    1.55  0.7212 -159.4
2024 133  3 15   -5.75    1.12    4.68  -943.5   -13.4    15.5   5.54    29184  9.87  1015  -153  0  0  0.1590   9.56   -4.80   -0.30    2.90  0.3465 -160.9
2024 133  3 20   -5.54    1.26    4.90  -931.6     8.8     5.7   5.51    30094  9.57   956  -148  0  0  0.1600   9.26   -5.68    0.26    4.19  0.0096 -156.2
2024 133  3 25   -5.77    1.01    4.71  -927.4    -0.1     5.8   5.38    30380  9.27   869  -140  0  0  0.1617   8.96   -5.76    0.60    4.52  0.0038 -155.4
2024 133  3 30   -5.94    1.22    4.40  -934.7    -6.7    19.0   5.30    30696  9.27   880  -132  0  0  0.1494   8.97   -5.79    0.72    4.53  0.0054 -154.5
2024 133  3 35   -6.56    0.34    3.02  -935.6    -5.8    13.8   9.09    31992 15.92   913  -131  0 -1  0.1533  15.42   -5.90    0.74    4.34  0.0055 -152.8
2024 133  3 40   -6.25   -0.23    2.32  -936.5    -4.8     8.7  12.88    33287 22.58   914  -118  0  0  0.1571  21.88   -5.96    0.71    4.06  0.0056 -150.8
2024 133  3 45   -5.25   -1.01    1.43  -923.4    -4.1     9.3  10.80    40264 18.46   772  -122  0  0  0.1552  17.84   -5.87    0.53    3.64  0.0133 -149.1
2024 133  3 50   -4.34   -4.46   -2.48  -913.7    -4.3     1.6   9.41    38252 15.71   756  -119  0  0  0.1624  15.22   -5.66   -0.27    2.61  0.2648 -148.3
2024 133  3 55   -6.05   -2.26    1.74  -916.5   -17.0    -7.7   9.84    38729 16.52   926  -111  0  0  0.1753  16.02   -5.74   -0.77    2.16  0.2922 -146.5
2024 133  4  0   -5.53   -2.77    0.48  -924.5    -0.5    19.6  10.91    37618 18.66  1272  -105  0  0  0.1411  18.07   -5.70   -1.31    1.56  0.3706 -146.4
2024 133  4  5   -5.26   -2.16    1.18  -919.1     8.5     4.9  12.20    35199 20.61  1161  -109  0  0  0.1528  19.96   -5.61   -1.79    1.10  0.4076 -145.2
2024 133  4 10   -5.22   -1.81    2.23  -916.6     5.9    10.0  10.79    35508 18.15   982  -125  0  0  0.1477  17.56   -5.41   -2.10    0.99  0.4214 -145.2
2024 133  4 15   -5.98   -2.04    2.51  -914.1    22.6    12.5   5.14    39057  8.58   948  -135  0  0  0.1394   8.33   -5.38   -2.36    1.01  0.4363 -147.1
2024 133  4 20   -6.08   -1.88    2.39  -917.7    -1.3    12.4   3.63    28763  6.11   654  -143  0  0  0.1465   5.92   -5.49   -2.48    1.15  0.4422 -148.1
2024 133  4 25   -6.02   -2.12    2.11  -917.8     1.2     9.7   3.84    29362  6.47   674  -149  0  0  0.1482   6.27   -5.73   -2.15    1.81  0.2100 -149.8
2024 133  4 30   -5.73   -2.26    1.92  -921.6    28.6     5.6   4.01    27732  6.82   842  -140  0  0  0.1442   6.60   -5.69   -2.15    1.83  0.2073 -149.3
2024 133  4 35   -5.83   -1.67    2.13  -928.1     4.7    20.6   5.77    28990  9.95   937  -144  0  0  0.1356   9.63   -5.73   -1.99    2.07  0.1407 -149.9
2024 133  4 40   -5.82   -1.61    2.18  -927.2     6.8    20.4   5.61    29316  9.64   564  -140  0 -1  0.1350   9.35   -5.81   -1.91    2.21  0.1133 -149.9
2024 133  4 45   -5.83   -1.36    2.34  -926.4     9.0    20.1   5.44    29642  9.34   433  -137  0  0  0.1346   9.05   -5.90   -1.85    2.23  0.1063 -149.9
2024 133  4 50   -5.63   -1.17    2.48  -920.9     9.2    11.7   3.83    30728  6.50   461  -142  0  0  0.1433   6.29   -5.85   -1.72    2.22  0.0957 -151.3
2024 133  4 55   -5.36   -0.53    2.91  -918.3     3.1     7.6   2.85    34322  4.81   486  -155  0  0  0.1494   4.66   -5.75   -1.53    2.30  0.0825 -150.1
2024 133  5  0   -5.18   -0.22    3.05  -916.0     2.1     6.7   2.66    35719  4.47   294  -158  0  0  0.1508   4.32   -5.63   -1.26    2.43  0.0620 -150.4
2024 133  5  5   -4.73    0.87    3.77  -913.6    -7.6     0.6   2.21    43408  3.68   341  -155  0  0  0.1601   3.57   -5.48   -0.81    2.69  0.0367 -152.1
2024 133  5 10   -4.77    0.58    3.63  -906.1    11.8     0.6   2.74    39136  4.49   287  -158  0  0  0.1552   4.36   -5.33   -0.49    2.91  0.0244 -153.6
2024 133  5 15   -4.89    0.23    3.48  -901.0    24.9    -1.8   4.12    36802  6.70   306  -157  0  0  0.1546   6.48   -5.20   -0.23    3.09  0.0131 -153.9
2024 133  5 20   -4.96   -0.16    3.33  -903.5    13.2    -6.1   3.42    38950  5.59   247  -156  0  0  0.1629   5.41   -5.07   -0.06    3.24  0.0061 -153.5
2024 133  5 25   -4.99   -0.26    3.20  -904.3     7.8    -6.8   3.19    39193  5.22   314  -156  0  0  0.1657   5.05   -4.98    0.07    3.34  0.0018 -154.6
2024 133  5 30   -4.87   -0.21    3.18  -902.2    13.8    -9.7   2.96    36568  4.81   270  -154  0  0  0.1679   4.67   -4.91    0.12    3.38  0.0014 -154.5
2024 133  5 35   -4.52    0.09    3.14  -899.9    18.4    -1.6   3.42    37037  5.54   290  -156  0  0  0.1587   5.37   -4.82    0.16    3.39  0.0014 -152.3
2024 133  5 40   -4.56   -0.02    2.99  -896.7     4.1     5.7   3.98    34336  6.41   227  -151  0  0  0.1552   6.20   -4.79    0.04    3.28  0.0005 -150.6
2024 133  5 45   -4.72   -0.07    2.82  -895.3     6.3     6.5   3.35    31602  5.38   236  -145  0  0  0.1546   5.20   -4.79   -0.06    3.16  0.0001 -148.8
2024 133  5 50   -4.86    0.10    2.52  -894.7    -7.5    16.2   3.23    34572  5.18   204  -144  0  0  0.1482   5.01   -4.78   -0.08    3.03  0.0001 -147.2
2024 133  5 55   -4.62    0.71    2.82  -892.9    -9.1    13.2   3.01    34330  4.80   220  -144  0  0  0.1527   4.65   -4.73    0.05    2.95  0.0010 -144.6
2024 133  6  0   -4.23    1.46    3.20  -893.4   -12.1    15.2   3.05    30221  4.87   177  -142  0  0  0.1522   4.72   -4.63    0.29    2.95  0.0055 -142.5
2024 133  6  5   -4.29    1.10    3.23  -893.4   -12.1    15.2   3.05    30221  4.87   255  -139  0  0  0.1533   4.72   -4.54    0.48    2.96  0.0077 -141.5
2024 133  6 10   -4.34    1.04    3.22  -893.9    -8.6    14.9   3.26    30601  5.21   265  -139  0  0  0.1540   5.05   -4.52    0.62    2.97  0.0097 -140.2
2024 133  6 15   -4.40    0.69    3.19  -893.9   -11.2    15.3   3.23    32592  5.16   252  -138  0  0  0.1553   5.00   -4.49    0.72    3.00  0.0104 -138.7
2024 133  6 20   -4.37   -0.25    3.12  -890.9   -12.2    14.8   2.67    30196  4.25   219  -138  0  0  0.1573   4.11   -4.44    0.69    3.04  0.0104 -137.5
2024 133  6 25   -4.22   -0.68    2.64  -892.1   -12.0    16.5   2.30    32121  3.66   190  -137  0  0  0.1567   3.55   -4.35    0.58    3.06  0.0114 -136.5
2024 133  6 30   -3.92   -0.18    2.02  -892.4   -11.8    -0.0   2.40    35121  3.82   244  -137  0  0  0.1762   3.70   -4.25    0.45    2.95  0.0105 -135.0
2024 133  6 35   -3.76   -0.35    2.36  -890.1   -15.7    -8.8   2.26    35064  3.59   264  -137  0  0  0.1882   3.47   -4.19    0.20    2.83  0.0061 -134.0
2024 133  6 40   -3.80   -0.66    2.32  -881.7   -12.4   -27.5   1.84    33786  2.87   242  -137  0  0  0.2100   2.77   -4.12   -0.06    2.70  0.0050 -133.4
2024 133  6 45   -3.76   -0.84    2.01  -884.6   -13.0   -27.3   2.07    36476  3.24   232  -138  0  0  0.2114   3.14   -4.03   -0.32    2.52  0.0057 -132.7
2024 133  6 50   -3.56   -1.24    2.22  -885.5   -11.1   -28.2   2.15    37364  3.38   223  -137  0  0  0.2137   3.27   -3.91   -0.60    2.38  0.0108 -132.1
2024 133  6 55   -3.37   -1.37    2.38  -886.4     0.8   -20.5   1.57    44170  2.48   213  -137  0  0  0.2045   2.39   -3.77   -0.76    2.28  0.0172 -131.7
2024 133  7  0   -3.43   -1.19    2.27  -880.2    -2.0   -22.0   1.71    34687  2.65   242  -138  0  0  0.2088   2.57   -3.66   -0.83    2.23  0.0212 -131.6
2024 133  7  5   -3.37   -1.40    2.03  -881.3    -3.2   -23.8   1.85    37481  2.88   230  -137  0  0  0.2129   2.79   -3.58   -1.01    2.23  0.0298 -131.1
2024 133  7 10   -3.50   -1.17    1.83  -883.8   -13.5   -25.9   1.88    38878  2.94   253  -136  0  0  0.2190   2.85   -3.54   -1.12    2.15  0.0365 -130.6
2024 133  7 15   -3.49   -1.39    1.77  -884.5   -14.8   -28.4   2.01    40644  3.14   257  -135  0  0  0.2240   3.05   -3.50   -1.23    2.07  0.0459 -131.0
2024 133  7 20   -3.59   -1.32    1.79  -882.4    -4.0   -21.8   2.16    37760  3.37   264  -133  0  0  0.2168   3.26   -3.47   -1.30    2.04  0.0525 -131.3
2024 133  7 25   -3.39   -1.82    1.77  -879.6    12.6   -22.5   2.29    44817  3.54   288  -135  0  0  0.2168   3.43   -3.45   -1.38    1.98  0.0649 -131.4
2024 133  7 30   -3.81   -1.13    1.44  -882.2    -1.6   -19.9   2.29    40605  3.56   296  -136  0  0  0.2186   3.45   -3.51   -1.35    1.84  0.0676 -131.8
2024 133  7 35   -3.95   -0.78    1.34  -872.8     6.8   -10.6   2.04    36983  3.11   277  -137  0  0  0.2091   3.01   -3.59   -1.29    1.71  0.0671 -132.4
2024 133  7 40   -4.13   -0.29    1.47  -868.9    -6.1    -4.5   1.92    31024  2.89   254  -139  0  0  0.2067   2.81   -3.69   -1.13    1.63  0.0587 -133.4
2024 133  7 45   -4.07   -0.41    1.48  -870.9    16.0   -13.3   1.97    31796  2.99   250  -140  0  0  0.2153   2.90   -3.78   -1.02    1.58  0.0526 -133.8
2024 133  7 50   -4.13    0.04    1.64  -868.9    10.7   -23.8   1.78    27268  2.69   249  -144  0  0  0.2306   2.61   -3.87   -0.82    1.56  0.0420 -133.7
2024 133  7 55   -4.11    0.20    1.57  -868.7     4.6   -19.6   1.73    28122  2.61   254  -142  0  0  0.2294   2.53   -3.94   -0.60    1.53  0.0329 -133.7
2024 133  8  0   -4.23   -0.08    1.55  -868.7     4.6   -19.6   1.73    28122  2.61   288  -140  0  0  0.2319   2.53   -4.06   -0.35    1.50  0.0148 -133.4
2024 133  8  5   -4.18   -0.14    1.69  -868.8     7.8   -21.4   1.74    28005  2.62   331  -139  0 -1  0.2360   2.55   -4.11   -0.21    1.53  0.0056 -133.2
2024 133  8 10   -4.16   -0.13    1.65  -868.9    10.9   -23.2   1.75    27888  2.64   315  -138  0  0  0.2402   2.56   -4.14   -0.12    1.58  0.0012 -132.4
2024 133  8 15   -4.28    0.29    1.33  -865.6    -3.0    -6.8   1.75    27655  2.62   364  -140  0 -1  0.2264   2.54   -4.17   -0.03    1.56  0.0013 -131.7
2024 133  8 20   -4.12   -0.13    1.62  -862.3   -16.8     9.6   1.74    27422  2.59   354  -139  0  0  0.2123   2.51   -4.17    0.01    1.58  0.0006 -130.9
2024 133  8 25   -3.91   -0.34    1.81  -864.4   -15.3   -17.2   1.68    34806  2.51   331  -137  0  0  0.2456   2.43   -4.14   -0.05    1.60  0.0009 -129.8
2024 133  8 30   -4.16   -0.09    1.60  -863.4   -19.0     3.8   1.50    26939  2.23   402  -136  0  0  0.2247   2.17   -4.15   -0.09    1.61  0.0008 -128.9
2024 133  8 35   -4.34    0.18    1.23  -859.4   -19.2     7.2   1.39    26397  2.06   323  -134  0  0  0.2236   1.99   -4.16   -0.05    1.56  0.0009 -127.4
2024 133  8 40   -4.39    0.08    0.69  -859.1   -13.7     5.9   1.28    26871  1.89   334  -135  0  0  0.2272   1.83   -4.19   -0.02    1.42  0.0009 -126.2
2024 133  8 45   -4.29    0.03    0.78  -852.1    -8.5   -17.2   1.18    27396  1.72   419  -134  0  0  0.2563   1.66   -4.21    0.00    1.29  0.0009 -125.0
2024 133  8 50   -4.29    0.39    0.50  -847.3   -11.0   -35.9   1.24    26472  1.78   427  -134  0  0  0.2816   1.73   -4.21    0.02    1.18  0.0048 -124.2
2024 133  8 55   -4.34    0.14    0.05  -839.4    19.9   -15.1   1.14    25564  1.60   458  -133  0  0  0.2561   1.56   -4.25    0.06    0.95  0.0120 -123.8
2024 133  9  0   -4.32    0.04   -0.07  -841.1    16.2   -12.8   1.23    24997  1.75   507  -133  0  0  0.2570   1.69   -4.30    0.11    0.68  0.0311 -123.2
2024 133  9  5   -4.15    0.19   -0.50  -840.9    18.3   -11.5   1.34    25011  1.89   372  -132  0  0  0.2583   1.84   -4.30    0.15    0.38  0.1027 -121.2
2024 133  9 10   -4.16    0.08   -0.38  -838.9    28.7    -1.3   1.40    24825  1.97   390  -130  0  0  0.2480   1.91   -4.28    0.14    0.15  0.1621 -116.7
2024 133  9 15   -4.11   -0.04   -0.71  -839.1    23.6    -3.8   1.40    25514  1.97   431  -117  0  0  0.2548   1.91   -4.24    0.12   -0.05  0.2523 -115.1
2024 133  9 20   -4.11   -0.30   -0.62  -840.8    29.2    -0.8   1.12    30405  1.59   643  -102  0  0  0.2537   1.54   -4.21    0.07   -0.25  0.3351 -115.2
2024 133  9 25   -6.54   -1.09    2.28  -854.7    45.3   -36.1   2.28    47555  3.41   731  -112  0  0  0.2958   3.24   -4.53   -0.14    0.01  0.3348 -115.3
2024 133  9 30   -9.31   -1.88    5.53  -875.2    81.6   -86.5   3.93    82530  6.14   553  -115  0  0  0.3496   5.94   -5.24   -0.43    0.79  0.3306 -115.6
2024 133  9 35   -9.49   -1.25    5.31  -867.0    76.5  -103.9   4.01    73173  6.17   493  -115  0  0  0.3742   5.97   -5.98   -0.61    1.56  0.3124 -118.1
2024 133  9 40   -7.84    0.82    6.32  -867.8    47.3  -106.8   4.07    65088  6.24   495  -115  0  0  0.3852   6.04   -6.51   -0.52    2.53  0.2410 -123.3
2024 133  9 45   -8.12    0.67    6.10  -866.0    45.1  -108.8   4.76    83363  7.27   450  -115  0  0  0.3914   7.04   -7.07   -0.44    3.46  0.1817 -125.3
2024 133  9 50   -8.89    0.79    5.46  -861.8    45.4  -101.7   5.32    65845  8.03   410  -116  0  0  0.3873   7.78   -7.76   -0.32    4.34  0.0918 -124.8
2024 133  9 55   -9.70    0.49    4.71  -858.3    38.9   -74.4   4.84    61797  7.20   402  -113  0  0  0.3608   6.97   -8.56   -0.21    5.10  0.0091 -123.2
2024 133 10  0   -9.43   -0.01    4.41  -859.0    61.9   -92.3   4.97    68671  7.46   395  -107  0  0  0.3814   7.22   -8.97   -0.05    5.41  0.0052 -121.2
2024 133 10  5   -9.18    0.24    5.06  -864.1    46.3  -102.2   4.00    77861  6.05   383  -104  0  0  0.3977   5.88   -8.95    0.25    5.34  0.0021 -118.5
2024 133 10 10   -7.80    1.30    6.93  -871.7    31.4  -114.6   3.18    89998  4.91   380  -104  0  0  0.4161   4.77   -8.71    0.61    5.57  0.0017 -115.3
2024 133 10 15   -7.98    1.71    6.21  -874.4    23.5  -108.2   2.95    87905  4.59   249  -104  0  0  0.4130   4.44   -8.73    0.74    5.55  0.0034 -113.6
2024 133 10 20   -8.64    0.61    6.24  -866.5    37.4  -108.0   2.57    83668  3.93   163  -105  0  0  0.4156   3.80   -8.80    0.73    5.57  0.0033 -112.0
2024 133 10 25   -7.99    2.07    6.52  -866.7    21.5  -110.5   3.08    83359  4.71   198  -109  0  0  0.4239   4.56   -8.67    0.92    5.73  0.0059 -110.7
2024 133 10 30   -7.24    1.23    7.03  -870.7    25.3  -131.2   2.81   111479  4.35   162  -105  0  0  0.4495   4.22   -8.32    1.02    6.06  0.0064 -109.5
2024 133 10 35   -6.95    1.66    6.83  -884.5    10.2  -131.7   2.33   195783  3.73   125  -103  0  0  0.4531   3.61   -7.97    1.26    6.40  0.0080 -108.8
2024 133 10 40   -8.91   -0.49    4.84  -872.4    48.8   -85.7   1.25   353342  1.95   132  -108  0  0  0.4022   1.87   -7.93    1.16    6.37  0.0081 -109.4
2024 133 10 45   -8.96   -1.51    4.54  -868.5    78.7   -86.0   0.96   431884  1.48   136  -114  0  0  0.4022   1.43   -8.10    0.75    6.03  0.0099 -109.1
2024 133 10 50   -8.77   -1.41    4.70  -879.0    71.7   -74.1   1.10   588179  1.72   136  -120  0  0  0.3924   1.67   -8.21    0.31    5.81  0.0100 -109.4
2024 133 10 55   -8.73   -0.65    4.95  -879.1    66.2   -67.8   1.06   595479  1.66   125  -121  0  0  0.3896   1.61   -8.22    0.13    5.63  0.0101 -109.9
2024 133 11  0   -8.74   -0.84    4.90  -879.1    66.2   -67.8   1.06   595479  1.66   107  -120  0  0  0.3931   1.61   -8.33   -0.29    5.40  0.0077 -110.7
2024 133 11  5   -8.63   -2.58    4.68  -872.4    84.8   -79.9   0.97   498006  1.51   122  -118  0  0  0.4080   1.46   -8.53   -0.83    5.06  0.0161 -111.3
2024 133 11 10   -8.10    0.29    5.48  -857.7    79.8   -93.4   0.91   312408  1.36    58  -117  0  0  0.4289   1.32   -8.69   -1.03    4.87  0.0146 -110.5
2024 133 11 15   -8.61   -1.05    4.52  -850.2    53.9   -85.5   1.17   261466  1.72    55  -117  0  0  0.4280   1.66   -8.65   -1.11    4.82  0.0155 -109.2
2024 133 11 20   -8.62   -1.50    4.27  -858.5    70.8   -77.1   1.07   337656  1.60    76  -115  0  0  0.4185   1.55   -8.60   -1.11    4.79  0.0157 -107.4
2024 133 11 25   -8.55   -1.68    4.50  -852.2    87.5   -98.5   1.04   338942  1.54   120  -112  0  0  0.4444   1.50   -8.57   -1.14    4.76  0.0170 -106.3
2024 133 11 30   -8.72   -1.16    4.29  -854.4    78.5   -82.8   0.97   357295  1.44   118  -108  0  0  0.4311   1.40   -8.57   -1.22    4.66  0.0182 -105.9
2024 133 11 35   -8.17    0.95    4.10  -862.5    81.4   -80.8   0.95   370020  1.44   163  -110  0  0  0.4310   1.39   -8.49   -0.96    4.55  0.0186 -105.5
2024 133 11 40   -8.19    1.03    4.04  -869.0    74.6   -75.4   0.99   430135  1.52   114  -113  0  0  0.4287   1.47   -8.42   -0.45    4.46  0.0107 -105.6
2024 133 11 45   -7.67   -0.32    4.63  -858.3    75.6   -80.4   1.17   394124  1.75   102  -114  0  0  0.4385   1.70   -8.36   -0.53    4.34  0.0107 -105.9
2024 133 11 50   -7.43   -2.45    4.44  -865.7   145.8   -93.3   1.22   621985  1.90    92  -114  0  0  0.4431   1.84   -8.19   -0.73    4.32  0.0186 -106.8
2024 133 11 55   -7.77   -0.96    4.10  -873.3   121.6   -88.1   1.02   570328  1.60    90  -114  0  0  0.4445   1.55   -8.07   -0.66    4.30  0.0168 -107.1
2024 133 12  0   -7.95   -0.23    4.21  -869.1    94.5   -77.0   0.96   500895  1.49   101  -114  0  0  0.4405   1.43   -7.99   -0.45    4.26  0.0135 -106.8
2024 133 12  5   -8.07    1.06    3.99  -867.7    94.4   -81.0   0.98   510693  1.51    85  -112  0  0  0.4484   1.46   -7.89   -0.13    4.22  0.0134 -106.3
2024 133 12 10   -7.53   -0.36    4.77  -871.4    83.2   -89.1   0.98   571878  1.52    67  -111  0  0  0.4622   1.47   -7.80   -0.32    4.31  0.0125 -106.0
2024 133 12 15   -7.39   -0.71    4.99  -862.8   106.2  -102.7   0.97   503600  1.49    63  -112  0  0  0.4774   1.44   -7.69   -0.57    4.45  0.0116 -105.5
2024 133 12 20   -7.75   -0.31    4.76  -867.8   123.8   -57.9   1.07   780750  1.65   112  -113  0  0  0.4265   1.60   -7.70   -0.57    4.47  0.0116 -104.9
2024 133 12 25   -7.84    0.99    4.35  -885.5    93.7   -33.9   1.06   692664  1.68   112  -110  0  0  0.4075   1.63   -7.76   -0.07    4.45  0.0037 -104.7
2024 133 12 30   -8.03    0.31    3.84  -860.4   110.7   -64.3   1.03   610708  1.56    93  -109  0  0  0.4426   1.51   -7.79    0.11    4.42  0.0028 -104.9
2024 133 12 35   -6.38    3.48    4.67  -883.3    59.8   -69.5   0.96   484754  1.52    99  -110  0  0  0.4588   1.47   -7.57    0.64    4.48  0.0209 -104.8
2024 133 12 40   -7.19    3.65    3.35  -886.0    46.2    -4.9   1.11   775262  1.75   108  -111  0  0  0.3918   1.69   -7.44    1.01    4.39  0.0509 -104.3
