2015 173 12  0   -4.82   -3.47    7.34  -430.2    44.5   -10.2  17.28  282330.    0.0    0    0  0.4521   6.26   0.00   0.00   0.00   0.00   0.00   0.00
2015 173 12  5   -4.52   -5.64    4.01  -430.7    52.3    -6.9  17.21  267127.   -1.0    0    0  0.4556   6.28   0.00   0.00   0.00   0.00   0.00   0.00
2015 173 12 10   -5.05   -7.72    1.45  -437.0    48.9     2.1  15.64  232818.   -1.0    0    0  0.4592   5.86   0.00   0.00   0.00   0.00   0.00   0.00
2015 173 12 15   -5.88   -5.85    6.45  -433.2    52.7    -7.7  16.85  270349.   -2.0    0    0  0.4627   6.22   0.00   0.00   0.00   0.00   0.00   0.00
2015 173 12 20   -3.23   -4.75    7.87  -438.9    47.2   -15.1  17.91  281438.   -3.0    0    0  0.4662   6.77   0.00   0.00   0.00   0.00   0.00   0.00
2015 173 12 25   -5.53   -2.14    5.37  -432.6    27.2    -3.4  17.77  290599.   -3.0    0    0  0.4697   6.47   0.00   0.00   0.00   0.00   0.00   0.00
2015 173 12 30   -7.65    7.79    0.24  -430.6     0.7     5.9  17.82  301469.   -4.0    0    0  0.4731   6.40   0.00   0.00   0.00   0.00   0.00   0.00
2015 173 12 35   -8.50    5.98    0.03  -427.3   -10.5    13.9  17.46  318030.   -6.0    0    0  0.4765   6.19   0.00   0.00   0.00   0.00   0.00   0.00
2015 173 12 40   -8.18    6.03   -3.57  -416.4   -10.4    19.4  16.91  318124.   -5.0    0    0  0.4799   5.70   0.04   0.09   0.00   0.06   0.14   0.36
2015 173 12 45   -8.44    5.27   -2.50  -424.3    -8.1    22.1  16.30  271053.   -4.0    0    0  0.4833   5.70   0.07   0.14   0.01   0.09   0.24   0.64
2015 173 12 50   -6.94    8.10   -2.40  -421.4   -16.5    19.7  17.04  313924.   -3.0    0    0  0.4866   5.88   0.10   0.19   0.01   0.12   0.33   0.90
2015 173 12 55   -6.69    6.59   -4.76  -419.0    -5.7    41.5  17.05  307854.   -2.0    0    0  0.4899   5.86   0.15   0.30   0.01   0.21   0.47   1.28
2015 173 13  0   -8.49    2.73   -4.86  -412.4    -7.1    41.2  16.09  331560.   -3.0    0    0  0.4932   5.36   0.20   0.39   0.02   0.28   0.60   1.59
2015 173 13  5   -6.19    6.45   -2.36  -420.0    -9.6    18.8  15.93  286213.   -4.0    0    0  0.4964   5.46   0.22   0.43   0.02   0.30   0.65   1.76
2015 173 13 10   -5.90    6.97   -0.51  -424.0   -11.0     9.6  16.12  305389.   -2.0    0    0  0.4996   5.62   0.22   0.42   0.02   0.29   0.63   1.76
2015 173 13 15   -7.20    5.57   -3.98  -417.0    -4.2    29.7  16.25  317685.   -1.0    0    0  0.5027   5.50   0.26   0.49   0.02   0.35   0.72   2.01
2015 173 13 20   -6.22    7.24   -1.30  -421.4   -16.8     6.8  16.45  305409.   -3.0    0    0  0.5058   5.67   0.27   0.50   0.02   0.35   0.72   2.09
2015 173 13 25   -6.93    6.39   -1.45  -418.4    -0.5    21.0  16.55  342196.   -4.0    0    0  0.5088   5.63   0.28   0.51   0.02   0.35   0.73   2.17
2015 173 13 30   -7.58    4.89   -3.11  -415.8     1.9    30.8  15.94  342918.   -4.0    0    0  0.5118   5.37   0.30   0.55   0.03   0.38   0.79   2.33
2015 173 13 35   -9.08    3.80   -0.19  -410.7     7.9     3.3  14.12  244643.   -5.0    0    0  0.5148   4.62   0.30   0.53   0.03   0.36   0.74   2.23
2015 173 13 40   -9.64    4.54   -1.86  -406.1    -6.2    18.9  14.21  232218.   -5.0    0    0  0.5177   4.55   0.31   0.55   0.03   0.37   0.75   2.27
2015 173 13 45  -10.40    3.42   -1.69  -402.0     7.6    22.4  14.27  222052.   -5.0    0   -1  0.5205   4.48   0.32   0.56   0.03   0.37   0.75   2.30
2015 173 13 50  -11.10   -1.12    0.59  -397.9    21.3    25.9  14.32  211887.   -9.0    0    0  0.5233   4.42   0.31   0.53   0.03   0.35   0.68   2.14
2015 173 13 55  -11.21   -0.12   -1.35  -397.9    21.3    25.9  14.32  211887.  -11.0    0    0  0.5261   4.42   0.31   0.53   0.03   0.35   0.68   2.16
2015 173 14  0   -3.93   -6.94   -8.07  -429.6    42.2    52.2  14.73  199471.  -12.0    0    0  0.5288   5.39   0.39   0.67   0.04   0.51   0.87   2.53
2015 173 14  5   -3.49   -7.46   -8.19  -422.8    41.6    54.9  15.46  258486.  -14.0    0    0  0.5314   5.50   0.47   0.81   0.05   0.66   1.05   2.90
2015 173 14 10   -0.95   -5.97  -10.15  -428.1    42.1    56.2  13.68  200217.  -15.0    0    0  0.5340   4.99   0.56   0.96   0.06   0.86   1.24   3.24
2015 173 14 15   -0.26   -2.80  -11.26  -431.6    37.5    55.6  15.27  228093.  -18.0    0    0  0.5365   5.64   0.66   1.14   0.08   1.10   1.45   3.69
2015 173 14 20    4.64   -7.19   -8.63  -443.8    43.5    60.2  14.68  222659.  -21.0    0    0  0.5389   5.76   0.73   1.26   0.09   1.24   1.60   4.02
2015 173 14 25    3.46   -7.09   -8.66  -435.5    49.4    62.9  13.78  235317.  -24.0    0    0  0.5413   5.23   0.80   1.36   0.10   1.38   1.72   4.27
2015 173 14 30    1.77   -8.08   -8.33  -427.3    50.0    52.4  14.96  230466.  -27.0    0    0  0.5436   5.44   0.86   1.46   0.11   1.49   1.82   4.52
2015 173 14 35   -2.57    1.54   -1.80  -425.4    30.5    48.3  14.29  218561.  -30.0    0    0  0.5459   5.10   0.86   1.43   0.11   1.45   1.74   4.43
2015 173 14 40   -4.03    3.28   -5.92  -422.7     4.8    38.5  15.88  270834.  -31.0    0    0  0.5481   5.54   0.90   1.48   0.11   1.49   1.78   4.59
2015 173 14 45   -2.11    8.44    0.55  -426.4     5.5    36.7  15.38  259917.  -30.0    0   -1  0.5502   5.46   0.87   1.40   0.11   1.42   1.62   4.28
2015 173 14 50   -4.30    7.09   -3.35  -430.2     6.2    34.9  14.87  249000.  -28.0    0    0  0.5522   5.37   0.88   1.41   0.12   1.41   1.61   4.32
2015 173 14 55   -5.08    2.87   -7.60  -416.0    11.1    53.5  13.41  214994.  -26.0    0    0  0.5542   4.57   0.93   1.48   0.12   1.49   1.68   4.44
2015 173 15  0   -3.87    0.93   -8.39  -418.5    22.3    61.9  13.66  219281.  -26.0    0    0  0.5561   4.75   0.98   1.57   0.13   1.59   1.77   4.59
2015 173 15  5   -0.20   -1.42  -10.67  -428.0    33.5    66.0  13.11  177535.  -25.0    0    0  0.5579   4.79   1.06   1.68   0.15   1.76   1.90   4.81
2015 173 15 10    2.75   -2.21  -10.86  -433.9    34.5    70.1  12.77  186503.  -25.0    0    0  0.5597   4.81   1.13   1.80   0.16   1.92   2.02   5.01
2015 173 15 15    0.89   -1.27  -10.84  -427.9    31.4    78.7  14.37  237691.  -28.0    0    0  0.5613   5.30   1.21   1.92   0.17   2.09   2.15   5.27
2015 173 15 20    1.61   -1.62  -11.14  -429.1    32.2    73.4  13.92  212150.  -30.0    0    0  0.5629   5.14   1.29   2.03   0.19   2.25   2.26   5.50
2015 173 15 25    0.71   -2.89  -10.17  -429.9    34.0    74.0  14.27  233705.  -33.0    0    0  0.5645   5.29   1.35   2.12   0.20   2.38   2.35   5.70
2015 173 15 30   -3.51   -5.87   -8.00  -416.8    46.9    63.0  12.40  195799.  -37.0    0    0  0.5659   4.32   1.39   2.16   0.21   2.42   2.36   5.71
2015 173 15 35   -1.41   -5.66   -8.81  -417.3    49.5    67.2  12.98  193408.  -42.0    0    0  0.5673   4.55   1.43   2.21   0.22   2.49   2.39   5.77
2015 173 15 40   -0.29   -7.17   -8.35  -421.5    57.6    67.8  12.09  180770.  -44.0    0    0  0.5685   4.35   1.47   2.25   0.22   2.54   2.41   5.78
2015 173 15 45   -0.62   -6.77   -8.39  -421.4    56.1    69.3  12.29  170411.  -45.0    0    0  0.5697   4.42   1.51   2.29   0.23   2.58   2.43   5.81
2015 173 15 50   -0.29   -7.18   -7.62  -424.6    57.4    70.6  12.63  186656.  -46.0    0    0  0.5708   4.61   1.53   2.31   0.24   2.61   2.43   5.83
2015 173 15 55   -0.42   -6.82   -7.45  -427.5    53.4    69.9  12.53  175830.  -46.0    0    0  0.5719   4.62   1.56   2.33   0.25   2.64   2.43   5.85
2015 173 16  0   -1.77   -7.07   -4.65  -425.3    55.3    62.2  12.69  172262.  -47.0    0    0  0.5728   4.62   1.56   2.30   0.25   2.59   2.37   5.77
2015 173 16  5   -4.01   -8.18   -3.35  -417.9    58.1    51.0  13.72  205366.  -49.0    0    0  0.5737   4.80   1.55   2.25   0.25   2.52   2.28   5.66
2015 173 16 10   -1.46   -9.01   -2.94  -429.7    61.5    52.2  13.23  191133.  -49.0    0    0  0.5745   4.90   1.53   2.20   0.26   2.44   2.20   5.55
2015 173 16 15   -1.30   -9.78   -0.23  -431.5    68.8    41.0  13.44  196282.  -50.0    0    0  0.5752   5.01   1.49   2.09   0.26   2.33   2.01   5.24
2015 173 16 20   -1.44   -8.32    3.68  -432.9    67.5    36.0  13.37  183062.  -49.0    0    0  0.5758   5.00   1.44   1.98   0.25   2.22   1.83   4.89
2015 173 16 25   -2.65   -6.21    6.93  -431.7    55.9    23.8  13.35  174661.  -48.0    0    0  0.5763   4.91   1.40   1.88   0.25   2.11   1.66   4.56
2015 173 16 30    1.34  -10.03    3.39  -434.4    59.0    20.1  12.80  178440.  -46.0    0   -1  0.5767   4.77   1.35   1.78   0.25   2.01   1.51   4.25
2015 173 16 35    0.64   -8.64    5.84  -437.2    62.2    16.3  12.25  182220.  -46.0    0    0  0.5771   4.63   1.31   1.68   0.25   1.92   1.37   3.96
2015 173 16 40   -1.13   -8.35    4.65  -431.4    58.9    24.0  13.05  189358.  -46.0    0    0  0.5773   4.81   1.27   1.59   0.25   1.83   1.25   3.69
2015 173 16 45   -2.08   -9.05    3.79  -430.5    60.8    24.1  12.99  182576.  -45.0    0    0  0.5775   4.77   1.23   1.51   0.25   1.74   1.13   3.44
2015 173 16 50   -2.25   -8.30    5.79  -428.1    61.8    20.3  13.05  180162.  -43.0    0    0  0.5776   4.74   1.19   1.43   0.25   1.66   1.03   3.21
2015 173 16 55   -0.86   -6.79    7.23  -435.6    52.5    13.8  11.98  166139.  -41.0    0    0  0.5776   4.47   1.15   1.36   0.25   1.58   0.94   2.99
2015 173 17  0    0.57   -6.01    4.88  -456.6    58.0    12.3  12.30  173723.  -38.0    0    0  0.5775   5.05   1.12   1.28   0.25   1.51   0.85   2.79
2015 173 17  5   -2.41   -5.96    7.34  -435.4    53.1    15.3  12.80  176497.  -34.0    0    0  0.5773   4.78   1.08   1.22   0.25   1.43   0.77   2.60
2015 173 17 10   -2.14   -7.22    3.86  -428.5    62.5    19.1  13.00  181411.  -33.0    0    0  0.5771   4.73   1.05   1.15   0.25   1.37   0.70   2.42
2015 173 17 15    1.05   -9.22    2.94  -438.1    71.8    27.1  13.46  197066.  -31.0    0    0  0.5767   5.16   1.01   1.09   0.25   1.30   0.64   2.26
2015 173 17 20    0.17   -4.90   -1.79  -442.0    61.9    34.7  14.38  214986.  -28.0    0    0  0.5763   5.58   1.00   1.08   0.25   1.26   0.67   2.35
2015 173 17 25   -1.53   -5.58   -7.65  -432.1    60.4    64.7  13.25  209511.  -26.0    0    0  0.5758   4.99   1.05   1.17   0.26   1.36   0.85   2.65
2015 173 17 30    0.24   -3.93   -9.30  -431.1    57.6    75.8  13.50  197884.  -27.0    0    0  0.5752   5.10   1.12   1.29   0.27   1.51   1.05   2.99
2015 173 17 35    1.81   -6.20   -7.34  -437.8    66.8    65.4  12.75  185012.  -27.0    0    0  0.5745   4.95   1.16   1.36   0.28   1.58   1.18   3.24
2015 173 17 40    5.13   -4.01   -6.00  -447.2    73.7    63.2  12.87  200174.  -23.0    0    0  0.5737   5.22   1.19   1.41   0.28   1.63   1.29   3.44
2015 173 17 45    2.70   -9.11   -2.92  -451.5    62.9    73.5  13.02  200938.  -19.0    0   -1  0.5728   5.38   1.18   1.40   0.28   1.60   1.30   3.51
2015 173 17 50    5.50   -1.57   -7.41  -455.8    52.0    83.7  13.18  201701.  -18.0    0    0  0.5719   5.55   1.23   1.47   0.29   1.68   1.44   3.79
2015 173 17 55   -1.13   -8.10   -5.07  -429.3    78.0    54.9  12.22  172760.  -16.0    0    0  0.5708   4.58   1.24   1.49   0.30   1.69   1.48   3.86
2015 173 18  0   -0.81   -8.87   -2.66  -432.3    77.3    41.0  13.26  192427.  -17.0    0    0  0.5697   5.00   1.23   1.47   0.30   1.65   1.46   3.86
2015 173 18  5   -1.02   -9.10   -1.20  -431.7    77.0    39.4  12.22  166624.  -18.0    0    0  0.5685   4.59   1.21   1.42   0.30   1.59   1.39   3.75
2015 173 18 10    1.26   -9.35   -0.01  -443.8    76.0    39.8  12.36  167548.  -15.0    0    0  0.5672   4.89   1.17   1.35   0.30   1.51   1.26   3.51
2015 173 18 15   -2.70   -8.49   -1.35  -424.7    60.7    38.8  12.01  202821.  -15.0    0    0  0.5659   4.32   1.15   1.31   0.30   1.45   1.21   3.42
2015 173 18 20   -2.52   -8.34   -1.45  -431.5    73.6    39.7  11.32  173858.  -20.0    0    0  0.5644   4.24   1.13   1.27   0.30   1.40   1.17   3.35
2015 173 18 25   -3.29   -8.30    0.68  -427.9    71.7    31.4  11.59  169079.  -23.0    0    0  0.5629   4.25   1.09   1.20   0.30   1.33   1.06   3.12
2015 173 18 30   -2.69   -8.54   -0.83  -427.7    75.5    38.0  11.12  160782.  -17.0    0    0  0.5613   4.09   1.07   1.16   0.30   1.28   1.01   3.02
2015 173 18 35    0.03  -10.07   -2.51  -455.7    69.1    39.8  15.99  201239.   77.0    0    0  0.5596   6.63   1.07   1.16   0.30   1.26   1.05   3.17
2015 173 18 40    2.71  -10.77  -13.25  -514.1    53.1    62.3  30.89  503029.   74.0    0    0  0.5579  16.21   1.25   1.50   0.33   1.79   1.60   5.65
2015 173 18 45   -0.26   -8.84  -12.53  -530.5    42.6    55.1  28.65  552943.   66.0    0    0  0.5560  15.89   1.41   1.79   0.37   2.25   2.08   7.80
2015 173 18 50    0.90  -12.80  -20.68  -666.2    -7.5    56.3  49.32 1070391.   58.0    0    0  0.5541  42.71   1.84   2.51   0.50   3.94   3.49  18.59
2015 173 18 55    6.52   -1.91  -24.57  -699.5   -46.0    39.9  53.00 1027415.   50.0    0    0  0.5522  50.61   2.38   3.37   0.70   6.24   5.18  32.62
2015 173 19  0   13.30  -15.68  -21.51  -693.1   -12.0    12.9  58.42  997133.   35.0    0    0  0.5501  54.40   2.84   4.13   0.86   8.08   6.58  46.03
2015 173 19  5    9.77   -9.87  -27.24  -679.0     9.4     8.9  55.13  911856.   27.0    0    0  0.5480  49.25   3.40   5.02   1.07  10.48   8.06  58.58
2015 173 19 10   -2.53    9.07  -32.62  -682.2    -6.9    47.4  48.50 1010632.   19.0    0    0  0.5458  43.94   4.02   5.97   1.33  13.36   9.59  69.55
2015 173 19 15   -1.31    7.02  -35.42  -685.1    -5.3    51.4  39.89  829654.    3.0    0    0  0.5436  36.47   4.63   6.84   1.59  16.20  10.95  77.18
2015 173 19 20    1.72   12.33  -37.76  -685.1   -13.0    29.0  36.95  723609.  -28.0    0    0  0.5412  33.67   5.23   7.68   1.87  19.09  12.21  83.49
2015 173 19 25    6.39    0.18  -36.46  -682.5   -27.2    20.3  43.60  760678.  -40.0    0    0  0.5389  39.44   5.84   8.54   2.15  21.91  13.44  91.67
2015 173 19 30    8.39   -2.62  -33.88  -676.5   -28.6    13.8  44.16  575920.  -47.0    0    0  0.5364  39.23   6.38   9.29   2.40  24.24  14.41  98.68
2015 173 19 35    8.52   -2.16  -34.56  -670.4   -26.0    17.6  42.95  507796.  -58.0    0    0  0.5339  37.47   6.90  10.00   2.65  26.47  15.27 104.62
2015 173 19 40   14.16  -16.37  -25.62  -649.5   -38.4    -7.1  52.79  621945.  -59.0    0    0  0.5313  43.29   7.27  10.49   2.81  27.59  15.71 110.47
2015 173 19 45   -9.64    8.31   -2.99  -644.0   -49.2   -14.9  67.98  533974.  -61.0    0    0  0.5287  54.96   7.13  10.11   2.82  26.44  14.72 108.50
2015 173 19 50  -24.52   31.17    0.11  -634.9   -46.2     0.9  63.97  372241.  -60.0    0    0  0.5260  50.21   6.90   9.58   2.81  25.19  13.37 101.14
2015 173 19 55  -24.53   30.93    4.81  -636.1   -56.2   -13.2  56.77  342504.  -81.0    0    0  0.5233  44.86   6.69   9.07   2.80  24.00  12.15  94.28
2015 173 20  0  -25.20   33.48    9.62  -635.4   -42.0     0.7  52.90  322994. -102.0    0    0  0.5205  41.55   6.48   8.60   2.80  22.86  11.04  87.88
2015 173 20  5  -29.02   28.88   10.99  -635.6   -35.5    -9.8  45.40  321713. -121.0    0    0  0.5176  35.65   6.27   8.14   2.79  21.78  10.03  81.92
2015 173 20 10  -25.01   30.27    7.43  -630.4   -34.0   -13.0  52.95  319726. -134.0    0    0  0.5147  40.90   6.07   7.72   2.78  20.75   9.11  76.36
2015 173 20 15  -24.04   30.44   16.76  -631.6   -42.0   -20.4  49.48  281967. -135.0    0    0  0.5118  38.44   5.88   7.31   2.77  19.77   8.28  71.18
2015 173 20 20  -24.58   23.91   21.00  -626.7   -33.8   -19.4  48.21  320167. -132.0    0    0  0.5088  36.82   5.70   6.93   2.77  18.84   7.52  66.35
2015 173 20 25  -18.22   20.31   23.68  -625.3   -31.6   -28.6  54.24  350745. -118.0    0    0  0.5057  41.27   5.52   6.56   2.76  17.95   6.83  61.85
2015 173 20 30  -18.72   16.84   26.42  -621.8   -37.3   -16.5  49.47  322255. -110.0    0    0  0.5026  37.21   5.35   6.22   2.75  17.10   6.21  57.65
2015 173 20 35  -14.38   16.89   25.49  -622.8   -45.1   -20.0  47.10  277273.  -99.0    0    0  0.4995  35.61   5.18   5.89   2.74  16.29   5.64  53.74
2015 173 20 40  -22.14   29.81   21.65  -626.4   -28.3   -12.9  37.43  367218. -106.0    0    0  0.4963  28.52   5.01   5.58   2.74  15.52   5.13  50.10
2015 173 20 45  -13.66   25.15   12.25  -618.1   -30.1    -7.2  32.29  776204. -108.0    0    0  0.4931  23.96   4.86   5.29   2.73  14.79   4.66  46.70
2015 173 20 50   -9.94   20.85    8.02  -628.5   -43.1    10.0  35.53  844507. -108.0    0    0  0.4898  27.32   4.70   5.01   2.72  14.09   4.23  43.53
2015 173 20 55  -11.83   22.66   -3.22  -622.4   -70.5    15.2  42.79 1371933.  -99.0    0    0  0.4865  32.54   4.63   4.88   2.73  13.55   4.21  43.55
2015 173 21  0  -13.00   24.98   -9.04  -629.2   -86.5    11.8  37.50 2381435.  -99.0    0    0  0.4832  29.31   4.68   4.96   2.76  13.41   4.57  45.13
2015 173 21  5  -14.78   24.41  -11.70  -611.6   -73.8    39.1  34.98 1403975. -103.0    0    0  0.4798  25.82   4.76   5.09   2.80  13.43   4.97  46.52
2015 173 21 10  -14.64   25.40   -3.22  -596.8   -75.6    46.4  37.76 1424064.  -98.0    0    0  0.4764  26.63   4.68   4.96   2.80  12.91   4.85  45.69
2015 173 21 15   -3.57   25.23   -9.06  -641.8   -44.6    58.1  36.18 1347013.  -96.0    0    0  0.4730  29.24   4.73   5.02   2.83  12.80   5.15  47.10
2015 173 21 20   -9.85   23.79    0.23  -653.2   -29.7    34.4  34.44 1269029.  -92.0    0    0  0.4696  28.60   4.58   4.76   2.82  12.20   4.68  43.91
2015 173 21 25  -14.52   17.39    8.34  -633.5   -12.4    10.6  34.52 1396466.  -94.0    0    0  0.4661  26.85   4.43   4.51   2.81  11.62   4.25  40.93
2015 173 21 30  -15.69   11.57   21.18  -664.1    45.2     9.9  33.67 1145254.  -86.0    0    0  0.4626  28.90   4.30   4.27   2.81  11.07   3.87  38.15
2015 173 21 35  -11.68   22.31    8.00  -666.2    11.9    26.6  37.22 1312806.  -88.0    0    0  0.4591  32.06   4.16   4.04   2.80  10.55   3.51  35.57
2015 173 21 40  -13.47   25.85   11.97  -640.5   -77.1   -12.8  36.50 1451638.  -97.0    0    0  0.4555  29.44   4.03   3.83   2.79  10.05   3.19  33.15
2015 173 21 45  -16.18   10.95   21.57  -666.1    -9.6    42.3  38.55  996531.  -99.0    0    0  0.4520  33.27   3.90   3.63   2.78   9.57   2.90  30.90
2015 173 21 50  -11.71    6.64   18.81  -673.7     7.0    48.2  41.33 1031863.  -92.0    0    0  0.4484  36.53   3.78   3.44   2.78   9.12   2.63  28.81
2015 173 21 55   -9.26   19.05   11.79  -670.7    12.6    36.6  41.06  916022.  -85.0    0    0  0.4448  35.90   3.66   3.26   2.77   8.69   2.39  26.85
2015 173 22  0   15.11   20.88   -0.03  -686.9    14.1    42.1  42.33 1084492.  -84.0    0    0  0.4412  38.85   3.55   3.09   2.76   8.28   2.19  25.33
2015 173 22  5    1.46   11.66    7.70  -680.0    15.1    16.3  41.94  981442.  -86.0    0    0  0.4375  37.60   3.44   2.93   2.75   7.89   1.99  23.61
2015 173 22 10    0.85    2.84   20.64  -668.1    24.2     3.8  42.88  828490.  -86.0    0    0  0.4339  37.12   3.33   2.77   2.75   7.51   1.81  22.01
2015 173 22 15   -4.81  -11.46   19.13  -664.3    27.8     0.7  38.05  690096.  -84.0    0    0  0.4303  32.58   3.22   2.63   2.74   7.16   1.64  20.52
2015 173 22 20   -3.93  -12.04   20.25  -660.3    11.2     1.1  37.09  593319.  -90.0    0    0  0.4266  31.33   3.12   2.49   2.73   6.82   1.49  19.13
2015 173 22 25   -5.46   -4.95   17.53  -654.0     3.6    -7.6  41.98  705214.  -89.0    0    0  0.4230  34.79   3.02   2.36   2.73   6.50   1.36  17.83
2015 173 22 30   -6.46    3.53   14.23  -645.0   -24.6     2.4  44.11  964645.  -88.0    0    0  0.4193  35.60   2.93   2.23   2.72   6.19   1.23  16.62
2015 173 22 35   -5.86   -4.38   11.68  -645.0    12.9   -13.4  42.97 1095747.  -91.0    0    0  0.4156  34.66   2.84   2.12   2.71   5.90   1.12  15.49
2015 173 22 40   -6.02   -5.34   16.10  -645.4    18.2   -24.4  35.84  878334.  -92.0    0    0  0.4120  28.98   2.75   2.01   2.70   5.62   1.02  14.44
2015 173 22 45   -5.62   17.89   10.36  -646.7   -41.5     1.9  37.22 1028301.  -94.0    0    0  0.4083  30.28   2.66   1.90   2.70   5.35   0.92  13.46
2015 173 22 50   -6.71   22.45    5.24  -643.9   -30.0   -19.5  34.56 1389439.  -95.0    0    0  0.4047  27.84   2.58   1.80   2.69   5.10   0.84  12.55
2015 173 22 55   -4.78   26.74    5.09  -649.3   -22.9   -19.2  32.00 1336853. -100.0    0    0  0.4010  26.19   2.50   1.71   2.68   4.86   0.76  11.70
2015 173 23  0   -7.25   27.40    6.19  -652.7     3.5   -16.4  28.35 1296821. -100.0    0    0  0.3974  23.41   2.42   1.62   2.68   4.63   0.69  10.90
2015 173 23  5   -2.47   11.87   12.67  -660.5    12.1   -24.4  30.93 1078842. -101.0    0    0  0.3937  26.18   2.34   1.53   2.67   4.41   0.63  10.16
2015 173 23 10    4.85    3.26   22.01  -659.8     2.8   -28.2  32.24  878217.  -90.0    0    0  0.3901  27.24   2.27   1.45   2.66   4.20   0.57   9.47
2015 173 23 15    1.58   16.63   12.58  -657.5     7.9   -33.1  31.27  979021.  -92.0    0    0  0.3865  26.25   2.20   1.37   2.65   4.00   0.52   8.83
2015 173 23 20   -3.09   20.95    8.65  -655.5     0.6   -33.3  30.07 1001438.  -96.0    0    0  0.3829  25.09   2.13   1.30   2.65   3.81   0.47   8.23
2015 173 23 25   -5.57   20.50   10.65  -652.2     3.7   -38.2  28.51  828365.  -98.0    0    0  0.3793  23.57   2.06   1.23   2.64   3.63   0.43   7.67
2015 173 23 30   -4.50   19.35   12.02  -645.5    -2.2   -40.9  29.96  906583.  -98.0    0    0  0.3757  24.28   2.00   1.17   2.63   3.46   0.39   7.15
2015 173 23 35   -1.15    7.13   12.01  -657.5     5.8   -37.5  31.89  867282.  -98.0    0    0  0.3722  26.79   1.93   1.11   2.63   3.30   0.35   6.67
2015 173 23 40   -3.64    3.48   15.74  -644.0    12.1   -47.3  34.04  801952.  -91.0    0    0  0.3686  27.50   1.87   1.05   2.62   3.14   0.32   6.22
2015 173 23 45   -1.93    6.52   13.65  -642.1     8.9   -43.9  31.45  760597.  -92.0    0    0  0.3651  25.24   1.81   0.99   2.61   2.99   0.29   5.79
2015 173 23 50   -0.82   10.29   18.95  -645.0   -10.9   -45.5  30.00  815974.  -92.0    0    0  0.3616  24.30   1.76   0.94   2.61   2.85   0.27   5.40
2015 173 23 55    1.96    6.84   21.57  -647.6   -14.1   -40.9  27.29  737638.  -91.0    0    0  0.3582  22.27   1.70   0.89   2.60   2.72   0.24   5.03
2015 174  0  0    3.49    0.99   20.42  -657.5     0.8   -48.2  26.51  679505.  -79.0    0    0  0.3547  22.32   1.65   0.84   2.59   2.59   0.22   4.69
2015 174  0  5   -0.15   -2.39   19.91  -642.8    16.2   -54.6  29.84  833762.  -78.0    0    0  0.3513  24.07   1.60   0.80   2.58   2.47   0.20   4.37
2015 174  0 10    1.15    1.72   23.59  -645.4    25.0   -26.3  26.09 1168224.  -82.0    0    0  0.3479  21.12   1.55   0.76   2.58   2.35   0.18   4.08
2015 174  0 15   -0.18    3.42   15.16  -641.6    29.4   -16.9  30.43 1320616.  -83.0    0    0  0.3446  24.33   1.50   0.72   2.57   2.24   0.16   3.80
2015 174  0 20   -2.34   12.58   13.31  -649.8    33.7    -5.7  30.21 1234375.  -80.0    0    0  0.3412  24.78   1.45   0.68   2.56   2.13   0.15   3.54
2015 174  0 25    4.04    3.01   20.65  -639.3    25.2   -32.8  28.94 1207847.  -81.0    0    0  0.3380  23.01   1.40   0.64   2.56   2.03   0.14   3.30
2015 174  0 30    8.63   -6.79   29.49  -650.5    39.2   -31.3  21.31  827385.  -88.0    0    0  0.3347  17.57   1.36   0.61   2.55   1.94   0.12   3.08
2015 174  0 35    6.78   -4.81   31.23  -647.0    30.1   -35.5  21.23  943470.  -90.0    0    0  0.3315  17.30   1.32   0.58   2.54   1.84   0.11   2.87
2015 174  0 40    6.67   -6.24   27.61  -643.3    29.4   -26.5  21.87 1041559.  -90.0    0    0  0.3283  17.60   1.28   0.55   2.54   1.76   0.10   2.68
2015 174  0 45    4.92   -5.14   18.59  -652.6    27.5   -40.3  26.78 1102644.  -84.0    0    0  0.3251  22.22   1.24   0.52   2.53   1.67   0.09   2.49
2015 174  0 50   -8.44   13.18   -8.16  -666.7    43.1   -17.9  20.00 1002460.  -81.0    0    0  0.3220  17.30   1.34   0.71   2.55   1.95   0.66   4.52
2015 174  0 55   -7.27    9.90  -21.65  -690.5    48.8    19.0  10.31  828181.  -92.0    0    0  0.3190   9.58   1.57   1.03   2.63   2.86   1.53   5.97
