2024 131 11  0    0.55   -2.59   -2.84  -423.3    17.8    -6.7   3.38    60616  1.21   343    -6  0  0
2024 131 11  5    0.76   -2.65   -2.61  -423.7    21.3    -6.6   3.28    57374  1.18   306    -5  0  0
2024 131 11 10   -0.02   -1.93   -3.36  -415.8    15.4     2.5   2.81    52793  0.97   353    -6  0  0
2024 131 11 15   -0.53   -0.98   -2.53  -417.1    10.7    -9.4   3.74    73894  1.30   315    -6  0  0
2024 131 11 20    0.12   -1.54   -2.54  -424.1    15.2    -8.2   4.07    71572  1.47   343    -6  0  0
2024 131 11 25   -0.47   -1.76   -3.04  -421.1    17.3    -8.1   4.15    71206  1.47   343    -6  0  0
2024 131 11 30   -0.22   -2.20   -2.63  -421.7    14.9    -9.9   4.15    74749  1.48   359    -7  0  0
2024 131 11 35    0.08   -2.40   -2.70  -421.4    19.2    -8.9   3.74    67486  1.33   374    -8  0  0
2024 131 11 40   -0.46   -2.28   -2.97  -423.2    21.3    -7.4   3.23    59511  1.16   391    -9  0  0
2024 131 11 45   -0.53   -2.49   -2.82  -422.6    22.5   -10.7   3.26    57303  1.17   437    -9  0  0
2024 131 11 50   -0.86   -2.30   -2.72  -418.6    19.0   -14.2   3.24    75522  1.14   534    -9  0  0
2024 131 11 55   -1.00   -1.81   -2.86  -417.1    21.2    -9.4   3.19    81534  1.11   559    -9  0  0
2024 131 12  0   -0.45   -1.53   -2.82  -424.4    23.4    -6.5   2.94    56958  1.06   515    -9  0  0
2024 131 12  5   -0.35   -2.08   -2.90  -425.3    18.0   -14.5   3.62    77377  1.31   525    -8  0  0
2024 131 12 10   -0.91   -1.68   -2.48  -429.9    23.1    -3.5   2.44    42872  0.90   551    -9  0  0
2024 131 12 15   -0.28   -2.19   -2.86  -425.2    21.4    -8.3   2.70    49952  0.97   543    -9  0  0
2024 131 12 20   -0.50   -2.11   -2.67  -432.2    21.8   -10.0   2.29    41033  0.86   532   -10  0  0
2024 131 12 25   -0.89   -1.06   -2.40  -421.0    12.3    -4.5   3.25    69501  1.15   497    -9  0  0
2024 131 12 30   -1.09   -1.46   -2.87  -422.0    16.9    -4.3   3.14    55360  1.13   507    -9  0  0
2024 131 12 35   -1.55   -1.48   -2.99  -410.7    10.2    -2.7   2.81    67662  0.95   501    -9  0  0
2024 131 12 40   -1.70   -1.69   -3.19  -409.0    10.6    -1.2   2.79    68845  0.93   498    -9  0  0
2024 131 12 45   -1.95   -1.46   -3.11  -408.3    10.7    -0.9   2.79    75353  0.93   506    -9  0 -1
2024 131 12 50   -2.45   -1.39   -2.81  -407.6    10.8    -0.6   2.79    81861  0.93   505    -9  0 -1
2024 131 12 55   -2.80   -0.73   -2.67  -406.9    10.9    -0.3   2.79    88370  0.93   476    -9  0 -1
2024 131 13  0   -2.69   -0.64   -2.74  -406.2    11.1     0.0   2.80    94878  0.92   453    -8  0 -1
2024 131 13  5   -2.79   -0.58   -2.71  -405.5    11.2     0.3   2.80   101386  0.92   417    -6  0 -1
2024 131 13 10   -2.91   -0.23   -2.25  -404.8    11.3     0.6   2.80   107894  0.92   416    -6  0  0
2024 131 13 15   -2.92    0.33   -2.12  -404.8    -2.2   -12.4   3.12   118088  1.02   485    -5  0  0
2024 131 13 20   -3.05    0.16   -1.95  -406.2     0.0    -2.4   3.29   125044  1.08   376    -5  0 -1
2024 131 13 25   -2.72   -0.51   -2.25  -407.7     2.2     7.7   3.45   132000  1.15   356    -5  0  0
2024 131 13 30   -3.12    0.12   -1.81  -405.6     2.7     1.7   3.30   126874  1.08   344    -4  0 -1
2024 131 13 35   -3.06   -0.27   -1.63  -403.5     3.2    -4.3   3.15   121747  1.02   355    -3  0  0
2024 131 13 40   -3.23    0.66   -0.76  -402.4    -4.3    -3.9   3.27   152551  1.06   339    -2  0  0
2024 131 13 45   -3.29    0.58   -0.64  -400.4    -3.6   -19.6   3.21    82514  1.03   328    -2  0  0
2024 131 13 50   -3.11    0.01   -0.69  -401.3     2.9   -14.1   3.15   109280  1.01   309     1  0  0
2024 131 13 55   -3.03   -0.23   -0.22  -406.5    -8.1   -41.4   3.22    93752  1.07   327     3  0  0
2024 131 14  0   -2.73    0.07    0.89  -404.9     4.3   -15.4   3.03    94845  1.00   372     3  0  0
2024 131 14  5   -2.94   -0.23    0.85  -408.6     1.3   -27.5   3.26   104433  1.09   395     4  0  0
2024 131 14 10   -3.10    0.87    1.02  -408.3     4.0   -15.7   3.64   113655  1.22   432     4  0  0
2024 131 14 15   -3.16    1.40    0.54  -409.2    -5.3   -25.3   3.68    98857  1.24   415     4  0  0
2024 131 14 20   -3.45    0.35    1.03  -408.4   -10.8   -21.5   3.63   105360  1.21   415     4  0 -1
2024 131 14 25   -3.35    1.15    0.39  -407.6   -16.4   -17.7   3.58   111864  1.19   421     3  0  0
2024 131 14 30   -3.12    1.36    0.34  -408.4   -11.8   -21.0   3.72   127776  1.24   373     3  0  0
2024 131 14 35   -2.19    1.51    0.92  -414.3    -8.6     3.0   3.59   149458  1.24   406     4  0  0
2024 131 14 40   -2.48    1.31    0.12  -429.0   -11.4    26.1   3.82   244874  1.41   439     3  0  0
2024 131 14 45   -1.92    1.13   -0.59  -423.3    -7.3     7.2   3.90   195732  1.40   489     4  0 -1
2024 131 14 50   -2.31    1.22    0.47  -417.6    -3.2   -11.8   3.98   146590  1.40   351     8  0  0
2024 131 14 55   -1.82    0.17   -0.62  -432.7     8.4    -1.0   5.87    98216  2.26   309    14  0  0
2024 131 15  0   -1.99   -0.11   -0.93  -433.1    -0.1    -1.5   4.85   128838  1.85   239    17  0  0
2024 131 15  5   -2.33    0.49   -0.80  -443.7    11.6    -6.3   6.39   100922  2.56   243    17  0  0
2024 131 15 10   -2.07    0.58    0.03  -443.4     9.8    -6.1   9.43    92240  3.73   347    15  0  0
2024 131 15 15   -1.81   -0.02   -0.91  -450.2     8.9    -4.5  10.47    82852  4.27   378    14  0  0
2024 131 15 20   -2.31    0.22   -0.91  -450.0    11.7    -3.5  10.06   103017  4.12   282    14  0  0
2024 131 15 25   -2.18   -0.12    0.20  -455.1     9.9     0.7  12.42    57309  5.15   323    12  0  0
2024 131 15 30   -1.72   -0.50   -0.62  -454.6     7.3    -3.4  12.67    52186  5.24   322    12  0  0
2024 131 15 35   -1.27    0.91    1.35  -454.0    11.6    -2.1  14.01    49930  5.78   251    11  0  0
2024 131 15 40   -1.44    1.35    1.84  -452.3    16.2     2.5  15.03    47432  6.16   174    12  0  0
2024 131 15 45   -1.27    1.28    1.66  -449.8    16.6     3.5  15.00    48323  6.08   189    13  0  0
2024 131 15 50   -1.04    1.48    1.77  -448.7    15.4     3.6  14.59    49263  5.88   198    13  0  0
2024 131 15 55   -0.98    0.81    1.66  -451.5    15.5     0.5  15.26    42346  6.24   201    14  0  0
2024 131 16  0   -1.09    0.98    1.48  -448.5    18.1     6.2  15.55    49001  6.27   224    14  0  0
2024 131 16  5   -1.46    1.06    1.40  -448.1    17.3     3.7  15.56    46613  6.26   270    14  0  0
2024 131 16 10   -1.60    1.52    1.41  -447.9    20.5     4.3  15.13    45284  6.09   215    13  0  0
2024 131 16 15   -0.85    1.63    2.12  -450.6    17.4     1.5  16.10    52646  6.54   206    11  0  0
2024 131 16 20   -1.25    1.97    1.56  -448.0    13.7     7.2  15.69    49489  6.31   200     9  0  0
2024 131 16 25   -1.37    2.20    1.86  -446.1    17.3     3.5  15.80    49482  6.31   237     8  0  0
2024 131 16 30   -1.23    2.30    1.69  -445.9    16.5     4.8  15.25    48454  6.08   213     8  0  0
2024 131 16 35   -1.32    2.05    1.91  -448.4    17.8     1.6  17.04    45406  6.86   137    11  0  0
2024 131 16 40   -1.23    2.20    2.21  -447.9    16.1     1.1  15.60    41688  6.27   125    14  0  0
2024 131 16 45   -1.35    2.14    2.40  -448.5    19.4     2.9  17.78    50810  7.17   104    18  0  0
2024 131 16 50   -1.37    3.23    2.44  -448.5    19.4     2.9  17.78    50810  7.17   147    13  0  0
2024 131 16 55   -1.52    2.91    2.73  -447.2    16.4    -1.3  17.40    44104  6.97   108    16  0  0
2024 131 17  0    0.88    2.09   -0.84  -446.8    23.8     0.4  14.88    45156  5.96    92    12  0  0
2024 131 17  5   -3.08   -6.96   -8.37  -604.4     7.1    46.0  35.13   554578 30.62   575    46  0  0
2024 131 17 10   -2.89   -3.73   -3.73  -557.2    20.0    30.1  31.53   320452 23.30   640    79  0  0
2024 131 17 15   -2.61    2.16   -1.99  -568.2    18.7    42.8  34.68   354356 28.26   593    79  0  0
2024 131 17 20   -2.84   -5.33   -5.37  -546.9    47.1    39.9  26.56   335738 18.74  1234    67  0  0
2024 131 17 25   -5.74   -6.83   -2.65  -486.1    22.9    13.4  24.56   130478 13.81  2177    55  0  0
2024 131 17 30   -4.84  -10.65  -13.72  -536.1    61.1     7.4  21.98   405563 14.08  1658    40  0  0
2024 131 17 35   -8.71  -15.10  -22.51  -574.0    56.0    17.4  25.12   526976 18.80  1983    38  0 -1
2024 131 17 40   -8.57  -13.64  -18.96  -611.9    50.8    27.3  28.26   648388 23.52  1976    41  0 -1
2024 131 17 45  -10.29  -18.66  -20.87  -649.8    45.6    37.3  31.40   769800 28.24  1583    22  0 -1
2024 131 17 50    0.66   -8.38    1.05  -687.7    40.5    47.2  34.54   891213 32.96  1694     6  0  0
2024 131 17 55    1.84  -12.99    2.51  -670.8    37.3    72.4  38.05   948703 34.72  1223    -9  0  0
2024 131 18  0  -12.21  -29.02  -22.68  -692.9    37.0    70.7  29.23   477126 28.44  1712    -2  0  0
2024 131 18  5  -16.74  -17.00  -35.07  -702.0    57.5    36.2  35.74   374508 35.58  1793   -18  0  0
2024 131 18 10  -16.27  -43.84  -16.94  -709.2    19.4    38.4  18.55   594015 18.84  1077   -39  0  0
2024 131 18 15  -14.46  -45.67  -12.20  -696.9    -3.1    49.6  17.68   830957 17.27  1219   -72  0  0
2024 131 18 20  -14.43  -47.16  -11.70  -688.3     3.7    34.8  16.03   998444 15.25   852   -76  0  0
2024 131 18 25   -6.63  -29.78   -5.18  -696.0    40.1     4.9  23.02   969805 22.64  1074   -46  0  0
2024 131 18 30   -4.55   -8.19   -0.98  -692.3   116.9   -20.2  54.97  1774759 54.34  1241   -50  0  0
2024 131 18 35  -10.91   -2.61  -13.38  -711.5    77.8   -20.5  48.23  1244153 49.46   754   -81  0  0
2024 131 18 40  -10.03    7.18  -13.99  -704.2    85.6   -28.1  49.35  1328933 49.75   761   -84  0 -1
2024 131 18 45  -11.71    2.26  -18.97  -696.9    93.4   -35.6  50.47  1413713 50.03   794   -82  0  0
2024 131 18 50  -14.48   -2.65  -20.34  -704.2    76.4   -59.1  50.53  1252558 51.07   961   -82  0  0
2024 131 18 55    0.66  -16.51    0.25  -665.3    42.2     7.5  41.53  1053194 37.59   985  -104  0  0
2024 131 19  0   12.51  -16.25   19.21  -631.6    51.9    48.0  41.68  1028828 33.86   388  -148  0  0
2024 131 19  5   -7.53  -29.77   10.66  -656.5    17.9    48.1  38.45  1008498 33.17   352  -166  0  0
2024 131 19 10   -3.63  -30.41   10.75  -667.2   -28.5    48.9  38.98  1024024 34.94  1290  -158  0  0
2024 131 19 15   -1.37  -29.69    7.13  -658.8   -25.8    41.0  36.87  1044740 32.19  2618  -170  0  0
2024 131 19 20   -5.44  -20.37    3.44  -686.4    -2.7     0.6  44.42   862953 42.16  2234  -178  0  0
2024 131 19 25   -4.63  -21.05   -0.86  -670.6   -11.7     7.3  38.21   901485 34.78  1755  -171  0  0
2024 131 19 30    0.57  -18.23   -5.82  -673.1    10.6    -6.1  39.30   784458 36.04  1423  -176  0  0
2024 131 19 35    3.59  -21.72    4.36  -676.2   -12.8   -10.3  35.14   919094 32.49  1850  -169  0  0
2024 131 19 40   -2.65  -15.12   -7.66  -713.1    31.4   -12.3  50.49   358925 51.58  2830  -140  0  0
2024 131 19 45   -9.80  -15.11  -19.52  -717.4    33.9   -21.6  43.55   272789 44.99  3540  -120  0  0
2024 131 19 50   -8.96  -11.10  -23.07  -711.2    36.6   -15.6  51.36   187761 52.10  2389  -108  0  0
2024 131 19 55  -14.81  -19.65  -23.13  -711.0    40.1   -25.9  52.89   179482 53.77  1020  -103  0  0
2024 131 20  0  -15.98   -4.62  -31.84  -692.9    58.1    15.7  53.41   200722 51.66   657  -149  0  0
2024 131 20  5  -13.59   -1.42  -28.38  -707.5    48.0    14.5  56.98   206753 57.38   700  -158  0  0
2024 131 20 10  -16.57    3.71  -27.62  -700.9    43.9    28.4  53.00   158102 52.37   720  -144  0  0
2024 131 20 15  -15.51   -2.09  -25.98  -711.3    41.9    11.8  56.83   227093 57.73   672  -126  0  0
2024 131 20 20  -17.34   -2.10  -22.06  -708.0    42.6     7.5  55.77   230583 56.18   690  -132  0 -1
2024 131 20 25  -12.22   -0.56  -20.96  -704.7    43.4     3.2  54.71   234073 54.63   874  -123  0 -1
2024 131 20 30  -13.22   -1.13  -22.16  -701.5    44.1    -1.1  53.65   237562 53.08  1006  -125  0 -1
2024 131 20 35  -12.93   -1.92  -24.86  -698.2    44.9    -5.4  52.59   241052 51.53  1001  -141  0 -1
2024 131 20 40  -15.62   -8.84  -26.80  -694.9    45.6    -9.7  51.53   244542 49.98  1066  -149  0  0
2024 131 20 45  -13.12   -7.18  -29.26  -704.1    39.4   -12.8  45.42   290156 45.16  1008  -147  0  0
2024 131 20 50  -14.72  -13.58  -25.53  -704.3    33.2   -10.9  46.14   286580 45.87  1043  -143  0  0
2024 131 20 55  -14.21  -11.49  -25.48  -700.7    40.0    -3.8  53.83   264551 53.00   972  -159  0  0
2024 131 21  0  -18.87  -14.20  -29.88  -698.1    41.9    -6.0  40.92   216411 40.00   820  -182  0  0
2024 131 21  5  -18.94  -11.47  -31.39  -700.0    38.4   -15.0  38.06   200586 37.29   850  -188  0  0
2024 131 21 10  -17.37    1.78  -33.35  -689.8    52.5    -7.4  34.40   177475 33.04   840  -204  0  0
2024 131 21 15  -17.59  -12.00  -33.07  -686.0    37.2   -12.2  36.99   178298 35.04   768  -216  0  0
2024 131 21 20  -17.94  -20.44  -31.59  -683.3    -4.8   -17.8  37.49   153353 35.06   777  -204  0  0
2024 131 21 25  -19.44  -21.31  -32.52  -689.0     0.1   -26.2  35.87   129938 34.12   968  -197  0  0
2024 131 21 30  -19.51  -20.69  -32.59  -689.4    -2.5   -24.5  37.60   142235 35.79   611  -217  0  0
2024 131 21 35  -20.57  -19.13  -32.96  -687.4     3.6   -27.9  37.63   150975 35.63   755  -211  0  0
2024 131 21 40  -22.28  -13.67  -34.77  -694.0    21.6   -21.9  38.61   167412 37.26   500  -242  0  0
2024 131 21 45  -25.23   -5.69  -37.22  -696.4    43.1   -22.1  24.55   158182 23.94   400  -292  0  0
2024 131 21 50  -25.47  -20.60  -35.53  -686.2     9.9    -5.3  15.14   153173 14.30   665  -280  0  0
2024 131 21 55  -21.04  -37.22  -23.63  -678.9   -10.9    14.2  13.46   146311 12.42   610  -276  0  0
2024 131 22  0  -14.12  -48.07   -6.09  -668.8   -20.5    37.0  14.68   143882 13.20   803  -280  0  0
2024 131 22  5  -14.51  -52.04   -9.35  -672.1    -0.0    34.6  15.70   215071 14.27   635  -232  0  0
2024 131 22 10  -17.21  -65.52  -11.02  -717.0    -6.0    65.0  26.82   256918 27.84   607  -270  0  0
2024 131 22 15  -17.20  -67.17   -6.06  -717.8     0.3    67.3  21.37   255276 22.20   859  -295  0  0
2024 131 22 20  -14.53  -66.92   -2.37  -745.7    -5.8    57.1  23.25   342312 26.01  1046  -307  0  0
2024 131 22 25  -11.64  -65.76    8.31  -759.7   -17.1    32.4  23.32   374112 27.01   835  -290  0  0
2024 131 22 30    0.83  -14.52   25.89  -773.1    -1.4    14.9  21.62   407808 25.86   567  -271  0  0
2024 131 22 35   15.42   62.46   18.61  -759.0    24.0     8.0  25.27    83143 29.14  1223  -257  0  0
2024 131 22 40    6.02   65.27   -3.06  -757.4    26.9    10.8  26.68   106453 30.67  1488  -315  0  0
2024 131 22 45   -3.84   63.64  -18.64  -762.9    13.1    -4.0  32.52   101637 37.96  1186  -320  0  0
2024 131 22 50    3.21   63.63  -26.28  -734.5    23.3    19.1  21.98    68540 23.66  1905  -324  0  0
2024 131 22 55    3.58   66.10  -18.35  -723.3    15.9    26.2  27.51    60260 28.83  1716  -328  0  0
2024 131 23  0    3.22   67.74  -15.81  -738.8    19.8    34.2  39.94    69938 43.72  1482  -292  0  0
2024 131 23  5    1.94   65.41  -22.23  -752.0     2.4    -1.2  35.02    76296 39.62  1692  -283  0  0
2024 131 23 10    1.85   64.96  -23.16  -755.1   -12.4   -12.5  34.93    73268 39.85  1316  -335 -1  0
2024 131 23 15    1.75   64.51  -24.09  -749.9    -7.5   -13.1  35.11    77029 39.51  1772  -328 -1 -1
2024 131 23 20    1.66   64.06  -25.02  -744.8    -2.6   -13.7  35.28    80790 39.16  1559  -318 -1 -1
2024 131 23 25    1.57   63.61  -25.95  -739.6     2.3   -14.2  35.46    84551 38.81  1330  -294 -1 -1
2024 131 23 30    1.48   63.16  -26.88  -734.4     7.2   -14.8  35.64    88312 38.47  1030  -303 -1 -1
2024 131 23 35    1.38   62.71  -27.81  -729.3    12.1   -15.4  35.81    92073 38.12  1002  -308 -1 -1
2024 131 23 40    1.29   62.26  -28.74  -724.1    17.0   -16.0  35.99    95834 37.78  1061  -306  0  0
2024 131 23 45   -5.83   57.60  -35.53  -730.1   -12.0   -30.2  33.47    90610 35.75  1198  -340  0  0
2024 131 23 50   -9.42   52.36  -41.52  -733.2    -7.4   -12.4  25.31   130750 27.12  1351  -341 -1 -1
2024 131 23 55  -13.00   47.12  -47.50  -736.4    -2.7     5.3  17.16   170889 18.48   861  -330 -1 -1
2024 132  0  0  -16.59   41.88  -53.49  -739.5     1.9    23.1   9.00   211029  9.85   622  -315  0  0
2024 132  0  5  -16.84   39.76  -54.64  -740.1   -59.7   -55.6   6.65   252789  7.37   465  -309  0  0
2024 132  0 10  -16.93   36.98  -54.52  -726.7   -68.1   -51.7   8.08   198350  8.64   306  -300  0  0
2024 132  0 15  -14.62   29.20  -54.39  -717.0   -34.8   -34.4  11.79   225118 12.27   675  -296  0  0
2024 132  0 20   -5.78   21.38  -42.18  -761.5   -22.2   -21.7  23.34   400033 27.47   930  -286  0  0
2024 132  0 25   -7.17   13.40  -45.77  -773.1    37.9   -12.9  25.70   467879 30.61   942  -271  0  0
2024 132  0 30  -18.46    1.99  -47.26  -754.5    34.9   -22.9  27.88   398535 31.87  1162  -265  0  0
2024 132  0 35  -23.80    1.01  -46.39  -770.1    35.3   -49.6  27.05   313981 32.28  1162  -287  0  0
2024 132  0 40  -26.52   -6.11  -45.67  -741.9    57.2   -24.4  24.61   326392 27.28  1368  -300  0  0
2024 132  0 45  -25.51   -1.98  -44.08  -758.9    35.9   -19.6  25.58   319914 29.41   971  -298  0  0
2024 132  0 50  -28.57    0.24  -41.07  -752.4    53.5   -39.9  27.25   430901 31.08   873  -311  0  0
2024 132  0 55  -32.66   14.50  -35.17  -780.2    37.5   -17.8  26.49   343861 32.34  1012  -324  0  0
2024 132  1  0  -30.48   17.03  -35.49  -726.1    34.0     6.8  28.96   549812 30.60  1032  -336  0  0
2024 132  1  5  -32.34   -2.51  -38.56  -749.8    44.4   -34.6  26.26   183518 29.69   866  -345  0  0
2024 132  1 10  -26.72   -5.12  -41.03  -745.7    58.1   -39.9  28.43   275597 31.94   647  -360  0  0
2024 132  1 15  -21.84  -19.72  -34.61  -739.8    63.6   -52.6  29.46   320044 32.68   916  -357  0  0
2024 132  1 20  -21.75  -30.30  -30.75  -732.2    46.7   -82.8  21.58   290898 23.54   933  -360  0  0
2024 132  1 25  -20.30  -26.13  -27.58  -733.0    49.6    -8.9  29.36   312982 31.84   879  -388  0  0
2024 132  1 30  -22.75  -32.20  -15.14  -729.2    61.6   -21.3  32.97   266935 35.37  1057  -383  0  0
2024 132  1 35  -23.29  -36.37   -3.15  -732.0    37.0     4.7  29.13   276209 31.32  1092  -397  0  0
2024 132  1 40  -21.02  -24.29   -2.17  -722.2    29.6    38.6  33.89   397458 35.66   909  -413  0  0
2024 132  1 45  -10.99   -0.06  -17.65  -759.8    -5.0    44.5  42.76   528660 49.48   881  -417  0  0
2024 132  1 50    5.88    4.51  -33.99  -726.2    23.3    38.3  44.17   372152 46.77   964  -419  0  0
2024 132  1 55    6.05    3.96  -34.00  -749.2    11.0    27.3  37.66   182414 42.34   940  -431  0  0
2024 132  2  0    4.80    3.24  -34.66  -747.5     9.3    26.1  38.08   180808 42.60   835  -432  0 -1
2024 132  2  5    4.75    2.92  -34.66  -745.8     7.6    24.8  38.49   179202 42.87   876  -431  0 -1
2024 132  2 10    3.10    2.04  -33.10  -744.1     5.9    23.6  38.91   177596 43.13  1063  -489  0  0
2024 132  2 15   -1.89   -2.25  -28.26  -737.5     7.6    20.1  40.78   353682 44.39  1134  -497  0  0
2024 132  2 20   -3.36   -6.99  -31.34  -734.6    -9.9    -5.4  38.72   220494 41.80  1082  -485  0  0
2024 132  2 25    0.01   -0.15  -33.33  -734.6    -9.9    -5.4  38.72   220494 41.80  1003  -468  0  0
2024 132  2 30    1.91    3.31  -33.53  -729.6    22.5    17.8  33.88   324085 36.12   993  -439  0  0
2024 132  2 35   -1.18   -4.38  -32.85  -729.6    22.5    17.8  33.88   324085 36.12  1096  -428  0  0
2024 132  2 40    2.49   -3.80  -27.28  -720.7     7.9     1.6  41.50   198801 43.10  1157  -422  0  0
2024 132  2 45    2.10   -7.96  -26.99  -731.5    -3.9     9.3  40.37   218363 43.22  1160  -386  0  0
2024 132  2 50  -12.78  -15.93   -9.92  -761.8   -16.6     9.6  31.26   177695 36.04  1006  -369  0  0
2024 132  2 55  -12.22  -14.99  -15.86  -760.5   -10.5     6.0  36.00   171047 41.47   759  -386  0  0
2024 132  3  0  -13.05  -16.91  -15.41  -754.0   -17.1    -9.4  34.44   165589 39.12   711  -392  0  0
2024 132  3  5   -9.40  -14.11  -24.21  -753.8   -18.1   -11.0  23.77   181455 27.02   980  -390  0  0
2024 132  3 10  -14.33  -20.92  -22.17  -728.9    -8.1   -25.9  15.96   210691 17.04  1045  -375  0  0
2024 132  3 15  -20.78  -16.05  -18.30  -757.1    -4.3   -27.9  18.57   151339 22.07   722  -383  0  0
2024 132  3 20  -22.87   -7.94  -15.93  -790.7    14.7   -10.5  33.53    84670 41.95   606  -426  0  0
2024 132  3 25  -18.65  -13.96  -19.87  -757.6    18.5    -6.5  23.71   150521 29.01   507  -416  0  0
2024 132  3 30  -13.10  -29.76  -23.21  -702.5    -1.4   -55.5   5.86   202250  5.81   492  -394  0  0
2024 132  3 35  -16.61  -29.85  -20.05  -703.1    -5.3   -61.2   7.00   215752  6.99   669  -388  0  0
2024 132  3 40  -15.62  -29.41  -21.85  -708.4   -11.7   -59.1   7.08   182606  7.16   720  -384  0  0
2024 132  3 45  -14.13  -30.94  -20.65  -713.2   -11.7   -58.7   7.00   181735  7.17   802  -382  0  0
2024 132  3 50  -12.75  -30.08  -23.62  -698.4     8.7   -53.7   6.00   154652  5.90   666  -385  0  0
2024 132  3 55  -12.62  -30.22  -23.75  -693.5     6.8   -48.6   6.35   194824  6.14   682  -389  0  0
2024 132  4  0  -13.76  -30.52  -22.43  -691.5    -4.3   -39.3   6.28   154086  6.03   718  -391  0  0
2024 132  4  5  -16.07  -31.90  -17.01  -704.3   -31.5   -19.5   8.47   182064  8.47   541  -388  0  0
2024 132  4 10  -18.18  -33.26  -12.33  -705.6   -24.6   -10.4   8.32   205954  8.31   587  -388  0  0
2024 132  4 15  -18.18  -33.82   -9.99  -700.8   -25.3    -6.3   7.22   204985  7.10   646  -392  0  0
2024 132  4 20  -17.46  -34.28   -6.58  -696.8   -32.9    -3.6   8.61   211662  8.44   671  -391  0  0
2024 132  4 25  -15.15  -33.97    8.21  -707.1   -46.0    33.3  17.99   209417 18.13   620  -403  0  0
2024 132  4 30  -16.70  -34.69    8.80  -704.1   -46.0    26.1  12.50   214247 12.46   769  -396  0  0
2024 132  4 35  -16.56  -33.67    7.94  -707.2   -53.0    53.7  13.84   191782 13.95   864  -425  0  0
2024 132  4 40  -12.91  -26.26   20.63  -702.1   -38.3    49.4  24.29   191878 24.14   906  -388  0  0
2024 132  4 45  -14.24  -27.60   18.42  -697.7   -26.2    55.6  25.79   180206 25.33  1277  -399  0  0
2024 132  4 50  -14.95  -30.83   16.41  -700.1   -34.4    53.3  19.78   201578 19.46  1362  -412  0  0
2024 132  4 55  -14.77  -31.27   18.35  -707.5   -31.3    42.1  13.08   228528 13.17  1179  -408  0  0
2024 132  5  0  -14.66  -31.97   17.01  -703.7   -22.8    43.9  14.00   207331 13.94  1365  -394  0  0
2024 132  5  5  -16.69  -31.85   14.74  -695.5   -23.2    45.7  15.01   187759 14.61  1725  -383  0  0
2024 132  5 10  -14.34  -30.37   15.13  -700.3   -39.0    56.2  34.80   156292 34.53  1242  -370  0  0
2024 132  5 15  -12.19  -31.00   18.75  -702.6   -37.7    49.9  30.84   169563 30.70  1023  -351  0  0
2024 132  5 20  -14.56  -32.48   14.03  -693.5   -37.4    58.5  25.59   183997 24.88   705  -368  0  0
2024 132  5 25  -15.11  -33.98   11.51  -703.4   -43.0    58.0  23.83   202989 23.86   587  -361  0  0
2024 132  5 30  -14.05  -36.49    7.40  -695.3   -42.5    68.7  23.88   209588 23.43   589  -352  0  0
2024 132  5 35  -15.71  -36.79   -2.25  -683.5    -9.0    62.5  22.51   201773 21.21   572  -342  0  0
2024 132  5 40  -18.89  -34.98    0.97  -686.0   -26.3    56.9  20.83   243232 19.77   656  -351  0  0
2024 132  5 45  -17.36  -29.61    6.62  -696.4   -37.4    47.0  33.06   263656 32.50   693  -333  0  0
2024 132  5 50  -20.37  -21.87   15.49  -702.6   -45.7    48.0  32.63   322691 32.50   759  -305  0  0
2024 132  5 55  -26.52  -25.10   14.52  -709.3   -42.9    33.8  28.34   243287 28.69   832  -304  0  0
2024 132  6  0  -24.07  -26.80    2.14  -704.7   -53.2    24.7  31.27   259014 31.23   893  -312  0  0
2024 132  6  5  -20.01  -15.07   -7.30  -681.3   -28.3    22.0  37.92   358132 35.32   816  -311  0  0
2024 132  6 10  -18.54   -8.27  -29.03  -674.7    -6.0    30.6  40.52   535120 37.03   673  -307  0  0
2024 132  6 15  -13.10   -4.51  -34.96  -686.3    -1.1    36.1  37.10   467767 35.04   568  -296  0  0
2024 132  6 20  -21.40   -1.58  -26.80  -682.6   -10.7    42.8  38.51   466424 36.03   702  -299  0  0
2024 132  6 25  -25.66   -7.32  -18.45  -662.2     5.6    13.9  39.66   722112 34.81   765  -302  0  0
2024 132  6 30  -23.30   -4.97  -31.19  -678.0    -0.2    37.0  42.95   524750 39.70   581  -317  0  0
2024 132  6 35  -23.53   -0.84  -38.41  -676.3     6.9    31.6  38.18   541539 35.01   554  -315  0  0
2024 132  6 40  -19.91    4.18  -38.57  -686.3   -10.1    33.2  29.79   225194 28.14   553  -306  0  0
2024 132  6 45  -19.03    6.52  -39.54  -689.7   -15.9    33.4  29.48   233346 28.12   737  -289  0 -1
2024 132  6 50  -17.68   10.15  -39.25  -693.1   -21.7    33.5  29.17   241499 28.11  1389  -301  0  0
2024 132  6 55  -16.27   12.17  -36.86  -692.7   -23.0    43.0  32.39   221176 31.22  2138  -340  0  0
2024 132  7  0  -15.43   14.84  -33.83  -691.2   -30.9    32.1  36.43   264901 34.97  1226  -372  0  0
2024 132  7  5  -15.38   15.09  -32.10  -683.9   -19.0    30.0  39.00   277244 36.57  1191  -362  0  0
2024 132  7 10  -10.54   19.22  -31.49  -688.2   -23.6    32.4  39.05   273822 37.11  1332  -360  0  0
2024 132  7 15   -9.61   24.66  -28.40  -689.3   -33.4    28.1  38.43   278177 36.67  1559  -367  0  0
2024 132  7 20   -7.55   28.32  -23.77  -690.8   -46.4    24.2  40.11   280271 38.52  1664  -380  0  0
2024 132  7 25   -4.39   33.09  -16.17  -693.8   -51.3    12.6  40.90   237958 39.61  1630  -388  0  0
2024 132  7 30   -4.66   32.53  -20.03  -694.7   -56.1     9.4  40.23   232146 39.10  1645  -381  0  0
2024 132  7 35   -1.12   37.34   -5.10  -698.3   -58.8     0.3  31.25   244239 30.65  1420  -400  0  0
2024 132  7 40    0.50   34.62    0.52  -707.5   -46.5    -0.0  27.67   308345 27.79  1723  -403  0  0
2024 132  7 45   -2.58   32.49    3.86  -704.0   -12.2    -1.1  38.53   191289 38.21  1721  -374  0  0
2024 132  7 50   -2.50   32.68    8.46  -703.3     9.3    17.3  35.87   205380 35.50  1536  -399  0  0
2024 132  7 55    0.84   18.85  -10.65  -698.4   -18.3    -3.9  32.78   412361 31.97  1535  -384  0  0
2024 132  8  0   11.61  -11.09  -13.86  -707.8    23.6   -27.7  25.07   393048 25.24  1632  -407  0  0
2024 132  8  5    4.20   -4.62   -6.80  -719.3     9.0   -40.2  24.40   885532 25.38  1332  -399  0  0
2024 132  8 10    0.04   13.67  -18.95  -704.4    26.2   -38.5  24.89   585800 24.82  1064  -408  0  0
2024 132  8 15   -2.36   20.09  -15.68  -712.0    21.4   -45.8  29.72   591683 30.32   887  -379  0  0
2024 132  8 20    3.70   28.97  -11.68  -727.1   -24.3   -37.3  31.73   383985 33.78  1079  -346  0  0
2024 132  8 25   -5.34   23.25  -27.78  -714.7   -22.5   -28.7  30.24   174068 30.97  1107  -356  0  0
2024 132  8 30   -6.05   19.47  -34.38  -709.8     8.7   -30.9  15.38   133237 15.66   910  -355  0  0
2024 132  8 35   -8.49   22.05  -35.25  -728.3    27.0   -25.6   7.42   104220  7.89   794  -397  0  0
2024 132  8 40   -7.49   19.93  -36.27  -723.5    22.5   -51.5   9.62   105793 10.14   702  -383  0  0
2024 132  8 45   -5.12   17.33  -37.82  -713.5    20.5   -41.5   9.20   118469  9.40   555  -378  0  0
2024 132  8 50   -6.73   15.72  -37.59  -704.6    25.8   -45.5  10.59   149025 10.57  1124  -375  0  0
2024 132  8 55    1.46   16.76  -37.58  -697.6    25.1   -45.8  11.24   161779 11.00  3077  -370  0  0
2024 132  9  0   -1.57   13.78  -38.70  -701.1    32.6   -35.0  11.75   151947 11.66  3429  -358  0  0
2024 132  9  5   -2.76   13.36  -38.90  -675.2     0.9   -31.8   6.65   220944  6.07  1795  -354  0  0
2024 132  9 10   -1.50   11.77  -39.33  -677.1    -0.5   -23.9   5.91   156385  5.43  1045  -339  0  0
2024 132  9 15   -1.82    8.82  -38.33  -680.2    -1.2   -15.8  16.87   132334 15.97  1076  -330  0  0
2024 132  9 20   -5.36    8.99  -39.27  -673.1     2.1   -20.2   4.97   161325  4.51  1325  -329  0  0
2024 132  9 25   -6.43    9.00  -39.48  -684.2   -20.7   -23.2  13.04   106660 12.43  1390  -332  0  0
2024 132  9 30   -5.95    4.72  -35.44  -700.5    -1.1   -12.9  24.42   130525 24.00  1133  -337  0  0
2024 132  9 35    2.95    4.22  -30.02  -697.2     2.9   -34.0  28.06   135417 27.46  1779  -300  0  0
2024 132  9 40   -3.62    1.35  -32.41  -698.9     5.9   -31.3  41.31   141125 40.66  3171  -259  0  0
2024 132  9 45   -4.95    0.54  -31.75  -697.2     3.8   -19.2  21.72   133689 21.14  2584  -262  0  0
2024 132  9 50   -4.30   -1.20  -33.39  -699.2     8.2   -17.3  22.77   112563 22.27  2596  -276  0  0
2024 132  9 55   -6.23    4.59  -24.34  -697.0     8.0   -17.7  22.43   156336 21.82  2151  -287  0 -1
2024 132 10  0   -6.41    4.85  -24.40  -694.7     7.8   -18.0  22.09   200109 21.37  1904  -317  0 -1
2024 132 10  5   -6.28    0.93  -24.73  -692.5     7.5   -18.4  21.76   243882 20.92  1584  -326  0 -1
2024 132 10 10   -5.90    1.45  -24.21  -690.2     7.3   -18.7  21.42   287654 20.47  1631  -341  0 -1
2024 132 10 15   -5.49    2.48  -24.40  -688.0     7.1   -19.1  21.08   331427 20.02  1527  -345  0 -1
2024 132 10 20   -6.67    5.29  -22.62  -685.8     6.9   -19.4  20.75   375200 19.57  1523  -330  0 -1
2024 132 10 25   -4.53    2.12  -23.26  -683.5     6.6   -19.8  20.41   418973 19.12  1449  -311  0 -1
2024 132 10 30    3.42   -1.57  -15.12  -681.3     6.4   -20.1  20.07   462746 18.67  1525  -346  0  0
2024 132 10 35    5.40    4.12   -9.99  -673.3    -3.2   -29.3  32.71   274564 29.73  1462  -331  0  0
2024 132 10 40    7.54   -1.23  -13.66  -711.2     4.7   -42.3  44.32   162506 45.18  1428  -337  0  0
2024 132 10 45    1.89    1.74  -15.58  -701.0    19.6    -3.4  20.18   357400 19.76  1401  -343  0  0
2024 132 10 50    3.48    5.92  -11.05  -733.5    -8.8   -26.2  25.08   352223 27.26  1283  -353  0  0
2024 132 10 55   -0.26   10.09   -3.76  -707.9    -8.9    -8.1  20.25   350863 20.35  1358  -344  0  0
2024 132 11  0   -0.22    6.45   -0.99  -718.3   -19.8   -25.4  18.65   534363 19.50  1137  -318  0  0
2024 132 11  5   -2.94    3.26   -2.72  -727.8   -22.8   -37.0  17.48   556348 18.61  1157  -330  0  0
2024 132 11 10   -2.64    3.88   -8.41  -744.6   -36.9   -47.8  18.69   386667 20.94   968  -324  0  0
2024 132 11 15    2.46   -0.04   -5.22  -770.2   -23.7   -46.9  20.46   474808 24.62   743  -326  0  0
2024 132 11 20   12.28    5.96    7.13  -811.4   -67.8   -63.5  20.25   263605 27.02   642  -320  0  0
2024 132 11 25    8.44    0.34    6.28  -806.1   -54.0   -48.1  21.16   177800 27.63   758  -299  0  0
2024 132 11 30  -14.64   -4.55   -8.83  -799.4   -38.2   -40.1  18.09   104390 23.36   933  -276  0  0
2024 132 11 35  -16.97   -3.98  -11.67  -803.0   -57.3   -50.1  17.30    85486 22.54   791  -275  0  0
2024 132 11 40  -16.44   -1.11  -16.40  -806.1   -62.3   -46.0  11.30   104061 14.83   957  -265  0  0
2024 132 11 45  -16.50   -1.29  -16.47  -807.0   -68.2   -47.1  11.75   101321 15.47  1370  -261  0  0
2024 132 11 50   -6.04    7.52  -17.73  -798.7   -49.8   -59.5  13.81   131506 17.79  1250  -271  0  0
2024 132 11 55    0.98   15.76  -18.29  -801.3   -55.1   -58.9  15.32   143953 19.90  1272  -274  0  0
2024 132 12  0    2.38   16.11  -17.77  -806.7   -52.3   -58.4  14.27   119319 18.75  1192  -278  0  0
2024 132 12  5    1.60   14.86  -20.17  -801.9   -49.8   -53.7  13.22   113653 17.14  1470  -280  0  0
2024 132 12 10    2.50   15.41  -19.08  -803.2   -58.0   -58.2  11.36   159026 14.78  1659  -290  0  0
2024 132 12 15   -0.43   14.07  -19.87  -836.0   -76.7   -62.3  10.44    84382 14.80  1310  -287  0  0
2024 132 12 20  -10.73   10.60  -22.37  -817.6   -72.0   -55.8  10.87    95417 14.70  1351  -283  0  0
2024 132 12 25  -11.98    9.87  -22.07  -817.1   -73.4   -52.9  10.36    93394 14.00  1451  -284  0  0
2024 132 12 30  -12.09    9.11  -21.78  -814.4   -64.2   -51.4  10.84   147702 14.52  1253  -290  0  0
2024 132 12 35  -13.53    7.43  -21.82  -804.3   -59.5   -51.5  10.72   124088 14.01  1159  -296  0  0
2024 132 12 40  -12.77    8.07  -22.95  -811.2   -65.0   -49.4   7.94   119214 10.56  2320  -290  0  0
2024 132 12 45  -13.73    7.73  -22.74  -809.3   -66.0   -53.0   9.52    92622 12.61  2261  -286  0  0
2024 132 12 50  -15.73    3.97  -22.79  -806.4   -67.7   -47.8   8.87    95014 11.66  1987  -288  0  0
2024 132 12 55  -15.68    3.65  -22.97  -804.5   -88.2   -33.6   7.69    84377 10.09  1864  -291  0  0
2024 132 13  0  -13.97    5.98  -23.96  -804.0   -74.4   -43.0   7.32   104113  9.58  1804  -289  0  0
2024 132 13  5  -13.89    3.02  -24.67  -801.8   -68.9   -40.3   9.24    90945 12.00  1741  -292  0  0
2024 132 13 10  -14.40    3.14  -24.10  -803.6   -87.2   -39.8   7.21    78372  9.46  1398  -298  0  0
2024 132 13 15  -14.20    4.49  -23.50  -798.8   -79.7   -38.2   8.80    83676 11.37  1695  -302  0  0
2024 132 13 20  -14.25    1.06  -22.83  -790.5   -82.6   -44.8   9.75    79077 12.34  2143  -303  0  0
2024 132 13 25  -12.17    4.31  -24.35  -788.3   -76.4   -32.2  11.83    65040 14.86  2206  -304  0  0
2024 132 13 30  -11.46    6.72  -23.73  -791.6   -80.0   -40.1  11.95    75496 15.18  2416  -306  0  0
2024 132 13 35  -11.87    8.00  -22.79  -787.2   -83.8   -43.0  11.35    66469 14.26  2342  -306  0  0
2024 132 13 40  -11.03    9.50  -22.27  -782.5   -84.4   -51.5  11.47    68225 14.28  1963  -306  0  0
2024 132 13 45   -9.24   10.08  -22.39  -791.9   -77.3   -46.0  12.12    59874 15.40  2016  -308  0  0
2024 132 13 50   -8.55    9.59  -22.45  -786.6   -62.8   -48.2  10.12    57136 12.69  1818  -307  0  0
2024 132 13 55   -7.15   11.97  -20.59  -782.8   -50.6   -48.9  10.00    76755 12.44  2051  -306  0  0
2024 132 14  0   -6.84   10.06  -21.69  -781.8   -67.0   -51.1   9.78    82038 12.12  2008  -306  0  0
2024 132 14  5   -9.44    6.63  -20.81  -756.9   -17.1   -36.8   8.31    71000  9.56  1512  -310  0  0
2024 132 14 10   -7.06    9.57  -20.17  -769.6   -41.5   -56.2   7.30    80023  8.71  1542  -314  0  0
2024 132 14 15   -7.14   10.88  -19.72  -769.6   -35.0   -39.9   9.81    85406 11.68  1173  -314  0  0
2024 132 14 20   -9.38    9.04  -19.47  -767.8   -25.2   -40.1  10.35    86123 12.26  1006  -303  0  0
2024 132 14 25   -8.96    9.97  -19.11  -762.4   -38.9   -55.6  10.71    78670 12.55  1067  -303  0  0
2024 132 14 30   -8.36    9.83  -20.34  -765.3   -27.4   -34.1   9.94    78277 11.68  2021  -303  0  0
2024 132 14 35   -7.09    7.09  -21.47  -766.1   -49.6   -29.4   8.58    76835 10.14  2434  -297  0  0
2024 132 14 40   -6.24    6.70  -22.31  -760.8   -62.0   -27.2   9.98    78966 11.65  2544  -291  0  0
2024 132 14 45  -10.53    2.78  -20.35  -757.9   -59.6   -38.1   9.84    73166 11.39  2019  -286  0  0
2024 132 14 50  -10.88    2.28  -20.50  -765.3   -74.0   -33.1  11.03    78836 13.06  1708  -283  0  0
2024 132 14 55  -11.07    2.25  -20.17  -770.9   -82.3   -24.8  12.72    72605 15.34  1630  -277  0  0
2024 132 15  0  -11.39    0.55  -20.04  -768.9   -80.6   -13.3  12.92    59385 15.45  1439  -274  0  0
2024 132 15  5  -10.31   -3.38  -16.31  -779.9   -58.3     3.3  11.01    54960 13.36  1613  -282  0  0
2024 132 15 10   -7.70   -3.42  -11.87  -812.5   -24.1     7.7   7.25    65017  9.61  1763  -281  0  0
2024 132 15 15   -7.32   -2.58  -11.58  -811.6   -37.2    10.7   6.94    56022  9.18  1620  -281  0  0
2024 132 15 20   -8.71   -4.15   -9.91  -808.2   -24.4    12.4   6.76    56485  8.87  1474  -280  0  0
2024 132 15 25   -8.52   -3.85  -10.46  -802.2   -32.6     3.3   5.18    65975  6.69  1334  -278  0  0
2024 132 15 30   -8.72   -1.37  -10.82  -810.0   -16.6     4.6   6.08    74664  7.98  1438  -283  0  0
2024 132 15 35   -8.22   -4.42  -10.21  -810.9   -27.7     1.6   6.85    96897  9.02  1683  -283  0  0
2024 132 15 40   -8.36   -4.89   -9.63  -814.2    -9.1    -3.9   7.01    77713  9.30  2216  -285  0  0
2024 132 15 45   -8.75   -2.11  -10.41  -797.6   -14.8    17.0   8.19   117181 10.43  1970  -287  0  0
2024 132 15 50   -8.41   -0.66  -11.15  -792.4   -60.8     4.7   4.76    56946  6.01  1595  -285  0  0
2024 132 15 55   -8.46   -3.21   -9.38  -788.6     3.5     3.4   6.11    57790  7.60  1127  -288  0  0
2024 132 16  0   -7.31   -4.13   -9.62  -779.8   -43.2    22.9   5.75    61404  7.02  1057  -289  0  0
2024 132 16  5   -6.69   -4.58   -9.91  -793.5   -33.5    13.0   5.46    70231  6.88  1285  -291  0  0
2024 132 16 10   -6.50   -4.40   -9.79  -791.1   -22.8    12.6   6.40    57308  8.02   938  -292  0  0
2024 132 16 15   -7.79   -6.15   -6.77  -790.5   -15.3    13.8   6.30    55060  7.87   976  -295  0  0
2024 132 16 20   -7.32   -8.08   -4.65  -782.6   -14.1    19.5   7.97    50365  9.77  1564  -294  0  0
2024 132 16 25   -7.48   -8.07   -3.88  -780.2   -11.5    18.9   6.21    50824  7.56  1495  -293  0  0
2024 132 16 30   -6.03  -10.38   -2.83  -787.4   -10.6    22.1   4.61    66916  5.72  1491  -293  0  0
2024 132 16 35   -6.95   -8.95   -3.74  -785.5    -8.6    14.8   4.56    49920  5.62  1269  -291  0  0
2024 132 16 40   -7.37   -8.70   -3.56  -789.2   -10.4     7.9   3.63    58311  4.52  1060  -295  0  0
2024 132 16 45   -7.81   -8.38   -4.10  -788.8   -11.7     7.4   2.88    66177  3.59  1096  -289  0  0
2024 132 16 50   -7.40   -8.40   -4.87  -785.5     1.0    10.7   3.19    55009  3.94  1251  -286  0  0
2024 132 16 55   -7.19   -8.95   -4.38  -783.5    -3.1     9.4   2.41    51946  2.96  1140  -283  0  0
2024 132 17  0   -7.03   -9.14   -3.84  -775.8    -7.8    15.0   2.60    52596  3.13  1085  -279  0  0
2024 132 17  5   -5.87   -9.33   -2.95  -779.9    -6.1     7.3   3.95    45500  4.80   848  -271  0  0
2024 132 17 10   -4.16   -5.36   -2.94  -795.8   -16.3     3.5   5.78    81198  7.39   815  -265  0  0
2024 132 17 15   -5.80   -5.22   -2.75  -787.2   -20.8     5.7   4.76   111128  5.93   938  -263  0  0
2024 132 17 20   -5.75   -2.78   -2.29  -809.5   -21.5    -7.0   5.64   127180  7.44   952  -261  0  0
2024 132 17 25   -6.75   -2.16   -0.64  -807.6   -13.4    -4.5   5.32   179957  6.94  1242  -250  0  0
2024 132 17 30   -5.93   -3.38    0.42  -801.2   -22.9    -8.8   5.46   183347  7.02   930  -252  0  0
2024 132 17 35   -6.84   -2.82    0.56  -804.6   -22.3    -7.9   5.56   172796  7.21   850  -250  0  0
2024 132 17 40   -6.24   -4.64    0.98  -810.9   -25.6   -13.4   4.93   120200  6.49   844  -239  0  0
2024 132 17 45   -7.47   -2.61    1.15  -809.9   -15.9    -5.4   4.83   136963  6.34   944  -237  0  0
2024 132 17 50   -6.14   -4.77    1.75  -815.3   -38.3    -2.3   4.33   108553  5.77   765  -242  0  0
2024 132 17 55   -4.24   -0.93    1.41  -813.9   -23.6   -16.8   4.04   113486  5.35   540  -233  0  0
2024 132 18  0   -6.16    7.35    0.27  -825.6   -29.7   -14.8   4.07   103998  5.56   548  -223  0  0
2024 132 18  5   -6.67    6.91    1.25  -832.6   -49.6   -12.8   3.70    91955  5.15   655  -222  0  0
2024 132 18 10   -7.49    6.48    0.67  -832.2   -47.2    -5.4   4.20    91990  5.83   615  -220  0  0
2024 132 18 15    0.18    8.02   -0.26  -846.9   -49.1   -16.5   7.29   115365 10.72   395  -218  0  0
2024 132 18 20    2.48   10.14   -0.30  -852.6   -37.4   -30.6   9.05   114220 13.42   634  -200  0  0
2024 132 18 25    7.16   13.05   -2.07  -889.2   -30.8   -44.0  12.98   111376 20.77   854  -190  0  0
2024 132 18 30    9.07   15.69   -3.90  -909.1   -29.0   -51.0  12.59   151602 20.94   622  -193  0  0
2024 132 18 35    8.02   14.27   -3.22  -912.8   -10.5   -47.2   9.66   131091 16.08   421  -198  0  0
2024 132 18 40    9.28   12.98   -2.85  -916.0   -18.1   -58.9  14.29   200712 23.96   429  -177  0  0
2024 132 18 45   -2.51   -1.94   -0.35  -869.7    32.7   -61.8   8.95   560561 13.77   544  -178  0  0
2024 132 18 50   -9.94   -9.45   -0.25  -846.7    75.0   -69.7   7.04   598166 10.25   582  -200  0  0
2024 132 18 55   -9.84   -7.45   -1.80  -847.0    59.0   -71.3   6.95   571419 10.10   457  -195  0  0
2024 132 19  0   -4.56   -7.44   -6.62  -862.2    76.4   -60.5   7.59   694093 11.43   521  -190  0  0
2024 132 19  5    0.65   -5.09   -9.95  -891.2    69.4   -49.7   6.83   537203 10.95   503  -187  0  0
2024 132 19 10    7.61    6.78   -3.44  -910.6    28.5   -53.6  10.24   315179 17.04   685  -198  0  0
2024 132 19 15    9.93   11.19    3.66  -898.4     5.3  -106.6   8.35   449427 13.67  1139  -188  0  0
2024 132 19 20    6.89   11.81    5.34  -887.2     2.9  -116.8   9.36   342992 14.98  1773  -178  0  0
2024 132 19 25    1.76   10.52    6.86  -884.8     1.0  -107.1  11.57   336114 18.39  1244  -202  0  0
2024 132 19 30    0.03   10.96    6.87  -883.9     4.5  -110.0  11.28   311988 17.88   681  -209  0  0
2024 132 19 35   -0.85    9.43    6.63  -872.6     9.6  -110.4  10.07   283553 15.60   500  -225  0  0
2024 132 19 40   -1.33    9.99    4.78  -874.7     7.3  -112.1  10.00   299061 15.56   546  -206  0  0
2024 132 19 45    0.79    6.43    8.60  -863.3    14.5  -114.2   8.47   277371 12.85   302  -216  0  0
2024 132 19 50    1.01    6.15    8.38  -874.7    21.4   -73.4   4.54   393264  7.02   344  -218  0  0
2024 132 19 55    0.85    1.81    5.66  -880.4    34.3   -72.2   5.47   440445  8.61   185  -219  0 -1
2024 132 20  0    1.54   -3.25   -2.10  -886.0    47.3   -71.0   6.41   487625 10.21   201  -208  0 -1
2024 132 20  5    1.42    1.53   -3.55  -891.7    60.2   -69.8   7.34   534806 11.80   256  -240  0  0
2024 132 20 10    0.87    2.49    2.67  -884.9    41.9   -84.0   7.07   445526 11.23   341  -225  0 -1
2024 132 20 15   -0.09    2.37    1.36  -878.1    23.5   -98.3   6.81   356245 10.65   551  -190  0  0
2024 132 20 20    4.20   -5.30   -6.88  -906.6    93.7   -37.5   5.11   474808  8.47   361  -191  0  0
2024 132 20 25    4.37    1.50   -6.16  -909.0    46.6   -13.8   6.25   323161 10.34   653  -184  0  0
2024 132 20 30    5.71   -0.28   -5.21  -918.4     5.6   -41.7   8.29   259639 14.02   784  -176  0  0
2024 132 20 35    6.39    0.36   -4.75  -909.0    32.4   -37.3   7.09   302316 11.77   741  -187  0  0
2024 132 20 40    5.83    1.72   -4.83  -913.8    36.4   -23.4   6.33   294762 10.60   959  -191  0  0
2024 132 20 45    5.85    2.33   -2.64  -908.0    14.6   -44.8   8.57   207623 14.15  1340  -180  0  0
2024 132 20 50    5.25    2.27   -0.96  -905.7    29.9   -61.7  10.00   209633 16.56  1731  -173  0  0
2024 132 20 55    6.23    2.86   -5.61  -898.8    12.2   -38.2   8.35   176990 13.53  1176  -176  0  0
2024 132 21  0    7.95    2.03    0.97  -897.9     2.2   -46.9   8.65   165941 14.01   883  -179  0  0
2024 132 21  5    6.46   -4.87   -3.25  -902.0    -6.6   -60.7  10.59   157872 17.33  1068  -164  0  0
2024 132 21 10    3.76   -2.68   -6.61  -891.5   -28.0   -62.7   8.06   266427 12.89  1187  -148  0  0
2024 132 21 15   -6.58    3.45   12.10  -892.1   -17.1   -66.3   5.11   231433  8.19  1117  -172  0  0
2024 132 21 20   -9.35   -0.13    9.42  -893.3     2.0   -51.5   7.02   128300 11.21  1344  -169  0  0
2024 132 21 25   -9.84    1.02    8.26  -894.1     1.0   -16.4   7.78   206350 12.45  1139  -174  0  0
2024 132 21 30   -2.96    0.11   10.06  -886.9     7.7   -48.0   6.28   249383  9.91   941  -169  0  0
2024 132 21 35   -1.63    1.47    8.04  -873.9   -20.6   -69.0   6.43   531339  9.84  1008  -160  0  0
2024 132 21 40  -10.54    0.91   10.85  -896.1   -19.2   -54.9   8.86    68383 14.29   764  -176  0  0
2024 132 21 45  -10.86   -2.38   10.24  -891.8   -28.1   -65.5   8.10    79900 12.96   528  -182  0  0
2024 132 21 50  -10.29   -2.42   10.70  -890.9   -33.0   -64.3   7.46    92520 11.92   421  -183  0  0
2024 132 21 55   -9.61    1.24   11.21  -893.5   -25.3   -52.5   8.49    67974 13.62   432  -177  0  0
2024 132 22  0  -10.39   -0.17   10.65  -882.9   -10.9   -57.8   7.32    72675 11.47   458  -169  0  0
2024 132 22  5  -10.04    0.04   10.83  -880.6   -11.1   -63.2   6.54    78844 10.20   481  -159  0  0
2024 132 22 10  -10.20   -0.17   10.49  -883.2   -21.7   -60.0   7.77    84755 12.19   512  -150  0  0
2024 132 22 15   -9.95    2.19    9.03  -889.2   -32.8   -42.5   9.07   141903 14.41   420  -159  0  0
2024 132 22 20   -0.16    5.60   -0.12  -889.6    17.5   -22.3   7.15   221219 11.34   311  -158  0  0
2024 132 22 25   -0.43    9.08    2.49  -889.1    15.9   -18.1   7.62   167588 12.06   434  -156  0  0
2024 132 22 30   -5.28    6.65    6.90  -885.0     6.6   -34.6   8.28   178837 13.01   504  -153  0  0
2024 132 22 35   -6.13    6.76    8.07  -876.5    -3.6    -2.7   1.51   438554  2.32   458  -144  0  0
2024 132 22 40   -5.91    5.82    8.47  -866.9    22.4    -3.7   1.56   412377  2.35   531  -146  0  0
2024 132 22 45   -6.06    6.10    7.71  -871.7     1.3   -14.2   2.94   325335  4.54   495  -161  0  0
2024 132 22 50   -5.59    5.86    7.05  -874.4   -34.4   -22.8   2.41   380374  3.77   356  -165  0  0
2024 132 22 55    1.45    8.74    2.58  -842.1    -0.7   -69.8   2.81   656723  4.18   362  -174  0  0
2024 132 23  0    4.40    9.64    1.11  -810.8   -61.8  -102.6   1.11  1128057  1.49   312  -186  0  0
2024 132 23  5    4.94   10.58   -1.34  -821.3    -1.7   -89.7   0.93  1094323  1.27   270  -184  0  0
2024 132 23 10    6.73    7.84   -4.56  -866.1   -12.9   -50.3   0.91  1070184  1.37   159  -180  0  0
2024 132 23 15    6.52    7.94   -5.87  -877.0   -22.1   -34.0   1.61   820036  2.52   179  -181  0 -1
2024 132 23 20    3.60    7.98   -2.21  -887.9   -31.2   -17.7   2.31   569887  3.66   263  -176  0  0
2024 132 23 25    4.80    6.93   -1.24  -897.0   -36.4    11.6   1.34   833419  2.18   234  -169  0  0
2024 132 23 30    5.67    6.44   -2.99  -906.5     4.6    32.2   1.26   885611  2.08   214  -167  0  0
2024 132 23 35    5.66    5.77   -1.40  -906.3     8.4    24.4   1.33   838388  2.20   316  -169  0  0
2024 132 23 40    5.13    5.33   -1.66  -929.8    29.5    20.2   1.51   745422  2.61   206  -162  0  0
2024 132 23 45    4.67    5.38   -1.80  -939.4    19.6    57.8   1.78   703086  3.16   224  -160  0  0
2024 132 23 50    4.19    5.35   -0.83  -948.5    17.0    53.6   1.90   597222  3.44   228  -156  0  0
2024 132 23 55    3.90    6.06   -1.33  -928.2     7.9    23.1   1.74   699712  3.00   196  -158  0  0
2024 133  0  0    3.52    6.14   -0.98  -931.6    28.2    44.8   1.93   654706  3.37   180  -158  0  0
2024 133  0  5    4.83    5.68   -0.99  -936.6    30.2    47.2   2.04   661191  3.60   221  -157  0  0
2024 133  0 10    3.95    4.51   -1.34  -930.2    21.2    39.5   2.12   521525  3.69   218  -153  0  0
2024 133  0 15    5.14    3.86   -3.60  -937.4    22.6    48.4   1.82   638111  3.21   304  -153  0  0
2024 133  0 20    5.52    2.38   -2.55  -939.4    30.5    43.4   1.84   621883  3.25   449  -153  0  0
2024 133  0 25    4.54    4.56   -2.29  -941.5    36.4    30.7   1.69   391471  3.00   638  -153  0  0
2024 133  0 30    2.87    5.74   -1.52  -905.9     1.7    32.0   2.09   569907  3.43   678  -153  0  0
2024 133  0 35    4.07    5.70   -1.87  -915.9    -7.7    28.3   1.90   527658  3.18   613  -151  0  0
2024 133  0 40    5.38    4.79   -1.91  -945.6    -8.4    29.0   1.62   409756  2.90   652  -152  0  0
2024 133  0 45    7.33    0.88   -2.78  -978.5    44.6    34.2   2.03   389682  3.90   904  -152  0  0
2024 133  0 50    5.42   -3.02   -3.99  -992.3    61.2    42.5   2.09   309471  4.15  1040  -146  0  0
2024 133  0 55    3.79   -6.89   -3.85  -986.3    69.5    25.8   1.64   175000  3.20   860  -147  0  0
2024 133  1  0    3.42   -7.33   -3.34 -1012.0    40.9    42.5   1.76   205892  3.61   668  -145  0  0
2024 133  1  5    4.72   -5.63   -4.33 -1005.4    29.0    46.4   1.86   138154  3.78   795  -143  0  0
2024 133  1 10    3.72   -4.56   -4.19 -1008.1    14.3    39.1   2.34   111746  4.78  1031  -143  0  0
2024 133  1 15    3.69   -3.27   -3.67 -1015.7     8.0    49.9   3.45   168996  7.17  1144  -144  0  0
2024 133  1 20    4.42   -3.04   -3.87 -1022.3    -1.9    37.5   3.76   197685  7.87  1271  -145  0  0
2024 133  1 25    6.10   -1.43   -3.69 -1001.2    12.7    48.8   3.75   149776  7.58  1351  -147  0  0
2024 133  1 30    7.86    0.92   -3.24  -989.9    23.0    51.0   2.95    94937  5.80  1297  -135  0  0
2024 133  1 35    7.69    0.20   -3.43  -994.5    16.1    44.2   3.07    92872  6.09  1046  -140  0  0
2024 133  1 40    7.48    1.32   -2.97  -982.1    27.0    45.5   3.54    94730  6.85   910  -147  0  0
2024 133  1 45    7.15    2.74   -1.78  -979.6    25.9    43.3   3.38    95834  6.50  1010  -153  0  0
2024 133  1 50    6.81    1.41   -2.55  -979.6    25.9    43.3   3.38    95834  6.50  1217  -155  0  0
2024 133  1 55    5.14    2.23   -2.52  -978.0    23.7    27.9   3.89   143142  7.46  1031  -142  0  0
2024 133  2  0    1.21   -2.17   -2.33  -969.3    32.9    20.5   6.01   102587 11.28   857  -132  0  0
2024 133  2  5    0.16   -4.06   -2.39  -954.8    26.6     7.1   7.10    60404 12.97   914  -135  0  0
2024 133  2 10    0.39   -4.14   -2.52  -960.4    22.5    17.2   4.24    99567  7.81  1228  -132  0  0
2024 133  2 15   -0.70   -6.49   -2.90  -939.8    29.3     2.5   5.20    54341  9.19  1156  -139  0  0
2024 133  2 20   -1.68   -7.06   -2.10  -944.9    18.3     9.7   3.47    44044  6.20  1198  -142  0  0
2024 133  2 25   -2.70   -6.88   -1.27  -950.2     4.2     5.6   2.76    47439  4.98  1286  -137  0  0
2024 133  2 30   -2.96   -6.80   -1.34  -949.1     5.5     3.8   2.76    38788  4.98  1202  -136  0  0
2024 133  2 35   -2.17   -6.22   -2.34  -943.1     8.1     2.8   4.49    41202  7.97  1076  -132  0  0
2024 133  2 40   -0.79   -5.45   -3.08  -938.5     5.7    -2.5   6.68    44445 11.77  1066  -125  0  0
2024 133  2 45    0.67   -3.91   -2.99  -934.3     2.4    -4.7   8.45    43428 14.74  1011  -126  0  0
2024 133  2 50   -5.21   -0.52    2.78  -942.4    -7.0     4.0   8.53    45577 15.12  1078  -120  0  0
2024 133  2 55   -5.69    1.73    4.05  -946.9   -11.8    15.3   5.34    34596  9.58   920  -128  0  0
2024 133  3  0   -5.74    1.50    4.10  -945.8   -12.0    14.4   5.38    33147  9.62  1044  -166  0 -1
2024 133  3  5   -5.78    1.30    4.13  -944.6   -12.2    13.6   5.41    31697  9.67  1100  -151  0 -1
2024 133  3 10   -5.88    1.55    4.20  -943.5   -12.4    12.7   5.45    30248  9.71  1017  -151  0  0
2024 133  3 15   -5.72    2.46    4.18  -943.5   -13.4    15.5   5.54    29184  9.87  1015  -153  0  0
2024 133  3 20   -5.49    2.80    4.28  -931.6     8.8     5.7   5.51    30094  9.57   956  -148  0  0
2024 133  3 25   -5.74    2.43    4.20  -927.4    -0.1     5.8   5.38    30380  9.27   869  -140  0  0
2024 133  3 30   -5.88    2.47    3.93  -934.7    -6.7    19.0   5.30    30696  9.27   880  -132  0  0
2024 133  3 35   -6.53    1.20    2.87  -935.6    -5.8    13.8   9.09    31992 15.92   913  -131  0 -1
2024 133  3 40   -6.23    0.45    2.34  -936.5    -4.8     8.7  12.88    33287 22.58   914  -118  0  0
2024 133  3 45   -5.23   -0.56    1.72  -923.4    -4.1     9.3  10.80    40264 18.46   772  -122  0  0
2024 133  3 50   -4.32   -5.01   -1.04  -913.7    -4.3     1.6   9.41    38252 15.71   756  -119  0  0
2024 133  3 55   -6.04   -1.77    2.27  -916.5   -17.0    -7.7   9.84    38729 16.52   926  -111  0  0
2024 133  4  0   -5.50   -2.51    1.38  -924.5    -0.5    19.6  10.91    37618 18.66  1272  -105  0  0
2024 133  4  5   -5.27   -1.68    1.78  -919.1     8.5     4.9  12.20    35199 20.61  1161  -109  0  0
2024 133  4 10   -5.20   -1.07    2.71  -916.6     5.9    10.0  10.79    35508 18.15   982  -125  0  0
2024 133  4 15   -5.97   -1.10    3.07  -914.1    22.6    12.5   5.14    39057  8.58   948  -135  0  0
2024 133  4 20   -6.04   -1.16    2.90  -917.7    -1.3    12.4   3.63    28763  6.11   654  -143  0  0
2024 133  4 25   -5.99   -1.46    2.67  -917.8     1.2     9.7   3.84    29362  6.47   674  -149  0  0
2024 133  4 30   -5.76   -1.47    2.50  -921.6    28.6     5.6   4.01    27732  6.82   842  -140  0  0
2024 133  4 35   -5.78   -1.01    2.63  -928.1     4.7    20.6   5.77    28990  9.95   937  -144  0  0
2024 133  4 40   -5.77   -0.94    2.66  -927.2     6.8    20.4   5.61    29316  9.64   564  -140  0 -1
2024 133  4 45   -5.78   -0.65    2.74  -926.4     9.0    20.1   5.44    29642  9.34   433  -137  0  0
2024 133  4 50   -5.60   -0.44    2.77  -920.9     9.2    11.7   3.83    30728  6.50   461  -142  0  0
2024 133  4 55   -5.33    0.24    2.99  -918.3     3.1     7.6   2.85    34322  4.81   486  -155  0  0
2024 133  5  0   -5.16    0.56    3.05  -916.0     2.1     6.7   2.66    35719  4.47   294  -158  0  0
2024 133  5  5   -4.74    1.73    3.45  -913.6    -7.6     0.6   2.21    43408  3.68   341  -155  0  0
2024 133  5 10   -4.75    1.51    3.38  -906.1    11.8     0.6   2.74    39136  4.49   287  -158  0  0
2024 133  5 15   -4.87    1.20    3.31  -901.0    24.9    -1.8   4.12    36802  6.70   306  -157  0  0
2024 133  5 20   -4.97    0.71    3.24  -903.5    13.2    -6.1   3.42    38950  5.59   247  -156  0  0
2024 133  5 25   -5.01    0.54    3.13  -904.3     7.8    -6.8   3.19    39193  5.22   314  -156  0  0
2024 133  5 30   -4.89    0.61    3.09  -902.2    13.8    -9.7   2.96    36568  4.81   270  -154  0  0
2024 133  5 35   -4.51    0.90    3.03  -899.9    18.4    -1.6   3.42    37037  5.54   290  -156  0  0
2024 133  5 40   -4.54    0.67    2.95  -896.7     4.1     5.7   3.98    34336  6.41   227  -151  0  0
2024 133  5 45   -4.70    0.58    2.80  -895.3     6.3     6.5   3.35    31602  5.38   236  -145  0  0
2024 133  5 50   -4.82    0.59    2.53  -894.7    -7.5    16.2   3.23    34572  5.18   204  -144  0  0
2024 133  5 55   -4.59    1.24    2.68  -892.9    -9.1    13.2   3.01    34330  4.80   220  -144  0  0
2024 133  6  0   -4.21    2.03    2.90  -893.4   -12.1    15.2   3.05    30221  4.87   177  -142  0  0
2024 133  6  5   -4.26    1.67    3.01  -893.4   -12.1    15.2   3.05    30221  4.87   255  -139  0  0
2024 133  6 10   -4.31    1.62    3.02  -893.9    -8.6    14.9   3.26    30601  5.21   265  -139  0  0
2024 133  6 15   -4.36    1.25    3.07  -893.9   -11.2    15.3   3.23    32592  5.16   252  -138  0  0
2024 133  6 20   -4.32    0.30    3.18  -890.9   -12.2    14.8   2.67    30196  4.25   219  -138  0  0
2024 133  6 25   -4.17   -0.22    2.80  -892.1   -12.0    16.5   2.30    32121  3.66   190  -137  0  0
2024 133  6 30   -3.92    0.15    2.02  -892.4   -11.8    -0.0   2.40    35121  3.82   244  -137  0  0
2024 133  6 35   -3.78    0.02    2.35  -890.1   -15.7    -8.8   2.26    35064  3.59   264  -137  0  0
2024 133  6 40   -3.87   -0.28    2.28  -881.7   -12.4   -27.5   1.84    33786  2.87   242  -137  0  0
2024 133  6 45   -3.82   -0.53    2.01  -884.6   -13.0   -27.3   2.07    36476  3.24   232  -138  0  0
2024 133  6 50   -3.62   -0.88    2.29  -885.5   -11.1   -28.2   2.15    37364  3.38   223  -137  0  0
2024 133  6 55   -3.43   -0.93    2.50  -886.4     0.8   -20.5   1.57    44170  2.48   213  -137  0  0
2024 133  7  0   -3.49   -0.79    2.35  -880.2    -2.0   -22.0   1.71    34687  2.65   242  -138  0  0
2024 133  7  5   -3.43   -1.05    2.14  -881.3    -3.2   -23.8   1.85    37481  2.88   230  -137  0  0
2024 133  7 10   -3.54   -0.91    1.89  -883.8   -13.5   -25.9   1.88    38878  2.94   253  -136  0  0
2024 133  7 15   -3.53   -1.15    1.86  -884.5   -14.8   -28.4   2.01    40644  3.14   257  -135  0  0
2024 133  7 20   -3.63   -1.04    1.89  -882.4    -4.0   -21.8   2.16    37760  3.37   264  -133  0  0
2024 133  7 25   -3.46   -1.47    1.95  -879.6    12.6   -22.5   2.29    44817  3.54   288  -135  0  0
2024 133  7 30   -3.84   -0.90    1.51  -882.2    -1.6   -19.9   2.29    40605  3.56   296  -136  0  0
2024 133  7 35   -3.97   -0.54    1.40  -872.8     6.8   -10.6   2.04    36983  3.11   277  -137  0  0
2024 133  7 40   -4.14   -0.10    1.48  -868.9    -6.1    -4.5   1.92    31024  2.89   254  -139  0  0
2024 133  7 45   -4.10   -0.11    1.46  -870.9    16.0   -13.3   1.97    31796  2.99   250  -140  0  0
2024 133  7 50   -4.17    0.33    1.50  -868.9    10.7   -23.8   1.78    27268  2.69   249  -144  0  0
2024 133  7 55   -4.14    0.44    1.43  -868.7     4.6   -19.6   1.73    28122  2.61   254  -142  0  0
2024 133  8  0   -4.26    0.16    1.45  -868.7     4.6   -19.6   1.73    28122  2.61   288  -140  0  0
2024 133  8  5   -4.22    0.13    1.59  -868.8     7.8   -21.4   1.74    28005  2.62   331  -139  0 -1
2024 133  8 10   -4.20    0.15    1.54  -868.9    10.9   -23.2   1.75    27888  2.64   315  -138  0  0
2024 133  8 15   -4.29    0.45    1.25  -865.6    -3.0    -6.8   1.75    27655  2.62   364  -140  0 -1
2024 133  8 20   -4.10   -0.01    1.67  -862.3   -16.8     9.6   1.74    27422  2.59   354  -139  0  0
2024 133  8 25   -3.94   -0.19    1.76  -864.4   -15.3   -17.2   1.68    34806  2.51   331  -137  0  0
2024 133  8 30   -4.15    0.01    1.62  -863.4   -19.0     3.8   1.50    26939  2.23   402  -136  0  0
2024 133  8 35   -4.34    0.23    1.24  -859.4   -19.2     7.2   1.39    26397  2.06   323  -134  0  0
2024 133  8 40   -4.39    0.09    0.71  -859.1   -13.7     5.9   1.28    26871  1.89   334  -135  0  0
2024 133  8 45   -4.31    0.08    0.68  -852.1    -8.5   -17.2   1.18    27396  1.72   419  -134  0  0
2024 133  8 50   -4.31    0.39    0.27  -847.3   -11.0   -35.9   1.24    26472  1.78   427  -134  0  0
2024 133  8 55   -4.34    0.25   -0.05  -839.4    19.9   -15.1   1.14    25564  1.60   458  -133  0  0
2024 133  9  0   -4.32    0.11   -0.14  -841.1    16.2   -12.8   1.23    24997  1.75   507  -133  0  0
2024 133  9  5   -4.14    0.22   -0.58  -840.9    18.3   -11.5   1.34    25011  1.89   372  -132  0  0
2024 133  9 10   -4.16    0.18   -0.39  -838.9    28.7    -1.3   1.40    24825  1.97   390  -130  0  0
2024 133  9 15   -4.11   -0.01   -0.72  -839.1    23.6    -3.8   1.40    25514  1.97   431  -117  0  0
2024 133  9 20   -4.12   -0.23   -0.58  -840.8    29.2    -0.8   1.12    30405  1.59   643  -102  0  0
2024 133  9 25   -6.67   -0.46    2.12  -854.7    45.3   -36.1   2.28    47555  3.41   731  -112  0  0
2024 133  9 30   -9.89   -0.22    4.79  -875.2    81.6   -86.5   3.93    82530  6.14   553  -115  0  0
2024 133  9 35  -10.07    0.34    4.26  -867.0    76.5  -103.9   4.01    73173  6.17   493  -115  0  0
2024 133  9 40   -8.44    2.03    5.17  -867.8    47.3  -106.8   4.07    65088  6.24   495  -115  0  0
2024 133  9 45   -8.72    1.84    4.92  -866.0    45.1  -108.8   4.76    83363  7.27   450  -115  0  0
2024 133  9 50   -9.36    1.92    4.25  -861.8    45.4  -101.7   5.32    65845  8.03   410  -116  0  0
2024 133  9 55  -10.01    1.47    3.77  -858.3    38.9   -74.4   4.84    61797  7.20   402  -113  0  0
2024 133 10  0   -9.78    1.23    3.35  -859.0    61.9   -92.3   4.97    68671  7.46   395  -107  0  0
2024 133 10  5   -9.65    1.34    3.89  -864.1    46.3  -102.2   4.00    77861  6.05   383  -104  0  0
2024 133 10 10   -8.53    2.36    5.67  -871.7    31.4  -114.6   3.18    89998  4.91   380  -104  0  0
2024 133 10 15   -8.59    2.59    4.97  -874.4    23.5  -108.2   2.95    87905  4.59   249  -104  0  0
2024 133 10 20   -9.27    1.70    5.02  -866.5    37.4  -108.0   2.57    83668  3.93   163  -105  0  0
2024 133 10 25   -8.65    2.96    5.21  -866.7    21.5  -110.5   3.08    83359  4.71   198  -109  0  0
2024 133 10 30   -8.12    2.21    5.70  -870.7    25.3  -131.2   2.81   111479  4.35   162  -105  0  0
2024 133 10 35   -7.82    2.43    5.53  -884.5    10.2  -131.7   2.33   195783  3.73   125  -103  0  0
2024 133 10 40   -9.32    0.58    3.97  -872.4    48.8   -85.7   1.25   353342  1.95   132  -108  0  0
2024 133 10 45   -9.42   -0.09    3.79  -868.5    78.7   -86.0   0.96   431884  1.48   136  -114  0  0
2024 133 10 50   -9.18   -0.09    4.08  -879.0    71.7   -74.1   1.10   588179  1.72   136  -120  0  0
2024 133 10 55   -9.07    0.62    4.31  -879.1    66.2   -67.8   1.06   595479  1.66   125  -121  0  0
2024 133 11  0   -9.09    0.43    4.28  -879.1    66.2   -67.8   1.06   595479  1.66   107  -120  0  0
2024 133 11  5   -9.19   -1.08    4.17  -872.4    84.8   -79.9   0.97   498006  1.51   122  -118  0  0
2024 133 11 10   -8.51    1.78    4.49  -857.7    79.8   -93.4   0.91   312408  1.36    58  -117  0  0
2024 133 11 15   -9.04    0.06    3.73  -850.2    53.9   -85.5   1.17   261466  1.72    55  -117  0  0
2024 133 11 20   -9.03   -0.22    3.64  -858.5    70.8   -77.1   1.07   337656  1.60    76  -115  0  0
2024 133 11 25   -9.09   -0.14    3.68  -852.2    87.5   -98.5   1.04   338942  1.54   120  -112  0  0
2024 133 11 30   -9.12    0.24    3.55  -854.4    78.5   -82.8   0.97   357295  1.44   118  -108  0  0
2024 133 11 35   -8.32    2.27    3.17  -862.5    81.4   -80.8   0.95   370020  1.44   163  -110  0  0
2024 133 11 40   -8.33    2.26    3.16  -869.0    74.6   -75.4   0.99   430135  1.52   114  -113  0  0
2024 133 11 45   -8.01    0.99    3.90  -858.3    75.6   -80.4   1.17   394124  1.75   102  -114  0  0
2024 133 11 50   -8.07   -0.37    3.96  -865.7   145.8   -93.3   1.22   621985  1.90    92  -114  0  0
2024 133 11 55   -8.12    0.80    3.40  -873.3   121.6   -88.1   1.02   570328  1.60    90  -114  0  0
2024 133 12  0   -8.20    1.26    3.49  -869.1    94.5   -77.0   0.96   500895  1.49   101  -114  0  0
2024 133 12  5   -8.16    2.52    3.04  -867.7    94.4   -81.0   0.98   510693  1.51    85  -112  0  0
2024 133 12 10   -7.91    1.07    3.99  -871.4    83.2   -89.1   0.98   571878  1.52    67  -111  0  0
2024 133 12 15   -7.86    1.03    4.14  -862.8   106.2  -102.7   0.97   503600  1.49    63  -112  0  0
2024 133 12 20   -7.90    1.58    4.23  -867.8   123.8   -57.9   1.07   780750  1.65   112  -113  0  0
2024 133 12 25   -7.78    2.44    3.86  -885.5    93.7   -33.9   1.06   692664  1.68   112  -110  0  0
2024 133 12 30   -8.10    1.96    3.14  -860.4   110.7   -64.3   1.03   610708  1.56    93  -109  0  0
2024 133 12 35   -6.39    4.53    3.64  -883.3    59.8   -69.5   0.96   484754  1.52    99  -110  0  0
2024 133 12 40   -6.99    4.42    2.82  -886.0    46.2    -4.9   1.11   775262  1.75   108  -111  0  0
2024 133 12 45   -7.43    0.62    4.63  -869.5   107.4   -65.2   1.01   616950  1.56   126  -111  0  0
2024 133 12 50   -7.53    1.90    4.22  -862.8   117.4   -81.1   0.99   618844  1.51    99  -110  0  0
2024 133 12 55   -8.09    1.26    3.24  -869.1    88.4   -66.0   1.04   716165  1.60    80  -109  0  0
