2022  34  0  0    2.85    9.26   -0.99  -393.9    35.8    21.1   9.06   71620.  2.84    44     7
2022  34  0  5    3.67    8.44   -3.48  -392.3    21.3     9.0   9.67   71977.  2.99    54     7
2022  34  0 10   -0.45   11.28    0.92  -437.8   -28.2    36.2   6.09  141442.  2.36    80     8
2022  34  0 15    0.93   11.54   -1.68  -448.5   -35.3    15.5   4.61  147945.  1.87    57     5
2022  34  0 20    3.37   12.13   -3.56  -448.7   -23.6    27.5   3.49  121396.  1.42    49     5
2022  34  0 25    0.76   12.35   -2.81  -448.1   -25.3    17.2   3.64  134868.  1.47    44     4
2022  34  0 30    0.44   12.09   -4.11  -454.1   -30.8     2.6   3.70  140593.  1.53    36     0
2022  34  0 35    0.35   12.50   -3.61  -463.5   -32.5     5.0   3.15  129090.  1.36    27    -2
2022  34  0 40    2.11   12.79   -2.26  -443.7   -36.8    17.0   2.98  108711.  1.17    26    -1
2022  34  0 45    2.08   13.32   -1.66  -435.3   -23.5    21.7   2.59   82100.  0.99    23    -2
2022  34  0 50    2.44   13.07   -0.42  -430.5   -21.8    23.6   2.64   77200.  0.98    26    -1
2022  34  0 55    4.35   11.32    4.52  -446.4   -22.7     4.5   3.07  109158.  1.23    25    -3
2022  34  1  0    2.70   12.56    0.06  -450.7   -29.7    15.5   3.30  132365.  1.35    31    -2
2022  34  1  5    3.58   12.20    1.92  -453.8   -23.6    10.8   3.16  138510.  1.31    31     0
2022  34  1 10    4.20   12.06    0.31  -464.3   -35.8    -4.1   3.13  151947.  1.36    26    -2
2022  34  1 15    3.99   12.12    0.60  -469.1   -24.3    -9.1   2.82  138939.  1.24    30     0
2022  34  1 20    2.27   12.21    0.17  -484.2   -23.5   -14.2   2.87  157768.  1.35    27     0
2022  34  1 25    0.87   12.42   -0.91  -484.3   -28.9   -18.6   3.00  159330.  1.41    26     1
2022  34  1 30   -0.59   11.63   -5.59  -475.8   -22.7    -2.7   2.78  139700.  1.26    16     0
2022  34  1 35   -1.31   12.33   -1.20  -472.5   -29.0   -25.6   3.40  150567.  1.53    20     0
2022  34  1 40   -0.54   12.74   -0.38  -480.6   -33.7   -33.9   3.48   97704.  1.62    25     2
2022  34  1 45   -0.42   12.38   -3.51  -488.0   -43.7   -31.9   2.87   69335.  1.39    33     2
2022  34  1 50    0.98   11.53   -4.76  -498.5   -34.3   -19.1   2.84  116906.  1.43    33     2
2022  34  1 55    0.72   11.83   -3.70  -498.5   -44.4   -33.2   3.16  140737.  1.59    27     2
2022  34  2  0    0.22   11.71   -3.99  -499.1   -36.0   -34.2   3.18  115473.  1.60    24     2
2022  34  2  5   -0.03   11.65   -4.13  -501.1   -34.4   -38.2   3.78  139830.  1.92    62     3
2022  34  2 10   -1.15   11.26   -5.13  -495.9   -36.4   -37.4   3.20  121586.  1.59    58     3
2022  34  2 15   -1.47   11.02   -5.26  -495.6   -39.3   -36.2   3.13  108314.  1.55    45     1
2022  34  2 20   -1.69   10.60   -5.94  -497.1   -45.9   -30.6   3.46  111575.  1.73    59     2
2022  34  2 25   -2.02   10.64   -5.96  -502.8   -43.0   -26.5   3.17  113030.  1.62    65     1
2022  34  2 30   -2.98   10.42   -6.08  -500.4   -44.8   -25.8   3.07  116289.  1.55    67     0
2022  34  2 35   -3.75   10.40   -6.64  -493.2   -47.1   -25.5   2.87  101093.  1.41    76    -1
2022  34  2 40   -5.38   10.42   -6.00  -485.4   -52.0   -34.9   2.62   99152.  1.26    80    -2
2022  34  2 45   -4.26   10.98   -6.15  -479.1   -46.2   -26.5   2.51   88546.  1.17    95    -2
2022  34  2 50   -3.96   10.97   -6.50  -474.4   -44.8   -24.4   2.33   79514.  1.06   101    -3
2022  34  2 55   -3.05   11.21   -6.60  -482.1   -45.4   -22.2   2.79   87219.  1.31   108    -5
2022  34  3  0   -3.63   11.68   -3.73  -489.5   -50.4   -16.1   2.62   91762.  1.27   106    -6
2022  34  3  5   -3.36   11.85   -4.15  -482.5   -47.6   -34.4   3.01  108516.  1.42   134    -5
2022  34  3 10   -1.38   10.64   -6.21  -492.3   -44.3   -23.1   4.22  158929.  2.07   188    -2
2022  34  3 15   -1.20   11.05   -5.23  -496.2   -53.9   -43.1   4.21  139515.  2.11   276    -3
2022  34  3 20   -0.93   11.07   -5.27  -497.0   -54.3   -45.9   4.14  145082.  2.09   367    -3
2022  34  3 25    0.13   10.28   -7.24  -507.7   -53.2   -36.0   3.90  132479.  2.04   523    -2
2022  34  3 30   -0.33   11.42   -5.58  -511.9   -62.8   -58.4   4.13  150720.  2.22   613    -4
2022  34  3 35   -0.60   11.47   -5.99  -506.3   -64.8   -49.2   3.72  148123.  1.96   554    -3
2022  34  3 40   -0.46   12.14   -3.98  -515.0   -56.8   -58.2   3.96  121840.  2.15   539    -3
2022  34  3 45   -2.57   11.99   -2.99  -513.4   -57.7   -64.9   3.43  110754.  1.87   574    -3
2022  34  3 50   -2.96   11.17   -5.24  -503.9   -57.3   -49.1   3.82  104684.  1.99   581    -4
2022  34  3 55   -2.38   11.11   -6.91  -503.1   -68.7   -43.2   3.77  140617.  1.96   515    -4
2022  34  4  0   -4.07   10.88   -6.16  -494.6   -70.9   -31.3   2.91  140789.  1.46   471    -3
2022  34  4  5   -4.86   10.73   -5.92  -487.8   -69.5   -52.3   4.44  114639.  2.18   506    -1
2022  34  4 10   -4.43   10.70   -6.20 99999.9 99999.9 99999.9 999.99 9999999. 99.99   407    -1
2022  34  4 15   -4.36   10.27   -6.96  -490.5   -60.2   -39.2   4.57  118142.  2.25   424    -1
2022  34  4 20   -4.84   10.24   -6.77  -479.6   -60.1   -49.4   4.19   91455.  1.98   292    -8
2022  34  4 25   -4.62    9.68   -7.70  -481.4   -57.1   -45.2   4.45  112421.  2.12   248    -8
2022  34  4 30   -5.34    8.89   -8.08  -470.1   -44.0   -30.5   4.64  123050.  2.08   201    -9
2022  34  4 35   -5.13    9.31   -8.12  -464.9   -49.4   -34.8   3.94  136142.  1.73   228    -9
2022  34  4 40   -5.19   10.19   -8.47  -454.9   -50.4   -24.9   2.92   87736.  1.23   247   -10
2022  34  4 45   -4.14   11.35   -8.20  -453.8   -58.1   -34.5   2.55   71494.  1.07   291   -10
2022  34  4 50   -4.63   11.16   -8.17  -459.1   -77.2   -44.6   2.38   73271.  1.05   293   -11
2022  34  4 55   -4.49   10.91   -8.60  -459.8   -71.8   -40.6   2.56   81810.  1.12   306   -12
2022  34  5  0   -5.35    8.75  -10.58  -474.4   -72.1   -28.8   2.59   90706.  1.20   336   -11
2022  34  5  5   -4.89    8.85  -10.52  -482.3   -70.3   -25.1   2.89   74372.  1.38   396   -11
2022  34  5 10   -4.85    9.15  -10.36  -477.1   -69.5   -25.7   3.20   88624.  1.49   431   -12
2022  34  5 15   -5.03    9.54  -10.10  -479.2   -72.5   -31.1   2.98   96452.  1.40   437   -13
2022  34  5 20   -4.56   10.34   -9.63  -479.8   -80.4   -40.2   3.16  111949.  1.51   418   -14
2022  34  5 25   -4.33   10.99   -9.31  -480.0   -80.6   -30.5   2.69   97930.  1.28   432   -15
2022  34  5 30   -4.10   11.24   -9.07  -476.5   -66.1   -44.8   2.58  139015.  1.20   417   -16
2022  34  5 35   -3.95   11.25   -8.84  -479.4   -79.9   -38.0   2.54  107117.  1.21   494   -17
2022  34  5 40   -3.91   10.60   -9.19  -491.7   -77.0   -46.1   2.83  127851.  1.41   499   -16
2022  34  5 45   -2.59   10.19   -9.38  -487.6   -76.0   -41.5   3.84  125742.  1.89   547   -14
2022  34  5 50   -2.93   10.12   -9.20  -491.6   -70.1   -54.0   4.36  128589.  2.18   622   -14
2022  34  5 55   -2.79   10.93   -9.03  -495.2   -77.8   -44.8   3.52  117358.  1.78   626   -14
2022  34  6  0   -3.51   10.49   -9.78  -487.8   -81.1   -38.5   3.43   99975.  1.69   591   -15
2022  34  6  5   -4.66    9.67  -10.14  -472.5   -69.8   -39.5   3.81  100323.  1.75   743   -16
2022  34  6 10   -4.91    9.33  -10.75  -478.6   -77.1   -45.3   3.81   94109.  1.80   841   -17
2022  34  6 15   -5.49    8.70  -11.41  -473.1   -71.5   -31.7   3.14   95972.  1.45   775   -17
2022  34  6 20   -5.27    9.02  -11.18  -471.2   -65.4   -34.2   3.33   82771.  1.51   820   -17
2022  34  6 25   -4.21   10.16  -10.95  -481.8   -76.1   -34.5   3.05   83819.  1.46   840   -17
2022  34  6 30   -3.04   11.10  -10.14  -484.1   -79.3   -34.6   2.50   77617.  1.21   924   -17
2022  34  6 35   -3.42   10.55  -10.21  -470.6   -61.6   -33.2   3.67   87022.  1.65  1155   -16
2022  34  6 40   -6.10    7.60  -11.71  -461.3   -48.2   -19.0   4.31   83287.  1.86  1168   -16
2022  34  6 45   -7.39    6.79  -12.16  -457.6   -40.4   -21.6   4.10   88028.  1.74  1404   -17
2022  34  6 50   -8.28    6.37  -12.09  -440.5   -19.4   -23.7   3.27   91681.  1.28  1263   -20
2022  34  6 55   -8.63    6.29  -12.32  -437.9   -18.1   -25.0   3.33   91354.  1.26  1086   -22
2022  34  7  0   -5.18   10.30  -12.91  -472.5   -48.6   -29.5   1.82   39531.  0.81   922   -23
2022  34  7  5   -5.74   10.45  -12.65  -486.1   -65.0   -36.3   1.68   33384.  0.81   941   -24
2022  34  7 10   -4.87   11.04  -12.53  -499.3   -79.3   -34.9   1.76   41200.  0.90   943   -25
2022  34  7 15   -5.88   10.69  -12.92  -496.9   -80.3   -39.6   1.57   33117.  0.80   886   -26
2022  34  7 20   -6.56   10.86  -12.48  -482.9   -84.8   -34.1   1.99   42816.  0.96   861   -26
2022  34  7 25   -6.23   11.77  -11.71  -485.4  -100.4   -56.4   1.60   37867.  0.79   878   -27
2022  34  7 30   -7.02    9.50  -13.59  -489.7  -104.3   -46.0   1.49   36793.  0.76   843   -28
2022  34  7 35   -4.51    7.77  -15.84  -506.3  -109.9     4.7   1.28   42803.  0.69   877   -30
2022  34  7 40   -3.46    7.73  -12.08  -517.0  -120.5    -9.6   2.17  145056.  1.23   833   -33
2022  34  7 45   -2.80    6.29  -11.69  -531.0  -108.2   -10.1   2.58  338336.  1.52   841   -33
2022  34  7 50   -3.26    6.17  -11.95  -526.1  -116.2   -16.5   2.54  160461.  1.48   851   -31
2022  34  7 55   -4.25    4.63  -14.02  -509.9  -131.7    -7.4   2.49  214513.  1.38   868   -27
2022  34  8  0   -6.23    2.29  -16.31  -483.8   -42.0    24.0   1.61   50696.  0.76   817   -31
2022  34  8  5   -5.45    0.97  -17.14  -481.4   -35.3    28.7   1.75   57167.  0.82   836   -37
2022  34  8 10   -3.38    2.01  -17.71  -496.7   -51.6    24.8   2.13   60182.  1.07   812   -41
2022  34  8 15   -5.00   -1.35  -17.55  -497.5     4.6    32.6   1.66   40709.  0.83   992   -45
2022  34  8 20   -5.72    0.04  -17.65  -463.4   -16.1    19.6   1.37   29780.  0.59   948   -47
2022  34  8 25   -5.98   -1.43  -17.72  -470.8    -7.5    29.3   1.65   44519.  0.73  1040   -47
2022  34  8 30   -3.35   -1.54  -18.22  -485.3    -3.1    24.9   1.63   62745.  0.77   963   -47
2022  34  8 35   -4.78   -1.60  -18.05  -473.6     1.4    20.4   1.61   72335.  0.73   798   -48
2022  34  8 40   -4.74   -1.64  -17.89  -480.1    -2.6    24.5   2.12  117390.  0.98   838   -51
2022  34  8 45   -4.56   -2.64  -17.79  -480.2     1.8    27.2   2.37  150857.  1.10   820   -52
2022  34  8 50   -4.55   -3.38  -17.73  -478.9     9.0    23.0   2.68  126409.  1.23   819   -53
2022  34  8 55   -4.26   -4.56  -17.63  -486.3    12.8    15.9   2.52  114983.  1.20  1030   -53
2022  34  9  0   -3.33   -4.71  -17.81  -491.9    11.5    21.0   2.41  135904.  1.17   937   -54
2022  34  9  5   -4.65   -3.54  -17.66  -480.4     1.3    13.7   2.46  141944.  1.14  1244   -55
2022  34  9 10   -4.18   -2.54  -17.60  -487.2   -15.4     9.0   2.97  270914.  1.41  1335   -55
2022  34  9 15   -4.79   -3.16  -17.50  -486.0    -7.3     2.7   2.84  230880.  1.34  1445   -55
2022  34  9 20   -4.42   -4.55  -17.65  -490.8     3.0    19.0   2.35  184782.  1.13  1091   -58
2022  34  9 25   -5.14   -6.38  -17.17  -477.5    20.6    10.6   2.26  187907.  1.03   889   -62
2022  34  9 30   -4.99   -7.31  -16.92  -478.2    29.6    14.5   1.95  222422.  0.90  1068   -65
2022  34  9 35   -2.86   -5.82  -17.95  -495.3    13.1     4.2   1.90  272801.  0.94  1118   -66
2022  34  9 40   -3.94   -7.78  -17.27  -502.7    14.8    -1.7   1.66  298137.  0.84  1010   -66
2022  34  9 45   -3.49   -8.70  -15.96  -505.4    16.7    20.8   2.50  321946.  1.28   830   -68
2022  34  9 50   -3.81   -9.31  -15.88  -511.1    27.3    12.7   2.41  202814.  1.26   917   -68
2022  34  9 55   -3.91   -9.59  -15.68  -501.3    25.0    26.5   2.70  149162.  1.37   902   -68
2022  34 10  0   -3.12  -10.52  -15.70  -495.3    33.9    28.2   2.24  149831.  1.11   841   -69
2022  34 10  5   -3.17  -11.77  -15.26  -489.0    32.0    39.7   2.44   81002.  1.18  1097   -71
2022  34 10 10   -3.28  -12.35  -14.86  -492.0    46.2    33.6   2.40   62446.  1.18  1071   -72
2022  34 10 15   -2.57  -14.07  -13.48  -498.3    33.0    34.6   1.63   43122.  0.81   806   -74
2022  34 10 20   -1.94  -14.35  -12.63  -497.5    46.5    24.1   1.60   49622.  0.80   725   -75
2022  34 10 25   -1.11  -14.75  -10.49  -518.4    50.0   -10.6   2.79  362194.  1.51   772   -76
2022  34 10 30   -1.79  -16.09  -10.03  -520.3    69.5    -6.2   2.03  177458.  1.12   803   -76
2022  34 10 35   -2.05  -15.93   -9.98  -516.7    76.1   -14.8   2.12  209482.  1.16   844   -76
2022  34 10 40   -1.15  -16.62   -8.87  -511.8    70.9    -5.0   1.97  117404.  1.05   888   -76
2022  34 10 45   -1.40  -16.22   -9.65  -514.6    71.0    -8.1   1.97  110429.  1.06   735   -77
2022  34 10 50   -1.69  -15.85  -10.07  -520.1    81.8   -14.5   1.68  188621.  0.93   652   -78
2022  34 10 55   -1.31  -16.06   -9.38  -513.1    79.6    -3.1   1.74  169303.  0.94   633   -80
2022  34 11  0    0.50  -16.41   -7.70  -512.4    60.6     2.6   2.09  185376.  1.11   765   -79
2022  34 11  5   -0.58  -15.95   -9.11  -496.8    60.2    25.2   1.93  295859.  0.97   777   -79
2022  34 11 10   -0.49  -14.62   -9.62  -490.4    24.2    33.0   2.31  372604.  1.12   736   -79
2022  34 11 15    0.09  -14.98   -5.34  -495.0    24.7   -18.0   4.52  468981.  2.24   546   -78
2022  34 11 20    0.22  -16.18   -5.47  -503.1    30.3   -19.3   3.83  356952.  1.96   668   -74
2022  34 11 25    0.82  -16.79   -5.05  -497.8    39.4   -10.4   2.82  422752.  1.41   525   -75
2022  34 11 30   -1.71  -14.59   -7.95  -483.9    33.3     7.9   3.36  440643.  1.59   472   -76
2022  34 11 35   -0.40  -11.63   -6.19  -497.5    34.1    -4.1   7.70  397612.  3.84   553   -73
2022  34 11 40   -0.17   -7.80   -4.32  -496.3    -5.9    -1.3  24.88  173139. 12.25   789   -69
2022  34 11 45   -0.59   -1.89   -0.79  -500.9     4.8    -3.3  32.41  105316. 16.27  1107   -50
2022  34 11 50    2.34    2.22   13.66  -502.9    15.1    -3.0  12.43  178526.  6.30   827   -60
2022  34 11 55    1.31   -1.46   13.06  -500.2    13.8   -22.7  12.52  282955.  6.28   642   -73
2022  34 12  0    1.59   -2.14   12.67  -500.2    19.3   -24.3  13.42  324981.  6.74   381   -70
2022  34 12  5    1.95   -4.92    8.53  -514.5    17.0   -10.5  13.60  273527.  7.23   260   -69
2022  34 12 10    1.24   -5.85    6.20  -500.8    13.1   -24.8  16.62  437662.  8.36   295   -65
2022  34 12 15    0.79   -6.07    7.06  -503.4    22.3     0.2  15.87  413056.  8.06   395   -62
2022  34 12 20    0.75   -5.19    7.26  -504.9    30.8     6.5  16.12  363587.  8.26   370   -58
2022  34 12 25    1.54   -7.38   10.18  -504.3    36.6     9.4  14.47  303257.  7.41   376   -53
2022  34 12 30    0.79   -5.92    8.75  -505.7    36.2     8.9  14.46  296308.  7.42   215   -54
2022  34 12 35    1.66   -2.63    5.05  -504.3    40.1    10.3  18.05  309750.  9.23   234   -46
2022  34 12 40    2.26   -9.76    4.03  -522.5    51.1   -15.4  12.51  379078.  6.92   243   -47
2022  34 12 45    0.13   -8.15    0.72  -514.7    73.1   -14.8  15.04  252199.  8.14   234   -45
2022  34 12 50    1.19  -11.73   -0.34  -513.0    63.7   -10.1  12.10  362228.  6.49   178   -42
2022  34 12 55    0.14  -12.12    0.82  -514.6    54.4    -8.2  11.21  280383.  6.01    98   -44
2022  34 13  0   -0.73   -9.62    3.10  -507.0    47.0    -5.0  12.12  360907.  6.28   160   -43
2022  34 13  5    0.55   -8.43    2.21  -509.8    46.8     0.7  14.48  291405.  7.61   147   -40
2022  34 13 10    0.91   -9.35   -0.29  -511.4    54.5    13.8  14.09  289039.  7.47   176   -37
2022  34 13 15    1.04   -9.42    0.32  -513.0    30.9    -6.7   9.32  339870.  4.92   135   -41
2022  34 13 20    1.95   -6.09   -2.82  -520.7    52.0    12.1  11.36  320719.  6.25    91   -43
2022  34 13 25    0.84   -5.91   -3.25  -521.3    59.0    11.5  11.55  354486.  6.37   114   -38
2022  34 13 30    1.15   -5.48   -0.75  -523.0    48.9    -1.7  12.67  342157.  6.99   156   -37
2022  34 13 35    0.40   -5.38   -3.35  -519.1    52.2     7.6  11.30  289935.  6.15   123   -38
2022  34 13 40    0.41   -6.83   -4.42  -529.5    55.9    12.9   7.06  313939.  4.00   123   -42
2022  34 13 45    0.94   -6.90   -4.24  -534.6    54.3    19.2   6.19  288588.  3.58   132   -47
2022  34 13 50    0.97   -6.48   -4.21  -548.8    51.5    21.6   5.41  252888.  3.28   143   -49
2022  34 13 55    1.43   -4.76   -3.58  -560.2    52.7    17.6   4.26  213664.  2.69   214   -49
2022  34 14  0    1.91   -3.48   -3.11  -568.4    55.7    28.1   3.75  208609.  2.45   264   -51
2022  34 14  5    1.67   -3.58   -2.90  -576.0    47.3    34.6   3.29  183566.  2.21   335   -53
2022  34 14 10    1.88   -3.20   -2.84  -573.7    50.6    34.3   3.37  189471.  2.25   382   -53
2022  34 14 15    1.73   -3.63   -3.05  -574.1    41.8    28.0   3.19  137114.  2.12   413   -53
2022  34 14 20    1.85   -3.01   -3.01  -570.9    48.7    30.3   3.31  157098.  2.18   453   -53
2022  34 14 25    1.86   -3.01   -3.27  -571.1    45.5    35.4   3.23  144686.  2.12   477   -53
2022  34 14 30    2.22   -2.91   -2.58  -571.9    49.4    32.4   3.23  144085.  2.14   467   -53
2022  34 14 35    2.11   -2.79   -2.70  -569.5    46.8    36.9   3.26  131875.  2.14   420   -51
2022  34 14 40    2.15   -2.83   -2.24  -568.0    44.2    33.1   3.18  134962.  2.07   469   -51
2022  34 14 45    2.27   -2.81   -2.18  -566.4    44.6    26.8   2.96  144503.  1.92   599   -51
2022  34 14 50    2.68   -2.57   -1.87  -563.8    44.5    31.3   2.93  132406.  1.88   452   -51
2022  34 14 55    1.92   -2.82   -2.22  -566.3    43.4    30.4   3.12  133694.  2.02   450   -51
2022  34 15  0    1.77   -2.67   -2.42  -568.1    48.2    26.9   3.16  140857.  2.06   566   -50
2022  34 15  5    2.14   -2.28   -2.50  -563.9    43.3    26.3   2.92  125906.  1.87   496   -50
2022  34 15 10    2.00   -2.55   -2.59  -562.6    40.3    25.8   2.80  118958.  1.78   507   -50
2022  34 15 15    1.68   -2.28   -2.26  -564.5    39.5    25.8   3.68  100831.  2.36   441   -48
2022  34 15 20    1.41   -3.07   -2.22  -568.6    34.6    27.1   3.30   86032.  2.15   418   -46
2022  34 15 25    1.76   -3.25   -2.28  -564.4    37.5    26.9   2.85   72187.  1.83   405   -46
2022  34 15 30    1.52   -3.33   -2.07  -562.6    45.4    25.4   2.82   86584.  1.80   416   -46
2022  34 15 35    1.48   -3.37   -2.04  -562.3    41.9    24.3   2.88   89076.  1.84   475   -45
2022  34 15 40    1.35   -3.38   -1.93  -566.2    46.1    22.2   3.02  103995.  1.95   493   -45
2022  34 15 45    1.15   -3.23   -1.70  -563.1    33.6    21.6   2.98   83865.  1.90   491   -44
2022  34 15 50    1.87   -2.98   -1.29  -566.1    33.4    16.7   2.93   91507.  1.88   481   -44
2022  34 15 55    0.86   -3.05   -1.27  -561.7    36.4    16.7   3.06   84145.  1.94   446   -44
2022  34 16  0    2.03   -3.21   -1.83  -546.1    32.7     8.6   2.35   82629.  1.41   445   -44
2022  34 16  5    1.52   -3.80   -1.02  -546.9    33.5     5.1   2.35   86165.  1.41   503   -44
2022  34 16 10    1.33   -3.50   -0.50  -549.5    33.1     7.8   3.64   59386.  2.21   554   -43
2022  34 16 15    0.59   -0.71   -0.63  -548.8    40.8     4.7   4.73   47045.  2.86   498   -41
2022  34 16 20   -0.90    3.08   -1.47  -543.7    32.4    -0.0   4.82   55266.  2.86   491   -37
2022  34 16 25   -0.83    3.61   -1.29  -544.6    32.6     3.9   3.68   57684.  2.19   580   -37
2022  34 16 30   -0.68    3.55   -0.94  -544.1    32.9     3.3   4.15   55266.  2.46   539   -37
2022  34 16 35   -0.35    3.84   -1.02  -542.9    43.9     0.7   3.62   56697.  2.15   437   -36
2022  34 16 40   -0.37    3.61   -1.20  -539.0    35.8     1.1   3.72   56267.  2.17   426   -37
2022  34 16 45   -1.06    3.46   -1.31  -532.9    38.2     0.4   3.96   57485.  2.26   292   -35
2022  34 16 50   -1.48    3.03   -1.49  -534.4    39.6     2.3   3.95   60676.  2.27   267   -33
2022  34 16 55   -0.33    2.89   -0.97  -534.8    33.2     1.8   4.50   53220.  2.59   228   -32
2022  34 17  0    0.19    2.98   -0.18  -539.0    29.7    -0.4   5.72   42692.  3.33   193   -30
2022  34 17  5    0.51    3.76   -0.03  -535.5    33.7     1.2   4.45   51106.  2.56   168   -29
2022  34 17 10    1.79    2.37    1.52  -529.5    44.9     2.1   4.21   43580.  2.38   226   -30
2022  34 17 15   -0.56   -0.43    0.46  -541.6    44.4    -3.7   7.03   32991.  4.16   166   -28
2022  34 17 20    0.24   -1.90    0.14  -533.4    40.6   -13.1   8.62   39177.  4.93   144   -26
2022  34 17 25    0.07   -3.06    0.56  -534.9    26.1    -0.3   7.57   33441.  4.34   121   -23
2022  34 17 30   -0.52   -3.72   -0.44  -538.7    27.7    -7.0   7.05   31056.  4.11   144   -24
2022  34 17 35   -0.65   -4.15    0.10  -543.9    25.8    -1.2   6.29   32732.  3.73   113   -24
2022  34 17 40   -0.41   -4.21    0.18  -542.2    25.2    -4.6   6.75   33501.  3.98   122   -25
2022  34 17 45    0.38   -3.94    0.04  -537.2    27.0    -5.1   7.78   31095.  4.50   153   -24
2022  34 17 50    0.26   -2.84    0.29  -530.8    30.0   -12.8  11.02   33686.  6.23   177   -22
2022  34 17 55    0.33   -3.72    0.64  -527.2    29.6    -9.7  11.18   30781.  6.24   204   -19
2022  34 18  0    1.06   -4.35    1.29  -531.2    27.5    -8.8   8.54   34239.  4.84   270   -19
2022  34 18  5    1.21   -3.76    1.66  -528.8    27.8    -7.2  10.14   34762.  5.69   235   -19
2022  34 18 10    1.48   -2.68    2.39  -530.6    26.9    -5.2  11.28   32776.  6.37   206   -18
2022  34 18 15   -0.88   -1.87    0.13  -531.4    23.3    -2.3   9.36   54898.  5.31   201   -18
2022  34 18 20   -0.72    0.91   -0.40  -538.2    23.7     0.4   5.04  121475.  2.93   198   -23
2022  34 18 25   -2.88    0.35   -2.14  -540.5    28.3    -8.8   5.63  122585.  3.30   255   -27
2022  34 18 30   -1.34   -2.07    1.49  -540.6    32.9   -13.3   5.40  127951.  3.17   167   -25
2022  34 18 35   -0.79   -0.98    1.74  -542.2    25.5    -8.4   5.32  133544.  3.14   155   -25
2022  34 18 40   -1.29    0.28   -0.63  -539.9    28.9   -10.9   5.72  121338.  3.35   151   -24
2022  34 18 45   -0.72   -1.38   -0.30  -540.5    40.9   -11.4   5.38  135540.  3.16   146   -24
2022  34 18 50   -0.29   -3.42   -0.29  -537.8    35.2   -10.5   4.11  128406.  2.39   138   -25
2022  34 18 55   -0.10   -3.10    0.25  -538.3    27.6    -8.3   4.02  138091.  2.34   158   -27
2022  34 19  0   -0.25   -2.32   -0.26  -540.4     5.7    -6.2   4.56  112546.  2.67   142   -26
2022  34 19  5   -0.69   -2.24    0.24  -542.5     0.2    -4.1   5.73   79243.  3.37   269   -21
2022  34 19 10   -1.70   -2.66    0.24  -542.7     3.6    -0.3   6.06   72345.  3.57   188   -23
2022  34 19 15   -2.53   -2.72    0.21  -544.4     5.2    -2.7   5.97   67409.  3.54   137   -24
2022  34 19 20   -2.48   -3.13    0.15  -546.3    -0.8   -11.7   5.37   76498.  3.21   220   -23
2022  34 19 25   -1.66   -2.10    0.29  -543.4     8.5    -5.7   5.38   89314.  3.18   365   -22
2022  34 19 30   -1.13   -1.76   -0.33  -536.3    17.6   -18.2   6.77   90875.  3.90   270   -21
2022  34 19 35   -0.84   -2.18    0.22  -531.7    15.2   -18.3   6.60  101663.  3.74   295   -19
2022  34 19 40   -0.60   -2.02    0.93  -532.1    17.6   -13.8   6.37  108998.  3.62   390   -20
2022  34 19 45   -1.06   -1.91    1.20  -530.4    14.5    -6.6   6.37   99840.  3.59   462   -20
2022  34 19 50   -1.47   -1.44    1.83  -529.7    15.8    -5.8   6.01   96570.  3.37   407   -20
2022  34 19 55   -0.95   -1.50    2.08  -525.3    13.7   -10.2   6.03   88012.  3.33   434   -20
2022  34 20  0   -2.61   -2.56    0.08  -531.7    12.2    -9.1   5.83   62605.  3.30   392   -19
2022  34 20  5   -2.52   -2.26    0.43  -532.2    11.1    -8.8   5.87   59339.  3.33   404   -18
2022  34 20 10   -3.03   -2.02    0.58  -533.3     9.0    -7.9   6.13   71018.  3.49   340   -17
2022  34 20 15   -3.03   -1.79    1.32  -535.3     5.7    -4.4   6.11   82124.  3.50   268   -17
2022  34 20 20   -2.88   -1.69    1.71  -533.3     4.3    -2.6   6.31   75952.  3.59   290   -17
2022  34 20 25   -2.83   -1.42    1.93  -533.4     6.3    -2.5   6.54   81464.  3.72   282   -17
2022  34 20 30   -2.97   -0.67    1.50  -533.8    11.0    -5.4   6.83   89481.  3.90   236   -18
2022  34 20 35    1.73   -0.46   -0.59  -521.0    15.9    -6.6   6.83   88612.  3.71   214   -17
2022  34 20 40    0.24   -0.10    0.54  -525.5    15.7    -3.5   7.02   89944.  3.88   215   -16
2022  34 20 45   -0.08   -1.11    0.14  -526.1    19.1    -5.7   7.26   93544.  4.03   196   -17
2022  34 20 50    0.22    0.12   -0.07  -522.9    19.2    -8.3   7.06   94646.  3.87   202   -18
2022  34 20 55   -0.79    0.03    0.50  -518.0    18.8    -8.4   7.08   88917.  3.80   230   -17
2022  34 21  0   -2.49   -1.08   -0.14  -520.0    18.4    -7.7   6.42  101747.  3.47   252   -18
2022  34 21  5   -1.94   -1.21    0.08  -525.6    14.1    -6.7   6.04  109703.  3.34   226   -19
2022  34 21 10   -2.15   -1.19    0.14  -529.6    11.9   -11.9   5.71  101034.  3.21   203   -19
2022  34 21 15   -2.54    0.00    0.24  -521.5    22.4   -12.4   6.47  108604.  3.53   180   -22
2022  34 21 20   -2.38   -0.10    0.20  -516.9    21.0   -13.2   6.95  111766.  3.72   161   -23
2022  34 21 25   -2.85   -0.89   -0.22  -518.2    25.9   -14.1   6.72  100391.  3.62   161   -23
2022  34 21 30   -2.22   -0.66    0.08  -516.0    23.3   -14.6   7.05  111286.  3.76   170   -23
2022  34 21 35   -1.11   -0.70    0.58  -513.0    27.7   -14.2   7.02   94695.  3.71   171   -22
2022  34 21 40   -1.60   -0.99    0.77  -514.7    23.1   -18.9   7.30   95587.  3.88   159   -21
2022  34 21 45   -1.47   -1.66   -0.32  -521.2    13.8   -24.5   7.28   78820.  3.96   194   -20
2022  34 21 50   -0.80   -1.95   -1.03  -524.6     2.6   -26.9   7.59   87847.  4.19   155   -20
2022  34 21 55   -0.73   -2.36   -1.26  -528.4     2.2   -21.7   7.80   71853.  4.36   136   -20
2022  34 22  0   -0.66   -1.10   -0.82  -531.0     7.1   -19.3   8.10   77225.  4.58   171   -19
2022  34 22  5   -0.67    1.38   -1.30  -530.6    25.2   -19.3   8.31   77842.  4.70   201   -18
2022  34 22 10   -0.64    1.85   -0.70  -529.1    25.8   -19.3   8.41   81017.  4.73   210   -18
2022  34 22 15   -0.12    2.21    0.72  -525.0    24.7   -14.8   8.41   74936.  4.65   219   -18
2022  34 22 20   -0.28    1.90    1.71  -521.6    20.5    -8.1   8.27   69808.  4.51   235   -19
2022  34 22 25   -1.01    1.90    1.45  -523.5    17.8    -6.8   8.03   78768.  4.40   200   -20
2022  34 22 30   -0.66    1.65    1.40  -523.5    18.9   -11.6   7.94   85158.  4.36   159   -20
2022  34 22 35   -1.06    0.76    1.25  -523.7    17.6   -12.2   8.26   89737.  4.54   138   -20
2022  34 22 40   -0.94    1.13    1.63  -525.3    21.4   -10.4   8.37   77583.  4.63   119   -20
2022  34 22 45   -0.90    1.43    1.36  -525.4    21.9    -8.5   8.59   83831.  4.75    87   -20
2022  34 22 50    0.91    1.10    0.48  -519.1    25.4    -8.0   8.51   85955.  4.60    91   -19
2022  34 22 55    1.13    0.02    0.43  -516.3    18.3   -11.9   8.87   96556.  4.74    84   -18
2022  34 23  0    0.65    0.33    2.75  -522.7    19.0   -14.1   8.05   69960.  4.41    92   -18
2022  34 23  5    0.60    0.09    1.38  -524.2    14.9   -14.2   8.38   84099.  4.61   123   -18
2022  34 23 10    1.25    0.02    2.27  -525.2    16.0    -8.0   8.66   78423.  4.78   110   -18
2022  34 23 15    2.14    2.38    0.46  -517.6    19.9    -6.1   8.74   80897.  4.69   125   -16
2022  34 23 20    2.59    0.97    1.35  -515.1    15.8     5.5   9.19  114739.  4.88   128   -16
2022  34 23 25    2.55    0.60    1.71  -516.8    15.4     1.3   9.27  100616.  4.96   131   -16
2022  34 23 30   -0.78   -0.83    2.56  -523.9    12.3    -1.1   9.79   63175.  5.38   137   -14
2022  34 23 35    0.23   -0.47    3.06  -526.1     9.5     3.0  10.43   59848.  5.78   150   -10
2022  34 23 40    0.63   -1.61    3.86  -539.4     8.5    -0.4  13.06   83727.  7.63   182    -5
2022  34 23 45    1.52   -0.99    3.23  -543.0     7.5    -3.2  15.86   92304.  9.36   183     0
2022  34 23 50   -0.31   -1.38    4.00  -553.4     5.9    -8.6  15.65  106652.  9.59   185     1
2022  34 23 55    1.37    1.50   -2.31  -552.9     8.6   -16.6  16.53  128052. 10.12   156     2
2022  35  0  0    1.74   -0.37   -5.69  -555.9     7.1   -10.9  13.51   68343.  8.35   118     1
2022  35  0  5    0.75   -1.54   -6.27  -554.4    11.5    -9.0  14.56   72510.  8.96   147     0
2022  35  0 10   -3.37   -4.95   -1.45  -557.4     9.8   -19.0  14.48   92559.  9.01   236     2
2022  35  0 15   -3.81   -6.02    0.66  -558.9     3.8   -20.8  15.39   91822.  9.62   319     2
2022  35  0 20   -2.57   -5.81   -0.90  -556.9     4.0   -23.8  15.80   90597.  9.81   344     0
2022  35  0 25    0.61   -2.99   -4.07  -566.8     0.1   -13.4  21.41   72875. 13.79   276     3
2022  35  0 30   -3.77   -4.95    2.36  -575.8    -5.7    -0.7  24.33   82467. 16.13   305     6
2022  35  0 35   -4.49   -4.99    3.85  -574.1   -12.0   -11.4  15.09   88400.  9.98   434    -3
2022  35  0 40   -4.71   -3.92    3.45  -584.5   -13.7     1.0  16.46  135967. 11.25   318    -4
2022  35  0 45   -5.64   -4.19    3.71  -583.5   -18.8     0.9  14.64  152582.  9.98   293    -6
2022  35  0 50   -6.04   -5.39    1.35  -587.3   -14.2    -4.0  13.52  129376.  9.34   245    -7
2022  35  0 55   -6.20   -4.74    2.06  -587.9   -11.1    -6.1  14.82  124907. 10.24   230    -7
2022  35  1  0   -6.50   -4.76    2.51  -584.3    -8.8    -3.8  15.37  134149. 10.50   308    -6
2022  35  1  5   -5.68   -5.94    1.57  -582.2   -15.4    -4.1  14.17  119785.  9.61   380    -6
2022  35  1 10   -4.95   -5.91    0.39  -580.2   -15.1    -8.2  14.04  107918.  9.46   502    -8
2022  35  1 15   -5.00   -4.93    0.54  -578.0   -10.5    -8.6  15.02  109266. 10.04   673    -8
2022  35  1 20   -3.53   -5.18    0.67  -571.4    -8.8    -1.0  15.71  123901. 10.26   693    -8
2022  35  1 25   -3.65   -5.00    0.85  -570.8    -9.3     2.9  14.77  108792.  9.63   714    -9
2022  35  1 30   -2.85   -5.15    1.69  -564.8    -7.9    -1.7  15.84  116720. 10.10   719    -9
2022  35  1 35   -2.53   -4.64    1.00  -568.5    -3.9    -3.9  16.15  117469. 10.44   616    -9
2022  35  1 40   -3.32   -3.95    0.17  -564.7    -0.6    -9.4  17.09  119861. 10.90   491    -8
2022  35  1 45   -2.59   -4.68    0.72  -563.0    -7.0    -9.4  16.55  115468. 10.50   357    -7
2022  35  1 50   -1.84   -4.85    0.62  -561.4    -8.7   -10.8  16.59  114187. 10.47   331    -6
2022  35  1 55   -1.11   -4.16    0.80  -554.2     1.1   -15.2  18.20  109300. 11.18   311    -6
2022  35  2  0   -0.91   -3.61   -0.47  -551.6     3.2   -17.9  18.16  112968. 11.06   327    -5
2022  35  2  5   -1.14   -6.31    1.09  -550.9    -5.9   -15.7  14.55  108123.  8.84   347    -7
2022  35  2 10   -1.84   -8.15    0.27  -552.4   -19.0   -10.4  10.58   88571.  6.47   371   -12
2022  35  2 15   -2.28   -6.41   -0.15  -557.7   -16.8   -14.3  11.31   95587.  7.04   411   -16
2022  35  2 20   -1.31   -5.50    0.59  -547.0    -2.2   -15.4  17.33  124960. 10.39   443   -11
2022  35  2 25    0.46   -7.80    0.75  -535.0   -18.0   -13.6  13.00  113583.  7.48   489    -6
2022  35  2 30    0.92   -7.39    0.74  -527.6   -17.4   -16.4  12.86  110516.  7.17   385   -11
2022  35  2 35   -0.40   -8.82    1.15  -539.2   -27.5   -19.4  10.06   89025.  5.88   352   -13
2022  35  2 40    0.19   -8.80    1.20  -541.6   -26.4   -14.7   9.11   91219.  5.36   287   -16
2022  35  2 45    0.59   -8.53    1.83  -537.0   -30.4   -13.8   9.11   72307.  5.27   405   -17
2022  35  2 50    0.71   -3.31    0.61  -541.5     0.7   -15.0  19.09  106113. 11.20   429   -16
2022  35  2 55    0.41   -2.26    2.21  -542.2     2.5    -5.4  16.79  116484.  9.87   435    -6
2022  35  3  0    3.58   -3.73   -1.86  -529.3     0.8    -9.6  13.94  112626.  7.84   445    -6
2022  35  3  5    1.16   -4.90   -1.19  -526.8     3.2   -28.1  12.79  108751.  7.12   440   -13
2022  35  3 10   -3.57   -4.61    1.84  -549.0   -14.9   -19.3  16.41   80507.  9.91   271   -16
2022  35  3 15   -3.83   -4.89    2.17  -547.9    -9.6   -15.4  16.21   57174.  9.75   258    -8
2022  35  3 20   -4.23   -3.97    2.79  -547.0   -11.4   -17.3  16.90   55379. 10.14   295    -8
2022  35  3 25   -4.15   -3.76    2.52  -546.8   -14.8   -17.8  17.11   51759. 10.25   271    -9
2022  35  3 30   -5.01   -4.57    2.09  -547.0   -14.7   -13.4  13.66   51533.  8.18   259   -12
2022  35  3 35   -5.34   -3.47    2.90  -550.0   -12.5   -12.2  12.45   49165.  7.54   296   -19
2022  35  3 40   -3.31   -6.23    2.97  -549.9     6.3   -17.3   6.60  113010.  4.00   240   -17
2022  35  3 45   -3.27   -6.82    2.98  -547.6     7.4   -26.8   5.68   98043.  3.42   198   -21
2022  35  3 50   -2.36   -6.88    1.83  -547.0    10.8   -23.4   7.29  107323.  4.37   172   -25
2022  35  3 55   -1.41   -7.74    0.24  -549.9    35.5   -14.4   6.55  110721.  3.97   182   -22
2022  35  4  0   -1.67   -7.99   -0.17  -555.8    33.2    -7.4   5.57   76098.  3.46   149   -23
2022  35  4  5   -0.66   -7.71    0.07  -560.6    34.7     0.1   6.57  108751.  4.15   144   -20
2022  35  4 10   -0.41   -6.99    0.92  -560.4    26.6    -1.9   6.39  101068.  4.03   161   -18
2022  35  4 15    0.29   -6.85    1.85  -559.1    18.5    -6.1   6.44  109829.  4.03   231   -17
2022  35  4 20    0.14   -7.35    2.06  -551.1     9.8     8.9   6.46  112093.  3.93   223   -17
2022  35  4 25    0.88   -8.08    3.36  -551.5    28.5    -9.4   4.97   82113.  3.03   208   -20
2022  35  4 30    1.24   -8.40    3.62  -557.2    25.5   -27.6   4.36   83188.  2.71   172   -21
2022  35  4 35    0.92   -8.25   -0.27  -560.4    26.9   -12.6   6.38  127453.  4.02   192   -23
2022  35  4 40    0.72   -8.66   -0.26  -559.1    27.3    14.8   4.93  109927.  3.09   189   -20
2022  35  4 45    0.95   -8.58   -0.80  -558.2    26.5     3.3   4.98   97759.  3.11   170   -21
2022  35  4 50   -0.11   -8.28   -2.55  -551.3    39.1    47.9   4.17   57953.  2.57   187   -23
2022  35  4 55    1.00  -10.09   -2.46  -558.2    13.7    20.1   3.08   23404.  1.93   165   -24
2022  35  5  0    0.94  -10.67   -0.91  -569.5    19.6    16.7   3.17   20128.  2.06   155   -27
2022  35  5  5    1.05  -10.70   -0.95  -555.8    19.6     5.0   2.61   19104.  1.61   180   -28
2022  35  5 10    1.29  -10.63   -0.92  -556.3    20.5    16.3   2.71   21657.  1.68   179   -31
2022  35  5 15    1.44  -10.66   -0.86  -553.9    21.9    14.6   2.55   19886.  1.57   188   -31
2022  35  5 20    1.04  -10.76   -1.08  -553.4    16.0    11.8   2.53   19774.  1.55   216   -30
2022  35  5 25    0.92  -10.66   -2.34  -550.5    15.6    10.8   2.49   21742.  1.51   317   -30
2022  35  5 30    2.54  -10.55   -1.32  -553.9    18.3     5.6   2.38   21936.  1.46   416   -29
2022  35  5 35    3.32  -10.41   -0.23  -556.0    27.5    10.3   2.92   28180.  1.81   474   -29
2022  35  5 40    2.85  -10.64   -1.27  -554.1    28.8    14.9   2.90   26466.  1.78   543   -27
2022  35  5 45    2.90  -10.66   -1.65  -555.5    26.4    12.2   2.55   20255.  1.58   539   -26
2022  35  5 50    2.92  -10.74   -1.62  -557.4    24.6    11.7   2.47   20152.  1.54   503   -27
2022  35  5 55    3.00  -10.66   -2.07  -559.5    24.9    17.9   2.38   27478.  1.50   480   -26
2022  35  6  0    2.98  -10.57   -2.81  -560.4    27.2    33.2   2.58   27141.  1.63   503   -25
2022  35  6  5    3.15  -10.60   -2.46  -562.0    25.2    28.4   2.64   25983.  1.67   526   -26
2022  35  6 10    3.51  -10.53   -2.52  -560.2    13.6    24.8   2.53   22239.  1.59   475   -25
2022  35  6 15    3.76  -10.55   -1.96  -557.7    24.7    23.5   2.57   25562.  1.61   423   -26
2022  35  6 20    4.02  -10.36   -2.39  -561.3    25.5    36.6   2.94   26581.  1.86   446   -27
2022  35  6 25    4.50  -10.12   -2.76  -560.1    28.1    31.5   3.28   26908.  2.07   450   -27
2022  35  6 30    3.92  -10.19   -3.48  -557.5    27.0    36.9   2.89   26541.  1.81   406   -27
2022  35  6 35    4.49   -9.96   -3.22  -551.5    33.2    38.8   3.10   29318.  1.90   421   -26
2022  35  6 40    4.17   -9.63   -3.61  -550.8    37.4    30.7   4.46   46179.  2.73   423   -25
2022  35  6 45    4.14   -9.37   -4.13  -549.9    30.3    31.8   5.11   53610.  3.11   399   -25
2022  35  6 50    4.47   -9.33   -3.93  -549.2    32.7    30.3   4.74   52672.  2.88   392   -25
2022  35  6 55    4.33   -9.31   -3.84  -544.3    34.8    31.2   5.60   58512.  3.34   393   -26
2022  35  7  0    4.47   -9.19   -3.96  -543.7    32.7    30.6   5.93   65764.  3.53   411   -26
2022  35  7  5    4.40   -9.24   -4.05  -542.9    31.0    28.7   5.62   70611.  3.33   414   -27
2022  35  7 10    4.73   -9.14   -4.06  -545.1    32.3    27.8   5.07   59607.  3.03   439   -28
2022  35  7 15    5.04   -9.28   -4.23  -546.2    39.2    29.4   4.47   42582.  2.69   416   -31
2022  35  7 20    5.08   -9.07   -4.80  -543.8    36.0    28.8   3.75   42640.  2.23   460   -34
2022  35  7 25    5.07   -8.93   -5.12  -544.6    34.2    29.5   3.71   36852.  2.21   439   -35
2022  35  7 30    4.90   -9.12   -4.83  -541.0    37.2    31.7   4.14   44548.  2.44   390   -36
2022  35  7 35    4.90   -9.19   -4.88  -537.5    38.0    30.3   4.21   41283.  2.46   357   -35
2022  35  7 40    4.87   -9.21   -4.90  -534.2    36.5    32.0   4.20   42500.  2.41   413   -34
2022  35  7 45    5.12   -9.08   -4.77  -532.2    34.7    33.4   4.50   32535.  2.57   427   -33
2022  35  7 50    5.13   -9.09   -4.91  -530.7    34.5    34.0   4.07   38130.  2.31   500   -35
2022  35  7 55    5.22   -9.00   -4.95  -527.2    35.1    35.4   4.01   38174.  2.25   528   -35
2022  35  8  0    5.88   -9.29   -3.78  -530.4    37.4    32.8   3.14   36440.  1.78   432   -38
2022  35  8  5    4.24   -9.02   -4.84  -530.3    36.4    32.6   4.83   58881.  2.73   316   -38
2022  35  8 10    3.70   -8.81   -5.34  -522.8    38.4    26.2   5.40   72344.  2.98   291   -36
2022  35  8 15    3.09   -8.44   -6.10  -531.6    42.5    14.4   5.49   59309.  3.13   392   -35
2022  35  8 20    1.62   -7.42   -7.95  -532.1    37.3     9.0   6.21   77107.  3.54   527   -33
2022  35  8 25    2.15   -7.62   -7.71  -526.5    36.7    12.2   6.71   47634.  3.74   579   -33
2022  35  8 30    2.10   -7.67   -7.86  -524.6    31.6    10.3   6.03   43746.  3.33   539   -34
2022  35  8 35    1.86   -7.59   -7.90  -527.9    32.4    10.7   6.05   59172.  3.39   450   -35
2022  35  8 40    1.93   -7.56   -8.13  -525.4    35.9     5.3   5.43   42053.  3.01   403   -38
2022  35  8 45    2.20   -8.80   -6.35  -523.3    39.6    27.7   6.23   57596.  3.44   397   -38
2022  35  8 50    2.68   -7.28   -8.09  -514.5    44.5    11.0   5.06   61890.  2.71   285   -38
2022  35  8 55    2.28   -7.90   -7.51  -518.9    38.4    17.2   5.79   55259.  3.14   240   -40
2022  35  9  0    3.07   -7.10   -7.92  -516.1    46.8    10.8   6.31   54747.  3.39   273   -41
2022  35  9  5    3.08   -6.69   -8.16  -514.5    49.5    11.8   6.24   54598.  3.34   413   -42
2022  35  9 10    3.22   -6.28   -8.30  -512.5    47.2    12.8   6.56   59758.  3.48   644   -44
2022  35  9 15    2.64   -6.39   -8.68  -507.8    38.0    16.4   5.93   57458.  3.07   657   -46
2022  35  9 20    2.50   -6.41   -8.91  -508.6    34.9    18.1   4.70   45482.  2.45   589   -49
2022  35  9 25    2.43   -6.45   -8.99  -505.3    33.9    18.7   4.42   44484.  2.27   444   -51
2022  35  9 30    2.35   -6.33   -9.20  -507.3    36.0    17.5   4.43   44372.  2.29   510   -52
2022  35  9 35    2.31   -6.51   -9.00  -510.4    38.1    11.8   4.42   50499.  2.32   597   -52
2022  35  9 40    1.71   -6.70   -8.91  -505.3    36.8    18.4   4.21   54551.  2.17   528   -52
2022  35  9 45    3.26   -7.66   -7.31  -505.9    35.6    26.5   4.75   47598.  2.45   569   -53
2022  35  9 50    3.75   -7.65   -7.13  -506.7    42.2    18.8   4.79   46455.  2.48   592   -53
2022  35  9 55    3.81   -7.51   -7.24  -504.3    44.4    17.5   4.76   45853.  2.44   507   -53
2022  35 10  0    3.52   -7.10   -7.67  -506.9    44.1    18.6   4.60   40040.  2.39   410   -55
2022  35 10  5    3.29   -6.98   -7.78  -508.9    43.9    20.1   4.80   41680.  2.51   376   -57
2022  35 10 10    3.66   -6.90   -7.63  -508.1    41.7    18.1   4.34   51807.  2.26   386   -57
2022  35 10 15    3.89   -6.70   -7.71  -510.3    41.4    17.1   4.14   45110.  2.17   378   -57
2022  35 10 20    2.66   -6.86   -8.06  -509.1    42.6    15.9   4.32   45720.  2.26   398   -58
2022  35 10 25    2.95   -7.03   -7.75  -504.9    38.4    12.9   4.35   43654.  2.23   356   -61
2022  35 10 30    3.68   -6.82   -7.48  -501.2    41.5    16.6   4.77   40630.  2.41   326   -62
2022  35 10 35    3.46   -7.06   -7.25  -496.8    43.2    20.8   4.53   39830.  2.26   581   -62
2022  35 10 40    3.59   -6.85   -7.52  -503.3    49.2    17.0   4.19   54660.  2.15   707   -60
2022  35 10 45    3.12   -7.27   -7.18  -506.7    46.4    16.3   4.43   56151.  2.30   664   -59
2022  35 10 50    2.83   -7.01   -7.53  -510.2    42.1    16.0   3.89   53675.  2.04   660   -58
2022  35 10 55    2.29   -6.45   -8.10  -511.2    41.4    11.9   4.71   59955.  2.48   669   -57
2022  35 11  0    2.10   -6.67   -7.95  -513.3    41.0    11.2   4.76   55439.  2.52   657   -58
2022  35 11  5    2.39   -6.48   -8.08  -513.1    39.4    11.5   4.59   49808.  2.44   681   -59
2022  35 11 10    2.56   -6.37   -8.19  -512.4    41.3     9.0   4.44   45352.  2.34   753   -59
2022  35 11 15    2.17   -6.58   -8.25  -513.3    40.1     7.2   4.24   43650.  2.25   651   -57
2022  35 11 20    2.23   -6.96   -8.11  -513.0    40.2     6.8   3.73   34734.  1.98   717   -57
2022  35 11 25    2.21   -7.75   -7.60  -512.9    31.6     4.7   3.04   35631.  1.61   789   -56
2022  35 11 30    2.57   -7.55   -7.84  -520.3    20.4     7.7   2.72   29763.  1.48   884   -55
2022  35 11 35    2.16   -7.41   -8.04  -517.6    23.0     9.4   3.30   29390.  1.77   819   -51
2022  35 11 40    2.33   -7.18   -8.18  -515.9    30.4     8.6   3.63   31808.  1.94   749   -51
2022  35 11 45    2.31   -7.36   -8.02  -514.9    33.2     4.5   2.72   29855.  1.45   780   -53
2022  35 11 50    2.33   -7.93   -7.43  -514.2    29.8     5.4   2.96   32879.  1.57   943   -54
2022  35 11 55    2.41   -7.91   -7.50  -514.3    26.1     4.3   2.78   29748.  1.48  1077   -54
2022  35 12  0    2.53   -7.69   -7.67  -512.3    26.1     4.7   2.81   31486.  1.48  1031   -55
2022  35 12  5    2.57   -7.72   -7.65  -512.5    23.1     5.4   2.66   35494.  1.40   883   -55
2022  35 12 10    2.42   -7.92   -7.55  -507.8    26.0     1.8   2.32   30447.  1.20  1016   -56
2022  35 12 15    2.03   -8.55   -6.99  -504.0    29.3     1.0   2.41   24561.  1.23   894   -57
2022  35 12 20    2.13   -8.60   -6.49  -506.8    35.9     6.0   3.44   27509.  1.78   792   -56
2022  35 12 25    2.18   -8.66   -6.04  -508.9    39.3    10.3   3.94   29666.  2.06   862   -54
2022  35 12 30    1.97   -9.65   -4.30  -510.6    44.9     2.5   4.47   46120.  2.35   879   -54
2022  35 12 35    1.72   -9.97   -3.33  -507.1    40.3   -10.3   3.38   44091.  1.75   892   -56
2022  35 12 40    2.25   -9.49   -3.60  -512.5    41.4     0.9   4.08   45171.  2.16   851   -55
2022  35 12 45    2.11   -9.44   -3.65  -509.9    41.7    -4.3   4.15   38493.  2.17   727   -54
2022  35 12 50    2.41   -9.22   -4.48  -509.7    33.2    -6.0   3.32   36199.  1.73   724   -54
2022  35 12 55    2.77   -8.76   -5.04  -511.4    28.8     2.3   3.02   37378.  1.59   690   -56
2022  35 13  0    2.92   -8.64   -5.45  -509.0    23.1     0.6   3.87   29202.  2.01   725   -55
2022  35 13  5    3.46   -6.62   -6.65  -513.0    30.9     4.9   7.87   35461.  4.16   627   -55
2022  35 13 10    3.15   -6.72   -6.51  -513.3    34.1     5.6   8.16   31644.  4.32   743   -49
2022  35 13 15    3.25   -7.03   -6.34  -511.3    33.3    -0.4   7.02   27442.  3.69   797   -48
2022  35 13 20    3.56   -6.87   -6.57  -511.2    28.3    -0.8   6.97   21511.  3.66   645   -49
2022  35 13 25    3.64   -6.84   -6.55  -509.5    28.9    -4.3   6.48   25063.  3.38   608   -51
2022  35 13 30    3.61   -6.76   -6.69  -510.7    28.4    -6.5   6.30   22710.  3.30   589   -51
2022  35 13 35    3.78   -6.80   -6.59  -511.6    26.1    -7.3   6.15   29356.  3.23   505   -53
2022  35 13 40    3.65   -7.11   -6.08  -508.1    24.0    -7.1   6.05   22785.  3.13   511   -54
2022  35 13 45    3.04   -7.04   -5.92  -510.8    32.7   -11.5   6.85   22323.  3.59   649   -53
2022  35 13 50    3.53   -6.93   -5.83  -511.0    31.8   -11.9   6.63   24320.  3.48   576   -53
2022  35 13 55    3.61   -7.03   -5.46  -508.0    32.0   -13.7   5.58   27367.  2.90   664   -54
2022  35 14  0    3.68   -7.17   -4.65  -511.9    34.7     0.1   6.52   30778.  3.43   526   -55
2022  35 14  5    3.63   -7.43   -3.57  -510.7    33.8    -1.9   6.93   32759.  3.64   501   -56
2022  35 14 10    3.47   -7.39   -2.47  -513.7    38.8     5.3   7.92   42304.  4.20   645   -56
2022  35 14 15    2.99   -7.35   -3.60  -511.1    37.9     0.1   6.22   43811.  3.27  1064   -57
2022  35 14 20    2.74   -7.37   -3.90  -517.3    36.9    -5.2   5.80   47521.  3.12   806   -58
2022  35 14 25    2.61   -7.01   -5.14  -514.4    36.8    -2.7   4.37   45145.  2.33   597   -58
2022  35 14 30    2.64   -6.77   -5.43  -512.0    38.6     0.2   3.81   47499.  2.01   437   -58
2022  35 14 35    2.22   -6.44   -5.58  -508.6    34.0     0.9   3.79   55220.  1.97   470   -58
2022  35 14 40    2.74   -4.87   -5.79  -505.5    27.1     0.3   4.23   66581.  2.16   411   -58
2022  35 14 45    1.10   -0.69   -7.12  -494.8    -2.0    -9.7   5.47  104468.  2.68   439   -58
2022  35 14 50    1.05    2.34   -7.09  -497.6   -11.8   -10.9   4.81   88859.  2.38   495   -57
2022  35 14 55   -0.35   -0.54   -7.48  -493.7     5.7   -13.4   5.33  123467.  2.60   737   -55
2022  35 15  0   -0.04   -0.72   -7.64  -493.0     6.6   -12.4   4.80  131789.  2.33  1307   -54
2022  35 15  5    2.14   -1.74   -7.91  -494.4    12.7    -6.6   5.62  117103.  2.75  1113   -53
2022  35 15 10    3.50   -2.14   -7.79  -505.7    -3.4   -18.0   5.61   93946.  2.88  1035   -52
2022  35 15 15    1.26   -5.64   -6.50  -493.6    29.4   -19.1   4.57   82679.  2.24   847   -51
2022  35 15 20    1.42   -4.92   -7.41  -500.4    21.6   -11.8   3.68   80785.  1.85   907   -52
2022  35 15 25    0.62    0.61   -6.31  -494.6    -4.8   -28.6   5.78  120202.  2.83   812   -52
2022  35 15 30   -2.31    6.11   -0.08  -490.8    -9.5   -55.3   7.01  101983.  3.42   993   -52
2022  35 15 35   -3.09    7.27    2.03  -493.8     4.6   -52.1   5.44   46992.  2.68   934   -53
2022  35 15 40   -2.10    4.77    0.19  -492.5    -4.7   -47.7   5.35   71734.  2.62   904   -52
2022  35 15 45    0.27   -6.36   -1.35  -494.4    28.1   -47.9   4.55   94104.  2.26   853   -51
2022  35 15 50    0.30   -7.52   -0.60  -494.6    25.2   -43.9   4.17  102082.  2.07   678   -50
2022  35 15 55    0.77   -8.13    1.95  -488.8    26.9   -49.9   4.47   76406.  2.16   480   -48
2022  35 16  0    1.25   -8.42    2.30  -501.4    35.1   -42.2   3.48   69554.  1.77   417   -48
2022  35 16  5    0.13   -9.20    0.37  -484.5    29.0   -24.4   2.67   68467.  1.26   412   -48
2022  35 16 10   -0.18   -9.40   -1.99  -486.9    46.7   -20.1   2.08   47082.  1.00   599   -50
2022  35 16 15   -0.61   -8.40   -4.36  -482.4    38.3     4.2   2.20   58849.  1.03   599   -50
2022  35 16 20   -1.33   -8.02   -4.07  -481.6    23.9    -3.7   2.50  109083.  1.17   509   -50
2022  35 16 25   -1.83   -4.99   -3.66  -486.3     5.3   -11.0   3.01  171092.  1.42   425   -50
2022  35 16 30   -0.93    8.64   -2.94  -494.8   -14.4   -35.3   2.86   79063.  1.41   412   -49
2022  35 16 35   -0.97    7.92   -5.56  -496.1    -5.5   -34.2   2.69   46697.  1.33   453   -48
2022  35 16 40   -0.27    7.10   -6.54  -502.6    -6.0   -37.6   3.19   71158.  1.63   620   -48
2022  35 16 45   -0.04    5.97   -7.82  -500.8    -9.8   -31.5   3.12   73567.  1.57   555   -46
2022  35 16 50    2.25    2.99   -9.52  -505.4    -9.2   -22.3   3.63   99975.  1.87   505   -46
2022  35 16 55    2.11    1.66   -8.54  -502.4   -31.1   -46.6   3.62  113216.  1.85   430   -45
2022  35 17  0    0.57    3.03   -9.12  -495.7   -49.0   -50.9   3.95  113072.  1.98   394   -45
2022  35 17  5    0.45    2.44   -9.59  -495.1   -39.9   -53.4   3.82  112204.  1.90   478   -46
2022  35 17 10    0.88    1.87  -10.36  -502.0   -29.6   -32.4   2.84   84858.  1.44   535   -47
2022  35 17 15    1.32    0.94  -10.57  -504.3   -18.0   -37.1   2.75   83618.  1.41   473   -50
2022  35 17 20    0.71   -2.40  -10.17  -495.3    15.5   -23.8   2.07   91220.  1.02   514   -51
2022  35 17 25    0.26   -5.88   -8.65  -496.1    19.4     1.3   1.62  100247.  0.80   448   -53
2022  35 17 30    0.14   -5.14   -8.11  -494.9    30.1    -8.6   2.18  128357.  1.07   424   -53
2022  35 17 35   -0.03   -4.71   -8.68  -493.2    32.1     0.8   2.20  157086.  1.08   468   -49
2022  35 17 40   -0.87   -4.45   -8.62  -478.3    21.8    -3.3   1.98  161782.  0.91   857   -50
2022  35 17 45   -1.40   -4.65   -8.17  -479.9    30.3     0.2   2.10  170191.  0.97  1029   -53
2022  35 17 50   -0.33   -4.43   -8.09  -485.7    25.6     0.5   2.09  158280.  0.99   985   -54
2022  35 17 55    1.66   -5.20   -7.55  -483.4    15.3   -14.9   1.97  135015.  0.92  1074   -56
2022  35 18  0    1.36   -5.39   -7.91  -495.0    27.3    -5.9   1.94   48503.  0.95  1372   -57
2022  35 18  5    0.68   -1.92   -8.90  -487.0   -25.3    -9.8   2.77   99277.  1.32  1233   -56
2022  35 18 10    0.28    0.34   -8.54  -478.2   -57.5   -38.5   4.55  125436.  2.12  1147   -54
2022  35 18 15    0.37    0.47   -9.04  -474.4   -81.5   -14.2   3.53  139939.  1.64  1369   -54
2022  35 18 20    0.41   -1.31   -9.92  -475.4   -86.8    25.4   1.63   70671.  0.76  1302   -57
2022  35 18 25    0.81   -3.19   -9.21  -486.3   -47.8    27.5   1.33   56990.  0.64  1176   -59
2022  35 18 30    1.30   -4.57   -8.95  -486.6   -50.7    31.4   1.50   61973.  0.72  1305   -58
2022  35 18 35    1.41   -5.71   -8.10  -496.6    -8.3    11.4   1.34  105505.  0.66  1333   -59
2022  35 18 40    2.00   -5.84   -7.77  -504.5     8.6     4.0   1.40   94738.  0.71   896   -58
2022  35 18 45    1.53   -5.50   -8.10  -493.8    -7.3    29.1   1.68   70498.  0.82   885   -57
2022  35 18 50    1.16   -5.07   -8.41  -486.9    -8.8    29.4   1.55   79679.  0.74  1110   -59
2022  35 18 55    1.88   -4.65   -8.55  -490.7   -11.3    41.0   1.50   51489.  0.72   969   -60
2022  35 19  0    2.46   -4.87   -8.26  -504.1    -8.2    31.0   1.45   47872.  0.74   851   -60
2022  35 19  5    3.13   -7.86   -5.04  -517.1    22.3     2.8   1.54   42918.  0.83   814   -61
2022  35 19 10    2.83   -8.22   -4.47  -507.9    31.9     6.0   1.50   45638.  0.78   794   -62
2022  35 19 15    2.42   -8.76   -3.48  -500.0    26.9    17.9   1.42   40654.  0.71   907   -63
2022  35 19 20    2.66   -8.57   -3.71  -498.7    26.9    18.4   1.66   33860.  0.83  1055   -63
2022  35 19 25    3.06   -7.87   -4.77  -502.6    21.9    30.6   1.64   23262.  0.83  1130   -63
2022  35 19 30    3.62   -8.69   -2.96  -521.9    31.2   -15.9   1.27   25210.  0.70  1067   -66
2022  35 19 35    3.09   -8.79   -3.32  -515.4    31.3   -15.4   1.28   17107.  0.68  1083   -67
2022  35 19 40    2.89   -7.66   -5.29  -506.2     9.1    16.3   1.73   27612.  0.89  1096   -67
2022  35 19 45    2.79   -7.91   -5.18  -509.1    10.4    15.1   1.46   24312.  0.75  1158   -67
2022  35 19 50    2.49   -7.51   -5.76  -505.4     8.3    18.1   1.55   22973.  0.80  1123   -65
2022  35 19 55    2.29   -7.39   -5.92  -502.4     6.6    20.3   1.60   21399.  0.81  1068   -65
2022  35 20  0    2.50   -7.14   -6.02  -501.6    10.5    24.9   1.54   22080.  0.78  1218   -65
2022  35 20  5    2.32   -6.63   -6.64  -497.6     4.1    39.8   1.36   24926.  0.68  1057   -66
2022  35 20 10    2.15   -6.74   -6.54  -494.8     2.4    37.7   1.56   22717.  0.77  1000   -66
2022  35 20 15    2.02   -6.69   -6.60  -491.9     2.9    40.8   1.77   23495.  0.86   859   -66
2022  35 20 20    1.87   -6.80   -6.51  -491.6     1.5    44.2   1.86   22143.  0.91   811   -66
2022  35 20 25    2.19   -6.54   -6.63  -492.4    -6.5    39.4   1.73   24523.  0.84   683   -67
2022  35 20 30    2.13   -6.91   -6.25  -486.2    -2.7    28.1   1.51   22945.  0.72   919   -69
2022  35 20 35    2.25   -6.70   -6.32  -481.7     4.8    25.2   1.48   23343.  0.69   836   -70
2022  35 20 40    2.38   -6.45   -6.40  -483.6    -2.7    37.6   1.51   23557.  0.71   882   -70
2022  35 20 45    2.76   -6.76   -5.86  -486.3   -18.0    22.9   1.83   16586.  0.87   692   -70
2022  35 20 50    2.60   -6.68   -2.88  -479.0   -17.6    11.8   2.08   65061.  0.96   820   -70
2022  35 20 55    3.16   -6.41    2.11  -482.5   -17.2     2.3   2.59  101898.  1.21   977   -70
2022  35 21  0    1.35   -4.76    2.50  -489.5     3.0   -19.6   4.79  102464.  2.30   778   -69
2022  35 21  5    1.35   -4.23    1.91  -493.2     6.3   -15.9   6.61  102421.  3.22   765   -66
2022  35 21 10    2.40   -5.12    0.59  -485.4    -9.9   -13.1   5.91   82546.  2.79   791   -68
2022  35 21 15    2.82   -4.43    2.04  -483.0   -11.6    -7.0   6.04   82836.  2.82   840   -69
2022  35 21 20    2.21   -1.66    2.27  -488.1     1.3   -12.7   8.74   86232.  4.17  1018   -68
2022  35 21 25    2.70   -1.73    2.07  -487.0     5.9   -14.4  10.09   78650.  4.79   994   -64
2022  35 21 30    2.04   -2.44    2.13  -486.3     4.5   -15.7  10.37   65838.  4.91   798   -63
2022  35 21 35    2.39   -2.51    1.43  -483.4    -1.2   -16.4  11.23   63091.  5.25   649   -64
2022  35 21 40    2.09   -3.15    1.55  -481.8     0.3   -16.4   9.86   70664.  4.58   608   -64
2022  35 21 45    2.48   -3.50    1.34  -482.1     1.1   -17.6   9.42   72058.  4.38   597   -64
2022  35 21 50    3.39   -3.28    1.74  -480.0     5.5   -19.9   7.71  108384.  3.56   653   -66
2022  35 21 55    2.81   -3.52    1.86  -480.1    -0.1   -18.5   7.85   97562.  3.64   602   -63
2022  35 22  0    3.64   -6.87    2.44  -471.3   -32.8   -13.0   2.89   45309.  1.29   660   -65
2022  35 22  5    3.62   -7.14    2.75  -470.6   -25.3    -6.1   3.30   52536.  1.47   630   -69
2022  35 22 10    3.15   -7.19    2.71  -473.4   -32.3    -2.8   3.74   54899.  1.69   593   -66
2022  35 22 15    3.13   -7.15    2.99  -472.9   -31.0    -0.2   3.98   53485.  1.79   524   -61
2022  35 22 20    2.84   -7.35    3.03  -477.0   -30.5     0.5   4.20   56746.  1.91   428   -59
2022  35 22 25    2.88   -7.40    2.81  -477.0   -33.8    -4.1   3.83   48820.  1.75   399   -58
2022  35 22 30    2.95   -7.19    3.08  -472.3   -34.9     2.2   4.09   48215.  1.83   371   -57
2022  35 22 35    3.13   -7.28    2.71  -471.8   -35.0    -1.3   4.03   44584.  1.80   434   -56
2022  35 22 40    3.09   -7.32    2.42  -470.7   -28.9    -2.6   4.37   68960.  1.95   350   -55
2022  35 22 45    3.07   -7.85    1.28  -472.1   -31.7   -24.6   2.90   65420.  1.30   312   -56
2022  35 22 50    2.94   -7.88    1.18  -469.6   -28.4   -23.2   3.06   69794.  1.36   268   -57
2022  35 22 55    3.20   -7.61    1.62  -467.0   -25.9   -17.1   2.97   68070.  1.30   235   -56
2022  35 23  0    3.38   -7.61    1.07  -464.1   -29.0   -28.0   3.16   73175.  1.37   248   -55
2022  35 23  5    3.19   -7.52    0.88  -466.8   -19.7   -36.4   3.00   66461.  1.32   249   -53
2022  35 23 10    3.49   -7.26    0.77  -465.7   -18.6   -38.1   3.31   84658.  1.45   240   -52
2022  35 23 15    4.31   -6.83    0.70  -456.2    -7.4   -35.0   3.56   84668.  1.49   217   -51
2022  35 23 20    3.69   -6.77    0.83  -461.6   -13.2   -34.5   3.68   96351.  1.58   186   -50
2022  35 23 25    3.88   -6.48    1.35  -457.4   -13.7   -30.4   3.83  103471.  1.61   215   -50
2022  35 23 30    4.12   -6.36    1.90  -455.1    -8.6   -21.7   3.65   94878.  1.52   242   -49
2022  35 23 35    4.19   -6.33    1.68  -454.7    -7.0   -26.7   3.65   87978.  1.52   214   -50
2022  35 23 40    4.55   -6.08    1.52  -454.2    -7.6   -26.7   3.70   86215.  1.54   165   -50
2022  35 23 45    3.69   -6.47    1.66  -456.4   -11.6   -26.2   3.67   92698.  1.54   126   -48
2022  35 23 50    4.38   -6.01    1.40  -451.1    -2.1   -28.5   3.70   94526.  1.51   118   -46
2022  35 23 55    4.42   -5.17    1.65  -450.6     2.6   -29.7   4.28  125187.  1.75   120   -45
