2024  84  8  0    4.80   -0.65   -3.96  -502.4    12.6   -19.5   5.81  133367.  2.94   494   -49  0  0 -0.0530   2.85
2024  84  8  5    4.61    0.62   -3.98  -499.5    22.7   -29.9   6.14  136517.  3.08   595   -49  0  0 -0.0360   2.98
2024  84  8 10    3.70    1.44   -4.91  -502.8    22.7   -35.3   5.98  140950.  3.04   708   -48  0  0 -0.0233   2.95
2024  84  8 15    4.14    1.07   -4.78  -500.7    21.4   -35.5   6.05  145154.  3.06   721   -47  0  0 -0.0191   2.96
2024  84  8 20    3.77    0.41   -4.93  -499.3    22.7   -33.7   5.96  145948.  2.99   729   -46  0  0 -0.0203   2.90
2024  84  8 25    4.30   -0.34   -4.18  -499.3    12.2   -30.5   5.99  140608.  3.00   773   -50  0  0 -0.0178   2.91
2024  84  8 30    4.53   -1.72   -3.96  -499.9     7.0   -28.1   6.05  147896.  3.04   840   -51  0  0 -0.0167   2.94
2024  84  8 35    4.40   -0.16   -4.61  -494.9    23.6   -27.2   6.27  158178.  3.09   919   -52  0  0 -0.0241   2.99
2024  84  8 40    4.14    1.47   -4.55  -499.2    24.8   -33.9   5.72  134106.  2.87   966   -51  0  0 -0.0093   2.78
2024  84  8 45    3.87    2.87   -3.97  -497.8    35.4   -30.3   5.85  145504.  2.93   944   -52  0  0 -0.0187   2.83
2024  84  8 50    4.79    1.40   -1.92  -495.4    35.4   -12.6   6.05  144079.  2.99   964   -53  0  0 -0.0497   2.89
2024  84  8 55    2.77   -5.09   -0.70  -505.9   -20.9     2.8   5.80  162632.  2.98   955   -55  0  0 -0.0465   2.88
2024  84  9  0    3.57   -4.09   -1.92  -501.8   -18.1     1.7   5.52  151034.  2.79   857   -56  0  0 -0.0428   2.70
2024  84  9  5    2.20   -5.40    0.86  -511.8   -16.0    12.3   5.32  129070.  2.79   864   -57  0  0 -0.0609   2.70
2024  84  9 10    4.56   -2.98   -1.99  -498.6   -27.7    -3.8   6.07  163070.  3.03   817   -56  0  0 -0.0210   2.93
2024  84  9 15    4.33   -0.87   -3.83  -491.4     3.5   -22.9   6.21  150468.  3.01   938   -57  0  0  0.0034   2.91
2024  84  9 20    4.87    0.26   -3.28  -494.5     6.6   -30.6   5.96  152584.  2.93   933   -55  0  0  0.0197   2.83
2024  84  9 25    3.01   -2.72   -2.83  -504.3    -5.5    -9.1   6.16  146118.  3.15   990   -53  0  0 -0.0131   3.04
2024  84  9 30    2.89   -4.55   -2.01  -505.7   -12.8    -5.9   5.77  165129.  2.96   882   -51  0  0 -0.0123   2.86
2024  84  9 35   -0.99   -5.49   -0.59  -524.1   -19.3     1.7   5.57  148143.  3.06   819   -51  0  0 -0.0205   2.97
2024  84  9 40    1.54   -3.94   -0.34  -521.0   -17.2    15.6   5.67  135595.  3.09   761   -51  0  0 -0.0440   2.99
2024  84  9 45    3.15   -0.95   -4.76  -500.8     4.2   -37.1   6.22  149516.  3.14   729   -53  0  0  0.0493   3.04
2024  84  9 50    2.54   -0.67   -5.36  -507.4    -0.6   -37.0   5.71  148267.  2.96   719   -55  0  0  0.0540   2.86
2024  84  9 55    1.97    1.25   -5.35  -508.2    16.0   -37.0   5.20  128115.  2.70   654   -54  0  0  0.0490   2.62
2024  84 10  0    2.47   -0.32   -3.43  -514.7    10.7   -23.2   5.52  130723.  2.95   669   -53  0  0  0.0284   2.84
2024  84 10  5    3.47   -5.92   -1.41  -522.7   -19.9     3.4   7.43  178123.  4.07   730   -52  0  0 -0.0034   3.94
2024  84 10 10    4.59   -4.32   -3.14  -521.7   -19.3    -1.8   8.17  190627.  4.46   868   -49  0  0  0.0093   4.31
2024  84 10 15    3.10   -5.99   -3.76  -516.1   -26.2   -15.2   8.44  244574.  4.50   806   -51  0  0  0.0413   4.37
2024  84 10 20    3.02   -2.75   -6.40  -525.5   -23.9   -35.6   7.19  157365.  4.00   740   -52  0  0  0.0804   3.87
2024  84 10 25    1.71   -1.40   -6.79  -525.7    -9.7   -43.1   6.73  149613.  3.75   754   -52  0  0  0.0910   3.63
2024  84 10 30    5.24   -3.48   -3.67  -505.8   -13.4   -21.9   5.72  117056.  2.95   719   -53  0  0  0.0591   2.84
2024  84 10 35    6.76   -3.09   -1.59  -496.8   -22.1    -2.4   6.28  107445.  3.10   683   -54  0  0  0.0298   3.01
2024  84 10 40    6.00   -4.63    1.13  -499.7   -10.5     0.1   6.29  118286.  3.14   691   -55  0  0  0.0226   3.04
2024  84 10 45    3.73   -5.68    3.65  -522.0   -18.3    31.4   7.22  145913.  3.95   720   -56  0  0 -0.0285   3.83
2024  84 10 50    5.18   -3.16    5.12  -508.0    -4.1    26.3   6.06  122186.  3.14   737   -57  0  0 -0.0235   3.04
2024  84 10 55    4.45   -4.90    3.98  -521.6    -8.2    24.3   6.33  137358.  3.46   615   -58  0  0 -0.0131   3.34
2024  84 11  0    0.57   -3.28   -6.45  -546.2    -0.2   -28.0   6.15  143753.  3.69   565   -60  0  0  0.0815   3.56
2024  84 11  5    2.80   -5.60   -5.62  -537.1   -20.2   -34.1   6.38  166837.  3.70   483   -60  0  0  0.1059   3.58
2024  84 11 10    4.80   -5.68    0.80  -525.5   -14.3    -8.2   6.40  157145.  3.55   602   -59  0  0  0.0605   3.43
2024  84 11 15    3.85   -6.06    4.97  -527.2   -15.6    34.8   5.44  138256.  3.04   710   -59  0  0 -0.0144   2.94
2024  84 11 20    3.83   -6.44    3.08  -527.3   -21.8    20.8   5.79  153221.  3.24   656   -62  0  0  0.0176   3.13
2024  84 11 25    2.69   -4.64    5.96  -536.9    -4.7    33.6   6.42  174463.  3.73   661   -61  0  0 -0.0092   3.60
2024  84 11 30    2.37   -4.94    3.70  -543.7    -0.6    31.0   5.70  161271.  3.39   494   -62  0  0 -0.0022   3.27
2024  84 11 35    2.28   -2.51   -0.82  -532.1     4.9   -10.8   7.12  189600.  4.04   457   -62  0  0  0.0736   3.91
2024  84 11 40    4.88   -0.81   -4.33  -539.1    11.4   -29.5   6.93  166689.  4.05   484   -59  0  0  0.1074   3.91
2024  84 11 45    5.13   -0.48   -3.98  -529.7     7.6   -11.2   7.25  152440.  4.08   423   -57  0  0  0.0800   3.94
2024  84 11 50    2.99   -0.26   -5.96  -540.5     8.7   -31.2   7.95  238978.  4.66   398   -56  0  0  0.1184   4.51
2024  84 11 55    5.29    0.36   -4.00  -532.8    11.8   -32.2   6.90  150442.  3.93   467   -55  0  0  0.1228   3.81
2024  84 12  0    4.83    2.04   -3.56  -527.1    42.9   -19.0   7.81  150465.  4.37   627   -55  0  0  0.0875   4.24
2024  84 12  5    4.18    0.20   -5.32  -534.9    12.8   -29.3   6.92  160976.  3.98   664   -55  0  0  0.1236   3.85
2024  84 12 10    5.49   -1.80   -4.96  -532.8     5.0   -20.8   6.56  156659.  3.73   628   -54  0  0  0.1155   3.61
2024  84 12 15    4.89   -3.19   -4.37  -532.0    -9.1   -18.3   6.64  164413.  3.76   552   -54  0  0  0.1210   3.65
2024  84 12 20    5.33   -3.36   -3.36  -526.9   -12.8   -10.4   6.96  162803.  3.87   671   -54  0  0  0.1120   3.75
2024  84 12 25    6.44   -2.78   -1.64  -522.4    -3.0    -6.0   7.24  144555.  3.96   651   -53  0  0  0.1026   3.83
2024  84 12 30    6.61   -3.37   -0.03  -518.6    -1.8    -2.8   7.44  177658.  4.01   720   -52  0  0  0.0994   3.88
2024  84 12 35    6.08   -3.12    2.61  -521.1     5.7    17.9   7.30  169532.  3.97   785   -52  0  0  0.0605   3.84
2024  84 12 40    5.82   -4.03    2.07  -521.2    -3.3     8.1   6.93  167287.  3.77   722   -51  0  0  0.0863   3.65
2024  84 12 45    6.58   -3.71    1.27  -518.5    -7.7     5.4   7.47  181537.  4.02   701   -50  0  0  0.0967   3.89
2024  84 12 50    5.39   -4.66    2.33  -523.3   -21.7    15.3   7.02  209627.  3.86   660   -50  0  0  0.0886   3.73
2024  84 12 55    5.31   -4.04    3.30  -522.3   -20.3    12.1   6.96  165427.  3.81   590   -48  0  0  0.0969   3.69
2024  84 13  0    4.86   -4.23    3.63  -520.7   -10.9    28.1   7.09  184680.  3.86   494   -48  0  0  0.0657   3.74
2024  84 13  5    4.55   -4.22    4.05  -525.3   -14.5    15.7   6.47  202864.  3.58   469   -48  0  0  0.0937   3.46
2024  84 13 10    3.70   -3.64    5.14  -521.4   -10.4    22.7   5.49  183929.  3.00   399   -48  0  0  0.0816   2.90
2024  84 13 15    3.27   -2.22   -0.83  -529.4    -6.6     3.2   5.13  157493.  2.89   400   -51  0  0  0.1186   2.79
2024  84 13 20    4.50   -3.00   -3.40  -527.5   -15.4   -27.1   6.25  200408.  3.49   343   -50  0  0  0.1813   3.38
2024  84 13 25    4.56   -1.92   -3.38  -528.9    -4.5   -31.9   6.43  147283.  3.60   403   -49  0  0  0.1871   3.50
2024  84 13 30    3.77   -2.30    0.90  -529.9   -12.9   -14.8   6.39  172750.  3.60   497   -48  0  0  0.1632   3.48
2024  84 13 35   -2.39   -0.16    4.52  -574.0    15.1    24.7   6.15  192556.  4.05   495   -48  0  0  0.0837   3.93
2024  84 13 40   -1.88   -1.33    4.60  -565.2     6.8    27.3   5.71  176978.  3.66   586   -47 -1 -1  0.0854   3.54
2024  84 13 45   -1.41   -2.50    4.67  -556.5    -1.4    29.9   5.26  161399.  3.27   401   -48  0  0  0.0870   3.16
2024  84 13 50   -4.07   -2.01    3.67  -596.3    11.4     4.4   4.70  153253.  3.34   372   -48  0  0  0.1278   3.24
2024  84 13 55   -2.00   -2.95    4.45  -584.6     7.6    14.3   5.02  159850.  3.42   280   -47  0 -1  0.1158   3.33
2024  84 14  0   -1.18   -2.30    5.25  -573.0     3.7    24.2   5.33  166447.  3.51   264   -47  0  0  0.1032   3.40
2024  84 14  5    0.41   -3.55    4.56  -570.3     0.2    30.7   4.79  136019.  3.10   247   -47  0  0  0.0964   3.03
2024  84 14 10   -0.36   -3.44    4.51  -563.8    -1.7    26.4   5.43  154271.  3.46   241   -46  0  0  0.1065   3.35
2024  84 14 15    0.22   -5.63    2.64  -563.0   -14.5    25.2   6.03  163254.  3.83   281   -46  0  0  0.1175   3.71
2024  84 14 20    2.79    1.69    1.65  -552.5    13.8     5.5   6.61  248175.  4.04   250   -44  0  0  0.1379   3.91
2024  84 14 25    1.25    3.09    3.37  -576.8    41.6   -17.0   5.04  161542.  3.36   280   -48  0  0  0.1628   3.27
2024  84 14 30    3.00   -0.57    2.32  -575.7    -2.3    26.5   4.68  151658.  3.11   369   -49  0  0  0.1167   3.01
2024  84 14 35    1.55   -2.65    3.24  -611.8     8.8    -7.7   9.46  496673.  8.00   535   -20  0  0  0.1689   6.86
2024  84 14 40    3.06   -2.99    1.52  -607.2    -6.3    -2.8   8.16  399532.  6.46   838     0  0  0  0.1710   5.83
2024  84 14 45   -1.77   -1.80    3.81  -725.8    33.3   -52.3  14.71  804877. 18.09   629     7  0  0  0.2189  15.12
2024  84 14 50    7.08    7.12    1.86  -774.1    55.9   -68.2  21.68 1617427. 26.29   390     4  0  0  0.2268  25.49
2024  84 14 55    2.02   15.13   -7.55  -766.3    40.4  -162.0  20.62 1132212. 25.37   259     1  0  0  0.3482  24.57
2024  84 15  0    6.91    8.62   -0.79  -779.4    82.8  -129.9  20.94 1037725. 26.48   337    -1  0  0  0.2903  25.60
2024  84 15  5    7.83   -2.16   -5.61  -745.5    -6.3  -141.9  21.18 1435322. 24.40   964    -7  0  0  0.3529  23.63
2024  84 15 10    7.41   -8.43   -7.17  -756.9   -37.4  -127.6  19.69 1206221. 23.31  1900   -20  0  0  0.3480  22.52
2024  84 15 15    4.64  -12.80  -15.17  -753.7   -39.2  -133.5  17.55  942998. 20.62  2050   -30  0  0  0.3582  19.97
2024  84 15 20    2.72  -22.88  -10.70  -772.6   -30.2  -106.2  16.66 1015595. 20.32  2328   -47  0  0  0.3191  19.66
2024  84 15 25    5.38  -14.31  -19.46  -763.6   -12.6  -124.6  14.71  876607. 17.65  2080   -55  0  0  0.3364  17.06
2024  84 15 30    5.98  -11.49  -20.69  -770.2     9.1  -112.8  17.04 1132814. 20.67  1231   -64  0  0  0.3125  20.00
2024  84 15 35    6.79   -3.57  -26.53  -763.5     7.0  -142.8  12.59  804927. 15.21  1227   -80  0  0  0.3514  14.71
2024  84 15 40    6.95  -15.53  -13.92  -765.3   -41.9   -86.7  15.09 1071944. 17.97  1447   -94  0  0  0.3073  17.39
2024  84 15 45    4.64  -12.68  -22.78  -776.0   -18.4  -135.2  12.73  924951. 15.80  1480  -105  0  0  0.3535  15.31
2024  84 15 50    5.71  -11.90  -22.88  -783.0    -7.3  -114.6  12.42  969517. 15.57  1717  -112  0  0  0.3240  15.07
2024  84 15 55    6.99  -10.05  -21.48  -803.2    -0.6  -114.6  13.81  812193. 18.18  2139  -127  0  0  0.3183  17.61
2024  84 16  0    7.32   -9.06  -22.43  -787.2    -3.0  -116.8  12.98  798734. 16.46  1904  -144  0  0  0.3254  15.92
2024  84 16  5    4.81   -6.95  -21.56  -786.5   -22.1   -97.9  13.79  816567. 17.34  1703  -155  0  0  0.3132  16.79
2024  84 16 10   -1.98    3.73  -12.07  -794.1   -30.3   -92.9  17.08  990763. 21.90  1996  -164  0  0  0.3107  21.18
2024  84 16 15   -1.35    4.53    1.08  -792.4   -14.7   -94.6  19.20  720444. 24.38  2390  -170  0  0  0.3064  23.69
2024  84 16 20    5.77    8.72   -8.71  -763.4   -27.3  -114.8  19.61  705380. 23.39  2269  -167  0  0  0.3415  22.67
2024  84 16 25  -11.14   -2.27   25.06  -781.6    10.0   -70.3  23.01  302320. 28.25  2107  -147  0  0  0.2685  27.45
2024  84 16 30  -14.64   -8.67   26.66  -804.1   -19.8   -35.8  15.91  124948. 20.64  2146  -140  0  0  0.2414  19.98
2024  84 16 35  -12.09   -4.81   29.70  -787.4   -19.5   -55.8  13.12  196844. 16.39  1398  -138  0  0  0.2661  15.85
2024  84 16 40  -11.09   -7.53   27.92  -788.9   -37.7   -59.5  16.37  266181. 20.56  1177  -132  0  0  0.2794  19.89
2024  84 16 45  -15.29   -9.70   22.64  -804.5   -60.6   -63.7  16.43  244047. 21.57  1212  -129  0  0  0.2935  20.84
2024  84 16 50  -15.82  -10.29   18.57  -816.3   -61.7   -29.4  17.80  234432. 23.83  1298  -114  0  0  0.2543  23.14
2024  84 16 55  -13.27  -12.69   18.53  -789.5   -45.1   -59.0  16.38  358174. 20.91  1259  -134  0  0  0.2830  19.95
2024  84 17  0  -11.54  -14.85   17.75  -784.3    -5.3   -27.7  12.98  272152. 15.99  1053  -119  0  0  0.2272  15.49
2024  84 17  5  -10.75  -16.92   13.96  -782.1   -27.2   -37.2  14.31  252177. 17.59   749  -107  0  0  0.2495  17.01
2024  84 17 10   -8.29  -17.76   12.15  -775.2   -19.2   -49.8  13.64  405810. 16.47   747  -119  0  0  0.2606  15.95
2024  84 17 15  -15.65  -15.56   12.80  -779.1   -26.4   -59.7  10.19  364438. 12.47   754  -121  0  0  0.2753  12.07
2024  84 17 20  -11.90  -14.42    5.11  -759.8   -35.2   -73.7  11.81  464519. 13.72   584  -116  0  0  0.2984  13.36
2024  84 17 25   -8.35  -15.90    3.43  -713.0     2.1   -92.7  10.48 1208959. 10.83   592  -104  0  0  0.3070  10.49
2024  84 17 30   -7.93  -18.95   -4.88  -734.7   -30.0   -62.8   8.07  809382.  8.79   775  -112  0  0  0.2850   8.51
2024  84 17 35   -7.67  -20.49    0.02  -766.1   -18.5   -98.8   7.94  916024.  9.49   750  -110  0  0  0.3163   9.18
2024  84 17 40   -5.81  -14.98    3.42  -762.7    -2.9   -43.9   8.54 1292169.  9.97  1127  -103  0  0  0.2430   9.65
2024  84 17 45   -6.51  -15.39    6.21  -775.1    -5.4   -62.3   8.51 1217389. 10.27  1549  -103  0  0  0.2641   9.97
2024  84 17 50   -5.15   -9.37    9.10  -808.6   -13.1   -24.2   9.64 1215667. 12.66  1576  -110  0  0  0.2220  12.22
2024  84 17 55   -6.84   -5.60   13.37  -811.1   -15.9   -14.2  10.92 1206751. 14.38  1256  -112  0  0  0.2114  13.93
2024  84 18  0   -9.56  -12.38    8.11  -811.0   -17.9    -5.5  11.68 1251618. 15.38   949  -112  0  0  0.2020  14.89
2024  84 18  5  -10.17  -11.00   10.21  -815.9   -17.0    -7.7  12.00 1069215. 16.02   962  -105  0  0  0.2029  15.48
2024  84 18 10   -6.71  -12.84    5.63  -818.7   -23.0     6.5  11.40 1043993. 15.32  1117  -103  0  0  0.1895  14.81
2024  84 18 15    1.62  -16.09   -5.15  -830.6   -26.2    12.6  11.42  755280. 15.79   952  -104  0  0  0.1835  15.28
2024  84 18 20    5.24  -10.81   -8.27  -818.4   -52.5     2.1  10.20  792708. 13.73   870  -102  0  0  0.2080  13.29
2024  84 18 25    1.10   -1.92  -10.56  -833.5   -13.1    10.7   9.84 1010643. 13.68   872  -105  0  0  0.1762  13.25
2024  84 18 30    1.75    4.98   -0.82  -831.9   -15.8    -7.3   9.81 1022495. 13.60  1096  -110  0  0  0.1957  13.16
2024  84 18 35   -1.10  -12.48    3.70  -842.2   -26.3   -11.6   9.56  805557. 13.58  1163  -111  0  0  0.2043  13.15
2024  84 18 40   -7.78  -10.89   10.46  -838.6    29.9   -13.8   9.58  440550. 13.56   866  -115  0  0  0.1744  13.07
2024  84 18 45  -10.15    8.20   18.17  -861.7    91.4    24.3  11.08  114686. 16.67   558  -109  0  0  0.1005  16.13
2024  84 18 50   -8.75   20.15   18.13  -839.5    94.0   -16.2   9.44   46535. 13.47   531  -131  0  0  0.1373  13.05
2024  84 18 55   -3.87   23.87   16.10  -814.7    88.2   -31.0   9.46   47791. 12.86   577  -130  0  0  0.1533  12.32
2024  84 19  0    2.68   27.95   12.12  -788.9    61.0   -48.9   4.65   48311.  5.84   658  -141  0  0  0.1870   5.66
2024  84 19  5    3.75   28.44   11.32  -757.3    53.7   -76.1   4.35   38980.  5.07   879  -139  0  0  0.2213   4.91
2024  84 19 10    1.89   27.83   13.24  -774.0    50.9   -72.4   4.12   37443.  5.00   652  -135  0  0  0.2157   4.84
2024  84 19 15   -0.21   27.77   13.98  -775.8    58.8   -90.9   3.49   51394.  4.27   443  -132  0  0  0.2287   4.15
2024  84 19 20   -0.21   26.49   16.35  -775.9    85.7   -82.2   2.34   51516.  2.91   472  -135  0  0  0.1994   2.79
2024  84 19 25   -0.49   27.54   14.51  -771.0    93.9   -62.1   1.99   54108.  2.41   623  -134  0  0  0.1696   2.34
2024  84 19 30   -0.31   26.29   15.98  -770.7    72.3   -61.8   2.46   56977.  2.97   642  -133  0  0  0.1809   2.87
2024  84 19 35   -1.30   25.40   17.18  -790.2    64.3   -37.6   2.30   54326.  2.90   529  -129  0  0  0.1566   2.81
2024  84 19 40   -2.19   24.42   17.98  -795.7    65.4   -24.0   3.27   46910.  4.18   486  -125  0  0  0.1387   4.04
2024  84 19 45   -2.25   22.08   20.61  -822.8    81.7   -21.5   3.47   65710.  4.78   471  -123  0  0  0.1241   4.60
2024  84 19 50   -2.15   23.72   19.02  -826.9    58.4     9.8   2.35   77275.  3.23   351  -123  0  0  0.1032   3.13
2024  84 19 55   -8.06   20.32   20.72  -832.0   105.9   -16.6  10.28   55272. 14.47   549  -107  0  0  0.0995  14.01
2024  84 20  0   -7.25   22.91   19.41  -832.8    86.0   -29.3   3.19   54242.  4.48   583  -121  0  0  0.1219   4.34
2024  84 20  5   -6.20   21.89   21.24  -830.5    56.0   -18.0   1.94   60161.  2.69   424  -137  0  0  0.1258   2.60
2024  84 20 10   -6.84   21.31   21.16  -844.0    65.4   -13.2   1.97   73580.  2.84   305  -142  0  0  0.1128   2.74
2024  84 20 15   -6.86   22.69   19.37  -835.2    82.1   -20.0   2.06   73453.  2.90   386  -138  0  0  0.1064   2.81
2024  84 20 20   -8.53   22.23   19.03  -842.0    80.2   -11.8   1.95   90140.  2.80   149  -140  0  0  0.0966   2.70
2024  84 20 25   -9.85   20.50   19.69  -842.3    67.6    -2.4   2.34  106529.  3.35   290  -135  0  0  0.0919   3.24
2024  84 20 30   -8.69   20.40   20.23  -853.8    35.5    14.6   2.91   89163.  4.25   307  -129  0  0  0.0919   4.12
2024  84 20 35   -9.44   19.57   21.22  -851.2    74.9     3.1   2.04   93209.  2.98   311  -132  0  0  0.0765   2.89
2024  84 20 40   -8.93   20.12   21.01  -842.1    46.8    40.5   3.00   73802.  4.27   296  -134  0  0  0.0524   4.14
2024  84 20 45   -9.28   20.93   20.00  -853.1    50.0    57.9   2.46   64288.  3.62   338  -132  0  0  0.0311   3.50
2024  84 20 50  -10.05   21.26   19.34  -853.8    57.0    66.8   2.69   69360.  3.96   283  -132  0  0  0.0152   3.84
2024  84 20 55   -9.01   22.48   18.42  -858.0    44.2    86.6   3.14   61173.  4.69   205  -131  0  0  0.0008   4.53
2024  84 21  0   -8.73   22.03   19.10  -853.9    24.8    79.8   3.69   44045.  5.44   229  -124  0  0  0.0157   5.26
2024  84 21  5   -8.68   22.63   18.17  -853.2    42.2    76.2   3.01   47414.  4.43   198  -123  0  0  0.0056   4.29
2024  84 21 10   -9.31   22.18   18.57  -853.6    48.3    60.3   1.33   57304.  1.96   167  -136  0  0  0.0146   1.89
2024  84 21 15   -9.50   21.57   19.12  -856.0    35.5    62.6   1.38   61613.  2.04   271  -135  0  0  0.0172   1.97
2024  84 21 20   -9.74   20.95   19.36  -854.3    37.6    78.6   2.00   50928.  2.94   306  -128  0  0 -0.0032   2.86
2024  84 21 25  -10.48   22.64   16.57  -845.9    39.5   122.0   2.65   49140.  3.88   405  -120  0  0 -0.0514   3.76
2024  84 21 30   -9.18   20.63   19.78  -850.3    32.5    91.8   1.27   55264.  1.87   277  -122  0  0 -0.0199   1.80
2024  84 21 35   -9.29   19.57   20.84  -850.1    45.5    69.1   0.89   50907.  1.29   316  -131  0  0 -0.0088   1.26
2024  84 21 40   -9.45   19.73   20.62  -847.3    43.2    68.0   0.87   51940.  1.27   355  -130  0  0 -0.0098   1.22
2024  84 21 45   -9.12   19.32   21.13  -846.5    44.1    74.9   0.85   56231.  1.23   338  -127  0  0 -0.0206   1.19
2024  84 21 50   -9.12   19.61   20.72  -847.7    44.4    71.3   0.96   47954.  1.40   319  -126  0  0 -0.0204   1.35
2024  84 21 55   -9.02   19.66   20.55  -841.1    38.1    76.2   1.31   49637.  1.87   297  -122  0  0 -0.0254   1.81
2024  84 22  0   -8.93   19.54   20.60  -842.1    32.5    68.2   1.29   48866.  1.84   275  -118  0  0 -0.0172   1.79
2024  84 22  5   -8.87   19.84   20.29  -835.4    31.8    73.6   1.34   49052.  1.89   290  -118  0  0 -0.0262   1.83
2024  84 22 10   -9.13   20.02   19.89  -838.7    39.0    78.5   1.28   51729.  1.81   319  -117  0  0 -0.0387   1.76
2024  84 22 15   -9.15   19.61   20.15  -849.2    28.2    80.8   1.51   50267.  2.20   314  -116  0  0 -0.0363   2.13
2024  84 22 20   -9.00   20.28   19.48  -830.9    39.7    76.6   1.44   57864.  2.01   293  -114  0  0 -0.0450   1.95
2024  84 22 25  -10.24   19.45   19.67  -827.1    47.4    66.1   1.24   47342.  1.71   309  -116  0  0 -0.0433   1.66
2024  84 22 30  -10.85   18.15   20.58  -816.6    45.2    50.8   1.11   45364.  1.50   377  -116  0  0 -0.0308   1.44
2024  84 22 35  -11.02   17.86   20.69  -809.9    49.3    33.0   0.73   58731.  0.97   281  -116  0  0 -0.0192   0.93
2024  84 22 40  -11.07   19.01   19.48  -801.3    42.7    52.7   0.74   44196.  0.96   339  -116  0  0 -0.0396   0.93
2024  84 22 45  -11.18   18.43   19.95  -802.2    52.5    30.8   1.05   45683.  1.35   308  -114  0  0 -0.0266   1.32
2024  84 22 50  -11.33   18.08   20.12  -818.4    40.3    60.9   1.10   46728.  1.49   228  -110  0  0 -0.0516   1.44
2024  84 22 55  -11.16   18.28   19.95  -815.5    39.4    77.6   1.07   53938.  1.44   278  -108  0  0 -0.0719   1.39
2024  84 23  0  -10.45   17.85   20.62  -821.0    44.7    59.0   1.43   53424.  1.94   377  -106  0  0 -0.0592   1.88
2024  84 23  5  -13.43   13.27   21.70  -810.9    62.8    27.3   2.09   93970.  2.77   284  -101  0  0 -0.0429   2.68
2024  84 23 10  -13.11   14.07   21.70  -793.0   100.1    11.1   1.97   65711.  2.52   276   -98  0  0 -0.0558   2.44
2024  84 23 15  -15.78   11.66   21.13  -788.3   100.6    12.9   2.52   53161.  3.18   363   -96  0  0 -0.0619   3.08
2024  84 23 20  -17.67    9.06   20.92  -772.3   127.2     0.5   3.01   51092.  3.68   466   -94  0  0 -0.0716   3.57
2024  84 23 25  -17.30    9.12   21.04  -771.5   130.5    -0.6   3.45   63987.  4.22   424   -91  0  0 -0.0761   4.09
2024  84 23 30  -16.23   10.08   21.56  -764.7   105.5   -16.6   2.44   41437.  2.91   301   -91  0  0 -0.0456   2.82
2024  84 23 35  -14.68   12.42   21.37  -762.4    99.0    -7.6   2.53   43388.  2.99   301   -95  0  0 -0.0545   2.90
2024  84 23 40  -15.22   11.97   20.72  -767.9    80.2     9.1   2.94   49440.  3.51   275   -87  0  0 -0.0628   3.40
2024  84 23 45  -12.32   14.69   21.23  -792.5    70.2    14.3   2.73   60276.  3.45   296   -86  0  0 -0.0629   3.35
2024  84 23 50  -12.23   14.39   21.48  -807.9    57.3    27.8   1.75   59287.  2.30   247   -89  0  0 -0.0707   2.23
2024  84 23 55  -15.21    9.24   22.26  -783.2    78.7     7.9   2.27   51271.  2.81   208   -90  0  0 -0.0691   2.72
2024  85  0  0  -14.47   10.17   22.31  -795.2    70.3    14.2   2.11   54704.  2.69   155   -87  0  0 -0.0726   2.61
2024  85  0  5  -14.53   10.61   21.94  -796.9    62.2    15.3   2.13   51518.  2.72   175   -85  0  0 -0.0715   2.64
2024  85  0 10  -14.91   10.40   21.57  -799.3    54.4    40.2   2.36   48166.  3.04   170   -86  0  0 -0.0958   2.94
2024  85  0 15  -14.59   10.09   21.76  -800.3    65.6    26.3   2.20   61038.  2.84   133   -84  0  0 -0.0916   2.75
2024  85  0 20  -14.26    9.23   22.24  -806.3    70.0    31.5   2.14   50568.  2.81   137   -82  0  0 -0.1025   2.72
2024  85  0 25  -14.94   10.22   21.05  -806.2    71.1    28.4   2.42   56941.  3.18   164   -80  0  0 -0.1031   3.07
2024  85  0 30  -14.81   10.97   20.67  -801.2    55.4    29.1   2.15   62397.  2.78   171   -80  0  0 -0.0973   2.69
2024  85  0 35  -14.77   11.25   20.47  -801.6    52.1    19.9   2.06   61709.  2.66   177   -81  0  0 -0.0885   2.58
2024  85  0 40  -14.76   10.43   20.85  -794.0    56.6    38.4   1.77   72236.  2.25   169   -82  0  0 -0.1148   2.18
2024  85  0 45  -14.96   10.77   20.46  -791.4    54.5    45.4   1.35   62754.  1.71   169   -84  0  0 -0.1242   1.65
2024  85  0 50  -15.64   12.56   18.88  -807.5    63.5    33.2   1.40   61943.  1.84   166   -85  0  0 -0.1185   1.78
2024  85  0 55  -15.65   11.83   19.33  -812.0    64.9    31.2   1.60   56809.  2.13   184   -83  0  0 -0.1198   2.06
2024  85  1  0  -15.69   11.94   19.15  -809.2    55.8    47.0   1.75   63068.  2.31   195   -81  0  0 -0.1338   2.24
2024  85  1  5  -15.70   13.57   18.01  -802.2    70.6    23.4   1.42   73814.  1.84   262   -83  0  0 -0.1217   1.79
2024  85  1 10  -15.18   12.82   19.12  -786.7    55.5    17.9   1.03   75738.  1.28   274   -86  0  0 -0.1102   1.24
2024  85  1 15  -14.63   10.94   20.24  -790.8    59.6    14.3   1.29  102907.  1.63   236   -85  0  0 -0.1114   1.57
2024  85  1 20  -14.36   10.16   20.60  -796.4    68.5     6.6   1.53  131661.  1.96   245   -81  0  0 -0.1111   1.89
2024  85  1 25  -14.04   10.09   20.75  -791.7    69.6     0.3   1.37  139080.  1.73   255   -80  0  0 -0.1079   1.68
2024  85  1 30  -14.39    9.86   20.16  -791.5    56.0    10.4   2.33   92473.  2.94   296   -77  0  0 -0.1128   2.84
2024  85  1 35  -14.03    6.91   21.31  -778.8    41.3    47.2   2.51   80099.  3.06   355   -73  0  0 -0.1474   2.97
2024  85  1 40  -13.93    4.57   21.93  -781.4     0.5    69.1   3.07   68890.  3.79   314   -74  0  0 -0.1474   3.66
2024  85  1 45  -13.48    1.14   22.39  -754.5    42.3    35.5   2.98   57317.  3.42   279   -74  0  0 -0.1424   3.30
2024  85  1 50   -9.77   -1.47   24.48  -763.5    -7.5    36.0   5.10   67545.  5.97   228   -69  0  0 -0.1120   5.77
2024  85  1 55  -10.69   -6.90   23.19  -757.9    31.5    19.5   5.53   45120.  6.38   256   -70  0  0 -0.1217   6.17
2024  85  2  0  -10.63   -5.72   23.04  -755.2    17.1    37.4   6.80   32682.  7.78   285   -61  0  0 -0.1353   7.53
2024  85  2  5   -9.11   -5.60   23.31  -763.1    23.9    25.4   6.70   30644.  7.81   331   -54  0  0 -0.1279   7.57
2024  85  2 10   -8.31   -6.72   23.49  -769.6    10.3    27.4   5.81   20253.  6.89   262   -65  0  0 -0.1234   6.68
2024  85  2 15   -8.94   -7.43   22.61  -771.9    23.0    43.3   6.96   19864.  8.33   233   -57  0  0 -0.1515   8.07
2024  85  2 20   -8.29   -4.95   22.69  -776.8    24.5    37.9   5.59   34999.  6.77   250   -57  0  0 -0.1483   6.56
2024  85  2 25   -7.09   -5.29   22.46  -781.1    71.3    19.8   4.24   28627.  5.24   216   -68  0  0 -0.1585   5.06
2024  85  2 30   -3.23  -13.72   18.51  -764.9    43.9    27.2   3.96   56380.  4.66   169   -71  0  0 -0.1533   4.51
2024  85  2 35   -0.57  -14.00   18.24  -789.6    64.1    22.0   6.56   69956.  8.28   178   -62  0  0 -0.1597   7.98
2024  85  2 40    1.43  -14.03   17.97  -791.8    78.2    26.3   7.52   48922.  9.53   252   -47  0  0 -0.1744   9.23
2024  85  2 45   -1.17  -12.42   18.37  -781.5    69.1    44.9   9.72   63518. 11.99   190   -50  0  0 -0.1926  11.63
2024  85  2 50   -2.12  -11.47   18.77  -753.3    41.8    41.2  11.11   55160. 12.70   197   -47  0  0 -0.1766  12.29
2024  85  2 55   -2.93  -11.58   18.47  -749.4    24.7    37.9  10.93   49212. 12.32   202   -37  0  0 -0.1642  11.93
2024  85  3  0   -1.71  -11.43   18.40  -746.1    63.1    33.0  14.95   46273. 16.81   348   -30  0  0 -0.1840  16.27
2024  85  3  5   -3.03   -8.16   19.46  -757.4    55.0    33.8  19.55   39711. 22.62   262   -41  0  0 -0.1805  21.88
2024  85  3 10   -4.13   -8.18   18.98  -762.6    51.6    30.9  19.70   39220. 23.06   168   -30  0  0 -0.1760  22.33
2024  85  3 15   -3.88   -8.33   19.15  -762.4    63.3    27.2  15.00   37645. 17.58   177   -37  0  0 -0.1800  17.03
2024  85  3 20   -2.83  -11.17   17.94  -753.4    31.2    36.6  10.51   37143. 11.97   223   -57  0  0 -0.1741  11.60
2024  85  3 25   -2.06  -11.41   17.80  -752.0    27.1    37.8   9.34   45796. 10.60   157   -62  0  0 -0.1745  10.27
2024  85  3 30   -2.75  -12.65   16.64  -749.1    16.9    31.0  10.71   41635. 12.05   120   -58  0  0 -0.1618  11.67
2024  85  3 35   -2.42   -6.53   19.63  -749.0    42.3    33.0  13.66   35883. 15.40   101   -45  0  0 -0.1805  14.92
2024  85  3 40   -2.31   -8.77   18.98  -746.9    44.1    25.1  10.24   37116. 11.48   154   -51  0  0 -0.1733  11.12
2024  85  3 45   -2.67   -7.28   18.94  -753.4    49.7    25.3  12.50   40797. 14.31   101   -58  0  0 -0.1772  13.82
2024  85  3 50   -3.56   -6.70   18.58  -754.1    43.3    32.8  16.13   42555. 18.49   106   -46  0  0 -0.1833  17.86
2024  85  3 55   -3.67   -3.99   18.01  -743.9    49.2    24.1  15.47   46026. 17.22   135   -32  0  0 -0.1779  16.67
2024  85  4  0    0.26   -3.90   17.65  -759.6    49.3    23.5  17.33   63161. 20.11   281   -30  0  0 -0.1768  19.47
2024  85  4  5   -0.06   -1.45   17.72  -758.5    57.1    21.9  19.04   66322. 22.03   208   -26  0  0 -0.1799  21.36
2024  85  4 10   -1.79    0.59   17.28  -747.8    56.6    23.9  23.01   68006. 25.93   149   -24  0  0 -0.1834  25.09
2024  85  4 15   -1.49    2.30   17.80  -744.1    46.8    25.4  15.42   69857. 17.13   151   -27  0  0 -0.1805  16.62
2024  85  4 20   -2.68    0.74   19.36  -732.1    46.1     8.5   9.69   50480. 10.42   195   -50  0  0 -0.1605  10.10
2024  85  4 25   -2.98   -2.91   19.16  -737.0    30.6    -0.6   7.78   41342.  8.47   126   -68  0  0 -0.1407   8.20
2024  85  4 30   -3.27   -3.76   19.13  -737.8    31.1    -2.3   6.91   47118.  7.54   103   -65  0  0 -0.1392   7.30
2024  85  4 35   -3.63   -2.75   19.31  -737.6    27.2    -8.9   6.12   52699.  6.67    68   -68  0  0 -0.1291   6.46
2024  85  4 40   -3.25   -2.56   19.28  -736.2    26.0    -5.4   6.52   52137.  7.07    97   -64  0  0 -0.1329   6.85
2024  85  4 45   -4.11   -2.89   19.23  -735.7    30.7    -7.7   5.92   53973.  6.42    83   -63  0  0 -0.1327   6.22
2024  85  4 50   -3.79   -3.71   19.34  -733.7    37.5    -9.5   5.21   49950.  5.62    76   -68  0  0 -0.1341   5.45
2024  85  4 55   -3.91   -4.22   18.72  -730.4    38.9    15.8   9.97   39902. 10.70    65   -69  0  0 -0.1665  10.34
2024  85  5  0   -5.03   -2.15   17.56  -730.6    34.8    31.8  27.37   41491. 29.34   111   -48  0  0 -0.1843  28.42
2024  85  5  5   -5.39   -1.01   18.72  -733.4    34.1    30.7  18.37   38877. 19.84   144   -46  0  0 -0.1821  19.21
2024  85  5 10   -5.48    0.90   18.39  -733.9    32.3    25.5  16.59   34791. 17.93   187   -42  0  0 -0.1743  17.36
2024  85  5 15   -6.96    4.38   15.83  -734.2    34.2    16.1  24.97   42649. 26.97    91   -37  0  0 -0.1631  26.14
2024  85  5 20   -7.70    4.93   15.01  -734.1    34.7    13.2  27.79   48346. 30.03   230   -13  0  0 -0.1592  29.08
2024  85  5 25   -7.39    4.55   16.72  -738.5    42.6     9.7  18.18   39072. 19.87   154   -20  0  0 -0.1580  19.27
2024  85  5 30   -6.51    3.34   17.31  -733.9    39.2    13.0  17.27   36528. 18.65   144   -42  0  0 -0.1601  18.07
2024  85  5 35   -7.71    3.52   16.04  -725.6    32.3    19.2  21.09   40195. 22.25   100   -35  0  0 -0.1642  21.57
2024  85  5 40   -7.67    3.86   16.09  -720.9    23.1    22.0  27.84   30802. 29.00   130   -19  0  0 -0.1627  28.08
2024  85  5 45   -8.04    2.68   15.99  -720.8    24.5    21.9  24.62   31493. 25.63   159   -39  0  0 -0.1625  24.83
2024  85  5 50   -9.76    0.61   15.18  -719.7    33.0    32.1  22.29   40839. 23.19   142   -41  0  0 -0.1791  22.46
2024  85  5 55  -10.93    1.49   14.58  -716.9    32.4    38.7  22.03   52507. 22.76   137   -42  0  0 -0.1866  22.04
2024  85  6  0   -9.13    0.18   15.74  -727.5    34.3    33.3  20.48   45916. 21.76    96   -44  0  0 -0.1786  21.09
2024  85  6  5   -9.41   -0.74   15.47  -726.1    36.4    25.0  18.77   54994. 19.92    85   -44  0  0 -0.1679  19.24
2024  85  6 10   -5.89   -5.03   17.69  -722.5    32.2    15.3  11.12   42014. 11.65   108   -56  0  0 -0.1524  11.27
2024  85  6 15   -5.76   -7.40   17.14  -719.9    31.4    11.3   8.61   39340.  8.94    88   -63  0  0 -0.1457   8.66
2024  85  6 20   -3.25   -9.52   16.21  -719.4    37.5    20.1   7.69   42688.  8.00    74   -66  0  0 -0.1587   7.74
2024  85  6 25   -3.92   -8.94   16.36  -716.2    36.8    16.2   5.66   37314.  5.82    88   -68  0  0 -0.1520   5.64
2024  85  6 30   -4.14   -8.73   16.05  -719.1    40.7    17.3   5.67   41482.  5.89    94   -70  0  0 -0.1535   5.70
2024  85  6 35   -4.12   -8.07   16.06  -725.4    41.3    17.3   5.13   50390.  5.42    84   -67  0  0 -0.1519   5.25
2024  85  6 40   -4.31   -8.61   14.93  -724.0    30.9     7.4   4.98   68122.  5.24    83   -65  0  0 -0.1327   5.07
2024  85  6 45   -4.13   -9.39   13.46  -720.8    43.4    23.1   6.14   63825.  6.41    97   -64  0  0 -0.1572   6.21
2024  85  6 50   -0.20  -13.23   10.57  -725.4    57.8    18.6   4.91   71885.  5.19    84   -59  0  0 -0.1555   5.04
2024  85  6 55    0.42  -13.59   11.48  -723.7    66.4     6.7   2.64   63971.  2.79    97   -73  0  0 -0.1419   2.70
2024  85  7  0   -2.35  -10.79   13.21  -717.1    61.2     3.7   3.82   64090.  3.96   131   -70  0  0 -0.1340   3.83
2024  85  7  5   -2.49   -9.41   14.29  -716.9    64.0     3.7   3.24   63198.  3.35    64   -72  0  0 -0.1331   3.25
2024  85  7 10    0.07  -11.50   12.84  -713.4    65.0    -2.4   2.81   64423.  2.89    76   -71  0  0 -0.1234   2.79
2024  85  7 15    2.81  -13.01   10.14  -720.6    80.3     0.8   2.50   81416.  2.63   113   -75  0  0 -0.1315   2.55
2024  85  7 20    6.97  -13.71    6.56  -731.1    94.8    10.1   2.45   79154.  2.66   111   -73  0  0 -0.1465   2.58
2024  85  7 25    1.68  -12.19   10.10  -718.7    83.6    16.1   3.44   79613.  3.60    85   -69  0  0 -0.1484   3.49
2024  85  7 30    2.86  -12.67    9.10  -720.5    78.5     9.9   3.68   96082.  3.87   111   -65  0  0 -0.1356   3.74
2024  85  7 35    2.48  -12.62    9.56  -720.9    81.0     5.4   3.35  102802.  3.53    93   -69  0  0 -0.1281   3.42
2024  85  7 40    1.51  -11.88   10.71  -716.4    69.2    -2.1   4.16   84258.  4.31   103   -68  0  0 -0.1111   4.17
2024  85  7 45    0.88  -10.88   11.70  -715.6    64.8    -3.8   4.68   47374.  4.83    68   -61  0  0 -0.1046   4.68
2024  85  7 50    2.63  -12.14    9.85  -722.8    66.7    -9.4   4.68   54552.  4.94    68   -61  0  0 -0.0951   4.78
2024  85  7 55    0.40  -11.89   10.19  -714.6    63.1   -12.6   4.24   51762.  4.36    67   -62  0  0 -0.0869   4.23
2024  85  8  0   -0.50  -11.56   10.44  -704.6    60.4    -6.8   4.25   61559.  4.25    76   -62  0  0 -0.0911   4.12
2024  85  8  5    1.97  -12.22    9.56  -706.4    61.9    -6.0   3.73   55836.  3.75    87   -67  0  0 -0.0900   3.63
2024  85  8 10    3.54  -12.80    7.98  -716.6    79.5     3.4   2.18   53746.  2.27    74   -75  0  0 -0.1062   2.20
2024  85  8 15    3.84  -12.67    7.26  -727.8    73.7    14.6   2.82   73880.  3.02    70   -72  0  0 -0.1153   2.92
2024  85  8 20    4.16  -13.31    5.94  -727.2    72.8    23.5   2.99   63421.  3.20    63   -67  0  0 -0.1239   3.10
2024  85  8 25    4.30  -14.11    5.00  -722.1    49.6    -7.7   1.81   51784.  1.90    79   -72  0  0 -0.0713   1.84
2024  85  8 30    3.07  -13.64    7.08  -731.6    57.9     4.6   2.47   48953.  2.66    92   -78  0  0 -0.0874   2.58
2024  85  8 35    2.46  -13.35    7.77  -736.2    70.7     9.1   3.34   52226.  3.65    61   -66  0  0 -0.0947   3.54
2024  85  8 40    2.42  -12.93    8.56  -736.7    64.0     9.3   4.09   34284.  4.47    85   -64  0  0 -0.0895   4.33
2024  85  8 45    2.54  -11.73    9.60  -733.6    60.6     3.9   4.79   42545.  5.19   101   -59  0  0 -0.0783   5.03
2024  85  8 50    2.20   -8.74   12.93  -725.7    36.0   -21.3   5.43   44953.  5.74   134   -56  0  0 -0.0331   5.56
2024  85  8 55    3.49  -10.85   10.68  -724.7    48.0   -12.8   6.11   37810.  6.45   240   -53  0  0 -0.0456   6.24
2024  85  9  0    3.53  -11.30   10.36  -722.9    48.3   -19.6   4.52   41775.  4.75   145   -56  0  0 -0.0335   4.60
2024  85  9  5    3.44  -11.64    9.87  -722.2    45.9   -20.2   4.48   51889.  4.69    91   -60  0  0 -0.0287   4.55
2024  85  9 10    3.55  -12.15    8.50  -725.7    39.5   -22.1   4.93   60782.  5.22    75   -59  0  0 -0.0207   5.05
2024  85  9 15    3.51  -13.14    6.71  -724.8    45.5    -4.6   5.23   48862.  5.52    93   -58  0  0 -0.0428   5.34
2024  85  9 20    3.37  -12.72    6.68  -729.9    45.4    -3.5   5.97   44436.  6.39   142   -55  0  0 -0.0409   6.18
2024  85  9 25    3.66  -12.38    6.80  -725.1    57.0     3.0   5.46   60990.  5.78   198   -55  0  0 -0.0504   5.60
2024  85  9 30    3.28  -12.07    6.93  -720.2    54.4    17.0   5.10   44229.  5.33   214   -58  0  0 -0.0650   5.16
2024  85  9 35    2.30  -12.62    4.71  -718.4    51.8    10.4   5.92   52068.  6.14   174   -50  0  0 -0.0520   5.95
2024  85  9 40    2.87  -11.67    6.18  -711.9    42.8     9.7   5.03   64873.  5.12   207   -54  0  0 -0.0448   4.96
2024  85  9 45    3.64  -11.97    6.11  -694.1    68.4    17.0   4.48   58154.  4.35   167   -59  0  0 -0.0614   4.22
2024  85  9 50    4.53  -11.00    5.73  -710.3    72.4     4.1   3.47   61224.  3.55   128   -65  0  0 -0.0408   3.43
2024  85  9 55    3.88  -12.09    3.43  -711.9    63.8     5.4   4.45   56428.  4.55   138   -59  0  0 -0.0360   4.40
2024  85 10  0    2.14  -10.94    4.57  -715.6    42.3    -1.3   6.76   78821.  6.95   153   -52  0  0 -0.0160   6.73
2024  85 10  5    0.17  -12.63    1.29  -721.9    38.1    -3.8   4.85   75218.  5.05   243   -47  0  0 -0.0076   4.91
2024  85 10 10    0.89  -11.27    0.50  -735.1    41.8   -34.7   7.48   87297.  8.12   249   -59  0  0  0.0354   7.87
2024  85 10 15    1.38  -10.96    2.99  -731.4    27.2   -22.0   8.53   70606.  9.14   327   -45  0  0  0.0272   8.86
2024  85 10 20    3.44   -9.23    6.05  -738.5    25.8   -20.0  12.41   50042. 13.61   322   -43  0  0  0.0283  13.14
2024  85 10 25    4.36   -7.63    5.69  -753.3    12.9   -24.7  16.97   66208. 19.26   311   -35  0  0  0.0417  18.68
2024  85 10 30    4.30   -6.50    4.70  -763.1     9.9   -22.6  14.68   76714. 17.09   339   -32  0  0  0.0432  16.58
2024  85 10 35    2.76   -4.30    3.07  -793.3    -2.6    -8.8   8.90   44517. 11.21   373   -42  0  0  0.0327  10.85
2024  85 10 40    1.69   -4.48    3.56  -792.7     0.8   -10.3   8.19   45270. 10.29   321   -48  0  0  0.0370   9.97
2024  85 10 45    2.01   -4.45    3.92  -791.0     0.8    -8.8   8.29   38348. 10.37   284   -50  0  0  0.0387  10.05
2024  85 10 50    2.35   -4.52    3.77  -791.8     2.9   -11.7   8.07   43309. 10.12   284   -49  0  0  0.0451   9.80
2024  85 10 55    2.84   -3.70    3.39  -792.4    -0.4   -10.0   9.06   40374. 11.38   274   -50  0  0  0.0475  11.02
2024  85 11  0    2.61   -3.84    3.03  -794.5     2.1    -3.8   8.12   44433. 10.25   282   -48  0  0  0.0427   9.93
2024  85 11  5    2.42   -4.02    3.18  -797.7     7.8   -11.2   6.35   48864.  8.09   322   -54  0  0  0.0534   7.83
2024  85 11 10    2.56   -3.42    3.39  -796.5     7.3   -10.5   5.82   52017.  7.38   301   -53  0  0  0.0563   7.15
2024  85 11 15    2.21   -3.54    2.82  -795.3     4.7    -6.4   7.25   52006.  9.17   268   -50  0  0  0.0556   8.88
2024  85 11 20    2.93   -3.29    2.72  -793.2     4.4    -6.7   7.43   47381.  9.35   268   -52  0  0  0.0596   9.06
2024  85 11 25    2.81   -3.33    2.38  -791.6     6.7    -5.6   7.91   49786.  9.91   258   -50  0  0  0.0610   9.60
2024  85 11 30    3.40   -2.46    3.09  -793.9     4.0    -3.8   7.98   51655. 10.06   224   -48  0  0  0.0631   9.74
2024  85 11 35    3.35   -2.61    3.01  -793.5     2.6    -3.2   7.41   51091.  9.33   219   -47  0  0  0.0663   9.04
2024  85 11 40    2.60   -2.51    2.97  -792.3     4.1    -3.2   7.99   53829. 10.02   246   -47  0  0  0.0693   9.72
2024  85 11 45    3.61   -1.15    1.19  -782.1     9.6    -3.7  11.81   49249. 14.45   221   -47  0  0  0.0716  14.00
2024  85 11 50    3.34   -1.57    0.51  -780.6     5.7    -9.3  12.48   44566. 15.21   257   -46  0  0  0.0832  14.73
2024  85 11 55    2.45   -2.57    1.72  -784.4     6.0    -5.8  10.57   55086. 13.01   301   -45  0  0  0.0822  12.60
2024  85 12  0    1.85   -2.10    2.49  -782.3     7.7    -3.8  10.57   50042. 12.94   307   -46  0  0  0.0826  12.53
2024  85 12  5    1.68   -1.88    2.70  -783.4     9.8    -2.6  10.85   47498. 13.32   260   -53  0  0  0.0838  12.90
2024  85 12 10    1.31   -2.05    3.17  -789.6    10.0    -3.7  11.59   41689. 14.46   217   -50  0  0  0.0884  14.00
2024  85 12 15    1.11   -1.06    1.72  -790.1    13.1    -5.3  12.95   46753. 16.17   183   -41  0  0  0.0927  15.66
2024  85 12 20    2.25   -3.24    2.97  -790.2    16.4    -2.1   8.88   67606. 11.10   264   -41  0  0  0.0910  10.75
2024  85 12 25    1.86   -4.04    3.63  -788.8    19.1     1.6   4.61   69330.  5.74   246   -57  0  0  0.0888   5.56
2024  85 12 30    1.60   -3.55    4.39  -788.5    14.2    -2.2   4.54   64420.  5.65   216   -63  0  0  0.0983   5.47
2024  85 12 35    0.77   -2.90    4.46  -787.1    16.2     1.5   6.37   69928.  7.90   144   -58  0  0  0.0963   7.65
2024  85 12 40    0.82   -2.22    3.93  -793.1    24.1     4.4   6.99   87219.  8.80   135   -55  0  0  0.0934   8.52
2024  85 12 45    2.99   -3.07    1.46  -789.5    19.2     1.7   7.05   93528.  8.79   126   -53  0  0  0.1014   8.52
2024  85 12 50    3.14   -4.02    3.67  -784.2    20.8   -21.6   4.25   66656.  5.22   154   -57  0  0  0.1325   5.07
2024  85 12 55    3.30   -4.16    3.50  -785.5    17.4   -19.9   4.75   42693.  5.87   132   -64  0  0  0.1346   5.68
2024  85 13  0    3.11   -4.43    3.21  -783.3    12.6   -13.9   4.96   37708.  6.09   148   -58  0  0  0.1319   5.90
2024  85 13  5    3.05   -4.36    3.34  -781.6    13.1   -13.8   5.63   35883.  6.89   139   -57  0  0  0.1346   6.67
2024  85 13 10    3.33   -4.41    2.84  -782.7     9.5   -15.2   5.09   40442.  6.24   160   -56  0  0  0.1405   6.04
2024  85 13 15    3.39   -4.73    1.83  -782.8    17.1   -10.3   5.45   39202.  6.68   183   -55  0  0  0.1347   6.47
2024  85 13 20    3.14   -4.58    2.34  -780.6    18.3   -12.2   5.50   44786.  6.71   196   -56  0  0  0.1395   6.50
2024  85 13 25    3.70   -4.15    2.86  -779.3    19.1   -10.2   5.06   46065.  6.15   177   -56  0  0  0.1396   5.96
2024  85 13 30    3.57   -3.94    3.22  -778.6    20.0   -12.3   4.96   42496.  6.02   153   -56  0  0  0.1446   5.83
2024  85 13 35    3.82   -3.90    3.20  -779.3    20.6   -16.9   4.28   36518.  5.20   172   -56  0  0  0.1527   5.04
2024  85 13 40    3.45   -4.24    3.28  -779.4    21.2   -16.1   4.49   35482.  5.46   179   -59  0  0  0.1542   5.29
2024  85 13 45    3.13   -4.65    3.09  -776.6    22.6   -18.9   4.50   36525.  5.43   191   -58  0  0  0.1597   5.26
2024  85 13 50    3.31   -4.34    2.88  -771.0    10.8   -22.6   4.27   46660.  5.08   182   -56  0  0  0.1714   4.92
2024  85 13 55    3.77   -4.10    2.97  -777.5    19.1   -13.4   4.63   43900.  5.60   231   -57  0  0  0.1593   5.43
2024  85 14  0    3.41   -4.67    3.55  -781.0    20.9    -6.3   4.66   53852.  5.70   252   -55  0  0  0.1523   5.51
2024  85 14  5    4.50   -4.44    3.01  -781.4    25.4   -14.5   5.87   38348.  7.17   237   -52  0  0  0.1630   6.95
2024  85 14 10    4.44   -3.83    3.50  -782.6    20.9   -15.6   6.13   44348.  7.52   236   -53  0  0  0.1683   7.28
2024  85 14 15    4.02   -3.36    4.20  -782.0    17.8   -10.9   6.00   48592.  7.35   249   -49  0  0  0.1661   7.11
2024  85 14 20    4.27   -2.96    3.84  -788.5    10.3   -19.1   6.40   51040.  7.97   259   -49  0  0  0.1810   7.71
2024  85 14 25    4.24   -4.30    3.10  -781.3    21.2   -12.8   5.81   47819.  7.09   222   -51  0  0  0.1714   6.88
2024  85 14 30    3.46   -3.06    5.11  -779.4     9.9   -16.8   5.87   51874.  7.14   275   -51  0  0  0.1829   6.91
2024  85 14 35    4.12   -3.73    4.67  -774.8     6.1   -20.1   4.63   47838.  5.57   289   -52  0  0  0.1906   5.39
2024  85 14 40    4.96   -4.76    3.02  -772.4    12.3    -3.3   3.66   51049.  4.37   249   -54  0  0  0.1695   4.23
2024  85 14 45    4.83   -4.00    4.55  -765.5    12.0    -1.5   3.04   70726.  3.56   292   -58  0  0  0.1693   3.45
2024  85 14 50    4.56   -4.15    4.37  -760.2    12.2    -4.2   2.99   53948.  3.46   271   -58  0  0  0.1744   3.35
2024  85 14 55    4.62   -4.29    3.49  -772.6    -1.3    -6.1   3.80   58884.  4.56   241   -60  0  0  0.1841   4.39
2024  85 15  0    4.61   -4.48    2.99  -780.4    14.1    -7.4   4.49   56918.  5.48   199   -56  0  0  0.1810   5.30
2024  85 15  5    4.35   -3.90    3.97  -779.8    10.3    -6.2   4.65   51852.  5.66   117   -57  0  0  0.1828   5.48
2024  85 15 10    3.80   -3.22    4.51  -778.7    10.4    -6.0   4.42   50899.  5.36   157   -55  0  0  0.1841   5.19
2024  85 15 15    4.21   -3.15    4.39  -780.7     8.7    -8.8   4.11   48579.  5.01   120   -52  0  0  0.1898   4.85
2024  85 15 20    4.61   -4.51    3.96  -771.7     8.1    15.0   3.51   37848.  4.18   117   -51  0  0  0.1625   4.05
2024  85 15 25    4.77   -4.18    4.32  -766.6    14.5     2.7   3.51   38314.  4.13   184   -57  0  0  0.1760   4.00
2024  85 15 30    4.83   -4.12    4.40  -765.6     7.9    -4.5   3.41   38904.  3.99   123   -56  0  0  0.1891   3.87
2024  85 15 35    5.07   -3.87    4.33  -769.7    -8.2   -13.7   3.40   33758.  4.03   139   -56  0  0  0.2088   3.90
2024  85 15 40    4.96   -3.66    4.50  -761.6     8.9   -10.9   3.80   34788.  4.41    84   -55  0  0  0.1990   4.27
2024  85 15 45    5.39   -3.18    4.14  -763.4     4.3   -12.3   4.16   40755.  4.85    89   -54  0  0  0.2039   4.70
2024  85 15 50    4.87    0.57    5.07  -779.7   -31.6   -10.2   3.05   42826.  3.71    91   -54  0  0  0.2183   3.60
2024  85 15 55    1.06    5.20    3.10  -771.1   -60.0   -13.0   2.65   61558.  3.16   104   -58  0  0  0.2358   3.07
2024  85 16  0   -3.97    3.03   -3.96  -718.6    10.5    59.6   4.25  129532.  4.42    78   -57  0  0  0.1113   4.28
2024  85 16  5   -4.72    0.15   -4.26  -708.5     7.9    62.4   3.92  135216.  3.98    89   -57  0  0  0.1087   3.84
2024  85 16 10   -4.80   -0.49   -3.71  -699.9     6.4    63.6   3.39   83228.  3.35   120   -58  0  0  0.1077   3.24
2024  85 16 15   -5.02   -2.93   -1.85  -697.7    33.0    20.6   3.89   85124.  3.80   165   -58  0  0  0.1512   3.68
2024  85 16 20   -4.68   -3.25   -1.60  -693.9    25.0    30.9   3.51   84641.  3.40   198   -58  0  0  0.1420   3.28
2024  85 16 25   -4.21   -3.94    1.56  -702.1    30.1    -4.8   3.85  106362.  3.80   215   -61  0  0  0.1874   3.68
2024  85 16 30   -3.72   -4.36    2.25  -699.3    31.1   -14.1   3.52   90729.  3.45   300   -64  0  0  0.1993   3.34
2024  85 16 35   -3.66   -3.71    3.33  -702.8    28.8   -15.6   3.37   82721.  3.34   300   -65  0  0  0.2028   3.23
2024  85 16 40   -3.54   -2.37    3.48  -708.6    19.9   -20.5   3.50   94258.  3.52   263   -65  0  0  0.2142   3.41
2024  85 16 45   -4.28   -0.83    3.00  -701.4    15.9     1.7   3.76  113423.  3.70   269   -66  0  0  0.1876   3.58
2024  85 16 50   -3.78    0.08    2.89  -712.4    14.5   -28.9   3.69  157475.  3.75   216   -64  0  0  0.2281   3.63
2024  85 16 55   -3.97    1.93    3.63  -693.0   -15.1   -20.7   3.19  119679.  3.08   133   -67  0  0  0.2350   2.97
2024  85 17  0   -4.10    4.57    2.50  -683.3   -41.0   -23.5   1.66   51834.  1.55   178   -70  0  0  0.2541   1.51
2024  85 17  5   -4.01    4.70    2.01  -683.1   -31.1    -6.1   1.87   44082.  1.76   144   -71  0  0  0.2252   1.69
2024  85 17 10   -4.73    2.47    2.95  -681.2   -39.0   -11.8   1.68   54382.  1.57   133   -70  0  0  0.2375   1.52
2024  85 17 15   -5.44    1.26    3.89  -676.0   -30.6   -30.2   1.21   56632.  1.11   134   -69  0  0  0.2576   1.08
2024  85 17 20   -4.96    4.14    1.17  -668.7   -43.0     5.5   1.71   60918.  1.54   127   -70  0  0  0.2168   1.49
2024  85 17 25   -4.89    4.95    0.72  -677.7   -27.7    -1.0   1.37   39775.  1.26   141   -69  0  0  0.2160   1.22
2024  85 17 30   -4.63    4.76    1.24  -683.3   -33.7     3.3   1.61   33787.  1.51   132   -69  0  0  0.2134   1.46
2024  85 17 35   -5.10    3.22    2.34  -679.1   -35.3    -3.2   1.26   47302.  1.17   136   -68  0  0  0.2228   1.13
2024  85 17 40   -5.26    0.05    4.27  -678.0   -17.4   -30.0   1.01   60114.  0.93   122   -68  0  0  0.2471   0.90
2024  85 17 45   -4.99    0.27    4.28  -680.2   -24.2   -28.9   1.08   53525.  1.00   192   -68  0  0  0.2491   0.97
2024  85 17 50   -5.09    0.67    3.65  -667.3   -25.5   -13.0   1.37   52320.  1.23   125   -65  0  0  0.2287   1.18
2024  85 17 55   -4.53    1.88    3.33  -668.4   -41.7    -6.1   1.94   39083.  1.74   138   -66  0  0  0.2289   1.69
2024  85 18  0   -4.83    3.78    1.84  -664.9   -57.5     1.9   1.97   41455.  1.75   174   -69  0  0  0.2275   1.70
2024  85 18  5   -4.77    3.23    2.47  -672.0   -44.4    -9.0   1.87   39736.  1.70   165   -70  0  0  0.2328   1.64
2024  85 18 10   -3.59    5.20    0.40  -694.4   -45.9    16.1   1.60   48418.  1.55   174   -71  0  0  0.1990   1.50
2024  85 18 15   -3.44    5.49   -0.40  -684.9   -58.6    24.8   1.66   45953.  1.57   194   -70  0  0  0.1947   1.52
2024  85 18 20   -3.96    5.28   -1.73  -684.9   -44.5    48.1   1.40   38431.  1.32   165   -67  0  0  0.1544   1.28
2024  85 18 25   -3.39    5.29   -0.00  -678.0   -56.3    24.7   2.05   40655.  1.90   215   -68  0  0  0.1916   1.84
2024  85 18 30   -4.01    5.02   -0.66  -671.2   -41.7    34.6   1.97   35608.  1.79   269   -69  0  0  0.1678   1.73
2024  85 18 35   -3.79    4.60   -2.55  -671.2   -37.3    53.4   2.00   36428.  1.82   246   -70  0  0  0.1388   1.76
2024  85 18 40   -4.15    4.49   -1.50  -671.1   -28.1    39.8   2.01   38603.  1.83   229   -70  0  0  0.1494   1.76
2024  85 18 45   -4.49    4.61    0.85  -665.8   -51.5    22.1   1.81   38094.  1.62   229   -73  0  0  0.1873   1.57
2024  85 18 50   -4.97    3.90    1.22  -662.4   -47.0    11.9   1.77   38103.  1.56   224   -72  0  0  0.1966   1.51
2024  85 18 55   -5.25    3.68    0.60  -661.3   -38.5    17.5   1.39   39740.  1.22   235   -73  0  0  0.1817   1.18
2024  85 19  0   -5.35    3.35    1.28  -660.1   -37.4     0.5   1.27   32760.  1.11   212   -75  0  0  0.2022   1.08
2024  85 19  5   -5.67    2.49    1.74  -656.9   -36.4     6.6   1.18   33502.  1.02   199   -77  0  0  0.1918   0.99
2024  85 19 10   -5.96    1.54    2.21  -654.3   -20.6   -24.3   1.12   30584.  0.96   188   -78  0  0  0.2203   0.93
2024  85 19 15   -5.93    0.65    2.39  -644.5   -10.9   -26.3   1.22   35490.  1.02   232   -79  0  0  0.2146   0.98
2024  85 19 20   -5.95    1.63    2.04  -649.4   -20.3   -20.3   1.22   32149.  1.03   276   -79  0  0  0.2111   1.00
2024  85 19 25   -5.29    3.25    1.56  -657.7   -31.3    -6.8   1.41   41393.  1.22   246   -78  0  0  0.1986   1.18
2024  85 19 30   -5.83    1.56    2.47  -648.9   -31.0   -19.2   1.28   31490.  1.08   234   -77  0  0  0.2135   1.05
2024  85 19 35   -5.81    1.63    2.53  -642.5   -18.7   -28.7   1.28   31496.  1.06   244   -77  0  0  0.2155   1.03
2024  85 19 40   -5.75    1.77    2.69  -640.4   -24.4   -35.5   1.15   35416.  0.94   241   -77  0  0  0.2269   0.92
2024  85 19 45   -5.67    1.94    2.77  -639.4   -31.3   -34.2   1.11   30367.  0.91   229   -76  0  0  0.2283   0.88
2024  85 19 50   -5.81    1.90    2.52  -638.0   -22.7   -30.9   1.06   30463.  0.86   196   -76  0  0  0.2150   0.84
2024  85 19 55   -5.83    2.08    2.41  -637.4   -17.9   -31.6   1.01   29305.  0.82   162   -76  0  0  0.2098   0.80
2024  85 20  0   -5.89    1.82    2.41  -636.5   -22.5   -33.5   0.94   32388.  0.77   152   -77  0  0  0.2136   0.74
2024  85 20  5   -5.99    1.76    2.01  -634.5    -9.9   -27.4   0.87   29156.  0.70   134   -76  0  0  0.1930   0.68
2024  85 20 10   -5.74    2.19    2.16  -636.8   -13.7   -33.0   0.98   29541.  0.80   121   -75  0  0  0.2009   0.77
2024  85 20 15   -5.33    2.77    2.22  -638.9   -26.0   -29.1   0.88   33817.  0.72   111   -75  0  0  0.2025   0.70
2024  85 20 20   -5.15    3.09    2.19  -640.7   -36.5   -28.9   1.00   28490.  0.82    99   -75  0  0  0.2076   0.80
2024  85 20 25   -5.31    2.75    2.12  -636.9   -25.8   -33.5   0.94   31866.  0.77    75   -74  0  0  0.2031   0.74
2024  85 20 30   -5.61    2.11    2.00  -636.7   -26.9   -33.8   0.81   32279.  0.66    79   -73  0  0  0.2016   0.64
2024  85 20 35   -5.76    1.87    1.71  -635.1   -15.7   -30.6   0.83   30265.  0.67    49   -73  0  0  0.1856   0.65
2024  85 20 40   -5.82    1.50    1.53  -629.6    -3.1   -33.4   0.97   30759.  0.78    36   -73  0  0  0.1767   0.75
2024  85 20 45   -5.91    1.06    1.55  -624.8     1.9   -39.8   0.89   33480.  0.70    46   -72  0  0  0.1787   0.68
2024  85 20 50   -5.88    0.73    1.90  -623.7     8.5   -45.0   0.94   30440.  0.73    58   -72  0  0  0.1773   0.71
2024  85 20 55   -5.86    0.64    1.90  -623.9     7.9   -46.4   0.94   30234.  0.74    59   -72  0  0  0.1766   0.71
2024  85 21  0   -5.79    0.64    1.88  -624.6     2.7   -42.6   0.86   35250.  0.68    45   -71  0  0  0.1727   0.65
2024  85 21  5   -5.75    0.51    1.80  -622.1     8.9   -46.8   0.83   31470.  0.64    49   -71  0  0  0.1702   0.63
2024  85 21 10   -5.64    0.53    2.09  -622.1     8.4   -47.4   0.80   30484.  0.63    62   -70  0  0  0.1683   0.60
2024  85 21 15   -5.61    0.16    2.15  -625.7     0.5   -49.5   0.71   35907.  0.56    69   -70  0  0  0.1743   0.54
2024  85 21 20   -5.55    0.42    2.21  -622.6     5.3   -50.1   0.88   30131.  0.68    91   -69  0  0  0.1681   0.67
2024  85 21 25   -5.65    0.11    1.89  -622.2     8.1   -53.4   0.79   29112.  0.62    92   -68  0  0  0.1669   0.60
2024  85 21 30   -5.29    0.28    2.42  -623.5    -0.2   -57.6   0.73   30605.  0.58   110   -68  0  0  0.1763   0.55
2024  85 21 35   -4.78    1.25    2.86  -630.1   -21.3   -64.5   0.71   27679.  0.57   118   -68  0  0  0.1991   0.55
2024  85 21 40   -4.81    1.70    2.29  -629.3   -22.7   -56.0   0.64   30062.  0.51    96   -68  0  0  0.1858   0.50
2024  85 21 45   -4.96    0.69    2.22  -625.4   -11.2   -38.2   0.65   32299.  0.51   103   -67  0  0  0.1494   0.49
2024  85 21 50   -4.49    0.66    2.86  -629.6    -9.9   -69.9   0.74   30153.  0.59    87   -66  0  0  0.1867   0.58
2024  85 21 55   -4.51    0.82    2.82  -631.8   -20.1   -66.3   0.74   24618.  0.60    74   -65  0  0  0.1868   0.58
2024  85 22  0   -4.06    1.35    3.08  -631.9   -24.3   -65.8   0.74   22509.  0.60    69   -64  0  0  0.1863   0.58
2024  85 22  5   -4.04    1.43    3.04  -631.2   -22.0   -68.9   0.68   21340.  0.55    57   -64  0  0  0.1852   0.53
2024  85 22 10   -4.08    1.24    3.01  -631.6   -17.5   -71.4   0.69   21363.  0.56    52   -64  0  0  0.1812   0.54
2024  85 22 15   -3.75    2.31    2.80  -633.7   -37.8   -58.3   0.67   23321.  0.55    61   -64  0  0  0.1772   0.53
2024  85 22 20   -3.29    3.18    2.36  -635.4   -34.6   -33.9   0.71   25908.  0.58    53   -64  0  0  0.1387   0.56
2024  85 22 25   -2.42    3.48    2.90  -652.8   -55.0   -45.1   0.79   24669.  0.68    42   -64  0  0  0.1642   0.66
2024  85 22 30   -3.89    2.42    1.74  -645.7   -54.6   -35.1   0.74   21830.  0.63    56   -62  0  0  0.1486   0.60
2024  85 22 35   -3.79    3.14    1.29  -630.8   -30.1    -6.8   0.79   25168.  0.63    57   -62  0  0  0.0890   0.61
2024  85 22 40   -2.10    3.66    2.94  -635.0   -42.8   -13.9   0.89   24007.  0.72    61   -61  0  0  0.1054   0.70
2024  85 22 45   -3.46    3.15    2.32  -636.5   -27.4   -28.1   0.80   25131.  0.65    73   -60  0  0  0.1077   0.63
2024  85 22 50   -4.07    3.55    0.46  -631.8   -27.5    -0.7   0.80   24467.  0.64    66   -59  0  0  0.0682   0.62
2024  85 22 55   -3.78    3.91    0.55  -631.9   -33.7     0.1   0.77   23236.  0.62    54   -59  0  0  0.0689   0.60
2024  85 23  0   -4.15    3.61    0.10  -634.2   -30.4    -3.6   0.73   28570.  0.59    37   -59  0  0  0.0675   0.57
2024  85 23  5   -4.32    3.01   -0.96  -637.8     2.4    22.5   0.81   26062.  0.66    39   -58  0  0  0.0018   0.64
2024  85 23 10   -3.30    4.19    0.51  -643.7   -28.1   -13.2   0.88   28653.  0.73    28   -58  0  0  0.0708   0.71
2024  85 23 15   -3.81    4.10    0.41  -636.3   -12.2   -12.3   0.99   19733.  0.80    45   -55  0  0  0.0532   0.78
2024  85 23 20   -4.06    3.99    0.45  -636.8    -5.5    -7.7   0.88   22653.  0.71    64   -53  0  0  0.0380   0.69
2024  85 23 25   -3.94    4.18    0.55  -634.8   -23.1     1.2   0.90   24220.  0.73    69   -53  0  0  0.0376   0.70
2024  85 23 30   -4.22    4.00    0.46  -632.2   -25.5     2.9   0.81   27598.  0.65    68   -53  0  0  0.0340   0.63
2024  85 23 35   -4.58    3.65    0.24  -624.2   -22.0     3.4   0.77   33559.  0.60    69   -53  0  0  0.0271   0.58
2024  85 23 40   -4.81    3.46    0.06  -614.5   -16.1    -1.8   0.77   24404.  0.58    91   -53  0  0  0.0259   0.56
2024  85 23 45   -5.00    3.15   -0.05  -612.5   -23.5    -1.0   0.77   22454.  0.58   121   -53  0  0  0.0279   0.56
2024  85 23 50   -5.29    2.64   -0.19  -609.7   -14.9     1.4   0.77   23384.  0.57   151   -54  0  0  0.0138   0.55
2024  85 23 55   -5.15    2.70    0.19  -613.3   -12.6    -8.7   0.73   27402.  0.55   168   -53  0  0  0.0223   0.53
2024  86  0  0   -4.89    2.95    0.10  -611.8   -16.7     2.0   0.80   28408.  0.60   225   -54  0  0  0.0077   0.58
2024  86  0  5   -5.44    1.81   -0.24  -606.2    -9.5    -5.7   0.69   30730.  0.51   265   -55  0  0  0.0090   0.49
2024  86  0 10   -5.59    1.22   -0.49  -600.9     8.2   -12.2   0.67   31415.  0.48   260   -55  0  0 -0.0007   0.47
2024  86  0 15   -5.70    0.75   -0.47  -594.3    16.3   -16.8   0.65   25973.  0.46   259   -56  0  0 -0.0045   0.45
2024  86  0 20   -5.68    0.49   -0.58  -593.8    20.1   -18.6   0.65   23702.  0.46   199   -56  0  0 -0.0085   0.44
2024  86  0 25   -5.47    0.97   -0.69  -594.3    21.7   -17.0   0.62   28512.  0.44   131   -55  0  0 -0.0153   0.43
2024  86  0 30   -5.44    0.81   -0.78  -593.0    17.8   -13.5   0.66   24319.  0.47    90   -55  0  0 -0.0200   0.45
2024  86  0 35   -5.41    0.79   -0.88  -592.9    19.5   -12.2   0.65   25147.  0.46    72   -55  0  0 -0.0265   0.44
2024  86  0 40   -5.33    0.71   -1.14  -592.6    21.9    -7.2   0.65   24424.  0.45    58   -54  0  0 -0.0388   0.44
2024  86  0 45   -5.28    0.35   -1.42  -592.6    29.4    -5.8   0.63   23726.  0.44    64   -53  0  0 -0.0505   0.43
2024  86  0 50   -5.15   -0.18   -1.67  -594.3    37.7    -7.6   0.64   25911.  0.45    65   -53  0  0 -0.0581   0.44
2024  86  0 55   -4.67   -1.47   -2.59  -600.3    69.3    -5.0   0.64   26023.  0.47    74   -51  0  0 -0.0914   0.45
2024  86  1  0   -5.05   -0.59   -2.18  -592.7    62.2   -13.0   0.61   24883.  0.44    85   -50  0  0 -0.0772   0.42
2024  86  1  5   -4.80   -1.14   -2.51  -596.7    65.6    -2.0   0.57   26570.  0.41   149   -50  0  0 -0.0984   0.40
2024  86  1 10   -4.44   -1.64   -2.81  -599.5    71.0    -0.7   0.68   26344.  0.49   138   -50  0  0 -0.1073   0.48
2024  86  1 15   -4.50   -1.72   -2.72  -598.4    73.5    -2.8   0.63   27742.  0.46   159   -51  0  0 -0.1091   0.44
2024  86  1 20   -4.37   -1.97   -2.84  -598.3    89.4    -8.1   0.61   26868.  0.45   182   -51  0  0 -0.1172   0.43
2024  86  1 25   -4.19   -2.36   -2.82  -600.7    96.2   -11.2   0.53   29268.  0.40   226   -51  0  0 -0.1206   0.38
2024  86  1 30   -4.28   -2.47   -2.54  -598.0    96.8   -13.4   0.58   29311.  0.43   259   -52  0  0 -0.1206   0.41
2024  86  1 35   -3.80   -2.87   -2.83  -607.4   105.0   -17.2   0.60   29375.  0.46   285   -52  0  0 -0.1231   0.44
2024  86  1 40   -3.66   -3.35   -2.60  -609.4   112.0   -35.3   0.64   27940.  0.49   264   -53  0  0 -0.1052   0.48
2024  86  1 45   -3.82   -3.39   -2.27  -600.0   113.1   -28.2   0.59   30949.  0.44   263   -54  0  0 -0.1189   0.43
2024  86  1 50   -3.49   -3.42   -2.63  -605.7   112.9   -27.5   0.66   29546.  0.51   319   -55  0  0 -0.1214   0.49
2024  86  1 55   -3.15   -3.51   -2.93  -609.7   120.0   -22.9   0.67   29549.  0.52   341   -55  0  0 -0.1350   0.50
2024  86  2  0   -4.11   -2.65   -2.52  -610.9   109.0   -18.1   0.61   24699.  0.47   354   -55  0  0 -0.1352   0.46
2024  86  2  5   -4.63   -1.98   -2.21  -585.1    81.1   -16.8   0.58   25660.  0.41   362   -55  0  0 -0.1192   0.39
2024  86  2 10   -5.01   -0.64   -2.11  -583.2    73.6   -10.2   0.64   25721.  0.45   393   -55  0  0 -0.1251   0.43
2024  86  2 15   -4.44   -2.68   -2.19  -584.7    89.0   -20.3   0.69   27437.  0.48   417   -57  0  0 -0.1242   0.47
2024  86  2 20   -4.72   -2.36   -1.92  -583.9    96.0   -17.6   0.67   25253.  0.47   407   -58  0  0 -0.1356   0.45
2024  86  2 25   -4.94   -1.64   -2.13  -579.8    79.7    -9.9   0.66   26163.  0.45   420   -58  0  0 -0.1363   0.44
2024  86  2 30   -4.98   -1.86   -1.81  -578.6    91.5   -10.8   0.64   25082.  0.43   466   -57  0  0 -0.1461   0.43
2024  86  2 35   -4.83   -2.13   -1.82  -564.1    91.6   -15.0   0.71   26273.  0.47   458   -57  0  0 -0.1427   0.45
2024  86  2 40   -4.60   -2.09   -2.56  -567.4   100.9    -8.9   0.69   28532.  0.46   430   -57  0  0 -0.1607   0.44
2024  86  2 45   -4.71   -2.02   -2.36  -566.4   105.9   -16.3   0.84   24491.  0.56   448   -56  0  0 -0.1546   0.54
2024  86  2 50   -5.20   -1.69   -1.50  -562.2    90.1   -14.5   0.64   26248.  0.41   459   -56  0  0 -0.1467   0.40
2024  86  2 55   -5.23   -1.18   -1.79  -558.8    85.8   -19.2   0.70   26256.  0.45   562   -55  0  0 -0.1375   0.43
2024  86  3  0   -5.19    0.02   -1.73  -551.7    71.7    -6.5   0.77   21405.  0.48   520   -54  0  0 -0.1482   0.46
2024  86  3  5   -5.28    0.61   -1.42  -554.6    50.5    -4.9   0.71   20865.  0.44   522   -54  0  0 -0.1347   0.43
2024  86  3 10   -5.24   -1.05   -1.46  -555.5    69.0   -15.2   0.76   27605.  0.48   451   -55  0  0 -0.1343   0.46
2024  86  3 15   -5.20   -1.23   -1.42  -553.0    80.1   -20.2   0.63   29326.  0.40   377   -56  0  0 -0.1363   0.38
2024  86  3 20   -5.33   -0.40   -1.29  -555.4    69.9   -18.8   0.58   24201.  0.36   365   -55  0  0 -0.1314   0.35
2024  86  3 25   -5.36    0.03   -1.10  -557.1    64.4   -16.1   0.57   23602.  0.36   370   -55  0  0 -0.1323   0.35
2024  86  3 30   -5.37   -0.30   -0.92  -554.6    70.2   -21.8   0.56   25810.  0.35   366   -55  0  0 -0.1287   0.34
2024  86  3 35   -5.28   -0.66   -0.90  -553.8    72.0   -23.2   0.58   24249.  0.36   341   -55  0  0 -0.1286   0.35
2024  86  3 40   -5.06   -1.30   -1.07  -550.1    86.1   -28.8   0.57   28240.  0.35   305   -55  0  0 -0.1311   0.34
2024  86  3 45   -4.71   -1.96   -1.23  -550.0    99.9   -33.2   0.62   25295.  0.39   298   -54  0  0 -0.1349   0.38
2024  86  3 50   -3.97   -2.68   -1.77  -551.1   123.3   -27.8   0.57   31032.  0.37   248   -54  0  0 -0.1610   0.35
2024  86  3 55   -3.97   -2.69   -1.38  -550.5   121.1   -35.1   0.56   30746.  0.36   206   -54  0  0 -0.1478   0.35
2024  86  4  0   -4.03   -2.71   -1.09  -575.3   113.7   -43.9   0.64   40826.  0.44   175   -54  0  0 -0.1279   0.43
2024  86  4  5   -4.19   -2.23   -1.33  -576.5    97.1   -41.7   0.62   31809.  0.42   175   -53  0  0 -0.1198   0.41
2024  86  4 10   -4.57   -1.49   -0.56  -559.3    94.0   -34.6   0.57   36140.  0.37   177   -52  0  0 -0.1292   0.36
2024  86  4 15   -4.13   -2.36   -0.99  -557.6   106.9   -40.0   0.52   42680.  0.34   158   -52  0  0 -0.1296   0.33
2024  86  4 20   -3.35   -3.49   -0.54  -576.5   135.2   -64.4   0.57   47152.  0.41   136   -52  0  0 -0.1101   0.39
2024  86  4 25   -4.38   -1.42    0.76  -568.6   118.4   -46.7   0.51   44968.  0.35   175   -50  0  0 -0.1262   0.34
2024  86  4 30   -4.48    0.03    1.72  -566.6    45.7   -74.8   0.58   32283.  0.38   180   -49  0  0 -0.0309   0.37
2024  86  4 35   -4.67    0.15    1.62  -563.2    25.2   -62.8   0.62   38573.  0.40   176   -49  0  0 -0.0349   0.39
2024  86  4 40   -4.56    1.76    0.77  -565.9    17.5   -50.0   0.59   34154.  0.38   156   -49  0  0 -0.0503   0.37
2024  86  4 45   -2.79    3.68    1.43  -594.2   -25.5   -39.5   0.56   53744.  0.40   199   -49  0  0 -0.0407   0.39
2024  86  4 50   -2.72    3.10    2.35  -601.4   -34.9   -45.2   0.53   59385.  0.39   190   -49  0  0 -0.0269   0.37
2024  86  4 55   -3.42    2.89   -0.80  -591.7   -25.8   -13.1   0.70   62223.  0.49   105   -50  0  0 -0.0812   0.48
2024  86  5  0   -2.02    2.98    2.40  -636.9   -39.2   -86.8   0.60   41137.  0.50    90   -50  0  0  0.0296   0.48
2024  86  5  5   -2.86    3.82   -0.05  -600.0   -23.3     6.5   0.56   40929.  0.40    88   -50  0  0 -0.1134   0.39
2024  86  5 10   -0.24    2.16    4.11  -663.4   -44.7  -111.8   0.76   41376.  0.69    99   -51  0  0  0.0611   0.67
2024  86  5 15    0.81    3.10    3.91  -688.1   -48.9  -119.4   0.80   40843.  0.79    91   -50  0  0  0.0672   0.76
2024  86  5 20    0.98    2.79    4.75  -665.5   -42.0  -115.5   0.81   39680.  0.74   113   -50  0  0  0.0646   0.72
2024  86  5 25    0.37    2.82    4.93  -649.5   -36.9  -110.1   0.80   36480.  0.69    98   -50  0  0  0.0592   0.67
2024  86  5 30    1.26    2.24    5.02  -662.2   -28.6  -120.7   0.73   30969.  0.67   107   -50  0  0  0.0662   0.64
2024  86  5 35   -2.98    3.02    3.59  -606.8   -27.5   -92.6   0.67   32519.  0.51   105   -50  0  0  0.0409   0.49
2024  86  5 40   -3.23    3.59    2.79  -587.7   -30.1   -80.9   0.68   32910.  0.48    90   -49  0  0  0.0301   0.46
2024  86  5 45   -2.60    4.09    2.64  -597.3   -42.7   -68.1   0.72   31057.  0.53    78   -48  0  0  0.0165   0.51
2024  86  5 50   -1.25    3.48    4.10  -619.4   -41.5   -89.2   0.73   40119.  0.57    78   -47  0  0  0.0430   0.56
2024  86  5 55   -2.04    3.21    3.88  -601.3   -45.6   -84.3   0.81   45721.  0.60    70   -46  0  0  0.0435   0.58
2024  86  6  0   -2.23    2.72    4.07  -604.6   -25.1   -83.1   0.74   45355.  0.55    60   -46  0  0  0.0300   0.53
2024  86  6  5   -2.97    2.33    3.97  -586.0   -20.1   -83.8   0.64   41447.  0.45    74   -46  0  0  0.0336   0.43
2024  86  6 10   -2.54    3.25    3.60  -595.0   -29.8   -73.5   0.72   46443.  0.52    72   -46  0  0  0.0223   0.50
2024  86  6 15   -1.79    3.77    3.43  -596.7   -45.4   -76.0   0.74   44712.  0.54    88   -46  0  0  0.0358   0.52
2024  86  6 20   -2.05    3.56    3.62  -599.0   -41.3   -68.5   0.73   41362.  0.53    75   -46  0  0  0.0225   0.52
2024  86  6 25   -2.37    3.38    3.73  -606.4   -34.1   -69.6   0.69   37776.  0.52    75   -46  0  0  0.0199   0.50
2024  86  6 30   -2.28    3.49    3.68  -606.6   -27.2   -68.9   0.64   36870.  0.48    69   -46  0  0  0.0164   0.46
2024  86  6 35   -2.40    3.35    3.77  -598.8   -20.0   -67.2   0.70   31434.  0.51    63   -46  0  0  0.0128   0.49
2024  86  6 40   -2.30    4.09    3.08  -607.2   -38.8   -50.4   0.67   32548.  0.50    60   -47  0  0 -0.0030   0.48
2024  86  6 45   -2.25    3.91    3.10  -602.1   -32.0   -59.0   0.74   42790.  0.55    49   -47  0  0  0.0090   0.53
2024  86  6 50   -1.48    4.25    3.43  -618.3   -29.5   -67.0   0.71   38001.  0.55    40   -47  0  0  0.0186   0.53
2024  86  6 55   -1.24    4.74    2.72  -611.2   -33.2   -56.7   0.67   48110.  0.51    42   -47  0  0  0.0078   0.49
2024  86  7  0   -0.63    4.40    3.46  -626.1   -40.5   -52.6   0.71   55592.  0.56    44   -47  0  0  0.0046   0.55
2024  86  7  5   -0.76    4.58    3.24  -623.6   -42.5   -42.9   0.80   58570.  0.62    43   -48  0  0 -0.0069   0.61
2024  86  7 10   -1.14    5.16    1.55  -622.4   -42.9   -28.6   0.68   42440.  0.53    49   -47  0  0 -0.0264   0.51
2024  86  7 15   -2.01    4.23    3.16  -602.1   -27.7   -64.2   0.74   44161.  0.55    52   -48  0  0  0.0256   0.53
2024  86  7 20   -1.74    4.85    2.37  -612.8   -38.6   -31.8   0.65   45255.  0.49    46   -47  0  0 -0.0189   0.48
2024  86  7 25   -1.37    4.62    2.92  -607.5   -39.6   -63.5   0.62   32283.  0.46    51   -47  0  0  0.0334   0.45
2024  86  7 30    0.37    4.54    3.48  -644.3   -36.5   -64.5   0.70   45571.  0.59    50   -47  0  0  0.0288   0.57
2024  86  7 35   -0.51    4.34    3.81  -625.9   -33.6   -74.6   0.68   39956.  0.54    47   -48  0  0  0.0481   0.52
2024  86  7 40   -0.51    4.15    4.03  -625.3   -29.0   -72.9   0.69   35842.  0.55    50   -47  0  0  0.0457   0.53
2024  86  7 45    0.13    4.52    3.53  -637.4   -42.6   -57.8   0.67   43092.  0.55    46   -48  0  0  0.0295   0.53
2024  86  7 50   -0.39    4.24    3.93  -626.5   -42.8   -60.8   0.68   44604.  0.54    50   -49  0 -1  0.0383   0.52
2024  86  7 55   -1.31    4.33    3.56  -615.6   -42.9   -63.7   0.68   46117.  0.53    55   -50  0  0  0.0471   0.51
2024  86  8  0   -2.45    4.37    2.88  -594.1   -35.2   -52.5   0.67   43349.  0.48    57   -48  0  0  0.0323   0.46
2024  86  8  5   -2.62    4.09    3.40  -586.9   -25.1   -50.4   0.73   40532.  0.51    76   -48  0  0  0.0278   0.49
2024  86  8 10   -2.60    4.11    3.42  -578.5   -30.2   -56.8   0.68   37759.  0.47    47   -48  0  0  0.0447   0.45
2024  86  8 15   -1.84    3.32    4.52  -592.6   -24.8   -87.9   0.72   49036.  0.52    46   -49  0  0  0.0917   0.50
2024  86  8 20   -2.49    2.88    4.38  -579.4   -17.9   -90.8   0.63   33383.  0.43    48   -49  0  0  0.0993   0.42
2024  86  8 25   -4.86    2.95    2.16  -566.3   -27.4   -63.6   0.60   38746.  0.40    46   -49  0  0  0.0650   0.38
2024  86  8 30   -3.88    3.31    3.32  -572.1   -25.6   -67.7   0.65   41450.  0.43    49   -49  0  0  0.0725   0.42
2024  86  8 35   -2.93    4.00    3.82  -583.1   -27.5   -73.0   0.66   49033.  0.46    50   -50  0  0  0.0825   0.44
2024  86  8 40   -3.04    3.93    3.91  -585.6   -27.7   -70.0   0.72   47897.  0.50    49   -49  0  0  0.0800   0.49
2024  86  8 45   -2.24    4.04    4.07  -599.7   -35.6   -83.3   0.75   67357.  0.55    43   -48  0  0  0.1044   0.53
2024  86  8 50   -3.23    4.04    3.30  -569.3   -22.6   -58.4   0.72   52837.  0.48    53   -48  0  0  0.0678   0.46
2024  86  8 55   -3.43    4.72    2.19  -575.3   -37.1   -52.2   0.69   55218.  0.46    50   -48  0  0  0.0659   0.45
2024  86  9  0   -3.71    4.77    1.33  -574.0   -36.0   -29.1   0.71   62365.  0.47    51   -48  0  0  0.0301   0.46
2024  86  9  5   -4.92    3.67   -0.19  -564.1   -11.4   -23.6   0.63   45126.  0.40    54   -50  0  0  0.0136   0.39
2024  86  9 10   -4.94    3.05   -2.23  -566.0     5.0    15.5   0.64   48262.  0.41    53   -50  0  0 -0.0577   0.40
2024  86  9 15   -5.20    2.70   -1.86  -555.6    18.6     5.4   0.61   41130.  0.37    54   -50  0  0 -0.0438   0.37
2024  86  9 20   -4.85    3.66   -1.07  -563.3   -10.7    -0.9   0.56   40973.  0.35    64   -50  0  0 -0.0162   0.34
2024  86  9 25   -5.65    1.91   -1.78  -548.8    25.8    -1.0   0.56   43897.  0.34    81   -49  0  0 -0.0296   0.33
2024  86  9 30   -5.47    2.35   -1.78  -552.8    12.1     2.5   0.55   37246.  0.34    94   -50  0  0 -0.0261   0.33
2024  86  9 35   -5.04    3.23   -1.02  -552.2    -1.2    -1.4   0.56   42871.  0.35    98   -50  0  0 -0.0098   0.33
2024  86  9 40   -3.93    3.65    1.84  -560.6   -11.5   -30.7   0.62   49093.  0.39   121   -49  0  0  0.0486   0.38
2024  86  9 45   -2.89    3.50    3.98  -577.4   -26.2   -72.6   0.59   41907.  0.41   173   -49  0  0  0.1261   0.39
2024  86  9 50   -3.22    3.03    4.11  -568.4    -6.6   -84.4   0.64   62721.  0.43   127   -48  0  0  0.1427   0.41
2024  86  9 55   -1.88    3.01    4.95  -593.7    -7.5   -94.0   0.69   55693.  0.50   105   -49  0  0  0.1557   0.48
2024  86 10  0   -2.54    3.93    3.80  -583.0   -25.0   -80.4   0.60   51067.  0.42    68   -50  0  0  0.1472   0.40
2024  86 10  5   -3.51    4.01   -1.12  -583.3    13.4    63.2   0.73  183037.  0.50    89   -50  0  0 -0.1029   0.49
2024  86 10 10   -2.65    3.65   -0.23  -608.3    18.4    29.7   1.15  194878.  0.86   209   -49  0  0 -0.0439   0.83
2024  86 10 15   -1.71    3.28    1.42  -627.3    33.7   -12.3   2.14  144164.  1.70   303   -46  0  0  0.0200   1.64
2024  86 10 20    0.47    1.94    3.15  -637.6    49.3   -22.9   2.83   98298.  2.32   377   -38  0  0  0.0334   2.24
2024  86 10 25    1.54    0.51    2.92  -642.3    51.1   -31.7   3.91   62283.  3.26   300   -36  0  0  0.0493   3.15
2024  86 10 30    0.31    0.69    2.57  -643.8    51.3   -31.6   4.30   80966.  3.60   376   -29  0  0  0.0525   3.48
2024  86 10 35   -0.15    0.93    2.03  -643.6    53.9   -28.7   4.58   76348.  3.83   338   -29  0  0  0.0507   3.71
2024  86 10 40   -0.62    0.85    1.54  -644.3    49.2   -33.2   4.78   66778.  4.00   393   -29  0  0  0.0627   3.88
2024  86 10 45   -0.34    1.35    2.01  -645.5    44.5   -33.0   4.56   62728.  3.83   296   -28  0  0  0.0677   3.71
2024  86 10 50   -0.70    1.08    2.02  -643.0    49.9   -26.9   4.26   66761.  3.55   269   -29  0  0  0.0601   3.44
2024  86 10 55   -1.03    0.74    1.31  -649.3    48.3   -33.6   4.76   58700.  4.04   207   -29  0  0  0.0739   3.92
2024  86 11  0   -1.57    1.08    1.00  -648.0    49.2   -32.6   4.82   58822.  4.08   203   -29  0  0  0.0757   3.95
2024  86 11  5   -1.85    0.96    0.07  -647.4    43.6   -36.5   4.94   47781.  4.18   185   -28  0  0  0.0872   4.04
2024  86 11 10   -0.95    0.77    0.72  -644.3    42.1   -36.3   5.21   53964.  4.35   200   -28  0  0  0.0911   4.22
2024  86 11 15   -0.61    0.70    1.00  -645.1    44.1   -30.7   5.40   57423.  4.53   182   -26  0  0  0.0854   4.38
2024  86 11 20   -0.95    1.05    1.50  -647.0    47.4   -32.6   4.85   53763.  4.09   238   -26  0  0  0.0903   3.96
2024  86 11 25   -1.58    1.10    0.64  -645.9    44.8   -32.7   4.85   47304.  4.08   186   -27  0  0  0.0950   3.95
2024  86 11 30   -1.48    0.89    0.43  -644.9    33.6   -32.4   4.70   49437.  3.94   149   -26  0  0  0.1024   3.81
2024  86 11 35   -1.78    0.90    0.55  -646.8    39.6   -32.4   4.67   43986.  3.93   144   -26  0  0  0.1034   3.81
2024  86 11 40   -2.26    1.17   -0.32  -641.9    34.2   -39.6   5.27   38723.  4.37   216   -21  0  0  0.1200   4.23
2024  86 11 45   -2.25    1.04   -0.62  -640.8    28.8   -38.4   5.58   32150.  4.61   276   -21  0  0  0.1238   4.46
2024  86 11 50   -2.25    1.09   -0.78  -644.4    33.0   -30.7   5.51   35926.  4.60   208   -21  0  0  0.1137   4.45
2024  86 11 55   -2.23    0.98   -0.94  -642.7    29.7   -35.5   5.26   32402.  4.37   266   -21  0  0  0.1257   4.23
2024  86 12  0   -2.18    1.00   -1.30  -639.9    28.0   -45.0   5.15   31846.  4.25   235   -21  0  0  0.1442   4.11
2024  86 12  5   -2.12    0.91   -1.50  -639.8    27.2   -44.9   5.17   30630.  4.26   233   -21  0  0  0.1477   4.13
2024  86 12 10   -2.08    0.94   -1.44  -639.5    31.3   -44.6   5.12   35578.  4.22   254   -22  0  0  0.1489   4.09
2024  86 12 15   -1.99    0.68   -1.32  -639.9    27.8   -44.2   4.99   32878.  4.11   248   -23  0  0  0.1529   3.98
2024  86 12 20   -2.06    0.59   -1.20  -641.9    29.7   -37.4   4.72   35009.  3.91   247   -23  0  0  0.1450   3.79
2024  86 12 25   -2.14    0.72   -0.65  -645.8    34.4   -28.7   4.34   37396.  3.64   242   -24  0  0  0.1331   3.52
2024  86 12 30   -1.75    0.48   -1.83  -643.0    26.1   -29.4   3.93   33774.  3.27   244   -27  0  0  0.1408   3.16
2024  86 12 35   -1.82    0.37   -1.80  -640.2    24.7   -39.4   3.90   33891.  3.22   229   -27  0  0  0.1597   3.11
2024  86 12 40   -1.87    0.30   -1.66  -640.4    26.7   -38.8   3.81   38905.  3.14   284   -28  0  0  0.1611   3.04
2024  86 12 45   -2.13    0.55   -0.90  -646.0    34.9   -30.2   4.23   31595.  3.54   243   -30  0  0  0.1476   3.44
2024  86 12 50   -2.32    0.57   -0.48  -641.9    28.4   -37.0   3.73   39054.  3.09   223   -31  0  0  0.1637   2.99
2024  86 12 55   -2.38    0.36   -0.41  -639.0    23.5   -41.2   3.74   47678.  3.07   231   -31  0  0  0.1752   2.97
2024  86 13  0   -2.37   -0.12   -0.74  -636.4    21.7   -43.2   3.86   38618.  3.14   220   -32  0  0  0.1822   3.05
2024  86 13  5   -2.40    0.08   -0.59  -635.9    21.0   -44.7   3.99   37322.  3.25   221   -33  0  0  0.1877   3.14
2024  86 13 10   -2.49   -0.17   -0.08  -635.9    20.1   -44.0   3.89   37645.  3.16   185   -33  0  0  0.1899   3.06
2024  86 13 15   -2.63   -0.19   -0.35  -637.7    21.2   -42.6   3.61   45348.  2.95   157   -34  0  0  0.1900   2.86
2024  86 13 20   -2.68   -0.04   -0.40  -637.8    20.4   -44.0   3.27   41392.  2.68   146   -36  0  0  0.1953   2.59
2024  86 13 25   -2.57   -0.25   -0.34  -636.0    20.4   -42.8   3.76   38696.  3.06   190   -38  0  0  0.1964   2.96
2024  86 13 30   -2.70   -0.13   -0.08  -642.4    20.4   -24.1   3.57   40690.  2.96   160   -39  0  0  0.1707   2.86
2024  86 13 35   -2.74   -0.25   -0.19  -637.7    19.2   -44.4   3.35   40792.  2.73   147   -37  0  0  0.2045   2.65
2024  86 13 40   -2.73   -0.38   -0.28  -637.1    19.4   -43.7   3.42   39194.  2.79   134   -36  0  0  0.2060   2.70
2024  86 13 45   -2.76   -0.32   -0.16  -640.8    19.5   -28.6   3.64   35412.  3.00   135   -36  0  0  0.1857   2.90
2024  86 13 50   -2.67   -0.60   -0.36  -643.6    20.0   -19.4   3.80   33388.  3.15   132   -35  0  0  0.1742   3.05
2024  86 13 55   -2.44   -1.02   -0.59  -643.2    21.5   -20.2   4.09   31736.  3.39   145   -35  0  0  0.1772   3.28
2024  86 14  0   -2.54   -0.98   -0.51  -643.8    22.0   -20.0   3.90   33747.  3.24   155   -36  0  0  0.1790   3.14
2024  86 14  5   -2.23   -1.56   -0.66  -641.4    21.6   -24.8   4.14   31987.  3.42   181   -37  0  0  0.1887   3.31
2024  86 14 10   -1.70   -2.04   -0.89  -637.3    10.9   -27.5   4.15   31899.  3.38   177   -38  0  0  0.2003   3.27
2024  86 14 15   -1.59   -2.31   -0.99  -635.0     3.4   -29.8   4.23   31735.  3.42   180   -39  0  0  0.2097   3.31
2024  86 14 20   -2.33   -1.76   -0.49  -632.9     2.4   -31.4   3.97   38245.  3.19   150   -40  0  0  0.2149   3.09
2024  86 14 25   -2.51   -1.40   -0.65  -634.7    17.4   -39.4   4.23   33592.  3.43   140   -39  0  0  0.2216   3.32
2024  86 14 30   -2.08   -1.80   -1.10  -632.2    16.5   -28.2   4.24   32038.  3.40   196   -38  0  0  0.2075   3.29
2024  86 14 35   -2.20   -2.11   -0.68  -631.7    -2.5   -28.4   3.90   37368.  3.11   177   -39  0  0  0.2192   3.02
2024  86 14 40   -2.64   -1.46   -0.49  -629.7     8.3   -23.0   3.95   37244.  3.14   179   -39  0  0  0.2079   3.04
2024  86 14 45   -2.63   -1.40   -0.84  -632.1     0.3   -28.5   3.71   44963.  2.98   156   -39  0  0  0.2219   2.88
2024  86 14 50   -2.42   -1.80   -0.86  -627.8    12.1   -25.6   3.58   50024.  2.83   173   -40  0  0  0.2137   2.74
2024  86 14 55   -2.55   -1.60   -0.84  -629.5     6.9   -23.6   3.70   44394.  2.94   212   -39  0  0  0.2150   2.84
2024  86 15  0   -2.64   -1.61   -0.69  -626.6    15.4   -18.7   3.66   41195.  2.88   151   -39  0  0  0.2050   2.79
2024  86 15  5   -2.06   -2.00   -1.07  -621.9     9.6   -27.7   3.44   46095.  2.67   196   -38  0  0  0.2235   2.58
2024  86 15 10   -2.25   -1.60   -1.06  -620.1    12.1   -32.3   3.66   46167.  2.82   171   -38  0  0  0.2308   2.73
2024  86 15 15   -2.02   -1.17   -1.81  -619.1    15.5   -39.3   3.76   43590.  2.89   207   -38  0  0  0.2411   2.80
2024  86 15 20   -2.00    0.09   -1.88  -617.9    15.3   -38.9   3.60   52126.  2.76   188   -38  0  0  0.2420   2.67
2024  86 15 25   -2.73    0.07   -1.52  -622.6    14.2   -35.4   3.44   63220.  2.68   179   -39  0  0  0.2383   2.59
2024  86 15 30   -3.00   -0.48   -1.09  -624.3    14.3   -29.6   3.40   53103.  2.66   247   -39  0  0  0.2307   2.57
2024  86 15 35   -2.97   -0.77   -1.01  -624.2    14.5   -30.8   3.48   48604.  2.72   322   -38  0  0  0.2335   2.63
2024  86 15 40   -3.23   -0.25   -0.48  -622.8    14.7   -37.6   3.33   63735.  2.60   444   -38  0  0  0.2447   2.51
2024  86 15 45   -3.00   -0.81    0.11  -623.9    14.1   -34.8   3.25   62026.  2.54   335   -37  0  0  0.2418   2.46
2024  86 15 50   -3.00   -0.80   -0.23  -625.4    14.5   -25.7   3.22   55282.  2.53   375   -37  0  0  0.2289   2.44
2024  86 15 55   -2.91   -0.67   -0.26  -624.8    14.3   -25.3   3.13   59806.  2.45   379   -37  0  0  0.2293   2.37
2024  86 16  0   -3.07   -0.19    0.13  -622.2    14.1   -32.0   3.21   58044.  2.49   360   -36  0  0  0.2403   2.41
2024  86 16  5   -3.41   -0.87    0.06  -628.5    15.2   -23.0   3.61   39792.  2.86   331   -35  0  0  0.2267   2.77
2024  86 16 10   -3.38   -1.02   -0.06  -626.2    16.1   -17.5   3.67   30588.  2.88   306   -36  0  0  0.2188   2.79
2024  86 16 15   -3.31   -1.30   -0.14  -624.0    16.0   -20.9   3.29   29188.  2.57   268   -36  0  0  0.2245   2.49
2024  86 16 20   -3.30   -1.41   -0.23  -623.1    17.4   -19.8   3.00   26891.  2.33   239   -38  0  0  0.2226   2.26
2024  86 16 25   -3.21   -1.43   -0.17  -621.4    16.9   -25.7   2.90   27883.  2.25   210   -39  0  0  0.2321   2.17
2024  86 16 30   -3.23   -1.24    0.14  -617.5    15.5   -37.8   2.76   28802.  2.11   207   -39  0  0  0.2515   2.05
2024  86 16 35   -3.14   -1.38   -0.22  -617.0    14.8   -39.0   3.07   26804.  2.34   203   -40  0  0  0.2540   2.27
2024  86 16 40   -2.84   -1.54   -0.77  -616.3    15.3   -38.4   3.34   25622.  2.55   192   -39  0  0  0.2530   2.47
2024  86 16 45   -2.66   -1.63   -1.02  -615.2    -0.2   -29.9   3.24   28655.  2.46   193   -38  0  0  0.2504   2.38
2024  86 16 50   -2.70   -1.47   -0.81  -614.3    -1.7   -32.5   3.46   25147.  2.62   198   -38  0  0  0.2554   2.54
2024  86 16 55   -3.02   -1.13   -0.32  -617.1    12.6   -38.9   3.36   26255.  2.57   191   -39  0  0  0.2554   2.49
