2018 237 12  0    3.34    0.78    7.89  -401.2     5.7     3.8  11.47   23968.   11.0    0    0  0.2316   3.58   0.00   0.00   0.00   0.00   0.00   0.00
2018 237 12  5    3.78    0.99    8.50  -405.7     5.7    -0.7   9.38   16083.   12.0    0    0  0.2350   2.99   0.00   0.00   0.00   0.00   0.00   0.00
2018 237 12 10    4.40    1.08    8.29  -404.6     2.5     2.6   9.49   19722.   10.0    0   -1  0.2384   3.01   0.00   0.00   0.00   0.00   0.00   0.00
2018 237 12 15    4.05    0.47    8.49  -403.5    -0.8     6.0   9.60   23361.    9.0    0    0  0.2418   3.03   0.00   0.00   0.00   0.00   0.00   0.00
2018 237 12 20    3.39   -1.02    8.34  -402.3     3.2     5.0  10.13   26120.    8.0    0    0  0.2452   3.18   0.00   0.00   0.00   0.00   0.00   0.00
2018 237 12 25    2.75   -1.44    8.54  -401.9     4.1     3.7  10.43   27629.   16.0    0    0  0.2486   3.26   0.00   0.00   0.00   0.00   0.00   0.00
2018 237 12 30    2.76   -1.76    8.43  -402.5     3.1     5.9  10.64   29763.   19.0    0    0  0.2519   3.34   0.00   0.00   0.00   0.00   0.00   0.00
2018 237 12 35    2.82   -1.64    8.53  -402.5     2.2     4.4  10.38   29234.   19.0    0    0  0.2552   3.26   0.00   0.00   0.00   0.00   0.00   0.00
2018 237 12 40    2.58   -1.84    8.65  -402.6     0.5     1.5   9.86   28175.   17.0    0    0  0.2584   3.10   0.00   0.00   0.00   0.00   0.00   0.00
2018 237 12 45    1.37   -0.53    7.55  -398.4    -7.4     3.8  13.75   42358.   12.0    0    0  0.2617   4.23   0.00   0.00   0.00   0.00   0.00   0.00
2018 237 12 50    1.70   -1.34    7.19  -402.0    -3.6     4.0  14.81   46687.   15.0    0    0  0.2648   4.64   0.00   0.00   0.00   0.00   0.00   0.00
2018 237 12 55    1.81   -1.70    7.67  -403.8    -2.5     2.4  13.60   38768.   17.0    0    0  0.2680   4.30   0.00   0.00   0.00   0.00   0.00   0.00
2018 237 13  0    1.49   -1.44    7.81  -404.6    -4.7     4.0  15.45   37556.   19.0    0   -1  0.2711   4.90   0.00   0.00   0.00   0.00   0.00   0.00
2018 237 13  5    2.08   -1.78    6.65  -405.5    -6.8     5.6  17.31   36343.   19.0    0    0  0.2742   5.52   0.00   0.00   0.00   0.00   0.00   0.00
2018 237 13 10    2.38   -0.97    6.40  -404.6    -7.3     6.8  20.08   35997.   21.0    0    0  0.2772   6.37   0.00   0.00   0.00   0.00   0.00   0.00
2018 237 13 15    2.88   -1.37    6.13  -403.8    -9.4     5.3  21.26   37869.   21.0    0    0  0.2802   6.72   0.00   0.00   0.00   0.00   0.00   0.00
2018 237 13 20    2.70   -0.17    7.19  -408.6   -12.0     8.1  21.97   51601.   19.0    0    0  0.2832   7.11   0.00   0.00   0.00   0.00   0.00   0.00
2018 237 13 25    6.58    3.78    7.45  -415.8   -15.4     7.8  12.70   29460.   14.0    0    0  0.2861   4.26   0.00   0.00   0.00   0.00   0.00   0.00
2018 237 13 30    5.54    2.93    8.41  -413.7    -3.3     6.2  14.08   17170.   14.0    0    0  0.2889   4.67   0.00   0.00   0.00   0.00   0.00   0.00
2018 237 13 35    6.55    5.14    7.04  -409.2     5.8    -3.8   7.78   18446.   11.0    0    0  0.2917   2.52   0.00   0.00   0.00   0.00   0.00   0.00
2018 237 13 40    4.52    3.55    8.15  -409.7     4.9     1.5   9.74   32656.    6.0    0    0  0.2945   3.17   0.00   0.00   0.00   0.00   0.00   0.00
2018 237 13 45   -0.29   -2.29    9.97  -430.1    -8.1   -16.4   6.85   28034.    9.0    0    0  0.2972   2.46   0.00   0.00   0.00   0.00   0.00   0.00
2018 237 13 50   -1.84   -3.47   10.07  -443.3   -15.9   -32.8   5.98   22537.    9.0    0    0  0.2999   2.29   0.00   0.00   0.00   0.00   0.00   0.00
2018 237 13 55   -1.87   -3.15   10.08  -441.9   -15.6   -29.3   6.77   21951.    8.0    0    0  0.3024   2.58   0.00   0.00   0.00   0.00   0.00   0.00
2018 237 14  0   -1.83   -2.88   10.27  -441.4   -18.5   -30.9   6.56   23181.    8.0    0    0  0.3050   2.49   0.00   0.00   0.00   0.00   0.00   0.00
2018 237 14  5   -2.10   -3.86   10.14  -442.6   -22.2   -36.5   5.95   25374.    9.0    0    0  0.3075   2.28   0.00   0.00   0.00   0.00   0.00   0.00
2018 237 14 10   -1.75   -3.66   10.37  -447.9   -20.9   -46.0   6.22   27906.    8.0    0    0  0.3099   2.45   0.00   0.00   0.00   0.00   0.00   0.00
2018 237 14 15   -3.81   -5.76    8.74  -444.9   -18.5   -43.0   6.84   26303.    9.0    0    0  0.3123   2.65   0.00   0.00   0.00   0.00   0.00   0.00
2018 237 14 20   -4.29   -5.61    8.70  -443.6   -18.5   -39.6   7.25   27880.   10.0    0    0  0.3146   2.79   0.00   0.00   0.00   0.00   0.00   0.00
2018 237 14 25   -4.73   -5.24    8.77  -441.6   -23.3   -38.7   7.91   33599.   10.0    0    0  0.3168   3.02   0.00   0.00   0.00   0.00   0.00   0.00
2018 237 14 30   -5.12   -5.03    8.75  -440.4   -24.4   -38.1   7.97   31704.   10.0    0    0  0.3190   3.03   0.00   0.00   0.00   0.00   0.00   0.00
2018 237 14 35   -4.69   -5.48    8.85  -440.5   -22.6   -38.4   8.15   31866.   10.0    0    0  0.3211   3.09   0.00   0.00   0.00   0.00   0.00   0.00
2018 237 14 40   -4.65   -6.33    8.56  -438.2   -19.6   -34.9   7.85   32158.   10.0    0    0  0.3232   2.94   0.00   0.00   0.00   0.00   0.00   0.00
2018 237 14 45   -4.83   -6.71    8.42  -438.6   -15.9   -34.7   7.97   29201.   10.0    0    0  0.3252   2.99   0.00   0.00   0.00   0.00   0.00   0.00
2018 237 14 50   -5.14   -6.82    8.43  -435.5   -16.6   -34.8   7.66   31906.   10.0    0    0  0.3271   2.84   0.00   0.00   0.00   0.00   0.00   0.00
2018 237 14 55   -5.39   -7.15    8.23  -436.6   -14.2   -35.3   7.09   31392.   10.0    0    0  0.3289   2.64   0.00   0.00   0.00   0.00   0.00   0.00
2018 237 15  0   -5.47   -6.54    8.66  -437.7   -15.8   -41.8   7.85   33715.    8.0    0    0  0.3307   2.94   0.00   0.00   0.00   0.00   0.00   0.00
2018 237 15  5   -6.23   -7.60    7.66  -436.0   -15.3   -31.9   6.79   37923.   10.0    0    0  0.3324   2.52   0.00   0.00   0.00   0.00   0.00   0.00
2018 237 15 10   -7.94   -7.96    5.73  -437.7   -18.9   -25.0   6.44   43976.    8.0    0    0  0.3341   2.40   0.00   0.00   0.00   0.00   0.00   0.00
2018 237 15 15   -7.79   -8.14    5.92  -433.8   -20.4   -19.1   7.12   45071.    8.0    0    0  0.3356   2.61   0.00   0.00   0.00   0.00   0.00   0.00
2018 237 15 20   -8.16   -8.45    5.07  -435.8   -20.3   -24.7   6.44   40057.    8.0    0    0  0.3371   2.38   0.00   0.00   0.00   0.00   0.00   0.00
2018 237 15 25   -8.14   -9.07    4.27  -437.5   -30.5   -20.4   6.43   36999.    8.0    0    0  0.3385   2.40   0.00   0.00   0.00   0.00   0.00   0.00
2018 237 15 30   -8.01   -9.45    3.73  -431.5   -20.9   -17.8   7.74   50607.    7.0    0    0  0.3399   2.80   0.00   0.00   0.00   0.00   0.00   0.00
2018 237 15 35   -8.09   -9.45    3.35  -431.4   -23.0   -21.6   8.93   39078.    7.0    0    0  0.3411   3.24   0.00   0.00   0.00   0.00   0.00   0.00
2018 237 15 40   -8.74   -8.71    4.23  -433.7   -27.0   -25.8   8.47   44301.    8.0    0    0  0.3423   3.11   0.00   0.00   0.00   0.00   0.00   0.00
2018 237 15 45   -9.15   -8.84    3.47  -432.9   -19.9   -21.3   7.30   44541.    7.0    0   -1  0.3434   2.66   0.00   0.00   0.00   0.00   0.00   0.00
2018 237 15 50   -8.81   -9.51    2.73  -432.1   -12.7   -16.8   6.13   44781.    6.0    0    0  0.3445   2.22   0.00   0.00   0.00   0.00   0.00   0.00
2018 237 15 55   -9.53   -9.34    0.84  -426.8   -25.5    -7.9   6.55   52152.    6.0    0    0  0.3454   2.32   0.00   0.00   0.00   0.00   0.00   0.00
2018 237 16  0   -9.94   -8.86    0.96  -422.5   -29.8    -7.2  10.41   34085.    5.0    0    0  0.3463   3.62   0.00   0.00   0.00   0.00   0.00   0.00
2018 237 16  5  -10.28   -8.61   -0.12  -423.2   -30.1     0.9   9.26   44426.    6.0    0    0  0.3471   3.23   0.00   0.00   0.00   0.00   0.01   0.03
2018 237 16 10  -10.09   -8.84   -0.26  -419.6   -28.6     4.4   8.75   44225.    6.0    0    0  0.3478   3.00   0.00   0.01   0.00   0.00   0.03   0.07
2018 237 16 15   -9.81   -8.61   -1.50  -420.9   -29.8     6.9   9.09   39363.    4.0    0    0  0.3484   3.14   0.02   0.04   0.00   0.02   0.09   0.17
2018 237 16 20   -9.87   -7.84   -2.15  -422.6   -39.4     6.9   7.05   51999.    6.0    0    0  0.3490   2.46   0.04   0.07   0.00   0.04   0.15   0.25
2018 237 16 25  -10.83   -6.32   -3.39  -420.0   -40.1     6.9   6.63   57242.    6.0    0    0  0.3495   2.29   0.06   0.11   0.00   0.07   0.23   0.35
2018 237 16 30  -10.61   -7.43   -0.96  -417.3   -27.7     0.8   6.70   57001.    5.0    0    0  0.3499   2.27   0.07   0.12   0.00   0.08   0.25   0.38
2018 237 16 35  -10.45   -7.88   -1.17  -419.5   -18.3    -7.8   6.69   69279.    4.0    0    0  0.3502   2.29   0.08   0.13   0.01   0.08   0.27   0.42
2018 237 16 40  -10.34   -8.21    0.09  -418.6   -20.5   -15.1   5.88   56281.    4.0    0    0  0.3504   2.00   0.08   0.13   0.01   0.08   0.25   0.39
2018 237 16 45  -10.55   -7.91   -1.06  -414.6   -21.3    -7.2   5.82   45146.    4.0    0    0  0.3505   1.94   0.08   0.14   0.01   0.08   0.26   0.41
2018 237 16 50  -10.60   -7.56   -1.40  -421.0   -22.8    -4.1   7.12   54375.    4.0    0    0  0.3506   2.45   0.09   0.15   0.01   0.09   0.29   0.46
2018 237 16 55  -10.47   -7.86   -1.30  -419.3   -27.2    -6.4   6.83   57708.    4.0    0    0  0.3506   2.34   0.10   0.17   0.01   0.10   0.31   0.50
2018 237 17  0  -10.56   -7.99    0.52  -413.4   -20.0    -7.3   6.16   53290.    4.0    0    0  0.3505   2.04   0.10   0.16   0.01   0.09   0.28   0.46
2018 237 17  5  -10.44   -7.92   -1.79  -419.2   -27.4    -7.0   6.68   62004.    4.0    0    0  0.3503   2.28   0.11   0.18   0.01   0.10   0.32   0.51
2018 237 17 10  -10.27   -7.82   -3.21  -417.6   -25.7   -10.4   5.99   62117.    4.0    0    0  0.3500   2.03   0.13   0.21   0.01   0.13   0.38   0.57
2018 237 17 15   -9.40   -7.79   -5.70  -419.4   -29.1    11.7   6.59   59912.    5.0    0    0  0.3497   2.26   0.17   0.28   0.01   0.20   0.48   0.68
2018 237 17 20   -9.71   -8.11   -4.73  -415.2   -20.8    -2.8   6.12   51601.    4.0    0    0  0.3493   2.05   0.20   0.33   0.02   0.24   0.55   0.75
2018 237 17 25   -9.62   -7.72   -5.59  -416.4   -20.2    -1.6   6.46   47918.    5.0    0    0  0.3488   2.17   0.24   0.38   0.02   0.30   0.63   0.83
2018 237 17 30   -9.58   -5.48   -7.68  -420.7   -30.2     7.3   6.62   60157.    4.0    0    0  0.3482   2.28   0.29   0.46   0.03   0.40   0.74   0.95
2018 237 17 35  -10.23   -4.90   -7.06  -416.3   -46.7     1.4   7.52   59286.    2.0    0    0  0.3475   2.56   0.34   0.54   0.03   0.48   0.84   1.08
2018 237 17 40   -9.92   -6.31   -6.41  -411.3   -25.0    -2.5   6.32   47120.    1.0    0    0  0.3467   2.08   0.38   0.60   0.04   0.54   0.90   1.14
2018 237 17 45   -9.87   -5.64   -7.05  -410.2   -26.2     2.7   6.10   41952.   -1.0    0    0  0.3459   2.00   0.42   0.65   0.04   0.61   0.96   1.21
2018 237 17 50   -9.73   -5.31   -7.46  -408.6   -26.3     5.7   6.20   40970.   -3.0    0    0  0.3450   2.01   0.46   0.72   0.05   0.68   1.03   1.27
2018 237 17 55   -9.62   -4.75   -7.96  -411.6   -37.5     6.6   6.76   50231.   -2.0    0    0  0.3440   2.24   0.50   0.78   0.05   0.76   1.10   1.36
2018 237 18  0   -9.61   -5.35   -7.53  -411.4   -33.3     8.4   6.41   44382.   -4.0    0    0  0.3429   2.12   0.54   0.84   0.06   0.83   1.16   1.42
2018 237 18  5   -9.92   -6.22   -6.52  -409.3   -19.0     1.4   6.15   38482.   -7.0    0    0  0.3418   2.00   0.57   0.88   0.06   0.87   1.19   1.46
2018 237 18 10   -9.43   -4.90   -8.23  -410.1   -31.6     4.8   6.15   39800.   -9.0    0    0  0.3406   2.02   0.61   0.94   0.07   0.95   1.25   1.51
2018 237 18 15   -9.43   -5.24   -8.12  -412.1   -27.6    12.4   6.07   40500.  -10.0    0    0  0.3393   2.01   0.65   0.99   0.08   1.01   1.30   1.56
2018 237 18 20   -9.41   -5.32   -8.14  -411.6   -23.5     9.5   6.00   37759.  -11.0    0    0  0.3379   1.98   0.69   1.04   0.08   1.08   1.34   1.61
2018 237 18 25   -9.48   -6.90   -6.84  -415.5   -11.0     2.7   7.04   45420.  -13.0    0    0  0.3364   2.36   0.72   1.08   0.09   1.12   1.37   1.67
2018 237 18 30   -9.76   -6.26   -7.11  -414.0   -14.8     1.9   6.79   49945.  -13.0    0    0  0.3349   2.26   0.76   1.12   0.09   1.17   1.40   1.72
2018 237 18 35   -9.42   -6.27   -7.89  -415.3   -21.1     7.5   6.20   39813.  -14.0    0    0  0.3333   2.08   0.79   1.16   0.10   1.22   1.44   1.76
2018 237 18 40   -9.52   -6.45   -7.79  -415.5   -19.6     2.9   6.64   44388.  -15.0    0    0  0.3317   2.23   0.82   1.20   0.10   1.28   1.47   1.81
2018 237 18 45   -9.81   -6.66   -7.24  -412.2   -16.0    -0.3   6.25   39424.  -18.0    0    0  0.3299   2.06   0.85   1.23   0.11   1.31   1.49   1.83
2018 237 18 50  -10.30   -5.75   -7.21  -411.3   -22.5    -0.5   6.40   40567.  -20.0    0    0  0.3281   2.10   0.88   1.26   0.11   1.35   1.51   1.86
2018 237 18 55  -10.43   -5.48   -7.16  -409.8   -26.0    -4.8   5.66   34023.  -21.0    0    0  0.3262   1.85   0.90   1.28   0.12   1.38   1.51   1.86
2018 237 19  0  -10.29   -5.91   -7.24  -410.0   -16.9    -7.8   5.92   37582.  -24.0    0    0  0.3243   1.93   0.92   1.30   0.12   1.40   1.52   1.87
2018 237 19  5  -10.75   -5.82   -6.59  -411.0   -26.9     2.9   6.64   41950.  -25.0    0    0  0.3222   2.18   0.95   1.32   0.13   1.43   1.53   1.89
2018 237 19 10  -10.92   -6.21   -5.89  -409.7   -15.0    -6.6   7.23   48049.  -26.0    0    0  0.3201   2.35   0.96   1.34   0.13   1.44   1.53   1.92
2018 237 19 15  -10.72   -6.38   -6.24  -410.9   -17.3    -5.4   6.65   45815.  -27.0    0    0  0.3180   2.18   0.98   1.35   0.13   1.45   1.53   1.94
2018 237 19 20  -11.21   -6.35   -5.59  -408.7    -9.7    -6.2   6.15   39472.  -28.0    0    0  0.3158   1.99   0.99   1.35   0.14   1.45   1.51   1.93
2018 237 19 25  -10.78   -5.52   -6.91  -408.0   -15.6    -6.4   6.36   44124.  -28.0    0    0  0.3135   2.05   1.01   1.37   0.14   1.47   1.52   1.94
2018 237 19 30   -9.66   -7.24   -7.01  -415.8   -14.4     0.6   7.10   47364.  -29.0    0    0  0.3111   2.38   1.03   1.40   0.15   1.50   1.54   1.98
2018 237 19 35   -9.52   -7.14   -7.48  -420.4   -12.4    -0.1   7.49   47288.  -30.0    0    0  0.3087   2.57   1.06   1.43   0.15   1.54   1.57   2.05
2018 237 19 40  -10.17   -7.37   -6.32  -415.9    -7.3    -4.1   7.69   52330.  -31.0    0    0  0.3063   2.58   1.08   1.45   0.16   1.56   1.58   2.09
2018 237 19 45  -10.92   -4.75   -7.05  -407.5   -24.0    -7.5   6.96   37647.  -30.0    0    0  0.3038   2.25   1.10   1.47   0.16   1.58   1.59   2.11
2018 237 19 50  -10.17   -5.11   -8.39  -409.2   -22.7    -2.0   7.08   35567.  -30.0    0    0  0.3012   2.30   1.13   1.50   0.17   1.63   1.62   2.15
2018 237 19 55  -10.79   -6.08   -6.98  -405.7   -15.5    -3.9   7.46   37797.  -32.0    0    0  0.2985   2.38   1.15   1.52   0.17   1.65   1.62   2.18
2018 237 20  0   -9.80   -4.70   -9.02  -408.7   -19.9     1.5   7.45   32826.  -31.0    0    0  0.2958   2.42   1.18   1.57   0.18   1.71   1.66   2.24
2018 237 20  5   -7.12   -3.23  -11.89  -421.5   -34.9    18.0   7.24   35550.  -30.0    0    0  0.2931   2.51   1.23   1.64   0.19   1.84   1.75   2.33
2018 237 20 10   -7.92   -4.15  -11.04  -420.1   -32.6    18.4   7.80   40042.  -30.0    0    0  0.2903   2.69   1.28   1.71   0.20   1.94   1.82   2.43
2018 237 20 15   -8.82   -4.51  -10.13  -414.7   -28.7    12.9   6.94   35912.  -32.0    0    0  0.2875   2.33   1.32   1.75   0.21   2.01   1.86   2.47
2018 237 20 20   -9.39   -4.48   -9.35  -414.7   -21.2     9.5   7.15   34401.  -33.0    0    0  0.2846   2.39   1.35   1.79   0.22   2.06   1.88   2.51
2018 237 20 25  -11.31   -5.21   -7.49  -409.9   -22.9     5.0   7.28   32344.  -34.0    0    0  0.2816   2.38   1.36   1.80   0.22   2.07   1.87   2.52
2018 237 20 30  -11.35   -5.32   -7.76  -405.0   -21.0     1.9   6.68   31701.  -37.0    0    0  0.2786   2.13   1.38   1.81   0.23   2.08   1.86   2.51
2018 237 20 35  -10.81   -5.44   -8.40  -405.9   -19.6     2.9   6.74   31484.  -38.0    0    0  0.2756   2.16   1.40   1.82   0.23   2.10   1.86   2.51
2018 237 20 40   -9.49   -5.61  -10.15  -412.2   -21.4    10.8   7.55   31999.  -38.0    0    0  0.2725   2.49   1.43   1.87   0.24   2.17   1.90   2.56
2018 237 20 45   -8.78   -5.27  -11.10  -413.3   -20.4    12.4   7.20   31803.  -35.0    0    0  0.2694   2.39   1.47   1.91   0.25   2.25   1.94   2.61
2018 237 20 50  -10.47   -5.36   -9.09  -411.0   -12.8    13.9   7.38   36064.  -33.0    0    0  0.2663   2.42   1.49   1.94   0.26   2.29   1.95   2.64
2018 237 20 55  -12.01   -6.78   -6.31  -411.0     4.8    12.9   8.72   37285.  -30.0    0    0  0.2631   2.86   1.50   1.94   0.26   2.27   1.93   2.67
2018 237 21  0  -12.44   -5.29   -7.08  -402.8   -21.4     2.9   8.38   54959.  -27.0    0    0  0.2599   2.64   1.51   1.94   0.27   2.27   1.92   2.69
2018 237 21  5  -11.23   -4.82   -9.17  -412.7    -7.2    23.8   7.78   34040.  -28.0    0    0  0.2566   2.58   1.54   1.97   0.27   2.31   1.94   2.73
2018 237 21 10  -10.57   -3.72  -10.35  -414.6   -32.6    27.0   6.56   37261.  -29.0    0    0  0.2533   2.21   1.56   2.00   0.28   2.36   1.96   2.74
2018 237 21 15  -10.96   -4.07   -9.36  -412.6   -28.3    26.5   6.63   36870.  -27.0    0    0  0.2500   2.21   1.58   2.01   0.29   2.39   1.97   2.73
2018 237 21 20  -12.69   -4.56   -7.17  -398.7   -10.5    -0.1   6.74   35430.  -27.0    0    0  0.2466   2.08   1.59   2.00   0.29   2.37   1.94   2.70
2018 237 21 25  -12.61   -2.96   -8.08  -403.3    -7.0     3.8   6.09   28692.  -27.0    0    0  0.2432   1.92   1.59   2.00   0.30   2.37   1.92   2.66
2018 237 21 30  -11.40   -4.42   -9.38  -399.5   -24.1     7.7   6.41   37360.  -28.0    0    0  0.2398   1.99   1.61   2.01   0.30   2.39   1.92   2.64
2018 237 21 35  -11.73   -3.92   -9.27  -399.7   -15.8     2.6   6.32   37954.  -30.0    0    0  0.2364   1.96   1.63   2.02   0.31   2.41   1.91   2.62
2018 237 21 40  -11.77   -3.16   -9.65  -399.5   -23.1     5.2   7.00   28458.  -32.0    0    0  0.2329   2.17   1.65   2.04   0.32   2.44   1.92   2.63
2018 237 21 45  -11.75   -4.15   -9.42  -399.2   -16.7     3.2   7.25   31812.  -34.0    0    0  0.2294   2.24   1.66   2.06   0.32   2.46   1.93   2.64
2018 237 21 50  -12.11   -4.03   -9.13  -397.4   -17.1     0.4   7.17   33314.  -34.0    0    0  0.2259   2.20   1.68   2.08   0.33   2.48   1.93   2.64
2018 237 21 55  -12.12   -3.70   -9.34  -396.5   -17.9     0.4   7.13   29007.  -33.0    0    0  0.2224   2.18   1.69   2.09   0.34   2.50   1.94   2.64
2018 237 22  0  -12.11   -3.79   -9.41  -397.4   -18.6    -0.0   7.53   30121.  -33.0    0    0  0.2189   2.31   1.71   2.11   0.34   2.52   1.95   2.66
2018 237 22  5  -11.38   -3.74  -10.15  -401.6   -19.8     2.2   8.00   32281.  -32.0    0    0  0.2153   2.51   1.74   2.14   0.35   2.57   1.97   2.71
2018 237 22 10  -11.43   -3.52  -10.37  -401.1   -24.2     3.9   7.80   29963.  -32.0    0    0  0.2117   2.44   1.76   2.18   0.36   2.61   2.00   2.75
2018 237 22 15  -11.30   -3.82  -10.50  -402.8   -20.9     4.7   7.98   31698.  -32.0    0    0  0.2082   2.52   1.79   2.21   0.37   2.66   2.02   2.79
2018 237 22 20  -10.03   -3.26  -11.66  -408.5   -26.9     5.4   9.30   40827.  -30.0    0    0  0.2046   3.02   1.83   2.27   0.38   2.75   2.08   2.91
2018 237 22 25  -10.49   -1.75  -10.80  -406.6   -25.9    -0.7   9.10   36227.  -31.0    0    0  0.2010   2.93   1.86   2.31   0.38   2.81   2.12   3.00
2018 237 22 30   -6.08    0.80  -14.30  -421.7   -30.0     6.0  10.33   44167.  -32.0    0    0  0.1974   3.58   1.92   2.42   0.40   2.99   2.24   3.22
2018 237 22 35   -6.28    3.67  -13.77  -418.7   -34.4     2.6  10.94   43488.  -29.0    0    0  0.1938   3.74   1.98   2.52   0.41   3.15   2.34   3.44
2018 237 22 40   -6.19    3.37  -13.82  -418.6   -35.9     3.3  12.01   52733.  -30.0    0    0  0.1901   4.11   2.05   2.63   0.43   3.31   2.45   3.71
2018 237 22 45   -6.86    2.29  -13.68  -418.0   -41.3    -0.3  10.19   36011.  -32.0    0    0  0.1865   3.48   2.10   2.70   0.44   3.44   2.52   3.86
2018 237 22 50   -7.98    1.19  -13.13  -414.7   -33.6     2.5  11.12   41359.  -35.0    0    0  0.1829   3.73   2.15   2.78   0.46   3.56   2.59   4.03
2018 237 22 55   -8.25    2.54  -12.53  -415.8   -34.8     0.8  11.41   45541.  -37.0    0    0  0.1793   3.85   2.20   2.85   0.47   3.65   2.64   4.19
2018 237 23  0   -6.92    2.60  -13.22  -416.6   -35.1     2.6  11.82   44962.  -39.0    0    0  0.1757   4.00   2.25   2.92   0.48   3.77   2.70   4.37
2018 237 23  5   -7.88    2.90  -12.51  -412.3   -38.2    -1.9  11.39   42924.  -40.0    0    0  0.1721   3.78   2.29   2.98   0.50   3.86   2.74   4.50
2018 237 23 10  -11.92    1.00   -9.55  -403.9   -27.7    -3.8  10.20   42740.  -42.0    0    0  0.1685   3.24   2.30   2.98   0.50   3.84   2.71   4.50
2018 237 23 15  -12.67    0.87   -8.87  -404.7   -28.0    -7.2  10.66   40973.  -43.0    0    0  0.1649   3.40   2.31   2.97   0.51   3.82   2.67   4.51
2018 237 23 20  -12.45    0.36   -9.26  -405.0   -30.1    -5.7   9.94   38737.  -46.0    0    0  0.1613   3.18   2.31   2.97   0.52   3.80   2.64   4.49
2018 237 23 25  -11.68    0.96  -10.11  -403.0   -30.3    -6.5  10.59   42168.  -46.0    0    0  0.1577   3.35   2.33   2.98   0.53   3.81   2.63   4.51
2018 237 23 30  -10.88    1.20  -11.03  -405.4   -33.1    -1.6  10.71   43556.  -46.0    0    0  0.1542   3.43   2.35   3.00   0.54   3.84   2.64   4.56
2018 237 23 35  -11.87   -0.46  -10.06  -406.4   -31.8    -1.5  10.34   41450.  -49.0    0    0  0.1506   3.33   2.36   3.01   0.54   3.84   2.63   4.57
2018 237 23 40  -12.48   -0.33   -9.49  -400.2   -31.9    -4.2  10.61   47647.  -52.0    0    0  0.1471   3.31   2.37   3.01   0.55   3.83   2.60   4.57
2018 237 23 45  -11.79   -0.47  -10.42  -398.8   -28.6     2.2  10.38   45227.  -53.0    0    0  0.1436   3.21   2.38   3.02   0.56   3.84   2.59   4.58
2018 237 23 50  -11.74    0.14  -10.42  -398.7   -28.2    -1.6  10.54   46758.  -54.0    0    0  0.1401   3.26   2.40   3.03   0.57   3.85   2.59   4.59
2018 237 23 55  -12.28    0.25   -9.80  -396.3   -23.4    -3.8  10.24   46429.  -55.0    0    0  0.1366   3.13   2.41   3.03   0.57   3.84   2.57   4.57
2018 238  0  0  -11.65   -2.12  -10.03  -398.5   -15.2    -4.2   9.50   39413.  -55.0    0    0  0.1332   2.93   2.41   3.03   0.58   3.83   2.54   4.54
2018 238  0  5  -10.10   -0.63  -11.48  -415.3   -41.0    15.3  13.70   46086.  -56.0    0    0  0.1298   4.63   2.45   3.09   0.59   3.90   2.61   4.75
2018 238  0 10   -8.93    1.14  -12.52  -411.5   -40.7     7.4  12.27   48390.  -57.0    0    0  0.1264   4.07   2.49   3.15   0.61   3.99   2.66   4.90
2018 238  0 15  -10.05    0.31  -11.83  -408.3   -28.8     4.5  11.52   46578.  -58.0    0    0  0.1230   3.74   2.51   3.18   0.62   4.04   2.69   4.97
2018 238  0 20   -9.38   -0.01  -12.46  -409.8   -29.8     6.6  11.67   43663.  -59.0    0    0  0.1196   3.82   2.55   3.23   0.63   4.11   2.73   5.07
2018 238  0 25  -10.22    0.12  -11.90  -405.5   -32.0    -0.1  11.81   46831.  -61.0    0    0  0.1163   3.78   2.57   3.26   0.64   4.16   2.75   5.14
2018 238  0 30  -10.40   -0.34  -11.86  -403.7   -26.8     1.7  11.60   46255.  -63.0    0    0  0.1131   3.68   2.60   3.30   0.65   4.20   2.77   5.19
2018 238  0 35  -10.34   -0.94  -11.98  -404.9   -25.3     4.1  11.12   40834.  -64.0    0    0  0.1098   3.55   2.62   3.32   0.66   4.24   2.78   5.22
2018 238  0 40  -10.03   -0.35  -12.27  -405.5   -23.7     1.8  11.62   40681.  -64.0    0    0  0.1066   3.71   2.65   3.36   0.67   4.30   2.80   5.28
2018 238  0 45   -9.57   -1.68  -12.64  -408.9   -23.1     2.9  12.58   42710.  -65.0    0    0  0.1034   4.09   2.68   3.41   0.68   4.37   2.84   5.39
2018 238  0 50   -9.51   -0.22  -13.35  -408.9   -26.9     4.8  11.11   40222.  -66.0    0    0  0.1003   3.61   2.71   3.45   0.70   4.44   2.87   5.45
2018 238  0 55   -9.77   -0.60  -13.05  -409.2   -23.4     3.9  10.91   38858.  -67.0    0    0  0.0972   3.55   2.74   3.48   0.71   4.50   2.89   5.48
2018 238  1  0   -8.80   -0.23  -13.60  -410.1   -27.4     3.1  11.99   36615.  -67.0    0    0  0.0941   3.92   2.78   3.53   0.72   4.58   2.93   5.57
2018 238  1  5   -7.02   -0.53  -14.62  -418.3   -26.1     6.8  13.22   45237.  -70.0    0    0  0.0911   4.50   2.83   3.61   0.74   4.72   3.01   5.77
2018 238  1 10   -8.30    0.40  -14.11  -413.4   -31.6     5.7  12.39   40721.  -71.0    0    0  0.0881   4.13   2.87   3.67   0.75   4.81   3.06   5.89
2018 238  1 15   -8.92    1.31  -13.61  -408.8   -33.5    -0.4  12.07   39682.  -73.0    0    0  0.0852   3.93   2.90   3.71   0.77   4.88   3.08   5.96
2018 238  1 20   -8.70    2.24  -13.42  -409.4   -36.0    -0.1  12.64   42395.  -76.0    0    0  0.0823   4.14   2.93   3.75   0.78   4.95   3.11   6.05
2018 238  1 25  -10.12    1.08  -12.76  -404.7   -26.2    -2.3  12.62   44279.  -79.0    0    0  0.0795   4.02   2.96   3.78   0.79   4.99   3.12   6.10
2018 238  1 30   -9.78    2.20  -13.22  -403.7   -37.5    -0.4  11.05   38086.  -82.0    0    0  0.0767   3.52   2.98   3.80   0.80   5.03   3.12   6.09
2018 238  1 35  -11.19    0.81  -12.50  -400.4   -31.4     0.5  10.68   39181.  -82.0    0    0  0.0740   3.34   2.99   3.81   0.81   5.04   3.09   6.04
2018 238  1 40  -12.27   -0.93  -11.57  -395.5   -22.1    -2.6  10.90   38879.  -83.0    0    0  0.0713   3.31   3.00   3.80   0.82   5.02   3.06   5.98
2018 238  1 45  -12.62   -1.73  -11.09  -395.7   -19.5   -11.4  10.47   33383.  -86.0    0    0  0.0686   3.19   3.00   3.78   0.83   4.98   3.02   5.90
2018 238  1 50  -13.29   -3.37   -9.81  -390.3   -12.2    -9.8  11.00   37321.  -87.0    0    0  0.0661   3.25   2.99   3.74   0.84   4.92   2.96   5.81
2018 238  1 55  -13.16   -2.67  -10.69  -390.5   -14.4    -6.7  10.24   37708.  -88.0    0    0  0.0635   3.03   2.98   3.72   0.84   4.88   2.91   5.71
2018 238  2  0  -12.55   -1.61  -11.51  -392.9   -18.8     0.0  11.23   40298.  -87.0    0    0  0.0611   3.37   2.99   3.72   0.85   4.87   2.89   5.68
2018 238  2  5  -10.47   -0.26  -13.87  -401.2   -31.3     6.1  10.71   39780.  -87.0    0    0  0.0586   3.36   3.01   3.74   0.87   4.92   2.91   5.68
2018 238  2 10   -7.03    3.51  -15.81  -403.8   -25.5    -0.0  11.94   22416.  -88.0    0    0  0.0563   3.79   3.05   3.81   0.88   5.04   2.98   5.78
2018 238  2 15   -8.48    2.17  -15.59  -403.9   -31.9     7.1  10.93   23839.  -89.0    0    0  0.0540   3.48   3.09   3.87   0.90   5.14   3.02   5.82
2018 238  2 20   -5.07    4.79  -16.44  -409.1   -30.1     4.6  13.45   19628.  -92.0    0    0  0.0518   4.38   3.14   3.96   0.91   5.30   3.11   6.02
2018 238  2 25   -6.30    3.61  -16.32  -405.7   -28.0     4.1  13.21   21473.  -94.0    0    0  0.0496   4.23   3.19   4.04   0.93   5.44   3.18   6.18
2018 238  2 30   -7.51    1.74  -16.03  -402.4   -22.2     6.6  11.96   23618.  -98.0    0    0  0.0475   3.76   3.23   4.10   0.95   5.54   3.22   6.24
2018 238  2 35   -8.72    2.54  -15.33  -399.9   -23.5     3.0  13.86   19667. -102.0    0    0  0.0454   4.31   3.27   4.16   0.96   5.64   3.26   6.38
2018 238  2 40   -9.03    2.70  -15.19  -397.3   -21.8     2.4  13.62   24348. -104.0    0    0  0.0434   4.18   3.31   4.22   0.98   5.72   3.29   6.49
2018 238  2 45   -8.29    3.29  -15.60  -399.7   -23.2     5.4  13.58   19488. -104.0    0    0  0.0415   4.22   3.35   4.28   0.99   5.81   3.33   6.60
2018 238  2 50   -7.86    5.06  -15.48  -401.0   -31.6     2.5  13.36   19264. -105.0    0    0  0.0396   4.19   3.38   4.34   1.01   5.90   3.36   6.69
2018 238  2 55   -7.24    5.84  -15.48  -402.0   -37.4    -0.4  13.84   20787. -109.0    0    0  0.0378   4.37   3.42   4.39   1.02   5.99   3.40   6.81
2018 238  3  0   -7.74    3.75  -15.79  -403.1   -31.6     2.9  12.96   18201. -112.0    0    0  0.0361   4.10   3.46   4.44   1.04   6.07   3.43   6.89
2018 238  3  5   -8.07    1.91  -16.09  -399.6   -20.4     7.5  13.28   19441. -114.0    0    0  0.0345   4.12   3.49   4.49   1.05   6.16   3.46   6.97
2018 238  3 10   -6.68    3.39  -16.55  -405.2   -27.5     5.0  14.37   16026. -116.0    0    0  0.0329   4.59   3.54   4.57   1.07   6.28   3.51   7.13
2018 238  3 15   -6.24    3.46  -16.73  -407.0   -28.0     5.2  15.18   15812. -117.0    0    0  0.0314   4.89   3.59   4.65   1.09   6.42   3.58   7.33
2018 238  3 20   -6.11    2.91  -16.90  -407.4   -26.6     6.3  15.48   15871. -119.0    0    0  0.0299   5.00   3.64   4.73   1.11   6.55   3.64   7.55
2018 238  3 25   -7.40    2.01  -16.48  -402.4   -24.8     5.6  14.84   17408. -122.0    0    0  0.0285   4.67   3.68   4.79   1.13   6.65   3.68   7.68
2018 238  3 30   -6.47    3.17  -16.58  -406.5   -29.1     2.3  17.01   17273. -124.0    0    0  0.0272   5.47   3.73   4.88   1.15   6.79   3.74   7.95
2018 238  3 35   -7.81    1.64  -16.15  -401.8   -21.6     3.4  16.54   17066. -125.0    0    0  0.0260   5.19   3.78   4.95   1.16   6.88   3.78   8.14
2018 238  3 40   -6.88    3.23  -16.41  -402.8   -28.4     2.3  15.72   17096. -128.0    0    0  0.0248   4.97   3.82   5.01   1.18   6.98   3.81   8.29
2018 238  3 45   -6.92    3.63  -16.30  -403.4   -29.3     1.1  14.72   16954. -134.0    0    0  0.0238   4.66   3.85   5.05   1.20   7.05   3.83   8.36
2018 238  3 50   -7.12    3.07  -16.33  -401.3   -27.6     2.5  15.18   19326. -138.0    0    0  0.0227   4.76   3.89   5.10   1.22   7.13   3.85   8.45
2018 238  3 55   -7.25    3.58  -16.01  -400.1   -27.5     1.3  16.25   17957. -139.0    0    0  0.0218   5.06   3.92   5.15   1.23   7.20   3.87   8.59
2018 238  4  0   -7.43    2.58  -15.59  -399.1   -21.6    -0.5  21.36   21379. -141.0    0    0  0.0209   6.61   3.97   5.25   1.25   7.30   3.92   8.98
2018 238  4  5   -7.99    1.75  -15.56  -395.3   -14.5     0.5  20.04   22234. -143.0    0    0  0.0202   6.07   4.01   5.32   1.27   7.38   3.95   9.24
2018 238  4 10   -7.28    2.06  -15.56  -397.0   -12.9     2.0  22.45   23354. -146.0    0    0  0.0194   6.86   4.06   5.41   1.29   7.48   4.00   9.63
2018 238  4 15   -7.49   -0.57  -15.94  -398.5   -13.2     2.7  20.56   20897. -149.0    0    0  0.0188   6.33   4.10   5.49   1.30   7.57   4.04   9.91
2018 238  4 20   -6.50   -0.25  -16.63  -399.5   -13.1     4.3  17.96   18243. -151.0    0    0  0.0182   5.56   4.14   5.55   1.32   7.66   4.06  10.05
2018 238  4 25   -6.18    2.32  -16.29  -400.5   -22.4     1.6  18.35   20162. -151.0    0    0  0.0178   5.72   4.18   5.60   1.34   7.74   4.09  10.20
2018 238  4 30   -6.90    2.48  -16.15  -397.5   -18.7     1.5  18.64   21359. -152.0    0    0  0.0174   5.72   4.21   5.66   1.36   7.81   4.10  10.33
2018 238  4 35   -6.87    1.92  -15.87  -395.9   -20.3    -2.8  22.03   22557. -154.0    0    0  0.0170   6.71   4.25   5.73   1.38   7.90   4.14  10.63
2018 238  4 40   -6.04   -0.05  -16.10  -401.7   -12.8     1.5  22.39   20786. -156.0    0    0  0.0168   7.01   4.30   5.81   1.40   8.00   4.19  10.97
2018 238  4 45   -6.49    0.15  -16.14  -401.1   -12.0     4.4  23.48   22314. -157.0    0    0  0.0166   7.32   4.35   5.90   1.41   8.11   4.24  11.36
2018 238  4 50   -4.05    0.55  -16.75  -401.7   -10.0     4.8  24.93   26760. -158.0    0    0  0.0165   7.80   4.40   6.01   1.44   8.25   4.31  11.83
2018 238  4 55   -4.83    0.31  -16.79  -403.6    -7.6     5.2  20.43   22248. -158.0    0    0  0.0165   6.45   4.45   6.08   1.46   8.34   4.34  12.01
2018 238  5  0   -3.62    0.94  -17.03  -407.7    -6.6     3.2  22.20   24339. -161.0    0    0  0.0165   7.15   4.50   6.16   1.48   8.47   4.40  12.32
2018 238  5  5   -3.63    1.68  -17.79  -418.4   -10.1    13.1  18.71   20850. -163.0    0    0  0.0167   6.35   4.55   6.22   1.50   8.60   4.45  12.47
2018 238  5 10   -7.54    2.12  -16.69  -417.0   -12.3    19.8  16.68   17137. -166.0    0    0  0.0169   5.64   4.57   6.23   1.52   8.65   4.46  12.44
2018 238  5 15   -8.93    2.22  -16.16  -389.5   -11.4     1.9  15.63   15878. -175.0    0    0  0.0172   4.60   4.58   6.22   1.53   8.63   4.40  12.23
2018 238  5 20   -0.60    2.53  -17.60  -392.1   -13.0    -7.2  21.22   21863. -177.0    0    0  0.0175   6.33   4.62   6.29   1.55   8.73   4.43  12.38
2018 238  5 25    2.63    3.15  -17.26  -391.8    -9.7     4.7  21.76   21429. -176.0    0    0  0.0180   6.48   4.66   6.36   1.57   8.82   4.45  12.55
2018 238  5 30    2.37    2.88  -17.09  -391.7    -9.9     2.1  24.37   22699. -174.0    0    0  0.0185   7.25   4.71   6.45   1.59   8.92   4.48  12.84
2018 238  5 35    3.18    2.90  -17.00  -392.4    -9.9     2.8  24.06   21222. -177.0    0    0  0.0191   7.18   4.75   6.52   1.61   9.01   4.51  13.11
2018 238  5 40    3.76    2.99  -16.88  -387.0   -11.0     3.5  25.86   30275. -181.0    0    0  0.0197   7.51   4.79   6.61   1.63   9.10   4.54  13.41
2018 238  5 45    3.25    2.98  -16.92  -388.4   -12.9     2.2  24.30   21714. -184.0    0    0  0.0205   7.11   4.83   6.68   1.65   9.17   4.56  13.62
2018 238  5 50    0.09    3.35  -16.82  -386.0   -14.9     3.1  22.50   21573. -185.0    0    0  0.0213   6.50   4.86   6.73   1.67   9.22   4.55  13.69
2018 238  5 55   -2.31    3.77  -16.83  -384.3   -14.2     2.4  21.93   22452. -188.0    0    0  0.0222   6.28   4.89   6.76   1.69   9.25   4.54  13.72
2018 238  6  0   -3.21    3.86  -16.97  -380.5   -14.2     2.3  20.97   19486. -190.0    0    0  0.0232   5.89   4.91   6.79   1.70   9.28   4.52  13.67
2018 238  6  5   -3.92    4.41  -16.95  -388.0   -16.4     5.8  18.32   16601. -190.0    0    0  0.0242   5.35   4.92   6.79   1.72   9.28   4.50  13.52
2018 238  6 10   -3.59    5.01  -16.71  -385.0   -13.9     5.6  18.79   18352. -190.0    0    0  0.0253   5.40   4.94   6.79   1.74   9.28   4.47  13.39
2018 238  6 15   -1.56    6.59  -15.93  -385.7    -9.1     4.4  22.00   20214. -189.0    0    0  0.0265   6.34   4.95   6.81   1.75   9.29   4.45  13.42
2018 238  6 20   -2.45    5.89  -15.66  -390.4   -15.9     4.7  22.50   18076. -187.0    0    0  0.0278   6.65   4.97   6.82   1.77   9.29   4.45  13.50
2018 238  6 25   -5.76    4.06  -15.58  -385.5   -14.2     7.5  24.07   19378. -187.0    0    0  0.0291   6.94   4.98   6.85   1.79   9.30   4.44  13.62
2018 238  6 30   -7.09    2.95  -15.37  -384.8   -13.7     7.6  22.25   16536. -188.0    0    0  0.0305   6.39   4.99   6.85   1.80   9.28   4.42  13.62
2018 238  6 35   -8.47    1.87  -14.86  -382.5   -11.7     6.0  22.43   16720. -189.0    0    0  0.0320   6.36   5.00   6.85   1.81   9.24   4.39  13.61
2018 238  6 40   -6.95    3.03  -15.17  -380.1    -7.7     4.7  27.09   14525. -189.0    0    0  0.0335   7.59   5.01   6.89   1.83   9.25   4.39  13.83
2018 238  6 45   -5.63    4.00  -15.52  -374.9    -4.6     4.6  27.03   15793. -185.0    0    0  0.0351   7.36   5.03   6.93   1.84   9.26   4.39  14.01
2018 238  6 50   -6.03    4.15  -15.31  -371.6    -2.4     5.0  29.03   15507. -183.0    0    0  0.0368   7.77   5.05   6.98   1.86   9.27   4.39  14.25
2018 238  6 55   -6.33    3.85  -15.46  -373.6    -5.8     4.5  29.18   15627. -187.0    0    0  0.0386   7.89   5.07   7.04   1.88   9.29   4.40  14.50
2018 238  7  0   -6.21    3.89  -15.92  -377.9    -7.1     4.7  28.53   16640. -194.0    0    0  0.0404   7.90   5.10   7.10   1.89   9.34   4.42  14.75
2018 238  7  5   -5.90    4.94  -16.04  -379.8    -8.9     3.5  23.65   15762. -201.0    0    0  0.0423   6.61   5.11   7.11   1.91   9.34   4.42  14.75
2018 238  7 10   -6.32    4.73  -16.03  -379.1    -5.5     3.9  23.11   17877. -205.0    0    0  0.0442   6.44   5.13   7.12   1.92   9.35   4.40  14.70
2018 238  7 15   -6.11    4.36  -16.15  -378.9    -5.9     4.1  22.29   18017. -197.0    0    0  0.0462   6.20   5.13   7.13   1.94   9.35   4.39  14.63
2018 238  7 20   -8.50    3.64  -15.25  -379.2    -4.7     4.0  23.57   16464. -188.0    0    0  0.0483   6.57   5.14   7.12   1.95   9.33   4.37  14.59
2018 238  7 25   -9.20    3.17  -15.18  -373.6     0.2     4.5  19.91   19277. -185.0    0    0  0.0504   5.38   5.13   7.09   1.96   9.26   4.32  14.35
2018 238  7 30   -7.95    4.55  -15.05  -377.1    -3.6     1.4  22.16   21201. -188.0    0    0  0.0526   6.10   5.13   7.07   1.98   9.22   4.29  14.24
2018 238  7 35   -6.09    7.33  -15.07  -379.0    -5.2     5.0  20.91   19404. -189.0    0    0  0.0549   5.82   5.12   7.04   1.99   9.18   4.26  14.09
2018 238  7 40   -6.23    7.26  -14.98  -377.7    -2.7     5.2  20.17   17321. -189.0    0    0  0.0572   5.57   5.12   7.01   2.00   9.13   4.22  13.91
2018 238  7 45   -7.87    4.27  -15.64  -373.2     0.5     9.2  19.93   19530. -186.0    0    0  0.0596   5.38   5.11   6.98   2.01   9.09   4.19  13.72
2018 238  7 50   -6.94    3.34  -15.75  -378.9     7.0    10.1  23.11   17481. -179.0    0    0  0.0620   6.43   5.12   6.99   2.03   9.10   4.19  13.74
2018 238  7 55   -6.76    3.22  -15.74  -380.6     5.4     6.7  24.71   17067. -173.0    0    0  0.0645   6.94   5.13   7.02   2.04   9.11   4.21  13.85
2018 238  8  0   -6.54    3.99  -15.64  -377.3     1.6     9.5  22.60   20359. -164.0    0    0  0.0670   6.24   5.14   7.02   2.06   9.11   4.20  13.82
2018 238  8  5   -5.98    5.11  -15.34  -373.2     9.5    21.5  22.13   23640. -158.0    0    0  0.0696   5.99   5.14   7.01   2.07   9.08   4.18  13.74
2018 238  8 10   -6.37    4.26  -13.77  -371.4    12.2    27.3  26.93   30348. -156.0    0    0  0.0723   7.24   5.13   7.01   2.08   9.03   4.17  13.84
2018 238  8 15   -5.26    4.18  -14.52  -370.9    14.9    31.1  28.56   35464. -157.0    0    0  0.0749   7.68   5.14   7.03   2.10   9.02   4.17  14.04
2018 238  8 20   -6.16    3.09  -14.61  -374.7    31.6    25.3  25.54   30933. -154.0    0    0  0.0777   7.03   5.14   7.04   2.11   9.00   4.17  14.11
2018 238  8 25   -4.91    5.44  -14.51  -370.9    12.9    28.8  28.97   38655. -149.0    0    0  0.0805   7.78   5.15   7.06   2.12   9.00   4.18  14.31
2018 238  8 30   -4.92    6.73  -15.15  -374.1     3.4    24.1  22.04   36467. -148.0    0    0  0.0833   6.00   5.15   7.05   2.13   8.97   4.16  14.19
2018 238  8 35   -4.63    8.96  -14.30  -378.2    -2.1    15.2  22.02   39541. -147.0    0    0  0.0862   6.11   5.14   7.01   2.15   8.92   4.13  14.07
2018 238  8 40   -3.56   11.53  -12.91  -381.4    -5.2     9.1  21.12   39858. -150.0    0    0  0.0891   5.96   5.11   6.95   2.15   8.82   4.08  13.89
2018 238  8 45   -2.24   13.85  -11.46  -383.8   -12.3     2.4  19.51   45548. -149.0    0    0  0.0921   5.57   5.07   6.84   2.16   8.67   4.01  13.62
2018 238  8 50   -1.37   13.44  -11.65  -387.6    -4.6     5.3  21.57   51888. -149.0    0    0  0.0951   6.28   5.04   6.76   2.17   8.55   3.96  13.47
2018 238  8 55   -1.33   13.97  -11.31  -387.1    -9.2     0.3  20.92   52867. -150.0    0    0  0.0982   6.08   5.00   6.67   2.18   8.42   3.90  13.30
2018 238  9  0    0.33   15.41   -9.79  -390.1   -10.3    -1.6  19.85   53097. -147.0    0    0  0.1013   5.86   4.95   6.55   2.18   8.25   3.82  13.05
2018 238  9  5    1.65   15.93   -8.79  -392.0   -21.2    -2.8  18.80   59311. -146.0    0    0  0.1044   5.61   4.89   6.41   2.19   8.05   3.72  12.74
2018 238  9 10    2.81   17.51   -5.81  -388.9   -24.6     0.1  16.20   45440. -147.0    0    0  0.1076   4.76   4.80   6.20   2.19   7.77   3.55  12.26
2018 238  9 15    3.61   17.92   -5.20  -392.8   -20.0    -8.7  16.48   34499. -149.0    0    0  0.1108   4.94   4.70   5.99   2.18   7.49   3.39  11.80
2018 238  9 20    2.53   17.45   -7.21  -393.2   -17.8   -11.3  16.08   31280. -149.0    0    0  0.1140   4.83   4.63   5.83   2.18   7.27   3.29  11.43
2018 238  9 25    2.89   16.98   -3.00  -399.5   -10.1   -27.5  16.36   55383. -149.0    0    0  0.1173   5.08   4.52   5.59   2.18   6.97   3.10  10.95
2018 238  9 30    1.81   14.23  -10.47  -403.0   -14.9   -27.1  13.68   89382. -147.0    0    0  0.1206   4.33   4.48   5.50   2.19   6.86   3.08  10.66
2018 238  9 35    2.66   14.96   -8.86  -401.9   -21.7   -16.9  14.01  114367. -147.0    0    0  0.1239   4.40   4.42   5.38   2.19   6.71   3.03  10.37
2018 238  9 40    4.86   16.79   -2.30  -401.4   -13.2   -21.7  14.38  110898. -145.0    0    0  0.1273   4.51   4.31   5.15   2.19   6.43   2.85   9.88
2018 238  9 45    4.99   16.80   -1.03  -399.1   -12.6   -24.0  13.78   91785. -141.0    0    0  0.1307   4.27   4.18   4.90   2.18   6.13   2.64   9.34
2018 238  9 50    5.17   16.52    0.26  -400.4    -6.1   -30.7  14.25   89377. -135.0    0    0  0.1341   4.45   4.05   4.65   2.17   5.84   2.40   8.71
2018 238  9 55    5.70   16.01    1.57  -397.2   -12.4   -22.1  13.89   94881. -132.0    0    0  0.1375   4.26   3.92   4.40   2.17   5.57   2.18   8.12
2018 238 10  0    3.73   16.06   -4.75  -396.7   -22.5   -15.6  12.85   98066. -133.0    0    0  0.1410   3.94   3.85   4.26   2.17   5.37   2.12   7.83
2018 238 10  5    1.92   15.84   -6.26  -395.1   -20.1   -14.4  12.04  100905. -137.0    0    0  0.1444   3.65   3.79   4.16   2.17   5.22   2.09   7.58
2018 238 10 10    0.17   15.01   -8.18  -397.2   -16.2   -18.9  11.23  109574. -138.0    0    0  0.1479   3.45   3.74   4.08   2.17   5.12   2.10   7.37
2018 238 10 15   -0.72   15.35   -8.57  -397.3   -14.8   -18.2   8.95  132976. -139.0    0    0  0.1514   2.75   3.69   4.00   2.17   5.01   2.10   7.11
2018 238 10 20   -1.04   15.17   -8.70  -398.1   -15.7   -25.6   8.32  127626. -138.0    0    0  0.1549   2.57   3.64   3.91   2.17   4.91   2.09   6.84
2018 238 10 25    0.06   14.25   -7.08  -404.9    -8.3   -29.4   9.38  133956. -136.0    0    0  0.1585   3.00   3.59   3.82   2.17   4.79   2.07   6.61
2018 238 10 30   -2.27   12.12   -9.93  -401.0    -3.5   -27.6   8.84  176429. -131.0    0    0  0.1620   2.77   3.56   3.77   2.17   4.73   2.09   6.41
2018 238 10 35   -2.99   11.63  -10.71  -403.0   -12.0   -31.8   8.21  205483. -129.0    0    0  0.1655   2.60   3.53   3.72   2.18   4.68   2.11   6.22
2018 238 10 40   -4.58    9.39  -12.54  -408.6   -11.3   -45.1   8.04  236374. -128.0    0    0  0.1691   2.63   3.51   3.70   2.18   4.68   2.17   6.07
2018 238 10 45   -4.91    7.80  -13.74  -412.7    -0.3   -58.6   6.01  252837. -128.0    0    0  0.1727   2.02   3.50   3.67   2.19   4.69   2.21   5.86
2018 238 10 50   -4.86    8.93  -12.97  -416.0    -3.9   -61.2   5.92  267157. -128.0    0    0  0.1762   2.03   3.48   3.63   2.19   4.68   2.23   5.66
2018 238 10 55   -4.98    8.76  -13.18  -416.0    -4.8   -57.4   6.25  239150. -128.0    0    0  0.1798   2.14   3.46   3.60   2.20   4.68   2.27   5.49
2018 238 11  0   -5.96    9.53  -12.76  -417.1    -2.2   -60.7   5.70  234673. -126.0    0    0  0.1834   1.96   3.44   3.56   2.21   4.66   2.28   5.31
2018 238 11  5   -6.17    8.91  -13.26  -416.5    -0.1   -57.2   5.56  239746. -125.0    0    0  0.1870   1.90   3.43   3.52   2.21   4.65   2.30   5.13
2018 238 11 10   -6.33    8.20  -13.28  -416.2     1.2   -48.5   5.82  232769. -124.0    0    0  0.1905   1.98   3.41   3.49   2.22   4.65   2.32   4.98
2018 238 11 15   -6.30    9.40  -12.93  -417.8     0.1   -51.2   6.45  200269. -124.0    0    0  0.1941   2.21   3.40   3.47   2.22   4.65   2.35   4.86
2018 238 11 20   -6.42    9.92  -12.73  -417.4    -1.1   -59.0   6.75  189793. -122.0    0    0  0.1977   2.32   3.38   3.45   2.23   4.65   2.38   4.76
2018 238 11 25   -5.74    9.82  -12.83  -414.4    -4.5   -58.4   7.12  203169. -122.0    0    0  0.2012   2.42   3.37   3.43   2.24   4.65   2.40   4.68
2018 238 11 30   -5.06   11.04  -11.83  -411.2    -5.3   -47.3   7.77  202205. -123.0    0    0  0.2048   2.58   3.36   3.42   2.24   4.64   2.42   4.62
2018 238 11 35   -5.40   10.61  -12.66  -408.4    -8.5   -58.4   6.69  186125. -122.0    0    0  0.2083   2.21   3.34   3.40   2.25   4.63   2.43   4.52
2018 238 11 40   -5.28   11.05  -12.35  -404.8    -2.3   -47.9   6.57  193062. -122.0    0    0  0.2118   2.11   3.33   3.37   2.25   4.61   2.43   4.42
2018 238 11 45   -6.06   11.15  -11.86  -409.8     0.0   -36.0   7.09  178905. -116.0    0    0  0.2154   2.32   3.31   3.35   2.26   4.59   2.43   4.35
2018 238 11 50   -7.09    9.68  -12.70  -415.2     1.9   -32.4   7.12  193628. -114.0    0    0  0.2189   2.39   3.30   3.34   2.26   4.59   2.45   4.29
2018 238 11 55   -7.27   10.22  -12.42  -415.7     3.7   -32.9   7.00  180387. -117.0    0    0  0.2223   2.36   3.29   3.32   2.27   4.59   2.46   4.23
2018 238 12  0   -6.91   10.23  -12.62  -416.3     1.3   -30.6   6.97  176118. -117.0    0    0  0.2258   2.35   3.28   3.31   2.27   4.59   2.47   4.18
2018 238 12  5   -6.44    9.99  -13.26  -416.6    -4.4   -34.4   7.19  183492. -115.0    0    0  0.2292   2.43   3.27   3.31   2.28   4.60   2.50   4.15
2018 238 12 10   -6.81   10.93  -11.67  -413.7    -9.7   -38.4   8.12  175432. -113.0    0    0  0.2327   2.72   3.26   3.30   2.28   4.59   2.51   4.14
2018 238 12 15   -6.61   10.40  -12.30  -411.2   -20.3   -36.0   8.95  177393. -110.0    0    0  0.2361   2.96   3.26   3.31   2.29   4.61   2.53   4.17
2018 238 12 20   -5.96   11.54  -10.30  -409.1   -21.5   -23.1  10.49  165744. -109.0    0    0  0.2394   3.42   3.25   3.31   2.29   4.58   2.54   4.22
2018 238 12 25   -5.82   12.93   -9.46  -412.3   -22.3   -31.2  12.16  144208. -105.0    0    0  0.2428   4.04   3.24   3.30   2.30   4.55   2.55   4.33
2018 238 12 30   -6.57   11.32  -11.64  -410.0   -23.5   -26.8  11.79  129061. -103.0    0    0  0.2461   3.87   3.24   3.33   2.30   4.58   2.59   4.46
2018 238 12 35   -6.13   12.98   -9.81  -414.4   -21.8   -23.7  12.41  125236. -102.0    0    0  0.2494   4.15   3.23   3.34   2.31   4.56   2.60   4.58
2018 238 12 40   -6.06   13.39   -9.34  -413.7   -19.7   -24.5  12.50  126667. -102.0    0    0  0.2526   4.17   3.22   3.33   2.31   4.53   2.61   4.68
2018 238 12 45   -6.28   13.23   -9.30  -413.6   -20.3   -27.1  12.65  122437. -101.0    0    0  0.2559   4.22   3.21   3.33   2.32   4.50   2.61   4.78
2018 238 12 50   -5.25   15.39   -3.20  -411.5   -28.1   -16.9  12.58  114149.  -98.0    0    0  0.2590   4.15   3.14   3.22   2.31   4.33   2.49   4.69
2018 238 12 55   -5.28   15.63   -2.40  -409.4   -26.3   -12.1  13.60  117788.  -96.0    0    0  0.2622   4.44   3.07   3.10   2.31   4.16   2.36   4.58
2018 238 13  0   -6.09   13.57   -5.08  -412.1   -25.1   -13.0  14.15  119884.  -94.0    0    0  0.2653   4.68   3.02   3.05   2.31   4.05   2.31   4.61
2018 238 13  5    1.48    6.82   13.46  -418.7   -15.2   -38.8  13.70  114869.  -92.0    0    0  0.2684   4.70   2.93   2.89   2.30   3.86   2.09   4.30
2018 238 13 10    4.80    0.64   14.59  -422.0    -7.9   -39.3  12.47   88959.  -92.0    0    0  0.2714   4.34   2.84   2.73   2.29   3.67   1.90   4.01
2018 238 13 15   -3.74    8.12   -1.24  -416.8   -20.8   -64.9  18.58  186849.  -91.0    0    0  0.2744   6.42   2.76   2.62   2.29   3.52   1.80   3.98
2018 238 13 20   -6.62    9.48   -1.92  -422.0   -20.7   -67.6  20.27  229173.  -87.0    0    0  0.2773   7.19   2.70   2.54   2.28   3.38   1.74   4.06
2018 238 13 25   -6.53   10.54    1.89  -425.6   -16.7   -59.9  18.25  210587.  -80.0    0    0  0.2802   6.54   2.62   2.41   2.28   3.22   1.58   3.78
2018 238 13 30   -7.34   10.73    0.47  -433.0   -19.6   -57.1  17.40  181863.  -81.0    0    0  0.2831   6.44   2.53   2.28   2.27   3.07   1.43   3.52
2018 238 13 35   -7.33    9.10   -4.15  -426.3   -25.1   -55.0  19.97  218562.  -79.0    0    0  0.2859   7.17   2.51   2.27   2.27   3.00   1.48   3.81
2018 238 13 40   -7.04    9.45   -2.46  -426.7   -16.2   -51.3  19.07  229960.  -77.0    0    0  0.2886   6.83   2.46   2.21   2.27   2.90   1.47   3.93
2018 238 13 45   -6.10    9.20    1.93  -432.0    -5.6   -52.6  17.21  244872.  -75.0    0    0  0.2913   6.31   2.38   2.10   2.26   2.76   1.33   3.66
2018 238 13 50   -6.43    8.27    2.74  -434.1   -10.3   -53.5  16.93  213316.  -76.0    0    0  0.2940   6.28   2.31   1.99   2.25   2.63   1.21   3.41
2018 238 13 55  -10.15    3.39    4.80  -448.8     9.8   -43.1  14.58  382158.  -75.0    0    0  0.2966   5.74   2.24   1.88   2.25   2.51   1.10   3.18
2018 238 14  0   -9.56    3.72    5.87  -453.2    10.9   -55.4  14.96  415331.  -75.0    0    0  0.2991   6.04   2.17   1.78   2.24   2.39   1.00   2.96
2018 238 14  5  -10.92    6.76    5.90  -455.7    14.5   -47.2  13.60  313818.  -74.0    0    0  0.3016   5.53   2.10   1.69   2.24   2.28   0.91   2.76
2018 238 14 10   -7.82   13.15   -2.22  -443.8    30.4   -52.9  14.50  283671.  -73.0    0    0  0.3040   5.64   2.06   1.65   2.23   2.20   0.93   2.85
2018 238 14 15   -7.83   12.97   -3.37  -447.1    28.1   -51.2  13.61  231812.  -70.0    0    0  0.3064   5.36   2.03   1.64   2.23   2.15   0.99   2.98
2018 238 14 20   -6.87   13.35   -2.44  -448.9    26.4   -50.5  15.21  273452.  -69.0    0    0  0.3087   6.03   2.00   1.61   2.23   2.09   1.01   3.10
2018 238 14 25   -6.25   13.43   -3.01  -451.1    32.2   -50.1  15.30  267707.  -68.0    0    0  0.3109   6.14   1.97   1.60   2.22   2.04   1.06   3.25
2018 238 14 30   -6.24   12.34   -3.81  -451.1    32.2   -50.1  15.30  267707.  -69.0    0    0  0.3131   6.14   1.96   1.60   2.22   2.01   1.13   3.44
2018 238 14 35   -7.74   10.44   -4.74  -445.1     4.7   -58.3  14.56  346918.  -68.0    0    0  0.3152   5.68   1.95   1.62   2.22   2.01   1.21   3.62
2018 238 14 40   -7.31    8.03   -7.99  -445.1     5.3   -57.0  13.59  310747.  -66.0    0    0  0.3173   5.30   1.97   1.69   2.22   2.09   1.35   3.88
2018 238 14 45   -6.25    8.04  -10.21  -442.0    -3.6   -61.2  13.33  334740.  -68.0    0    0  0.3192   5.14   2.02   1.80   2.23   2.22   1.53   4.18
2018 238 14 50   -5.55    8.25   -8.71  -448.4    -2.6   -68.1  13.44  315116.  -71.0    0    0  0.3211   5.36   2.05   1.87   2.24   2.31   1.66   4.43
2018 238 14 55   -6.39   10.61   -5.63  -446.9    -4.3   -81.6  14.36  313012.  -71.0    0    0  0.3230   5.74   2.04   1.89   2.24   2.32   1.72   4.60
2018 238 15  0   -4.47    5.35  -12.32  -453.1    -5.5   -42.9  12.92  313243.  -70.0    0    0  0.3248   5.18   2.11   2.02   2.25   2.51   1.91   4.91
2018 238 15  5   -4.31    4.50  -12.69  -455.3     0.9   -29.8  11.97  314974.  -71.0    0    0  0.3265   4.83   2.17   2.14   2.26   2.71   2.08   5.15
2018 238 15 10   -4.03    2.65  -12.70  -457.9    12.2   -26.1  11.00  318636.  -74.0    0    0  0.3281   4.49   2.22   2.24   2.27   2.88   2.22   5.33
2018 238 15 15   -4.67    5.06  -12.03  -453.8    -6.9   -33.7  11.77  310072.  -79.0    0    0  0.3297   4.72   2.27   2.34   2.28   3.03   2.35   5.52
2018 238 15 20   -4.41    3.38  -12.49  -451.1    -8.8   -31.2  12.05  324460.  -81.0    0    0  0.3311   4.77   2.32   2.43   2.29   3.19   2.47   5.71
2018 238 15 25   -3.51    7.85  -10.78  -447.3   -10.8   -41.4  10.64  330233.  -83.0    0    0  0.3326   4.16   2.35   2.49   2.30   3.27   2.53   5.76
2018 238 15 30   -4.72   10.61  -10.75  -450.4    -1.9   -39.0   9.30  276862.  -86.0    0    0  0.3339   3.68   2.37   2.52   2.31   3.33   2.57   5.75
2018 238 15 35   -3.11   11.34   -9.30  -447.9    -2.2   -40.2  10.87  314526.  -89.0    0    0  0.3351   4.26   2.39   2.55   2.31   3.37   2.60   5.77
2018 238 15 40   -3.35   11.47   -9.55  -448.1    -1.4   -43.1  10.97  281149.  -88.0    0    0  0.3363   4.31   2.40   2.58   2.32   3.41   2.63   5.81
2018 238 15 45   -3.74   11.36   -9.44  -442.5     1.5   -54.9  11.12  307525.  -89.0    0    0  0.3374   4.28   2.42   2.61   2.32   3.44   2.65   5.84
2018 238 15 50   -4.35    9.93  -10.88  -442.1    -4.9   -34.2   9.93  261918.  -88.0    0    0  0.3385   3.78   2.44   2.65   2.33   3.51   2.68   5.84
2018 238 15 55   -3.53    8.81  -12.29  -439.3    -9.4   -37.2  10.68  304220.  -86.0    0    0  0.3394   4.02   2.48   2.71   2.34   3.61   2.74   5.90
2018 238 16  0   -2.58    4.96  -14.00  -444.9     1.0   -24.5  10.57  305886.  -84.0    0    0  0.3403   4.06   2.53   2.80   2.35   3.76   2.83   5.99
2018 238 16  5   -2.35    2.36  -14.26  -447.0    12.9   -12.1  11.20  305421.  -83.0    0    0  0.3411   4.34   2.58   2.89   2.36   3.93   2.92   6.12
2018 238 16 10   -2.27    9.15  -11.33  -446.9    -8.0   -42.0   9.61  273952.  -85.0    0    0  0.3418   3.75   2.60   2.92   2.37   3.98   2.94   6.10
2018 238 16 15   -3.05   10.26  -10.28  -441.2   -13.9   -55.6  10.16  325218.  -87.0    0    0  0.3424   3.90   2.62   2.93   2.38   4.00   2.94   6.08
2018 238 16 20   -2.05   12.27   -7.48  -443.7    -5.9   -67.3  10.86  278930.  -89.0    0    0  0.3430   4.24   2.61   2.91   2.38   3.96   2.89   6.04
2018 238 16 25   -0.91    7.36  -12.26  -447.8    -1.8   -36.3  10.78  332476.  -89.0    0    0  0.3434   4.21   2.64   2.96   2.39   4.05   2.94   6.11
2018 238 16 30   -2.11    9.49  -10.42  -449.7    -9.1   -45.2  11.01  274291.  -84.0    0    0  0.3438   4.36   2.66   2.99   2.39   4.08   2.96   6.15
2018 238 16 35   -2.26   10.38   -9.60  -447.7    -0.8   -46.8  10.44  229514.  -84.0    0    0  0.3441   4.10   2.67   2.99   2.40   4.09   2.95   6.14
2018 238 16 40   -2.10   10.84   -9.56  -457.5     0.5   -36.8  10.69  256208.  -88.0    0    0  0.3443   4.36   2.68   3.00   2.40   4.10   2.95   6.16
2018 238 16 45   -3.39   11.98   -8.41  -447.5    -3.7   -48.1  10.01  248080.  -88.0    0    0  0.3445   3.93   2.67   2.98   2.41   4.07   2.92   6.10
2018 238 16 50   -3.61   12.30   -6.76  -443.3     4.7   -49.5  10.04  238265.  -85.0    0    0  0.3445   3.87   2.65   2.94   2.41   3.99   2.85   6.00
2018 238 16 55   -1.89   13.73   -4.70  -454.7     5.7   -51.7   9.80  238013.  -83.0    0    0  0.3445   3.98   2.62   2.87   2.41   3.88   2.75   5.86
2018 238 17  0   -3.71   14.47   -1.33  -449.0    12.4   -82.2   9.56  218754.  -82.0    0    0  0.3444   3.86   2.55   2.74   2.40   3.71   2.56   5.59
2018 238 17  5   -3.95   12.32   -6.68  -445.0    13.2   -48.8  10.15  256614.  -82.0    0    0  0.3442   3.94   2.53   2.71   2.40   3.66   2.53   5.53
2018 238 17 10   -3.56   13.19   -4.90  -456.1     7.8   -50.4  10.78  231567.  -79.0    0    0  0.3440   4.40   2.50   2.66   2.40   3.57   2.47   5.46
2018 238 17 15   -4.23   14.07   -1.18  -455.8    13.7   -54.6  11.79  242516.  -77.0    0    0  0.3436   4.82   2.44   2.55   2.39   3.41   2.31   5.25
2018 238 17 20   -4.53   13.84    0.28  -452.4    12.8   -61.2  11.31  220153.  -75.0    0    0  0.3432   4.57   2.36   2.41   2.39   3.25   2.10   4.89
2018 238 17 25   -4.43   13.14    2.30  -453.0    21.0   -62.3  11.66  221067.  -74.0    0    0  0.3427   4.73   2.29   2.28   2.38   3.10   1.90   4.56
2018 238 17 30   -4.34   12.94    1.23  -454.2    18.4   -54.7  10.92  205451.  -72.0    0    0  0.3421   4.43   2.22   2.16   2.38   2.95   1.73   4.25
2018 238 17 35   -4.12   12.94    1.38  -452.2    19.0   -49.2  11.16  241962.  -70.0    0    0  0.3414   4.48   2.15   2.05   2.37   2.81   1.57   3.96
2018 238 17 40   -5.17   12.46    2.99  -447.8    23.1   -63.4  10.72  208407.  -70.0    0    0  0.3406   4.26   2.08   1.94   2.36   2.68   1.43   3.70
2018 238 17 45   -4.52   11.92    4.85  -445.7    29.6   -65.5  10.94  219402.  -67.0    0    0  0.3398   4.32   2.01   1.84   2.36   2.55   1.30   3.44
2018 238 17 50   -3.78   12.49    4.30  -445.3    28.5   -63.0  10.15  237635.  -65.0    0    0  0.3389   3.99   1.95   1.74   2.35   2.43   1.18   3.21
2018 238 17 55   -3.18   12.39    4.42  -446.3    30.0   -68.2   9.72  237312.  -66.0    0    0  0.3379   3.85   1.89   1.65   2.34   2.32   1.07   2.99
2018 238 18  0   -4.91   11.41    3.84  -444.2    30.7   -62.3  11.14  207864.  -65.0    0    0  0.3368   4.36   1.83   1.57   2.34   2.21   0.97   2.79
2018 238 18  5   -1.64   10.18    6.90  -452.2    31.2   -67.8  11.05  237655.  -62.0    0    0  0.3357   4.50   1.77   1.48   2.33   2.10   0.88   2.60
2018 238 18 10    0.75    7.94    9.46  -460.1    37.6   -76.9  12.04  251039.  -60.0    0    0  0.3344   5.11   1.72   1.40   2.33   2.00   0.80   2.42
2018 238 18 15    1.26    9.17    7.80  -458.2    29.5   -75.4  11.83  238724.  -58.0    0    0  0.3331   4.96   1.66   1.33   2.32   1.91   0.73   2.26
2018 238 18 20   -2.38    9.64    5.22  -458.0    29.8   -74.6  11.38  252934.  -58.0    0    0  0.3318   4.77   1.61   1.26   2.31   1.82   0.66   2.11
2018 238 18 25   -3.34    9.76    4.05  -461.3    26.3   -68.0  10.61  235420.  -59.0    0    0  0.3303   4.48   1.56   1.19   2.31   1.73   0.60   1.96
2018 238 18 30   -1.35    2.62    4.60  -462.0    26.5   -55.2  10.45  262275.  -60.0    0    0  0.3288   4.40   1.51   1.13   2.30   1.65   0.55   1.83
2018 238 18 35   -4.62    6.56    3.56  -464.1    29.3   -52.2  10.32  309507.  -59.0    0    0  0.3272   4.38   1.46   1.07   2.30   1.57   0.50   1.71
2018 238 18 40   -5.24    9.23    0.08  -470.8    15.6   -48.0   8.64  378019.  -57.0    0    0  0.3255   3.75   1.42   1.02   2.29   1.50   0.45   1.59
2018 238 18 45   -4.72    9.29   -2.22  -469.9     1.2   -44.0   9.32  425012.  -57.0    0    0  0.3238   4.02   1.40   1.00   2.28   1.46   0.51   1.66
2018 238 18 50   -4.81    8.23   -3.94  -470.6     1.0   -31.1   8.61  378715.  -59.0    0    0  0.3219   3.71   1.39   1.02   2.28   1.45   0.60   1.77
2018 238 18 55   -2.43    7.89   -6.03  -478.4     1.9   -22.0   8.16  330107.  -61.0    0    0  0.3201   3.63   1.40   1.06   2.28   1.48   0.74   1.92
2018 238 19  0   -3.43    1.61   -7.93  -478.6    27.5     5.0   7.47  298370.  -60.0    0    0  0.3181   3.33   1.43   1.12   2.29   1.55   0.89   2.07
2018 238 19  5   -0.73    1.35   -8.47  -502.2    28.9     8.9   6.92  274912.  -60.0    0    0  0.3161   3.39   1.46   1.17   2.29   1.64   1.05   2.22
2018 238 19 10    0.35    5.53   -7.51  -506.4   -27.3    -2.8   6.18  302524.  -60.0    0    0  0.3140   3.08   1.48   1.21   2.29   1.70   1.17   2.32
2018 238 19 15    0.54    4.29   -8.23  -516.8     3.8     5.9   6.13  308147.  -58.0    0    0  0.3118   3.17   1.51   1.26   2.30   1.77   1.30   2.43
2018 238 19 20    0.39    2.94   -8.78  -517.2    18.4     9.3   6.19  347363.  -59.0    0    0  0.3096   3.21   1.54   1.30   2.30   1.85   1.43   2.54
2018 238 19 25   -1.22    2.07   -8.94  -506.0    18.9    21.6   5.72  311170.  -62.0    0    0  0.3073   2.85   1.56   1.35   2.31   1.93   1.54   2.61
2018 238 19 30   -0.95    5.06   -7.28  -507.3    -2.6     1.4   5.78  308514.  -64.0    0    0  0.3050   2.88   1.57   1.37   2.31   1.96   1.61   2.66
2018 238 19 35   -1.69    1.15   -7.54  -511.9    16.1     5.8   5.59  287341.  -66.0    0    0  0.3026   2.84   1.59   1.39   2.31   1.99   1.67   2.70
2018 238 19 40   -1.51   -3.43   -5.50  -513.0    41.0    -7.2   6.04  258117.  -70.0    0    0  0.3001   3.10   1.59   1.39   2.31   1.99   1.70   2.72
2018 238 19 45   -1.07   -7.13   -2.06  -509.9    77.0   -12.6   6.49  234349.  -69.0    0    0  0.2976   3.34   1.56   1.35   2.31   1.92   1.63   2.67
2018 238 19 50   -3.65   -2.27   -4.59  -498.5    59.2    -6.9   6.12  252549.  -68.0    0    0  0.2950   2.99   1.55   1.34   2.31   1.89   1.63   2.67
2018 238 19 55   -1.54   -4.49   -4.21  -510.0    57.3    -6.5   6.47  321968.  -72.0    0    0  0.2924   3.30   1.54   1.33   2.30   1.87   1.63   2.69
2018 238 20  0   -0.34   -4.06   -4.30  -512.6    56.7     6.7   6.50  340507.  -75.0    0    0  0.2897   3.35   1.53   1.32   2.30   1.85   1.64   2.71
2018 238 20  5   -2.24   -0.66   -3.90  -514.6    23.7   -18.9   7.09  353739.  -75.0    0    0  0.2869   3.65   1.52   1.31   2.30   1.82   1.64   2.74
2018 238 20 10   -2.48    0.16   -4.37  -503.2    19.1    -2.4   7.03  383475.  -75.0    0    0  0.2841   3.45   1.52   1.31   2.30   1.80   1.64   2.76
2018 238 20 15   -3.23    0.97   -3.19  -503.1    23.8   -11.6   6.62  371677.  -75.0    0    0  0.2813   3.25   1.50   1.29   2.30   1.76   1.61   2.74
2018 238 20 20   -3.56    2.43   -3.41  -499.8    25.0    -3.6   6.41  355649.  -77.0    0    0  0.2784   3.11   1.48   1.27   2.29   1.72   1.59   2.72
2018 238 20 25   -3.08    4.47    0.14  -507.5    16.0   -22.6   5.97  327506.  -78.0    0    0  0.2755   2.99   1.44   1.20   2.29   1.64   1.44   2.53
2018 238 20 30   -2.81    6.59    0.97  -511.1     2.2   -29.2   5.76  282120.  -77.0    0    0  0.2725   2.92   1.39   1.14   2.28   1.56   1.31   2.36
2018 238 20 35   -3.43    5.48    0.34  -511.4   -10.4   -20.5   5.21  258033.  -77.0    0    0  0.2694   2.64   1.35   1.08   2.27   1.49   1.19   2.20
2018 238 20 40   -3.14    5.09    2.10  -508.6    -1.0   -29.8   5.20  256862.  -76.0    0   -1  0.2664   2.61   1.31   1.02   2.27   1.42   1.08   2.05
2018 238 20 45   -4.52    4.09    1.56  -505.9     8.5   -39.1   5.18  255691.  -76.0    0    0  0.2632   2.58   1.27   0.97   2.26   1.35   0.98   1.91
2018 238 20 50   -5.38    3.15   -0.06  -485.9    10.7   -18.0   5.61  239470.  -76.0    0    0  0.2601   2.57   1.23   0.92   2.26   1.29   0.90   1.80
2018 238 20 55   -5.60    2.23   -0.73  -489.7    12.3   -21.6   5.49  229694.  -77.0    0    0  0.2569   2.56   1.19   0.88   2.25   1.23   0.86   1.73
2018 238 21  0   -3.79   -0.55   -2.72  -490.0    10.0   -12.1   5.35  287811.  -78.0    0    0  0.2537   2.49   1.18   0.87   2.25   1.20   0.87   1.72
2018 238 21  5   -2.36   -2.01   -5.16  -504.0    12.0    -5.2   5.58  322994.  -77.0    0    0  0.2504   2.75   1.19   0.89   2.25   1.22   0.95   1.78
2018 238 21 10   -3.26   -3.31   -4.73  -499.1    42.2   -10.3   5.11  250818.  -76.0    0    0  0.2471   2.48   1.19   0.91   2.25   1.23   1.01   1.80
2018 238 21 15   -2.76   -3.52   -3.91  -499.3    41.3    -9.5   5.36  304201.  -75.0    0    0  0.2438   2.61   1.19   0.91   2.24   1.22   1.04   1.82
2018 238 21 20   -4.72   -2.03   -2.18  -494.6    32.0   -16.7   5.18  249340.  -75.0    0    0  0.2404   2.47   1.17   0.89   2.24   1.19   1.03   1.79
2018 238 21 25   -4.85   -0.68   -0.27  -497.5    29.7   -29.2   5.30  245711.  -75.0    0    0  0.2370   2.56   1.13   0.85   2.23   1.13   0.95   1.70
2018 238 21 30   -5.58    1.22    2.38  -512.7    28.7   -28.5   4.54  212244.  -76.0    0    0  0.2336   2.33   1.10   0.80   2.23   1.08   0.87   1.59
2018 238 21 35   -4.83    1.62    2.18  -501.7    25.8   -38.6   4.58  239188.  -74.0    0    0  0.2302   2.25   1.06   0.76   2.22   1.03   0.79   1.48
2018 238 21 40   -4.34    1.83    1.86  -500.4    20.2   -41.2   4.62  242922.  -73.0    0    0  0.2267   2.26   1.03   0.72   2.21   0.98   0.72   1.38
2018 238 21 45   -3.22    3.97    2.35  -508.9    14.4   -44.0   4.40  240430.  -73.0    0    0  0.2232   2.23   1.00   0.68   2.21   0.93   0.65   1.29
2018 238 21 50   -3.03    3.96    2.34  -509.9     8.9   -44.9   4.10  198986.  -73.0    0    0  0.2197   2.08   0.97   0.65   2.20   0.89   0.59   1.20
2018 238 21 55   -3.57    3.82    2.49  -517.0    15.1   -35.1   3.75  179182.  -73.0    0    0  0.2162   1.95   0.94   0.61   2.20   0.85   0.54   1.12
2018 238 22  0   -2.86    3.18    1.82  -509.3     7.2   -43.0   4.36  230027.  -74.0    0    0  0.2127   2.21   0.91   0.58   2.19   0.81   0.49   1.04
2018 238 22  5   -4.62    1.18    1.60  -506.1    23.5   -30.9   4.12  225840.  -71.0    0    0  0.2091   2.06   0.88   0.55   2.19   0.77   0.44   0.97
2018 238 22 10   -5.01    1.46    1.65  -514.9    25.1   -29.1   3.68  179573.  -70.0    0    0  0.2055   1.90   0.85   0.52   2.18   0.73   0.40   0.91
2018 238 22 15   -5.20    1.07    1.14  -518.2    21.3   -27.0   3.78  175513.  -71.0    0    0  0.2020   1.97   0.82   0.49   2.17   0.70   0.37   0.84
2018 238 22 20   -5.15    1.03    1.13  -521.2    26.1   -18.8   3.47  143511.  -70.0    0    0  0.1984   1.83   0.80   0.47   2.17   0.67   0.33   0.79
2018 238 22 25   -5.22    1.41    1.95  -540.5    17.1   -23.4   3.02  116535.  -69.0    0    0  0.1948   1.71   0.77   0.44   2.16   0.63   0.30   0.73
2018 238 22 30   -5.02    2.01    2.15  -543.8    16.9   -28.7   2.68   97127.  -70.0    0    0  0.1912   1.54   0.75   0.42   2.16   0.60   0.27   0.68
2018 238 22 35   -4.61    2.41    2.20  -542.9    18.4   -28.6   2.54   90969.  -71.0    0    0  0.1876   1.46   0.73   0.40   2.15   0.58   0.25   0.64
2018 238 22 40   -4.32    1.84    2.09  -523.3    10.8   -38.0   3.30  124993.  -70.0    0    0  0.1839   1.76   0.70   0.38   2.15   0.55   0.23   0.59
2018 238 22 45   -4.49    1.51    2.68  -530.8    16.6   -37.4   2.96  124249.  -71.0    0    0  0.1803   1.63   0.68   0.36   2.14   0.52   0.21   0.55
2018 238 22 50   -5.10    0.26    2.42  -534.8    21.9   -35.2   2.59   95241.  -71.0    0    0  0.1767   1.44   0.66   0.34   2.13   0.50   0.19   0.52
2018 238 22 55   -5.41   -0.53    2.19  -539.3    26.4   -32.4   2.43   83146.  -71.0    0    0  0.1731   1.38   0.64   0.32   2.13   0.47   0.17   0.48
2018 238 23  0   -5.26    0.11    2.11  -540.6    28.5   -24.0   2.35   90610.  -70.0    0    0  0.1695   1.34   0.62   0.30   2.12   0.45   0.15   0.45
2018 238 23  5   -5.12    0.84    1.79  -540.9    24.2   -29.4   2.52   89759.  -70.0    0    0  0.1659   1.44   0.60   0.29   2.12   0.43   0.14   0.42
2018 238 23 10   -4.64    2.80    1.90  -545.6     7.3   -30.5   2.51   90450.  -68.0    0    0  0.1623   1.45   0.58   0.27   2.11   0.41   0.13   0.39
2018 238 23 15   -5.21    1.89    1.16  -542.6    12.5   -26.5   2.56   88822.  -67.0    0    0  0.1587   1.46   0.56   0.26   2.11   0.39   0.12   0.36
2018 238 23 20   -4.89    2.61    1.78  -542.6     6.4   -31.6   2.62   93485.  -67.0    0    0  0.1551   1.50   0.54   0.24   2.10   0.37   0.11   0.34
2018 238 23 25   -4.78    1.96    2.20  -536.4    13.3   -29.5   2.47   79439.  -68.0    0    0  0.1515   1.38   0.53   0.23   2.09   0.35   0.10   0.32
2018 238 23 30   -4.37    1.41    2.71  -529.9    15.6   -37.9   2.83  103949.  -67.0    0    0  0.1480   1.55   0.51   0.22   2.09   0.34   0.09   0.29
2018 238 23 35   -4.80    1.34    2.14  -530.6    14.7   -33.1   2.78  100575.  -66.0    0    0  0.1444   1.52   0.49   0.21   2.08   0.32   0.08   0.27
2018 238 23 40   -4.18    1.92    2.85  -529.1    14.5   -40.8   2.80  105909.  -66.0    0    0  0.1409   1.53   0.48   0.20   2.08   0.31   0.07   0.26
2018 238 23 45   -4.11    1.52    3.12  -535.2    16.0   -44.4   2.89  124988.  -66.0    0    0  0.1374   1.62   0.46   0.19   2.07   0.29   0.07   0.24
2018 238 23 50   -4.68    0.44    2.83  -528.9    30.0   -39.9   2.70  103703.  -65.0    0    0  0.1339   1.48   0.45   0.18   2.07   0.28   0.06   0.22
2018 238 23 55   -4.44    2.24    2.32  -530.6     5.3   -36.6   2.81  112472.  -65.0    0    0  0.1304   1.54   0.43   0.17   2.06   0.26   0.05   0.21
2018 239  0  0   -4.78    1.58    2.06  -527.5    11.4   -31.3   2.75   98372.  -64.0    0    0  0.1270   1.49   0.42   0.16   2.06   0.25   0.05   0.19
2018 239  0  5   -4.70    2.00    1.88  -525.7     9.5   -29.7   2.76  103754.  -64.0    0    0  0.1236   1.48   0.41   0.15   2.05   0.24   0.04   0.18
2018 239  0 10   -4.83    2.22    1.41  -524.0    11.6   -28.5   2.53   80898.  -64.0    0    0  0.1202   1.35   0.40   0.14   2.05   0.23   0.04   0.17
2018 239  0 15   -4.86    1.80    1.77  -525.0    14.7   -28.6   2.60   93572.  -64.0    0    0  0.1168   1.39   0.38   0.13   2.04   0.22   0.04   0.16
2018 239  0 20   -5.13    1.36    1.29  -523.3    16.6   -25.4   2.53   85305.  -63.0    0    0  0.1135   1.35   0.37   0.13   2.03   0.21   0.03   0.15
2018 239  0 25   -5.18    1.11    1.21  -522.2    17.8   -25.4   2.57   83094.  -63.0    0    0  0.1101   1.36   0.36   0.12   2.03   0.20   0.03   0.14
2018 239  0 30   -4.88    1.30    2.01  -518.7    22.9   -26.1   2.45   79613.  -63.0    0    0  0.1069   1.28   0.35   0.11   2.02   0.19   0.03   0.13
2018 239  0 35   -4.30    1.80    2.71  -520.1    14.9   -39.2   2.46   91167.  -64.0    0    0  0.1036   1.30   0.34   0.11   2.02   0.18   0.02   0.12
2018 239  0 40   -4.08    1.87    3.13  -524.1     8.4   -46.8   2.52  101651.  -64.0    0    0  0.1004   1.35   0.33   0.10   2.01   0.17   0.02   0.11
2018 239  0 45   -3.61    1.86    3.42  -539.2    17.3   -49.0   2.72  112715.  -65.0    0    0  0.0972   1.55   0.32   0.10   2.01   0.16   0.02   0.10
2018 239  0 50   -4.31    2.31    2.02  -532.7     6.5   -36.9   2.73  112761.  -64.0    0    0  0.0941   1.51   0.31   0.09   2.00   0.16   0.02   0.10
2018 239  0 55   -4.13    3.42    0.37  -533.0     1.3   -22.0   2.92  126314.  -62.0    0    0  0.0910   1.61   0.30   0.09   2.00   0.15   0.02   0.09
