2022 294  4  0    3.09   -2.41   -0.03  -400.4    -8.2    21.8   8.16    26393  2.63    13    10  0  0
2022 294  4  5    3.04   -2.30   -0.10  -401.4    -6.4    22.5   8.11    27778  2.62    13    10  0  0
2022 294  4 10    2.72   -2.76    0.00  -401.7    -9.2    21.2   8.19    27856  2.65    17     9  0  0
2022 294  4 15    3.36   -2.49   -0.18  -402.9    -4.1    22.8   7.87    25843  2.56    20    10  0  0
2022 294  4 20    3.39   -2.60   -0.31  -402.6    -3.2    22.7   7.74    30027  2.52    22    10  0  0
2022 294  4 25    3.21   -3.19   -0.19  -399.3    -6.4    19.5   7.49    23328  2.39    27     9  0  0
2022 294  4 30    2.95   -3.68    0.04  -400.6    -7.5    19.1   7.03    21233  2.26    25    10  0  0
2022 294  4 35    2.71   -3.72    0.20  -398.1    -6.6    17.6   7.47    25530  2.37    24     9  0  0
2022 294  4 40    3.26   -2.10   -0.95  -392.7    -4.2    12.5   8.00    25788  2.47    25    10  0  0
2022 294  4 45    3.54   -1.99   -0.49  -391.4    -4.5    10.7   8.12    23915  2.49    29    10  0  0
2022 294  4 50    2.74   -2.73    0.08  -390.8    -3.9    10.5   8.09    28222  2.47    29    10  0  0
2022 294  4 55    3.10   -2.73   -0.28  -388.1    -7.1    10.7   7.34    26492  2.22    33    10  0  0
2022 294  5  0    4.02   -2.69   -0.77  -380.5    -7.9     9.2   7.18    19349  2.08    31     9  0  0
2022 294  5  5    4.43   -2.17   -1.39  -376.3    -4.6     6.0   6.75    19956  1.91    35     8  0  0
2022 294  5 10    4.57   -1.60   -1.70  -375.5    -0.4     5.2   6.77    19407  1.91    35     7  0  0
2022 294  5 15    3.91    1.60   -2.79  -372.5     8.6    -3.5   7.56    18225  2.10    39     7  0  0
2022 294  5 20    3.93    1.68   -2.79  -368.8     7.5    -2.9   7.55    17433  2.05    45     7  0  0
2022 294  5 25    3.91    1.21   -2.89  -368.9     5.2    -3.7   7.49    16931  2.04    43     9  0  0
2022 294  5 30    3.89    0.90   -3.16  -368.7     3.4    -5.0   7.60    17281  2.07    44     9  0  0
2022 294  5 35    3.81    0.93   -3.12  -368.9     7.6    -7.5   7.98    17663  2.17    49     9  0  0
2022 294  5 40    3.81    0.91   -3.26  -369.3     6.1    -7.0   7.76    19341  2.12    59     9  0  0
2022 294  5 45    3.48    1.16   -3.60  -372.7     9.3    -9.8   7.49    16828  2.08    71     9  0  0
2022 294  5 50    3.60    0.89   -3.37  -371.5    10.8   -11.1   7.70    16782  2.13    70     7  0  0
2022 294  5 55    3.50    0.47   -3.60  -372.0     9.2   -11.7   7.78    17031  2.16    72     6  0  0
2022 294  6  0    3.86   -0.09   -3.57  -371.4     6.0   -10.1   7.23    16616  2.00    80     5  0  0
2022 294  6  5    4.05   -0.44   -3.41  -370.6     5.5    -9.1   7.18    17379  1.98    80     5  0  0
2022 294  6 10    3.90   -0.96   -3.34  -371.0     2.4    -6.7   7.18    17747  1.98    67     4  0  0
2022 294  6 15    4.47   -1.41   -2.86  -369.7    -1.2    -3.5   6.64    16717  1.81    48     3  0  0
2022 294  6 20    4.36   -0.88   -3.01  -369.2     0.7    -4.4   6.74    17260  1.84    69     3  0  0
2022 294  6 25    3.37   -0.60   -3.46  -372.5    -2.0    -5.8   7.39    19499  2.05   149     3  0  0
2022 294  6 30    3.36   -0.76   -3.52  -372.3     0.5    -5.1   7.75    18910  2.15   160     4  0  0
2022 294  6 35    4.23   -2.08   -2.36  -368.6    -2.8     0.3   7.78    18914  2.11   173     4  0  0
2022 294  6 40    4.26   -2.46   -2.06  -367.5    -4.6     2.1   7.75    18419  2.09   180     4  0  0
2022 294  6 45    3.93   -1.30   -2.71  -368.0    -0.9    -3.0   8.35    20777  2.26   180     3  0  0
2022 294  6 50    3.76    0.28   -3.21  -369.5     3.2    -4.5   8.62    20003  2.35   185     3  0  0
2022 294  6 55    3.47    0.21   -3.43  -369.6     5.0    -6.2   8.67    20834  2.37   194     3  0  0
2022 294  7  0    3.26    0.59   -3.51  -373.0    11.2    -6.5   8.60    20240  2.39   181     3  0  0
2022 294  7  5    4.03   -0.43   -3.07  -368.3     6.8    -6.7   8.43    19025  2.29   194     4  0  0
2022 294  7 10    3.67   -0.83   -3.11  -366.4     3.6    -6.8   8.89    20004  2.39   206     4  0  0
2022 294  7 15    3.28   -1.39   -3.33  -369.3    -3.1    -6.9   9.44    19212  2.57   246     4  0  0
2022 294  7 20    2.90   -1.21   -3.60  -369.2     1.0   -12.0   9.66    19518  2.64   263     4  0  0
2022 294  7 25    2.32   -1.96   -3.70  -373.8    -4.3   -13.9   9.39    17278  2.63   282     3  0  0
2022 294  7 30    2.04   -2.83   -3.15  -376.3    -7.6   -12.8   9.16    17500  2.60   305     2  0  0
2022 294  7 35    2.24   -2.04   -3.63  -373.5   -11.5    -8.5  10.38    21936  2.90   281     2  0  0
2022 294  7 40    1.76   -0.64   -4.05  -375.3    -1.5   -16.3   9.39    16171  2.65   281     1  0  0
2022 294  7 45    1.03    0.31   -4.05  -379.2     3.7   -18.0   9.58    14770  2.76   255     1  0  0
2022 294  7 50    2.57   -1.19   -3.35  -371.7    -2.0   -14.4   9.66    18025  2.68   249     2  0  0
2022 294  7 55    3.33   -1.96   -2.81  -366.7    -5.1    -9.8   9.48    20633  2.55   262     1  0  0
2022 294  8  0    3.71   -1.63   -2.88  -363.7    -1.9    -9.9   9.61    21036  2.54   238     0  0  0
2022 294  8  5    3.24   -1.53   -3.36  -365.9    -2.4   -10.6   9.42    21676  2.52   224     0  0  0
2022 294  8 10    2.32   -1.83   -3.88  -371.7    -1.3   -11.8   9.22    20750  2.55   184     0  0  0
2022 294  8 15    1.98   -0.66   -3.39  -369.1     0.9   -12.6   9.76    18739  2.67   201    -1  0  0
2022 294  8 20    1.99   -0.38   -3.49  -372.5     4.6   -11.3  11.48    30874  3.19   192    -2  0  0
2022 294  8 25    1.58   -0.36   -3.38  -380.5     6.8   -15.9  12.43    18872  3.61   185    -2  0  0
2022 294  8 30    0.82   -0.11   -3.81  -381.6     5.2   -16.9  11.58    19418  3.38   168    -2  0  0
2022 294  8 35    2.00    0.28   -3.50  -374.3     1.0    -9.8  11.53    20874  3.24   162    -3  0  0
2022 294  8 40    2.71    0.33   -3.09  -369.4     9.0   -11.0  11.79    24776  3.22   169    -3  0  0
2022 294  8 45    2.53   -0.17   -3.30  -368.9     5.4   -13.2  12.05    24656  3.28   171    -4  0  0
2022 294  8 50    3.02    0.16   -2.64  -369.5    10.7   -11.6  11.37    20459  3.11   167    -5  0  0
2022 294  8 55    2.39    0.26   -3.35  -367.8     4.9   -16.7  11.93    20819  3.23   181    -6  0  0
2022 294  9  0    2.04    0.52   -3.08  -371.5     7.0   -15.6  12.34    22222  3.41   124    -7  0  0
2022 294  9  5    2.72    0.06   -2.33  -367.0     4.2   -10.2  12.22    25212  3.30   135    -7  0  0
2022 294  9 10    1.07    1.20   -2.97  -370.6     7.4   -12.3  12.86    26058  3.54   134    -8  0  0
2022 294  9 15    0.92    0.26   -4.48  -375.0     5.9   -18.0  11.85    23215  3.34    96    -7  0  0
2022 294  9 20   -0.09   -0.16   -3.92  -375.8     1.4   -16.9  12.03    22415  3.41    82    -7  0  0
2022 294  9 25   -0.11    0.22   -3.24  -379.6     1.4   -15.2  12.57    22806  3.63   108    -6  0  0
2022 294  9 30   -0.52    0.25   -3.29  -377.2     2.4   -18.6  15.84    31423  4.52    94    -7  0  0
2022 294  9 35    0.44    0.19   -3.60  -378.9     2.9   -19.9  12.43    20998  3.58    85    -6  0  0
2022 294  9 40    0.57   -0.25   -3.69  -379.7    -0.4   -18.2  12.16    25153  3.52    73    -6  0  0
2022 294  9 45    2.87   -0.08   -3.04  -367.0     2.0   -21.0  11.64    20639  3.15    63    -6  0  0
2022 294  9 50    2.26   -0.42   -3.38  -367.7    -1.4   -20.4  11.56    21655  3.14    53    -5  0  0
2022 294  9 55    3.33   -0.85   -3.06  -362.3    -3.9   -17.8  10.79    18870  2.84    45    -4  0  0
2022 294 10  0    4.34   -0.84   -1.65  -355.4    -3.7    -5.1  10.72    18456  2.71    52    -3  0  0
2022 294 10  5    4.31    0.38    0.02  -357.3     1.4     3.4  10.00    23814  2.56    45    -3  0  0
2022 294 10 10    4.19    0.63    0.39  -356.5     3.3     7.9   9.75    20004  2.48    49    -2  0  0
2022 294 10 15    5.08   -0.22   -1.59  -351.9    -0.8     3.4   8.78    16265  2.18    74    -2  0  0
2022 294 10 20    5.29    0.26   -1.70  -350.0     0.4     0.9   8.78    16506  2.15    86    -2  0  0
2022 294 10 25    5.30    0.64   -1.54  -350.8     5.5     4.0   9.33    18602  2.29    80    -3  0  0
2022 294 10 30    5.40    0.22   -1.61  -350.6     1.7     2.1   9.08    19124  2.23    81    -4  0  0
2022 294 10 35    5.46   -0.31   -1.53  -350.2    -1.0     2.9   8.65    18283  2.12    74    -5  0  0
2022 294 10 40    5.52   -1.59   -1.87  -350.8    -8.9     1.9   7.96    17073  1.96    76    -5  0  0
2022 294 10 45    5.83   -0.65   -1.65  -351.4    -7.1     3.6   8.07    17030  1.99    76    -6  0  0
2022 294 10 50    5.67   -1.24   -1.66  -351.5    -9.5     2.7   8.11    16856  2.01    77    -6  0  0
2022 294 10 55    5.75   -1.18   -1.53  -351.1   -14.0    -1.0   8.00    15412  1.97    90    -6  0  0
2022 294 11  0    5.65   -0.74   -1.27  -352.3   -13.0     0.8   8.21    18206  2.04    87    -6  0  0
2022 294 11  5    5.52    0.01   -0.64  -352.6    -5.9     6.9   9.16    21124  2.28    92    -6  0  0
2022 294 11 10    5.57    0.27   -1.33  -354.0    -5.7     3.6   8.91    21313  2.23    78    -5  0  0
2022 294 11 15    5.73    0.80   -1.01  -351.5     1.0     5.7   8.34    20579  2.06    86    -4  0  0
2022 294 11 20    5.66    0.85   -0.71  -353.2     1.6     4.6   8.74    22577  2.19    94    -1  0  0
2022 294 11 25    5.42    1.01   -0.78  -355.5    -0.4     7.0  10.71    27841  2.71    95     2  0  0
2022 294 11 30    2.11    1.64    3.75  -369.5     0.2    14.6  11.83    24607  3.24    79     3  0  0
2022 294 11 35    1.82    1.64    4.05  -370.4    -1.1    12.1  11.62    22146  3.19   103     1  0  0
2022 294 11 40    0.51    1.68    4.57  -373.8    -2.9    13.0  11.39    23013  3.19   105     1  0  0
2022 294 11 45    0.87    2.00    4.33  -374.5    -1.7    11.4  10.94    21423  3.07   101     0  0  0
2022 294 11 50    1.11    1.73    4.61  -375.6    -3.5    10.3  10.98    21902  3.10   117    -2  0  0
2022 294 11 55    0.61    1.50    4.50  -375.1    -3.1    10.8  11.63    24353  3.28   111    -3  0  0
2022 294 12  0    0.50    1.56    4.61  -375.5    -3.9    11.9  11.65    23046  3.29   101    -3  0  0
2022 294 12  5   -0.40    1.72    5.10  -374.7    -5.8     8.5  10.80    23168  3.04    92    -4  0  0
2022 294 12 10   -0.33    1.62    5.07  -374.5    -6.2     8.3  10.88    23846  3.06    76    -3  0  0
2022 294 12 15   -2.01    1.78    4.91  -370.2    -7.0     9.3  10.81    23055  2.96    91    -2  0  0
2022 294 12 20   -1.75    1.65    5.38  -375.4    -6.5     6.0  10.50    23354  2.96    89    -1  0  0
2022 294 12 25   -1.60    1.59    5.15  -373.1    -6.6     6.3  10.61    24461  2.96    80     1  0  0
2022 294 12 30   -1.20    1.74    5.09  -374.7    -6.3     8.1  10.80    22181  3.04    66     1  0  0
2022 294 12 35   -1.54    1.93    5.17  -372.3    -8.6     6.8  10.29    22039  2.85    63     1  0  0
2022 294 12 40   -1.48    1.73    5.11  -372.6    -7.3     7.4  11.07    23229  3.08    58     2  0  0
2022 294 12 45   -1.55    1.81    5.03  -372.5    -7.6     7.9  11.20    20798  3.11    71     2  0  0
2022 294 12 50   -1.79    2.19    5.22  -371.2    -8.5     6.5  10.44    21258  2.88    66     2  0  0
2022 294 12 55   -1.52    1.04    5.29  -373.8    -6.2     8.3  11.66    20448  3.26    42     2  0  0
2022 294 13  0   -1.68    1.37    5.45  -372.8    -7.1     6.9  11.35    18560  3.15    43     3  0  0
2022 294 13  5   -1.80    1.69    5.43  -370.7    -8.3     6.7  10.95    19145  3.01    42     3  0  0
2022 294 13 10   -1.69    1.49    5.53  -370.2    -6.8     5.7  11.17    21166  3.07    45     3  0  0
2022 294 13 15   -1.87    1.47    5.45  -372.2    -5.8     4.7  11.25    21203  3.12    45     3  0  0
2022 294 13 20   -1.54    1.46    5.44  -374.0    -5.0     6.5  11.60    20431  3.25    41     4  0  0
2022 294 13 25   -2.09    1.86    5.93  -374.2    -8.3     6.0  10.21    18578  2.86    42     4  0  0
2022 294 13 30   -2.24    1.99    6.12  -372.7    -7.4     5.2   9.32    17955  2.59    39     2  0  0
2022 294 13 35   -1.80    2.46    6.05  -373.8    -7.8     6.4   9.51    20702  2.66    41     2  0  0
2022 294 13 40   -2.01    2.33    6.02  -373.2    -8.4     5.6   9.80    19169  2.73    33     2  0  0
2022 294 13 45   -2.15    2.24    6.06  -370.6    -6.4     5.2  10.03    20283  2.76    31     3  0  0
2022 294 13 50   -2.27    2.18    6.06  -369.5    -6.2     5.6  10.02    20729  2.74    31     3  0  0
2022 294 13 55   -2.30    2.21    6.05  -369.6    -6.2     6.2  10.14    22586  2.78    33     4  0  0
2022 294 14  0   -2.38    2.33    6.05  -369.6    -6.3     6.9  10.27    24443  2.81    31     4  0  0
2022 294 14  5   -2.43    2.35    5.99  -369.0    -6.9     5.7   9.75    18975  2.66    29     4  0  0
2022 294 14 10   -2.52    2.49    6.11  -367.5    -5.8     4.9   9.81    19094  2.65    29     4  0  0
2022 294 14 15   -2.47    2.71    6.23  -364.9    -5.1     3.1   9.59    17055  2.56    29     5  0  0
2022 294 14 20   -2.38    2.65    6.20  -366.5    -5.8     2.7   9.98    19156  2.68    27     5  0  0
2022 294 14 25   -2.18    2.86    6.18  -364.9    -4.5     3.2   9.99    17080  2.66    27     5  0  0
2022 294 14 30   -2.17    2.94    6.01  -364.9    -5.4     2.8  10.32    18385  2.75    25     6  0  0
2022 294 14 35   -2.09    2.79    6.05  -363.9    -4.6     3.4  10.96    17053  2.91    25     6  0  0
2022 294 14 40   -2.38    2.78    5.82  -364.1    -5.7     4.5  11.24    16451  2.98    24     7  0  0
2022 294 14 45   -2.82    2.87    6.12  -360.8    -3.7     0.6   9.89    15676  2.58    23     7  0  0
2022 294 14 50   -2.75    3.02    6.30  -359.1    -4.3    -2.4   8.93    16710  2.31    25     7  0  0
2022 294 14 55   -3.17    2.47    6.24  -357.7     2.4     2.6   9.25    19123  2.37    24     6  0  0
2022 294 15  0   -2.76    3.19    6.57  -359.6     1.1     6.2   7.64    19145  1.97    31     6  0  0
2022 294 15  5   -0.66    4.82    6.39  -372.7    -7.8     6.4   7.72    23707  2.15    30     7  0  0
2022 294 15 10    0.10    4.77    6.32  -378.2    -6.3     6.5   7.82    21836  2.24    38     9  0  0
2022 294 15 15    0.43    4.76    6.22  -377.9    -7.2     9.0   8.15    21252  2.33    36    11  0  0
2022 294 15 20    0.96    4.87    5.96  -376.8    -2.0     8.7   9.08    23608  2.58    30    11  0  0
2022 294 15 25    1.71    4.70    5.82  -377.6    -0.8    10.3   9.33    22943  2.66    28    12  0  0
2022 294 15 30    2.39    4.68    5.57  -380.3    -0.1     9.3   9.21    25264  2.66    28    11  0  0
2022 294 15 35    3.72    4.18    4.67  -378.8     3.9    15.9  11.11    20498  3.19    35    12  0  0
2022 294 15 40    4.21    4.00    4.43  -373.7     4.6    16.4  12.10    19015  3.39    30    12  0  0
2022 294 15 45    3.65    3.89    4.85  -374.2     5.0    17.3  12.39    19886  3.47    30    12  0  0
2022 294 15 50    3.76    4.09    5.09  -377.6     3.1    16.7  11.03    20494  3.15    33    13  0  0
2022 294 15 55    4.47    3.66    4.78  -376.1     2.8    14.7  10.94    20878  3.10    29    12  0  0
2022 294 16  0    2.82    4.31    5.37  -375.9     3.6    14.4  10.21    20785  2.89    30    12  0  0
2022 294 16  5    1.25    4.68    5.75  -380.2    -1.4    11.7   9.80    22920  2.84    31    12  0  0
2022 294 16 10    1.46    5.07    5.61  -376.0    -4.9     9.8   8.85    21040  2.51    42    12  0  0
2022 294 16 15    1.67    5.13    5.57  -376.9    -6.4     6.1   8.01    20610  2.28    55    12  0  0
2022 294 16 20    1.32    4.92    5.91  -373.2    -5.9     4.1   8.04    24057  2.24    46    11  0  0
2022 294 16 25    0.88    4.81    5.71  -372.5    -5.9     3.5   7.91    24510  2.20    37    12  0  0
2022 294 16 30    0.29    4.68    5.09  -368.4    -6.5     8.6   8.71    23782  2.36    33    12  0  0
2022 294 16 35   -0.88    5.12    4.68  -367.3    -7.8     5.8   7.84    24028  2.12    32    12  0  0
2022 294 16 40   -0.56    5.07    4.68  -365.1    -5.0     7.3   8.89    26227  2.37    31    12  0  0
2022 294 16 45   -0.32    5.07    4.60  -366.2    -4.0     7.3   8.76    24638  2.35    33    12  0  0
2022 294 16 50   -1.37    5.02    4.01  -365.6    -5.1     8.8   9.55    25173  2.56    61    13  0  0
2022 294 16 55   -1.73    5.11    3.97  -365.0    -4.0     7.2   9.07    25006  2.42    83    12  0  0
2022 294 17  0   -1.62    5.23    3.67  -362.4    -5.4     7.9   9.84    26438  2.59    90    12  0  0
2022 294 17  5   -1.58    4.59    3.62  -363.3    -3.4     7.6  10.86    21484  2.87    75    12  0  0
2022 294 17 10   -1.50    4.42    3.38  -364.9    -3.8     4.3  13.28    21079  3.54    60    13  0  0
2022 294 17 15   -0.39    3.95    3.78  -364.1    -4.0     7.1  13.50    19037  3.58    49    15  0  0
2022 294 17 20   -0.55    4.33    3.23  -363.8    -3.2     7.3  14.44    19791  3.82    44    14  0  0
2022 294 17 25   -2.35    3.07    5.40  -364.6    -0.6     4.6  11.12    22587  2.96    35    16  0  0
2022 294 17 30   -1.21    3.89    5.48  -365.0     0.5     4.7   9.34    22996  2.49    36    14  0  0
2022 294 17 35   -0.54    3.76    5.84  -367.5     0.2     3.4   9.90    20786  2.68    48    11  0  0
2022 294 17 40   -0.13    4.85    5.45  -369.6    -3.5     3.0  10.11    20804  2.76    40    11  0  0
2022 294 17 45    1.07    6.24    4.45  -369.0    -4.4     6.0  10.05    20699  2.74    31    13  0  0
2022 294 17 50    1.25    5.47    4.68  -369.9    -1.6     7.4  11.65    19120  3.19    33    13  0  0
2022 294 17 55    1.48    5.78    4.47  -369.9    -2.3     6.0  12.07    21597  3.31    48    13  0  0
2022 294 18  0    2.44    6.61    2.61  -371.0    -3.5     8.5  11.32    19062  3.12    87    14  0  0
2022 294 18  5    3.43    6.28    1.36  -370.6    -3.7     8.7  10.75    19187  2.95    91    13  0  0
2022 294 18 10    3.77    5.79    0.93  -365.3     1.5     6.8  11.85    14064  3.16    84    13  0  0
2022 294 18 15    3.74    5.51    0.64  -360.9     1.5    -0.9  14.49    13298  3.77    40    15  0  0
2022 294 18 20    3.93    5.73    1.88  -364.4     0.5     5.1  12.79    12927  3.40    45    17  0  0
2022 294 18 25    1.69    7.08    4.42  -374.9    -7.3     7.7   8.07    29029  2.27    71    15  0  0
2022 294 18 30    1.28    7.10    4.55  -375.2   -12.6     3.6   6.12    30088  1.73    94     8  0  0
2022 294 18 35    1.52    7.02    4.45  -376.9   -12.1     1.8   5.79    47763  1.65    67     7  0  0
2022 294 18 40    1.50    7.04    4.33  -377.1    -8.9     3.9   6.87    28412  1.96    53     8  0  0
2022 294 18 45    1.46    6.91    4.22  -374.6    -9.3     6.1   8.16    21846  2.29    58     9  0  0
2022 294 18 50    1.07    6.73    4.30  -372.7    -7.2     8.9   9.51    18312  2.65    41    10  0  0
2022 294 18 55    1.15    6.56    4.44  -372.6    -7.7     9.4   9.38    18484  2.60    31    10  0  0
2022 294 19  0    1.26    6.45    4.52  -373.4    -9.4     9.0   9.10    18528  2.54    36    10  0  0
2022 294 19  5    0.98    6.40    4.59  -372.6    -7.5     7.4   9.03    15022  2.51    46    10  0  0
2022 294 19 10    1.42    6.77    4.34  -372.4    -5.4     9.4  10.17    15494  2.82    46    10  0  0
2022 294 19 15    1.45    6.77    4.50  -372.2    -5.9     9.6  10.16    14183  2.82    28    11  0  0
2022 294 19 20    1.69    6.54    4.54  -371.9    -6.2     9.2  11.46    13102  3.17    35    11  0  0
2022 294 19 25    1.65    6.72    4.48  -370.9    -6.1     8.9  10.99    14726  3.03    49    12  0  0
2022 294 19 30    2.18    6.74    4.44  -371.0    -6.9     8.9  11.03    12358  3.04    38    12  0  0
2022 294 19 35    3.06    6.45    4.17  -371.3    -3.8     9.8  10.82    13791  2.99    35    11  0  0
2022 294 19 40    2.64    6.64    4.22  -368.0    -3.3    11.1  12.06    12765  3.27    39    11  0  0
2022 294 19 45    3.05    6.68    4.09  -366.9    -4.9    10.3  11.92    11396  3.21    31    11  0  0
2022 294 19 50    2.89    6.70    4.18  -366.4    -5.7     9.9  12.14    13934  3.26    35    11  0  0
2022 294 19 55    3.14    6.42    4.23  -367.4    -9.1     9.2  11.28    11792  3.05    28    12  0  0
2022 294 20  0    3.17    6.22    3.90  -367.0    -7.4    10.9  12.82    12940  3.46    29    12  0  0
2022 294 20  5    3.25    6.06    3.72  -365.5    -7.7    13.0  13.62    13184  3.65    32    14  0  0
2022 294 20 10    3.45    6.08    3.57  -366.2    -6.3    12.6  13.69    12807  3.67    20    14  0  0
2022 294 20 15    3.45    5.73    3.38  -364.6    -4.2    15.0  15.35    12457  4.09    24    15  0  0
2022 294 20 20    3.70    5.58    3.03  -364.7    -3.5    15.2  15.83    13434  4.21    22    15  0  0
2022 294 20 25    3.24    5.93    2.98  -362.5    -3.2    16.4  16.44    13693  4.33    26    16  0  0
2022 294 20 30    2.50    6.31    3.40  -365.3    -5.1    14.4  15.84    11955  4.23    30    16  0  0
2022 294 20 35    2.13    6.51    3.50  -363.7    -6.7    14.6  15.73    12217  4.17    28    17  0  0
2022 294 20 40    2.58    6.03    3.33  -362.0    -4.9    16.3  17.06    14367  4.48    35    19  0  0
2022 294 20 45    2.85    5.99    3.31  -360.6    -2.5    17.6  17.31    13324  4.51    41    19  0  0
2022 294 20 50    3.10    6.24    2.91  -358.8    -3.8    16.4  15.91    12784  4.11    42    19  0  0
2022 294 20 55    2.73    6.49    2.30  -360.3    -0.3    13.1  17.38    13644  4.52    38    19  0  0
2022 294 21  0    1.78    6.74    2.75  -364.0    -6.7     9.9  17.24    11555  4.57    42    19  0  0
2022 294 21  5    2.04    6.74    2.44  -362.8    -6.7     7.9  19.29    12268  5.08    45    20  0  0
2022 294 21 10    1.53    6.51    3.20  -363.5    -6.8    11.8  18.68    14706  4.95    52    20  0  0
2022 294 21 15    0.90    5.80    4.01  -364.7    -6.6    12.3  15.92    14582  4.25    56    21  0  0
2022 294 21 20   -1.10    4.47    5.62  -361.5    -3.5    11.6  12.51    20387  3.27    55    19  0  0
2022 294 21 25   -0.23    4.89    5.30  -361.4    -1.3    10.0  13.51    24792  3.53    57    15  0  0
2022 294 21 30    0.58    6.09    4.36  -362.2    -2.6    11.5  13.58    20818  3.57    41    15  0  0
2022 294 21 35    1.44    6.87    3.19  -363.0    -1.7    17.8  16.73    16119  4.42    37    16  0  0
2022 294 21 40    2.07    6.99    2.37  -361.7    -0.0    15.6  18.01    20166  4.72    38    19  0  0
2022 294 21 45    1.78    7.05    2.78  -362.0    -3.0    13.7  15.24    19496  4.00    40    20  0  0
2022 294 21 50    2.28    7.25    1.99  -362.4     1.2    17.7  15.30    19250  4.03    38    19  0  0
2022 294 21 55    1.60    7.84    3.25  -360.9     1.0    15.4  13.45    20765  3.51    48    18  0  0
2022 294 22  0    2.33    7.84    2.77  -360.7     1.2    15.5  13.39    20054  3.49    50    16  0  0
2022 294 22  5    2.45    7.75    2.66  -361.2     1.9    17.2  14.20    20814  3.71    47    17  0  0
2022 294 22 10    1.95    7.99    2.39  -358.6     0.5    17.6  13.14    22098  3.39    61    17  0  0
2022 294 22 15    2.31    7.88    2.23  -360.0     0.1    19.1  13.12    20345  3.41    50    17  0  0
2022 294 22 20    2.62    7.83    2.18  -360.2     1.2    19.2  13.23    20565  3.44    53    17  0  0
2022 294 22 25    2.77    7.45    1.94  -360.5     1.5    18.4  15.05    23171  3.92    66    17  0  0
2022 294 22 30    2.82    7.51    2.16  -359.3     1.0    17.6  14.41    20100  3.73   106    17  0  0
2022 294 22 35    2.38    7.39    2.38  -357.8     1.3    17.7  14.60    20187  3.75   112    18  0  0
2022 294 22 40    1.82    7.08    2.84  -358.0     1.0    18.3  15.25    23730  3.92    99    17  0  0
2022 294 22 45    1.74    6.54    2.43  -357.6     2.5    19.0  16.82    23119  4.31    94    17  0  0
2022 294 22 50    1.70    6.01    2.24  -356.5     4.7    16.2  17.63    24650  4.49    96    18  0  0
2022 294 22 55    1.99    6.76    1.71  -356.6     4.1    15.5  17.24    23435  4.39    96    18  0  0
2022 294 23  0    2.28    7.54    1.87  -357.0     2.0    19.7  14.10    22367  3.60   113    18  0  0
2022 294 23  5    2.12    7.50    2.12  -357.5     2.5    20.6  13.81    21785  3.54    81    14  0  0
2022 294 23 10    1.93    7.55    2.21  -357.6     2.7    19.9  14.16    22359  3.63    71    14  0  0
2022 294 23 15    1.84    7.73    1.93  -358.4     2.1    20.5  14.23    23544  3.67    73    15  0  0
2022 294 23 20    1.82    7.77    1.46  -358.2     1.8    19.5  14.34    22428  3.69    68    15  0  0
2022 294 23 25    1.70    7.88    1.79  -357.6     3.1    19.6  13.94    22327  3.58    68    15  0  0
2022 294 23 30    1.68    7.82    1.86  -357.3     3.7    20.8  14.45    23742  3.70    78    15  0  0
2022 294 23 35    1.83    7.25    1.98  -358.0     4.2    20.9  15.59    24497  4.01    76    15  0  0
2022 294 23 40    1.64    7.50    1.93  -357.9     3.6    20.7  16.05    25130  4.12    96    16  0  0
2022 294 23 45    1.79    7.20    1.87  -357.9     3.3    22.2  16.90    28045  4.35    98    15  0  0
2022 294 23 50    1.66    7.42    2.05  -357.5     3.3    22.9  16.41    25302  4.22    99    15  0  0
2022 294 23 55    1.49    7.91    2.34  -357.6     2.6    24.7  15.12    24758  3.89   146    15  0  0
2022 295  0  0    1.73    7.85    2.52  -358.0     2.2    25.4  15.49    26285  3.99   133    14  0  0
2022 295  0  5    1.73    7.68    2.65  -358.1     1.0    25.6  15.82    25622  4.08   114    14  0  0
2022 295  0 10    1.43    7.91    2.91  -357.7    -0.7    26.4  15.18    24798  3.91   106    14  0  0
2022 295  0 15    1.46    7.87    2.76  -358.6    -1.7    28.6  15.35    25967  3.97    97    14  0  0
2022 295  0 20    1.82    7.77    2.85  -358.7    -1.3    30.9  15.28    26036  3.96    72    14  0  0
2022 295  0 25    1.80    7.55    3.26  -357.5    -2.2    30.9  15.33    27048  3.95    68    14  0  0
2022 295  0 30    1.73    8.05    2.70  -357.2    -2.9    32.3  15.00    27699  3.86    62    14  0  0
2022 295  0 35    1.32    8.26    3.95  -361.8   -13.1    34.2  11.45    22070  3.03    62    13  0  0
2022 295  0 40    1.16    7.69    5.09  -360.9   -14.9    27.6  10.70    25296  2.81    68    11  0  0
2022 295  0 45    1.27    8.76    4.06  -358.3   -11.9    22.8   8.89    21533  2.29    47     9  0  0
2022 295  0 50    0.17    7.48    6.08  -361.6   -22.7    22.8   8.72    23382  2.29    41     8  0  0
2022 295  0 55   -0.11    7.08    6.55  -355.8   -17.4    10.5   9.48    19309  2.41    31     9  0  0
2022 295  1  0   -0.58    5.89    7.80  -353.8   -10.1     5.4   8.55    22048  2.14    33    10  0  0
2022 295  1  5   -0.86    4.93    8.50  -353.5    -8.6     4.9   9.22    22657  2.31    29    10  0  0
2022 295  1 10   -1.01    4.60    8.27  -351.9    -8.0     3.6   9.61    23038  2.38    25    10  0  0
2022 295  1 15   -2.40    2.81    8.34  -344.5     3.7     2.9  11.42    27904  2.72    30    10  0  0
2022 295  1 20   -4.46    1.64    8.28  -334.1    13.4     6.3  11.78    27294  2.63    35    12  0  0
2022 295  1 25   -4.36    1.87    8.39  -348.2     6.2     4.8  11.80    27063  2.86    32    13  0  0
2022 295  1 30   -3.31    3.28    8.36  -347.8     0.3     9.0  11.74    28726  2.84    33    13  0  0
2022 295  1 35   -3.74    3.59    8.09  -345.8     2.5     9.7  12.04    26392  2.88    33    14  0  0
2022 295  1 40   -3.57    3.23    8.53  -345.2     1.4     7.0  12.03    28306  2.87    34    14  0  0
2022 295  1 45   -3.51    4.29    8.18  -345.8     1.9     6.5  12.28    27141  2.94    28    15  0  0
2022 295  1 50   -2.97    4.59    8.63  -347.6    -0.0     5.1  11.85    27515  2.87    27    15  0  0
2022 295  1 55   -2.31    6.35    7.78  -350.2    -4.0     7.6  12.04    27516  2.96    24    16  0  0
2022 295  2  0   -2.09    7.01    7.09  -348.4    -3.7     9.0  12.01    26439  2.92    23    16  0  0
2022 295  2  5   -1.10    7.33    6.22  -348.8    -0.9     4.4  12.00    27783  2.92    19    17  0  0
2022 295  2 10    2.20    9.50    2.28  -349.3    -4.9     7.4  11.85    27182  2.89    18    17  0  0
2022 295  2 15    1.45    9.41    2.90  -348.6    -4.8     4.4  12.51    28438  3.05    14    17  0  0
2022 295  2 20    1.62    9.24    3.21  -348.1    -5.9    10.0  12.95    30252  3.14    18    17  0  0
2022 295  2 25    2.71    8.51    4.34  -352.4    -4.4     7.4  12.91    28962  3.21    15    17  0  0
2022 295  2 30    2.39    8.97    2.34  -352.0    -6.4    20.2  12.43    27655  3.09    19    18  0  0
2022 295  2 35    2.14    9.23    2.24  -352.3    -6.6    14.8  12.12    29364  3.01    29    18  0  0
2022 295  2 40    2.61    8.43    4.36  -352.9    -5.4     8.4  12.70    31461  3.17    24    18  0  0
2022 295  2 45    1.67    7.13    6.46  -351.7    -4.4     7.6  11.05    25535  2.74    24    17  0  0
2022 295  2 50    1.36    6.68    6.95  -351.6    -1.7     8.8  12.54    27548  3.10    33    16  0  0
2022 295  2 55    1.24    7.46    6.23  -350.8    -5.9    10.2  12.14    25664  2.99    43    15  0  0
2022 295  3  0    1.44    8.07    5.35  -352.1   -10.1    13.7  11.41    23163  2.83    37    15  0  0
2022 295  3  5    1.29    8.32    5.49  -351.1   -10.5    11.0  11.14    23507  2.75    23    14  0  0
2022 295  3 10    0.66    8.51    5.28  -350.5   -11.8    12.5  11.67    26190  2.87    17    13  0  0
2022 295  3 15    0.01    8.79    4.71  -348.8   -11.4    13.6  11.49    25555  2.80    23    13  0  0
2022 295  3 20   -0.22    9.40    2.86  -348.8   -11.3    13.3  11.75    27534  2.87    21    13  0  0
2022 295  3 25    0.32    9.42    2.69  -349.1   -12.0    14.9  10.82    27775  2.65    24    13  0  0
2022 295  3 30    0.71    8.52    4.67  -352.0   -10.1    10.0  10.75    24935  2.67    23    12  0  0
2022 295  3 35    0.16    8.98    4.07  -350.4   -13.9    11.4  10.82    25595  2.66    28    12  0  0
2022 295  3 40    0.52    8.47    3.86  -348.1   -15.6    18.5  10.86    28097  2.64    43    12  0  0
2022 295  3 45    1.69    7.95    5.12  -355.1    -9.7    10.5  11.11    26042  2.81    45    12  0  0
2022 295  3 50    1.28    8.59    4.67  -350.7   -12.6    12.1  10.54    24774  2.60    53    12  0  0
2022 295  3 55    1.45    8.90    4.33  -352.3   -13.5    12.8  10.24    24335  2.55    59    12  0  0
2022 295  4  0    2.04    9.40    3.40  -353.5   -14.8    13.9  10.08    23216  2.53    79    12  0  0
2022 295  4  5    1.25    8.00    4.32  -349.0    -6.1    11.1  11.50    26564  2.80   104    11  0  0
2022 295  4 10    0.49    6.50    5.32  -345.1     5.7    -0.7  14.21    38904  3.39   103    12  0  0
2022 295  4 15    1.50    8.15    4.06  -347.3    -0.0     2.4  13.44    34272  3.24   136    15  0  0
2022 295  4 20    2.16    8.43    3.65  -350.4    -3.6     1.9  12.83    33842  3.15   168    15  0  0
2022 295  4 25    2.62    8.21    3.96  -351.8    -2.9     0.9  12.91    33129  3.20   150    13  0  0
2022 295  4 30    2.14    8.38    3.96  -348.3    -4.1     1.6  13.05    33672  3.17   150    13  0  0
2022 295  4 35    1.81    8.47    4.09  -349.4    -3.4     1.8  13.00    32729  3.18   128    13  0  0
2022 295  4 40    1.31    8.47    4.11  -347.6    -5.0     3.4  12.72    33961  3.07   111    14  0  0
2022 295  4 45    1.79    7.99    3.49  -348.6     0.5     3.7  13.86    37520  3.37   103    14  0  0
2022 295  4 50    1.22    7.63    4.15  -345.3     3.1    -1.8  14.54    38187  3.47    84    14  0  0
2022 295  4 55    1.28    8.19    3.67  -346.7    -2.6     2.3  13.79    39772  3.31    78    15  0  0
2022 295  5  0    0.85    7.60    4.58  -342.4     3.2    -3.7  14.55    40215  3.41    76    14  0  0
2022 295  5  5    0.80    7.79    4.92  -342.7     3.1    -4.7  14.30    35445  3.36    67    14  0  0
2022 295  5 10    1.05    8.26    4.40  -345.5     1.8     1.1  14.95    36460  3.57    75    14  0  0
2022 295  5 15    1.34    8.43    4.53  -345.7    -1.0    -0.8  13.94    34994  3.33    66    14  0  0
2022 295  5 20    1.20    8.39    4.65  -345.0    -0.1    -1.9  13.77    36226  3.28    80    13  0  0
2022 295  5 25    1.03    8.71    3.95  -345.2    -1.5     0.9  14.07    35017  3.35    69    13  0  0
2022 295  5 30    0.21    9.03    3.43  -339.4    -2.3     4.9  14.09    43680  3.25    66    14  0  0
2022 295  5 35    0.65    8.71    4.16  -340.4    -3.4     0.8  13.89    36556  3.22    68    14  0  0
2022 295  5 40    0.85    8.84    3.85  -340.5    -1.6    -0.2  13.93    37722  3.23    64    14  0  0
2022 295  5 45    1.64    9.18    3.15  -351.4    -3.7     6.3  13.37    31147  3.30    70    15  0  0
2022 295  5 50    1.88    9.42    2.38  -349.0    -0.6     8.7  14.76    33800  3.60    62    15  0  0
2022 295  5 55    2.33    9.53    2.53  -354.7    -4.1     8.2  12.45    26814  3.13    55    16  0  0
2022 295  6  0    2.46    9.39    2.18  -357.1    -3.9    11.1  13.91    32119  3.56    87    15  0  0
2022 295  6  5    1.73    9.61    2.29  -354.6    -6.1    12.9  13.76    35360  3.47   102    16  0  0
2022 295  6 10    1.43    9.74    2.37  -351.3    -6.9    10.4  13.25    31684  3.27   105    16  0  0
2022 295  6 15    1.53    9.54    2.46  -357.1    -4.4    11.7  13.54    34012  3.46   123    17  0  0
2022 295  6 20    0.47    9.68    2.26  -350.2    -9.7    18.8  14.29    41590  3.52   130    17  0  0
2022 295  6 25    1.61    9.76    1.39  -354.4    -8.0    19.2  13.80    39495  3.48   144    16  0  0
2022 295  6 30    1.34    9.63    2.38  -353.2    -5.6    16.0  14.48    41928  3.63   144    16  0  0
2022 295  6 35    1.40    9.77    2.13  -351.7    -6.4    16.9  14.09    40230  3.50   135    16  0  0
2022 295  6 40    1.66    9.86    2.61  -354.4    -7.0    11.2  14.04    39472  3.53   143    16  0  0
2022 295  6 45    1.90    9.98    2.42  -356.5    -5.9    13.9  14.58    34682  3.71   130    15  0  0
2022 295  6 50    1.83   10.10    2.03  -357.2    -7.0    18.7  14.21    33026  3.64   117    15  0  0
2022 295  6 55    1.23   10.30    1.45  -353.6    -6.8    17.7  13.66    31764  3.43   128    15  0  0
2022 295  7  0    0.84   10.39    1.24  -350.3    -7.6    20.9  14.16    32579  3.49   141    14  0  0
2022 295  7  5    0.97   10.50    1.27  -349.4    -8.0    18.7  14.67    32558  3.60   145    13  0  0
2022 295  7 10    1.07   10.54    0.59  -349.0    -7.4    20.8  15.03    34406  3.68   148    13  0  0
2022 295  7 15    1.13   10.44   -0.47  -350.4    -7.7    24.4  15.18    33253  3.75   141    13  0  0
2022 295  7 20    1.64   10.53    0.32  -353.5    -8.1    23.7  14.43    34987  3.62   115    13  0  0
2022 295  7 25    1.61   10.64    0.05  -353.0   -10.2    23.7  14.43    37410  3.62   119    11  0  0
2022 295  7 30    1.25   10.75   -0.10  -351.6   -11.2    23.2  13.90    34639  3.45   118    10  0  0
2022 295  7 35    0.61   10.64   -0.49  -349.6    -9.5    25.2  14.48    36127  3.56   114    10  0  0
2022 295  7 40    0.37   10.57    1.39  -349.8    -7.2    10.8  14.64    32469  3.58   114     9  0  0
2022 295  7 45    1.61   10.96    1.06  -351.1    -7.4    20.7  14.91    27649  3.69   118     9  0  0
2022 295  7 50    0.95   11.61   -0.31  -351.4   -13.2    21.4  12.61    24183  3.13   147     9  0  0
2022 295  7 55    1.01   11.78   -0.35  -351.5   -14.6    22.2  12.61    24793  3.13   189     8  0  0
2022 295  8  0    0.24   11.80    0.19  -350.4   -13.6    19.8  11.99    22966  2.96   216     6  0  0
2022 295  8  5    0.74   11.83   -0.69  -351.1   -11.4    20.6  13.41    31050  3.32   334     5  0  0
2022 295  8 10    1.30   11.81   -2.25  -352.7   -10.1    23.4  14.16    36467  3.54   335     5  0  0
2022 295  8 15    1.12   11.71   -3.39  -354.1   -11.1    25.7  13.50    36511  3.41   381     5  0  0
2022 295  8 20    0.99   11.87   -2.35  -354.3   -11.2    25.6  13.71    35098  3.47   449     4  0  0
2022 295  8 25    1.07   12.26    0.27  -357.6   -13.4    15.3  14.37    42486  3.69   522     2  0  0
2022 295  8 30    0.69   12.32   -0.16  -356.8   -15.3    15.9  14.28    42596  3.65   643     0  0  0
2022 295  8 35    0.41   11.54   -0.10  -356.6   -12.2    15.7  15.47    49988  3.95   653    -2  0  0
2022 295  8 40    0.09    9.96    3.42  -357.8    -7.8     9.8  18.32    70232  4.70   601    -4  0  0
2022 295  8 45    0.34    9.63    3.93  -358.2    -8.6     4.0  18.10    66361  4.65   610    -4  0  0
2022 295  8 50    0.51    9.84    3.60  -360.1    -9.7     3.0  18.49    68177  4.80   581    -5  0  0
2022 295  8 55    0.49   10.00    3.85  -358.4   -11.4     2.5  18.43    71150  4.74   594    -8  0  0
2022 295  9  0   -0.18   10.67    2.05  -356.7   -12.1     5.1  18.36    72390  4.68   584   -10  0  0
2022 295  9  5   -0.73   10.93    0.01  -353.5   -12.7    10.9  18.53    72895  4.64   579   -11  0  0
2022 295  9 10   -0.91   10.71   -0.36  -353.2   -12.7    12.8  19.23    74781  4.81   595   -11  0  0
2022 295  9 15   -1.15   10.77   -1.28  -352.0   -12.2    13.0  18.69    72045  4.64   613   -12  0  0
2022 295  9 20   -0.58   10.14   -0.48  -353.2   -11.0    15.1  19.53    70982  4.89   588   -12  0  0
2022 295  9 25   -0.00    9.04    2.09  -356.1   -12.5     7.4  20.82    87276  5.29   608   -12  0  0
2022 295  9 30    0.56    9.52    0.76  -359.3   -11.9    11.9  20.50    86875  5.30   555   -11  0  0
2022 295  9 35   -0.13    9.45   -2.34  -357.7   -16.6    20.4  19.77    97936  5.09   567   -11  0  0
2022 295  9 40   -0.15    8.96   -3.74  -356.2   -15.3    26.2  19.71    96225  5.04   592   -14  0  0
2022 295  9 45   -0.64    8.39   -4.29  -355.6   -17.3    21.4  18.75    95076  4.77   561   -16  0  0
2022 295  9 50   -1.38    9.87   -1.69  -354.3   -22.4    19.3  19.04   103488  4.81   551   -18  0  0
2022 295  9 55   -2.21    9.79   -1.85  -353.4   -22.2    20.3  18.32    96929  4.61   594   -20  0  0
2022 295 10  0   -2.28    9.29   -3.24  -351.1   -18.0    21.7  19.66    94555  4.87   545   -20  0  0
2022 295 10  5   -1.08    8.82   -4.79  -352.1   -18.7    27.2  19.03    98271  4.76   498   -22  0  0
2022 295 10 10   -0.53    8.53   -5.17  -355.4   -21.4    23.7  18.97   101020  4.83   506   -22  0  0
2022 295 10 15   -1.08    7.60   -6.79  -354.4   -19.2    28.3  18.85    99667  4.78   470   -21  0  0
2022 295 10 20   -0.71    8.96   -5.05  -354.3   -19.2    28.3  18.82    97100  4.77   497   -21  0  0
2022 295 10 25   -1.05    9.23   -4.48  -355.8   -22.6    24.7  19.10   101087  4.88   493   -22  0  0
2022 295 10 30   -1.40    8.75   -5.58  -354.8   -20.4    28.8  18.39    92860  4.68   449   -23  0  0
2022 295 10 35   -2.46    9.65   -4.09  -353.3   -24.2    20.4  18.37    96923  4.63   460   -25  0  0
2022 295 10 40   -2.33    9.24   -4.98  -353.0   -24.0    24.4  17.80    93115  4.48   636   -25  0  0
2022 295 10 45   -2.09    9.57   -4.35  -355.4   -26.2    20.7  17.37    84576  4.43   826   -25  0  0
2022 295 10 50   -1.91   10.02   -3.59  -355.7   -25.5    22.3  18.30    91248  4.67   701   -24  0  0
2022 295 10 55   -2.78    9.34   -4.45  -352.8   -23.9    22.0  18.57    88581  4.67   783   -23  0  0
2022 295 11  0   -1.18    9.18   -5.61  -357.5   -22.5    27.3  18.58    95784  4.80   914   -22  0  0
2022 295 11  5   -1.96    9.34   -5.50  -355.1   -23.5    26.6  18.14    87925  4.62   870   -21  0  0
2022 295 11 10   -2.03    8.78   -6.35  -355.9   -23.1    29.8  18.36    91291  4.70   890   -23  0  0
2022 295 11 15   -1.91    8.76   -6.19  -354.6   -23.6    29.3  18.41    86996  4.68  1119   -24  0  0
2022 295 11 20   -1.41    8.91   -6.13  -354.9   -24.0    28.5  18.66    88575  4.75  1215   -24  0  0
2022 295 11 25   -1.18    8.93   -6.15  -354.7   -24.1    29.1  18.40    89062  4.68  1130   -25  0  0
2022 295 11 30   -1.24    8.85   -6.21  -354.4   -24.5    28.0  18.52    86724  4.70  1136   -25  0  0
2022 295 11 35   -1.35    8.81   -6.20  -354.1   -24.9    28.2  18.58    87686  4.72  1035   -27  0  0
2022 295 11 40   -1.60    8.67   -6.42  -354.7   -24.8    29.5  18.55    88027  4.72  1006   -30  0  0
2022 295 11 45   -2.37    8.20   -6.80  -353.0   -24.5    30.2  18.16    86228  4.58   953   -32  0  0
2022 295 11 50   -2.33    7.85   -7.16  -353.1   -24.3    30.6  18.10    85524  4.57  1055   -34  0  0
2022 295 11 55   -2.36    7.55   -7.34  -353.8   -23.2    31.1  18.32    86627  4.64   908   -37  0  0
2022 295 12  0   -2.43    7.17   -7.57  -353.5   -22.7    31.2  18.15    85709  4.59   845   -38  0  0
2022 295 12  5   -2.32    7.13   -7.74  -353.3   -24.6    30.3  18.02    85011  4.56   882   -40  0  0
2022 295 12 10   -2.44    6.35   -8.23  -353.3   -22.9    30.9  18.49    87887  4.67   934   -42  0  0
2022 295 12 15   -2.61    6.11   -8.68  -353.2   -23.0    29.3  18.27    80679  4.61   926   -43  0  0
2022 295 12 20   -2.51    6.82   -8.20  -353.9   -25.2    28.3  18.45    80328  4.68   859   -44  0  0
2022 295 12 25   -1.84    7.52   -7.59  -356.4   -28.0    26.2  18.70    82314  4.81   905   -45  0  0
2022 295 12 30   -2.11    6.61   -8.44  -355.5   -23.5    27.7  18.49    77690  4.72   751   -47  0  0
2022 295 12 35   -1.78    7.72   -7.02  -358.6   -27.2    19.2  19.43    73481  5.04   699   -49  0  0
2022 295 12 40   -1.91    6.00   -8.16  -357.4   -24.8    25.6  19.58    79443  5.05   722   -49  0  0
2022 295 12 45   -1.23    6.02   -8.38  -359.2   -21.6    30.3  19.55    78771  5.10   701   -50  0  0
2022 295 12 50   -1.27    6.50   -8.03  -358.6   -21.5    24.0  20.19    78123  5.23   842   -52  0  0
2022 295 12 55   -1.19    6.16   -8.17  -358.6   -21.6    27.2  20.98    90729  5.45   741   -53  0  0
2022 295 13  0   -1.79    6.71   -7.53  -356.3   -25.3    23.8  19.73    77117  5.05   910   -54  0  0
2022 295 13  5   -1.99    6.37   -7.48  -355.0   -24.7    25.7  19.43    79192  4.95  1065   -56  0  0
2022 295 13 10   -2.37    6.03   -7.44  -353.2   -22.2    27.1  20.04    92048  5.05   748   -57  0  0
2022 295 13 15   -1.98    6.41   -7.18  -352.9   -24.3    27.3  20.13    90202  5.07   788   -58  0  0
2022 295 13 20   -2.51    5.06   -9.52  -353.0   -21.5    29.3  18.69    72965  4.71   745   -59  0  0
2022 295 13 25   -2.48    4.34  -10.04  -353.4   -21.1    30.6  19.11    70700  4.83   911   -61  0  0
2022 295 13 30   -2.31    2.94  -11.17  -353.9   -22.9    30.6  18.39    61147  4.66   831   -62  0  0
2022 295 13 35   -2.54    1.41  -11.59  -353.4   -13.5    34.2  17.64    58589  4.45   747   -63  0  0
2022 295 13 40   -2.63   -0.48  -11.24  -355.7   -12.8    32.8  19.01    64254  4.86   700   -65  0  0
2022 295 13 45   -1.67   -0.77  -10.43  -359.0    -8.1    29.1  20.00    72614  5.19   668   -67  0  0
2022 295 13 50   -2.38    5.38   -5.93  -354.7    -9.7    32.9  21.96    95013  5.58   704   -67  0  0
2022 295 13 55   -2.67    8.57   -4.71  -353.9   -23.6    33.3  21.85    90552  5.55   763   -69  0  0
2022 295 14  0   -3.55    5.99   -7.76  -353.3   -24.0    33.4  22.00    86964  5.57   706   -70  0  0
2022 295 14  5   -4.15    5.10   -7.64  -353.4   -20.7    32.1  21.04    87104  5.32   741   -69  0  0
2022 295 14 10   -3.48    4.92   -8.44  -352.0   -25.8    32.0  20.96    80912  5.26   667   -70  0  0
2022 295 14 15   -3.73    4.96   -7.28  -353.9   -23.7    28.7  20.76    85391  5.26   600   -70  0  0
2022 295 14 20   -3.13    5.30   -6.96  -354.7   -29.4    20.9  22.40    86993  5.70   651   -70  0  0
2022 295 14 25   -2.63    1.84   -9.31  -357.5   -21.8    25.4  21.74    87146  5.61   740   -70  0  0
2022 295 14 30   -1.81   -0.49   -9.91  -356.9   -22.5    26.9  21.90    76993  5.64   628   -70  0  0
2022 295 14 35   -2.94    3.59   -8.83  -354.1   -22.3    26.3  22.60    80606  5.72   669   -69  0  0
2022 295 14 40   -3.39    5.30   -7.44  -355.3   -25.8    23.9  22.20    80424  5.66   689   -69  0  0
2022 295 14 45   -3.76    6.06   -6.70  -355.1   -26.2    18.6  23.15    84329  5.89   728   -66  0  0
2022 295 14 50   -3.62    2.24   -9.43  -355.4   -20.6    25.3  21.59    72756  5.50   709   -64  0  0
2022 295 14 55   -4.14    4.79   -8.59  -352.4   -27.8    20.9  21.34    67529  5.35   657   -63  0  0
2022 295 15  0   -4.53    5.53   -8.45  -354.1   -28.1    23.5  20.65    64407  5.24   563   -62  0  0
2022 295 15  5   -4.58    5.68   -8.39  -351.8   -31.5    22.0  20.07    63886  5.03   598   -62  0  0
2022 295 15 10   -4.22    7.06   -6.95  -354.5   -34.7    14.0  21.12    65660  5.37   572   -62  0  0
2022 295 15 15   -3.68    6.08   -7.86  -357.0   -32.0    16.4  21.43    63969  5.52   638   -62  0  0
2022 295 15 20   -3.51    5.38   -8.82  -356.3   -33.1    17.8  18.99    62985  4.88   801   -62  0  0
2022 295 15 25   -3.82    4.50   -9.21  -356.0   -34.1    17.8  17.57    61894  4.51   992   -63  0  0
2022 295 15 30   -3.42    4.69   -8.87  -356.7   -32.9    18.0  17.57    63136  4.53   904   -63  0  0
2022 295 15 35   -2.83    5.03   -8.72  -359.0   -39.8    17.1  19.15    64145  5.01  1024   -63  0  0
2022 295 15 40   -3.39    4.74   -8.63  -357.8   -38.3    16.2  19.95    67118  5.18  1062   -64  0  0
2022 295 15 45   -3.61    4.79   -8.63  -356.1   -38.9    17.0  19.67    63348  5.06  1247   -65  0  0
2022 295 15 50   -4.15    4.46   -8.62  -353.7   -38.1    18.0  19.38    62492  4.92   768   -66  0  0
2022 295 15 55   -4.04    4.20   -8.86  -353.1   -35.6    19.2  19.51    64511  4.93   613   -68  0  0
2022 295 16  0   -3.91    4.39   -8.92  -354.3   -38.3    16.9  19.73    62197  5.02   839   -69  0  0
2022 295 16  5   -4.21    3.64   -9.13  -353.6   -37.6    17.9  19.47    60128  4.94   813   -71  0  0
2022 295 16 10   -4.43    3.66   -9.12  -353.2   -36.9    18.4  19.38    64191  4.90   939   -74  0  0
2022 295 16 15   -4.47    3.25   -9.48  -354.0   -35.5    20.0  19.27    63969  4.89   829   -77  0  0
2022 295 16 20   -4.54    3.49   -9.24  -352.9   -36.2    20.3  19.10    64634  4.82   922   -79  0  0
2022 295 16 25   -5.39    2.21   -9.27  -349.9   -33.9    24.4  18.41    65430  4.57  1084   -80  0  0
2022 295 16 30   -5.83    1.84   -9.20  -348.1   -30.7    22.4  18.56    64782  4.55  1294   -83  0  0
2022 295 16 35   -5.62    2.61   -9.10  -349.0   -32.7    23.2  19.11    66178  4.72  1085   -85  0  0
2022 295 16 40   -5.46    3.66   -8.75  -351.9   -39.9    16.0  20.01    73058  5.03  1059   -84  0  0
2022 295 16 45   -4.95    3.32   -9.41  -352.5   -37.9    20.0  19.91    69007  5.02  1397   -82  0  0
2022 295 16 50   -4.84    1.53   -9.95  -353.3   -30.3    24.1  18.24    55268  4.61   638   -81  0  0
2022 295 16 55   -5.54    1.87   -9.59  -351.8   -32.6    20.0  20.36    53080  5.10   495   -82  0  0
2022 295 17  0   -6.04    2.28   -9.25  -349.8   -33.6    18.9  20.64    53383  5.11   483   -84  0  0
2022 295 17  5   -5.95    2.68   -8.94  -352.0   -32.0    20.4  21.49    53950  5.39   505   -85  0  0
2022 295 17 10   -6.73    3.09   -8.18  -351.5   -33.0    19.8  22.19    55403  5.55   727   -82  0  0
2022 295 17 15   -6.48    3.04   -8.35  -351.0   -33.6    19.9  23.41    54064  5.84   813   -79  0  0
2022 295 17 20   -6.46    2.82   -8.36  -351.2   -34.7    20.7  23.61    54758  5.90   817   -78  0  0
2022 295 17 25   -6.53    2.58   -8.31  -352.5   -33.5    23.4  23.59    55003  5.94  1164   -76  0  0
2022 295 17 30   -6.85    2.48   -8.12  -349.5   -33.5    22.8  22.71    53028  5.62  1408   -76  0  0
2022 295 17 35   -6.69    2.16   -8.46  -348.0   -33.8    21.8  22.56    51893  5.53  1432   -76  0  0
2022 295 17 40   -6.23    1.74   -8.80  -347.9   -31.9    19.7  22.89    53971  5.61  1421   -75  0  0
2022 295 17 45   -5.63    1.32   -9.00  -350.2   -35.5    21.2  23.27    56059  5.79  1449   -74  0  0
2022 295 17 50   -6.28    2.61   -8.24  -351.3   -38.3    19.9  22.73    50193  5.69  1231   -73  0  0
2022 295 17 55   -5.25    1.07   -8.79  -353.4   -40.4    15.0  26.05    47731  6.61  1068   -74  0  0
2022 295 18  0   -5.63    3.08   -8.23  -351.9   -43.5    17.1  23.21    42129  5.85  1014   -75  0  0
2022 295 18  5   -4.07   -0.34   -8.21  -350.7   -38.0    25.1  31.44    39113  7.86   910   -76  0  0
2022 295 18 10   -3.46   -1.54   -8.34  -350.3   -38.8    24.1  31.39    36656  7.83   908   -76  0  0
2022 295 18 15   -2.38   -6.32   -7.98  -350.4   -29.4    30.4  22.54    42577  5.62   799   -78  0  0
2022 295 18 20   -2.57   -6.94   -8.26  -352.7   -35.4    25.3  18.97    45873  4.79   686   -84  0  0
2022 295 18 25   -2.21   -8.17   -8.07  -350.6   -37.9    28.1  16.77    48931  4.20   817   -88  0  0
2022 295 18 30   -2.14   -8.58   -7.56  -349.9   -34.7    31.1  14.99    49261  3.74   865   -89  0  0
2022 295 18 35   -1.38   -7.80   -7.33  -349.4   -38.9    29.2  17.12    46326  4.26   892   -88  0  0
2022 295 18 40   -1.01   -7.53   -6.85  -349.2   -40.0    29.8  21.23    46267  5.28   979   -86  0  0
2022 295 18 45   -0.08   -8.29   -6.44  -347.3   -37.4    32.2  19.27    49976  4.74   719   -83  0  0
2022 295 18 50   -1.28   -7.78   -7.38  -351.9   -34.9    29.4  16.71    49995  4.21   755   -82  0  0
2022 295 18 55    0.94   -8.24   -6.32  -340.7   -28.5    39.2  16.88    52850  4.01   969   -84  0  0
2022 295 19  0    2.68   -8.24   -6.38  -332.9   -22.6    42.2  15.78    51069  3.57  1066   -86  0  0
2022 295 19  5    1.10   -8.11   -7.43  -329.8   -19.2    46.5  15.19    56720  3.38  1228   -85  0  0
2022 295 19 10   -1.04   -8.09   -8.05  -338.0   -23.1    39.6  11.80    52090  2.74   825   -83  0  0
2022 295 19 15    0.90   -7.81   -7.71  -335.0   -22.9    40.8  12.10    49268  2.77   665   -82  0  0
2022 295 19 20    1.98   -8.32   -6.56  -332.1   -23.6    43.4  12.43    52197  2.80   837   -81  0  0
2022 295 19 25    1.59   -8.23   -5.17  -332.2   -27.8    43.3  14.20    56141  3.21   605   -80  0  0
2022 295 19 30   -0.30   -7.12   -5.82  -336.7   -33.9    36.0  16.03    51305  3.71   630   -78  0  0
2022 295 19 35   -1.01   -6.81   -5.24  -338.2   -34.0    41.3  17.20    55046  4.03   505   -76  0  0
2022 295 19 40   -0.61   -7.68   -4.11  -336.9   -34.3    43.6  18.40    54360  4.29   453   -75  0  0
2022 295 19 45    1.48   -8.74   -2.77  -337.8   -25.1    50.3  15.24    65115  3.58   387   -73  0  0
2022 295 19 50    1.57   -8.18   -2.80  -338.9   -27.5    47.5  15.28    62932  3.60   433   -72  0  0
2022 295 19 55   -0.69   -8.01   -3.47  -339.5   -37.4    44.3  16.49    68665  3.91   409   -70  0  0
2022 295 20  0   -1.59   -7.25   -4.33  -341.9   -29.5    44.3  15.77    76179  3.78   327   -70  0  0
2022 295 20  5    1.67   -8.37   -2.66  -327.4    -9.5    66.7  12.92    94627  2.90   288   -69  0  0
2022 295 20 10    5.26   -7.58    0.55  -321.3    -4.9    69.9  12.24   112538  2.64   292   -67  0  0
2022 295 20 15    5.59   -7.56    0.61  -340.5    16.4    68.4   8.80   137682  2.13   459   -65  0  0
2022 295 20 20    6.53   -6.65    1.13  -351.0     1.7    52.2   8.31   152798  2.10   534   -65  0  0
2022 295 20 25    6.60   -6.99    0.39  -366.9    13.9    48.8   7.20   118848  1.97   494   -64  0  0
2022 295 20 30    5.81   -7.17   -1.39  -368.9    18.2    65.4   6.25   127341  1.75   505   -62  0  0
2022 295 20 35    7.15   -5.79    0.19  -363.9    13.7    56.8   7.94   146111  2.15   449   -58  0  0
2022 295 20 40    6.44   -6.27   -0.85  -360.4     1.9    58.0   8.47   119521  2.26   423   -56  0  0
2022 295 20 45    6.60   -6.18   -0.67  -361.1    13.1    53.3   7.86   123923  2.10   326   -54  0  0
2022 295 20 50    8.06   -5.24   -1.07  -347.0    -9.2    44.9   9.28   117629  2.27   277   -54  0  0
2022 295 20 55    5.03   -7.81    1.26  -347.1   -10.9    40.3   9.65   102630  2.36   251   -53  0 -1
2022 295 21  0    4.50   -8.86   -0.62  -347.2   -12.7    35.8  10.03    87630  2.45   236   -52  0  0
2022 295 21  5    4.18   -8.84   -0.94  -349.3   -11.4    37.1  10.23   101804  2.53   266   -52  0  0
2022 295 21 10    3.83   -8.26   -1.07  -350.8   -15.9    42.5  11.41   106966  2.86   229   -52  0  0
2022 295 21 15    4.66   -6.11    0.25  -346.5     5.4    51.4   8.80   131379  2.16   204   -53  0  0
2022 295 21 20    4.99   -5.53    0.48  -395.4    39.5    39.6   6.22   148696  1.97   212   -55  0  0
2022 295 21 25    7.93   -7.36    1.41  -403.6    49.6    44.2   5.72    96537  1.91   187   -56  0  0
2022 295 21 30    8.31   -6.86    1.65  -404.9    54.5    47.0   5.62    90814  1.90   161   -57  0  0
2022 295 21 35    8.13   -7.02    1.58  -404.7    57.1    51.7   5.53    91706  1.88   153   -57  0  0
2022 295 21 40    8.05   -7.08    1.52  -402.2    60.0    52.4   5.74    97479  1.93   149   -57  0  0
2022 295 21 45    7.93   -6.89    1.52  -400.0    56.8    49.6   5.78   102462  1.92   139   -57  0  0
2022 295 21 50    6.15   -7.53   -1.53  -396.4    55.7    47.5   6.11   164571  1.99   127   -56  0  0
2022 295 21 55    5.33   -6.72   -2.26  -400.4    52.1    39.0   5.91   133205  1.94   130   -56  0  0
2022 295 22  0    3.00   -7.01   -5.68  -376.9    34.7    57.0   7.42   145843  2.17   101   -54  0  0
2022 295 22  5    5.80   -7.99   -1.17  -383.6    38.8    53.1   6.74   130490  2.04   123   -55  0  0
2022 295 22 10    5.00   -8.23   -1.78  -384.8    46.7    50.7   6.81   125475  2.08   113   -54  0  0
2022 295 22 15    3.62   -8.60   -2.61  -389.1    32.2    44.5   6.92   129814  2.14   129   -53  0  0
2022 295 22 20    2.61   -8.42   -4.35  -383.3    32.6    45.8   6.38   130290  1.91   141   -53  0  0
2022 295 22 25    1.80   -8.20   -5.46  -383.8    36.8    46.2   5.94   124228  1.79    96   -53  0  0
2022 295 22 30    1.66   -8.49   -4.67  -383.6    30.4    44.8   6.62   124794  1.99    96   -54  0  0
2022 295 22 35    0.57   -8.63   -4.73  -387.6    35.0    43.0   6.55   117657  2.01   100   -54  0  0
2022 295 22 40    2.32   -8.78   -3.97  -381.3    34.6    43.9   6.62   131196  1.97   101   -53  0  0
2022 295 22 45    2.45   -9.14   -3.40  -378.2    38.9    48.3   6.49   124256  1.91    99   -53  0  0
2022 295 22 50    1.85   -9.56   -2.56  -378.2    36.0    51.4   6.40   120268  1.89   119   -53  0  0
2022 295 22 55    2.84   -9.42   -0.93  -368.9    35.5    56.4   6.70   127725  1.88   126   -53  0  0
2022 295 23  0    3.23   -8.21   -1.30  -370.9    30.5    54.8   7.07   162892  2.01   116   -52  0  0
2022 295 23  5   -0.17   -7.46   -4.22  -376.2    32.6    57.5   7.85   159979  2.29    97   -52  0  0
2022 295 23 10    2.62   -7.61   -4.16  -371.0    20.4    47.5   6.99   168692  1.96   120   -50  0  0
2022 295 23 15    2.68   -7.30   -5.81  -372.0    18.3    41.1   7.08   154713  1.99   106   -50  0  0
2022 295 23 20    2.51   -5.88   -6.75  -370.8    18.3    30.7   7.08   151426  1.97   101   -51  0  0
2022 295 23 25    2.34   -4.22   -7.88  -375.6    30.8    42.1   7.84   170550  2.26   122   -50  0  0
2022 295 23 30    0.84   -2.11   -9.14  -377.0    38.9    39.6   7.38   144027  2.15   100   -48  0  0
2022 295 23 35    2.35   -0.59   -8.44  -374.0    35.5    44.1   7.83   199482  2.25   157   -48  0  0
2022 295 23 40    3.59   -7.53   -4.64  -373.4    44.0    45.2   7.60   139384  2.19   239   -48  0  0
2022 295 23 45    3.75   -8.82   -3.28  -372.2    28.2    51.7   6.97   138605  1.98   330   -48  0  0
2022 295 23 50    3.75   -8.53   -4.60  -371.9    34.4    48.0   6.76   108420  1.92   379   -48  0  0
2022 295 23 55    4.12   -8.76   -3.84  -374.1    40.4    51.9   6.39    88467  1.84   458   -47  0  0
