2023  82  0  0   -3.59    2.30    1.01  -497.2    20.0   -32.3   4.40   155051  2.19    24     7  0  0
2023  82  0  5   -3.65    2.42   -0.51  -497.9    14.6   -16.9   4.09   163582  2.03    20     7  0  0
2023  82  0 10   -2.69    3.35   -0.66  -499.6    11.4   -18.4   3.78   150479  1.90    20     7  0  0
2023  82  0 15   -2.32    3.68   -0.64  -503.6     7.9   -14.9   4.03   175439  2.05    17     6  0  0
2023  82  0 20   -2.72    3.20   -0.50  -500.3    17.1   -14.7   4.21   179263  2.12    21     6  0 -1
2023  82  0 25   -3.06    2.64   -0.07  -497.0    26.3   -14.5   4.38   183087  2.18    18     5  0  0
2023  82  0 30   -2.68    2.90   -0.08  -502.1     3.2    -4.0   4.35   198190  2.20    24     5  0  0
2023  82  0 35   -3.30    2.06   -0.16  -499.8     7.7    -5.6   4.46   177518  2.24    29     5  0  0
2023  82  0 40   -3.42    1.96   -0.45  -498.8    25.1    -7.2   4.63   166773  2.31    26     6  0  0
2023  82  0 45   -3.48    2.03   -0.50  -498.0    25.1    -7.8   4.59   168072  2.28    36     6  0  0
2023  82  0 50   -3.84    0.75   -0.58  -495.2     9.5     5.8   4.57   150456  2.25    39     6  0  0
2023  82  0 55   -4.36   -0.08   -0.90  -488.6     8.0    12.6   4.43   107559  2.12    29     6  0  0
2023  82  1  0   -4.12    0.25   -0.91  -490.0    23.8     2.6   4.46   107913  2.15    26     6  0  0
2023  82  1  5   -3.92    0.26   -1.31  -488.5    27.1     5.8   4.65   161292  2.23    30     7  0  0
2023  82  1 10   -3.49    0.39   -1.43  -492.3    18.8     3.1   4.52   118954  2.20    27     6  0  0
2023  82  1 15   -3.17    0.96   -1.01  -493.0    -1.7     9.9   4.78   139576  2.33    33     7  0  0
2023  82  1 20   -2.93    2.17    0.28  -499.2     6.2     2.9   4.58   178918  2.28    36     7  0  0
2023  82  1 25   -3.15    2.47   -0.36  -496.7     0.1    -7.2   4.65   189393  2.30    36     9  0  0
2023  82  1 30   -3.24    2.48    0.14  -496.4     6.5     3.2   4.68   184980  2.30    78    11  0  0
2023  82  1 35   -3.36    2.47    0.11  -493.6    12.3    -6.1   4.84   175504  2.36    60    11  0  0
2023  82  1 40   -3.36    2.26    0.00  -495.0    24.8    -7.8   4.74   166918  2.33    36    10  0  0
2023  82  1 45   -3.62    1.62    0.21  -489.0    11.8     3.3   5.03   155310  2.41    26    10  0  0
2023  82  1 50   -3.61    1.96    0.08  -491.5     4.4    -0.7   4.93   156510  2.38    28    10  0  0
2023  82  1 55   -3.76    2.15    0.05  -492.6    10.2     0.4   4.92   179028  2.40    27    10  0  0
2023  82  2  0   -3.57    2.15    0.17  -492.8    11.2    -1.4   4.79   166747  2.33    25    10  0  0
2023  82  2  5   -3.59    2.11    0.22  -492.7     2.6    -3.9   4.73   175119  2.30    28    11  0  0
2023  82  2 10   -3.99    1.87   -0.10  -489.3     4.4   -14.6   4.58   128048  2.20    27    11  0  0
2023  82  2 15   -2.50    3.13    0.38  -488.9    18.7    -6.2   4.42   144873  2.12    28    12  0  0
2023  82  2 20   -2.50    3.07    0.41  -485.4    14.3    -3.3   4.38   150598  2.06    40    13  0  0
2023  82  2 25   -2.47    2.40   -0.93  -486.8    14.8    -7.1   4.32   166413  2.05    41    12  0  0
2023  82  2 30   -2.45    2.58   -1.61  -478.5    11.2     6.3   4.12   130279  1.89    30    11  0  0
2023  82  2 35   -2.04    2.68   -0.45  -475.5     8.5     1.9   4.07   126751  1.84    30    11  0  0
2023  82  2 40   -2.40    3.09    0.24  -478.3     7.7    11.4   4.13   144923  1.89    40    11  0  0
2023  82  2 45   -2.74    2.97   -0.54  -481.4     9.1     2.4   4.15   136192  1.93    43    12  0  0
2023  82  2 50   -3.42    3.14   -1.11  -477.4    15.6     7.5   4.10   112490  1.87    59    12  0  0
2023  82  2 55   -3.68    2.93   -1.45  -474.4     8.4    11.1   4.48    97492  2.02    52    11  0  0
2023  82  3  0   -3.68    2.81   -1.50  -475.0    16.4     8.0   4.33    89002  1.96    53    12  0  0
2023  82  3  5   -3.58    2.78   -1.29  -476.0    16.5     5.3   4.27    94970  1.94    53    12  0  0
2023  82  3 10   -3.59    2.69   -1.36  -472.2     6.3     7.1   4.19    92878  1.87    55    12  0  0
2023  82  3 15   -3.21    2.43   -1.37  -470.6     5.7    14.7   4.31   106062  1.91    57    12  0  0
2023  82  3 20   -3.58    2.53   -1.38  -471.9     9.5    10.7   4.13   117387  1.84    56    12  0  0
2023  82  3 25   -3.67    2.58   -1.37  -476.8     5.3    10.2   4.30   104369  1.96    54    12  0  0
2023  82  3 30   -3.52    2.54   -1.54  -473.8    13.5     7.5   4.28   113152  1.92    56    12  0  0
2023  82  3 35   -3.03    2.71   -1.51  -475.6    15.7     5.2   4.34   118173  1.97    68    12  0  0
2023  82  3 40   -2.42    2.67   -1.42  -474.8    14.0     8.4   4.26   120377  1.92    67    11  0  0
2023  82  3 45   -1.69    2.16   -1.54  -470.8     9.2    11.7   4.09   122697  1.82    74    11  0  0
2023  82  3 50   -2.54    2.19   -1.60  -466.2    10.6    11.9   4.02   151454  1.75    79    10  0  0
2023  82  3 55   -1.77    2.74   -0.66  -470.7     2.6     2.1   4.08   109420  1.81    70    10  0  0
2023  82  4  0   -2.09    2.81   -1.22  -471.1   -13.3     8.0   4.20   118309  1.87    82    12  0  0
2023  82  4  5   -2.01    2.82   -1.15  -471.3   -12.3     2.4   4.16   129142  1.85    74    11  0  0
2023  82  4 10   -2.72    2.85   -1.28  -464.6   -41.9    20.4   4.12   123056  1.80    64    11  0  0
2023  82  4 15   -2.47    2.97   -1.20  -466.9   -27.3    15.1   4.03   105902  1.77    62    10  0 -1
2023  82  4 20   -2.08    3.56   -1.50  -469.2   -12.7     9.9   3.93    88747  1.73    55    10  0  0
2023  82  4 25   -2.94    2.38   -1.68  -458.1    -8.6    13.7   4.69   122972  1.97    58    11  0  0
2023  82  4 30   -3.25    2.48   -1.46  -459.7   -10.3    12.2   4.69   110565  1.99    47    11  0  0
2023  82  4 35   -3.31    2.41   -1.68  -455.7   -12.4     7.9   5.08   121621  2.12    46    12  0  0
2023  82  4 40   -3.41    2.21   -1.69  -457.1    -7.9    12.2   4.88   114127  2.04    42    12  0  0
2023  82  4 45   -3.29    1.86   -2.20  -456.8   -11.9     9.9   5.03   123856  2.10    36    13  0  0
2023  82  4 50   -3.92    2.40   -2.10  -449.3    -3.1    14.8   4.89    89723  1.98    40    13  0  0
2023  82  4 55   -3.13    0.95   -1.38  -440.9     0.3    15.2   7.03    97303  2.74    39    14  0  0
2023  82  5  0   -3.01    2.71   -0.67  -448.5   -30.3     8.8   6.21    95214  2.51    51    15  0  0
2023  82  5  5   -2.80    2.20    0.42  -446.0   -23.1     9.4   6.47   122741  2.58    61    17  0  0
2023  82  5 10   -0.40    3.14   -0.10  -450.7   -33.4    10.7   6.61   111602  2.70    78    18  0  0
2023  82  5 15   -0.50    2.73    1.17  -450.8   -24.2     6.7   6.37   104479  2.60    69    20  0  0
2023  82  5 20    1.14    2.46   -1.10  -454.7   -33.8    19.1   7.20   106468  3.00    55    20  0  0
2023  82  5 25    0.19    3.46    0.15  -457.3   -27.6    14.9   7.05    99636  2.96    44    20  0  0
2023  82  5 30   -1.04    2.93    2.12  -449.0   -20.3     6.2   6.15    83555  2.49    51    21  0  0
2023  82  5 35   -0.86    2.60    2.16  -450.5   -19.3     1.6   6.16   101403  2.50    68    20  0  0
2023  82  5 40   -0.57    2.52    1.91  -448.2   -30.0     2.1   6.02    98474  2.42    57    21  0 -1
2023  82  5 45   -1.90    2.23    2.45  -445.9   -40.8     2.6   5.87    95546  2.35    72    22  0  0
2023  82  5 50    0.37    2.76    0.70  -451.4   -26.7     4.1   6.35   107889  2.60    62    22  0  0
2023  82  5 55    1.75    2.89    0.58  -460.1   -14.1     9.7   5.87    85501  2.49    62    22  0  0
2023  82  6  0    3.07    2.63    0.82  -465.6   -15.2    12.7   5.59    81075  2.42    63    23  0  0
2023  82  6  5    3.50    2.08   -0.15  -472.5   -11.4     6.9   5.95    93458  2.66    76    23  0  0
2023  82  6 10    2.27    2.74   -1.20  -465.6   -10.2    14.0   6.96   111902  3.02    60    24  0  0
2023  82  6 15    1.55    3.33   -1.50  -466.7   -13.4    16.6   7.37   100538  3.22    53    25  0  0
2023  82  6 20    2.27    3.33   -1.24  -468.7   -15.8    15.4   7.83   119059  3.45    53    25  0  0
2023  82  6 25    1.24    2.98   -2.39  -465.1   -11.7    21.6   7.63   103118  3.31    47    25  0  0
2023  82  6 30    2.08    3.18    0.05  -468.6   -14.0    12.6   8.44   118859  3.71    63    28  0  0
2023  82  6 35    2.24    3.45    1.08  -468.3   -15.3     6.8   8.44   120267  3.71    68    27  0  0
2023  82  6 40    2.24    3.64    1.69  -468.0   -19.6     9.6   8.21    94094  3.60    70    26  0  0
2023  82  6 45    3.11    2.97    2.53  -475.2   -14.7     3.8   8.74    91863  3.95    68    25  0  0
2023  82  6 50    2.79    3.79    1.33  -477.0   -16.8    -1.1   8.45    80174  3.85    69    25  0  0
2023  82  6 55    2.98    3.91    0.83  -476.9   -15.5     7.3   8.15   101413  3.71    62    25  0  0
2023  82  7  0    4.68    3.32    1.99  -480.5   -10.4    -6.9   7.64   106367  3.53    65    24  0  0
2023  82  7  5    3.05    3.69   -2.46  -473.6   -10.9     9.9   8.44   114240  3.79    66    25  0  0
2023  82  7 10    2.20    2.94   -3.92  -470.9   -13.4     9.4   8.61   107229  3.82    79    26  0  0
2023  82  7 15    1.73    3.47   -3.07  -471.8   -12.5    11.7   8.56   100798  3.81    80    24  0  0
2023  82  7 20    1.33    3.65   -1.29  -468.4   -12.0    12.1   9.27   109463  4.07    54    25  0  0
2023  82  7 25    0.37    2.62   -4.21  -470.4   -14.8    14.6   9.01   108380  4.00    57    27  0  0
2023  82  7 30   -0.67    2.61   -4.31  -462.0    -9.9    18.0   8.77    94416  3.75    65    23  0  0
2023  82  7 35    0.95    1.71   -4.97  -464.6   -12.2    18.2   9.18    93208  3.98    65    22  0  0
2023  82  7 40   -1.07    1.47   -4.78  -460.1    -7.8    17.4   8.37    94251  3.55    56    24  0  0
2023  82  7 45   -0.91    2.32   -5.13  -453.7    -3.5    12.9   9.21   103644  3.79    84    24  0  0
2023  82  7 50   -0.55    2.49   -5.21  -457.1    -5.5    17.2   8.37    83813  3.50   213    23  0  0
2023  82  7 55   -1.35    1.62   -5.30  -456.5    -6.9    17.2   8.57    94206  3.58   192    22  0  0
2023  82  8  0   -1.43    1.62   -5.56  -457.0    -8.8    16.6   8.87    97034  3.71   402    21  0  0
2023  82  8  5   -2.17    1.42   -5.43  -456.9    -7.0    17.8   8.88    91549  3.71   444    20  0  0
2023  82  8 10   -1.77    1.20   -5.65  -455.7    -8.2    15.9   8.87    89640  3.69   437    20  0 -1
2023  82  8 15   -1.37    1.52   -5.75  -454.5    -9.5    13.9   8.86    87730  3.67   438    17  0  0
2023  82  8 20   -0.46    1.55   -5.54  -454.7    -7.2    15.4   8.81    85774  3.65   563    18  0  0
2023  82  8 25    0.43    2.03   -6.36  -460.7   -10.8    12.9   8.89    89316  3.78   560    21  0  0
2023  82  8 30   -0.14    1.82   -6.77  -459.0   -11.9    14.0   9.39    91264  3.96   698    19  0  0
2023  82  8 35    0.02    2.12   -5.97  -459.9    -8.6    10.6   8.77    90971  3.71   836    20  0  0
2023  82  8 40   -0.19    2.30   -6.46  -464.6   -15.9     6.8   8.96    95430  3.88   911    22  0  0
2023  82  8 45   -2.79    0.27   -6.63  -457.7    -8.4     8.5   8.56    86971  3.59   883    21  0  0
2023  82  8 50   -4.34   -1.73   -5.64  -443.9     0.0    20.1   9.70   114585  3.83   816    20  0  0
2023  82  8 55   -3.89   -2.97   -4.51  -446.0     2.2    15.6  10.30   112917  4.11   728    18  0  0
2023  82  9  0   -2.32   -0.19   -6.47  -454.2   -10.8    17.6  10.29    94862  4.26   702    17  0  0
2023  82  9  5   -2.72    0.01   -6.49  -450.7    -9.0    11.8   9.54    97476  3.88   736    17  0  0
2023  82  9 10   -3.65    0.33   -5.58  -449.9   -15.9    11.7  11.25    91969  4.56   809    16  0  0
2023  82  9 15   -2.68    1.26   -5.37  -452.0   -25.3     8.0  12.33   114938  5.06   800    14  0  0
2023  82  9 20   -1.45   -1.88   -6.24  -455.0   -13.7    12.3  11.81    95838  4.90   771    12  0  0
2023  82  9 25   -1.19   -1.48   -5.80  -452.1   -14.8    19.1  11.36   104257  4.66   835    11  0  0
2023  82  9 30   -2.71   -1.91   -5.19  -455.7   -16.3    16.7  10.99   103502  4.61   816    10  0  0
2023  82  9 35   -0.81   -1.52   -5.90  -453.6   -14.1    16.7  12.00   133826  4.94   896    11  0  0
2023  82  9 40    0.18   -2.50   -5.38  -463.3   -14.0     8.9  10.93    95141  4.70  1031    11  0  0
2023  82  9 45    0.56   -1.85   -5.96  -468.8   -24.7     6.0  10.94    77713  4.82  1081    10  0  0
2023  82  9 50    2.11   -3.12   -5.97  -476.3   -18.3     4.4  11.35    88156  5.16  1034     8  0  0
2023  82  9 55    1.18   -0.32   -7.32  -477.6   -18.1     2.6  11.93    96027  5.45   989    10  0  0
2023  82 10  0    3.41   -1.92   -7.60  -489.3    -8.7     4.2  15.37   121806  7.36   893    11  0  0
2023  82 10  5    3.75    0.37   -8.07  -493.7   -14.4     1.3  16.47   114272  8.04   843     9  0  0
2023  82 10 10    2.48    1.18   -8.08  -492.2   -14.1    -0.6  16.71   109091  8.11   839     9  0  0
2023  82 10 15   -1.31   -2.45   -8.25  -495.0   -26.9    12.9  16.73   104442  8.23   818    13  0  0
2023  82 10 20   -0.27   -0.26   -9.96  -491.1   -24.5    13.4  16.91    98424  8.18   809    12  0  0
2023  82 10 25   -0.77    1.11   -9.94  -487.5   -20.3    13.4  17.21   105029  8.20   849    10  0  0
2023  82 10 30   -0.03    4.52   -8.75  -486.7   -29.4    11.5  19.16   113467  9.12   894     6  0  0
2023  82 10 35    0.80    2.78   -8.74  -487.4   -30.8    12.6  20.21   111074  9.65  1055     3  0  0
2023  82 10 40    0.39    2.88   -8.47  -491.7   -29.9     8.6  20.38   100568  9.89  1283     1  0  0
2023  82 10 45   -0.31    3.90   -7.86  -493.0   -33.1     4.9  19.65    99039  9.59  1094    -3  0  0
2023  82 10 50   -0.41    3.49   -8.66  -489.9   -40.0    22.3  16.19   100304  7.85  1029    -5  0  0
2023  82 10 55    0.37    3.93   -8.55  -489.3   -39.6    19.9  17.21    99301  8.31  1065    -7  0  0
2023  82 11  0   -0.22    4.07   -7.81  -488.7   -37.5    20.1  14.88    94810  7.15  1127    -8  0  0
2023  82 11  5   -0.37    5.75   -6.25  -483.1   -32.5    11.9  16.99   114695  7.98  1238    -8  0  0
2023  82 11 10   -1.12    3.94   -6.58  -483.3   -27.8    19.6  16.83   126863  7.90  1241    -9  0  0
2023  82 11 15   -2.24    0.72   -7.69  -476.1    -8.2    23.6  19.58   153861  8.89  1117   -13  0  0
2023  82 11 20   -1.99    1.63   -7.61  -481.2   -10.7    28.2  19.60   134430  9.11  1076   -15  0  0
2023  82 11 25   -4.09   -0.02   -8.39  -484.4    -9.7    27.2  20.00   141100  9.42   966   -16  0  0
2023  82 11 30   -3.53    0.05   -8.26  -485.0    -5.5    27.7  20.19   117858  9.54   951   -12  0  0
2023  82 11 35   -3.46   -3.37   -9.32  -491.4    -4.7    27.0  21.98   148112 10.65  1097   -12  0  0
2023  82 11 40   -7.88   -3.81   -4.90  -488.9    -4.5    23.6  21.71   146002 10.41  1171   -12  0 -1
2023  82 11 45   -6.27   -2.68   -8.28  -486.3    -4.2    20.1  21.44   143893 10.16  1183   -15  0 -1
2023  82 11 50   -5.73   -3.99  -10.02  -483.8    -4.0    16.7  21.17   141783  9.92   916   -19  0  0
2023  82 11 55   -4.12    0.29  -10.10  -488.4    -4.6    20.9  20.01   105462  9.56   802   -23  0  0
2023  82 12  0   -1.28    3.63  -10.35  -491.2   -15.9    27.2  19.79   104697  9.60   723   -30  0  0
2023  82 12  5    1.02    5.36  -10.67  -499.3   -25.2    22.4  22.81   105712 11.43   827   -33  0  0
2023  82 12 10    0.58    5.78   -9.16  -496.1   -21.8    27.4  22.62   116371 11.19   750   -35  0  0
2023  82 12 15   -1.08    6.52   -9.00  -497.3   -21.6    23.7  25.49   112185 12.68  1057   -34  0  0
2023  82 12 20    0.69    6.66  -10.80  -503.2   -13.8    26.1  27.23   113117 13.84   884   -35  0  0
2023  82 12 25    0.63    6.93  -11.06  -496.0   -19.4    28.0  25.38   105961 12.55   864   -36  0  0
2023  82 12 30    0.71    7.03  -11.06  -501.2   -18.9    25.6  25.91   113694 13.09   945   -40  0 -1
2023  82 12 35    2.30    7.88   -9.91  -506.5   -18.5    23.3  26.45   121426 13.62   934   -44  0  0
2023  82 12 40    1.55    7.79  -10.42  -502.4   -17.1    26.0  26.61   122841 13.49   866   -42  0  0
2023  82 12 45    2.94   10.01   -5.23  -501.2   -17.6    20.0  28.09   126766 14.16   931   -42  0  0
2023  82 12 50    4.16    9.85   -2.25  -501.9   -16.1    15.4  29.18   130516 14.73   883   -47  0  0
2023  82 12 55    5.42    9.36    0.91  -501.9   -16.0    13.0  30.28   126147 15.28   779   -50  0  0
2023  82 13  0    4.30    9.59   -0.82  -504.1   -19.2    22.0  28.17   137376 14.37   763   -53  0  0
2023  82 13  5    5.13    8.72    3.59  -503.9   -20.9    24.0  28.40   149712 14.47   733   -56  0  0
2023  82 13 10    5.15    7.86   -0.29  -498.7   -16.3    37.4  28.58   152696 14.32   695   -55  0  0
2023  82 13 15   -1.68    0.91   -9.73  -490.4    -7.7    57.4  28.05   167169 13.68   719   -52  0  0
2023  82 13 20   -2.97   -2.99  -10.79  -488.1    -3.0    56.1  28.64   158134 13.83   823   -51  0  0
2023  82 13 25    2.69    7.08   -7.65  -488.0    -8.6    61.2  30.56   159396 14.79   915   -52  0  0
2023  82 13 30    3.98    8.54   -5.67  -489.0   -12.0    60.9  29.41   141228 14.29   856   -50  0  0
2023  82 13 35    1.50    5.00  -10.37  -481.9    -1.5    65.4  30.77   161333 14.55   771   -49  0  0
2023  82 13 40    1.24    4.36  -11.16  -483.6    -5.9    58.5  30.97   163633 14.70   681   -49  0  0
2023  82 13 45    0.25    3.46  -11.52  -486.3   -13.8    46.7  29.68   155651 14.18   717   -48  0  0
2023  82 13 50    0.36    6.03   -9.35  -486.4   -14.1    46.7  31.75   158670 15.17   767   -46  0  0
2023  82 13 55    0.67    5.25   -9.63  -487.0   -17.4    44.0  32.77   145170 15.69   647   -43  0  0
2023  82 14  0    0.07    4.93   -9.70  -486.9   -14.4    44.0  34.24   141487 16.38   518   -44  0  0
2023  82 14  5    1.41    5.86   -8.87  -486.8   -14.2    45.4  34.35   145676 16.43   487   -45  0  0
2023  82 14 10    3.78    8.32   -4.31  -483.2    -7.0    46.8  37.03   109204 17.44   867   -43  0 -1
2023  82 14 15    5.61   12.01   -4.09  -479.6     0.2    48.1  39.71    72731 18.45  1331   -39  0  0
2023  82 14 20    4.76   12.45   -6.91  -478.9     3.6    51.6  39.65    71976 18.40  1256   -50  0  0
2023  82 14 25    3.72   12.02   -6.65  -482.2     7.0    43.2  35.80    64930 16.79  1032   -45  0  0
2023  82 14 30    6.78   14.50   -4.46  -481.1    -0.1    50.5  47.54    75988 22.25  1208   -41  0  0
2023  82 14 35    7.06   19.07   -6.61  -497.2     9.2    25.8   8.04    35858  3.99  1161   -45  0  0
2023  82 14 40    7.30   19.50   -6.00  -492.3     9.8    18.7   4.74    23481  2.30  1222   -65  0  0
2023  82 14 45    6.20   19.07   -6.71  -492.3     9.4     9.1   5.68    24976  2.77   887   -67  0  0
2023  82 14 50    4.41   18.94   -8.32  -486.9     1.4     2.2   6.99    31301  3.32   613   -62  0  0
2023  82 14 55    6.96   19.10   -5.23  -508.1    -0.3   -25.6   5.88    21210  3.04   599   -60  0  0
2023  82 15  0    6.66   19.13   -5.31  -499.8     2.5   -18.7   6.34    23335  3.17   603   -59  0  0
2023  82 15  5    3.46   17.71  -10.40  -484.3     0.6     5.7   6.87    23268  3.22   517   -57  0  0
2023  82 15 10    2.46   16.42  -12.23  -472.8    10.0    11.0   7.53    25321  3.37   444   -55  0  0
2023  82 15 15    2.48   16.14  -12.49  -477.5     4.3     8.7   7.84    24638  3.57   417   -54  0  0
2023  82 15 20    1.93   15.95  -12.62  -481.5     0.7     1.8   8.88    26459  4.12   372   -53  0  0
2023  82 15 25    3.49   16.99  -10.53  -487.4    -2.7     0.8   9.13    26410  4.34   385   -51  0  0
2023  82 15 30    5.80   18.55   -5.90  -486.6     2.7    -7.0   7.79    29998  3.70   424   -50  0  0
2023  82 15 35    7.50   19.14   -1.50  -487.5     6.0   -10.8   5.09    26674  2.42   508   -54  0  0
2023  82 15 40    7.07   19.31   -1.30  -487.3     6.1    -9.6   4.99    23901  2.37   462   -54  0  0
2023  82 15 45    7.25   19.22   -0.95  -484.5     4.9    -7.4   6.20    29620  2.92   377   -53  0  0
2023  82 15 50    7.22   19.30   -1.22  -490.6     8.8    -9.6   5.48    24873  2.64   335   -53  0  0
2023  82 15 55    6.00   19.61   -1.32  -480.3     4.3    -3.3   5.31    21380  2.45   308   -53  0  0
2023  82 16  0    6.89   19.25    0.30  -483.2     1.5    -7.0   5.41    21682  2.53   261   -53  0  0
2023  82 16  5    5.84   19.60    0.91  -479.1     4.0   -12.3   4.46    21596  2.05   250   -53  0  0
2023  82 16 10    5.00   19.03   -2.92  -475.5     4.0   -21.5   4.33    35637  1.98   246   -53  0  0
2023  82 16 15    5.69   19.24   -3.59  -473.7    12.1    16.0   2.98    32731  1.34   173   -54  0  0
2023  82 16 20    5.66   19.01   -4.44  -477.8    11.2    15.6   3.94    27902  1.80   192   -55  0  0
2023  82 16 25    5.46   18.36   -6.95  -475.0    18.8    20.9   3.70    23772  1.67   197   -53  0  0
2023  82 16 30    5.14   18.00   -8.03  -473.2    20.1    37.0   3.63    27540  1.64   165   -53  0  0
2023  82 16 35    5.09   18.21   -7.63  -470.6    22.6    39.7   3.84    27422  1.71   153   -53  0  0
2023  82 16 40    4.05   17.94   -8.00  -472.2    16.2    33.4   4.08    29752  1.83   147   -53  0  0
2023  82 16 45    6.70   13.33  -13.15  -468.0    22.4    34.3   4.97    30161  2.19   159   -52  0  0
2023  82 16 50    5.82   14.81  -11.42  -464.3    17.8    40.5   5.54    33218  2.41   129   -51  0  0
2023  82 16 55    5.93   18.34   -3.37  -483.7     3.8    29.0   3.64    70687  1.71   157   -52  0  0
2023  82 17  0    6.46   18.68   -2.17  -485.0     0.6    11.4   2.85    28087  1.34   237   -57  0  0
2023  82 17  5    6.33   18.62   -2.52  -486.8     4.1    12.7   2.84    29769  1.35   252   -56  0  0
2023  82 17 10    5.74   18.67   -2.21  -481.6     4.2    17.0   2.93    23270  1.36   236   -55  0  0
2023  82 17 15    5.24   18.31   -2.93  -478.9     5.9    21.9   2.77    31842  1.28   211   -55  0  0
2023  82 17 20    5.57   17.90    2.71  -479.0    -2.4     7.7   4.10    35753  1.88   228   -55  0  0
2023  82 17 25    5.94   17.70    2.06  -483.0    -4.3     6.4   4.52    38590  2.11   222   -51  0  0
2023  82 17 30    5.11   17.74    2.34  -476.4    -7.1     6.1   4.13    42376  1.88   204   -51  0  0
2023  82 17 35    3.24   14.62   -3.04  -471.2     5.0    -0.9   4.91    43896  2.18   164   -53  0  0
2023  82 17 40   -2.35    6.57  -16.20  -468.9    31.8    11.3   6.61    39432  2.92   252   -50  0  0
2023  82 17 45   -1.63    3.84  -16.85  -464.7    28.3    16.6   7.93    31104  3.44   237   -48  0  0
2023  82 17 50   -3.44    5.07  -16.01  -463.4    34.7    12.6   7.16    33192  3.09   227   -49  0  0
2023  82 17 55   -3.63    4.67  -16.09  -465.6    33.4    16.9   7.57    25715  3.30   257   -51  0  0
2023  82 18  0   -3.61    3.20  -16.62  -461.5    39.1    15.3   7.19    25928  3.09   401   -51  0  0
2023  82 18  5   -3.91    2.51  -16.42  -463.3    22.9    12.2   7.70    36716  3.32   456   -52  0  0
2023  82 18 10   -3.69   -0.17  -16.46  -467.4     8.0     8.3   7.39    29860  3.22   521   -54  0  0
2023  82 18 15   -3.00   -3.65  -17.53  -465.8    17.2    12.6   6.46    25458  2.81   609   -58  0  0
2023  82 18 20   -2.52    1.45  -17.96  -473.6    16.6    11.7   6.49    22222  2.91   527   -61  0  0
2023  82 18 25   -2.68    2.09  -17.92  -471.0    17.8    10.6   6.65    22715  2.96   510   -64  0  0
2023  82 18 30   -3.66    1.31  -17.92  -470.9    24.4     9.6   6.81    23912  3.03   599   -65  0  0
2023  82 18 35   -3.59    3.47  -17.59  -472.8    17.4     9.1   6.48    20860  2.90   888   -66  0  0
2023  82 18 40   -4.10    6.08  -17.17  -473.7    10.4     6.9   6.72    23335  3.02  1215   -63  0  0
2023  82 18 45   -4.24    6.50  -17.10  -473.5     7.5     7.1   6.97    24613  3.13  1374   -58  0  0
2023  82 18 50   -4.31    6.51  -17.13  -472.4     6.9     7.9   7.33    21470  3.27  1265   -54  0  0
2023  82 18 55   -3.93    6.80  -17.23  -476.5     4.2    13.3   7.57    20136  3.45  1427   -51  0  0
2023  82 19  0   -4.48    6.75  -17.21  -474.2     6.3    10.3   7.64    22930  3.44  1380   -51  0  0
2023  82 19  5   -3.89    6.56  -17.57  -476.0     6.4    11.4   7.44    23380  3.37  1239   -55  0  0
2023  82 19 10   -5.02    4.06  -18.11  -478.4    -1.8    15.5   8.10    20505  3.71  1168   -58  0  0
2023  82 19 15   -5.52    4.14  -17.97  -478.9    -4.8    14.7   7.34    20401  3.37  1268   -59  0  0
2023  82 19 20   -7.07    1.85  -18.26  -482.1    -5.5    13.2   6.02    20704  2.80  1182   -63  0  0
2023  82 19 25   -7.26    1.31  -18.45  -477.7    -7.2     7.1   5.19    16367  2.37   920   -63  0  0
2023  82 19 30   -8.10   -0.47  -17.94  -476.0    -8.9    15.6   7.03    22113  3.19   778   -63  0  0
2023  82 19 35   -7.94    0.50  -17.88  -469.9     1.6     7.0   6.80    23434  3.00   904   -62  0  0
2023  82 19 40   -8.28   -1.46  -17.71  -471.9     8.4     4.4   6.24    19704  2.78   901   -62  0  0
2023  82 19 45   -7.87   -0.92  -17.95  -470.9     9.1     6.8   6.24    18748  2.77   846   -65  0  0
2023  82 19 50   -7.18    0.15  -18.23  -473.5     4.3     8.5   6.41    16625  2.88   754   -67  0  0
2023  82 19 55   -7.30   -0.10  -18.02  -477.5     1.6    10.7   6.75    21317  3.08   714   -68  0  0
2023  82 20  0   -7.30   -0.47  -17.94  -479.1    -2.8    12.0   6.85    18522  3.15   734   -69  0  0
2023  82 20  5   -7.13   -0.20  -18.07  -480.2    -1.6    12.9   6.37    17456  2.94   795   -74  0  0
2023  82 20 10   -7.75   -0.65  -17.78  -474.6     3.8     7.9   6.49    20879  2.92   869   -78  0  0
2023  82 20 15   -7.77   -0.91  -17.55  -476.3     8.1    -1.8   6.92    23712  3.14   961   -80  0  0
2023  82 20 20   -7.38   -0.25  -17.73  -476.4    -3.7     2.7   6.42    20991  2.92   845   -80  0  0
2023  82 20 25   -7.40   -0.56  -17.68  -480.2    -3.4    -1.0   6.60    26512  3.05  1103   -82  0  0
2023  82 20 30   -7.27   -0.92  -17.74  -475.4     6.3     2.0   6.92    23107  3.13  1167   -85  0  0
2023  82 20 35   -7.38   -1.08  -17.63  -476.9     6.9     0.5   6.71    22417  3.05  1056   -88  0  0
2023  82 20 40   -7.88   -1.50  -17.44  -472.8    18.2     5.2   6.40    22369  2.86  1092   -89  0  0
2023  82 20 45   -8.46   -2.62  -17.07  -468.9     9.2     8.0   5.82    23337  2.56   880   -92  0  0
2023  82 20 50  -10.88   -4.88  -15.13  -470.1     8.4    13.1   6.52    23680  2.88   739   -90  0  0
2023  82 20 55  -10.39   -4.07  -15.73  -468.1    11.7    12.5   6.65    20396  2.92   786   -91  0  0
2023  82 21  0   -9.86   -2.94  -16.24  -466.3    12.6    17.8   7.43    22672  3.24   535   -91  0  0
2023  82 21  5   -9.00   -2.43  -16.87  -468.6    18.2    12.2   7.08    23730  3.12   303   -88  0  0
2023  82 21 10   -8.76   -3.86  -16.83  -465.1     9.3    14.6   7.12    22097  3.09   253   -88  0  0
2023  82 21 15   -9.56   -3.64  -16.65  -476.5    10.9     5.9   5.52    21438  2.51   261   -88  0  0
2023  82 21 20   -9.79   -3.56  -16.55  -476.9     9.3     7.4   5.61    21213  2.56   672   -87  0  0
2023  82 21 25   -9.99   -2.96  -16.50  -473.5    12.6     6.4   5.66    20424  2.54  1132   -87  0  0
2023  82 21 30  -10.04   -2.72  -16.38  -473.1    14.7     7.8   6.20    26284  2.78  1265   -88  0  0
2023  82 21 35  -11.18   -4.24  -15.24  -475.2    14.4     7.5   5.75    21074  2.60  1427   -86  0  0
2023  82 21 40  -11.41   -3.80  -15.19  -474.4    13.6     6.7   6.43    22694  2.90  1503   -84  0  0
2023  82 21 45  -11.28   -3.81  -15.37  -469.1    23.5     8.4   6.55    22944  2.89  1368   -83  0  0
2023  82 21 50  -11.09   -2.65  -15.76  -470.4    14.7    14.8   7.12    23813  3.16  1231   -84  0  0
2023  82 21 55  -11.48   -3.71  -15.49  -470.9    17.5    14.2   6.88    24468  3.06  1576   -87  0  0
2023  82 22  0  -11.89   -4.29  -15.34  -468.2    24.5     9.3   5.49    17507  2.41  1402   -88  0  0
2023  82 22  5  -11.49   -4.16  -15.58  -470.4    22.4    11.5   5.41    17788  2.40  1128   -90  0  0
2023  82 22 10  -11.41   -3.92  -15.62  -468.1    22.8    12.2   6.12    20271  2.69  1336   -91  0  0
2023  82 22 15  -11.44   -4.14  -15.67  -466.8    29.0    13.1   6.03    21748  2.64   944   -94  0  0
2023  82 22 20  -11.39   -4.07  -15.75  -469.5    24.7     9.6   5.64    18126  2.49   804   -95  0  0
2023  82 22 25  -11.31   -4.11  -15.81  -468.2    24.5    14.1   5.76    19171  2.53   704   -98  0  0
2023  82 22 30  -11.57   -4.25  -15.63  -466.6    15.3    14.9   5.70    18063  2.49   660  -102  0  0
2023  82 22 35  -11.35   -4.81  -15.72  -464.7    25.5    11.9   5.96    18170  2.58   610  -104  0  0
2023  82 22 40  -11.55   -4.68  -15.68  -466.9    21.2    16.8   5.89    17712  2.58   628  -108  0  0
2023  82 22 45  -11.75   -4.53  -15.58  -465.8    22.1    15.8   5.85    18444  2.55   547  -113  0  0
2023  82 22 50  -11.89   -4.49  -15.49  -464.2    22.1    13.7   5.61    17898  2.42   511  -119  0  0
2023  82 22 55  -11.94   -4.61  -15.41  -465.4    19.9    16.1   5.56    17920  2.42   572  -123  0  0
2023  82 23  0  -12.07   -4.72  -15.26  -466.6    20.6    16.7   5.72    18939  2.50   458  -125  0  0
2023  82 23  5  -11.59   -4.28  -15.70  -473.0    20.1    20.2   5.87    19097  2.64   498  -127  0  0
2023  82 23 10  -11.30   -3.96  -15.99  -476.8    20.1    20.8   5.73    19401  2.62   530  -128  0  0
2023  82 23 15  -10.73   -3.47  -16.42  -480.1    14.1    23.5   6.41    21144  2.97   597  -130  0  0
2023  82 23 20  -10.74   -3.63  -16.43  -480.2    12.9    25.1   6.58    22119  3.05   414  -130  0  0
2023  82 23 25  -10.36   -3.46  -16.76  -479.9    11.2    26.8   6.92    17871  3.20   436  -130  0  0
2023  82 23 30   -9.77   -2.59  -17.44  -479.1    10.6    29.8   7.37    16860  3.40   510  -128  0  0
2023  82 23 35   -9.70   -2.44  -17.55  -481.2    10.6    29.6   7.01    15624  3.26   574  -127  0  0
2023  82 23 40   -9.95   -2.36  -17.44  -480.6    11.1    29.4   7.33    16133  3.40   534  -128  0  0
2023  82 23 45   -9.78   -2.24  -17.59  -479.0    10.4    28.3   7.24    17890  3.33   769  -131  0  0
2023  82 23 50  -11.09   -4.34  -16.30  -474.2    14.4    21.2   7.14    16325  3.22   821  -134  0  0
2023  82 23 55  -11.11   -9.16  -13.63  -465.4    11.4    27.3   9.59    16316  4.17   671  -137  0  0
2023  83  0  0  -10.41  -12.39  -11.41  -464.6     3.1    31.8  12.17    15865  5.28   544  -135  0  0
2023  83  0  5  -10.80  -11.50  -11.88  -464.9     5.3    24.7  12.86    17144  5.58   820  -138  0  0
2023  83  0 10  -10.94  -11.99  -11.36  -464.5     6.9    28.7  12.45    12594  5.39  1303  -146  0  0
2023  83  0 15  -11.49  -11.37  -11.37  -465.4     8.5    25.1  12.18    12416  5.30  1311  -151  0  0
2023  83  0 20  -11.72  -10.90  -11.68  -465.2     8.6    22.6  11.81    12919  5.13  1174  -152  0  0
2023  83  0 25  -11.90  -11.22  -10.99  -465.3     6.2    21.7  12.11    18002  5.26  1112  -151  0  0
2023  83  0 30  -11.59  -10.69  -11.81  -464.5     8.6    23.4  12.79    13489  5.54  1194  -151  0  0
2023  83  0 35  -11.38  -10.92  -11.94  -464.8     6.7    24.1  12.69    13217  5.50  1546  -151  0  0
2023  83  0 40  -11.62  -10.92  -11.72  -463.3     6.1    23.1  12.63    15313  5.44   977  -150  0  0
2023  83  0 45  -11.92  -10.75  -11.65  -461.7     2.8    24.4  13.04    13980  5.57  1061  -150  0  0
2023  83  0 50  -11.61  -11.42  -11.28  -460.0     2.9    24.6  12.28    14593  5.21  1000  -151  0  0
2023  83  0 55  -11.44  -11.25  -11.57  -461.0     4.0    26.5  12.61    14978  5.38  1008  -153  0  0
2023  83  1  0  -11.54  -11.82  -10.81  -462.3     5.8    28.9  12.39    14064  5.32   926  -156  0  0
2023  83  1  5  -11.77  -10.72  -11.75  -462.9     4.9    29.3  12.54    14311  5.39   833  -159  0  0
2023  83  1 10  -11.99  -10.06  -12.03  -461.0    -0.9    32.2  11.91    19866  5.09   933  -161  0  0
2023  83  1 15  -11.86   -9.92  -12.18  -460.8    -2.7    30.4  12.10    14667  5.16   789  -161  0  0
2023  83  1 20  -12.90  -10.63  -10.32  -457.9    -3.5    33.3  11.87    13237  5.00   789  -160  0  0
2023  83  1 25  -13.08  -10.48  -10.42  -451.2     4.7    23.0  11.98    12545  4.89   840  -160  0  0
2023  83  1 30  -12.88  -10.23  -10.86  -457.1    -4.7    26.7  11.97    14170  5.03   932  -162  0  0
2023  83  1 35  -11.94  -10.00  -12.13  -454.0    -0.7    24.1  11.54    13192  4.77   790  -163  0  0
2023  83  1 40  -11.75   -9.98  -12.41  -462.3     1.6    30.9  10.94    18837  4.70   859  -162  0  0
2023  83  1 45  -12.44  -10.25  -11.57  -454.8     2.1    27.7  10.87    15751  4.51   864  -160  0  0
2023  83  1 50  -12.77   -9.77  -12.54  -453.9    -1.7    30.2  11.23    12159  4.65   560  -160  0  0
2023  83  1 55  -12.62  -10.15  -12.95  -451.6    -1.0    27.3  11.11    11963  4.54   460  -163  0  0
2023  83  2  0  -12.62  -10.13  -12.93  -450.5     0.7    26.6  11.33    14330  4.61   775  -165  0  0
2023  83  2  5  -12.77  -10.16  -12.76  -450.5    -2.2    23.9  11.02     9943  4.49   943  -166  0  0
2023  83  2 10  -12.81  -10.14  -12.73  -451.7    -2.5    24.6  10.53     9727  4.31   734  -164  0  0
2023  83  2 15  -12.79  -10.19  -12.69  -451.6     0.6    26.2   9.98     8582  4.08   542  -166  0  0
2023  83  2 20  -13.07  -10.21  -12.30  -451.6    -0.2    26.2  10.45     8530  4.28   761  -166  0  0
2023  83  2 25  -12.28  -10.57  -12.38  -449.5    -0.1    25.5  12.08     9066  4.90   479  -165  0  0
2023  83  2 30  -12.90  -10.26  -11.87  -449.0    -0.5    25.5  11.23     7864  4.55   362  -166  0  0
2023  83  2 35  -12.73  -10.34  -12.08  -448.9     0.8    25.6  11.16     9572  4.52   470  -168  0  0
2023  83  2 40  -12.87  -10.47  -11.69  -444.6     0.3    22.8  10.54     9203  4.19   510  -169  0  0
2023  83  2 45  -12.74  -11.05  -11.17  -442.0     1.8    23.3   9.12     8582  3.58   428  -168  0  0
2023  83  2 50  -13.07  -11.00  -10.76  -437.6     0.1    25.6   8.91     7515  3.43   481  -166  0  0
2023  83  2 55  -13.11  -11.05  -10.58  -439.8     1.9    22.6   8.98     8442  3.48   465  -156  0  0
2023  83  3  0  -12.85  -11.48  -10.35  -435.7    -4.4    24.9   8.81     7806  3.36   438  -152  0  0
2023  83  3  5  -13.03  -10.81  -10.54  -436.8    -0.7    26.0   9.55     7514  3.65   382  -149  0  0
2023  83  3 10  -13.63   -9.45  -10.83  -439.5    -1.7    23.8  12.24     9047  4.74   376  -143  0  0
2023  83  3 15  -13.53   -9.38  -11.01  -440.0    -3.6    26.1  13.73     8930  5.34   341  -133  0  0
2023  83  3 20  -14.63   -7.48  -10.92  -439.5    -7.4    24.7  14.69     9239  5.69   820  -132  0  0
2023  83  3 25  -15.28   -5.77  -10.66  -437.1   -15.2    24.3  21.54     8858  8.26  1004  -141  0  0
2023  83  3 30  -15.25   -5.61  -10.50  -437.1   -15.2    24.3  21.54     8858  8.26   723  -146  0  0
2023  83  3 35  -15.34   -5.32  -10.31  -438.7   -18.5    24.1  23.69     8697  9.16   598  -147  0  0
2023  83  3 40  -15.41   -5.99   -9.76  -437.0   -15.5    23.4  23.40     8916  8.97   546  -139  0  0
2023  83  3 45  -15.71   -5.85   -9.43  -435.3   -17.6    22.4  22.26     8946  8.47   577  -133  0  0
2023  83  3 50  -15.77   -5.64   -9.69  -435.4   -17.2    24.3  21.23     8873  8.09   738  -134  0  0
2023  83  3 55  -15.42   -7.10   -9.62  -436.4   -13.7    23.1  17.28     9523  6.60   769  -139  0  0
2023  83  4  0  -15.16   -8.97   -8.36  -436.0    -5.3    22.6  15.87     7763  6.05   709  -141  0  0
2023  83  4  5  -14.50   -8.89   -9.21  -435.9    -4.0    20.9  17.13     8257  6.53   705  -144  0  0
2023  83  4 10  -14.53   -9.56   -8.74  -436.9    -4.7    23.6  18.28     8418  7.01   879  -146  0 -1
2023  83  4 15  -14.14   -9.41   -8.83  -437.9    -5.4    26.3  19.43     8580  7.49   860  -149  0  0
2023  83  4 20  -13.93   -9.27   -9.06  -437.6    -5.0    23.0  21.22     8397  8.16   932  -152  0  0
2023  83  4 25  -13.97  -10.22   -7.93  -436.4    -8.7    20.8  19.79    12692  7.56   945  -154  0  0
2023  83  4 30  -13.93   -9.09   -9.57  -433.7    -5.1    26.4  16.72     7777  6.31   526  -152  0  0
2023  83  4 35  -14.16   -8.94   -9.00  -432.0    -6.6    19.9  15.68     8562  5.87   725  -152  0  0
2023  83  4 40  -13.46   -8.43   -9.93  -432.4   -10.3    19.0  17.21     9548  6.45   940  -153  0  0
2023  83  4 45  -13.10   -7.99  -10.38  -442.8   -19.3    33.9  15.87    10584  6.28  1092  -160  0  0
2023  83  4 50  -12.87   -9.00   -9.87  -439.8   -19.0    49.7  14.45    13464  5.67  1011  -162  0  0
2023  83  4 55  -13.21  -10.15   -8.11  -431.0   -10.7    39.5  15.94     9499  5.98   908  -158  0  0
2023  83  5  0  -13.42  -10.48   -7.26  -432.9   -12.2    41.9  13.14    19974  4.99   854  -158  0  0
2023  83  5  5  -12.90  -11.58   -6.17  -431.9    -9.9    41.6  12.00    16645  4.52   786  -164  0  0
2023  83  5 10  -13.66  -11.50   -3.03  -430.5    -7.7    27.9  20.03    14220  7.46   683  -161  0  0
2023  83  5 15  -13.62  -11.74   -2.67  -424.5    -2.0     5.9  14.20     9711  5.12   899  -163  0  0
2023  83  5 20  -12.60  -11.16   -5.58  -422.1     1.7     8.3  17.06    11695  6.08   877  -170  0  0
2023  83  5 25  -12.34  -10.08   -6.20  -429.0   -14.6    19.1  14.44    18795  5.32   598  -167  0  0
2023  83  5 30  -11.46  -10.62   -6.74  -435.3   -19.9    24.0  15.65    21207  5.96   549  -163  0  0
2023  83  5 35  -11.54  -10.46   -6.11  -433.9   -16.0    23.1  16.62    24942  6.28   388  -161  0  0
2023  83  5 40  -12.15   -9.56   -5.62  -420.6    -1.4    34.3  14.26    48623  5.08   489  -161  0  0
2023  83  5 45  -11.21   -9.05   -7.67  -435.1   -18.4    30.8  15.04    42454  5.73   483  -164  0  0
2023  83  5 50  -11.00   -9.43   -6.16  -436.7   -16.4    33.5  16.90    35860  6.50   322  -164  0  0
2023  83  5 55  -10.81   -9.44   -5.21  -438.2   -23.7    42.5  18.81    33383  7.32   246  -159  0  0
2023  83  6  0  -10.35   -9.92   -3.99  -439.8   -28.4    44.6  26.00    43749 10.20   270  -150  0  0
2023  83  6  5   -9.98  -10.18   -3.27  -441.1   -29.9    39.6  27.55    32486 10.86   329  -146  0  0
2023  83  6 10  -10.40  -10.76   -2.85  -440.3   -29.9    39.3  27.67    30329 10.87   288  -145  0  0
2023  83  6 15  -11.31  -10.34   -3.44  -433.3   -36.6    39.5  20.62    37300  7.86   245  -140  0  0
2023  83  6 20  -11.35  -10.31   -3.66  -433.0   -27.5    32.6  20.50    39897  7.76   221  -143  0  0
2023  83  6 25  -11.07  -10.81   -5.39  -434.7   -29.2    35.9  18.60    33089  7.09   253  -148  0  0
2023  83  6 30  -12.21   -9.91   -2.70  -431.4   -22.9    36.2  17.12    33627  6.44  1351  -148  0  0
2023  83  6 35  -10.83   -9.91   -3.69  -433.7   -23.2    35.8  20.83    41744  7.95  1544  -146  0  0
2023  83  6 40  -11.05   -9.09   -3.52  -436.8   -20.2    41.1  22.42    33902  8.65  1485  -138  0  0
2023  83  6 45  -11.62   -8.92   -1.87  -437.0   -18.5    46.9  18.89    32811  7.31  1598  -136  0  0
2023  83  6 50  -11.43   -8.09   -0.94  -440.0   -18.8    59.1  18.05    32873  7.13   773  -136  0  0
2023  83  6 55   -7.99   -6.14   -4.84  -422.1   -20.4    34.7  26.45    57220  9.38   445  -135  0  0
2023  83  7  0   -6.39   -4.80   -6.20  -418.3   -20.4    28.5  28.98    68796 10.10   547  -136  0  0
2023  83  7  5   -9.06   -6.38   -3.73  -427.9   -21.2    33.5  28.51    74046 10.38   465  -137  0  0
2023  83  7 10   -9.40   -3.82   -1.57  -420.0   -18.6    33.1  25.40    70467  8.95   743  -136  0  0
2023  83  7 15  -11.45   -7.01   -1.14  -430.4   -17.6    43.6  21.94    55945  8.05   771  -134  0  0
2023  83  7 20  -10.05   -6.03   -1.95  -437.1   -16.8    56.6  13.93    43172  5.42   812  -136  0  0
2023  83  7 25   -9.33   -8.11   -2.89  -428.1   -18.7    48.2  16.70    64952  6.19   713  -136  0  0
2023  83  7 30   -8.97   -6.57   -3.69  -415.6   -24.9    29.1  14.67    75185  5.12   396  -134  0  0
2023  83  7 35   -4.96   -2.85   -6.67  -408.1   -21.6    28.9  23.17    92214  7.74   427  -126  0  0
2023  83  7 40   -6.41   -3.79   -4.49  -400.8    -7.2    15.5  29.15    90818  9.38   474  -122  0  0
2023  83  7 45   -6.64   -2.90   -4.89  -402.2    -7.0    16.8  31.66    79951 10.27   379  -122  0  0
2023  83  7 50   -6.67   -2.45   -4.83  -403.0   -12.6    18.3  36.31   116252 11.83   456  -123  0  0
2023  83  7 55   -5.85   -2.27   -4.60  -404.8    -9.5    22.5  33.85    85124 11.14   438  -127  0  0
2023  83  8  0   -5.38   -2.78   -5.06  -409.6   -18.5    20.3  32.78    86856 11.05   484  -128  0  0
2023  83  8  5   -6.85   -1.82   -3.65  -409.4   -13.5    19.7  34.79    86033 11.70   451  -130  0  0
2023  83  8 10   -8.32   -2.20   -2.35  -402.6   -30.3     0.2  38.03    89723 12.40   471  -134  0  0
2023  83  8 15   -7.99   -2.41   -1.51  -401.6   -24.3     3.3  39.59   120064 12.82   468  -134  0 -1
2023  83  8 20   -8.01   -2.87   -0.60  -400.7   -18.3     6.4  41.15   150404 13.25   530  -132  0  0
2023  83  8 25   -7.61   -2.63   -0.47  -403.0   -17.6     3.1  39.39   114232 12.82   567  -130  0 -1
2023  83  8 30   -5.21   -1.56    3.99  -405.4   -16.9    -0.2  37.63    78060 12.39   501  -132  0  0
2023  83  8 35   -4.33   -2.64    6.32  -404.0   -17.0    -5.3  35.80    80801 11.71   450  -135  0  0
2023  83  8 40   -5.96   -4.84    3.26  -404.3   -16.8    -9.5  34.67    83891 11.37   519  -140  0  0
2023  83  8 45   -6.45   -5.62    2.88  -406.4   -19.7    -8.9  29.02    77769  9.62   409  -140  0  0
2023  83  8 50   -6.81   -5.54    3.75  -406.5   -14.2    -4.6  25.26    85649  8.36   390  -134  0  0
2023  83  8 55   -6.27   -4.09    3.27  -406.6   -15.2    -6.6  29.64    88177  9.83   294  -132  0  0
2023  83  9  0   -6.88   -5.95    5.01  -403.8    -8.6    -1.2  22.38    87179  7.31   317  -130  0  0
2023  83  9  5   -7.13   -7.60    3.92  -400.2    -2.6    -0.9  18.60    94758  5.96   317  -127  0  0
2023  83  9 10   -6.75   -7.98    3.57  -398.7     0.4    -6.0  18.07   111847  5.75   269  -127  0  0
2023  83  9 15   -6.73   -7.91    3.18  -399.8    -3.2     2.6  18.66   104507  5.97   386  -120  0  0
2023  83  9 20   -7.07   -8.45    1.29  -399.6    -1.2     7.6  17.20   117783  5.49   711  -114  0  0
2023  83  9 25   -7.02   -8.73    1.12  -400.4     0.3    10.8  16.95   110066  5.44   549  -112  0  0
2023  83  9 30   -7.15   -8.36    1.06  -400.7     1.3    10.3  16.33   107498  5.25   237  -107  0  0
2023  83  9 35   -7.38   -7.67    0.76  -398.7     1.4     8.9  16.43   114627  5.23   231  -105  0  0
2023  83  9 40   -7.58   -9.06   -0.86  -398.2     3.8     9.1  15.08    94235  4.79   418  -103  0  0
2023  83  9 45   -7.58   -9.26   -1.28  -396.9     3.9    12.3  14.41    87020  4.55   399  -104  0  0
2023  83  9 50   -7.09   -8.76   -1.23  -396.9     1.9    16.4  16.05    81907  5.07   318  -103  0  0
2023  83  9 55   -6.93   -8.10   -1.66  -395.9     1.8    19.9  16.25   110090  5.11   438  -102  0  0
2023  83 10  0   -7.59  -10.12   -1.14  -398.5    -3.4    18.7  11.62   122673  3.68   469  -104  0  0
2023  83 10  5   -7.51  -10.57   -0.60  -401.5    -2.5    12.4   9.48    96475  3.05   446  -108  0  0
2023  83 10 10   -7.57  -11.21   -0.03  -408.1     0.9     8.5   6.72   104181  2.23   464  -107  0  0
2023  83 10 15   -9.77   -8.04   -4.49  -417.2    -1.4    -9.9   4.68    99340  1.63   462  -107  0  0
2023  83 10 20   -9.31   -6.12   -7.50  -415.7     4.2   -13.1   5.29   114033  1.83   569  -106  0  0
2023  83 10 25   -9.74   -9.23   -5.04  -420.3     6.0   -23.2   3.74    97735  1.32   706  -107  0  0
2023  83 10 30   -9.41   -9.59   -4.75  -418.8    -7.5   -14.8   3.40   107301  1.20   762  -107  0  0
2023  83 10 35   -9.40   -9.94   -3.41  -422.8    -6.9    -2.4   3.42   116285  1.23   791  -105  0  0
2023  83 10 40   -9.78   -9.45   -3.02  -427.7     3.7    -4.1   3.41   108958  1.25   774  -103  0  0
2023  83 10 45   -9.80   -9.41   -2.50  -425.5     4.7     4.4   3.61   117697  1.31   627  -101  0  0
2023  83 10 50   -8.92   -9.93   -3.06  -416.5    -2.2    -8.4   3.76   115463  1.31   587  -100  0  0
2023  83 10 55   -9.03  -10.71   -0.13  -421.8    -8.8    16.6   2.92   112140  1.04   705   -99  0  0
2023  83 11  0   -8.97  -10.74   -0.06  -418.7    -7.2    12.9   2.91   110728  1.02   599   -99  0  0
2023  83 11  5   -8.62  -10.79    0.34  -418.5    -7.2    17.6   2.80   109686  0.98   468   -98  0  0
2023  83 11 10   -8.57  -10.29   -0.69  -418.1    -7.6    15.0   3.38   104628  1.19   459   -97  0  0
2023  83 11 15   -8.61  -10.28    0.27  -419.8    -1.7    13.8   3.50   117313  1.23   558   -95  0  0
2023  83 11 20   -7.59  -10.35   -3.68  -414.8    -5.4     2.9   4.33   113220  1.49   613   -94  0  0
2023  83 11 25   -7.26   -9.53   -4.79  -404.5    -0.0    -3.2   4.55   105841  1.49   623   -93  0  0
2023  83 11 30   -7.78   -9.66   -3.09  -413.4    -5.4    13.2   4.22    94422  1.45   518   -91  0  0
2023  83 11 35   -7.87   -9.74   -3.03  -414.3    -9.3     5.5   4.18    94439  1.44   494   -91  0  0
2023  83 11 40   -8.24   -9.12   -3.43  -416.4    -4.1     3.6   4.92   106274  1.71   469   -92  0  0
2023  83 11 45   -8.40   -8.68   -3.36  -419.7    -0.6     1.8   5.21   110282  1.84   440   -92  0  0
2023  83 11 50   -9.27   -7.65   -4.28  -433.8   -18.0    -7.6   4.72    89202  1.78   453   -91  0  0
2023  83 11 55   -9.86   -7.06   -3.69  -446.4   -21.0   -15.2   4.15    66110  1.66   515   -91  0  0
2023  83 12  0   -9.13   -7.18   -3.77  -439.2   -19.7    -3.4   5.01    88773  1.94   570   -90  0  0
2023  83 12  5   -8.76   -6.48   -5.18  -436.5    -5.4   -14.0   5.28    96413  2.02   526   -90  0  0
2023  83 12 10   -8.91   -7.33   -3.87  -441.9   -20.9    -7.3   4.50    86929  1.76   471   -90  0  0
2023  83 12 15   -8.65   -8.47   -3.59  -439.5    -7.6    -6.6   3.33    87613  1.29   446   -91  0  0
2023  83 12 20   -8.19   -9.00   -3.27  -431.2    -9.5    -6.6   3.29    94382  1.23   460   -91  0  0
2023  83 12 25   -7.45   -8.75   -3.52  -428.8   -17.6    -8.7   4.18   105673  1.56   511   -91  0  0
2023  83 12 30   -8.25   -7.71   -3.76  -433.8   -16.3    -9.2   5.28   113587  1.99   510   -91  0  0
2023  83 12 35   -8.00   -8.48   -3.11  -437.8   -21.9    -2.2   3.94    88748  1.51   532   -89  0  0
2023  83 12 40   -8.12   -8.11   -2.81  -440.1    -8.4    -3.2   4.25    81098  1.65   667   -89  0  0
2023  83 12 45   -7.73   -7.89   -2.29  -443.9    -3.1     3.4   5.77    84772  2.27   657   -89  0  0
2023  83 12 50   -8.08   -7.85   -2.41  -440.3    -4.4     8.4   5.51    93356  2.14   607   -89  0  0
2023  83 12 55   -7.81   -7.92   -2.81  -437.7    -3.1     6.9   4.78    93753  1.83   615   -89  0  0
2023  83 13  0   -6.61   -8.96   -2.49  -436.0    -9.1    10.0   4.60    89360  1.75   701   -89  0  0
2023  83 13  5   -8.68   -6.90   -1.40  -437.2    -8.7     9.4   4.43    84794  1.69   668   -89  0  0
2023  83 13 10   -9.35   -6.14   -1.17  -435.8   -14.1     6.6   3.76    71617  1.43   617   -88  0  0
2023  83 13 15   -9.46   -6.15   -1.19  -434.2   -13.7     6.0   3.65    74712  1.38   622   -88  0  0
2023  83 13 20   -9.40   -6.07   -1.15  -435.7   -11.1     8.0   3.67    68471  1.40   684   -88  0  0
2023  83 13 25   -8.95   -6.38   -1.08  -438.5   -17.9     4.6   3.96    73652  1.52   672   -88  0  0
2023  83 13 30   -8.63   -6.49   -0.88  -438.5   -18.4     7.5   4.80    79870  1.85   648   -88  0  0
2023  83 13 35   -8.74   -6.26   -0.88  -433.0   -13.8     7.7   4.80    67040  1.80   631   -89  0  0
2023  83 13 40   -9.40   -5.62   -0.61  -428.9   -17.0     5.5   4.40    55467  1.62   640   -89  0  0
2023  83 13 45   -9.45   -5.56   -0.40  -427.4   -19.1     6.5   4.59    55920  1.68   626   -89  0  0
2023  83 13 50   -9.38   -5.45   -0.33  -427.5   -16.8     6.0   4.71    57185  1.72   589   -89  0  0
2023  83 13 55   -8.98   -5.70   -0.86  -425.8    -8.2     6.6   5.13    76990  1.86   612   -89  0  0
2023  83 14  0   -8.05   -6.89   -0.94  -427.1   -14.8    10.0   5.34    86339  1.95   610   -89  0  0
2023  83 14  5   -7.88   -6.56   -0.97  -418.1   -19.3    -3.1   5.75    85976  2.01   532   -88  0  0
2023  83 14 10   -6.96   -7.40   -1.21  -420.0   -19.2    -2.5   5.34    83373  1.89   507   -87  0  0
2023  83 14 15   -6.87   -7.16   -2.39  -415.8   -17.7    -1.5   5.50    95392  1.90   549   -87  0  0
2023  83 14 20   -6.10   -7.28   -2.60  -417.0   -15.5    -2.2   5.42    90507  1.89   550   -86  0  0
2023  83 14 25   -4.74   -7.77   -2.47  -408.2    -3.7     8.9   7.23    79785  2.41   614   -84  0  0
2023  83 14 30   -3.69   -7.82   -2.93  -402.5    -1.8     6.6   7.73    66407  2.50   723   -83  0  0
2023  83 14 35   -3.30   -7.94   -3.26  -396.1    -2.3     7.7   8.04    72168  2.52   692   -83  0  0
2023  83 14 40   -3.10   -7.54   -3.89  -396.3    -4.5     8.1   9.70    68308  3.05   646   -82  0  0
2023  83 14 45   -5.76   -6.49   -1.30  -399.3   -13.9     7.0   9.39    61427  3.00   742   -83  0  0
2023  83 14 50   -6.53   -6.20   -0.24  -402.9   -17.2     4.9   7.38    73071  2.42   840   -83  0  0
2023  83 14 55   -6.43   -6.23   -1.54  -398.6   -13.5     0.7   7.82    69588  2.49   764   -83  0  0
2023  83 15  0   -5.28   -5.80    1.82  -400.1   -11.0    -6.5   7.68    58808  2.46   650   -82  0  0
2023  83 15  5   -5.45   -4.77    3.89  -387.5    -4.8   -13.6  10.22    74680  3.07   621   -83  0  0
2023  83 15 10   -5.00   -7.06   -2.17  -398.2   -10.1    -4.8   8.96    65072  2.84   592   -81  0  0
2023  83 15 15   -4.11   -6.65   -1.34  -407.2   -19.2   -12.9   9.97    53462  3.32   689   -81  0  0
2023  83 15 20   -4.08   -6.44    0.19  -409.9   -14.0   -10.6  10.11    54542  3.40   565   -79  0  0
2023  83 15 25   -4.29   -8.01   -0.31  -406.9    -4.8   -11.1   7.43    58302  2.47   615   -78  0  0
2023  83 15 30   -3.01   -5.88   -0.33  -413.3    -7.2    -5.5  10.66    66211  3.64   673   -80  0  0
2023  83 15 35   -2.89   -4.36    0.95  -411.0    -7.3   -16.3  12.27    66182  4.15   690   -79  0  0
2023  83 15 40   -2.95   -4.06    1.34  -411.4    -5.7   -19.5  13.00    63516  4.41   748   -77  0  0
2023  83 15 45   -3.12   -4.40    1.22  -414.9    -4.2   -26.5  12.76    61808  4.41   674   -76  0  0
2023  83 15 50   -2.88   -4.58    1.13  -413.9    -6.6   -32.4  13.19    60413  4.55   674   -76  0  0
2023  83 15 55   -3.28   -4.97    1.26  -413.9    -9.0   -28.6  11.64    60482  4.01   664   -75  0  0
2023  83 16  0   -2.84   -4.64    1.30  -413.9    -8.5   -28.9  12.23    63903  4.21   606   -74  0  0
2023  83 16  5   -2.94   -4.36    1.08  -414.1    -8.1   -28.4  12.30    58893  4.24   547   -75  0  0
2023  83 16 10   -3.13   -5.26    1.23  -412.9    -7.9   -24.7  10.24    59090  3.51   637   -76  0  0
2023  83 16 15   -3.50   -6.01    1.02  -409.0    -8.5   -17.1   9.75    60380  3.27   656   -76  0  0
2023  83 16 20   -3.94   -7.01    0.90  -408.2    -7.7   -15.5   7.12    57745  2.37   561   -75  0  0
2023  83 16 25   -4.66   -6.71   -0.03  -404.0   -12.1    -9.9   7.08    56780  2.31   425   -75  0  0
2023  83 16 30   -5.04   -6.10   -0.84  -404.1   -12.9    -8.0   7.46    57625  2.44   343   -74  0  0
2023  83 16 35   -5.49   -5.94   -1.05  -402.7   -15.2    -8.1   7.77    57127  2.52   314   -73  0  0
2023  83 16 40   -5.46   -5.67   -1.00  -402.5   -11.7    -9.4   8.20    55528  2.66   355   -73  0  0
2023  83 16 45   -5.54   -5.58   -0.93  -401.1   -12.7    -6.9   8.58    50116  2.76   342   -72  0  0
2023  83 16 50   -5.61   -4.85   -2.21  -401.9   -15.8    -2.9   9.08    55545  2.94   382   -71  0  0
2023  83 16 55   -5.89   -4.84   -1.66  -405.5   -17.6    -6.2   9.26    64195  3.05   450   -69  0  0
2023  83 17  0   -5.58   -5.80   -0.54  -401.4   -10.4   -11.5   8.56    57744  2.77   501   -70  0  0
2023  83 17  5   -5.61   -6.38    0.11  -403.3    -8.3   -11.5   8.07    55624  2.63   418   -69  0  0
2023  83 17 10   -5.86   -7.03    0.97  -402.2    -4.9   -12.0   5.47    41451  1.77   393   -71  0  0
2023  83 17 15   -5.96   -6.69    0.55  -399.5    -3.3    -7.5   6.02    43002  1.92   391   -73  0  0
2023  83 17 20   -5.95   -7.41    0.94  -402.4    -0.3    -5.0   4.78    36394  1.55   348   -73  0  0
2023  83 17 25   -5.80   -7.53    1.03  -402.8     5.3    -5.2   4.91    38169  1.59   365   -71  0  0
2023  83 17 30   -4.92   -7.72    1.72  -404.2     9.2    -3.3   5.48    44573  1.79   357   -69  0  0
2023  83 17 35   -4.14   -7.84    1.99  -409.3     7.1    -7.2   5.85    47217  1.96   361   -67  0  0
2023  83 17 40   -4.00   -8.01   -2.17  -418.2     4.7     1.0   6.30    50603  2.20   409   -65  0  0
2023  83 17 45   -5.55   -7.04   -3.01  -409.0     0.2    12.9   5.88    36157  1.97   439   -66  0  0
2023  83 17 50   -5.64   -5.44   -3.76  -401.0    -5.9     4.8   6.30    40835  2.03   532   -64  0  0
2023  83 17 55   -6.84   -2.22   -5.48  -422.6    -5.1    -5.0   7.90    40090  2.83   648   -61  0  0
2023  83 18  0   -5.85   -1.33   -5.88  -423.8    -0.1    -9.1   8.26    32785  2.98   699   -60  0  0
2023  83 18  5   -5.39   -0.94   -5.72  -426.8    -6.4   -10.6   8.53    39581  3.11   624   -63  0  0
2023  83 18 10   -6.27    0.28   -7.09  -439.2   -21.6   -24.5   4.68    48157  1.79   592   -67  0  0
2023  83 18 15   -6.08    1.34   -7.39  -439.9   -17.6   -32.7   4.19    60299  1.64   576   -71  0  0
2023  83 18 20   -6.13    1.76   -7.26  -445.1    -6.3   -37.6   3.62    67563  1.44   624   -71  0  0
2023  83 18 25   -6.94   -1.64   -5.96  -445.5   -29.6   -27.9   3.71    99079  1.49   527   -70  0  0
2023  83 18 30   -6.81   -3.27   -5.35  -447.4   -28.9   -30.9   3.11    73946  1.26   574   -72  0  0
2023  83 18 35   -5.66   -2.24   -4.92  -438.4    -9.7   -15.4   5.50   104277  2.11   530   -73  0  0
2023  83 18 40   -3.82   -5.35   -3.14  -438.4     2.6   -16.8   7.59    96892  2.92   393   -71  0  0
2023  83 18 45   -3.66   -4.60   -3.87  -440.4     0.9   -13.5   9.27    71568  3.60   403   -65  0  0
2023  83 18 50   -2.73   -5.75   -3.48  -438.9    11.1   -18.4   9.57    69838  3.70   579   -59  0  0
2023  83 18 55   -2.52   -6.23   -3.14  -440.2     8.2   -16.4   8.96    66462  3.48   699   -56  0  0
2023  83 19  0   -2.52   -6.66   -2.33  -440.6    14.5   -19.1   9.80    68675  3.82   718   -61  0  0
2023  83 19  5   -2.45   -6.40   -1.53  -443.4    19.5   -27.1   9.69    74302  3.83   592   -60  0  0
2023  83 19 10   -3.27   -5.67   -3.83  -446.8     8.5   -32.6   7.01    85618  2.82   687   -59  0  0
2023  83 19 15   -3.33   -5.88   -3.66  -446.0    16.5   -28.1   7.62    91842  3.05   608   -64  0  0
2023  83 19 20   -3.20   -5.83   -2.70  -447.7    20.5   -26.6   8.33    82229  3.36   470   -62  0  0
2023  83 19 25   -2.64   -6.16   -2.20  -444.9    20.1   -22.4   8.87    85440  3.53   505   -60  0  0
2023  83 19 30   -2.55   -5.87   -1.59  -442.9    21.8   -20.2   9.72    90502  3.83   577   -62  0  0
2023  83 19 35    0.44   -3.38    0.25  -447.5    18.8   -27.8   9.70   116365  3.90   608   -64  0  0
2023  83 19 40    6.09    1.25    4.03  -450.4    20.6   -28.3   6.09   116966  2.49   593   -70  0  0
2023  83 19 45    5.94   -1.68    2.97  -448.9    29.1   -27.9   6.26   109640  2.55   557   -72  0  0
2023  83 19 50    6.08   -3.39    2.35  -447.5    31.4   -26.1   6.06   102536  2.45   472   -73  0  0
2023  83 19 55    5.99   -3.32    2.71  -448.2    28.5   -25.8   6.18   105001  2.50   547   -76  0  0
2023  83 20  0    6.22   -2.80    2.61  -446.3    37.4   -19.7   6.56   101517  2.64   554   -74  0  0
2023  83 20  5    6.41   -1.91    2.90  -447.8    49.5   -19.2   6.96   121480  2.83   730   -71  0  0
2023  83 20 10    6.13   -2.63    2.70  -448.4    40.1   -22.4   6.97   126510  2.83   724   -69  0 -1
2023  83 20 15    6.12   -2.81    2.54  -448.9    30.8   -25.7   6.98   131541  2.84   553   -67  0  0
2023  83 20 20    5.57   -4.45    2.21  -446.2    30.4   -29.8   6.60   122261  2.65   539   -66  0  0
2023  83 20 25    4.79   -5.28    2.04  -445.4    25.1   -28.5   6.42   135298  2.57   496   -64  0  0
2023  83 20 30    3.98   -6.48    1.51  -445.8    26.9   -29.1   6.38   134646  2.55   518   -62  0  0
2023  83 20 35    3.65   -6.65    1.39  -451.4    24.0   -27.2   6.38   129748  2.62   503   -61  0  0
2023  83 20 40    4.03   -6.56    0.78  -451.1    20.5   -30.8   6.62   129705  2.71   484   -60  0  0
2023  83 20 45    4.43   -5.86   -2.23  -446.9    18.5   -34.4   6.59   120691  2.65   525   -60  0  0
2023  83 20 50    5.37   -2.66   -4.90  -440.0    13.7   -45.3   5.64   109948  2.21   559   -60  0  0
2023  83 20 55    4.71   -3.40   -3.46  -446.8    11.3   -40.3   6.24   132833  2.51   592   -59  0  0
2023  83 21  0    5.62   -3.87   -1.12  -448.2    18.4   -49.0   6.48   170764  2.64   686   -58  0  0
2023  83 21  5    6.17   -3.35    0.11  -447.6    10.7   -30.4   6.41   149681  2.58   665   -58  0  0
2023  83 21 10    5.82   -3.78    1.39  -449.5    17.6   -27.1   6.47   110154  2.63   663   -59  0  0
2023  83 21 15    4.94   -4.25    1.41  -453.5    18.7   -28.3   7.22   137655  2.99   657   -58  0  0
2023  83 21 20    3.98   -5.66    0.48  -454.4     9.2   -30.2   6.53   140265  2.71   671   -60  0  0
2023  83 21 25    4.16   -5.34    1.29  -459.5    16.6   -33.3   6.71   145318  2.85   611   -61  0  0
2023  83 21 30    4.33   -5.09    1.68  -457.5    12.5   -28.5   6.87   164768  2.89   627   -61  0  0
2023  83 21 35    4.13   -4.79    2.16  -461.1    15.8   -23.9   6.68   157134  2.85   590   -62  0 -1
2023  83 21 40    3.38   -4.92    3.19  -464.6    19.1   -19.2   6.49   149501  2.81   524   -63  0  0
2023  83 21 45    3.19   -4.99    2.19  -458.5    15.7   -32.3   6.39   124447  2.71   473   -64  0  0
2023  83 21 50    2.14   -6.43   -0.53  -468.8     6.5   -52.8   5.62    63882  2.50   460   -64  0  0
2023  83 21 55    2.53   -7.41    0.20  -462.4     0.2   -43.7   4.86    52686  2.10   392   -66  0  0
2023  83 22  0    3.72   -7.25    0.94  -452.9     0.6   -36.8   4.58    50837  1.89   387   -66  0  0
2023  83 22  5    3.67   -7.20    0.79  -455.6    -0.4   -36.0   4.87    56626  2.03   401   -65  0  0
2023  83 22 10    1.38   -7.92   -1.08  -454.8    -0.5   -29.2   5.88    56211  2.44   400   -63  0  0
2023  83 22 15    1.84   -8.11   -0.97  -449.0    -4.9   -23.5   5.30    61088  2.14   410   -62  0  0
2023  83 22 20    1.68   -8.30   -1.30  -451.7    -2.7   -24.2   4.73    77686  1.93   427   -64  0  0
2023  83 22 25    2.96   -7.99   -0.94  -446.3    -3.5   -17.8   4.57    83848  1.83   443   -65  0  0
2023  83 22 30    4.44   -8.21   -0.35  -439.0   -13.4   -10.9   3.34    63889  1.29   468   -68  0  0
2023  83 22 35    3.85   -8.64   -1.31  -430.0   -12.5     1.8   3.01    52227  1.11   431   -71  0  0
2023  83 22 40    4.21   -8.43   -1.06  -432.4   -13.5     2.3   2.94    52201  1.10   413   -71  0  0
2023  83 22 45    3.18   -8.68   -1.28  -439.3   -15.4    -0.2   2.79    48166  1.08   386   -69  0  0
2023  83 22 50    3.19   -8.65   -1.76  -432.1   -16.4    -1.6   3.47    53979  1.30   390   -68  0  0
2023  83 22 55    3.13   -8.67   -1.83  -433.7   -18.4     0.9   3.37    48675  1.27   412   -67  0  0
2023  83 23  0    3.72   -8.48   -2.38  -431.2   -16.5    -0.6   3.11    52923  1.16   415   -67  0  0
2023  83 23  5    4.09   -8.37   -2.53  -437.3    -7.9    -2.3   2.69    48194  1.03   370   -66  0  0
2023  83 23 10    4.90   -8.41   -0.34  -436.0    -7.4     2.0   2.49    57674  0.95   417   -63  0  0
2023  83 23 15    4.97   -8.47   -0.04  -435.4     0.5    20.0   2.49    61342  0.95   583   -62  0  0
2023  83 23 20    4.82   -8.70   -0.22  -433.0    -1.4    21.4   1.93    62512  0.72   654   -62  0  0
2023  83 23 25    4.66   -8.78   -0.22  -435.5   -10.7    14.2   1.94    76542  0.74   761   -61  0  0
2023  83 23 30    4.68   -8.63    0.05  -439.4   -14.5    10.4   2.16    66221  0.84   787   -61  0  0
2023  83 23 35    4.90   -8.54    0.30  -449.6     1.0     1.3   2.12    81485  0.86   748   -62  0  0
2023  83 23 40    4.94   -8.77   -0.07  -457.3    -0.2    -9.1   2.03    79082  0.85   730   -63  0  0
2023  83 23 45    6.02   -7.02    1.93  -473.0    11.2   -19.5   4.43    58744  2.01   671   -61  0  0
2023  83 23 50    5.84   -7.36    2.01  -473.6    20.2   -22.3   3.86    66279  1.74   705   -57  0  0
2023  83 23 55    5.73   -7.60    1.95  -471.4    22.5   -16.5   3.52   105536  1.57   712   -55  0  0
2023  84  0  0    5.87   -7.14    2.22  -473.8    18.9   -13.2   4.37    81078  1.98   669   -57  0  0
2023  84  0  5    5.97   -6.67    2.56  -479.0    15.4   -16.4   4.09    45978  1.88   661   -55  0  0
2023  84  0 10    6.22   -6.49    3.11  -464.5    26.0    -7.2   4.58    67359  1.99   621   -55  0  0
2023  84  0 15    4.96   -6.63    1.24  -445.9     2.8     2.6   3.19    88290  1.27   529   -57  0  0
2023  84  0 20    4.84   -6.21    0.57  -436.3   -21.5     0.6   4.11   131442  1.57   401   -59  0  0
2023  84  0 25    5.75   -5.10    0.42  -435.1   -10.3     7.2   4.13   157105  1.57   370   -58  0  0
2023  84  0 30    5.93   -4.82    1.09  -437.2   -21.5     5.5   4.19   161755  1.60   384   -55  0  0
2023  84  0 35    6.21   -5.05    0.54  -441.1   -19.2    -9.8   4.45   166293  1.74   336   -54  0  0
2023  84  0 40    5.95   -5.27    2.62  -439.2    -4.9     3.8   4.43   100432  1.71   324   -55  0  0
2023  84  0 45    6.15   -5.39    3.32  -443.3   -29.3     0.4   4.35    71492  1.72   343   -55  0  0
2023  84  0 50    5.78   -5.56    3.79  -446.5   -21.0     6.7   4.55    63794  1.82   318   -54 -1 -1
2023  84  0 55    5.41   -5.74    4.27  -449.6   -12.7    13.0   4.75    56096  1.92   293   -53  0  0
