2018 237 12  0    3.36   -3.33    7.19  -401.2     5.7     3.8  11.47   23968.   11.0    0    0  0.2316   3.58   0.00   0.00   0.00   0.00   0.00   0.00
2018 237 12  5    3.72   -3.46    7.86  -405.7     5.7    -0.7   9.38   16083.   12.0    0    0  0.2350   2.99   0.00   0.00   0.00   0.00   0.00   0.00
2018 237 12 10    4.43   -3.25    7.69  -404.6     2.5     2.6   9.49   19722.   10.0    0   -1  0.2384   3.01   0.00   0.00   0.00   0.00   0.00   0.00
2018 237 12 15    4.17   -3.84    7.52  -403.5    -0.8     6.0   9.60   23361.    9.0    0    0  0.2418   3.03   0.00   0.00   0.00   0.00   0.00   0.00
2018 237 12 20    3.43   -5.07    6.68  -402.3     3.2     5.0  10.13   26120.    8.0    0    0  0.2452   3.18   0.00   0.00   0.00   0.00   0.00   0.00
2018 237 12 25    2.76   -5.52    6.67  -401.9     4.1     3.7  10.43   27629.   16.0    0    0  0.2486   3.26   0.00   0.00   0.00   0.00   0.00   0.00
2018 237 12 30    2.81   -5.73    6.41  -402.5     3.1     5.9  10.64   29763.   19.0    0    0  0.2519   3.34   0.00   0.00   0.00   0.00   0.00   0.00
2018 237 12 35    2.86   -5.66    6.57  -402.5     2.2     4.4  10.38   29234.   19.0    0    0  0.2552   3.26   0.00   0.00   0.00   0.00   0.00   0.00
2018 237 12 40    2.60   -5.89    6.59  -402.6     0.5     1.5   9.86   28175.   17.0    0    0  0.2584   3.10   0.00   0.00   0.00   0.00   0.00   0.00
2018 237 12 45    1.51   -4.19    6.27  -398.4    -7.4     3.8  13.75   42358.   12.0    0    0  0.2617   4.23   0.00   0.00   0.00   0.00   0.00   0.00
2018 237 12 50    1.80   -4.70    5.57  -402.0    -3.6     4.0  14.81   46687.   15.0    0    0  0.2648   4.64   0.00   0.00   0.00   0.00   0.00   0.00
2018 237 12 55    1.88   -5.24    5.83  -403.8    -2.5     2.4  13.60   38768.   17.0    0    0  0.2680   4.30   0.00   0.00   0.00   0.00   0.00   0.00
2018 237 13  0    1.61   -5.07    6.08  -404.6    -4.7     4.0  15.45   37556.   19.0    0   -1  0.2711   4.90   0.00   0.00   0.00   0.00   0.00   0.00
2018 237 13  5    2.23   -4.78    4.89  -405.5    -6.8     5.6  17.31   36343.   19.0    0    0  0.2742   5.52   0.00   0.00   0.00   0.00   0.00   0.00
2018 237 13 10    2.54   -3.93    5.07  -404.6    -7.3     6.8  20.08   35997.   21.0    0    0  0.2772   6.37   0.00   0.00   0.00   0.00   0.00   0.00
2018 237 13 15    3.04   -4.12    4.64  -403.8    -9.4     5.3  21.26   37869.   21.0    0    0  0.2802   6.72   0.00   0.00   0.00   0.00   0.00   0.00
2018 237 13 20    2.93   -3.57    6.14  -408.6   -12.0     8.1  21.97   51601.   19.0    0    0  0.2832   7.11   0.00   0.00   0.00   0.00   0.00   0.00
2018 237 13 25    6.74   -0.08    8.22  -415.8   -15.4     7.8  12.70   29460.   14.0    0    0  0.2861   4.26   0.00   0.00   0.00   0.00   0.00   0.00
2018 237 13 30    5.68   -1.41    8.70  -413.7    -3.3     6.2  14.08   17170.   14.0    0    0  0.2889   4.67   0.00   0.00   0.00   0.00   0.00   0.00
2018 237 13 35    6.49    1.08    8.70  -409.2     5.8    -3.8   7.78   18446.   11.0    0    0  0.2917   2.52   0.00   0.00   0.00   0.00   0.00   0.00
2018 237 13 40    4.54   -0.77    8.85  -409.7     4.9     1.5   9.74   32656.    6.0    0    0  0.2945   3.17   0.00   0.00   0.00   0.00   0.00   0.00
2018 237 13 45   -0.45   -6.83    7.61  -430.1    -8.1   -16.4   6.85   28034.    9.0    0    0  0.2972   2.46   0.00   0.00   0.00   0.00   0.00   0.00
2018 237 13 50   -2.07   -8.04    6.93  -443.3   -15.9   -32.8   5.98   22537.    9.0    0    0  0.2999   2.29   0.00   0.00   0.00   0.00   0.00   0.00
2018 237 13 55   -2.08   -7.73    7.14  -441.9   -15.6   -29.3   6.77   21951.    8.0    0    0  0.3024   2.58   0.00   0.00   0.00   0.00   0.00   0.00
2018 237 14  0   -2.04   -7.60    7.43  -441.4   -18.5   -30.9   6.56   23181.    8.0    0    0  0.3050   2.49   0.00   0.00   0.00   0.00   0.00   0.00
2018 237 14  5   -2.25   -8.44    6.78  -442.6   -22.2   -36.5   5.95   25374.    9.0    0    0  0.3075   2.28   0.00   0.00   0.00   0.00   0.00   0.00
2018 237 14 10   -2.10   -8.36    7.05  -447.9   -20.9   -46.0   6.22   27906.    8.0    0    0  0.3099   2.45   0.00   0.00   0.00   0.00   0.00   0.00
2018 237 14 15   -3.87   -9.43    4.48  -444.9   -18.5   -43.0   6.84   26303.    9.0    0    0  0.3123   2.65   0.00   0.00   0.00   0.00   0.00   0.00
2018 237 14 20   -4.33   -9.28    4.54  -443.6   -18.5   -39.6   7.25   27880.   10.0    0    0  0.3146   2.79   0.00   0.00   0.00   0.00   0.00   0.00
2018 237 14 25   -4.69   -9.06    4.75  -441.6   -23.3   -38.7   7.91   33599.   10.0    0    0  0.3168   3.02   0.00   0.00   0.00   0.00   0.00   0.00
2018 237 14 30   -5.07   -8.89    4.83  -440.4   -24.4   -38.1   7.97   31704.   10.0    0    0  0.3190   3.03   0.00   0.00   0.00   0.00   0.00   0.00
2018 237 14 35   -4.65   -9.27    4.77  -440.5   -22.6   -38.4   8.15   31866.   10.0    0    0  0.3211   3.09   0.00   0.00   0.00   0.00   0.00   0.00
2018 237 14 40   -4.57   -9.82    4.21  -438.2   -19.6   -34.9   7.85   32158.   10.0    0    0  0.3232   2.94   0.00   0.00   0.00   0.00   0.00   0.00
2018 237 14 45   -4.80  -10.03    3.95  -438.6   -15.9   -34.7   7.97   29201.   10.0    0    0  0.3252   2.99   0.00   0.00   0.00   0.00   0.00   0.00
2018 237 14 50   -5.09  -10.14    3.91  -435.5   -16.6   -34.8   7.66   31906.   10.0    0    0  0.3271   2.84   0.00   0.00   0.00   0.00   0.00   0.00
2018 237 14 55   -5.37  -10.30    3.60  -436.6   -14.2   -35.3   7.09   31392.   10.0    0    0  0.3289   2.64   0.00   0.00   0.00   0.00   0.00   0.00
2018 237 15  0   -5.54   -9.99    4.16  -437.7   -15.8   -41.8   7.85   33715.    8.0    0    0  0.3307   2.94   0.00   0.00   0.00   0.00   0.00   0.00
2018 237 15  5   -6.10  -10.46    2.94  -436.0   -15.3   -31.9   6.79   37923.   10.0    0    0  0.3324   2.52   0.00   0.00   0.00   0.00   0.00   0.00
2018 237 15 10   -7.59  -10.02    1.10  -437.7   -18.9   -25.0   6.44   43976.    8.0    0    0  0.3341   2.40   0.00   0.00   0.00   0.00   0.00   0.00
2018 237 15 15   -7.38  -10.28    1.35  -433.8   -20.4   -19.1   7.12   45071.    8.0    0    0  0.3356   2.61   0.00   0.00   0.00   0.00   0.00   0.00
2018 237 15 20   -7.73  -10.19    0.34  -435.8   -20.3   -24.7   6.44   40057.    8.0    0    0  0.3371   2.38   0.00   0.00   0.00   0.00   0.00   0.00
2018 237 15 25   -7.41  -10.56   -0.58  -437.5   -30.5   -20.4   6.43   36999.    8.0    0    0  0.3385   2.40   0.01   0.01   0.00   0.00   0.03   0.05
2018 237 15 30   -7.47  -10.51   -1.08  -431.5   -20.9   -17.8   7.74   50607.    7.0    0    0  0.3399   2.80   0.02   0.03   0.00   0.01   0.07   0.12
2018 237 15 35   -7.48  -10.38   -1.49  -431.4   -23.0   -21.6   8.93   39078.    7.0    0    0  0.3411   3.24   0.03   0.05   0.00   0.03   0.13   0.22
2018 237 15 40   -8.11  -10.21   -0.50  -433.7   -27.0   -25.8   8.47   44301.    8.0    0    0  0.3423   3.11   0.03   0.06   0.00   0.03   0.15   0.27
2018 237 15 45   -8.66   -9.88   -1.07  -432.9   -19.9   -21.3   7.30   44541.    7.0    0   -1  0.3434   2.66   0.04   0.08   0.00   0.04   0.18   0.32
2018 237 15 50   -8.45  -10.04   -1.82  -432.1   -12.7   -16.8   6.13   44781.    6.0    0    0  0.3445   2.22   0.06   0.10   0.00   0.05   0.23   0.38
2018 237 15 55   -8.93   -9.38   -3.32  -426.8   -25.5    -7.9   6.55   52152.    6.0    0    0  0.3454   2.32   0.08   0.14   0.01   0.08   0.30   0.46
2018 237 16  0   -9.27   -9.12   -3.00  -422.5   -29.8    -7.2  10.41   34085.    5.0    0    0  0.3463   3.62   0.11   0.19   0.01   0.12   0.38   0.62
2018 237 16  5   -9.71   -8.50   -3.64  -423.2   -30.1     0.9   9.26   44426.    6.0    0    0  0.3471   3.23   0.14   0.24   0.01   0.16   0.46   0.76
2018 237 16 10   -9.56   -8.64   -3.73  -419.6   -28.6     4.4   8.75   44225.    6.0    0    0  0.3478   3.00   0.17   0.29   0.01   0.20   0.53   0.87
2018 237 16 15   -9.35   -7.95   -4.69  -420.9   -29.8     6.9   9.09   39363.    4.0    0    0  0.3484   3.14   0.21   0.35   0.02   0.26   0.62   1.01
2018 237 16 20   -9.33   -7.18   -4.99  -422.6   -39.4     6.9   7.05   51999.    6.0    0    0  0.3490   2.46   0.24   0.41   0.02   0.31   0.69   1.09
2018 237 16 25  -10.45   -5.43   -5.48  -420.0   -40.1     6.9   6.63   57242.    6.0    0    0  0.3495   2.29   0.28   0.46   0.02   0.37   0.76   1.16
2018 237 16 30  -10.17   -7.14   -3.79  -417.3   -27.7     0.8   6.70   57001.    5.0    0    0  0.3499   2.27   0.30   0.49   0.03   0.39   0.79   1.20
2018 237 16 35  -10.06   -7.26   -4.32  -419.5   -18.3    -7.8   6.69   69279.    4.0    0    0  0.3502   2.29   0.32   0.53   0.03   0.43   0.83   1.25
2018 237 16 40   -9.84   -8.09   -3.47  -418.6   -20.5   -15.1   5.88   56281.    4.0    0    0  0.3504   2.00   0.34   0.54   0.03   0.44   0.85   1.26
2018 237 16 45  -10.11   -7.43   -4.18  -414.6   -21.3    -7.2   5.82   45146.    4.0    0    0  0.3505   1.94   0.36   0.57   0.03   0.47   0.87   1.27
2018 237 16 50  -10.19   -7.03   -4.26  -421.0   -22.8    -4.1   7.12   54375.    4.0    0    0  0.3506   2.45   0.39   0.60   0.04   0.50   0.90   1.33
2018 237 16 55   -9.94   -7.44   -4.34  -419.3   -27.2    -6.4   6.83   57708.    4.0    0    0  0.3506   2.34   0.41   0.63   0.04   0.52   0.94   1.37
2018 237 17  0  -10.13   -8.11   -2.66  -413.4   -20.0    -7.3   6.16   53290.    4.0    0    0  0.3505   2.04   0.42   0.64   0.04   0.53   0.93   1.36
2018 237 17  5   -9.90   -7.35   -4.78  -419.2   -27.4    -7.0   6.68   62004.    4.0    0    0  0.3503   2.28   0.44   0.67   0.04   0.56   0.96   1.40
2018 237 17 10   -9.73   -6.70   -6.12  -417.6   -25.7   -10.4   5.99   62117.    4.0    0    0  0.3500   2.03   0.47   0.71   0.05   0.61   1.01   1.44
2018 237 17 15   -9.24   -5.86   -7.86  -419.4   -29.1    11.7   6.59   59912.    5.0    0    0  0.3497   2.26   0.52   0.78   0.05   0.70   1.09   1.51
2018 237 17 20   -9.35   -6.37   -7.37  -415.2   -20.8    -2.8   6.12   51601.    4.0    0    0  0.3493   2.05   0.56   0.83   0.06   0.76   1.14   1.56
2018 237 17 25   -9.32   -5.72   -7.98  -416.4   -20.2    -1.6   6.46   47918.    5.0    0    0  0.3488   2.17   0.60   0.89   0.07   0.84   1.20   1.62
2018 237 17 30   -9.54   -3.11   -8.95  -420.7   -30.2     7.3   6.62   60157.    4.0    0    0  0.3482   2.28   0.65   0.96   0.07   0.94   1.28   1.70
2018 237 17 35   -9.97   -3.14   -8.32  -416.3   -46.7     1.4   7.52   59286.    2.0    0    0  0.3475   2.56   0.69   1.03   0.08   1.02   1.35   1.79
2018 237 17 40   -9.63   -4.31   -8.25  -411.3   -25.0    -2.5   6.32   47120.    1.0    0    0  0.3467   2.08   0.73   1.08   0.09   1.09   1.39   1.83
2018 237 17 45   -9.72   -3.53   -8.49  -410.2   -26.2     2.7   6.10   41952.   -1.0    0    0  0.3459   2.00   0.77   1.13   0.09   1.15   1.43   1.86
2018 237 17 50   -9.67   -3.12   -8.68  -408.6   -26.3     5.7   6.20   40970.   -3.0    0    0  0.3450   2.01   0.81   1.18   0.10   1.22   1.47   1.89
2018 237 17 55   -9.56   -2.63   -8.95  -411.6   -37.5     6.6   6.76   50231.   -2.0    0    0  0.3440   2.24   0.85   1.23   0.11   1.30   1.52   1.95
2018 237 18  0   -9.55   -3.31   -8.69  -411.4   -33.3     8.4   6.41   44382.   -4.0    0    0  0.3429   2.12   0.89   1.28   0.11   1.36   1.55   1.98
2018 237 18  5   -9.76   -4.25   -8.14  -409.3   -19.0     1.4   6.15   38482.   -7.0    0    0  0.3418   2.00   0.92   1.31   0.12   1.41   1.57   2.00
2018 237 18 10   -9.36   -2.67   -9.27  -410.1   -31.6     4.8   6.15   39800.   -9.0    0    0  0.3406   2.02   0.95   1.36   0.12   1.48   1.61   2.03
2018 237 18 15   -9.53   -3.02   -9.08  -412.1   -27.6    12.4   6.07   40500.  -10.0    0    0  0.3393   2.01   0.99   1.40   0.13   1.54   1.64   2.05
2018 237 18 20   -9.47   -3.05   -9.18  -411.6   -23.5     9.5   6.00   37759.  -11.0    0    0  0.3379   1.98   1.02   1.44   0.14   1.59   1.66   2.07
2018 237 18 25   -9.41   -4.76   -8.54  -415.5   -11.0     2.7   7.04   45420.  -13.0    0    0  0.3364   2.36   1.06   1.48   0.15   1.65   1.69   2.12
2018 237 18 30   -9.66   -4.17   -8.62  -414.0   -14.8     1.9   6.79   49945.  -13.0    0    0  0.3349   2.26   1.09   1.52   0.15   1.70   1.72   2.16
2018 237 18 35   -9.39   -4.08   -9.24  -415.3   -21.1     7.5   6.20   39813.  -14.0    0    0  0.3333   2.08   1.12   1.55   0.16   1.75   1.74   2.18
2018 237 18 40   -9.39   -4.28   -9.29  -415.5   -19.6     2.9   6.64   44388.  -15.0    0    0  0.3317   2.23   1.15   1.59   0.17   1.81   1.77   2.22
2018 237 18 45   -9.63   -4.62   -8.88  -412.2   -16.0    -0.3   6.25   39424.  -18.0    0    0  0.3299   2.06   1.18   1.62   0.17   1.85   1.78   2.24
2018 237 18 50  -10.09   -3.92   -8.60  -411.3   -22.5    -0.5   6.40   40567.  -20.0    0    0  0.3281   2.10   1.21   1.64   0.18   1.89   1.79   2.25
2018 237 18 55  -10.11   -3.77   -8.58  -409.8   -26.0    -4.8   5.66   34023.  -21.0    0    0  0.3262   1.85   1.23   1.66   0.18   1.91   1.79   2.24
2018 237 19  0   -9.97   -4.01   -8.82  -410.0   -16.9    -7.8   5.92   37582.  -24.0    0    0  0.3243   1.93   1.25   1.68   0.19   1.95   1.80   2.24
2018 237 19  5  -10.54   -4.37   -7.91  -411.0   -26.9     2.9   6.64   41950.  -25.0    0    0  0.3222   2.18   1.27   1.70   0.20   1.97   1.80   2.25
2018 237 19 10  -10.63   -4.72   -7.56  -409.7   -15.0    -6.6   7.23   48049.  -26.0    0    0  0.3201   2.35   1.29   1.71   0.20   1.98   1.80   2.28
2018 237 19 15  -10.42   -4.85   -7.90  -410.9   -17.3    -5.4   6.65   45815.  -27.0    0    0  0.3180   2.18   1.31   1.72   0.21   2.00   1.80   2.29
2018 237 19 20  -10.99   -4.88   -7.26  -408.7    -9.7    -6.2   6.15   39472.  -28.0    0    0  0.3158   1.99   1.32   1.73   0.21   2.00   1.78   2.28
2018 237 19 25  -10.51   -3.86   -8.31  -408.0   -15.6    -6.4   6.36   44124.  -28.0    0    0  0.3135   2.05   1.34   1.74   0.22   2.02   1.79   2.28
2018 237 19 30   -9.49   -5.46   -8.66  -415.8   -14.4     0.6   7.10   47364.  -29.0    0    0  0.3111   2.38   1.36   1.77   0.22   2.06   1.81   2.32
2018 237 19 35   -9.37   -5.22   -9.08  -420.4   -12.4    -0.1   7.49   47288.  -30.0    0    0  0.3087   2.57   1.39   1.80   0.23   2.11   1.84   2.38
2018 237 19 40   -9.99   -5.69   -8.09  -415.9    -7.3    -4.1   7.69   52330.  -31.0    0    0  0.3063   2.58   1.41   1.82   0.24   2.13   1.85   2.43
2018 237 19 45  -10.59   -3.34   -8.25  -407.5   -24.0    -7.5   6.96   37647.  -30.0    0    0  0.3038   2.25   1.43   1.84   0.24   2.15   1.85   2.44
2018 237 19 50   -9.96   -3.31   -9.48  -409.2   -22.7    -2.0   7.08   35567.  -30.0    0    0  0.3012   2.30   1.46   1.87   0.25   2.19   1.87   2.47
2018 237 19 55  -10.55   -4.52   -8.39  -405.7   -15.5    -3.9   7.46   37797.  -32.0    0    0  0.2985   2.38   1.48   1.88   0.26   2.21   1.88   2.50
2018 237 20  0   -9.71   -2.75   -9.88  -408.7   -19.9     1.5   7.45   32826.  -31.0    0    0  0.2958   2.42   1.51   1.92   0.26   2.27   1.91   2.54
2018 237 20  5   -7.61   -0.70  -12.01  -421.5   -34.9    18.0   7.24   35550.  -30.0    0    0  0.2931   2.51   1.55   1.98   0.27   2.37   1.97   2.62
2018 237 20 10   -8.30   -1.88  -11.37  -420.1   -32.6    18.4   7.80   40042.  -30.0    0    0  0.2903   2.69   1.59   2.03   0.28   2.46   2.03   2.70
2018 237 20 15   -9.01   -2.48  -10.66  -414.7   -28.7    12.9   6.94   35912.  -32.0    0    0  0.2875   2.33   1.62   2.07   0.29   2.51   2.05   2.73
2018 237 20 20   -9.50   -2.57   -9.94  -414.7   -21.2     9.5   7.15   34401.  -33.0    0    0  0.2846   2.39   1.65   2.09   0.30   2.55   2.07   2.75
2018 237 20 25  -11.21   -3.87   -8.39  -409.9   -22.9     5.0   7.28   32344.  -34.0    0    0  0.2816   2.38   1.66   2.10   0.31   2.56   2.06   2.76
2018 237 20 30  -11.20   -3.90   -8.75  -405.0   -21.0     1.9   6.68   31701.  -37.0    0    0  0.2786   2.13   1.67   2.10   0.31   2.56   2.04   2.74
2018 237 20 35  -10.70   -3.83   -9.37  -405.9   -19.6     2.9   6.74   31484.  -38.0    0    0  0.2756   2.16   1.69   2.11   0.32   2.58   2.04   2.74
2018 237 20 40   -9.61   -3.59  -10.93  -412.2   -21.4    10.8   7.55   31999.  -38.0    0    0  0.2725   2.49   1.72   2.15   0.33   2.64   2.07   2.78
2018 237 20 45   -9.00   -3.01  -11.75  -413.3   -20.4    12.4   7.20   31803.  -35.0    0    0  0.2694   2.39   1.75   2.19   0.34   2.71   2.11   2.83
2018 237 20 50  -10.70   -3.52   -9.70  -411.0   -12.8    13.9   7.38   36064.  -33.0    0    0  0.2663   2.42   1.77   2.21   0.35   2.74   2.11   2.85
2018 237 20 55  -12.30   -5.15   -7.22  -411.0     4.8    12.9   8.72   37285.  -30.0    0    0  0.2631   2.86   1.78   2.20   0.35   2.72   2.09   2.88
2018 237 21  0  -12.29   -4.20   -8.01  -402.8   -21.4     2.9   8.38   54959.  -27.0    0    0  0.2599   2.64   1.78   2.21   0.36   2.71   2.08   2.89
2018 237 21  5  -11.74   -2.94   -9.33  -412.7    -7.2    23.8   7.78   34040.  -28.0    0    0  0.2566   2.58   1.80   2.22   0.36   2.74   2.09   2.92
2018 237 21 10  -11.12   -2.15  -10.22  -414.6   -32.6    27.0   6.56   37261.  -29.0    0    0  0.2533   2.21   1.82   2.24   0.37   2.77   2.10   2.92
2018 237 21 15  -11.42   -2.66   -9.31  -412.6   -28.3    26.5   6.63   36870.  -27.0    0    0  0.2500   2.21   1.83   2.24   0.38   2.78   2.09   2.90
2018 237 21 20  -12.61   -3.24   -7.99  -398.7   -10.5    -0.1   6.74   35430.  -27.0    0    0  0.2466   2.08   1.83   2.23   0.38   2.75   2.06   2.86
2018 237 21 25  -12.67   -1.41   -8.40  -403.3    -7.0     3.8   6.09   28692.  -27.0    0    0  0.2432   1.92   1.83   2.21   0.39   2.74   2.03   2.82
2018 237 21 30  -11.44   -2.95   -9.90  -399.5   -24.1     7.7   6.41   37360.  -28.0    0    0  0.2398   1.99   1.85   2.22   0.39   2.75   2.03   2.79
2018 237 21 35  -11.71   -2.31   -9.82  -399.7   -15.8     2.6   6.32   37954.  -30.0    0    0  0.2364   1.96   1.86   2.23   0.40   2.76   2.02   2.77
2018 237 21 40  -11.82   -1.68   -9.95  -399.5   -23.1     5.2   7.00   28458.  -32.0    0    0  0.2329   2.17   1.87   2.24   0.41   2.78   2.03   2.77
2018 237 21 45  -11.73   -2.55   -9.99  -399.2   -16.7     3.2   7.25   31812.  -34.0    0    0  0.2294   2.24   1.89   2.26   0.41   2.80   2.03   2.77
2018 237 21 50  -12.02   -2.52   -9.76  -397.4   -17.1     0.4   7.17   33314.  -34.0    0    0  0.2259   2.20   1.90   2.27   0.42   2.82   2.03   2.78
2018 237 21 55  -12.04   -2.19   -9.90  -396.5   -17.9     0.4   7.13   29007.  -33.0    0    0  0.2224   2.18   1.91   2.28   0.43   2.83   2.03   2.77
2018 237 22  0  -12.02   -2.29  -10.00  -397.4   -18.6    -0.0   7.53   30121.  -33.0    0    0  0.2189   2.31   1.93   2.30   0.43   2.85   2.04   2.79
2018 237 22  5  -11.35   -2.08  -10.65  -401.6   -19.8     2.2   8.00   32281.  -32.0    0    0  0.2153   2.51   1.95   2.33   0.44   2.89   2.07   2.83
2018 237 22 10  -11.44   -1.94  -10.77  -401.1   -24.2     3.9   7.80   29963.  -32.0    0    0  0.2117   2.44   1.97   2.35   0.45   2.93   2.09   2.87
2018 237 22 15  -11.33   -2.13  -10.93  -402.8   -20.9     4.7   7.98   31698.  -32.0    0    0  0.2082   2.52   1.99   2.38   0.46   2.97   2.11   2.91
2018 237 22 20  -10.12   -1.40  -11.95  -408.5   -26.9     5.4   9.30   40827.  -30.0    0    0  0.2046   3.02   2.03   2.44   0.47   3.06   2.17   3.03
2018 237 22 25  -10.49   -0.10  -10.94  -406.6   -25.9    -0.7   9.10   36227.  -31.0    0    0  0.2010   2.93   2.05   2.48   0.48   3.11   2.20   3.11
2018 237 22 30   -6.53    3.34  -13.72  -421.7   -30.0     6.0  10.33   44167.  -32.0    0    0  0.1974   3.58   2.11   2.57   0.49   3.25   2.30   3.31
2018 237 22 35   -6.87    5.97  -12.64  -418.7   -34.4     2.6  10.94   43488.  -29.0    0    0  0.1938   3.74   2.15   2.64   0.50   3.36   2.38   3.51
2018 237 22 40   -6.80    5.67  -12.74  -418.6   -35.9     3.3  12.01   52733.  -30.0    0    0  0.1901   4.11   2.20   2.72   0.52   3.49   2.47   3.75
2018 237 22 45   -7.33    4.47  -12.87  -418.0   -41.3    -0.3  10.19   36011.  -32.0    0    0  0.1865   3.48   2.24   2.79   0.53   3.59   2.53   3.88
2018 237 22 50   -8.35    3.27  -12.53  -414.7   -33.6     2.5  11.12   41359.  -35.0    0    0  0.1829   3.73   2.29   2.85   0.54   3.68   2.58   4.04
2018 237 22 55   -8.67    4.43  -11.69  -415.8   -34.8     0.8  11.41   45541.  -37.0    0    0  0.1793   3.85   2.32   2.90   0.55   3.75   2.62   4.18
2018 237 23  0   -7.42    4.73  -12.33  -416.6   -35.1     2.6  11.82   44962.  -39.0    0    0  0.1757   4.00   2.36   2.96   0.57   3.83   2.67   4.35
2018 237 23  5   -8.30    4.75  -11.64  -412.3   -38.2    -1.9  11.39   42924.  -40.0    0    0  0.1721   3.78   2.39   3.00   0.58   3.89   2.70   4.47
2018 237 23 10  -12.01    2.17   -9.24  -403.9   -27.7    -3.8  10.20   42740.  -42.0    0    0  0.1685   3.24   2.39   3.00   0.58   3.87   2.67   4.46
2018 237 23 15  -12.68    1.85   -8.71  -404.7   -28.0    -7.2  10.66   40973.  -43.0    0    0  0.1649   3.40   2.40   2.98   0.59   3.84   2.63   4.47
2018 237 23 20  -12.46    1.39   -9.15  -405.0   -30.1    -5.7   9.94   38737.  -46.0    0    0  0.1613   3.18   2.40   2.98   0.60   3.82   2.60   4.45
2018 237 23 25  -11.72    2.21   -9.86  -403.0   -30.3    -6.5  10.59   42168.  -46.0    0    0  0.1577   3.35   2.41   2.98   0.60   3.82   2.59   4.47
2018 237 23 30  -11.09    2.62  -10.57  -405.4   -33.1    -1.6  10.71   43556.  -46.0    0    0  0.1542   3.43   2.43   3.00   0.61   3.84   2.59   4.51
2018 237 23 35  -11.93    0.76   -9.97  -406.4   -31.8    -1.5  10.34   41450.  -49.0    0    0  0.1506   3.33   2.44   3.01   0.62   3.84   2.58   4.53
2018 237 23 40  -12.48    0.71   -9.47  -400.2   -31.9    -4.2  10.61   47647.  -52.0    0    0  0.1471   3.31   2.44   3.01   0.63   3.82   2.57   4.53
2018 237 23 45  -11.94    0.91  -10.22  -398.8   -28.6     2.2  10.38   45227.  -53.0    0    0  0.1436   3.21   2.45   3.01   0.64   3.83   2.56   4.54
2018 237 23 50  -11.84    1.53  -10.20  -398.7   -28.2    -1.6  10.54   46758.  -54.0    0    0  0.1401   3.26   2.46   3.02   0.64   3.83   2.55   4.55
2018 237 23 55  -12.30    1.61   -9.64  -396.3   -23.4    -3.8  10.24   46429.  -55.0    0    0  0.1366   3.13   2.47   3.02   0.65   3.82   2.53   4.53
2018 238  0  0  -11.53   -0.39  -10.37  -398.5   -15.2    -4.2   9.50   39413.  -55.0    0    0  0.1332   2.93   2.47   3.02   0.66   3.82   2.52   4.50
2018 238  0  5  -10.64    0.85  -10.96  -415.3   -41.0    15.3  13.70   46086.  -56.0    0    0  0.1298   4.63   2.50   3.07   0.67   3.88   2.57   4.71
2018 238  0 10   -9.48    2.94  -11.80  -411.5   -40.7     7.4  12.27   48390.  -57.0    0    0  0.1264   4.07   2.53   3.12   0.68   3.95   2.62   4.84
2018 238  0 15  -10.35    2.16  -11.37  -408.3   -28.8     4.5  11.52   46578.  -58.0    0    0  0.1230   3.74   2.56   3.15   0.69   3.99   2.64   4.91
2018 238  0 20   -9.75    2.02  -12.01  -409.8   -29.8     6.6  11.67   43663.  -59.0    0    0  0.1196   3.82   2.58   3.19   0.70   4.05   2.68   5.00
2018 238  0 25  -10.40    1.94  -11.58  -405.5   -32.0    -0.1  11.81   46831.  -61.0    0    0  0.1163   3.78   2.61   3.23   0.71   4.09   2.70   5.07
2018 238  0 30  -10.58    1.59  -11.60  -403.7   -26.8     1.7  11.60   46255.  -63.0    0    0  0.1131   3.68   2.63   3.25   0.72   4.13   2.72   5.12
2018 238  0 35  -10.55    1.09  -11.78  -404.9   -25.3     4.1  11.12   40834.  -64.0    0    0  0.1098   3.55   2.65   3.28   0.73   4.17   2.73   5.16
2018 238  0 40  -10.21    1.80  -11.99  -405.5   -23.7     1.8  11.62   40681.  -64.0    0    0  0.1066   3.71   2.67   3.31   0.74   4.22   2.75   5.21
2018 238  0 45   -9.71    0.65  -12.63  -408.9   -23.1     2.9  12.58   42710.  -65.0    0    0  0.1034   4.09   2.70   3.36   0.75   4.29   2.79   5.33
2018 238  0 50   -9.83    2.17  -12.94  -408.9   -26.9     4.8  11.11   40222.  -66.0    0    0  0.1003   3.61   2.73   3.40   0.77   4.36   2.82   5.38
2018 238  0 55  -10.01    1.82  -12.75  -409.2   -23.4     3.9  10.91   38858.  -67.0    0    0  0.0972   3.55   2.76   3.43   0.78   4.41   2.84   5.41
2018 238  1  0   -9.07    2.31  -13.22  -410.1   -27.4     3.1  11.99   36615.  -67.0    0    0  0.0941   3.92   2.79   3.48   0.79   4.49   2.88   5.51
2018 238  1  5   -7.42    2.41  -14.23  -418.3   -26.1     6.8  13.22   45237.  -70.0    0    0  0.0911   4.50   2.84   3.56   0.81   4.61   2.96   5.70
2018 238  1 10   -8.74    3.04  -13.51  -413.4   -31.6     5.7  12.39   40721.  -71.0    0    0  0.0881   4.13   2.87   3.61   0.82   4.70   3.00   5.81
2018 238  1 15   -9.24    3.75  -12.92  -408.8   -33.5    -0.4  12.07   39682.  -73.0    0    0  0.0852   3.93   2.90   3.64   0.83   4.75   3.02   5.87
2018 238  1 20   -9.13    4.60  -12.50  -409.4   -36.0    -0.1  12.64   42395.  -76.0    0    0  0.0823   4.14   2.92   3.67   0.84   4.80   3.04   5.95
2018 238  1 25  -10.30    3.45  -12.19  -404.7   -26.2    -2.3  12.62   44279.  -79.0    0    0  0.0795   4.02   2.94   3.70   0.85   4.83   3.04   6.00
2018 238  1 30  -10.22    4.42  -12.30  -403.7   -37.5    -0.4  11.05   38086.  -82.0    0    0  0.0767   3.52   2.96   3.71   0.86   4.85   3.03   5.98
2018 238  1 35  -11.47    2.96  -11.91  -400.4   -31.4     0.5  10.68   39181.  -82.0    0    0  0.0740   3.34   2.97   3.71   0.87   4.85   3.01   5.93
2018 238  1 40  -12.28    1.26  -11.52  -395.5   -22.1    -2.6  10.90   38879.  -83.0    0    0  0.0713   3.31   2.97   3.70   0.88   4.84   2.98   5.87
2018 238  1 45  -12.33    0.47  -11.53  -395.7   -19.5   -11.4  10.47   33383.  -86.0    0    0  0.0686   3.19   2.97   3.70   0.89   4.83   2.95   5.80
2018 238  1 50  -12.99   -1.22  -10.67  -390.3   -12.2    -9.8  11.00   37321.  -87.0    0    0  0.0661   3.25   2.97   3.68   0.90   4.79   2.91   5.73
2018 238  1 55  -12.96   -0.37  -11.24  -390.5   -14.4    -6.7  10.24   37708.  -88.0    0    0  0.0635   3.03   2.97   3.67   0.91   4.77   2.88   5.65
2018 238  2  0  -12.60    0.77  -11.54  -392.9   -18.8     0.0  11.23   40298.  -87.0    0    0  0.0611   3.37   2.98   3.67   0.91   4.76   2.86   5.62
2018 238  2  5  -10.90    2.49  -13.31  -401.2   -31.3     6.1  10.71   39780.  -87.0    0    0  0.0586   3.36   3.00   3.69   0.93   4.80   2.88   5.62
2018 238  2 10   -7.49    7.04  -14.35  -403.8   -25.5    -0.0  11.94   22416.  -88.0    0    0  0.0563   3.79   3.03   3.74   0.94   4.89   2.92   5.70
2018 238  2 15   -9.19    5.49  -14.32  -403.9   -31.9     7.1  10.93   23839.  -89.0    0    0  0.0540   3.48   3.06   3.78   0.95   4.96   2.95   5.72
2018 238  2 20   -5.88    8.58  -14.52  -409.1   -30.1     4.6  13.45   19628.  -92.0    0    0  0.0518   4.38   3.10   3.84   0.97   5.06   3.02   5.89
2018 238  2 25   -6.97    7.39  -14.69  -405.7   -28.0     4.1  13.21   21473.  -94.0    0    0  0.0496   4.23   3.13   3.90   0.98   5.16   3.07   6.03
2018 238  2 30   -8.07    5.57  -14.84  -402.4   -22.2     6.6  11.96   23618.  -98.0    0    0  0.0475   3.76   3.17   3.95   0.99   5.24   3.10   6.08
2018 238  2 35   -9.20    6.10  -13.99  -399.9   -23.5     3.0  13.86   19667. -102.0    0    0  0.0454   4.31   3.20   4.00   1.01   5.32   3.14   6.21
2018 238  2 40   -9.47    6.28  -13.80  -397.3   -21.8     2.4  13.62   24348. -104.0    0    0  0.0434   4.18   3.22   4.05   1.02   5.37   3.16   6.30
2018 238  2 45   -8.90    7.01  -13.95  -399.7   -23.2     5.4  13.58   19488. -104.0    0    0  0.0415   4.22   3.25   4.09   1.03   5.43   3.18   6.39
2018 238  2 50   -8.64    8.57  -13.37  -401.0   -31.6     2.5  13.36   19264. -105.0    0    0  0.0396   4.19   3.27   4.12   1.04   5.47   3.20   6.46
2018 238  2 55   -8.12    9.30  -13.18  -402.0   -37.4    -0.4  13.84   20787. -109.0    0    0  0.0378   4.37   3.29   4.15   1.06   5.51   3.21   6.55
2018 238  3  0   -8.45    7.50  -13.99  -403.1   -31.6     2.9  12.96   18201. -112.0    0    0  0.0361   4.10   3.32   4.18   1.07   5.56   3.23   6.61
2018 238  3  5   -8.67    6.07  -14.69  -399.6   -20.4     7.5  13.28   19441. -114.0    0    0  0.0345   4.12   3.35   4.22   1.08   5.63   3.26   6.68
2018 238  3 10   -7.39    7.62  -14.74  -405.2   -27.5     5.0  14.37   16026. -116.0    0    0  0.0329   4.59   3.38   4.28   1.10   5.72   3.30   6.82
2018 238  3 15   -6.98    7.81  -14.87  -407.0   -28.0     5.2  15.18   15812. -117.0    0    0  0.0314   4.89   3.42   4.34   1.11   5.82   3.35   7.00
2018 238  3 20   -6.84    7.41  -15.15  -407.4   -26.6     6.3  15.48   15871. -119.0    0    0  0.0299   5.00   3.46   4.41   1.13   5.92   3.41   7.20
2018 238  3 25   -8.02    6.43  -14.99  -402.4   -24.8     5.6  14.84   17408. -122.0    0    0  0.0285   4.67   3.50   4.47   1.15   6.00   3.44   7.33
2018 238  3 30   -7.12    7.61  -14.78  -406.5   -29.1     2.3  17.01   17273. -124.0    0    0  0.0272   5.47   3.54   4.54   1.16   6.10   3.49   7.57
2018 238  3 35   -8.28    6.12  -14.78  -401.8   -21.6     3.4  16.54   17066. -125.0    0    0  0.0260   5.19   3.57   4.60   1.18   6.19   3.53   7.75
2018 238  3 40   -7.52    7.69  -14.54  -402.8   -28.4     2.3  15.72   17096. -128.0    0    0  0.0248   4.97   3.60   4.65   1.19   6.25   3.56   7.88
2018 238  3 45   -7.56    8.06  -14.30  -403.4   -29.3     1.1  14.72   16954. -134.0    0    0  0.0238   4.66   3.63   4.68   1.21   6.30   3.57   7.94
2018 238  3 50   -7.75    7.60  -14.45  -401.3   -27.6     2.5  15.18   19326. -138.0    0    0  0.0227   4.76   3.65   4.71   1.22   6.35   3.58   8.02
2018 238  3 55   -7.86    8.03  -13.98  -400.1   -27.5     1.3  16.25   17957. -139.0    0    0  0.0218   5.06   3.68   4.75   1.23   6.39   3.59   8.13
2018 238  4  0   -7.81    7.10  -13.91  -399.1   -21.6    -0.5  21.36   21379. -141.0    0    0  0.0209   6.61   3.71   4.82   1.25   6.47   3.64   8.49
2018 238  4  5   -8.25    6.47  -14.11  -395.3   -14.5     0.5  20.04   22234. -143.0    0    0  0.0202   6.07   3.75   4.89   1.26   6.53   3.67   8.75
2018 238  4 10   -7.58    6.87  -13.96  -397.0   -12.9     2.0  22.45   23354. -146.0    0    0  0.0194   6.86   3.79   4.97   1.28   6.61   3.71   9.11
2018 238  4 15   -7.75    4.55  -15.16  -398.5   -13.2     2.7  20.56   20897. -149.0    0    0  0.0188   6.33   3.83   5.05   1.29   6.72   3.76   9.40
2018 238  4 20   -6.84    5.17  -15.66  -399.5   -13.1     4.3  17.96   18243. -151.0    0    0  0.0182   5.56   3.87   5.12   1.31   6.81   3.80   9.55
2018 238  4 25   -6.66    7.39  -14.49  -400.5   -22.4     1.6  18.35   20162. -151.0    0    0  0.0178   5.72   3.90   5.16   1.33   6.87   3.81   9.68
2018 238  4 30   -7.32    7.57  -14.27  -397.5   -18.7     1.5  18.64   21359. -152.0    0    0  0.0174   5.72   3.92   5.20   1.34   6.91   3.82   9.80
2018 238  4 35   -7.14    6.98  -14.25  -395.9   -20.3    -2.8  22.03   22557. -154.0    0    0  0.0170   6.71   3.96   5.27   1.36   6.98   3.86  10.08
2018 238  4 40   -6.27    5.42  -15.07  -401.7   -12.8     1.5  22.39   20786. -156.0    0    0  0.0168   7.01   4.00   5.35   1.37   7.08   3.91  10.42
2018 238  4 45   -6.83    5.67  -14.96  -401.1   -12.0     4.4  23.48   22314. -157.0    0    0  0.0166   7.32   4.05   5.44   1.39   7.19   3.97  10.79
2018 238  4 50   -4.40    6.41  -15.39  -401.7   -10.0     4.8  24.93   26760. -158.0    0    0  0.0165   7.80   4.10   5.54   1.41   7.32   4.03  11.25
2018 238  4 55   -5.15    6.27  -15.48  -403.6    -7.6     5.2  20.43   22248. -158.0    0    0  0.0165   6.45   4.14   5.60   1.43   7.41   4.07  11.43
2018 238  5  0   -3.86    7.03  -15.48  -407.7    -6.6     3.2  22.20   24339. -161.0    0    0  0.0165   7.15   4.18   5.68   1.45   7.51   4.12  11.72
2018 238  5  5   -4.32    8.02  -15.80  -418.4   -10.1    13.1  18.71   20850. -163.0    0    0  0.0167   6.35   4.22   5.72   1.47   7.61   4.16  11.85
2018 238  5 10   -8.47    7.94  -14.33  -417.0   -12.3    19.8  16.68   17137. -166.0    0    0  0.0169   5.64   4.24   5.72   1.48   7.63   4.15  11.80
2018 238  5 15   -9.23    7.86  -14.10  -389.5   -11.4     1.9  15.63   15878. -175.0    0    0  0.0172   4.60   4.24   5.69   1.49   7.59   4.09  11.59
2018 238  5 20   -0.62    8.99  -15.34  -392.1   -13.0    -7.2  21.22   21863. -177.0    0    0  0.0175   6.33   4.27   5.75   1.51   7.66   4.11  11.72
2018 238  5 25    2.22    9.56  -14.78  -391.8    -9.7     4.7  21.76   21429. -176.0    0    0  0.0180   6.48   4.30   5.80   1.52   7.70   4.11  11.84
2018 238  5 30    2.06    9.30  -14.67  -391.7    -9.9     2.1  24.37   22699. -174.0    0    0  0.0185   7.25   4.33   5.86   1.54   7.76   4.14  12.10
2018 238  5 35    2.84    9.35  -14.56  -392.4    -9.9     2.8  24.06   21222. -177.0    0    0  0.0191   7.18   4.36   5.91   1.56   7.81   4.15  12.32
2018 238  5 40    3.36    9.46  -14.39  -387.0   -11.0     3.5  25.86   30275. -181.0    0    0  0.0197   7.51   4.39   5.97   1.57   7.85   4.17  12.58
2018 238  5 45    2.85    9.52  -14.38  -388.4   -12.9     2.2  24.30   21714. -184.0    0    0  0.0205   7.11   4.41   6.02   1.59   7.89   4.17  12.75
2018 238  5 50   -0.40    9.77  -14.09  -386.0   -14.9     3.1  22.50   21573. -185.0    0    0  0.0213   6.50   4.43   6.04   1.60   7.89   4.15  12.79
2018 238  5 55   -2.77   10.12  -13.88  -384.3   -14.2     2.4  21.93   22452. -188.0    0    0  0.0222   6.28   4.44   6.05   1.61   7.89   4.13  12.78
2018 238  6  0   -3.68   10.27  -13.93  -380.5   -14.2     2.3  20.97   19486. -190.0    0    0  0.0232   5.89   4.44   6.06   1.62   7.87   4.10  12.71
2018 238  6  5   -4.58   10.76  -13.61  -388.0   -16.4     5.8  18.32   16601. -190.0    0    0  0.0242   5.35   4.44   6.03   1.64   7.83   4.05  12.54
2018 238  6 10   -4.19   11.29  -13.12  -385.0   -13.9     5.6  18.79   18352. -190.0    0    0  0.0253   5.40   4.44   6.00   1.65   7.78   4.00  12.38
2018 238  6 15   -1.99   12.55  -11.75  -385.7    -9.1     4.4  22.00   20214. -189.0    0    0  0.0265   6.34   4.43   5.97   1.66   7.70   3.96  12.34
2018 238  6 20   -3.07   11.78  -11.74  -390.4   -15.9     4.7  22.50   18076. -187.0    0    0  0.0278   6.65   4.42   5.94   1.67   7.64   3.92  12.35
2018 238  6 25   -6.37   10.01  -12.31  -385.5   -14.2     7.5  24.07   19378. -187.0    0    0  0.0291   6.94   4.42   5.94   1.68   7.60   3.90  12.42
2018 238  6 30   -7.66    8.91  -12.53  -384.8   -13.7     7.6  22.25   16536. -188.0    0    0  0.0305   6.39   4.42   5.93   1.69   7.57   3.88  12.41
2018 238  6 35   -8.91    7.76  -12.51  -382.5   -11.7     6.0  22.43   16720. -189.0    0    0  0.0320   6.36   4.42   5.92   1.70   7.53   3.86  12.40
2018 238  6 40   -7.29    9.10  -12.32  -380.1    -7.7     4.7  27.09   14525. -189.0    0    0  0.0335   7.59   4.42   5.94   1.71   7.51   3.85  12.58
2018 238  6 45   -5.91   10.24  -12.20  -374.9    -4.6     4.6  27.03   15793. -185.0    0    0  0.0351   7.36   4.42   5.96   1.72   7.48   3.84  12.71
2018 238  6 50   -6.26   10.35  -11.90  -371.6    -2.4     5.0  29.03   15507. -183.0    0    0  0.0368   7.77   4.43   5.98   1.73   7.45   3.83  12.89
2018 238  6 55   -6.63   10.13  -12.14  -373.6    -5.8     4.5  29.18   15627. -187.0    0    0  0.0386   7.89   4.43   6.00   1.74   7.43   3.82  13.08
2018 238  7  0   -6.56   10.39  -12.50  -377.9    -7.1     4.7  28.53   16640. -194.0    0    0  0.0404   7.90   4.44   6.03   1.75   7.43   3.83  13.28
2018 238  7  5   -6.28   11.40  -12.13  -379.8    -8.9     3.5  23.65   15762. -201.0    0    0  0.0423   6.61   4.44   6.02   1.76   7.39   3.81  13.23
2018 238  7 10   -6.61   11.29  -12.17  -379.1    -5.5     3.9  23.11   17877. -205.0    0    0  0.0442   6.44   4.43   6.00   1.77   7.34   3.78  13.16
2018 238  7 15   -6.42   11.05  -12.41  -378.9    -5.9     4.1  22.29   18017. -197.0    0    0  0.0462   6.20   4.42   5.99   1.78   7.31   3.76  13.07
2018 238  7 20   -8.75   10.02  -11.88  -379.2    -4.7     4.0  23.57   16464. -188.0    0    0  0.0483   6.57   4.42   5.97   1.79   7.26   3.74  13.02
2018 238  7 25   -9.34    9.71  -11.98  -373.6     0.2     4.5  19.91   19277. -185.0    0    0  0.0504   5.38   4.40   5.93   1.80   7.20   3.69  12.79
2018 238  7 30   -8.10   10.84  -11.28  -377.1    -3.6     1.4  22.16   21201. -188.0    0    0  0.0526   6.10   4.39   5.89   1.80   7.13   3.65  12.67
2018 238  7 35   -6.41   13.34   -9.95  -379.0    -5.2     5.0  20.91   19404. -189.0    0    0  0.0549   5.82   4.35   5.82   1.81   7.02   3.59  12.46
2018 238  7 40   -6.46   13.30   -9.86  -377.7    -2.7     5.2  20.17   17321. -189.0    0    0  0.0572   5.57   4.32   5.74   1.82   6.90   3.52  12.23
2018 238  7 45   -8.15   11.04  -11.69  -373.2     0.5     9.2  19.93   19530. -186.0    0    0  0.0596   5.38   4.31   5.70   1.82   6.85   3.49  12.05
2018 238  7 50   -7.08   10.40  -12.21  -378.9     7.0    10.1  23.11   17481. -179.0    0    0  0.0620   6.43   4.31   5.71   1.83   6.83   3.49  12.06
2018 238  7 55   -6.83   10.29  -12.30  -380.6     5.4     6.7  24.71   17067. -173.0    0    0  0.0645   6.94   4.31   5.72   1.84   6.83   3.51  12.16
2018 238  8  0   -6.79   10.89  -11.77  -377.3     1.6     9.5  22.60   20359. -164.0    0    0  0.0670   6.24   4.30   5.71   1.85   6.80   3.50  12.12
2018 238  8  5   -6.31   11.88  -10.78  -373.2     9.5    21.5  22.13   23640. -158.0    0    0  0.0696   5.99   4.28   5.67   1.86   6.73   3.47  12.00
2018 238  8 10   -6.76   10.47   -9.65  -371.4    12.2    27.3  26.93   30348. -156.0    0    0  0.0723   7.24   4.26   5.63   1.86   6.65   3.43  12.04
2018 238  8 15   -5.72   10.78  -10.35  -370.9    14.9    31.1  28.56   35464. -157.0    0    0  0.0749   7.68   4.25   5.63   1.87   6.60   3.43  12.17
2018 238  8 20   -6.08   10.14  -11.01  -374.7    31.6    25.3  25.54   30933. -154.0    0    0  0.0777   7.03   4.24   5.62   1.88   6.57   3.42  12.22
2018 238  8 25   -5.27   11.88   -9.76  -370.9    12.9    28.8  28.97   38655. -149.0    0    0  0.0805   7.78   4.23   5.60   1.88   6.50   3.41  12.33
2018 238  8 30   -5.44   13.23   -9.72  -374.1     3.4    24.1  22.04   36467. -148.0    0    0  0.0833   6.00   4.20   5.55   1.89   6.42   3.36  12.16
2018 238  8 35   -5.04   14.73   -7.99  -378.2    -2.1    15.2  22.02   39541. -147.0    0    0  0.0862   6.11   4.16   5.46   1.89   6.28   3.29  11.96
2018 238  8 40   -3.92   16.30   -5.58  -381.4    -5.2     9.1  21.12   39858. -150.0    0    0  0.0891   5.96   4.09   5.31   1.89   6.09   3.17  11.64
2018 238  8 45   -2.83   17.61   -3.19  -383.8   -12.3     2.4  19.51   45548. -149.0    0    0  0.0921   5.57   4.00   5.11   1.89   5.85   3.00  11.18
2018 238  8 50   -1.63   17.41   -3.55  -387.6    -4.6     5.3  21.57   51888. -149.0    0    0  0.0951   6.28   3.92   4.94   1.89   5.64   2.87  10.84
2018 238  8 55   -1.75   17.69   -2.95  -387.1    -9.2     0.3  20.92   52867. -150.0    0    0  0.0982   6.08   3.83   4.76   1.89   5.42   2.72  10.46
2018 238  9  0   -0.15   18.24   -0.88  -390.1   -10.3    -1.6  19.85   53097. -147.0    0    0  0.1013   5.86   3.72   4.54   1.88   5.17   2.52   9.93
2018 238  9  5    0.66   18.25    0.33  -392.0   -21.2    -2.8  18.80   59311. -146.0    0    0  0.1044   5.61   3.60   4.30   1.88   4.92   2.29   9.26
2018 238  9 10    1.66   18.21    3.73  -388.9   -24.6     0.1  16.20   45440. -147.0    0    0  0.1076   4.76   3.49   4.07   1.87   4.69   2.08   8.63
2018 238  9 15    2.58   18.26    4.58  -392.8   -20.0    -8.7  16.48   34499. -149.0    0    0  0.1108   4.94   3.38   3.86   1.87   4.47   1.89   8.04
2018 238  9 20    1.61   18.80    2.63  -393.2   -17.8   -11.3  16.08   31280. -149.0    0    0  0.1140   4.83   3.27   3.66   1.86   4.26   1.72   7.50
2018 238  9 25    2.06   16.22    6.19  -399.5   -10.1   -27.5  16.36   55383. -149.0    0    0  0.1173   5.08   3.17   3.46   1.86   4.06   1.56   6.99
2018 238  9 30    1.28   17.63   -1.66  -403.0   -14.9   -27.1  13.68   89382. -147.0    0    0  0.1206   4.33   3.09   3.32   1.85   3.88   1.49   6.69
2018 238  9 35    1.72   17.50    0.10  -401.9   -21.7   -16.9  14.01  114367. -147.0    0    0  0.1239   4.40   2.99   3.14   1.85   3.70   1.36   6.23
2018 238  9 40    3.98   15.76    6.83  -401.4   -13.2   -21.7  14.38  110898. -145.0    0    0  0.1273   4.51   2.90   2.98   1.84   3.53   1.23   5.81
2018 238  9 45    4.04   15.10    7.98  -399.1   -12.6   -24.0  13.78   91785. -141.0    0    0  0.1307   4.27   2.81   2.82   1.84   3.36   1.12   5.42
2018 238  9 50    4.28   14.12    9.05  -400.4    -6.1   -30.7  14.25   89377. -135.0    0    0  0.1341   4.45   2.72   2.67   1.83   3.20   1.02   5.05
2018 238  9 55    4.75   13.09    9.86  -397.2   -12.4   -22.1  13.89   94881. -132.0    0    0  0.1375   4.26   2.63   2.53   1.83   3.05   0.92   4.71
2018 238 10  0    2.64   16.39    4.34  -396.7   -22.5   -15.6  12.85   98066. -133.0    0    0  0.1410   3.94   2.55   2.40   1.82   2.90   0.84   4.39
2018 238 10  5    0.96   16.87    2.86  -395.1   -20.1   -14.4  12.04  100905. -137.0    0    0  0.1444   3.65   2.47   2.27   1.82   2.77   0.76   4.09
2018 238 10 10   -0.56   17.07    0.74  -397.2   -16.2   -18.9  11.23  109574. -138.0    0    0  0.1479   3.45   2.39   2.15   1.81   2.64   0.69   3.81
2018 238 10 15   -1.40   17.53    0.55  -397.3   -14.8   -18.2   8.95  132976. -139.0    0    0  0.1514   2.75   2.32   2.04   1.81   2.51   0.63   3.55
2018 238 10 20   -1.75   17.43    0.36  -398.1   -15.7   -25.6   8.32  127626. -138.0    0    0  0.1549   2.57   2.24   1.93   1.80   2.39   0.57   3.31
2018 238 10 25   -0.36   15.85    1.33  -404.9    -8.3   -29.4   9.38  133956. -136.0    0    0  0.1585   3.00   2.17   1.83   1.80   2.28   0.52   3.09
2018 238 10 30   -2.25   15.49   -2.38  -401.0    -3.5   -27.6   8.84  176429. -131.0    0    0  0.1620   2.77   2.13   1.78   1.80   2.20   0.55   3.00
2018 238 10 35   -3.20   15.42   -3.31  -403.0   -12.0   -31.8   8.21  205483. -129.0    0    0  0.1655   2.60   2.09   1.74   1.79   2.13   0.59   2.92
2018 238 10 40   -4.32   14.46   -6.21  -408.6   -11.3   -45.1   8.04  236374. -128.0    0    0  0.1691   2.63   2.07   1.74   1.79   2.12   0.69   2.91
2018 238 10 45   -3.81   13.86   -8.19  -412.7    -0.3   -58.6   6.01  252837. -128.0    0    0  0.1727   2.02   2.07   1.75   1.79   2.13   0.79   2.87
2018 238 10 50   -4.03   14.40   -6.93  -416.0    -3.9   -61.2   5.92  267157. -128.0    0    0  0.1762   2.03   2.05   1.74   1.80   2.12   0.87   2.81
2018 238 10 55   -4.20   14.35   -7.19  -416.0    -4.8   -57.4   6.25  239150. -128.0    0    0  0.1798   2.14   2.04   1.75   1.80   2.12   0.94   2.78
2018 238 11  0   -5.14   14.81   -6.59  -417.1    -2.2   -60.7   5.70  234673. -126.0    0    0  0.1834   1.96   2.03   1.73   1.80   2.10   1.00   2.72
2018 238 11  5   -5.22   14.56   -7.35  -416.5    -0.1   -57.2   5.56  239746. -125.0    0    0  0.1870   1.90   2.02   1.73   1.80   2.10   1.06   2.67
2018 238 11 10   -5.44   13.96   -7.70  -416.2     1.2   -48.5   5.82  232769. -124.0    0    0  0.1905   1.98   2.01   1.74   1.80   2.11   1.12   2.63
2018 238 11 15   -5.51   14.79   -6.79  -417.8     0.1   -51.2   6.45  200269. -124.0    0    0  0.1941   2.21   2.00   1.73   1.80   2.10   1.17   2.61
2018 238 11 20   -5.62   15.13   -6.42  -417.4    -1.1   -59.0   6.75  189793. -122.0    0    0  0.1977   2.32   1.98   1.73   1.80   2.09   1.21   2.59
2018 238 11 25   -5.05   15.07   -6.44  -414.4    -4.5   -58.4   7.12  203169. -122.0    0    0  0.2012   2.42   1.97   1.73   1.80   2.08   1.25   2.59
2018 238 11 30   -4.74   15.55   -4.81  -411.2    -5.3   -47.3   7.77  202205. -123.0    0    0  0.2048   2.58   1.95   1.71   1.80   2.04   1.26   2.57
2018 238 11 35   -4.95   15.61   -5.82  -408.4    -8.5   -58.4   6.69  186125. -122.0    0    0  0.2083   2.21   1.93   1.70   1.80   2.02   1.28   2.54
2018 238 11 40   -4.78   15.86   -5.31  -404.8    -2.3   -47.9   6.57  193062. -122.0    0    0  0.2118   2.11   1.91   1.68   1.79   1.99   1.29   2.49
2018 238 11 45   -5.66   15.69   -4.86  -409.8     0.0   -36.0   7.09  178905. -116.0    0    0  0.2154   2.32   1.89   1.66   1.79   1.96   1.29   2.46
2018 238 11 50   -6.54   14.88   -6.41  -415.2     1.9   -32.4   7.12  193628. -114.0    0    0  0.2189   2.39   1.88   1.67   1.79   1.95   1.32   2.46
2018 238 11 55   -6.69   15.22   -5.93  -415.7     3.7   -32.9   7.00  180387. -117.0    0    0  0.2223   2.36   1.87   1.66   1.79   1.94   1.34   2.45
2018 238 12  0   -6.44   15.29   -6.04  -416.3     1.3   -30.6   6.97  176118. -117.0    0    0  0.2258   2.35   1.86   1.66   1.79   1.93   1.36   2.44
2018 238 12  5   -6.07   15.35   -6.68  -416.6    -4.4   -34.4   7.19  183492. -115.0    0    0  0.2292   2.43   1.85   1.66   1.79   1.93   1.39   2.45
2018 238 12 10   -6.74   15.25   -4.89  -413.7    -9.7   -38.4   8.12  175432. -113.0    0    0  0.2327   2.72   1.84   1.65   1.79   1.91   1.39   2.46
2018 238 12 15   -6.89   14.97   -5.61  -411.2   -20.3   -36.0   8.95  177393. -110.0    0    0  0.2361   2.96   1.83   1.66   1.79   1.90   1.41   2.49
2018 238 12 20   -6.58   14.88   -3.16  -409.1   -21.5   -23.1  10.49  165744. -109.0    0    0  0.2394   3.42   1.80   1.63   1.79   1.85   1.39   2.50
2018 238 12 25   -6.56   15.63   -1.79  -412.3   -22.3   -31.2  12.16  144208. -105.0    0    0  0.2428   4.04   1.76   1.58   1.79   1.78   1.34   2.50
2018 238 12 30   -7.18   15.33   -4.51  -410.0   -23.5   -26.8  11.79  129061. -103.0    0    0  0.2461   3.87   1.75   1.58   1.78   1.76   1.36   2.58
2018 238 12 35   -6.86   15.84   -2.06  -414.4   -21.8   -23.7  12.41  125236. -102.0    0    0  0.2494   4.15   1.72   1.54   1.78   1.70   1.32   2.59
2018 238 12 40   -6.75   15.99   -1.49  -413.7   -19.7   -24.5  12.50  126667. -102.0    0    0  0.2526   4.17   1.68   1.50   1.78   1.64   1.26   2.56
2018 238 12 45   -6.97   15.80   -1.59  -413.6   -20.3   -27.1  12.65  122437. -101.0    0    0  0.2559   4.22   1.65   1.45   1.77   1.58   1.22   2.55
2018 238 12 50   -6.46   14.45    4.92  -411.5   -28.1   -16.9  12.58  114149.  -98.0    0    0  0.2590   4.15   1.60   1.38   1.77   1.51   1.11   2.38
2018 238 12 55   -6.38   14.29    5.74  -409.4   -26.3   -12.1  13.60  117788.  -96.0    0    0  0.2622   4.44   1.55   1.30   1.76   1.43   1.01   2.22
2018 238 13  0   -7.02   13.87    2.32  -412.1   -25.1   -13.0  14.15  119884.  -94.0    0    0  0.2653   4.68   1.50   1.23   1.76   1.37   0.91   2.07
2018 238 13  5    0.12   -1.00   15.13  -418.7   -15.2   -38.8  13.70  114869.  -92.0    0    0  0.2684   4.70   1.45   1.17   1.76   1.30   0.83   1.93
2018 238 13 10    3.71   -6.75   13.30  -422.0    -7.9   -39.3  12.47   88959.  -92.0    0    0  0.2714   4.34   1.40   1.11   1.75   1.24   0.75   1.80
2018 238 13 15   -4.55    7.36    2.55  -416.8   -20.8   -64.9  18.58  186849.  -91.0    0    0  0.2744   6.42   1.36   1.05   1.75   1.18   0.68   1.67
2018 238 13 20   -7.49    8.74    2.19  -422.0   -20.7   -67.6  20.27  229173.  -87.0    0    0  0.2773   7.19   1.32   0.99   1.74   1.13   0.62   1.56
2018 238 13 25   -7.76    7.79    6.04  -425.6   -16.7   -59.9  18.25  210587.  -80.0    0    0  0.2802   6.54   1.28   0.94   1.74   1.07   0.57   1.45
2018 238 13 30   -8.44    8.62    4.87  -433.0   -19.6   -57.1  17.40  181863.  -81.0    0    0  0.2831   6.44   1.24   0.89   1.73   1.02   0.51   1.36
2018 238 13 35   -7.98    9.49    0.13  -426.3   -25.1   -55.0  19.97  218562.  -79.0    0    0  0.2859   7.17   1.20   0.85   1.73   0.97   0.47   1.26
2018 238 13 40   -7.65    9.12    1.77  -426.7   -16.2   -51.3  19.07  229960.  -77.0    0    0  0.2886   6.83   1.16   0.80   1.72   0.93   0.42   1.18
2018 238 13 45   -6.90    6.94    5.46  -432.0    -5.6   -52.6  17.21  244872.  -75.0    0    0  0.2913   6.31   1.12   0.76   1.72   0.88   0.39   1.10
2018 238 13 50   -7.31    5.64    5.65  -434.1   -10.3   -53.5  16.93  213316.  -76.0    0    0  0.2940   6.28   1.09   0.72   1.71   0.84   0.35   1.02
2018 238 13 55  -10.64    0.90    4.84  -448.8     9.8   -43.1  14.58  382158.  -75.0    0    0  0.2966   5.74   1.05   0.68   1.71   0.80   0.32   0.95
2018 238 14  0  -10.32    0.68    5.72  -453.2    10.9   -55.4  14.96  415331.  -75.0    0    0  0.2991   6.04   1.02   0.65   1.70   0.76   0.29   0.89
2018 238 14  5  -11.62    3.52    7.23  -455.7    14.5   -47.2  13.60  313818.  -74.0    0    0  0.3016   5.53   0.99   0.61   1.70   0.73   0.26   0.83
2018 238 14 10   -7.37   13.21    3.20  -443.8    30.4   -52.9  14.50  283671.  -73.0    0    0  0.3040   5.64   0.96   0.58   1.70   0.69   0.24   0.77
2018 238 14 15   -7.29   13.54    2.11  -447.1    28.1   -51.2  13.61  231812.  -70.0    0    0  0.3064   5.36   0.93   0.55   1.69   0.66   0.22   0.72
2018 238 14 20   -6.50   13.38    3.20  -448.9    26.4   -50.5  15.21  273452.  -69.0    0    0  0.3087   6.03   0.90   0.52   1.69   0.63   0.20   0.67
2018 238 14 25   -5.62   13.77    2.72  -451.1    32.2   -50.1  15.30  267707.  -68.0    0    0  0.3109   6.14   0.87   0.49   1.68   0.60   0.18   0.63
2018 238 14 30   -5.52   13.16    1.48  -451.1    32.2   -50.1  15.30  267707.  -69.0    0    0  0.3131   6.14   0.84   0.47   1.68   0.57   0.16   0.58
2018 238 14 35   -7.65   11.52   -0.30  -445.1     4.7   -58.3  14.56  346918.  -68.0    0    0  0.3152   5.68   0.82   0.45   1.67   0.55   0.17   0.64
2018 238 14 40   -6.70   10.91   -4.24  -445.1     5.3   -57.0  13.59  310747.  -66.0    0    0  0.3173   5.30   0.84   0.52   1.67   0.60   0.32   0.96
2018 238 14 45   -5.57   11.85   -6.05  -442.0    -3.6   -61.2  13.33  334740.  -68.0    0    0  0.3192   5.14   0.88   0.61   1.68   0.68   0.50   1.31
2018 238 14 50   -4.98   11.34   -4.62  -448.4    -2.6   -68.1  13.44  315116.  -71.0    0    0  0.3211   5.36   0.90   0.68   1.68   0.74   0.63   1.61
2018 238 14 55   -6.41   11.95   -1.09  -446.9    -4.3   -81.6  14.36  313012.  -71.0    0    0  0.3230   5.74   0.89   0.67   1.67   0.71   0.64   1.69
2018 238 15  0   -3.77   10.31   -8.93  -453.1    -5.5   -42.9  12.92  313243.  -70.0    0    0  0.3248   5.18   0.96   0.80   1.68   0.88   0.86   2.10
2018 238 15  5   -3.67    9.66   -9.65  -455.3     0.9   -29.8  11.97  314974.  -71.0    0    0  0.3265   4.83   1.02   0.94   1.69   1.05   1.06   2.46
2018 238 15 10   -3.23    7.96  -10.53  -457.9    12.2   -26.1  11.00  318636.  -74.0    0    0  0.3281   4.49   1.09   1.07   1.70   1.24   1.26   2.77
2018 238 15 15   -4.17    9.80   -8.87  -453.8    -6.9   -33.7  11.77  310072.  -79.0    0    0  0.3297   4.72   1.15   1.17   1.70   1.37   1.41   3.04
2018 238 15 20   -3.89    8.45  -10.02  -451.1    -8.8   -31.2  12.05  324460.  -81.0    0    0  0.3311   4.77   1.21   1.29   1.71   1.53   1.57   3.34
2018 238 15 25   -3.21   11.73   -6.50  -447.3   -10.8   -41.4  10.64  330233.  -83.0    0    0  0.3326   4.16   1.24   1.34   1.71   1.58   1.63   3.45
2018 238 15 30   -4.32   14.19   -5.50  -450.4    -1.9   -39.0   9.30  276862.  -86.0    0    0  0.3339   3.68   1.25   1.36   1.71   1.59   1.65   3.48
2018 238 15 35   -2.85   14.22   -3.79  -447.9    -2.2   -40.2  10.87  314526.  -89.0    0    0  0.3351   4.26   1.25   1.36   1.71   1.57   1.64   3.50
2018 238 15 40   -3.02   14.44   -4.04  -448.1    -1.4   -43.1  10.97  281149.  -88.0    0    0  0.3363   4.31   1.26   1.37   1.71   1.56   1.63   3.53
2018 238 15 45   -3.21   14.31   -4.12  -442.5     1.5   -54.9  11.12  307525.  -89.0    0    0  0.3374   4.28   1.26   1.37   1.71   1.55   1.63   3.56
2018 238 15 50   -4.05   13.53   -6.04  -442.1    -4.9   -34.2   9.93  261918.  -88.0    0    0  0.3385   3.78   1.28   1.40   1.71   1.58   1.66   3.61
2018 238 15 55   -3.17   13.09   -7.73  -439.3    -9.4   -37.2  10.68  304220.  -86.0    0    0  0.3394   4.02   1.31   1.46   1.72   1.65   1.73   3.72
2018 238 16  0   -1.96   10.21  -10.92  -444.9     1.0   -24.5  10.57  305886.  -84.0    0    0  0.3403   4.06   1.37   1.57   1.73   1.81   1.86   3.89
2018 238 16  5   -1.80    7.78  -12.27  -447.0    12.9   -12.1  11.20  305421.  -83.0    0    0  0.3411   4.34   1.45   1.70   1.74   2.00   2.00   4.13
2018 238 16 10   -1.88   12.96   -6.76  -446.9    -8.0   -42.0   9.61  273952.  -85.0    0    0  0.3418   3.75   1.46   1.72   1.74   2.03   2.02   4.15
2018 238 16 15   -2.82   13.52   -5.42  -441.2   -13.9   -55.6  10.16  325218.  -87.0    0    0  0.3424   3.90   1.47   1.72   1.74   2.02   2.01   4.15
2018 238 16 20   -1.95   14.24   -2.04  -443.7    -5.9   -67.3  10.86  278930.  -89.0    0    0  0.3430   4.24   1.45   1.67   1.74   1.95   1.91   4.05
2018 238 16 25   -0.28   11.59   -8.42  -447.8    -1.8   -36.3  10.78  332476.  -89.0    0    0  0.3434   4.21   1.48   1.73   1.74   2.03   1.98   4.17
2018 238 16 30   -1.78   12.82   -5.97  -449.7    -9.1   -45.2  11.01  274291.  -84.0    0    0  0.3438   4.36   1.50   1.75   1.74   2.04   1.99   4.22
2018 238 16 35   -1.77   13.30   -5.01  -447.7    -0.8   -46.8  10.44  229514.  -84.0    0    0  0.3441   4.10   1.50   1.75   1.74   2.03   1.98   4.22
2018 238 16 40   -1.70   13.67   -4.86  -457.5     0.5   -36.8  10.69  256208.  -88.0    0    0  0.3443   4.36   1.50   1.74   1.74   2.01   1.96   4.24
2018 238 16 45   -3.15   14.27   -3.50  -447.5    -3.7   -48.1  10.01  248080.  -88.0    0    0  0.3445   3.93   1.49   1.72   1.74   1.97   1.91   4.17
2018 238 16 50   -3.26   13.97   -2.03  -443.3     4.7   -49.5  10.04  238265.  -85.0    0    0  0.3445   3.87   1.46   1.66   1.74   1.90   1.82   4.06
2018 238 16 55   -1.78   14.52    0.53  -454.7     5.7   -51.7   9.80  238013.  -83.0    0    0  0.3445   3.98   1.42   1.58   1.73   1.81   1.66   3.78
2018 238 17  0   -4.02   14.02    3.47  -449.0    12.4   -82.2   9.56  218754.  -82.0    0    0  0.3444   3.86   1.37   1.49   1.73   1.72   1.51   3.52
2018 238 17  5   -3.31   14.00   -2.24  -445.0    13.2   -48.8  10.15  256614.  -82.0    0    0  0.3442   3.94   1.35   1.46   1.73   1.67   1.46   3.46
2018 238 17 10   -3.32   14.13   -0.23  -456.1     7.8   -50.4  10.78  231567.  -79.0    0    0  0.3440   4.40   1.32   1.39   1.72   1.59   1.35   3.29
2018 238 17 15   -4.25   13.72    3.33  -455.8    13.7   -54.6  11.79  242516.  -77.0    0    0  0.3436   4.82   1.27   1.31   1.72   1.52   1.22   3.06
2018 238 17 20   -4.81   13.00    4.48  -452.4    12.8   -61.2  11.31  220153.  -75.0    0    0  0.3432   4.57   1.23   1.25   1.71   1.45   1.11   2.86
2018 238 17 25   -4.75   11.79    6.00  -453.0    21.0   -62.3  11.66  221067.  -74.0    0    0  0.3427   4.73   1.19   1.18   1.71   1.38   1.01   2.66
2018 238 17 30   -4.49   11.96    4.97  -454.2    18.4   -54.7  10.92  205451.  -72.0    0    0  0.3421   4.43   1.16   1.12   1.70   1.31   0.92   2.48
2018 238 17 35   -4.20   11.94    5.12  -452.2    19.0   -49.2  11.16  241962.  -70.0    0    0  0.3414   4.48   1.12   1.06   1.70   1.25   0.83   2.31
2018 238 17 40   -5.53   11.08    6.14  -447.8    23.1   -63.4  10.72  208407.  -70.0    0    0  0.3406   4.26   1.09   1.00   1.70   1.19   0.76   2.16
2018 238 17 45   -5.04   10.08    7.69  -445.7    29.6   -65.5  10.94  219402.  -67.0    0    0  0.3398   4.32   1.05   0.95   1.69   1.14   0.69   2.01
2018 238 17 50   -4.19   10.76    7.44  -445.3    28.5   -63.0  10.15  237635.  -65.0    0    0  0.3389   3.99   1.02   0.90   1.69   1.08   0.63   1.87
2018 238 17 55   -3.66   10.63    7.53  -446.3    30.0   -68.2   9.72  237312.  -66.0    0    0  0.3379   3.85   0.99   0.85   1.68   1.03   0.57   1.75
2018 238 18  0   -5.18   10.04    6.43  -444.2    30.7   -62.3  11.14  207864.  -65.0    0    0  0.3368   4.36   0.96   0.81   1.68   0.98   0.52   1.63
2018 238 18  5   -2.53    7.76    9.34  -452.2    31.2   -67.8  11.05  237655.  -62.0    0    0  0.3357   4.50   0.93   0.77   1.67   0.94   0.47   1.52
2018 238 18 10   -0.75    4.79   11.38  -460.1    37.6   -76.9  12.04  251039.  -60.0    0    0  0.3344   5.11   0.90   0.73   1.67   0.89   0.43   1.41
2018 238 18 15    0.00    6.38   10.28  -458.2    29.5   -75.4  11.83  238724.  -58.0    0    0  0.3331   4.96   0.87   0.69   1.66   0.85   0.39   1.32
2018 238 18 20   -3.11    7.85    7.38  -458.0    29.8   -74.6  11.38  252934.  -58.0    0    0  0.3318   4.77   0.84   0.65   1.66   0.81   0.35   1.23
2018 238 18 25   -3.82    8.35    6.20  -461.3    26.3   -68.0  10.61  235420.  -59.0    0    0  0.3303   4.48   0.81   0.62   1.66   0.77   0.32   1.15
2018 238 18 30   -1.88    1.29    4.96  -462.0    26.5   -55.2  10.45  262275.  -60.0    0    0  0.3288   4.40   0.79   0.58   1.65   0.73   0.29   1.07
2018 238 18 35   -4.84    5.60    4.72  -464.1    29.3   -52.2  10.32  309507.  -59.0    0    0  0.3272   4.38   0.76   0.55   1.65   0.70   0.26   1.00
2018 238 18 40   -5.20    8.99    2.19  -470.8    15.6   -48.0   8.64  378019.  -57.0    0    0  0.3255   3.75   0.74   0.52   1.64   0.67   0.24   0.93
2018 238 18 45   -4.73    9.54    0.16  -469.9     1.2   -44.0   9.32  425012.  -57.0    0    0  0.3238   4.02   0.72   0.50   1.64   0.63   0.22   0.86
2018 238 18 50   -4.69    9.02   -1.73  -470.6     1.0   -31.1   8.61  378715.  -59.0    0    0  0.3219   3.71   0.71   0.50   1.63   0.62   0.28   0.95
2018 238 18 55   -2.23    9.28   -3.68  -478.4     1.9   -22.0   8.16  330107.  -61.0    0    0  0.3201   3.63   0.73   0.54   1.63   0.65   0.39   1.09
2018 238 19  0   -3.29    3.78   -7.22  -478.6    27.5     5.0   7.47  298370.  -60.0    0    0  0.3181   3.33   0.77   0.61   1.64   0.74   0.56   1.28
2018 238 19  5   -0.67    3.49   -7.84  -502.2    28.9     8.9   6.92  274912.  -60.0    0    0  0.3161   3.39   0.81   0.69   1.64   0.85   0.74   1.48
2018 238 19 10   -0.02    7.45   -5.62  -506.4   -27.3    -2.8   6.18  302524.  -60.0    0    0  0.3140   3.08   0.84   0.73   1.64   0.90   0.85   1.59
2018 238 19 15    0.51    6.30   -6.82  -516.8     3.8     5.9   6.13  308147.  -58.0    0    0  0.3118   3.17   0.87   0.78   1.65   0.98   0.98   1.72
2018 238 19 20    0.43    5.04   -7.77  -517.2    18.4     9.3   6.19  347363.  -59.0    0    0  0.3096   3.21   0.91   0.84   1.65   1.08   1.12   1.87
2018 238 19 25   -1.41    4.26   -8.10  -506.0    18.9    21.6   5.72  311170.  -62.0    0    0  0.3073   2.85   0.95   0.90   1.66   1.17   1.24   1.97
2018 238 19 30   -1.00    6.76   -5.72  -507.3    -2.6     1.4   5.78  308514.  -64.0    0    0  0.3050   2.88   0.97   0.93   1.66   1.20   1.30   2.03
2018 238 19 35   -1.68    3.01   -7.01  -511.9    16.1     5.8   5.59  287341.  -66.0    0    0  0.3026   2.84   1.00   0.97   1.66   1.26   1.38   2.11
2018 238 19 40   -1.59   -1.96   -6.16  -513.0    41.0    -7.2   6.04  258117.  -70.0    0    0  0.3001   3.10   1.03   1.00   1.67   1.30   1.45   2.18
2018 238 19 45   -1.95   -6.34   -3.50  -509.9    77.0   -12.6   6.49  234349.  -69.0    0    0  0.2976   3.34   1.03   1.00   1.67   1.29   1.45   2.22
2018 238 19 50   -3.70   -0.81   -5.02  -498.5    59.2    -6.9   6.12  252549.  -68.0    0    0  0.2950   2.99   1.04   1.01   1.67   1.31   1.48   2.26
2018 238 19 55   -1.86   -3.31   -5.08  -510.0    57.3    -6.5   6.47  321968.  -72.0    0    0  0.2924   3.30   1.05   1.03   1.67   1.33   1.51   2.32
2018 238 20  0   -0.74   -3.01   -5.05  -512.6    56.7     6.7   6.50  340507.  -75.0    0    0  0.2897   3.35   1.07   1.05   1.67   1.34   1.55   2.38
2018 238 20  5   -2.08    0.35   -4.03  -514.6    23.7   -18.9   7.09  353739.  -75.0    0    0  0.2869   3.65   1.07   1.06   1.67   1.34   1.56   2.44
2018 238 20 10   -2.41    1.24   -4.23  -503.2    19.1    -2.4   7.03  383475.  -75.0    0    0  0.2841   3.45   1.08   1.06   1.67   1.34   1.57   2.48
2018 238 20 15   -3.08    1.81   -2.97  -503.1    23.8   -11.6   6.62  371677.  -75.0    0    0  0.2813   3.25   1.07   1.05   1.67   1.32   1.54   2.47
2018 238 20 20   -3.38    3.29   -2.82  -499.8    25.0    -3.6   6.41  355649.  -77.0    0    0  0.2784   3.11   1.07   1.04   1.66   1.29   1.51   2.45
2018 238 20 25   -2.99    4.42    1.00  -507.5    16.0   -22.6   5.97  327506.  -78.0    0    0  0.2755   2.99   1.03   0.98   1.66   1.23   1.37   2.28
2018 238 20 30   -2.92    6.20    2.30  -511.1     2.2   -29.2   5.76  282120.  -77.0    0    0  0.2725   2.92   1.00   0.93   1.66   1.17   1.24   2.13
2018 238 20 35   -3.60    5.17    1.48  -511.4   -10.4   -20.5   5.21  258033.  -77.0    0    0  0.2694   2.64   0.97   0.88   1.65   1.12   1.13   1.98
2018 238 20 40   -3.33    4.47    3.02  -508.6    -1.0   -29.8   5.20  256862.  -76.0    0   -1  0.2664   2.61   0.94   0.84   1.65   1.07   1.03   1.85
2018 238 20 45   -4.63    3.72    2.08  -505.9     8.5   -39.1   5.18  255691.  -76.0    0    0  0.2632   2.58   0.91   0.79   1.64   1.02   0.93   1.72
2018 238 20 50   -5.33    3.21    0.43  -485.9    10.7   -18.0   5.61  239470.  -76.0    0    0  0.2601   2.57   0.88   0.75   1.64   0.97   0.85   1.61
2018 238 20 55   -5.52    2.47   -0.48  -489.7    12.3   -21.6   5.49  229694.  -77.0    0    0  0.2569   2.56   0.86   0.72   1.63   0.92   0.80   1.54
2018 238 21  0   -3.72    0.12   -2.87  -490.0    10.0   -12.1   5.35  287811.  -78.0    0    0  0.2537   2.49   0.86   0.72   1.63   0.91   0.82   1.55
2018 238 21  5   -2.32   -0.82   -5.49  -504.0    12.0    -5.2   5.58  322994.  -77.0    0    0  0.2504   2.75   0.88   0.75   1.63   0.95   0.91   1.62
2018 238 21 10   -3.34   -2.05   -5.35  -499.1    42.2   -10.3   5.11  250818.  -76.0    0    0  0.2471   2.48   0.89   0.78   1.63   0.98   0.99   1.67
2018 238 21 15   -2.89   -2.47   -4.57  -499.3    41.3    -9.5   5.36  304201.  -75.0    0    0  0.2438   2.61   0.90   0.80   1.63   1.00   1.04   1.71
2018 238 21 20   -4.72   -1.25   -2.70  -494.6    32.0   -16.7   5.18  249340.  -75.0    0    0  0.2404   2.47   0.90   0.79   1.63   0.98   1.04   1.70
2018 238 21 25   -4.85   -0.32   -0.68  -497.5    29.7   -29.2   5.30  245711.  -75.0    0    0  0.2370   2.56   0.88   0.76   1.63   0.94   0.98   1.64
2018 238 21 30   -5.66    1.04    2.26  -512.7    28.7   -28.5   4.54  212244.  -76.0    0    0  0.2336   2.33   0.85   0.72   1.62   0.90   0.89   1.53
2018 238 21 35   -4.94    1.41    2.08  -501.7    25.8   -38.6   4.58  239188.  -74.0    0    0  0.2302   2.25   0.82   0.68   1.62   0.86   0.81   1.42
2018 238 21 40   -4.44    1.60    1.83  -500.4    20.2   -41.2   4.62  242922.  -73.0    0    0  0.2267   2.26   0.80   0.65   1.62   0.81   0.73   1.33
2018 238 21 45   -3.38    3.50    2.82  -508.9    14.4   -44.0   4.40  240430.  -73.0    0    0  0.2232   2.23   0.77   0.61   1.61   0.78   0.67   1.24
2018 238 21 50   -3.23    3.45    2.83  -509.9     8.9   -44.9   4.10  198986.  -73.0    0    0  0.2197   2.08   0.75   0.58   1.61   0.74   0.61   1.15
2018 238 21 55   -3.68    3.35    2.96  -517.0    15.1   -35.1   3.75  179182.  -73.0    0    0  0.2162   1.95   0.72   0.55   1.60   0.70   0.55   1.07
2018 238 22  0   -3.02    2.78    2.18  -509.3     7.2   -43.0   4.36  230027.  -74.0    0    0  0.2127   2.21   0.70   0.52   1.60   0.67   0.50   1.00
2018 238 22  5   -4.68    1.06    1.52  -506.1    23.5   -30.9   4.12  225840.  -71.0    0    0  0.2091   2.06   0.68   0.49   1.59   0.64   0.46   0.93
2018 238 22 10   -5.05    1.36    1.62  -514.9    25.1   -29.1   3.68  179573.  -70.0    0    0  0.2055   1.90   0.66   0.47   1.59   0.61   0.41   0.87
2018 238 22 15   -5.22    1.04    1.06  -518.2    21.3   -27.0   3.78  175513.  -71.0    0    0  0.2020   1.97   0.64   0.44   1.59   0.58   0.38   0.81
2018 238 22 20   -5.15    1.05    1.12  -521.2    26.1   -18.8   3.47  143511.  -70.0    0    0  0.1984   1.83   0.62   0.42   1.58   0.55   0.34   0.76
2018 238 22 25   -5.28    1.17    1.96  -540.5    17.1   -23.4   3.02  116535.  -69.0    0    0  0.1948   1.71   0.60   0.40   1.58   0.53   0.31   0.70
2018 238 22 30   -5.09    1.70    2.24  -543.8    16.9   -28.7   2.68   97127.  -70.0    0    0  0.1912   1.54   0.58   0.38   1.57   0.50   0.28   0.66
2018 238 22 35   -4.67    2.09    2.39  -542.9    18.4   -28.6   2.54   90969.  -71.0    0    0  0.1876   1.46   0.56   0.36   1.57   0.48   0.26   0.61
2018 238 22 40   -4.45    1.48    2.10  -523.3    10.8   -38.0   3.30  124993.  -70.0    0    0  0.1839   1.76   0.54   0.34   1.56   0.46   0.23   0.57
2018 238 22 45   -4.65    1.10    2.60  -530.8    16.6   -37.4   2.96  124249.  -71.0    0    0  0.1803   1.63   0.53   0.32   1.56   0.43   0.21   0.53
2018 238 22 50   -5.25   -0.01    2.08  -534.8    21.9   -35.2   2.59   95241.  -71.0    0    0  0.1767   1.44   0.51   0.30   1.56   0.41   0.19   0.50
2018 238 22 55   -5.56   -0.68    1.72  -539.3    26.4   -32.4   2.43   83146.  -71.0    0    0  0.1731   1.38   0.49   0.29   1.55   0.39   0.17   0.46
2018 238 23  0   -5.36   -0.02    1.86  -540.6    28.5   -24.0   2.35   90610.  -70.0    0    0  0.1695   1.34   0.48   0.27   1.55   0.38   0.16   0.43
2018 238 23  5   -5.19    0.70    1.64  -540.9    24.2   -29.4   2.52   89759.  -70.0    0    0  0.1659   1.44   0.46   0.26   1.54   0.36   0.14   0.40
2018 238 23 10   -4.74    2.42    2.16  -545.6     7.3   -30.5   2.51   90450.  -68.0    0    0  0.1623   1.45   0.45   0.24   1.54   0.34   0.13   0.37
2018 238 23 15   -5.24    1.74    1.26  -542.6    12.5   -26.5   2.56   88822.  -67.0    0    0  0.1587   1.46   0.43   0.23   1.54   0.32   0.12   0.35
2018 238 23 20   -4.99    2.25    1.98  -542.6     6.4   -31.6   2.62   93485.  -67.0    0    0  0.1551   1.50   0.42   0.22   1.53   0.31   0.11   0.33
2018 238 23 25   -4.87    1.60    2.28  -536.4    13.3   -29.5   2.47   79439.  -68.0    0    0  0.1515   1.38   0.41   0.21   1.53   0.29   0.10   0.30
2018 238 23 30   -4.54    0.97    2.62  -529.9    15.6   -37.9   2.83  103949.  -67.0    0    0  0.1480   1.55   0.39   0.20   1.52   0.28   0.09   0.28
2018 238 23 35   -4.91    1.01    2.06  -530.6    14.7   -33.1   2.78  100575.  -66.0    0    0  0.1444   1.52   0.38   0.19   1.52   0.27   0.08   0.26
2018 238 23 40   -4.37    1.42    2.85  -529.1    14.5   -40.8   2.80  105909.  -66.0    0    0  0.1409   1.53   0.37   0.18   1.52   0.25   0.07   0.25
2018 238 23 45   -4.35    0.98    3.02  -535.2    16.0   -44.4   2.89  124988.  -66.0    0    0  0.1374   1.62   0.36   0.17   1.51   0.24   0.07   0.23
2018 238 23 50   -4.88    0.13    2.50  -528.9    30.0   -39.9   2.70  103703.  -65.0    0    0  0.1339   1.48   0.35   0.16   1.51   0.23   0.06   0.21
2018 238 23 55   -4.60    1.75    2.43  -530.6     5.3   -36.6   2.81  112472.  -65.0    0    0  0.1304   1.54   0.34   0.15   1.50   0.22   0.06   0.20
2018 239  0  0   -4.89    1.22    2.06  -527.5    11.4   -31.3   2.75   98372.  -64.0    0    0  0.1270   1.49   0.33   0.14   1.50   0.21   0.05   0.19
2018 239  0  5   -4.79    1.65    1.99  -525.7     9.5   -29.7   2.76  103754.  -64.0    0    0  0.1236   1.48   0.32   0.13   1.50   0.20   0.05   0.17
2018 239  0 10   -4.88    1.98    1.58  -524.0    11.6   -28.5   2.53   80898.  -64.0    0    0  0.1202   1.35   0.31   0.13   1.49   0.19   0.04   0.16
2018 239  0 15   -4.93    1.52    1.84  -525.0    14.7   -28.6   2.60   93572.  -64.0    0    0  0.1168   1.39   0.30   0.12   1.49   0.18   0.04   0.15
2018 239  0 20   -5.16    1.22    1.30  -523.3    16.6   -25.4   2.53   85305.  -63.0    0    0  0.1135   1.35   0.29   0.11   1.48   0.17   0.03   0.14
2018 239  0 25   -5.21    1.00    1.17  -522.2    17.8   -25.4   2.57   83094.  -63.0    0    0  0.1101   1.36   0.28   0.11   1.48   0.16   0.03   0.13
2018 239  0 30   -4.94    1.06    1.99  -518.7    22.9   -26.1   2.45   79613.  -63.0    0    0  0.1069   1.28   0.27   0.10   1.48   0.16   0.03   0.12
2018 239  0 35   -4.48    1.29    2.71  -520.1    14.9   -39.2   2.46   91167.  -64.0    0    0  0.1036   1.30   0.26   0.10   1.47   0.15   0.03   0.11
2018 239  0 40   -4.35    1.20    3.09  -524.1     8.4   -46.8   2.52  101651.  -64.0    0    0  0.1004   1.35   0.25   0.09   1.47   0.14   0.02   0.11
2018 239  0 45   -3.90    1.18    3.41  -539.2    17.3   -49.0   2.72  112715.  -65.0    0    0  0.0972   1.55   0.24   0.09   1.46   0.14   0.02   0.10
2018 239  0 50   -4.45    1.85    2.18  -532.7     6.5   -36.9   2.73  112761.  -64.0    0    0  0.0941   1.51   0.24   0.08   1.46   0.13   0.02   0.09
2018 239  0 55   -4.17    3.26    0.97  -533.0     1.3   -22.0   2.92  126314.  -62.0    0    0  0.0910   1.61   0.23   0.08   1.46   0.12   0.02   0.09
