2015  76  0 30   -5.41    2.83    5.66  -420.5    21.0   -15.7  15.89    63862  5.64    34    16  0  0 -0.0868   5.46   -4.43    1.80    4.67  0.0187  -18.3
2015  76  0 35   -5.45    2.26    5.78  -415.9    15.3   -15.5  15.92    66575  5.52    38    14  0  0 -0.0831   5.35   -4.94    2.19    5.33  0.0196  -18.5
2015  76  0 40   -5.92    1.23    6.27  -417.8    13.4   -15.7  14.09    72101  4.93    37    12  0  0 -0.0836   4.78   -5.30    2.40    5.45  0.0199  -18.4
2015  76  0 45   -6.13    1.22    6.32  -420.6    15.4   -14.1  13.08    66250  4.64    34    11  0  0 -0.0927   4.49   -5.44    2.47    5.70  0.0201  -18.2
2015  76  0 50   -6.50    0.89    6.34  -425.6    16.9   -13.4  11.67    59000  4.24    34    11  0  0 -0.0992   4.11   -5.60    2.22    5.85  0.0171  -18.1
2015  76  0 55   -6.85    1.36    5.77  -425.6    14.8   -14.0  12.25    49812  4.45    34    12  0  0 -0.0986   4.31   -5.87    1.92    5.93  0.0121  -17.5
2015  76  1  0   -6.86    0.45    5.94  -426.0     9.5   -13.1  12.11    46992  4.40    34    12  0  0 -0.0970   4.26   -6.16    1.46    6.01  0.0060  -16.9
2015  76  1  5   -6.60    0.18    6.10  -425.9     8.8   -13.4  11.17    56312  4.06    36    13  0  0 -0.0986   3.93   -6.33    1.08    6.07  0.0029  -16.4
2015  76  1 10   -6.51    0.42    5.75  -422.7     6.8   -13.8  11.93    57496  4.27    36    14  0  0 -0.0982   4.13   -6.48    0.82    6.07  0.0013  -16.1
2015  76  1 15   -6.71    0.64    5.27  -421.6     7.2   -14.5  13.25    58607  4.72    41    15  0  0 -0.1002   4.57   -6.59    0.74    5.93  0.0010  -15.8
2015  76  1 20   -6.75   -1.10    5.10  -423.9     0.2   -12.2  12.02    59965  4.33    44    14  0  0 -0.0994   4.19   -6.68    0.41    5.75  0.0011  -15.6
2015  76  1 25   -6.21   -1.62    5.15  -420.2    -0.1   -13.2  11.78    60469  4.17    40    13  0  0 -0.0997   4.03   -6.64    0.05    5.58  0.0019  -15.7
2015  76  1 30   -6.58    0.04    4.90  -422.1     2.3   -14.1  11.83    62233  4.22    36    13  0  0 -0.1038   4.09   -6.60   -0.14    5.46  0.0014  -15.7
2015  76  1 35   -5.93   -1.77    5.07  -416.2     0.1   -14.4  12.26    75009  4.25    37    13  0  0 -0.1029   4.12   -6.47   -0.46    5.33  0.0025  -15.9
2015  76  1 40   -5.83   -2.02    4.87  -414.6    -3.8   -14.0  11.64    70060  4.01    43    13  0  0 -0.1016   3.88   -6.36   -0.77    5.16  0.0042  -16.0
2015  76  1 45   -7.04   -3.24    2.54  -425.8   -15.3    -9.3  12.80    64443  4.65    43    13  0  0 -0.1010   4.50   -6.44   -1.30    4.70  0.0172  -15.3
2015  76  1 50   -6.80   -1.20    4.97  -422.5    -5.7   -11.8  12.68    73236  4.53    57    14  0  0 -0.1099   4.39   -6.45   -1.56    4.66  0.0176  -15.1
2015  76  1 55   -6.16   -0.62    5.53  -421.5    -1.1   -12.9  11.00    70614  3.91    52    17  0  0 -0.1158   3.79   -6.36   -1.49    4.72  0.0173  -15.2
2015  76  2  0   -5.28   -0.24    5.87  -414.9    -0.8   -15.4  11.92    68393  4.11    64    14  0  0 -0.1131   3.98   -6.23   -1.29    4.82  0.0164  -15.5
2015  76  2  5   -6.23   -2.11    4.27  -418.1    -9.9   -14.4  12.52    70414  4.39    63    13  0  0 -0.1070   4.25   -6.18   -1.60    4.73  0.0188  -15.5
2015  76  2 10   -6.41   -3.44    2.33  -414.9   -19.1   -14.9  13.24    86419  4.58    62    13  0  0 -0.0971   4.43   -6.25   -1.84    4.34  0.0328  -16.1
2015  76  2 15   -5.82   -3.39    0.79  -410.7   -28.6   -16.8  15.28    85780  5.21    68    15  0  0 -0.0835   5.02   -6.25   -2.03    3.76  0.0593  -17.1
2015  76  2 20   -1.10   -5.29   -2.19  -422.1   -27.6   -11.8  17.98  9999999  6.44    77    16  0  0 -0.0993   6.24   -5.40   -2.33    3.08  0.1349  -17.7
2015  76  2 25   -5.97   -3.53    1.60  -419.6   -26.2   -12.5  16.33    55563  5.78    85    16  0  0 -0.1016   5.60   -5.28   -2.66    2.60  0.1560  -18.0
2015  76  2 30   -5.06   -1.84    3.83  -422.8   -15.3   -16.2  15.62    58415  5.59    87    15  0  0 -0.1095   5.42   -5.12   -2.83    2.36  0.1581  -18.5
2015  76  2 35   -5.24   -2.17    3.23  -413.8   -10.5   -17.0  15.42    65793  5.30   107    14  0  0 -0.1145   5.13   -5.12   -3.11    1.98  0.1622  -18.7
2015  76  2 40   -6.48   -3.53    0.79  -418.0   -30.8   -17.3  15.52    63686  5.46   114    13  0  0 -0.0930   5.29   -5.15   -3.31    1.48  0.1899  -18.9
2015  76  2 45   -6.28   -3.35    2.01  -419.6   -31.2   -14.9  16.27    55255  5.77   110    15  0  0 -0.1000   5.59   -5.14   -3.30    1.44  0.1916  -19.3
2015  76  2 50   -6.54   -1.96    5.17  -419.1   -17.9   -11.3  17.62    36150  6.21    87    14  0  0 -0.1248   6.01   -5.24   -3.10    2.06  0.1648  -19.6
2015  76  2 55   -6.13   -1.73    5.75  -417.6   -18.2    -9.8  16.44    35666  5.75    78    13  0  0 -0.1294   5.57   -5.96   -2.59    3.20  0.0771  -19.9
2015  76  3  0   -5.62   -1.41    6.37  -415.5   -15.4    -9.7  16.23    34695  5.61    75    13  0  0 -0.1346   5.44   -5.91   -2.28    3.88  0.0559  -20.3
2015  76  3  5   -6.19   -0.69    5.80  -418.0   -12.6   -12.2  16.55    37155  5.79    57    13  0  0 -0.1346   5.61   -6.07   -2.12    4.16  0.0539  -20.7
2015  76  3 10   -5.46   -1.36    6.43  -416.3   -15.3   -10.0  17.07    34732  5.93    54    12  0  0 -0.1378   5.74   -6.10   -2.00    4.62  0.0502  -20.7
2015  76  3 15   -4.54   -1.18    6.81  -410.5   -14.2    -8.7  16.61    33844  5.61    53    11  0  0 -0.1430   5.43   -5.82   -1.67    5.48  0.0203  -20.8
2015  76  3 20   -3.88   -1.40    7.37  -407.4   -14.6    -7.6  15.75    32376  5.24    58    11  0  0 -0.1463   5.07   -5.48   -1.39    6.24  0.0037  -20.6
2015  76  3 25   -4.42   -1.28    7.52  -411.1   -11.7    -8.9  16.82    34842  5.70    51    12  0  0 -0.1486   5.51   -5.18   -1.29    6.58  0.0025  -20.2
2015  76  3 30   -4.44   -1.06    7.94  -412.8   -11.4    -8.4  13.38    33334  4.56    51    11  0  0 -0.1517   4.42   -4.94   -1.20    6.89  0.0018  -20.0
2015  76  3 35   -4.18   -0.72    7.83  -413.8   -13.8    -7.6  13.78    35393  4.73    50    12  0  0 -0.1522   4.58   -4.73   -1.10    7.10  0.0014  -19.6
2015  76  3 40   -3.73   -2.16    7.90  -412.2   -18.6    -6.2  16.17    36774  5.50    52    12  0  0 -0.1512   5.33   -4.38   -1.31    7.40  0.0021  -19.1
2015  76  3 45   -3.61   -1.12    8.69  -408.5   -13.3    -7.5  15.93    32357  5.33    51    13  0  0 -0.1552   5.16   -4.11   -1.27    7.72  0.0019  -18.6
2015  76  3 50   -4.20   -1.68    8.56  -412.2   -15.7    -7.1  14.48    37904  4.93    57    14  0  0 -0.1549   4.77   -4.07   -1.35    7.97  0.0020  -18.4
2015  76  3 55   -2.84   -0.42    9.37  -408.7   -10.0    -8.1  15.00    36831  5.02    57    13  0  0 -0.1598   4.86   -3.92   -1.21    8.26  0.0017  -18.2
2015  76  4  0   -4.00   -0.43    8.60  -412.9    -9.9    -8.3  13.61    34414  4.65    49    13  0  0 -0.1608   4.50   -3.86   -1.08    8.41  0.0015  -17.3
2015  76  4  5   -1.19    0.20    8.93  -401.3    -3.7   -10.1  13.50    43385  4.35    47    12  0  0 -0.1635   4.21   -3.39   -0.90    8.55  0.0014  -16.5
2015  76  4 10   -1.83   -0.13    8.04  -397.8    -0.0    -9.2  10.93    36698  3.46    50    11  0  0 -0.1701   3.35   -3.06   -0.82    8.58  0.0013  -16.5
2015  76  4 15   -2.56   -0.15    8.71  -397.0     0.7    -9.0  12.00    34010  3.79    53    13  0  0 -0.1720   3.67   -2.89   -0.53    8.70  0.0005  -16.2
2015  76  4 20   -2.03    0.51    9.02  -401.7    -3.1    -8.1  13.53    34151  4.38    54    12  0  0 -0.1709   4.23   -2.66   -0.30    8.75  0.0004  -16.1
2015  76  4 25   -2.10    0.18    9.22  -399.2    -6.1    -7.7  12.76    30968  4.07    54    12  0  0 -0.1690   3.94   -2.36   -0.03    8.84  0.0000  -15.6
2015  76  4 30   -2.79   -0.11    9.09  -408.9    -8.1    -7.7  13.41    29860  4.49    46    13  0  0 -0.1681   4.35   -2.36    0.01    8.80  0.0000  -15.7
2015  76  4 35   -1.70    0.66    9.69  -401.4    -6.3    -7.7  12.58    31815  4.06    40    15  0  0 -0.1699   3.93   -2.03    0.17    8.96  0.0000  -11.6
2015  76  4 40   -1.49    1.48    9.25  -401.4    -0.1    -8.5  14.65    44898  4.74    35    15  0  0 -0.1748   4.57   -2.07    0.35    9.00  0.0003   -6.9
2015  76  4 45    1.40    3.37   18.87  -438.2    -9.8    -2.8  13.06    87774  5.16   152    48  0  0 -0.1795   4.86   -1.61    0.85   10.55  0.0008   -2.9
2015  76  4 50    2.95    4.40   25.87  -496.3   -21.6     4.9  15.26   155121  7.53   120    58  0  0 -0.1859   7.30   -0.82    1.50   13.00  0.0015   -0.9
2015  76  4 55    3.78    1.43   25.33  -486.3   -56.5    33.8  15.24   137403  7.41    54    53  0  0 -0.2100   7.11    0.01    1.63   15.33  0.0015    0.7
2015  76  5  0    2.06    1.75   23.96  -499.6   -77.2    51.3  25.33   123762 13.07    51    52  0  0 -0.2239  12.67    0.60    1.85   17.44  0.0015    2.8
2015  76  5  5    0.81    5.26   23.45  -503.6   -74.3    44.9  30.82   118230 16.10    51    59  0  0 -0.2154  15.59    1.12    2.62   19.49  0.0029    0.3
2015  76  5 10    1.53    6.71   23.57  -502.8   -77.4    48.2  32.30   121908 16.87    37    62  0  0 -0.2192  16.34    1.58    3.49   21.47  0.0054   -1.9
2015  76  5 15    3.27    1.88   24.51  -503.5   -81.2    51.4  33.48   123518 17.59    45    60  0  0 -0.2221  17.04    2.26    3.54   23.65  0.0052   -4.2
2015  76  5 20    5.72   -3.14   26.90  -504.0   -77.2    48.8  24.66   117695 12.94    69    55  0  0 -0.2211  12.53    2.87    2.61   24.80  0.0050   -4.4
2015  76  5 25    4.54   -8.16   24.60  -503.6   -75.7    44.7  25.98   123027 13.58    42    52  0  0 -0.2153  13.15    3.10    0.82   24.62  0.0081   -4.5
2015  76  5 30    3.87   -9.97   22.12  -505.1   -73.3    37.7  26.34   111539 13.80    35    52  0  0 -0.2049  13.36    3.11   -0.81   24.16  0.0156   -5.4
2015  76  5 35    6.21  -12.75   20.72  -494.9   -74.1    35.9  27.04    99662 13.61    32    53  0  0 -0.2012  13.18    3.71   -2.88   23.70  0.0303   -6.2
2015  76  5 40    5.75  -12.40   19.26  -493.0   -77.1    37.5  29.75    99643 14.90    46    51  0  0 -0.2017  14.43    4.41   -5.40   23.10  0.0445   -6.4
2015  76  5 45    0.38  -13.96   14.97  -504.4   -82.6    34.6  35.17   134840 18.46    46    56  0  0 -0.1920  17.88    4.25   -8.36   21.87  0.0718   -6.3
2015  76  5 50    3.19  -12.51   17.43  -498.4   -91.5    52.2  29.17   158023 15.15    67    58  0  0 -0.2166  14.66    4.24  -10.41   20.86  0.0906   -8.4
2015  76  5 55    5.91  -13.90    6.87  -488.1   -99.6    71.9  23.78   179047 12.07    77    49  0  0 -0.2462  11.67    4.26  -11.95   18.00  0.1542  -10.0
2015  76  6  0    0.91  -15.01   -2.68  -495.6   -75.6    61.9  39.22   229898 20.02    85    49  0  0 -0.2465  19.38    3.75  -12.93   14.10  0.3228  -10.8
2015  76  6  5   -4.47   -9.05  -16.34  -505.8   -71.6    41.2  33.62   210093 17.64   109    49  0  0 -0.2109  17.10    2.55  -12.80    8.60  0.6904  -11.5
2015  76  6 10   -6.04   -9.33  -18.93  -512.5   -67.2    42.8  30.61   211561 16.49   170    48  0  0 -0.2162  15.95    0.80  -12.31    2.94  1.0960  -13.3
2015  76  6 15   -5.99   -8.90  -18.76  -515.3   -68.3    34.7  30.52   170030 16.56   309    47  0  0 -0.2002  16.04   -0.87  -11.81   -2.49  1.5007  -15.7
2015  76  6 20   -5.03  -11.49  -17.97  -506.1   -71.3    34.9  30.18   188528 15.85   550    46  0  0 -0.1979  15.34   -1.65  -11.46   -7.20  1.8711  -17.1
2015  76  6 25   -6.39  -12.72  -13.91  -512.0   -81.7    50.6  30.04   189056 16.32   635    40  0  0 -0.2176  15.79   -3.01  -11.49  -11.67  2.2005  -20.3
2015  76  6 30   -4.20  -13.11  -11.08  -518.2   -82.8    43.7  30.25   165588 16.78   622    33  0  0 -0.2035  16.25   -4.46  -11.37  -14.24  2.4453  -25.0
2015  76  6 35   -1.27  -16.77   -7.16  -513.6   -81.1    53.8  30.71   198238 16.79   741    23  0  0 -0.2219  16.25   -4.77  -11.62  -14.88  2.5276  -30.4
2015  76  6 40   -0.78  -17.55   -0.37  -507.6   -81.9    49.6  33.38   156903 17.82   735    15  0  0 -0.2133  17.25   -4.24  -12.84  -12.60  2.3140  -36.3
2015  76  6 45   -1.15  -15.08    4.39  -504.2   -76.7    73.8  31.66   217762 16.86   652     7  0  0 -0.2599  16.28   -3.54  -13.66   -9.27  1.9876  -42.0
2015  76  6 50    2.40  -13.00   -4.58  -510.7   -66.2    91.0  29.89   336328 16.36   553     3  0  0 -0.2958  15.83   -2.35  -14.25   -7.24  1.7672  -47.3
2015  76  6 55    0.80   -9.47   11.29  -514.4   -45.4    82.4  29.51   285690 16.17   450    -3  0  0 -0.2929  15.63   -1.51  -13.96   -3.06  1.3875  -51.7
2015  76  7  0   -1.09   -7.61   11.56  -513.7   -70.0    70.9  27.97   333294 15.32   358   -10  0  0 -0.2545  14.83   -0.76  -13.23    0.58  1.0516  -54.6
2015  76  7  5    3.67  -13.41   -6.37  -513.7   -55.3    74.6  29.46   365737 16.05   284   -11  0  0 -0.2697  15.55    0.37  -13.27    1.25  0.9734  -56.7
2015  76  7 10    3.36   -9.36   -8.24  -502.0   -61.0    72.5  28.83   375858 15.07   260   -12  0  0 -0.2627  14.57    1.03  -12.21    1.10  0.9618  -58.6
2015  76  7 15    5.60  -12.76   -0.71  -492.6   -52.1    88.6  28.09   343546 14.24   395   -14  0  0 -0.2988  13.78    1.94  -11.53    1.05  0.9327  -60.3
2015  76  7 20    7.49  -11.89    7.14  -485.9   -45.8    96.0  28.47   331492 14.08   600   -16  0  0 -0.3172  13.64    3.18  -11.07    1.44  0.8877  -61.0
2015  76  7 25    7.76   -6.90   11.93  -481.7   -33.7   102.0  29.12   334426 14.18   618   -20  0  0 -0.3364  13.74    3.94  -10.20    3.80  0.6966  -62.2
2015  76  7 30    0.95   -6.99  -16.22  -495.5   -26.1    94.3  23.22   496611 11.83   522   -23  0  0 -0.3207  11.47    3.96   -9.85   -0.13  1.0440  -63.5
2015  76  7 35   -3.30   -0.30  -18.41  -517.6    -8.0    73.4  20.73   591510 11.34   473   -30  0  0 -0.2855  10.98    3.65   -8.80   -4.41  1.4516  -64.6
2015  76  7 40   -3.21   -0.87  -18.20  -521.9     0.3    55.0  20.77   513743 11.44   635   -30  0  0 -0.2539  11.08    2.66   -7.01   -6.10  1.6406  -65.5
2015  76  7 45   -5.87    1.11  -18.59  -534.4    10.9    56.5  20.85   576486 12.05   674   -27  0  0 -0.2577  11.67    1.35   -5.51   -7.58  1.8371  -66.8
2015  76  7 50    1.86   -2.25  -15.76  -534.6    25.5    51.4  18.56   599866 10.74   779   -30  0  0 -0.2539  10.39    0.81   -4.01   -9.73  2.0994  -69.0
2015  76  7 55    6.10   -6.38  -11.09  -525.5    11.3    77.2  21.15   771963 11.98   822   -35  0  0 -0.2918  11.56    0.61   -3.23  -12.33  2.3583  -70.3
2015  76  8  0    4.89   -8.61  -11.62  -526.9    20.4    80.0  20.83   799130 11.88   697   -39  0  0 -0.2986  11.48    0.20   -3.47  -15.70  2.6706  -71.6
2015  76  8  5    7.00   -5.26   -9.93  -512.7    30.3    58.0  18.77   829601 10.03   717   -43  0  0 -0.2651   9.71    1.07   -3.22  -14.80  2.5790  -72.9
2015  76  8 10    8.50   -4.30   -8.84  -522.3    33.4    52.1  18.69   793210 10.37   707   -43  0 -1 -0.2509  10.01    2.75   -3.79  -13.43  2.4206  -74.6
2015  76  8 15    8.79   -3.35   -9.35  -531.9    36.5    46.2  18.61   756818 10.71   808   -40  0 -1 -0.2370  10.32    4.47   -4.15  -12.17  2.2789  -76.4
2015  76  8 20    2.77   -3.08  -15.46  -541.5    39.5    40.3  18.52   720427 11.05   773   -42  0 -1 -0.2233  10.63    5.70   -4.75  -11.72  2.2362  -78.4
2015  76  8 25    6.10   -7.79  -13.94  -551.1    42.6    34.4  18.44   684036 11.39   724   -50  0  0 -0.2099  10.96    6.31   -5.54  -11.46  2.2217  -81.5
2015  76  8 30    0.17   -4.36  -17.87  -556.5    51.4     9.2  19.06   726353 11.93   656   -54  0  0 -0.1666  11.53    5.46   -5.25  -12.43  2.3673  -85.5
2015  76  8 35   -1.88   -3.26  -20.67  -568.4    61.8     6.8  18.98   657696 12.42   675   -60  0  0 -0.1632  12.02    4.49   -4.49  -13.72  2.5616  -90.7
2015  76  8 40    0.73  -10.48  -16.80  -558.9    32.9     8.2  20.19   758630 12.68   816   -68  0  0 -0.1500  12.26    3.60   -5.23  -14.70  2.7223  -95.1
2015  76  8 45    3.19  -11.92  -16.32  -550.1    34.4    30.2  21.60   912006 13.17   943   -73  0  0 -0.1865  12.75    2.84   -6.32  -15.77  2.8828  -99.4
2015  76  8 50   -1.41   -7.21  -19.29  -573.8    73.6     7.9  20.16   753993 13.50   981   -69  0  0 -0.1599  13.07    1.38   -6.87  -17.19  3.1061 -103.8
2015  76  8 55   -5.78   -6.87  -19.09  -595.1    64.4   -15.7  21.68   867951 15.57   842   -73  0  0 -0.1130  15.06    0.16   -7.41  -17.71  3.2289 -107.6
2015  76  9  0    3.17  -14.12  -14.27  -576.1    54.5    -1.0  23.40   774063 15.68   858   -79  0  0 -0.1300  15.18   -0.26   -8.32  -17.76  3.2652 -111.3
2015  76  9  5    6.34  -11.91  -14.20  -564.0    66.3    -1.6  22.54   773852 14.53   714   -84  0  0 -0.1311  14.08    0.62   -9.40  -17.23  3.2144 -115.1
2015  76  9 10    9.58  -15.73  -10.14  -551.6    45.4    21.6  24.33   923491 14.93   701   -91  0  0 -0.1597  14.46    2.26  -11.18  -15.73  3.0253 -118.9
2015  76  9 15    8.79  -10.87   -8.49  -552.5    55.8    53.3  25.92   840469 16.15   655   -95  0  0 -0.2157  15.62    3.41  -11.23  -14.54  2.8747 -121.7
2015  76  9 20   12.63  -15.41   -1.23  -539.4    26.3    62.0  25.68   834670 15.23   694   -94  0  0 -0.2175  14.70    4.76  -11.73  -12.39  2.6264 -124.4
2015  76  9 25   13.21  -16.49   -1.10  -540.1    33.6    62.3  24.63   837729 14.65   626   -96  0  0 -0.2177  14.16    6.85  -13.06   -9.79  2.3050 -127.0
2015  76  9 30   12.82  -15.05    2.08  -552.4    52.5    84.0  26.56   927250 16.73   630   -97  0  0 -0.2568  16.20    9.51  -14.23   -6.76  1.9186 -128.1
2015  76  9 35   13.54  -12.78    1.94  -544.7    24.7    76.8  27.73  1013433 16.87   535   -99  0 -1 -0.2311  16.29   10.99  -14.03   -4.45  1.6161 -128.1
2015  76  9 40   15.15  -13.02    1.20  -537.0    -3.1    69.7  28.90  1099617 17.00   504   -95  0 -1 -0.2045  16.42   12.25  -14.19   -2.25  1.3358 -128.0
2015  76  9 45   14.59  -13.93    0.08  -529.3   -30.9    62.5  30.07  1185800 17.14   568   -93  0  0 -0.1766  16.60   12.96  -13.94   -0.79  1.1502 -127.2
2015  76  9 50   14.85  -14.04    0.33  -531.5    -9.7    70.9  29.61  1149306 17.11   528   -90  0 -1 -0.1979  16.50   13.83  -14.39    0.47  1.0032 -125.4
2015  76  9 55   14.88  -13.79    0.70  -533.6    11.4    79.3  29.14  1112813 17.08   549   -85  0 -1 -0.2186  16.43   14.15  -14.16    0.75  0.9636 -122.6
2015  76 10  0   14.96  -13.18    1.30  -535.8    32.6    87.8  28.68  1076320 17.05   475   -83  0 -1 -0.2387  16.44   14.40  -13.68    1.09  0.9077 -119.2
2015  76 10  5   14.65  -13.22    2.58  -538.0    53.8    96.2  28.22  1039826 17.02   441   -78  0  0 -0.2580  16.49   14.66  -13.42    1.16  0.8840 -115.9
2015  76 10 10   15.80  -13.59    1.29  -532.5    12.8    66.3  26.36   993090 15.27   350   -73  0  0 -0.1855  14.71   14.98  -13.54    1.07  0.8942 -112.9
2015  76 10 15   13.78  -11.58   -0.76  -529.1     0.9    69.6  27.63   935250 15.77   284   -71  0  0 -0.1833  15.24   14.79  -13.33    0.79  0.9090 -110.2
2015  76 10 20   12.99  -13.21    3.34  -529.8    31.9    75.4  26.94   861638 15.48   377   -70  0  0 -0.2037  15.00   14.56  -13.23    1.25  0.8657 -107.8
2015  76 10 25   14.87  -13.98    7.18  -541.7    47.6    81.0  23.51   710483 14.22   304   -71  0  0 -0.2131  13.76   14.56  -13.22    2.23  0.7979 -105.7
2015  76 10 30   16.46   -8.62   12.29  -569.2    67.1    35.8  21.47   650600 14.20   243   -70  0  0 -0.1333  13.71   14.79  -12.48    3.89  0.6807 -104.9
2015  76 10 35   13.59  -10.36   14.30  -567.8    56.6    63.5  20.47   585531 13.52   189   -70  0  0 -0.1725  13.07   14.59  -12.08    5.75  0.5774 -103.7
2015  76 10 40   12.33  -10.04   14.60  -584.2    58.6    48.9  21.67   674439 15.11   235   -67  0  0 -0.1420  14.57   14.26  -11.63    7.46  0.4867 -101.8
2015  76 10 45   14.52  -11.36   14.47  -575.4    56.6    49.9  20.81   678638 14.06   230   -66  0  0 -0.1408  13.58   14.08  -11.31    9.35  0.3870 -100.6
2015  76 10 50   14.89  -12.55   13.41  -571.4    48.2    37.2  18.85   449225 12.46   206   -62  0  0 -0.1131  12.06   14.24  -11.45   11.37  0.2830  -98.9
2015  76 10 55   13.36  -11.85   16.35  -584.3    55.8    50.6  19.89   657393 13.82   195   -63  0  0 -0.1327  13.37   14.29  -11.25   13.23  0.2084  -97.5
2015  76 11  0   14.10  -15.02   10.02  -581.9    33.9    24.8  19.29   623286 13.13   214   -59  0  0 -0.0780  12.72   14.18  -11.40   13.63  0.2019  -97.5
2015  76 11  5   12.84   -4.04   15.06  -572.1    94.2    46.8  20.44   756313 13.87   215   -59  0  0 -0.1359  13.40   13.66  -10.75   14.03  0.1867  -98.0
2015  76 11 10    2.59   10.97   13.07  -575.4   120.0    48.5  27.35  1200060 19.14   232   -59  0  0 -0.1438  18.43   12.09   -7.70   13.85  0.1937  -98.6
2015  76 11 15   -6.02   19.49    2.63  -608.0   168.8    -6.8  28.93   896234 23.04   263   -53  0  0 -0.0646  22.31    9.47   -3.48   12.14  0.3628  -98.7
2015  76 11 20   -6.37   20.99   -1.47  -595.0   134.5    22.0  27.99  1040583 20.86   186   -50  0  0 -0.0956  20.20    6.48    1.14    9.87  0.5869  -99.6
2015  76 11 25   -5.34   17.97    2.02  -599.7   131.8    16.3  27.91  1145492 21.06   170   -50  0  0 -0.0814  20.40    3.59    5.50    8.24  0.7306  -99.3
2015  76 11 30   -8.42   16.90    4.06  -601.0   168.9    -3.5  29.70  1002352 23.19   167   -47  0  0 -0.0600  22.42    0.48    9.61    6.48  0.8527  -97.4
2015  76 11 35   -2.58   -5.95   15.87  -598.8   163.2    21.0  26.79   805700 20.70   204   -43  0  0 -0.0932  20.01   -1.90   10.90    7.32  0.7928  -94.6
2015  76 11 40    2.47   -6.04   17.05  -602.3   129.7    35.0  27.16   894166 20.74   215   -42  0  0 -0.0994  20.03   -3.38   10.62    7.60  0.7955  -93.7
2015  76 11 45   -3.09   11.37    6.18  -596.0   150.3    20.2  21.65   921082 16.45   140   -44  0  0 -0.0810  15.86   -4.19   10.68    6.62  0.8382  -92.7
2015  76 11 50   -9.91   18.37   -1.49  -575.8   231.9   -29.8  25.77  1026034 19.94   122   -45  0  0 -0.0309  19.28   -4.75   10.52    6.03  0.8888  -89.5
2015  76 11 55   -9.10   18.73   -0.24  -590.5   192.0   -37.2  25.18   995969 19.54   108   -45  0  0 -0.0003  18.87   -5.14   10.19    6.21  0.8606  -87.5
2015  76 12  0  -11.78   21.18   -0.59  -585.7   154.3   -15.3  17.62   720120 12.93    75   -43  0  0 -0.0173  12.53   -6.06   10.65    5.83  0.9189  -86.2
2015  76 12  5   -8.53   23.33   -3.92  -593.1   134.4    -3.1  17.32   712221 12.81   153   -43  0  0 -0.0252  12.41   -6.07   11.57    4.69  1.0739  -85.2
2015  76 12 10   -7.26   24.19   -5.01  -584.3   109.1    -9.8  17.79   722763 12.58   240   -48  0  0 -0.0016  12.18   -6.74   15.88    1.71  1.3805  -84.4
2015  76 12 15   -7.79   23.69   -4.97  -575.1   117.2    -8.5  18.79   790402 12.95   266   -44  0  0 -0.0043  12.54   -8.21   20.12   -1.43  1.6795  -83.0
2015  76 12 20  -11.06   21.52   -3.80  -575.2   139.3   -30.6  22.27  1022274 15.66   363   -47  0  0  0.0257  15.15   -9.35   21.57   -2.86  1.8874  -83.5
2015  76 12 25  -11.96   20.80   -2.40  -579.9   143.3   -26.9  20.47   862393 14.66   342   -44  0  0  0.0212  14.18   -9.64   21.92   -2.99  1.9040  -84.3
2015  76 12 30   -9.71   21.89  -11.37  -582.1   111.4   -17.0  16.63   836505 11.72   294   -50  0  0  0.0218  11.32   -9.73   22.37   -4.58  2.0858  -86.0
2015  76 12 35  -10.54   19.54  -14.75  -576.3   117.8   -25.4  15.88   807097 11.03   216   -53  0  0  0.0357  10.66   -9.55   22.14   -6.60  2.2997  -88.0
2015  76 12 40  -11.21   16.88  -16.32  -590.1   130.5   -51.3  17.42   895469 12.83   353   -60  0  0  0.0746  12.41   -9.93   21.22   -8.37  2.4896  -88.9
2015  76 12 45   -8.91   14.52  -23.13  -587.2   121.6   -18.2  14.50   738229 10.44   494   -65  0  0  0.0285  10.11  -10.17   19.83  -10.96  2.7762  -91.8
2015  76 12 50  -10.81   15.70  -21.67  -580.4   103.9   -41.4  13.40   737810  9.37   505   -68  0  0  0.0768   9.07  -10.60   18.69  -13.35  3.0350  -95.2
2015  76 12 55   -9.49   11.34  -21.61  -586.8    92.2   -61.0  14.06   879699 10.03   529   -76  0  0  0.1164   9.71  -10.38   17.24  -15.89  3.3224  -98.7
2015  76 13  0  -10.51   13.40  -21.81  -580.9    66.9   -53.8  13.13   762860  9.06   767   -82  0  0  0.1200   8.77  -10.17   16.18  -18.67  3.6231 -102.2
2015  76 13  5  -11.57   11.09  -24.21  -578.1    80.2   -45.2  13.02   652348  8.93   904   -85  0  0  0.1028   8.64  -10.43   14.64  -20.50  3.8136 -106.3
2015  76 13 10  -13.55   25.55   -8.19  -571.0   118.4     0.6  17.43   413291 11.86  1114   -88  0  0  0.0121  11.48  -10.86   15.50  -19.56  3.7232 -111.1
2015  76 13 15  -13.25   25.70   -9.42  -572.7   119.0   -29.9  18.44   352429 12.66  1116   -91  0  0  0.0648  12.25  -11.16   16.76  -18.58  3.6134 -115.3
2015  76 13 20  -14.23   23.19  -11.98  -579.6   106.9   -46.0  20.04   283147 14.04  1176   -93  0  0  0.0993  13.57  -11.92   18.00  -16.98  3.4302 -118.2
2015  76 13 25  -12.22   22.36  -14.44  -570.8    73.9   -35.7  29.06   192445 19.34  1205   -88  0  0  0.1014  18.72  -12.12   18.95  -15.95  3.3048 -121.9
2015  76 13 30  -11.55   19.98  -16.86  -568.2    60.4   -27.1  36.06   137583 23.46  1880   -74  0  0  0.0964  22.86  -12.41   20.18  -15.27  3.2041 -122.9
2015  76 13 35    2.31   26.49    2.37  -588.0    25.4   -51.8  40.98    83398 28.26  1778   -75  0  0  0.1554  27.71  -10.58   22.05  -11.82  2.8704 -123.9
2015  76 13 40    4.72   30.37    4.36  -594.2    11.4   -49.5  29.86    49157 21.26  1956   -77  0  0  0.1603  20.57   -8.25   24.81   -7.74  2.5056 -123.5
2015  76 13 45    0.62   28.13   -0.51  -591.4    -3.8   -60.3  34.09    66131 24.01  1747   -77  0  0  0.1879  23.34   -6.23   25.17   -6.64  2.4159 -120.8
2015  76 13 50  -14.32   20.98  -17.55  -574.6    47.2   -35.4  43.60    56638 29.05  1990   -63  0  0  0.1268  28.18   -6.38   24.50   -7.80  2.5188 -119.8
2015  76 13 55   -8.30   27.25  -15.83  -571.6    33.7   -20.2  24.42    56459 16.04  2046   -74  0  0  0.1110  15.53   -5.53   25.08   -8.35  2.5694 -117.4
2015  76 14  0  -15.48   18.42  -19.77  -569.5    68.7   -50.7  24.57    67873 16.31  1672   -80  0  0  0.1461  15.78   -6.00   24.52   -9.11  2.6462 -115.6
2015  76 14  5  -19.17   16.11  -19.17  -581.0    95.9   -82.1  19.10    40274 13.50  1617   -84  0  0  0.1832  13.08   -7.09   23.96   -9.44  2.7056 -113.7
2015  76 14 10   -9.27   25.49  -15.97  -563.9    77.8   -56.4  16.66    43368 10.91  1421   -84  0  0  0.1554  10.56   -8.74   23.82  -12.06  2.9480 -113.8
2015  76 14 15   -6.29   28.42  -13.73  -568.0    66.8   -55.1  14.62    33546  9.65  1307   -92  0  0  0.1609   9.35  -10.32   23.54  -14.65  3.1621 -114.8
2015  76 14 20  -11.60   24.51  -15.38  -584.9    54.7   -63.6  19.43    38953 13.61  1344   -91  0  0  0.1814  13.14  -12.06   23.03  -16.77  3.3646 -114.7
2015  76 14 25  -13.48   22.32  -17.66  -598.3    30.7   -64.2  19.49    36761 14.14  1844   -85  0  0  0.1953  13.71  -11.94   23.22  -16.79  3.3961 -117.0
2015  76 14 30  -14.42   20.46  -18.00  -588.5    32.8   -57.2  19.88    44953 13.98  1586   -84  0  0  0.1864  13.50  -12.82   22.25  -17.10  3.4350 -119.6
2015  76 14 35  -12.96   19.62  -17.36  -596.2    28.7   -60.7  28.36    70853 20.42  1362   -88  0  0  0.1951  19.77  -12.46   22.42  -16.75  3.4221 -121.7
2015  76 14 40  -11.27   19.29  -17.82  -591.0    29.2   -60.8  32.72    82709 23.15  1378   -79  0  0  0.1976  22.43  -11.33   22.87  -16.56  3.4004 -123.3
2015  76 14 45  -13.58   18.58  -17.91  -585.4    32.6   -60.7  27.58    81406 19.16  1788   -88  0  0  0.1982  18.56  -11.94   21.89  -16.84  3.4326 -126.2
2015  76 14 50  -11.75   19.36  -17.90  -582.2    36.4   -63.6  26.92    80656 18.55  1913   -93  0 -1  0.2029  17.95  -12.72   20.59  -17.43  3.4858 -129.1
2015  76 14 55  -13.48   16.85  -18.34  -579.0    40.1   -66.5  26.27    79905 17.93  1613   -99  0  0  0.2076  17.37  -12.99   19.50  -17.86  3.5103 -131.2
2015  76 15  0  -14.73    6.76  -17.49  -583.1    37.1   -63.0  24.11   115634 16.68  1446  -100  0  0  0.2047  16.13  -13.17   17.27  -17.83  3.4728 -134.0
2015  76 15  5  -17.31   -5.45  -15.13  -592.9    17.2   -54.9  29.25   201095 20.76   991  -103  0  0  0.2033  20.10  -13.58   13.57  -17.42  3.4080 -138.4
2015  76 15 10  -16.55   -2.13  -15.28  -594.3    27.8   -66.1  29.45   200207 21.12   682  -104  0  0  0.2163  20.44  -14.10   10.47  -17.12  3.3530 -142.0
2015  76 15 15  -14.27   -3.44  -11.97  -597.0    18.8   -66.8  31.86   231214 23.02   670  -114  0  0  0.2235  22.29  -14.52    7.22  -16.29  3.2314 -144.0
2015  76 15 20  -15.69    3.70  -15.49  -601.9    10.7   -69.8  23.82   155797 17.40   673  -122  0 -1  0.2333  16.95  -14.83    5.09  -15.94  3.1912 -146.1
2015  76 15 25  -21.08   -6.68  -14.73  -606.7     2.6   -72.8  15.78    80380 11.78   603  -127  0  0  0.2430  11.41  -16.16    1.37  -15.49  3.1425 -149.6
2015  76 15 30  -21.42   -8.85  -13.36  -623.3    -6.5   -62.7  16.34    99972 12.83   670  -124  0  0  0.2313  12.42  -17.29   -2.30  -14.78  3.0805 -153.7
2015  76 15 35  -19.72   -7.85  -15.36  -615.6    22.3   -63.3  24.00   105556 18.40   642  -133  0  0  0.2185  17.83  -18.01   -4.39  -14.47  3.0723 -156.0
2015  76 15 40  -18.12   -7.30  -17.42  -613.2     0.8   -59.6  24.66   102200 18.73   614  -139  0 -1  0.2266  18.13  -18.12   -4.65  -14.80  3.1371 -157.9
2015  76 15 45  -19.97   -6.12  -15.41  -610.7   -20.7   -56.0  25.32    98843 19.07   570  -138  0  0  0.2349  18.47  -18.61   -5.22  -14.82  3.1526 -161.5
2015  76 15 50  -19.86   -4.45  -15.47  -605.9   -15.9   -65.1  23.27   102611 17.30   522  -137  0  0  0.2480  16.75  -19.41   -5.36  -15.32  3.2304 -163.8
2015  76 15 55  -19.77   -3.04  -15.34  -610.3   -23.5   -64.3  22.52    69360 16.90   687  -143  0  0  0.2514  16.45  -19.99   -6.33  -15.30  3.2338 -164.2
2015  76 16  0  -20.50    1.78  -13.75  -619.0    -8.7   -71.1  14.77    56774 11.49   484  -144  0  0  0.2524  11.11  -19.91   -5.12  -15.16  3.2239 -166.3
2015  76 16  5  -20.15    2.07  -13.40  -620.1     4.4   -66.7  16.71    56008 13.00   421  -147  0  0  0.2388  12.59  -19.73   -3.56  -15.16  3.2203 -168.7
2015  76 16 10  -19.44    1.19  -13.98  -603.6     1.8   -67.6  26.35    87160 19.35   379  -154  0  0  0.2451  18.83  -19.69   -2.27  -14.97  3.1788 -169.7
2015  76 16 15  -21.06    6.77  -11.72  -604.6     3.1   -42.7  25.13    85001 18.25   352  -157  0  0  0.2068  17.88  -20.11   -0.26  -14.15  3.0543 -169.9
2015  76 16 20  -20.15    8.08  -14.22  -619.2    33.2   -41.3  16.26    68987 12.57   431  -154  0  0  0.1854  12.16  -20.13    1.77  -13.98  3.0412 -170.1
2015  76 16 25  -22.15    7.38  -12.50  -622.2    24.9   -55.6  15.49    58400 12.11   572  -155  0  0  0.2118  11.73  -20.46    3.46  -13.56  2.9972 -169.9
2015  76 16 30  -21.26    8.39  -13.45  -612.6    36.2   -61.7  15.48    47460 11.78  1095  -145  0  0  0.2149  11.41  -20.67    5.09  -13.29  2.9655 -166.8
2015  76 16 35  -20.40   10.04  -13.00  -605.7    36.0   -66.9  16.76    40648 12.49  1443  -146  0  0  0.2237  12.10  -20.66    6.27  -13.18  2.9438 -163.6
2015  76 16 40  -16.62    8.60  -16.83  -603.4    36.6   -71.6  17.04    40334 12.63  1428  -145  0  0  0.2307  12.23  -20.15    7.21  -13.67  3.0013 -164.3
2015  76 16 45  -20.70   11.82  -12.00  -610.0    57.8   -51.2  13.67    45302 10.34  1619  -150  0  0  0.1854  10.01  -20.33    8.73  -13.39  2.9762 -166.1
2015  76 16 50  -19.93   11.34  -10.43  -599.1    49.8   -50.4  22.17    48811 16.12  1360  -152  0  0  0.1901  15.63  -20.17    9.38  -13.20  2.9551 -167.3
2015  76 16 55  -13.28    2.82  -17.27  -581.5     7.4   -53.2  30.65    70730 20.69  1188  -151  0  0  0.2251  20.25  -19.19    8.63  -13.64  2.9738 -167.7
2015  76 17  0  -11.71    1.10  -20.39  -575.4   -10.4   -64.3  19.14   107844 12.81   972  -151  0  0  0.2557  12.43  -17.70    7.73  -14.77  3.0742 -171.2
2015  76 17  5  -13.47    3.24  -19.57  -579.2    10.6   -78.9  15.98    75654 10.93   759  -153  0  0  0.2627  10.58  -16.59    6.99  -15.64  3.1545 -176.0
2015  76 17 10  -10.16    3.18  -18.26  -566.8    26.5   -44.0  28.96   169267 18.74   763  -159  0  0  0.1978  18.17  -15.12    6.01  -16.39  3.2092 -177.8
2015  76 17 15  -13.56    5.54  -15.76  -576.4    39.5   -29.0  32.25   115754 21.59   614  -163  0  0  0.1636  20.90  -14.69    5.58  -16.24  3.1573 -181.2
2015  76 17 20  -11.57   12.74  -12.85  -568.5    42.9   -44.9  24.36   105340 15.94   820  -166  0  0  0.1858  15.43  -13.38    5.71  -16.36  3.1372 -183.7
2015  76 17 25   -9.37    5.63  -16.86  -560.9    45.3   -46.4  34.60    98746 22.06  1091  -174  0  0  0.1862  21.37  -11.87    4.89  -17.28  3.2200 -185.2
2015  76 17 30  -10.52   12.35  -14.72  -559.9    58.9   -63.2  20.10    55167 12.94   819  -170  0  0  0.2015  12.50  -11.48    6.25  -16.92  3.1636 -182.7
2015  76 17 35   -6.13   17.56  -13.77  -544.2    77.3   -66.7  18.80    45014 11.54   763  -163  0  0  0.1927  11.16  -10.68    8.61  -15.97  3.0411 -177.0
2015  76 17 40   -8.93   16.33  -13.71  -547.9    75.7   -81.6  17.16    47668 10.74   598  -157  0  0  0.2161  10.39  -10.03   10.48  -15.13  2.9261 -172.1
2015  76 17 45  -12.93   14.94  -11.92  -568.1    66.7   -69.5  16.15    47566 10.76  1123  -142  0  0  0.2010  10.39  -10.43   12.16  -14.23  2.8310 -164.2
2015  76 17 50  -13.11   12.34  -13.38  -579.5    84.0   -49.5  18.24    61754 12.60  1057  -136  0  0  0.1549  12.20  -10.37   13.13  -13.89  2.8023 -159.8
2015  76 17 55  -10.51   13.97  -13.79  -588.5    21.7   -67.5  15.64    46723 10.99   884  -137  0  0  0.2280  10.64  -10.21   13.30  -14.02  2.8396 -156.6
2015  76 18  0  -14.34   12.25  -13.31  -560.4    41.2   -89.3  18.95   113136 12.26   837  -139  0  0  0.2491  11.88  -10.92   14.25  -13.51  2.7846 -154.3
2015  76 18  5  -11.08   15.62  -12.52  -552.3    41.6   -84.7  17.56    96277 11.02  1090  -140  0  0  0.2416  10.68  -11.00   14.72  -13.20  2.7455 -154.4
2015  76 18 10  -18.63   10.23   -6.54  -573.0    35.2   -73.3  14.12   257155  9.46  1442  -143  0  0  0.2244   9.16  -12.79   13.67  -12.17  2.6112 -154.7
2015  76 18 15  -18.10   11.33   -7.40  -573.2    32.3   -74.9  14.52   230521  9.73  1460  -145  0  0  0.2276   9.43  -14.10   12.95  -11.27  2.4970 -154.9
2015  76 18 20  -17.51   11.88   -6.50  -570.5    32.8   -69.7  14.27   227962  9.46  1383  -146  0  0  0.2181   9.16  -14.75   12.52  -10.49  2.3841 -154.9
2015  76 18 25  -17.18   12.79   -5.78  -573.4    35.8   -68.5  13.18   197789  8.82  1272  -144  0  0  0.2118   8.55  -15.34   12.58   -9.41  2.2304 -154.6
2015  76 18 30  -11.55   15.07  -10.92  -554.4    37.3   -97.6  18.46    89234 11.77  1335  -140  0  0  0.2564  11.38  -15.48   12.74   -9.00  2.1568 -154.4
2015  76 18 35  -11.43   16.32   -8.19  -554.3    47.8   -91.8  17.70    88538 11.26  1548  -137  0  0  0.2365  10.90  -15.07   13.32   -8.26  2.0724 -154.5
2015  76 18 40   -9.50   16.68   -7.37  -547.3    57.0   -85.5  16.89    92111 10.48  1300  -139  0  0  0.2179  10.15  -14.84   13.47   -7.53  1.9864 -153.4
2015  76 18 45   -8.18   14.94  -13.88  -548.4    45.5   -84.8  19.20    74377 11.90  1104  -141  0  0  0.2247  11.53  -13.35   14.14   -8.58  2.1186 -153.2
2015  76 18 50   -8.01   10.62  -18.07  -540.6     6.0   -75.2  12.45    61863  7.45  1133  -143  0  0  0.2440   7.19  -11.91   14.04  -10.10  2.2808 -151.5
2015  76 18 55  -10.87   10.95  -17.79  -538.2    -1.0   -72.2  11.26   100389  6.65  1198  -149  0  0  0.2439   6.43  -10.96   13.91  -11.71  2.4531 -152.2
2015  76 19  0   -7.66   21.57   -0.54  -532.0    47.5   -35.0   9.75    94544  5.58  1362  -144  0  0  0.1387   5.41   -9.60   15.16  -10.97  2.3987 -152.8
2015  76 19  5   -4.46   14.54   -2.00  -517.1   -30.2   -68.5  18.47   222731 10.09  1417  -145  0  0  0.2653   9.77   -8.59   15.09   -9.69  2.2222 -153.5
2015  76 19 10   -5.77   10.49  -10.85  -536.1   -35.1   -57.8  13.63   218691  7.93  1484  -150  0  0  0.2455   7.71   -7.78   14.26  -10.07  2.2326 -155.7
2015  76 19 15   -6.76    6.71  -11.81  -545.5   -39.0   -57.1  11.37   215673  6.87  1256  -160  0  0  0.2436   6.66   -7.39   12.83  -10.71  2.2808 -157.6
2015  76 19 20   -6.74    6.57  -12.45  -553.0   -18.3   -58.2   9.14   174979  5.66  1031  -165  0  0  0.2237   5.48   -7.18   11.64  -10.50  2.2424 -160.5
2015  76 19 25   -7.32    4.84  -12.73  -551.8   -10.1   -56.8   9.15   176253  5.63  1035  -166  0  0  0.2122   5.46   -7.08   10.81   -9.74  2.1563 -161.3
2015  76 19 30   -7.73    6.77  -13.11  -550.3    -1.0   -69.9   7.87   107823  4.84  1071  -169  0  0  0.2224   4.69   -6.63   10.21   -9.07  2.0859 -161.8
2015  76 19 35   -8.33    6.09  -13.29  -555.5   -10.7   -72.4   6.07    94586  3.81   914  -170  0  0  0.2315   3.69   -6.73    8.00  -10.89  2.2578 -161.8
2015  76 19 40   -7.02    3.56  -14.66  -549.8   -30.4   -61.4   5.75    99837  3.53   645  -169  0  0  0.2309   3.42   -7.10    6.43  -12.70  2.4773 -161.2
2015  76 19 45   -7.80    5.01  -13.60  -558.0   -29.6   -65.0   6.39   105911  4.06   592  -170  0  0  0.2314   3.92   -7.39    5.65  -13.09  2.5419 -160.1
2015  76 19 50   -7.41    5.68  -13.97  -566.1   -35.7   -68.4   6.55   102426  4.28   431  -165  0  0  0.2376   4.14   -7.48    5.50  -13.40  2.6004 -158.8
2015  76 19 55   -7.89    3.02  -14.40  -566.0   -34.9   -66.7   6.66    95146  4.34   503  -163  0  0  0.2318   4.21   -7.64    5.00  -13.68  2.6481 -157.4
2015  76 20  0   -7.51    1.70  -14.49  -556.5   -33.9   -57.6   7.26    95033  4.56  1033  -160  0  0  0.2167   4.42   -7.67    4.55  -13.93  2.6840 -156.2
2015  76 20  5   -7.76    2.07  -14.04  -563.0   -17.1   -61.9   7.41    96126  4.76  1091  -156  0  0  0.2042   4.61   -7.67    3.88  -14.06  2.7102 -155.5
2015  76 20 10   -8.14    4.99  -13.66  -560.6   -29.9   -61.4   7.05    96507  4.49  1073  -156  0  0  0.2127   4.36   -7.65    3.72  -14.12  2.7198 -155.5
2015  76 20 15   -8.23    6.92  -13.17  -558.1   -38.6   -54.0   6.97    94813  4.41   865  -163  0  0  0.2071   4.26   -7.82    4.20  -13.90  2.7005 -156.1
2015  76 20 20   -7.41    2.64  -14.26  -554.7   -39.2   -42.3   7.41   119610  4.61  1171  -164  0  0  0.1877   4.46   -7.76    3.86  -14.00  2.7074 -157.0
2015  76 20 25   -7.49    3.03  -14.73  -554.1   -13.9   -41.4   7.21   121171  4.45  1162  -167  0  0  0.1603   4.31   -7.78    3.48  -14.11  2.7076 -158.0
2015  76 20 30   -6.94    3.12  -15.54  -552.9    -6.1   -44.9   6.50   114417  4.00  1080  -169  0  0  0.1556   3.87   -7.64    3.50  -14.27  2.7140 -160.0
2015  76 20 35   -7.30    0.58  -15.85  -548.0   -15.4   -41.4   6.48   115075  3.92  1087  -167  0  0  0.1567   3.79   -7.61    3.34  -14.46  2.7285 -160.3
2015  76 20 40   -8.44   -1.63  -15.16  -557.4   -26.6   -28.2   6.66    99562  4.16   790  -172  0  0  0.1427   4.03   -7.71    2.81  -14.62  2.7408 -160.1
2015  76 20 45   -6.90    2.39  -16.25  -548.1   -15.1   -37.7   7.13    97045  4.31  1182  -166  0  0  0.1446   4.17   -7.53    2.44  -14.99  2.7728 -159.8
2015  76 20 50   -6.78    0.52  -16.41  -552.1   -19.2   -35.6   7.33    75849  4.51  1352  -163  0  0  0.1417   4.35   -7.32    1.52  -15.46  2.8226 -160.1
2015  76 20 55   -4.71    2.02  -17.01  -541.2    -7.8   -47.1   6.89    84763  4.07  1089  -166  0  0  0.1469   3.94   -6.94    1.43  -15.85  2.8574 -160.0
2015  76 21  0   -6.42    4.49  -16.41  -542.0    11.1   -49.5   6.83   104401  4.05  1312  -171  0  0  0.1288   3.92   -6.78    1.64  -16.09  2.8766 -159.1
2015  76 21  5   -8.47    1.81  -16.32  -556.6   -13.7   -36.0   6.63    76482  4.13  1242  -165  0  0  0.1270   4.00   -7.00    1.45  -16.20  2.8928 -160.4
2015  76 21 10   -7.62    1.44  -16.85  -548.2    -6.9   -40.6   6.44    76311  3.89  1425  -167  0  0  0.1253   3.77   -7.05    1.58  -16.34  2.9102 -161.9
2015  76 21 15   -6.55   -2.43  -17.37  -551.3   -21.3   -32.4   7.82    74731  4.78  1587  -174  0  0  0.1229   4.63   -6.78    1.46  -16.66  2.9423 -163.5
2015  76 21 20   -7.08    3.07  -17.42  -552.1   -16.9   -39.3   6.48    78516  3.98  1656  -176  0  0  0.1258   3.85   -6.80    1.56  -16.83  2.9661 -164.1
2015  76 21 25   -8.69    5.98  -16.16  -559.4    -3.6   -42.1   5.95    82792  3.75  1193  -179  0  0  0.1130   3.63   -7.08    2.34  -16.79  2.9704 -166.2
2015  76 21 30   -8.25    9.67  -14.90  -555.8    12.5   -46.5   6.07    77544  3.79   872  -177  0 -1  0.1011   3.66   -7.58    3.43  -16.49  2.9518 -168.7
2015  76 21 35   -7.83    5.97  -16.55  -552.3    28.7   -50.9   6.19    72297  3.84  1272  -182  0  0  0.0888   3.70   -7.78    3.64  -16.51  2.9664 -170.1
2015  76 21 40   -6.32   -1.29  -18.91  -544.1   -27.4   -27.4   6.77    59481  4.03   880  -185  0  0  0.1054   3.90   -7.48    3.20  -16.88  2.9954 -172.1
2015  76 21 45   -6.22    0.16  -19.10  -541.8   -14.1   -38.6   5.37    70314  3.18  1263  -191  0  0  0.1064   3.07   -7.28    3.02  -17.20  3.0247 -173.7
2015  76 21 50   -6.07    2.33  -19.27  -541.3     2.6   -50.5   5.41    73157  3.20   826  -194  0  0  0.1047   3.10   -7.21    3.70  -17.47  3.0472 -176.3
2015  76 21 55   -5.96    5.29  -18.50  -539.0    12.0   -46.3   5.61    70107  3.29   704  -193  0  0  0.0855   3.18   -7.05    4.02  -17.63  3.0531 -179.2
2015  76 22  0   -6.29    6.27  -18.01  -541.8     8.6   -38.3   6.02    73984  3.55   726  -198  0  0  0.0727   3.44   -6.71    4.06  -17.89  3.0664 -181.7
2015  76 22  5   -6.55    6.59  -17.04  -538.9    14.2   -32.8   7.75    66888  4.52   609  -201  0  0  0.0553   4.38   -6.46    3.62  -18.20  3.0837 -184.5
2015  76 22 10  -10.99    1.12  -17.43  -557.3   -13.6   -14.0   7.07    38155  4.41   437  -202  0  0  0.0493   4.26   -6.91    2.92  -18.32  3.0984 -188.2
2015  76 22 15  -11.01    2.87  -17.63  -554.0   -16.2   -15.0   7.06    40941  4.34   426  -207  0  0  0.0500   4.20   -7.58    3.52  -18.14  3.0880 -192.4
2015  76 22 20   -8.08   -6.52  -17.43  -550.7   -23.7   -11.0   9.07    47989  5.51   489  -213  0  0  0.0479   5.34   -7.85    2.56  -17.90  3.0693 -196.1
2015  76 22 25   -8.28   -8.42  -16.91  -557.5   -25.7   -13.6  10.64    46763  6.63   430  -212  0  0  0.0497   6.42   -8.17    1.03  -17.56  3.0455 -199.7
2015  76 22 30   -9.16   -5.69  -17.47  -566.4   -18.5   -21.5  10.20    55403  6.56   431  -215  0  0  0.0502   6.35   -8.62   -0.54  -17.42  3.0547 -203.6
2015  76 22 35   -8.08   -6.73  -17.61  -560.6   -20.1   -15.6  11.54    47970  7.28   436  -219  0  0  0.0398   7.04   -8.88   -2.40  -17.36  3.0656 -208.0
2015  76 22 40   -8.19   -5.72  -18.16  -554.8   -23.1   -19.1   9.75    47609  6.02   470  -226  0  0  0.0448   5.83   -9.11   -4.16  -17.52  3.0981 -210.3
2015  76 22 45   -7.90   -7.44  -18.05  -552.4   -22.2   -18.4  10.13    47287  6.20   343  -233  0  0  0.0395   6.00   -8.67   -5.38  -17.61  3.1036 -212.0
2015  76 22 50   -8.26   -8.81  -17.50  -550.7   -22.1   -19.4   9.42    48474  5.73   313  -230  0  0  0.0374   5.55   -8.28   -7.05  -17.59  3.0989 -213.0
2015  76 22 55   -9.20   -9.02  -17.06  -547.5   -22.9   -23.8   8.80    51253  5.30   369  -229  0  0  0.0416   5.13   -8.44   -7.40  -17.54  3.0906 -212.4
2015  76 23  0   -9.80   -8.44  -17.15  -552.3   -26.0   -22.7   7.11    52554  4.35   443  -230  0  0  0.0388   4.22   -8.66   -7.41  -17.57  3.0896 -209.4
2015  76 23  5  -10.03   -7.49  -17.81  -546.2   -28.7   -23.0   6.39    54309  3.83   505  -226  0  0  0.0390   3.71   -8.78   -7.66  -17.62  3.0741 -206.0
2015  76 23 10   -9.49   -6.15  -18.40  -538.4   -28.7   -26.1   6.05    52832  3.53   619  -213  0  0  0.0411   3.41   -8.98   -7.58  -17.73  3.0634 -202.0
2015  76 23 15  -10.88   -4.75  -18.03  -542.5   -24.8   -38.3   4.45    58194  2.64  1583  -221  0  0  0.0518   2.55   -9.37   -7.44  -17.71  3.0491 -196.5
2015  76 23 20   -9.26   -4.89  -18.95  -538.1   -25.6   -33.6   3.71    44478  2.16  1197  -215  0  0  0.0423   2.09   -9.56   -7.08  -17.84  3.0483 -191.3
2015  76 23 25   -5.62  -12.65  -15.90  -519.6   -38.5   -14.3   4.11    65325  2.23  1132  -201  0  0  0.0239   2.16   -9.18   -7.63  -17.61  2.9937 -187.4
2015  76 23 30   -6.21  -12.48  -15.97  -509.5   -43.5    -8.6   4.64    71025  2.43  1481  -199  0  0  0.0175   2.35   -8.76   -8.12  -17.46  2.9405 -186.0
2015  76 23 35   -4.83  -13.36  -15.73  -519.5   -30.6   -13.6   6.15    72443  3.33  1473  -199  0  0  0.0073   3.23   -8.05   -8.82  -17.26  2.8879 -183.4
2015  76 23 40   -2.31  -15.23  -14.70  -526.4   -24.9   -15.9   8.35    61233  4.64  1928  -198  0  0  0.0008   4.50   -6.94   -9.93  -16.81  2.8247 -181.6
2015  76 23 45    0.42  -17.11  -13.36  -521.8   -10.0   -18.8   6.72    64113  3.67  1396  -197  0  0 -0.0132   3.55   -5.53  -11.50  -16.09  2.7396 -181.9
2015  76 23 50    2.94  -18.48  -10.87  -526.1     0.1   -21.6   5.07    68709  2.81  1147  -198  0  0 -0.0230   2.72   -3.55  -13.46  -15.07  2.6256 -180.5
2015  76 23 55    4.99  -18.48   -7.93  -542.3    -5.8   -38.3   4.84    84459  2.86  1112  -200  0  0  0.0041   2.77   -1.52  -15.40  -13.49  2.4700 -179.5
2015  77  0  0    4.65  -19.08   -7.08  -544.5    -3.7   -33.3   5.42    81421  3.23   824  -185  0  0 -0.0094   3.12   -0.05  -16.32  -12.23  2.3695 -178.5
2015  77  0  5    3.01  -14.55   -7.83  -553.7     0.2   -39.3   7.62   132979  4.78   823  -186  0  0 -0.0085   4.55    1.27  -16.61  -11.07  2.2791 -176.3
2015  77  0 10    2.66  -10.67   -6.90  -574.8    14.4   -51.2  12.72   231563  8.48   861  -178  0  0 -0.0100   8.21    2.34  -16.23   -9.81  2.1653 -174.7
2015  77  0 15    3.64  -10.93   -7.49  -583.5     2.8   -46.0   9.87   175167  6.73   868  -170  0  0 -0.0111   6.55    3.19  -15.61   -8.78  2.0756 -172.6
2015  77  0 20    4.74  -11.55   -5.56  -591.7     8.0   -61.7   9.57   206443  6.77   741  -171  0  0  0.0021   6.56    3.80  -14.82   -7.67  1.9755 -171.4
2015  77  0 25    5.76  -11.01   -4.11  -608.8     0.6   -68.2   9.23   192070  6.95   622  -169  0  0  0.0120   6.71    4.21  -13.75   -6.70  1.8812 -168.1
2015  77  0 30    7.23  -12.59   -4.70  -606.8   -12.3   -67.6   6.40   154992  4.78   508  -170  0  0  0.0194   4.62    4.53  -12.91   -6.24  1.8388 -164.3
2015  77  0 35    6.50  -13.93   -6.88  -582.5   -28.3   -22.5   3.22    55180  2.20   473  -172  0  0 -0.0300   2.12    4.79  -12.18   -6.21  1.8381 -162.8
2015  77  0 40    6.91  -13.96   -6.87  -581.9   -33.3   -20.2   2.95    43345  2.01   544  -174  0  0 -0.0320   1.94    5.35  -12.09   -6.07  1.8359 -160.7
2015  77  0 45    7.20  -13.79   -6.97  -574.6   -32.1   -19.4   3.03    51997  2.01   299  -177  0  0 -0.0369   1.95    6.00  -12.54   -6.08  1.8467 -158.6
2015  77  0 50    7.25  -13.72   -7.03  -573.8   -27.9   -18.8   3.18    41644  2.10   273  -174  0  0 -0.0448   2.04    6.51  -12.94   -6.02  1.8401 -157.2
2015  77  0 55    7.91  -13.79   -6.39  -565.8   -18.4   -12.4   3.12    45738  2.01   303  -173  0  0 -0.0658   1.94    6.97  -13.26   -6.14  1.8483 -156.8
2015  77  1  0    8.31  -13.53   -6.12  -556.8   -16.5   -17.6   3.32    49602  2.06   311  -171  0  0 -0.0623   2.00    7.33  -13.62   -6.42  1.8694 -156.2
2015  77  1  5    8.33  -14.03   -4.28  -558.0   -20.9   -14.4   3.45    42764  2.15   355  -169  0  0 -0.0663   2.09    7.49  -13.82   -6.36  1.8413 -155.4
2015  77  1 10    8.05  -13.88   -4.88  -557.1   -23.5   -10.0   3.57    39146  2.22   310  -169  0  0 -0.0736   2.15    7.71  -13.81   -6.08  1.7898 -154.8
2015  77  1 15    4.47  -14.27   -7.39  -581.0   -48.9   -18.9   3.77    47160  2.57   191  -168  0  0 -0.0424   2.49    7.36  -13.86   -6.15  1.8003 -154.0
2015  77  1 20    4.79  -13.93   -7.97  -576.2   -48.3   -21.7   4.05    44841  2.72   234  -166  0  0 -0.0414   2.63    7.02  -13.88   -6.29  1.8206 -153.1
2015  77  1 25    5.72  -14.47   -6.44  -574.8   -45.3   -16.1   3.88    46348  2.58   162  -164  0  0 -0.0552   2.50    6.80  -13.99   -6.21  1.8137 -152.4
2015  77  1 30    6.99  -13.94   -5.89  -562.8   -37.1   -15.7   3.52    44451  2.24   225  -163  0  0 -0.0650   2.17    6.67  -14.01   -6.14  1.8036 -151.6
2015  77  1 35    7.91  -13.68   -3.74  -559.3   -28.1   -13.7   3.96    56140  2.48   175  -162  0  0 -0.0790   2.41    6.61  -14.03   -5.80  1.7640 -150.6
2015  77  1 40    9.59  -12.99   -4.21  -548.7   -17.0    -8.8   4.34    33582  2.62   168  -161  0  0 -0.0990   2.53    6.79  -13.88   -5.79  1.7526 -149.6
2015  77  1 45    9.39  -13.25   -3.94  -550.7   -19.1   -11.7   4.39    32521  2.67   150  -160  0  0 -0.0954   2.58    6.98  -13.79   -5.65  1.7300 -149.1
2015  77  1 50    9.44  -13.01   -4.37  -547.5   -15.7   -11.8   4.58    37560  2.75   160  -159  0  0 -0.1010   2.66    7.69  -13.61   -5.22  1.6503 -148.6
2015  77  1 55    9.54  -12.92   -4.35  -542.1   -17.5   -13.4   4.36    37777  2.57   133  -160  0  0 -0.0991   2.49    8.37  -13.47   -4.71  1.5607 -148.0
2015  77  2  0    9.40  -13.46   -2.42  -545.1   -10.4    -5.7   4.17    38264  2.48   125  -158  0  0 -0.1207   2.40    8.89  -13.32   -4.13  1.4707 -146.7
2015  77  2  5    8.86  -13.07   -4.89  -548.8   -21.4   -10.8   4.20    38418  2.54   152  -157  0  0 -0.1053   2.45    9.16  -13.20   -3.99  1.4412 -145.2
2015  77  2 10    9.19  -12.83   -4.84  -544.0   -27.2   -17.6   4.04    47111  2.40   189  -153  0  0 -0.0915   2.32    9.34  -13.08   -4.15  1.4480 -143.4
2015  77  2 15   10.19  -12.69   -3.12  -537.1   -14.1    -9.2   3.95    42457  2.28   292  -150  0  0 -0.1190   2.21    9.43  -13.03   -3.99  1.4225 -141.4
2015  77  2 20    9.87  -12.51   -3.91  -536.4   -20.4   -12.5   3.91    50123  2.26   336  -148  0  0 -0.1102   2.18    9.50  -12.93   -3.99  1.4111 -139.7
2015  77  2 25    9.38  -12.90   -2.99  -539.0   -24.2   -15.2   4.17    50373  2.43   378  -146  0  0 -0.1049   2.35    9.49  -12.91   -3.79  1.3833 -137.7
2015  77  2 30    8.77  -12.99   -4.22  -543.0   -28.6   -13.7   4.70    64325  2.78   397  -144  0  0 -0.1060   2.69    9.38  -12.92   -3.77  1.3818 -136.5
2015  77  2 35    9.53  -12.70   -3.00  -537.8   -21.8   -13.0   4.02    51849  2.33   409  -143  0  0 -0.1151   2.26    9.40  -12.81   -3.85  1.3834 -135.8
2015  77  2 40    8.81  -12.99   -2.67  -537.2   -29.1   -14.2   4.19    49466  2.43   393  -144  0  0 -0.1087   2.35    9.39  -12.80   -3.54  1.3402 -135.5
2015  77  2 45    8.74  -13.07   -2.46  -542.5   -21.2    -9.5   4.13    44117  2.44   391  -144  0  0 -0.1260   2.36    9.33  -12.84   -3.20  1.3008 -135.2
2015  77  2 50    9.02  -12.39   -2.48  -533.6   -27.1   -15.3   4.44    61038  2.53   365  -144  0  0 -0.1127   2.46    9.16  -12.79   -3.10  1.2871 -134.5
2015  77  2 55    9.82  -11.97   -0.45  -537.1   -24.1   -11.9   4.18    51961  2.43   375  -144  0  0 -0.1232   2.34    9.15  -12.72   -2.61  1.2286 -133.9
2015  77  3  0    9.67  -11.99   -0.98  -534.2   -17.6    -8.6   4.07    64076  2.32   347  -141  0  0 -0.1361   2.25    9.19  -12.59   -2.32  1.1892 -132.9
2015  77  3  5    6.40  -13.63   -2.32  -546.6   -35.6   -14.8   3.99    61069  2.41   387  -138  0  0 -0.1131   2.32    8.86  -12.68   -2.05  1.1632 -132.1
2015  77  3 10    6.56  -13.16   -4.78  -551.0   -46.2   -16.5   4.53    60462  2.77   337  -135  0  0 -0.1037   2.69    8.43  -12.74   -2.31  1.2024 -130.8
2015  77  3 15    6.54  -13.50   -3.68  -547.4   -45.3   -18.6   4.84    64630  2.92   389  -135  0  0 -0.1025   2.83    8.11  -12.82   -2.45  1.2267 -129.3
2015  77  3 20    5.70  -13.72   -4.44  -552.4   -52.3   -17.5   4.23    59947  2.61   267  -134  0  0 -0.1007   2.53    7.67  -12.91   -2.73  1.2682 -128.2
2015  77  3 25    5.71  -13.71   -4.40  -552.3   -51.3   -16.4   4.65    56765  2.86   350  -131  0  0 -0.1050   2.77    7.20  -13.10   -3.01  1.3163 -127.6
2015  77  3 30    5.69  -13.62   -4.74  -554.5   -54.9   -19.6   4.42    52849  2.75   391  -130  0  0 -0.0989   2.66    6.61  -13.33   -3.62  1.4042 -126.9
2015  77  3 35    3.82  -14.03   -4.94  -566.4   -61.5   -17.9   4.95    54588  3.21   313  -130  0  0 -0.0994   3.12    5.77  -13.62   -4.19  1.4971 -126.2
2015  77  3 40    4.32  -14.16   -4.16  -564.9   -59.3   -16.7   4.51    62021  2.92   322  -129  0  0 -0.1044   2.82    5.48  -13.70   -4.45  1.5398 -125.8
2015  77  3 45    3.75  -14.44   -3.14  -569.2   -60.9   -15.8   4.98    65101  3.27   340  -128  0  0 -0.1065   3.16    5.08  -13.88   -4.21  1.5282 -125.4
2015  77  3 50    3.52  -14.36   -3.06  -572.3   -63.4   -16.5   5.10    81494  3.38   354  -128  0  0 -0.1053   3.28    4.64  -14.01   -4.13  1.5352 -125.6
2015  77  3 55    3.67  -14.41   -3.26  -553.3   -54.0   -13.4   4.22    65982  2.61   316  -129  0  0 -0.1166   2.53    4.35  -14.10   -3.96  1.5197 -125.5
2015  77  4  0    3.61  -14.18   -4.32  -570.5   -65.6   -19.0   5.29    72235  3.51   309  -128  0  0 -0.1021   3.38    4.05  -14.17   -3.95  1.5308 -125.5
2015  77  4  5    2.04  -14.12   -5.17  -579.6   -70.2   -19.8   5.05    71360  3.45   307  -128  0  0 -0.0998   3.34    3.53  -14.24   -4.01  1.5553 -125.4
2015  77  4 10    2.53  -14.19   -4.81  -575.3   -70.3   -20.2   4.96    82425  3.33   303  -127  0  0 -0.0996   3.23    3.35  -14.27   -3.99  1.5590 -124.9
2015  77  4 15    4.09  -13.80   -5.17  -564.7   -65.3   -21.5   4.95    71894  3.21   369  -128  0  0 -0.1009   3.10    3.32  -14.21   -4.13  1.5751 -124.2
2015  77  4 20    5.76  -13.25   -4.58  -552.4   -59.9   -25.0   4.50    93861  2.80   405  -127  0  0 -0.0985   2.70    3.60  -14.04   -4.34  1.5849 -123.0
2015  77  4 25    8.52  -12.74   -2.62  -530.8   -43.9   -19.6   3.76    98716  2.14   368  -126  0  0 -0.1177   2.07    4.32  -13.81   -4.28  1.5487 -121.5
2015  77  4 30    8.17  -12.87   -2.78  -537.8   -49.8   -18.8   3.50   104815  2.05   288  -126  0  0 -0.1160   1.98    4.96  -13.59   -4.21  1.5249 -120.0
2015  77  4 35    9.02  -12.12   -1.18  -527.6   -37.7   -17.1   3.56    95813  2.00   204  -124  0  0 -0.1278   1.93    5.73  -13.30   -3.76  1.4413 -118.3
2015  77  4 40    6.39  -13.30   -1.32  -546.6   -51.4   -16.6   3.06   130625  1.85   147  -123  0  0 -0.1208   1.79    6.35  -13.18   -3.21  1.3549 -116.9
2015  77  4 45    6.60  -12.70   -1.10  -560.3   -53.3   -22.3   3.31   127232  2.10   144  -121  0  0 -0.1123   2.03    6.94  -12.97   -2.68  1.2749 -115.7
2015  77  4 50    8.50  -10.51   -3.49  -534.0   -33.8   -27.5   3.86   128002  2.22   181  -119  0  0 -0.1151   2.15    7.57  -12.50   -2.44  1.2126 -114.0
2015  77  4 55    6.89   -8.89    3.75  -556.7    25.2     6.1   3.52   148718  2.26   247  -117  0  0 -0.2157   2.12    7.73  -11.88   -1.25  1.0556 -112.6
2015  77  5  0    9.08   -8.95   -1.05  -531.2    -9.4   -28.8   3.58   114252  2.04   289  -113  0  0 -0.1310   1.96    7.81  -11.33   -1.02  1.0059 -111.1
2015  77  5  5    6.72  -10.93   -2.29  -542.5   -45.6   -52.8   3.89   168048  2.34   314  -112  0  0 -0.0657   2.25    7.60  -11.06   -0.95  0.9889 -110.0
2015  77  5 10    6.45  -10.17    0.80  -542.3   -41.0   -20.5   2.81   164072  1.66   323  -113  0  0 -0.1231   1.61    7.23  -10.78   -0.67  0.9500 -109.6
2015  77  5 15    3.32  -11.04   -1.28  -575.1   -64.8   -33.1   3.50   180473  2.39   361  -111  0  0 -0.0907   2.28    6.79  -10.46   -0.67  0.9448 -108.7
2015  77  5 20    2.90  -10.79   -4.32  -577.2   -67.3   -53.4   5.25   196494  3.58   248  -110  0  0 -0.0574   3.46    6.27  -10.18   -1.13  0.9998 -107.6
2015  77  5 25    1.41  -10.44   -5.76  -581.9   -70.8   -45.7   5.08   173602  3.51   212  -104  0  0 -0.0680   3.40    5.25  -10.17   -1.45  1.0685 -106.5
2015  77  5 30    3.65  -11.12   -3.56  -570.1   -64.4   -32.6   4.21   158597  2.79   242  -101  0  0 -0.0905   2.69    4.79  -10.49   -2.49  1.2047 -105.9
2015  77  5 35    4.93  -10.73   -3.24  -561.0   -62.3   -35.3   3.98   149641  2.54   302  -102  0  0 -0.0858   2.47    4.20  -10.75   -2.81  1.2672 -105.0
2015  77  5 40    4.40  -11.31   -2.70  -563.9   -64.8   -40.7   3.84   233312  2.49   341  -104  0  0 -0.0755   2.41    3.87  -10.80   -2.87  1.2855 -103.6
2015  77  5 45    4.73  -11.74   -0.34  -569.5   -64.6   -26.1   2.92   155148  1.92   365  -107  0  0 -0.0997   1.86    3.62  -11.02   -3.03  1.3238 -103.6
2015  77  5 50    7.65   -9.83    1.61  -537.5   -36.0   -25.4   2.90   171723  1.68   452  -109  0  0 -0.1149   1.63    4.24  -10.85   -2.62  1.2578 -104.3
2015  77  5 55    8.12   -8.79   -0.88  -541.7   -37.4   -29.0   3.08   133553  1.83   402  -112  0  0 -0.1076   1.76    4.98  -10.57   -2.12  1.1646 -105.0
2015  77  6  0    7.08   -8.10    4.02  -528.8    -8.4   -23.2   3.16   188434  1.77   383  -112  0  0 -0.1348   1.72    5.79  -10.23   -0.73  0.9678 -105.2
2015  77  6  5    3.61   -9.44    6.37  -531.7   -15.1   -25.9   3.20   197195  1.82   374  -111  0 -1 -0.1248   1.76    5.79   -9.99    0.69  0.8117 -105.2
2015  77  6 10    1.57   -9.54    7.02  -534.6   -21.8   -28.7   3.24   205956  1.87   249  -109  0 -1 -0.1147   1.80    5.31   -9.82    2.16  0.6652 -104.9
2015  77  6 15    0.73   -8.10    9.27  -537.5   -28.4   -31.4   3.28   214716  1.92   220  -107  0 -1 -0.1050   1.85    4.78   -9.36    3.87  0.5056 -104.0
2015  77  6 20    3.06   -9.05    7.64  -540.4   -35.1   -34.2   3.32   223477  1.97   175  -105  0 -1 -0.0951   1.89    4.55   -8.98    5.01  0.3940 -103.2
2015  77  6 25    6.47   -9.86    3.30  -543.3   -41.8   -37.0   3.35   232238  2.02   134  -104  0 -1 -0.0854   1.94    4.38   -8.98    5.25  0.3754 -102.5
2015  77  6 30    6.29   -9.94    3.18  -546.2   -48.5   -39.7   3.39   240999  2.07   121  -105  0 -1 -0.0759   1.98    4.12   -9.15    5.83  0.3285 -101.8
2015  77  6 35    6.87   -9.83    1.63  -549.1   -55.2   -42.5   3.43   249760  2.12   117  -104  0 -1 -0.0663   2.04    4.09   -9.39    5.49  0.3739 -101.1
2015  77  6 40    6.17   -8.59    4.67  -552.0   -61.8   -45.2   3.47   258520  2.17   148  -102  0 -1 -0.0570   2.09    4.45   -9.27    5.24  0.3821 -100.7
2015  77  6 45    4.70  -10.35    2.91  -554.9   -68.5   -48.0   3.51   267281  2.22   157  -100  0 -1 -0.0476   2.14    4.90   -9.39    4.66  0.4268  -99.9
2015  77  6 50    4.61  -10.54   -2.68  -557.8   -75.2   -50.7   3.55   276042  2.27   157  -100  0  0 -0.0384   2.20    5.45   -9.74    2.95  0.5794  -98.9
2015  77  6 55    7.20   -8.93   -2.92  -527.7   -55.5   -55.6   3.36   201994  1.91   160   -99  0  0 -0.0329   1.85    6.04   -9.72    1.44  0.7025  -97.5
2015  77  7  0    7.21   -9.07   -2.32  -538.5   -62.2   -54.5   3.50   236058  2.08   164   -97  0  0 -0.0319   2.01    6.15   -9.61    0.64  0.7799  -96.0
2015  77  7  5    5.61  -10.19   -1.73  -547.7   -66.8   -50.1   3.35   236989  2.06   153   -94  0  0 -0.0373   1.99    6.05   -9.64   -0.06  0.8545  -95.3
2015  77  7 10    5.71  -10.23   -0.76  -538.3   -60.5   -38.7   3.05   170764  1.79   178   -93  0  0 -0.0568   1.74    5.89   -9.70   -0.40  0.8906  -94.8
2015  77  7 15    6.42   -9.62   -2.27  -543.5   -60.4   -45.0   3.57   198022  2.15   180   -95  0  0 -0.0451   2.08    5.92   -9.85   -1.40  0.9945  -94.1
2015  77  7 20    4.75  -10.57   -2.03  -558.9   -74.1   -57.0   3.88   224416  2.49   219   -95  0  0 -0.0189   2.41    5.93   -9.88   -2.10  1.0731  -93.7
2015  77  7 25    3.78  -10.49   -1.67  -567.1   -67.3   -43.4   3.44   197138  2.25   228   -92  0  0 -0.0449   2.19    5.81   -9.87   -1.96  1.0573  -94.1
2015  77  7 30    1.99  -10.43   -3.58  -573.4   -73.5   -48.2   3.52   200391  2.37   185   -92  0  0 -0.0330   2.29    5.07  -10.09   -2.05  1.0978  -93.9
2015  77  7 35    3.63   -9.36   -4.54  -562.2   -57.1   -99.6   4.74   213437  3.16   153   -92  0  0  0.0478   3.02    4.56  -10.13   -2.37  1.1560  -93.3
2015  77  7 40    2.60  -11.70   -0.35  -567.7   -69.1   -32.1   3.30   197776  2.17   182   -89  0  0 -0.0566   2.10    4.13  -10.34   -2.17  1.1502  -92.5
2015  77  7 45    6.06   -8.85    0.77  -583.4   -81.3   -36.1   3.82   211744  2.66   337   -88  0  0 -0.0443   2.58    4.18  -10.15   -1.95  1.1264  -92.6
2015  77  7 50    8.42   -8.37    2.22  -524.0   -24.4   -20.4   2.95   217544  1.62   461   -94  0  0 -0.0908   1.57    4.46   -9.97   -1.31  1.0409  -93.3
2015  77  7 55    7.02   -9.89   -0.05  -533.8   -52.2   -35.3   3.15   193655  1.82   400   -95  0  0 -0.0477   1.76    4.79   -9.87   -1.03  0.9933  -93.9
2015  77  8  0    5.96   -9.72   -0.60  -546.9   -57.2   -45.0   4.02   194772  2.45   358   -97  0  0 -0.0281   2.37    5.10   -9.76   -0.88  0.9620  -95.3
2015  77  8  5    5.13   -9.64   -1.55  -568.8   -63.8   -59.9   4.19   230027  2.82   412   -98  0  0 -0.0018   2.69    5.55   -9.65   -0.59  0.9157  -97.1
2015  77  8 10    7.79   -8.43    2.47  -530.3   -33.9   -30.1   3.69   194842  2.08   478  -100  0  0 -0.0586   2.02    6.14   -9.51    0.42  0.7748  -98.8
2015  77  8 15    7.02   -7.82   -0.81  -532.8   -41.1   -43.2   4.16   198837  2.40   392  -103  0  0 -0.0291   2.32    6.77   -8.96    0.35  0.7420  -99.7
2015  77  8 20    8.17   -8.09   -2.21  -529.7   -43.8   -53.0   4.17   187180  2.38   403  -102  0  0 -0.0069   2.30    7.07   -8.85   -0.08  0.7741  -99.8
2015  77  8 25    9.67   -6.94   -0.76  -512.2   -18.4   -39.4   4.17   191347  2.21   694  -100  0  0 -0.0388   2.13    7.25   -8.65   -0.50  0.8039  -99.5
2015  77  8 30    7.91   -7.73   -4.65  -525.5   -45.0   -66.0   4.32   181076  2.45  1115   -98  0  0  0.0236   2.36    7.38   -8.34   -1.16  0.8729  -99.5
2015  77  8 35    7.01   -8.30   -3.89  -536.1   -49.4   -61.4   4.63   199178  2.71  1158   -96  0  0  0.0178   2.63    7.53   -8.14   -1.63  0.9218  -99.0
2015  77  8 40    6.64   -8.80   -1.63  -530.4   -46.1   -55.2   4.45   190570  2.55   857   -97  0  0  0.0094   2.47    7.74   -8.02   -1.64  0.9040  -98.0
2015  77  8 45    3.61   -9.34   -5.82  -562.4   -67.4   -81.9   5.02   216398  3.31   674   -95  0  0  0.0599   3.18    7.15   -8.15   -2.82  1.0704  -97.0
2015  77  8 50    5.78   -9.21   -5.07  -541.4   -60.0   -72.3   4.88   224969  2.96   636   -92  0  0  0.0493   2.85    6.97   -8.34   -3.43  1.1653  -95.5
2015  77  8 55    5.07  -10.12   -3.04  -547.1   -62.6   -50.3   4.47   213827  2.73   573   -90  0  0  0.0139   2.65    6.53   -8.63   -3.55  1.1998  -94.7
2015  77  9  0    7.23   -8.42    3.90  -537.0   -22.7   -12.2   3.51   198567  2.03   527   -89  0  0 -0.0679   1.97    6.18   -8.85   -2.89  1.1548  -93.8
2015  77  9  5    5.79  -10.59   -0.55  -542.0   -56.4   -36.1   4.22   206303  2.52   565   -91  0  0 -0.0067   2.44    5.88   -9.25   -2.30  1.1014  -92.8
2015  77  9 10    6.66   -9.07   -3.75  -537.0   -54.2   -48.7   4.39   190060  2.57   546   -90  0  0  0.0186   2.50    5.83   -9.36   -2.28  1.1023  -92.2
2015  77  9 15    5.30  -10.27   -3.61  -541.8   -65.6   -53.2   4.81   202624  2.90   578   -89  0  0  0.0339   2.80    5.63   -9.57   -2.56  1.1520  -92.1
2015  77  9 20    5.90  -10.43   -2.39  -538.3   -63.1   -50.4   4.81   199154  2.85   617   -88  0  0  0.0318   2.76    5.96   -9.73   -2.07  1.0778  -92.5
2015  77  9 25    5.24  -10.91   -1.92  -544.6   -67.7   -45.9   4.61   186158  2.80   608   -89  0  0  0.0279   2.71    5.88   -9.97   -1.62  1.0283  -92.5
2015  77  9 30    3.53  -12.30    1.20  -564.2   -73.2   -28.1   4.02   175227  2.60   658   -89  0  0 -0.0004   2.53    5.66  -10.28   -1.02  0.9798  -92.5
2015  77  9 35    4.58  -11.96    1.93  -564.4   -71.1   -27.5   3.96   173384  2.57   640   -91  0  0  0.0009   2.49    5.29  -10.79   -1.30  1.0382  -92.6
2015  77  9 40    4.99  -11.68    1.47  -559.4   -68.9   -25.6   3.73   171568  2.37   632   -91  0  0  0.0007   2.30    5.17  -10.95   -1.01  1.0220  -92.9
2015  77  9 45    2.32  -12.12   -2.15  -567.8   -71.8   -33.1   4.26   179033  2.80   593   -90  0  0  0.0168   2.71    4.55  -11.38   -0.78  1.0233  -93.1
2015  77  9 50    3.99  -11.52    0.66  -577.2   -74.9   -31.0   4.44   196858  3.02   548   -89  0  0  0.0166   2.92    4.36  -11.56   -0.17  0.9708  -93.7
2015  77  9 55    6.49  -11.17    1.33  -580.0   -71.8   -32.8   4.58   202396  3.15   542   -89  0 -1  0.0213   3.04    4.45  -11.67    0.36  0.9288  -94.2
2015  77 10  0    6.23  -11.05    1.78  -582.7   -68.7   -34.6   4.71   207934  3.28   548   -91  0 -1  0.0261   3.15    4.59  -11.69    0.89  0.8827  -95.2
2015  77 10  5    5.77  -11.24    1.81  -585.5   -65.5   -36.4   4.85   213471  3.40   527   -91  0 -1  0.0308   3.27    4.91  -11.53    0.98  0.8709  -95.8
2015  77 10 10    4.75  -11.18   -0.88  -588.2   -62.4   -38.2   4.99   219009  3.53   511   -93  0 -1  0.0357   3.40    4.93  -11.42    0.57  0.9152  -96.4
2015  77 10 15    5.75  -11.21    1.19  -591.0   -59.3   -40.0   5.12   224547  3.66   454   -91  0 -1  0.0405   3.51    5.04  -11.36    0.53  0.9239  -97.0
2015  77 10 20    4.40  -11.83    2.66  -593.7   -56.2   -41.8   5.26   230085  3.79   373   -90  0 -1  0.0454   3.64    5.34  -11.31    1.22  0.8545  -97.1
2015  77 10 25    5.37  -11.29   -1.41  -596.5   -53.1   -43.6   5.39   235623  3.92   341   -90  0 -1  0.0502   3.76    5.54  -11.28    0.93  0.8942  -96.9
2015  77 10 30    6.33  -10.39    0.42  -599.2   -50.0   -45.4   5.53   241161  4.05   300   -89  0 -1  0.0551   3.89    5.51  -11.17    0.80  0.9069  -95.8
2015  77 10 35    6.58  -10.82   -0.56  -602.0   -46.8   -47.2   5.67   246698  4.17   292   -86  0 -1  0.0600   4.03    5.56  -11.14    0.46  0.9483  -94.8
2015  77 10 40    6.45  -10.69    0.15  -604.7   -43.7   -49.0   5.80   252236  4.30   417   -82  0 -1  0.0649   4.16    5.66  -11.06    0.22  0.9749  -93.0
2015  77 10 45    2.04  -10.50   -3.45  -607.5   -40.6   -50.8   5.94   257774  4.43   509   -80  0  0  0.0698   4.29    5.27  -10.96   -0.14  1.0282  -90.5
2015  77 10 50   -0.59  -10.61   -6.49  -598.7   -35.4   -46.8   5.72   261721  4.14   505   -75  0  0  0.0664   4.01    4.37  -10.88   -1.24  1.1758  -87.6
2015  77 10 55    0.38  -10.13   -7.43  -592.5   -31.4   -53.5   5.62   218345  3.99   589   -71  0  0  0.0803   3.86    3.79  -10.63   -2.68  1.3528  -85.3
2015  77 11  0    1.07  -11.54   -4.38  -586.6   -33.3   -39.5   5.05   211547  3.50   616   -69  0  0  0.0628   3.39    3.18  -10.67   -3.11  1.4073  -83.3
2015  77 11  5    2.03  -11.27   -4.46  -592.4   -34.7   -42.4   5.92   249478  4.19   662   -69  0  0  0.0710   4.06    2.57  -10.79   -3.80  1.5044  -81.8
2015  77 11 10    3.45  -11.13   -2.62  -586.3   -31.4   -40.2   5.67   234522  3.93   765   -68  0 -1  0.0706   3.80    2.12  -10.84   -4.10  1.5392  -81.6
2015  77 11 15    3.99  -10.71   -3.11  -580.3   -28.0   -38.1   5.41   219565  3.67   818   -72  0  0  0.0702   3.55    1.77  -10.84   -4.56  1.5912  -82.6
2015  77 11 20    6.69   -9.73   -1.52  -567.6   -18.0   -37.0   5.97   240873  3.87   765   -75  0  0  0.0696   3.75    2.43  -10.73   -4.29  1.5310  -84.4
2015  77 11 25    9.12   -6.53    2.81  -567.3    -2.3   -29.6   6.30   231102  4.07   631   -78  0  0  0.0541   3.94    3.82  -10.15   -2.96  1.3116  -85.8
2015  77 11 30    4.28   -9.63   -2.97  -590.4   -30.5   -41.7   6.04   260401  4.25   434   -79  0  0  0.0869   4.11    4.38  -10.08   -2.32  1.2122  -87.0
2015  77 11 35    3.46   -9.45   -4.29  -590.0   -24.7   -49.0   5.99   259476  4.21   343   -80  0  0  0.1002   4.07    4.72   -9.78   -2.31  1.2013  -87.5
2015  77 11 40    6.64   -9.29    0.01  -567.1   -19.8   -34.3   5.33   247617  3.45   342   -79  0  0  0.0804   3.34    5.38   -9.50   -1.67  1.0923  -87.5
2015  77 11 45    7.69   -7.35    4.31  -560.4    15.4   -12.2   4.83   249364  3.04   464   -78  0  0  0.0316   2.94    5.98   -8.96   -0.68  0.9487  -87.4
2015  77 11 50    7.68   -8.85    2.49  -569.1    -6.5   -28.9   5.07   270060  3.31   469   -78  0 -1  0.0727   3.19    6.51   -8.69    0.12  0.8352  -86.8
2015  77 11 55    6.14   -9.39   -1.94  -577.8   -28.4   -45.5   5.31   290757  3.58   467   -79  0  0  0.1123   3.46    6.43   -8.64    0.06  0.8446  -85.7
2015  77 12  0    5.17   -9.32   -3.89  -576.3   -22.3   -44.6   5.43   300626  3.63   430   -77  0  0  0.1121   3.52    5.87   -9.04   -0.90  0.9911  -85.4
2015  77 12  5    5.11   -5.60    1.34  -576.6    -3.0   -33.0   5.55   296202  3.73   427   -74  0  0  0.0881   3.59    5.98   -8.46   -0.28  0.8672  -85.4
2015  77 12 10    6.22   -1.72    9.02  -578.0    55.1     3.9   6.09   311860  4.11   419   -74  0  0  0.0050   3.98    6.38   -7.36    1.62  0.6551  -85.1
2015  77 12 15    7.59   -3.31    7.61  -566.2    44.2    -0.7   5.66   279755  3.65   350   -75  0  0  0.0203   3.54    6.51   -6.51    2.71  0.5413  -84.3
2015  77 12 20    7.78   -6.54    5.09  -569.0    21.0    -7.2   5.45   256512  3.53   356   -75  0  0  0.0450   3.42    6.53   -6.39    2.82  0.5293  -83.6
2015  77 12 25    7.87   -6.78    4.61  -560.8    11.7    -9.8   4.75   266900  2.99   386   -75  0  0  0.0571   2.90    6.55   -6.09    3.12  0.4877  -83.9
2015  77 12 30    8.64   -7.10    2.76  -555.8     2.6   -18.0   4.91   264992  3.04   342   -75  0  0  0.0789   2.94    6.91   -5.77    3.79  0.3848  -83.3
2015  77 12 35    7.41   -8.65   -0.12  -561.6   -15.7   -34.4   5.70   274267  3.62   335   -76  0  0  0.1184   3.50    7.23   -5.67    4.33  0.3009  -83.1
2015  77 12 40    7.11   -8.87    1.95  -560.4   -16.6   -23.0   4.51   281414  2.84   292   -75  0  0  0.1027   2.75    7.52   -6.14    4.42  0.3220  -83.2
2015  77 12 45    6.43   -8.90    1.07  -568.1   -27.2   -31.7   5.09   288475  3.31   277   -75  0  0  0.1248   3.20    7.55   -7.16    3.28  0.4188  -83.2
2015  77 12 50    1.33   -9.16   -5.03  -596.4   -46.2   -53.8   5.86   325076  4.26   200   -73  0  0  0.1686   4.09    6.65   -8.00    1.48  0.6459  -83.0
2015  77 12 55    3.71   -9.41   -2.08  -596.5   -55.5   -53.6   5.79   258686  4.19   187   -70  0  0  0.1754   4.06    6.07   -8.41    0.45  0.7834  -82.6
2015  77 13  0    4.52   -9.65    3.36  -590.5   -46.5   -45.7   5.51   260626  3.91   208   -70  0 -1  0.1633   3.77    5.59   -8.82    0.27  0.8259  -82.4
2015  77 13  5    5.97  -10.02   -0.31  -584.5   -37.4   -37.8   5.22   262567  3.62   380   -73  0 -1  0.1506   3.48    5.21   -9.24   -0.17  0.9053  -81.8
2015  77 13 10    6.59   -8.26    2.78  -578.5   -28.4   -29.9   4.94   264507  3.34   417   -71  0  0  0.1376   3.22    5.09   -9.18    0.25  0.8616  -81.2
2015  77 13 15    7.07   -7.73    2.27  -573.8   -32.1   -28.2   4.81   271983  3.19   311   -71  0  0  0.1400   3.08    5.09   -9.02    0.29  0.8489  -80.8
2015  77 13 20    5.74   -8.67    1.01  -569.8   -38.4   -39.8   5.30   276370  3.47   267   -72  0  0  0.1660   3.36    4.99   -8.99    0.29  0.8482  -80.8
2015  77 13 25    5.32   -8.50    1.84  -574.2   -27.0   -37.5   5.18   333458  3.44   213   -70  0  0  0.1594   3.33    5.56   -8.89    1.27  0.7007  -80.4
2015  77 13 30    5.37   -7.59    2.22  -582.6   -29.1   -40.3   6.06   358336  4.14   204   -69  0  0  0.1669   4.01    5.80   -8.63    1.88  0.6031  -80.3
2015  77 13 35    4.30   -5.91    4.21  -586.2     7.1   -22.1   5.28   305195  3.64   171   -70  0  0  0.1228   3.52    5.77   -8.10    2.00  0.5579  -80.5
2015  77 13 40    6.18   -7.40    1.94  -573.3   -22.8   -35.4   5.49   368212  3.63   172   -69  0  0  0.1629   3.51    5.80   -7.72    2.32  0.4946  -80.3
2015  77 13 45    6.14   -6.70    3.74  -575.1   -24.5   -38.4   5.59   358610  3.73   168   -70  0 -1  0.1714   3.60    5.73   -7.50    2.46  0.4685  -80.4
2015  77 13 50    6.85   -6.78    1.57  -576.9   -26.1   -41.4   5.70   349009  3.82   163   -69  0 -1  0.1797   3.70    5.70   -7.36    2.36  0.4693  -80.2
2015  77 13 55    5.26   -7.76   -0.86  -578.7   -27.7   -44.4   5.80   339408  3.92   143   -69  0 -1  0.1879   3.79    5.63   -7.23    2.09  0.4968  -80.9
2015  77 14  0    5.18   -7.46   -3.47  -580.5   -29.4   -47.4   5.90   329806  4.02   138   -68  0  0  0.1961   3.89    5.61   -7.09    1.34  0.5929  -81.2
2015  77 14  5    2.57   -6.81   -6.25  -594.9   -42.2   -54.7   7.65   331021  5.50   218   -68  0  0  0.2141   5.31    5.21   -6.97    0.13  0.7723  -81.5
2015  77 14 10    2.42   -6.66   -7.00  -597.9   -32.1   -65.7   6.84   331358  4.96   309   -66  0  0  0.2289   4.81    4.94   -7.08   -1.48  1.0095  -82.4
2015  77 14 15   -2.24   -5.86   -8.25  -621.7   -38.3   -69.1   6.96   337536  5.47   454   -66  0  0  0.2349   5.29    3.74   -6.86   -2.93  1.2526  -83.8
2015  77 14 20   -1.84   -4.13   -8.66  -614.4   -17.9   -80.9   7.79   357972  6.00   610   -68  0  0  0.2472   5.80    2.60   -6.49   -4.70  1.5281  -85.7
2015  77 14 25   -0.23   -4.95   -8.33  -614.2   -15.6   -81.6   8.13   350462  6.26   764   -71  0  0  0.2496   6.05    1.59   -6.23   -6.12  1.7687  -86.7
2015  77 14 30   -1.11   -1.35  -10.04  -609.4   -16.8   -85.2   7.94   361314  6.02   913   -75  0  0  0.2589   5.83    0.68   -5.32   -7.43  1.9926  -87.9
2015  77 14 35    2.25   -4.33   -8.40  -599.6   -35.9   -77.0   7.26   370839  5.34  1206   -76  0  0  0.2601   5.16    0.26   -4.87   -8.13  2.1153  -89.2
2015  77 14 40    4.69   -8.06   -3.14  -578.9   -43.5   -51.1   6.12   350500  4.16  1153   -78  0  0  0.2291   4.03    0.56   -5.05   -7.69  2.0403  -90.2
2015  77 14 45    6.04   -7.59    0.23  -581.6   -40.7   -51.5   6.17   350506  4.24  1128   -80  0 -1  0.2301   4.09    1.08   -5.18   -6.66  1.8728  -91.0
2015  77 14 50    6.19   -7.57   -1.12  -584.2   -37.8   -51.9   6.22   350512  4.31  1167   -82  0 -1  0.2309   4.16    2.28   -5.43   -5.64  1.6883  -91.0
2015  77 14 55    6.48   -8.11    1.32  -586.9   -35.0   -52.2   6.27   350518  4.38  1501   -83  0 -1  0.2315   4.23    3.47   -5.99   -4.21  1.4597  -90.5
2015  77 15  0    7.52   -6.38    0.81  -589.6   -32.1   -52.6   6.33   350524  4.46  1203   -81  0 -1  0.2321   4.31    4.58   -6.20   -2.91  1.2297  -89.8
2015  77 15  5    7.72   -5.86    0.36  -592.3   -29.3   -53.0   6.38   350531  4.54  1236   -75  0 -1  0.2327   4.38    5.84   -6.84   -1.42  0.9664  -88.2
2015  77 15 10    6.78   -6.22    1.52  -594.9   -26.5   -53.4   6.43   350537  4.61  1281   -71  0 -1  0.2332   4.45    6.49   -7.11   -0.00  0.7325  -86.1
2015  77 15 15    6.91   -6.50   -0.99  -597.6   -23.6   -53.7   6.48   350543  4.69  1177   -66  0 -1  0.2334   4.53    6.81   -6.89    0.30  0.6788  -83.9
2015  77 15 20    3.87   -4.94   -4.93  -600.3   -20.8   -54.1   6.53   350549  4.76  1032   -65  0  0  0.2337   4.60    6.50   -6.51   -0.43  0.7911  -81.8
2015  77 15 25    5.55   -4.40   -5.34  -580.4   -15.6   -55.5   6.88   320401  4.68   815   -65  0  0  0.2378   4.53    6.40   -6.06   -1.04  0.8765  -80.6
2015  77 15 30    3.55   -3.12   -5.23  -589.6    -1.2   -60.1   7.19   368536  5.07   816   -63  0  0  0.2367   4.89    5.99   -5.35   -1.97  1.0016  -79.8
2015  77 15 35    2.23    1.33   -2.12  -606.6    23.5   -55.1   6.82   452402  5.08   958   -64  0  0  0.2134   4.91    5.23   -4.24   -2.39  1.0431  -80.3
2015  77 15 40    1.80    6.76   -4.30  -603.2    39.0   -69.5   7.18   391629  5.32   970   -63  0  0  0.2277   5.15    4.38   -2.44   -3.06  1.1670  -80.5
2015  77 15 45    3.34    6.47   -2.62  -599.7    46.5   -69.1   8.04   392765  5.90   998   -65  0  0  0.2238   5.71    3.89   -0.63   -3.65  1.2618  -80.3
2015  77 15 50    5.31    3.53   -1.28  -588.9    31.4   -67.0   7.74   413424  5.46  1020   -64  0  0  0.2322   5.28    3.66    0.80   -3.69  1.2419  -80.0
2015  77 15 55    6.60    2.33   -4.09  -582.6    21.0   -61.8   7.41   402970  5.09  1012   -62  0  0  0.2322   4.93    4.05    1.84   -3.57  1.2076  -79.3
2015  77 16  0    7.69    0.42   -2.10  -582.0    19.6   -66.3   7.25   361420  4.99   976   -61  0  0  0.2410   4.82    4.36    2.53   -3.11  1.1079  -78.4
2015  77 16  5    7.80   -0.53   -1.14  -580.5    13.1   -56.4   7.02   400258  4.78   771   -60  0  0  0.2304   4.63    4.97    2.90   -2.52  0.9688  -76.7
2015  77 16 10    7.46   -1.19   -0.27  -588.6    14.0   -55.4   6.75   425754  4.72   649   -58  0  0  0.2278   4.57    5.71    2.54   -2.26  0.8880  -75.2
2015  77 16 15    6.80   -2.52    0.82  -585.7     6.6   -46.1   6.22   389895  4.29   631   -58  0  0  0.2189   4.16    6.43    1.22   -1.53  0.7119  -74.0
2015  77 16 20    5.22    0.72    4.40  -594.4    37.2   -28.4   5.80   373703  4.12   595   -58  0  0  0.1715   3.99    6.70    0.39   -0.52  0.5489  -73.2
2015  77 16 25    5.19    0.73    4.07  -596.5    36.2   -29.1   5.69   366424  4.06   582   -57 -1 -1  0.1735   3.95    6.68   -0.01    0.24  0.4476  -72.2
2015  77 16 30    5.15    0.74    3.76  -598.6    35.2   -29.8   5.58   359145  4.00   499   -58 -1 -1  0.1753   3.90    6.47   -0.23    1.36  0.2674  -71.1
2015  77 16 35    5.11    0.74    3.43  -600.7    34.3   -30.6   5.48   351865  3.94   398   -56 -1 -1  0.1773   3.85    6.10   -0.19    2.15  0.1525  -70.3
2015  77 16 40    5.07    0.76    3.10  -602.8    33.3   -31.3   5.37   344586  3.88   448   -53 -1 -1  0.1790   3.80    5.71   -0.00    2.76  0.0766  -69.6
2015  77 16 45    5.04    0.78    2.79  -604.9    32.3   -32.0   5.26   337307  3.82   508   -53 -1 -1  0.1806   3.75    5.37    0.28    3.20  0.0353  -69.1
2015  77 16 50    4.99    0.80    2.46  -607.0    31.3   -32.7   5.15   330028  3.76   529   -54 -1 -1  0.1822   3.70    5.11    0.75    3.43  0.0036  -68.4
2015  77 16 55    4.95    0.83    2.14  -609.1    30.4   -33.5   5.05   322749  3.70   423   -55 -1 -1  0.1838   3.65    5.07    0.77    3.11  0.0048  -67.8
2015  77 17  0    4.91    0.85    1.82  -611.2    29.4   -34.2   4.94   315470  3.64   384   -54 -1 -1  0.1852   3.59    5.03    0.79    2.79  0.0065  -67.5
2015  77 17  5    4.86    0.88    1.50  -613.3    28.4   -34.9   4.83   308190  3.58   404   -53 -1 -1  0.1865   3.54    4.99    0.81    2.46  0.0092  -67.5
2015  77 17 10    4.82    0.91    1.17  -615.4    27.4   -35.6   4.72   300911  3.52   418   -52 -1 -1  0.1877   3.48    4.95    0.83    2.14  0.0136  -67.1
2015  77 17 15    4.77    0.94    0.86  -617.5    26.4   -36.3   4.61   293632  3.46   409   -54 -1 -1  0.1888   3.42    4.91    0.86    1.82  0.0210  -66.8
2015  77 17 20    4.73    0.98    0.54  -619.6    25.5   -37.1   4.51   286353  3.41   374   -53 -1 -1  0.1900   3.37    4.86    0.88    1.50  0.0338  -66.5
2015  77 17 25    4.68    1.01    0.23  -621.7    24.5   -37.8   4.40   279074  3.35   299   -54 -1 -1  0.1910   3.31    4.82    0.91    1.18  0.0550  -66.0
2015  77 17 30    4.63    1.06   -0.09  -623.8    23.5   -38.5   4.29   271795  3.29   264   -53 -1 -1  0.1919   3.25    4.77    0.95    0.86  0.0889  -65.8
2015  77 17 35    4.58    1.09   -0.42  -625.9    22.5   -39.2   4.18   264515  3.23   218   -51 -1 -1  0.1927   3.19    4.72    0.98    0.54  0.1380  -65.6
2015  77 17 40    4.53    1.14   -0.73  -628.0    21.5   -39.9   4.07   257236  3.17   285   -52 -1 -1  0.1934   3.13    4.68    1.02    0.22  0.2017  -65.0
2015  77 17 45    4.49    1.19   -1.05  -630.1    20.6   -40.7   3.97   249957  3.11   278   -54 -1 -1  0.1942   3.07    4.63    1.06   -0.09  0.2794  -64.1
2015  77 17 50    4.43    1.24   -1.37  -632.2    19.6   -41.4   3.86   242678  3.05   308   -50 -1 -1  0.1947   3.00    4.58    1.10   -0.41  0.3692  -63.8
2015  77 17 55    4.38    1.29   -1.68  -634.3    18.6   -42.1   3.75   235399  2.99   358   -49 -1 -1  0.1952   2.94    4.53    1.15   -0.73  0.4675  -64.8
2015  77 18  0    4.32    1.34   -1.99  -636.4    17.6   -42.8   3.64   228120  2.93   540   -53 -1 -1  0.1956   2.87    4.48    1.19   -1.05  0.5705  -65.9
2015  77 18  5    4.27    1.40   -2.32  -638.5    16.7   -43.6   3.54   220840  2.87   535   -60 -1 -1  0.1960   2.81    4.43    1.24   -1.37  0.6743  -66.7
2015  77 18 10    4.21    1.45   -2.62  -640.6    15.7   -44.3   3.43   213561  2.81   469   -62 -1 -1  0.1963   2.74    4.38    1.29   -1.68  0.7746  -68.3
2015  77 18 15    4.16    1.52   -2.94  -642.7    14.7   -45.0   3.32   206282  2.75   432   -62  0  0  0.1965   2.67    4.32    1.35   -2.00  0.8719  -69.4
2015  77 18 20    2.97    3.17   -2.26  -648.4    30.2   -35.8   3.71   222545  3.13   370   -62  0  0  0.1711   3.04    4.11    1.63   -2.17  0.9354  -70.0
2015  77 18 25    5.37   -1.17   -2.02  -628.8    -0.4   -17.0   2.88   207341  2.28   297   -61  0  0  0.1662   2.21    4.24    1.29   -2.26  0.9613  -69.8
2015  77 18 30    4.71    0.54   -1.46  -640.4    16.6   -27.3   3.17   204247  2.62   309   -59  0  0  0.1664   2.52    4.29    1.18   -2.23  0.9516  -69.1
2015  77 18 35    1.78    4.05   -1.55  -658.5    47.6   -30.0   3.25   204410  2.85   306   -59  0  0  0.1457   2.75    3.92    1.57   -2.17  0.9575  -68.7
2015  77 18 40    3.36    1.32   -2.76  -659.2    20.3   -28.3   2.99   194704  2.61   391   -58  0  0  0.1611   2.52    3.79    1.55   -2.23  0.9807  -68.2
2015  77 18 45    3.05    3.00   -1.63  -659.2    21.2   -33.3   3.31   231207  2.91   370   -58  0  0  0.1654   2.80    3.63    1.78   -2.09  0.9541  -68.3
2015  77 18 50    1.75    4.43   -1.08  -667.5    49.6   -23.0   3.27   237429  2.94   396   -59  0  0  0.1294   2.84    3.28    2.19   -1.82  0.9121  -68.4
2015  77 18 55    0.75    5.62    0.34  -674.7    60.4   -29.6   3.20   191203  2.94   387   -59  0  0  0.1283   2.85    2.97    2.54   -1.45  0.8650  -68.7
2015  77 19  0    3.88    3.58   -1.35  -654.9    44.2   -23.6   3.17   201637  2.74   378   -59  0  0  0.1300   2.65    2.75    3.22   -1.36  0.8605  -69.2
2015  77 19  5    3.56    3.55   -2.71  -655.5    33.7   -32.8   3.31   211966  2.86   388   -61  0  0  0.1479   2.77    2.59    3.65   -1.53  0.9245  -69.9
2015  77 19 10    4.27    3.92   -1.61  -644.9    45.1   -25.9   3.29   207704  2.75   506   -61  0  0  0.1281   2.67    2.95    3.63   -1.54  0.9217  -70.4
2015  77 19 15    5.03    1.76   -1.89  -639.6    35.4   -22.3   3.30   207686  2.71  1019   -64  0  0  0.1284   2.63    3.18    3.69   -1.42  0.8826  -71.0
2015  77 19 20    3.49    3.96    1.40  -639.5    54.3    -9.6   3.43   213492  2.83   744   -63  0  0  0.0944   2.74    3.25    3.83   -0.99  0.8057  -71.8
2015  77 19 25    2.85    1.09    4.47  -665.3    74.6    25.6   3.20   209178  2.87   764   -64  0  0  0.0324   2.78    3.40    3.35   -0.19  0.6845  -72.6
2015  77 19 30    3.70   -2.07    0.82  -659.4    72.2    18.0   3.38   206072  2.98   913   -64  0 -1  0.0409   2.88    3.83    2.26   -0.12  0.6161  -73.5
2015  77 19 35    3.80    2.40    3.40  -653.5    69.8    10.3   3.56   202967  3.08   874   -66  0  0  0.0497   2.98    3.81    2.09    0.55  0.5057  -73.9
2015  77 19 40    4.31    1.35    3.35  -649.6    61.5    15.1   3.09   206656  2.63   819   -68  0  0  0.0467   2.55    3.92    1.77    1.42  0.3420  -74.4
2015  77 19 45    5.47    0.89    1.09  -641.3    49.2     5.4   2.86   201963  2.37   757   -69  0  0  0.0658   2.29    4.09    1.34    1.81  0.2191  -74.7
2015  77 19 50    5.60    0.47   -0.52  -637.5    33.8    -6.2   2.86   238806  2.33   737   -69  0  0  0.0907   2.26    4.17    1.16    2.00  0.1476  -74.8
2015  77 19 55    5.45    0.57   -0.92  -638.6    23.4   -15.3   2.83   230391  2.31   716   -69  0  0  0.1086   2.24    4.45    0.67    1.67  0.1747  -74.7
2015  77 20  0    5.35    0.67   -0.98  -638.9    23.3   -15.8   2.83   229060  2.31   628   -68 -1 -1  0.1067   2.24    4.81    0.61    0.89  0.2523  -74.6
2015  77 20  5    5.26    0.76   -1.06  -639.2    23.3   -16.3   2.82   227729  2.31   571   -69 -1 -1  0.1046   2.24    5.03    1.02    0.62  0.3045  -74.1
2015  77 20 10    5.16    0.85   -1.12  -639.5    23.2   -16.7   2.82   226397  2.31   616   -69 -1 -1  0.1025   2.24    5.23    0.79   -0.02  0.3818  -73.6
2015  77 20 15    5.07    0.95   -1.19  -639.8    23.2   -17.2   2.82   225066  2.31   676   -66 -1 -1  0.1003   2.24    5.34    0.74   -0.67  0.4693  -73.0
2015  77 20 20    4.97    1.04   -1.25  -640.1    23.1   -17.7   2.81   223735  2.31   657   -65 -1 -1  0.0981   2.23    5.27    0.76   -1.01  0.5568  -73.0
2015  77 20 25    4.88    1.14   -1.32  -640.4    23.1   -18.2   2.81   222404  2.31   718   -65 -1 -1  0.0959   2.24    5.16    0.85   -1.12  0.6016  -73.0
2015  77 20 30    4.78    1.23   -1.38  -640.7    23.0   -18.7   2.81   221072  2.31   629   -68 -1 -1  0.0936   2.24    5.07    0.95   -1.19  0.6263  -73.2
2015  77 20 35    4.68    1.33   -1.45  -641.0    22.9   -19.1   2.81   219741  2.31   561   -69 -1 -1  0.0912   2.24    4.97    1.04   -1.25  0.6512  -73.7
2015  77 20 40    4.59    1.42   -1.51  -641.3    22.9   -19.6   2.80   218410  2.31   501   -70 -1 -1  0.0888   2.24    4.88    1.14   -1.32  0.6746  -74.4
2015  77 20 45    4.49    1.52   -1.58  -641.6    22.8   -20.1   2.80   217079  2.31   491   -70 -1 -1  0.0864   2.24    4.78    1.23   -1.38  0.6983  -74.9
2015  77 20 50    4.40    1.61   -1.64  -641.9    22.8   -20.6   2.80   215747  2.31   511   -70 -1 -1  0.0839   2.24    4.68    1.33   -1.45  0.7212  -74.8
2015  77 20 55    4.30    1.71   -1.71  -642.2    22.7   -21.1   2.79   214416  2.31   514   -69 -1 -1  0.0815   2.23    4.59    1.42   -1.51  0.7443  -74.5
2015  77 21  0    4.20    1.80   -1.77  -642.5    22.6   -21.6   2.79   213085  2.31   594   -67 -1 -1  0.0790   2.24    4.49    1.52   -1.58  0.7666  -74.4
2015  77 21  5    4.11    1.90   -1.82  -642.7    22.6   -22.0   2.79   211754  2.31   611   -67 -1 -1  0.0762   2.24    4.40    1.61   -1.64  0.7884  -74.4
2015  77 21 10    4.01    1.99   -1.89  -643.0    22.5   -22.5   2.78   210423  2.31   607   -69 -1 -1  0.0736   2.23    4.30    1.71   -1.70  0.8098  -74.5
2015  77 21 15    3.91    2.08   -1.95  -643.3    22.5   -23.0   2.78   209091  2.31   535   -70 -1 -1  0.0709   2.23    4.20    1.80   -1.77  0.8310  -74.5
2015  77 21 20    3.81    2.18   -2.01  -643.6    22.4   -23.5   2.78   207760  2.31   418   -71 -1 -1  0.0683   2.24    4.11    1.90   -1.83  0.8516  -74.6
2015  77 21 25    3.72    2.27   -2.08  -643.9    22.4   -24.0   2.77   206429  2.31   417   -69 -1 -1  0.0656   2.23    4.01    1.99   -1.89  0.8724  -74.9
2015  77 21 30    3.62    2.37   -2.14  -644.2    22.3   -24.4   2.77   205098  2.31   469   -68 -1 -1  0.0627   2.23    3.91    2.08   -1.95  0.8926  -74.8
2015  77 21 35    3.52    2.47   -2.20  -644.5    22.2   -24.9   2.77   203766  2.31   484   -69 -1 -1  0.0600   2.23    3.81    2.18   -2.01  0.9127  -74.4
2015  77 21 40    3.42    2.57   -2.26  -644.8    22.2   -25.4   2.77   202435  2.31   542   -68 -1 -1  0.0572   2.24    3.72    2.28   -2.08  0.9330  -73.7
2015  77 21 45    3.33    2.65   -2.32  -645.1    22.1   -25.9   2.76   201104  2.31   500   -67 -1 -1  0.0544   2.23    3.62    2.37   -2.14  0.9527  -73.2
2015  77 21 50    3.23    2.75   -2.38  -645.4    22.1   -26.4   2.76   199773  2.31   418   -66 -1 -1  0.0515   2.23    3.52    2.47   -2.20  0.9724  -72.9
2015  77 21 55    3.13    2.85   -2.44  -645.7    22.0   -26.8   2.76   198441  2.31   377   -65 -1 -1  0.0486   2.24    3.42    2.56   -2.26  0.9918  -72.4
2015  77 22  0    3.03    2.94   -2.51  -646.0    22.0   -27.3   2.75   197110  2.31   387   -66 -1 -1  0.0457   2.23    3.33    2.66   -2.32  1.0112  -71.9
2015  77 22  5    2.93    3.03   -2.56  -646.3    21.9   -27.8   2.75   195779  2.31   430   -65  0  0  0.0428   2.23    3.23    2.75   -2.38  1.0299  -71.9
2015  77 22 10    2.80   -0.27   -3.88  -649.8    -1.4   -29.4   2.83   179232  2.40   447   -64  0  0  0.0607   2.32    3.12    2.36   -2.62  1.0900  -72.3
2015  77 22 15    1.48    2.49   -4.15  -665.2    13.7   -39.0   3.01   197998  2.68   422   -65  0  0  0.0559   2.59    2.85    2.35   -2.89  1.1644  -72.5
2015  77 22 20    0.73    4.15   -3.03  -676.0    24.4   -43.5   3.02   210922  2.77   548   -67  0  0  0.0486   2.69    2.48    2.56   -2.99  1.2071  -72.7
2015  77 22 25    3.57    0.45   -2.57  -657.1     8.3   -25.9   2.72   213161  2.35   605   -66  0  0  0.0369   2.28    2.52    2.23   -3.02  1.2136  -73.4
2015  77 22 30    2.55   -0.85   -2.93  -644.2    10.0   -18.9   2.69   222200  2.24   619   -68  0  0  0.0233   2.16    2.44    1.71   -3.09  1.2271  -74.5
2015  77 22 35    3.22   -2.07   -2.87  -649.9     6.7   -23.1   2.71   214229  2.30   766   -70  0 -1  0.0277   2.22    2.47    0.99   -3.14  1.2384  -75.2
2015  77 22 40    4.06   -2.89   -0.93  -655.5     3.5   -27.3   2.73   206258  2.36  1033   -73  0 -1  0.0319   2.28    2.63    0.14   -2.91  1.1803  -75.4
2015  77 22 45    3.24   -1.53   -0.89  -661.1     0.2   -31.5   2.76   198287  2.42  1098   -71  0 -1  0.0360   2.34    2.69   -0.04   -2.48  1.0637  -75.8
2015  77 22 50    1.08    1.62   -4.54  -666.8    -3.1   -35.7   2.78   190316  2.48  1013   -70  0  0  0.0400   2.40    2.64   -0.16   -2.54  1.0765  -76.1
2015  77 22 55    0.79    1.84   -4.47  -663.6    -7.5   -32.0   2.81   190641  2.48   939   -69  0  0  0.0355   2.40    2.64   -0.49   -2.74  1.1145  -75.9
2015  77 23  0   -0.22    0.97   -4.46  -683.3    -8.7   -33.5   2.70   189308  2.52   931   -68  0  0  0.0333   2.45    2.10   -0.42   -3.01  1.1944  -75.3
2015  77 23  5    0.17    1.29   -4.30  -675.3   -12.6   -31.1   2.70   202023  2.47   892   -68  0  0  0.0305   2.39    1.76   -0.11   -3.21  1.2554  -74.6
2015  77 23 10    1.07    2.65   -3.77  -671.6     8.2   -35.8   2.88   184225  2.61   934   -67  0  0  0.0160   2.52    1.46    0.56   -3.34  1.2970  -74.3
2015  77 23 15    1.92    1.43   -3.82  -659.9    -4.6   -30.3   2.78   195855  2.43   828   -66  0  0  0.0167   2.35    1.15    1.18   -3.75  1.4013  -74.2
2015  77 23 20    0.53    0.28   -4.03  -669.4   -14.5   -25.8   2.85   219847  2.57   755   -67  0  0  0.0149   2.48    0.76    1.44   -4.20  1.5309  -74.1
2015  77 23 25   -0.65   -1.09   -4.37  -683.0   -28.8   -24.9   2.97   218464  2.78   751   -67  0  0  0.0207   2.69    0.52    1.05   -4.17  1.5319  -73.9
2015  77 23 30    0.53   -0.69   -2.58  -688.7    -5.9   -26.1   2.76   234706  2.62   754   -67  0  0  0.0000   2.54    0.48    0.69   -3.90  1.4705  -74.1
2015  77 23 35    0.83   -0.80   -3.25  -671.5   -20.5   -23.1   2.60   223030  2.35   624   -67  0  0  0.0054   2.28    0.63    0.44   -3.73  1.4215  -74.5
2015  77 23 40   -0.49   -1.87   -2.69  -678.6    -9.8   -22.9   2.86   239290  2.63   579   -68  0  0 -0.0075   2.55    0.53   -0.01   -3.50  1.3633  -74.7
2015  77 23 45    1.58   -1.15   -3.39  -662.3   -11.5   -23.6   2.76   209282  2.42   571   -69  0  0 -0.0079   2.35    0.61   -0.56   -3.45  1.3440  -74.9
2015  77 23 50    3.34   -0.93   -2.33  -659.0   -13.0   -21.4   2.64   240710  2.29   602   -70  0  0 -0.0128   2.22    0.81   -0.89   -3.23  1.2871  -75.3
2015  77 23 55    2.99   -0.78   -2.79  -654.1    -7.9   -21.2   2.73   243558  2.34   718   -71  0  0 -0.0205   2.27    1.16   -1.04   -3.06  1.2360  -76.4
2015  78  0  0    2.59   -2.46   -2.54  -656.0   -11.6   -16.9   2.59   243463  2.23   759   -72  0  0 -0.0266   2.16    1.62   -1.24   -2.80  1.1606  -77.3
2015  78  0  5    3.55   -1.01   -2.43  -654.1    -7.7   -20.8   3.01   230786  2.58   636   -74  0  0 -0.0282   2.50    2.06   -1.29   -2.77  1.1438  -78.2
2015  78  0 10    3.49    0.87   -2.43  -650.1    10.8   -23.3   3.21   243591  2.72   538   -74  0  0 -0.0436   2.63    2.44   -1.05   -2.66  1.1053  -78.7
2015  78  0 15    2.66    1.46   -3.02  -655.7     3.0   -28.7   3.21   232576  2.77   553   -74  0  0 -0.0339   2.68    2.89   -0.57   -2.70  1.1101  -79.3
2015  78  0 20    2.97    0.56   -3.53  -655.3     0.3   -28.6   3.21   211229  2.76   566   -72  0  0 -0.0352   2.68    3.08   -0.33   -2.72  1.1127  -80.0
2015  78  0 25    3.17   -0.94   -1.60  -652.8     5.1   -30.4   3.22   239977  2.76   674   -73  0  0 -0.0400   2.66    3.06   -0.33   -2.62  1.0798  -80.3
2015  78  0 30    1.90   -3.02   -0.22  -658.9    -1.3   -29.9   3.07   240600  2.67   690   -75  0 -1 -0.0391   2.59    2.90   -0.65   -2.25  0.9937  -80.4
2015  78  0 35    2.71   -1.72    0.88  -665.0    -7.7   -29.3   2.91   241224  2.58   673   -76  0  0 -0.0385   2.50    2.92   -0.54   -1.76  0.8619  -80.4
2015  78  0 40    2.39   -0.48   -3.11  -657.2    -8.2   -23.9   2.91   232209  2.52   617   -76  0  0 -0.0478   2.44    2.76   -0.47   -1.86  0.8892  -80.5
