X-point locations.
FORMAT:
YEAR    DAY    HOUR    MIN    RATE    DISTANCE
2024    131      11     35        0.00    13.416
2024    131      11     40        0.00    13.416
2024    131      11     45        0.00    13.416
2024    131      11     50        0.00    13.416
2024    131      11     55        0.00    13.416
2024    131      12      0        0.00    13.416
2024    131      12      5        0.00    13.416
2024    131      12     10        0.00    13.416
2024    131      12     15        0.00    13.416
2024    131      12     20        0.00    13.416
2024    131      12     25        0.00    13.416
2024    131      12     30        0.00    13.416
2024    131      12     35        0.00    13.416
2024    131      12     40        0.00    13.416
2024    131      12     45        0.00    13.416
2024    131      12     50        0.00    13.416
2024    131      12     55        0.00    13.416
2024    131      13      0        0.00    13.416
2024    131      13      5        0.00    13.416
2024    131      13     10        0.00    13.416
2024    131      13     15        0.00    13.416
2024    131      13     20        0.00    13.416
2024    131      13     25        0.00    13.416
2024    131      13     30        0.00    13.416
2024    131      13     35        0.00    13.416
2024    131      13     40        0.00    13.416
2024    131      13     45        0.00    13.416
2024    131      13     50        0.00    13.416
2024    131      13     55        0.00    13.416
2024    131      14      0        0.00    13.416
2024    131      14      5        0.00    13.416
2024    131      14     10        0.00    13.416
2024    131      14     15        0.00    13.416
2024    131      14     20        0.00    13.416
2024    131      14     25        0.00    13.416
2024    131      14     30        0.00    13.416
2024    131      14     35        0.00    13.416
2024    131      14     40        0.00    13.416
2024    131      14     45        0.00    13.416
2024    131      14     50        0.00    13.416
2024    131      14     55        0.00    13.416
2024    131      15      0        0.00    13.416
2024    131      15      5        0.00    13.416
2024    131      15     10        0.00    13.416
2024    131      15     15        0.00    13.416
2024    131      15     20        0.00    13.416
2024    131      15     25        0.00    13.416
2024    131      15     30        0.00    13.416
2024    131      15     35        0.00    13.416
2024    131      15     40        0.00    13.416
2024    131      15     45        0.00    13.416
2024    131      15     50        0.00    13.416
2024    131      15     55        0.00    13.416
2024    131      16      0        0.00    13.416
2024    131      16      5        0.00    13.416
2024    131      16     10        0.00    13.416
2024    131      16     15        0.00    13.416
2024    131      16     20        0.00    13.416
2024    131      16     25        0.00    13.416
2024    131      16     30        0.00    13.416
2024    131      16     35        0.00    13.416
2024    131      16     40        0.00    13.416
2024    131      16     45        0.00    13.416
2024    131      16     50        0.00    13.416
2024    131      16     55        0.00    13.416
2024    131      17      0        0.00    13.416
2024    131      17      5        0.00    13.416
2024    131      17     10        4.18     8.253
2024    131      17     15        3.05     8.599
2024    131      17     20        3.82     8.253
2024    131      17     25        2.14     8.786
2024    131      17     30        1.48     9.139
2024    131      17     35        1.34     9.061
2024    131      17     40        2.91     8.566
2024    131      17     45        0.99     8.440
2024    131      17     50        4.13     7.761
2024    131      17     55        4.70     7.277
2024    131      18      0        7.83     6.840
2024    131      18      5        7.44     6.346
2024    131      18     10       18.09     5.667
2024    131      18     15       30.64     5.756
2024    131      18     20       42.31     5.667
2024    131      18     25      108.93     5.529
2024    131      18     30      226.22     5.141
2024    131      18     35      101.02     4.846
2024    131      18     40       59.18     4.836
2024    131      18     45       95.40     4.888
2024    131      18     50       48.63     4.851
2024    131      18     55       28.02     4.785
2024    131      19      0       32.96     4.846
2024    131      19      5       37.99     4.923
2024    131      19     10       55.59     4.870
2024    131      19     15       57.33     4.769
2024    131      19     20       93.63     4.744
2024    131      19     25       80.37     4.673
2024    131      19     30       65.66     4.747
2024    131      19     35       99.35     4.710
2024    131      19     40       99.21     4.739
2024    131      19     45       23.91     4.696
2024    131      19     50      119.26     4.673
2024    131      19     55       44.31     4.607
2024    131      20      0       67.01     4.494
2024    131      20      5      118.80     4.453
2024    131      20     10       39.92     4.415
2024    131      20     15       54.74     4.353
2024    131      20     20       90.27     4.301
2024    131      20     25       41.47     4.339
2024    131      20     30       90.43     4.351
2024    131      20     35       70.73     4.351
2024    131      20     40       64.93     4.351
2024    131      20     45       58.56     4.351
2024    131      20     50        9.74     4.364
2024    131      20     55       89.16     4.327
2024    131      21      0      114.03     4.263
2024    131      21      5       72.64     4.263
2024    131      21     10       73.45     4.187
2024    131      21     15       72.06     4.162
2024    131      21     20       80.69     4.136
2024    131      21     25       77.88     4.139
2024    131      21     30       99.49     4.101
2024    131      21     35       42.53     4.101
2024    131      21     40       56.57     4.050
2024    131      21     45       48.15     4.023
2024    131      21     50       88.19     4.010
2024    131      21     55      167.28     4.010
2024    131      22      0       36.27     4.073
2024    131      22      5      104.34     4.038
2024    131      22     10      103.86     4.066
2024    131      22     15       44.31     3.988
2024    131      22     20       68.72     3.979
2024    131      22     25       84.02     3.958
2024    131      22     30       71.68     3.940
2024    131      22     35       73.05     3.951
2024    131      22     40       31.73     3.951
2024    131      22     45      148.50     3.940
2024    131      22     50       59.81     3.962
2024    131      22     55       66.99     3.968
2024    131      23      0       75.49     3.958
2024    131      23      5        7.79     3.949
2024    131      23     10       38.42     3.912
2024    131      23     15       12.78     3.897
2024    131      23     20       34.93     3.885
2024    131      23     25        3.57     3.885
2024    131      23     30       37.09     3.835
2024    131      23     35        9.66     3.874
2024    131      23     40       28.86     3.874
2024    131      23     45        8.49     3.863
2024    131      23     50       18.79     3.859
2024    131      23     55       29.75     3.874
2024    132       0      0       32.85     3.881
2024    132       0      5       31.71     3.940
2024    132       0     10        8.05     3.961
2024    132       0     15       26.30     3.947
2024    132       0     20       14.65     3.947
2024    132       0     25       27.66     3.863
2024    132       0     30       18.32     3.862
2024    132       0     35       10.98     3.832
2024    132       0     40       10.95     3.814
2024    132       0     45       22.65     3.814
2024    132       0     50       29.49     3.775
2024    132       0     55       12.09     3.745
2024    132       1      0       28.75     3.727
2024    132       1      5       27.04     3.711
2024    132       1     10        8.57     3.697
2024    132       1     15       19.22     3.697
2024    132       1     20       17.01     3.658
2024    132       1     25        9.31     3.659
2024    132       1     30        7.43     3.624
2024    132       1     35       28.77     3.585
2024    132       1     40       41.46     3.571
2024    132       1     45       33.27     3.553
2024    132       1     50       32.68     3.558
2024    132       1     55       47.87     3.513
2024    132       2      0       27.55     3.519
2024    132       2      5       34.09     3.479
2024    132       2     10       16.53     3.479
2024    132       2     15       16.07     3.440
2024    132       2     20       10.76     3.440
2024    132       2     25        9.58     3.420
2024    132       2     30       18.83     3.420
2024    132       2     35       27.56     3.434
2024    132       2     40       22.53     3.473
2024    132       2     45        4.07     3.525
2024    132       2     50       20.87     3.564
2024    132       2     55       20.33     3.564
2024    132       3      0       10.36     3.604
2024    132       3      5       32.81     3.617
2024    132       3     10       11.48     3.657
2024    132       3     15       16.99     3.664
2024    132       3     20       20.98     3.664
2024    132       3     25       17.84     3.643
2024    132       3     30       45.74     3.677
2024    132       3     35       15.29     3.727
2024    132       3     40       22.49     3.736
2024    132       3     45       23.11     3.775
2024    132       3     50       25.95     3.814
2024    132       3     55       42.15     3.797
2024    132       4      0       45.75     3.797
2024    132       4      5       30.43     3.789
2024    132       4     10       57.92     3.775
2024    132       4     15       63.90     3.808
2024    132       4     20       68.37     3.762
2024    132       4     25       61.89     3.762
2024    132       4     30       48.34     3.741
2024    132       4     35       97.29     3.786
2024    132       4     40       62.75     3.774
2024    132       4     45       50.37     3.734
2024    132       4     50       80.80     3.770
2024    132       4     55      188.95     3.810
2024    132       5      0       67.63     3.857
2024    132       5      5       23.12     3.853
2024    132       5     10       56.23     3.893
2024    132       5     15       75.37     3.850
2024    132       5     20       35.98     3.893
2024    132       5     25       25.81     3.890
2024    132       5     30       81.06     3.930
2024    132       5     35       32.73     3.927
2024    132       5     40       42.76     3.925
2024    132       5     45       47.30     3.970
2024    132       5     50       30.12     3.933
2024    132       5     55       26.98     3.973
2024    132       6      0       44.33     3.980
2024    132       6      5       34.29     3.989
2024    132       6     10       17.32     3.984
2024    132       6     15       44.46     3.980
2024    132       6     20       85.37     3.976
2024    132       6     25       13.93     3.937
2024    132       6     30      206.79     3.910
2024    132       6     35       23.54     3.897
2024    132       6     40      102.54     3.861
2024    132       6     45       50.67     3.861
2024    132       6     50       29.39     3.865
2024    132       6     55       53.72     3.825
2024    132       7      0       71.83     3.821
2024    132       7      5       59.73     3.746
2024    132       7     10       44.32     3.746
2024    132       7     15       49.21     3.706
2024    132       7     20       98.55     3.672
2024    132       7     25      128.76     3.677
2024    132       7     30       59.58     3.689
2024    132       7     35       94.80     3.689
2024    132       7     40       95.89     3.703
2024    132       7     45       58.16     3.742
2024    132       7     50       83.15     3.742
2024    132       7     55       83.14     3.768
2024    132       8      0       70.14     3.789
2024    132       8      5       84.54     3.814
2024    132       8     10       79.18     3.832
2024    132       8     15       61.19     3.823
2024    132       8     20       86.31     3.842
2024    132       8     25       76.34     3.832
2024    132       8     30       74.56     3.871
2024    132       8     35      126.67     3.871
2024    132       8     40      119.20     3.910
2024    132       8     45      151.03     3.863
2024    132       8     50      125.76     3.891
2024    132       8     55       71.45     3.863
2024    132       9      0      106.60     3.863
2024    132       9      5      102.65     3.891
2024    132       9     10      121.32     3.901
2024    132       9     15      101.13     3.940
2024    132       9     20       85.45     3.929
2024    132       9     25       50.15     3.978
2024    132       9     30       91.95     3.951
2024    132       9     35       79.17     3.929
2024    132       9     40       39.65     3.962
2024    132       9     45       55.93     3.962
2024    132       9     50      115.07     3.989
2024    132       9     55       68.76     4.028
2024    132      10      0       77.03     3.989
2024    132      10      5      107.20     4.000
2024    132      10     10       86.36     4.000
2024    132      10     15       90.13     3.962
2024    132      10     20       61.37     3.973
2024    132      10     25       55.46     3.973
2024    132      10     30       73.46     3.985
2024    132      10     35       39.27     3.985
2024    132      10     40       76.75     3.959
2024    132      10     45       99.72     3.934
2024    132      10     50      105.28     3.973
2024    132      10     55      110.70     3.972
2024    132      11      0      113.75     4.035
2024    132      11      5       88.83     4.061
2024    132      11     10      102.90     4.125
2024    132      11     15       53.65     4.153
2024    132      11     20       57.75     4.153
2024    132      11     25       65.37     4.182
2024    132      11     30       17.70     4.331
2024    132      11     35       59.48     4.317
2024    132      11     40       51.28     4.345
2024    132      11     45        4.16     4.434
2024    132      11     50       40.57     4.397
2024    132      11     55       46.48     4.339
2024    132      12      0       30.93     4.302
2024    132      12      5       25.53     4.228
2024    132      12     10       44.29     4.176
2024    132      12     15       38.84     4.155
2024    132      12     20       20.20     4.171
2024    132      12     25       29.60     4.171
2024    132      12     30       37.55     4.118
2024    132      12     35       36.79     4.118
2024    132      12     40        9.33     4.171
2024    132      12     45       26.12     4.171
2024    132      12     50       25.99     4.152
2024    132      12     55       34.47     4.135
2024    132      13      0       29.08     4.171
2024    132      13      5        3.55     4.188
2024    132      13     10       31.66     4.135
2024    132      13     15        8.89     4.152
2024    132      13     20        3.78     4.152
2024    132      13     25       31.41     4.079
2024    132      13     30       15.78     4.098
2024    132      13     35       15.28     4.079
2024    132      13     40        7.13     4.097
2024    132      13     45       14.52     4.079
2024    132      13     50       24.62     4.061
2024    132      13     55        6.95     4.114
2024    132      14      0       16.06     4.114
2024    132      14      5        7.96     4.132
2024    132      14     10       17.86     4.133
2024    132      14     15        9.18     4.151
2024    132      14     20       15.36     4.150
2024    132      14     25       16.55     4.150
2024    132      14     30       20.37     4.151
2024    132      14     35       17.73     4.186
2024    132      14     40        0.85     4.240
2024    132      14     45        3.40     4.240
2024    132      14     50       13.53     4.222
2024    132      14     55       11.78     4.222
2024    132      15      0       16.09     4.204
2024    132      15      5       13.29     4.222
2024    132      15     10       15.83     4.261
2024    132      15     15       17.83     4.297
2024    132      15     20       10.15     4.334
2024    132      15     25        6.51     4.370
2024    132      15     30       23.83     4.350
2024    132      15     35       14.43     4.386
2024    132      15     40       12.38     4.403
2024    132      15     45       13.98     4.403
2024    132      15     50       14.44     4.407
2024    132      15     55       14.21     4.420
2024    132      16      0       24.48     4.423
2024    132      16      5       25.65     4.407
2024    132      16     10       28.79     4.423
2024    132      16     15       13.09     4.423
2024    132      16     20       28.96     4.370
2024    132      16     25       16.30     4.443
2024    132      16     30       28.51     4.443
2024    132      16     35       35.19     4.480
2024    132      16     40       31.41     4.496
2024    132      16     45       24.58     4.602
2024    132      16     50       10.79     4.655
2024    132      16     55       25.26     4.675
2024    132      17      0       15.48     4.727
2024    132      17      5       37.65     4.711
2024    132      17     10       18.66     4.727
2024    132      17     15       29.31     4.691
2024    132      17     20       28.89     4.691
2024    132      17     25       21.19     4.761
2024    132      17     30       24.41     4.833
2024    132      17     35        9.40     4.939
2024    132      17     40       23.01     5.012
2024    132      17     45        9.43     5.118
2024    132      17     50       17.93     5.211
2024    132      17     55       12.30     5.390
2024    132      18      0        9.25     5.495
2024    132      18      5        4.13     5.621
2024    132      18     10        6.17     5.585
2024    132      18     15        2.56     5.731
2024    132      18     20        3.89     5.568
2024    132      18     25        7.45     5.370
2024    132      18     30        6.69     5.208
2024    132      18     35        5.71     5.135
2024    132      18     40        7.75     5.118
2024    132      18     45        8.53     5.046
2024    132      18     50        8.06     5.118
2024    132      18     55        7.12     5.191
2024    132      19      0       11.64     5.118
2024    132      19      5        8.79     5.121
2024    132      19     10       14.00     5.016
2024    132      19     15       14.61     4.996
2024    132      19     20       17.44     4.956
2024    132      19     25        9.95     4.939
2024    132      19     30       15.39     4.902
2024    132      19     35       14.26     4.902
2024    132      19     40        9.40     5.027
2024    132      19     45       10.50     5.063
2024    132      19     50        5.16     5.277
2024    132      19     55        4.57     5.442
2024    132      20      0        6.66     5.373
2024    132      20      5       10.41     5.268
2024    132      20     10       10.11     5.289
2024    132      20     15       12.66     5.284
2024    132      20     20        8.87     5.370
2024    132      20     25       11.87     5.365
2024    132      20     30       13.20     5.314
2024    132      20     35       25.65     5.170
2024    132      20     40       12.63     5.230
2024    132      20     45       14.67     5.201
2024    132      20     50       17.23     5.118
2024    132      20     55       15.58     5.006
2024    132      21      0       18.96     5.141
2024    132      21      5       10.36     5.281
2024    132      21     10       11.43     5.259
2024    132      21     15        9.75     5.326
2024    132      21     20        4.60     5.579
2024    132      21     25        9.30     5.557
2024    132      21     30        8.86     5.654
2024    132      21     35        4.64     5.782
2024    132      21     40        6.60     5.675
2024    132      21     45        2.67     5.834
2024    132      21     50        1.68     6.011
2024    132      21     55        1.34     6.011
2024    132      22      0        0.93     6.097
2024    132      22      5        0.53     6.135
2024    132      22     10        0.55     6.262
2024    132      22     15       10.98    13.416
2024    132      22     20       11.58    13.416
2024    132      22     25        4.38    13.416
2024    132      22     30        3.49    13.416
2024    132      22     35        2.63    13.416
2024    132      22     40        0.09    13.416
2024    132      22     45        1.64    13.416
2024    132      22     50        2.97    13.416
2024    132      22     55        2.95    13.416
2024    132      23      0        3.02    13.416
2024    132      23      5        1.56    13.416
2024    132      23     10        6.39    13.416
2024    132      23     15        4.41    13.416
2024    132      23     20        2.55    13.416
2024    132      23     25        2.03    13.416
2024    132      23     30        1.83    13.416
2024    132      23     35        0.53    13.416
2024    132      23     40        1.51    13.416
2024    132      23     45        1.45    13.416
2024    132      23     50        0.00    13.416
2024    132      23     55        0.00    13.416
2024    133       0      0        1.39    13.416
2024    133       0      5        0.00    13.416
2024    133       0     10        0.00    13.416
2024    133       0     15        0.00    13.416
2024    133       0     20        0.00    13.416
2024    133       0     25        0.00    13.416
2024    133       0     30        0.00    13.416
2024    133       0     35        0.00    13.416
2024    133       0     40        0.00    13.416
2024    133       0     45        0.00    13.416
2024    133       0     50        0.00    13.416
2024    133       0     55        0.82    13.416
2024    133       1      0        0.55    13.416
2024    133       1      5        1.15     6.189
2024    133       1     10        0.65     6.110
2024    133       1     15        1.40     6.037
2024    133       1     20       16.91     5.906
2024    133       1     25       47.60     5.754
2024    133       1     30       80.85     5.617
2024    133       1     35       11.76     5.895
2024    133       1     40        1.89     5.940
2024    133       1     45        2.49     6.013
2024    133       1     50        1.39     6.093
2024    133       1     55        4.74     6.008
2024    133       2      0        1.74     6.098
2024    133       2      5        1.79     6.138
2024    133       2     10        4.95     6.025
2024    133       2     15        4.03     6.059
2024    133       2     20        7.30     6.025
2024    133       2     25        3.44     6.064
2024    133       2     30        3.19     6.031
2024    133       2     35        2.97     5.991
2024    133       2     40       16.14     5.906
2024    133       2     45       56.91     5.827
2024    133       2     50       50.08     5.787
2024    133       2     55       48.68     5.781
2024    133       3      0        9.42     5.895
2024    133       3      5        4.94     5.974
2024    133       3     10        2.50     6.053
2024    133       3     15        1.49     6.172
2024    133       3     20        0.71    13.416
2024    133       3     25        0.00    13.416
2024    133       3     30        0.00    13.416
2024    133       3     35        0.00    13.416
2024    133       3     40        0.00    13.416
2024    133       3     45        0.00    13.416
2024    133       3     50        0.00    13.416
2024    133       3     55        0.00    13.416
2024    133       4      0        1.31    13.416
2024    133       4      5        1.05    13.416
2024    133       4     10        1.79    13.416
2024    133       4     15        1.18    13.416
2024    133       4     20        0.00    13.416
2024    133       4     25        0.00    13.416
2024    133       4     30        0.00    13.416
2024    133       4     35        0.00    13.416
2024    133       4     40        0.00    13.416
2024    133       4     45        0.00    13.416
2024    133       4     50        0.00    13.416
2024    133       4     55        0.00    13.416
2024    133       5      0        0.00    13.416
2024    133       5      5        0.00    13.416
2024    133       5     10        0.00    13.416
2024    133       5     15        0.00    13.416
2024    133       5     20        0.00    13.416
2024    133       5     25        0.00    13.416
2024    133       5     30        0.00    13.416
2024    133       5     35        0.00    13.416
2024    133       5     40        0.00    13.416
2024    133       5     45        0.00    13.416
2024    133       5     50        0.00    13.416
2024    133       5     55        0.00    13.416
2024    133       6      0        0.00    13.416
2024    133       6      5        0.00    13.416
2024    133       6     10        0.00    13.416
2024    133       6     15        0.00    13.416
2024    133       6     20        0.00    13.416
2024    133       6     25        0.00    13.416
2024    133       6     30        0.00    13.416
2024    133       6     35        0.00    13.416
2024    133       6     40        0.00    13.416
2024    133       6     45        0.00    13.416
2024    133       6     50        0.00    13.416
2024    133       6     55        0.00    13.416
2024    133       7      0        0.00    13.416
2024    133       7      5        0.00    13.416
2024    133       7     10        0.00    13.416
2024    133       7     15        0.00    13.416
2024    133       7     20        0.00    13.416
2024    133       7     25        0.00    13.416
2024    133       7     30        0.00    13.416
2024    133       7     35        0.00    13.416
2024    133       7     40        0.00    13.416
2024    133       7     45        0.00    13.416
2024    133       7     50        0.00    13.416
2024    133       7     55        0.00    13.416
2024    133       8      0        0.00    13.416
2024    133       8      5        0.00    13.416
2024    133       8     10        0.00    13.416
2024    133       8     15        0.00    13.416
2024    133       8     20        0.00    13.416
2024    133       8     25        0.00    13.416
2024    133       8     30        0.00    13.416
2024    133       8     35        0.00    13.416
2024    133       8     40        0.00    13.416
2024    133       8     45        0.00    13.416
2024    133       8     50        0.00    13.416
2024    133       8     55        0.00    13.416
2024    133       9      0        0.00    13.416
2024    133       9      5        0.00    13.416
2024    133       9     10        0.00    13.416
2024    133       9     15        0.00    13.416
2024    133       9     20        0.00    13.416
2024    133       9     25        0.00    13.416
2024    133       9     30        0.00    13.416
2024    133       9     35        1.02    13.416
2024    133       9     40        1.18    13.416
2024    133       9     45        1.51    13.416
2024    133       9     50        1.64    13.416
2024    133       9     55        1.26    13.416
2024    133      10      0        1.20    13.416
2024    133      10      5        1.25    13.416
2024    133      10     10        1.37    13.416
2024    133      10     15        1.56    13.416
2024    133      10     20        1.47    13.416
2024    133      10     25        1.39    13.416
2024    133      10     30        1.39    13.416
2024    133      10     35        1.66    13.416
2024    133      10     40        1.67    13.416
2024    133      10     45        0.74    13.416
2024    133      10     50        0.22    13.416
2024    133      10     55        0.30    13.416
2024    133      11      0        0.30    13.416
2024    133      11      5        0.64    13.416
2024    133      11     10        1.45    13.416
2024    133      11     15        2.14    13.416
2024    133      11     20        1.20    13.416
2024    133      11     25        1.02    13.416
2024    133      11     30        1.28    13.416
2024    133      11     35        1.54    13.416
2024    133      11     40        1.08    13.416
2024    133      11     45        0.68    13.416
2024    133      11     50        0.47    13.416
2024    133      11     55        0.39    13.416
2024    133      12      0        0.91    13.416
2024    133      12      5        0.96    13.416
2024    133      12     10        0.68    13.416
2024    133      12     15        0.94    13.416
2024    133      12     20        1.25    13.416
2024    133      12     25        0.42    13.416
2024    133      12     30        0.26    13.416
2024    133      12     35        0.16    13.416
2024    133      12     40        0.14    13.416
2024    133      12     45        0.77    13.416
2024    133      12     50        0.53    13.416
2024    133      12     55        0.49    13.416
2024    133      13      0        0.64    13.416
2024    133      13      5        0.65    13.416
2024    133      13     10        0.69    13.416
2024    133      13     15        0.63    13.416
2024    133      13     20        0.93    13.416
2024    133      13     25        0.83    13.416
2024    133      13     30        0.97    13.416
2024    133      13     35        1.11    13.416
2024    133      13     40        1.00    13.416
2024    133      13     45        1.07    13.416
2024    133      13     50        0.99    13.416
2024    133      13     55        0.53    13.416
2024    133      14      0        0.53    13.416
2024    133      14      5        0.24    13.416
2024    133      14     10        0.53    13.416
2024    133      14     15        0.32    13.416
2024    133      14     20        0.31    13.416
2024    133      14     25        0.47    13.416
2024    133      14     30        0.24    13.416
2024    133      14     35        0.15    13.416
2024    133      14     40        0.32    13.416
2024    133      14     45        0.33    13.416
2024    133      14     50        0.60    13.416
2024    133      14     55        0.74    13.416
2024    133      15      0        0.87    13.416
2024    133      15      5        0.96    13.416
2024    133      15     10        0.00    13.416
2024    133      15     15        0.00    13.416
2024    133      15     20        0.00    13.416
2024    133      15     25        1.09    13.416
2024    133      15     30        1.01    13.416
2024    133      15     35        0.00    13.416
2024    133      15     40        1.13    13.416
2024    133      15     45        1.23    13.416
2024    133      15     50        1.21    13.416
2024    133      15     55        1.08    13.416
2024    133      16      0        1.12    13.416
2024    133      16      5        1.11    13.416
2024    133      16     10        1.12    13.416
2024    133      16     15        1.17    13.416
2024    133      16     20        1.15    13.416
2024    133      16     25        1.23    13.416
2024    133      16     30        1.32    13.416
2024    133      16     35        1.26    13.416
2024    133      16     40        1.39    13.416
2024    133      16     45        1.23    13.416
2024    133      16     50        1.17    13.416
2024    133      16     55        1.02    13.416
2024    133      17      0        1.07    13.416
2024    133      17      5        1.07    13.416
2024    133      17     10        1.05    13.416
2024    133      17     15        1.07    13.416
2024    133      17     20        1.16    13.416
2024    133      17     25        1.22    13.416
2024    133      17     30        1.19    13.416
2024    133      17     35        1.12    13.416
2024    133      17     40        1.08    13.416
2024    133      17     45        1.17    13.416
2024    133      17     50        1.30    13.416
2024    133      17     55        1.14    13.416
2024    133      18      0        1.05    13.416
2024    133      18      5        0.00    13.416
2024    133      18     10        0.00    13.416
2024    133      18     15        0.00    13.416
2024    133      18     20        0.00    13.416
2024    133      18     25        0.00    13.416
2024    133      18     30        0.00    13.416
2024    133      18     35        0.81    13.416
2024    133      18     40        0.00    13.416
2024    133      18     45        0.00    13.416
2024    133      18     50        0.00    13.416
2024    133      18     55        0.00    13.416
2024    133      19      0        0.00    13.416
2024    133      19      5        0.00    13.416
2024    133      19     10        0.00    13.416
2024    133      19     15        0.00    13.416
2024    133      19     20        0.00    13.416
2024    133      19     25        0.00    13.416
2024    133      19     30        0.00    13.416
2024    133      19     35        0.00    13.416
2024    133      19     40        0.00    13.416
2024    133      19     45        0.00    13.416
2024    133      19     50        0.00    13.416
2024    133      19     55        0.00    13.416
2024    133      20      0        0.00    13.416
2024    133      20      5        0.00    13.416
2024    133      20     10        0.00    13.416
2024    133      20     15        0.00    13.416
2024    133      20     20        0.00    13.416
2024    133      20     25        0.00    13.416
2024    133      20     30        0.00    13.416
2024    133      20     35        0.00    13.416
2024    133      20     40        0.00    13.416
2024    133      20     45        0.30    13.416
2024    133      20     50        0.38    13.416
2024    133      20     55        0.27    13.416
2024    133      21      0        0.34    13.416
2024    133      21      5        0.52    13.416
2024    133      21     10        0.52    13.416
2024    133      21     15        0.27    13.416
2024    133      21     20        0.42    13.416
2024    133      21     25        0.36    13.416
2024    133      21     30        0.50    13.416
2024    133      21     35        0.52    13.416
2024    133      21     40        0.31    13.416
