X-point locations.
FORMAT:
YEAR    DAY    HOUR    MIN    RATE    DISTANCE
2024    131      11     35        0.00    13.416
2024    131      11     40        0.00    13.416
2024    131      11     45        0.00    13.416
2024    131      11     50        0.00    13.416
2024    131      11     55        0.00    13.416
2024    131      12      0        0.00    13.416
2024    131      12      5        0.00    13.416
2024    131      12     10        0.00    13.416
2024    131      12     15        0.00    13.416
2024    131      12     20        0.00    13.416
2024    131      12     25        0.00    13.416
2024    131      12     30        0.00    13.416
2024    131      12     35        0.00    13.416
2024    131      12     40        0.00    13.416
2024    131      12     45        0.00    13.416
2024    131      12     50        0.00    13.416
2024    131      12     55        0.00    13.416
2024    131      13      0        0.00    13.416
2024    131      13      5        0.00    13.416
2024    131      13     10        0.00    13.416
2024    131      13     15        0.00    13.416
2024    131      13     20        0.00    13.416
2024    131      13     25        0.00    13.416
2024    131      13     30        0.00    13.416
2024    131      13     35        0.00    13.416
2024    131      13     40        0.00    13.416
2024    131      13     45        0.00    13.416
2024    131      13     50        0.00    13.416
2024    131      13     55        0.00    13.416
2024    131      14      0        0.00    13.416
2024    131      14      5        0.00    13.416
2024    131      14     10        0.00    13.416
2024    131      14     15        0.00    13.416
2024    131      14     20        0.00    13.416
2024    131      14     25        0.00    13.416
2024    131      14     30        0.00    13.416
2024    131      14     35        0.00    13.416
2024    131      14     40        0.00    13.416
2024    131      14     45        0.00    13.416
2024    131      14     50        0.00    13.416
2024    131      14     55        0.00    13.416
2024    131      15      0        0.00    13.416
2024    131      15      5        0.00    13.416
2024    131      15     10        0.00    13.416
2024    131      15     15        0.00    13.416
2024    131      15     20        0.00    13.416
2024    131      15     25        0.00    13.416
2024    131      15     30        0.00    13.416
2024    131      15     35        0.00    13.416
2024    131      15     40        0.00    13.416
2024    131      15     45        0.00    13.416
2024    131      15     50        0.00    13.416
2024    131      15     55        0.00    13.416
2024    131      16      0        0.00    13.416
2024    131      16      5        0.00    13.416
2024    131      16     10        0.00    13.416
2024    131      16     15        0.00    13.416
2024    131      16     20        0.00    13.416
2024    131      16     25        0.00    13.416
2024    131      16     30        0.00    13.416
2024    131      16     35        0.00    13.416
2024    131      16     40        0.00    13.416
2024    131      16     45        0.00    13.416
2024    131      16     50        0.00    13.416
2024    131      16     55        0.00    13.416
2024    131      17      0        0.00    13.416
2024    131      17      5        0.00    13.416
2024    131      17     10        1.19     8.253
2024    131      17     15        1.03     8.599
2024    131      17     20        1.19     8.253
2024    131      17     25        0.91     8.786
2024    131      17     30        0.78     9.139
2024    131      17     35        0.82     9.061
2024    131      17     40        1.12     8.566
2024    131      17     45        1.52     8.440
2024    131      17     50        2.20     7.761
2024    131      17     55        4.59     7.277
2024    131      18      0       12.24     6.840
2024    131      18      5       32.32     6.346
2024    131      18     10       43.96     5.667
2024    131      18     15       71.73     5.756
2024    131      18     20      296.95     5.667
2024    131      18     25     1187.02     5.529
2024    131      18     30      613.60     5.141
2024    131      18     35      247.14     4.846
2024    131      18     40      128.83     4.836
2024    131      18     45       71.84     4.888
2024    131      18     50       51.91     4.851
2024    131      18     55       25.69     4.785
2024    131      19      0       30.04     4.846
2024    131      19      5       54.13     4.923
2024    131      19     10       29.82     4.870
2024    131      19     15       63.20     4.769
2024    131      19     20      146.63     4.744
2024    131      19     25      154.66     4.673
2024    131      19     30      228.96     4.747
2024    131      19     35      205.95     4.710
2024    131      19     40      191.90     4.739
2024    131      19     45       82.27     4.696
2024    131      19     50      163.14     4.673
2024    131      19     55       67.79     4.607
2024    131      20      0       88.94     4.494
2024    131      20      5      190.42     4.453
2024    131      20     10       53.57     4.415
2024    131      20     15       97.43     4.353
2024    131      20     20       85.03     4.301
2024    131      20     25       16.26     4.339
2024    131      20     30       37.77     4.351
2024    131      20     35       73.15     4.351
2024    131      20     40       65.76     4.351
2024    131      20     45       48.34     4.351
2024    131      20     50       32.58     4.364
2024    131      20     55       37.83     4.327
2024    131      21      0       92.35     4.263
2024    131      21      5       87.66     4.263
2024    131      21     10       67.54     4.187
2024    131      21     15       74.37     4.162
2024    131      21     20       74.18     4.136
2024    131      21     25      134.97     4.139
2024    131      21     30      101.28     4.101
2024    131      21     35       76.56     4.101
2024    131      21     40      152.88     4.050
2024    131      21     45      197.87     4.023
2024    131      21     50      249.82     4.010
2024    131      21     55      314.64     4.010
2024    131      22      0      195.72     4.073
2024    131      22      5      513.56     4.038
2024    131      22     10      207.23     4.066
2024    131      22     15      658.18     3.988
2024    131      22     20      242.30     3.979
2024    131      22     25      103.94     3.958
2024    131      22     30      171.72     3.940
2024    131      22     35      255.79     3.951
2024    131      22     40      207.45     3.951
2024    131      22     45     1119.30     3.940
2024    131      22     50      163.99     3.962
2024    131      22     55      156.61     3.968
2024    131      23      0       55.67     3.958
2024    131      23      5       17.63     3.949
2024    131      23     10       20.64     3.912
2024    131      23     15       13.19     3.897
2024    131      23     20       16.22     3.885
2024    131      23     25       11.00     3.885
2024    131      23     30       23.61     3.835
2024    131      23     35       18.88     3.874
2024    131      23     40       11.39     3.874
2024    131      23     45       10.54     3.863
2024    131      23     50       10.43     3.859
2024    131      23     55       12.31     3.874
2024    132       0      0       15.55     3.881
2024    132       0      5       16.58     3.940
2024    132       0     10        5.16     3.961
2024    132       0     15       14.60     3.947
2024    132       0     20        8.04     3.947
2024    132       0     25       12.98     3.863
2024    132       0     30       13.74     3.862
2024    132       0     35       15.97     3.832
2024    132       0     40       11.52     3.814
2024    132       0     45       11.45     3.814
2024    132       0     50       14.62     3.775
2024    132       0     55       10.96     3.745
2024    132       1      0       13.11     3.727
2024    132       1      5       13.77     3.711
2024    132       1     10        7.00     3.697
2024    132       1     15        4.42     3.697
2024    132       1     20        9.70     3.658
2024    132       1     25        9.11     3.659
2024    132       1     30        5.09     3.624
2024    132       1     35       26.66     3.585
2024    132       1     40       15.42     3.571
2024    132       1     45       35.60     3.553
2024    132       1     50       28.83     3.558
2024    132       1     55       32.02     3.513
2024    132       2      0        8.80     3.519
2024    132       2      5       30.52     3.479
2024    132       2     10       12.26     3.479
2024    132       2     15       17.04     3.440
2024    132       2     20       10.81     3.440
2024    132       2     25       10.15     3.420
2024    132       2     30       12.93     3.420
2024    132       2     35       25.98     3.434
2024    132       2     40       22.46     3.473
2024    132       2     45        5.61     3.525
2024    132       2     50        4.88     3.564
2024    132       2     55       21.05     3.564
2024    132       3      0       12.22     3.604
2024    132       3      5       20.32     3.617
2024    132       3     10       10.99     3.657
2024    132       3     15       13.97     3.664
2024    132       3     20       21.66     3.664
2024    132       3     25       16.77     3.643
2024    132       3     30        8.75     3.677
2024    132       3     35       17.14     3.727
2024    132       3     40        9.83     3.736
2024    132       3     45        4.21     3.775
2024    132       3     50       12.34     3.814
2024    132       3     55       22.38     3.797
2024    132       4      0       23.14     3.797
2024    132       4      5       39.65     3.789
2024    132       4     10       19.15     3.775
2024    132       4     15       67.62     3.808
2024    132       4     20       32.90     3.762
2024    132       4     25       50.10     3.762
2024    132       4     30       57.63     3.741
2024    132       4     35      130.51     3.786
2024    132       4     40      185.11     3.774
2024    132       4     45      259.37     3.734
2024    132       4     50      237.90     3.770
2024    132       4     55      386.70     3.810
2024    132       5      0      320.17     3.857
2024    132       5      5      292.97     3.853
2024    132       5     10      822.21     3.893
2024    132       5     15     1881.22     3.850
2024    132       5     20      414.47     3.893
2024    132       5     25      228.42     3.890
2024    132       5     30      320.92     3.930
2024    132       5     35       22.97     3.927
2024    132       5     40     1175.78     3.925
2024    132       5     45      335.74     3.970
2024    132       5     50     1353.43     3.933
2024    132       5     55      227.22     3.973
2024    132       6      0      529.90     3.980
2024    132       6      5      151.66     3.989
2024    132       6     10      282.69     3.984
2024    132       6     15     1197.89     3.980
2024    132       6     20     1014.49     3.976
2024    132       6     25      103.22     3.937
2024    132       6     30     1945.83     3.910
2024    132       6     35      585.85     3.897
2024    132       6     40      452.15     3.861
2024    132       6     45      301.95     3.861
2024    132       6     50      413.24     3.865
2024    132       6     55     1007.14     3.825
2024    132       7      0      386.06     3.821
2024    132       7      5      260.40     3.746
2024    132       7     10      155.46     3.746
2024    132       7     15      209.42     3.706
2024    132       7     20      307.78     3.672
2024    132       7     25      290.93     3.677
2024    132       7     30      536.58     3.689
2024    132       7     35      112.85     3.689
2024    132       7     40      294.24     3.703
2024    132       7     45      262.32     3.742
2024    132       7     50      425.67     3.742
2024    132       7     55      635.58     3.768
2024    132       8      0      320.65     3.789
2024    132       8      5      427.18     3.814
2024    132       8     10      354.61     3.832
2024    132       8     15      197.72     3.823
2024    132       8     20      379.84     3.842
2024    132       8     25      273.35     3.832
2024    132       8     30      274.13     3.871
2024    132       8     35      325.15     3.871
2024    132       8     40      487.86     3.910
2024    132       8     45      120.80     3.863
2024    132       8     50       98.09     3.891
2024    132       8     55      189.24     3.863
2024    132       9      0      107.29     3.863
2024    132       9      5      131.35     3.891
2024    132       9     10      136.89     3.901
2024    132       9     15      264.81     3.940
2024    132       9     20      231.67     3.929
2024    132       9     25      132.42     3.978
2024    132       9     30      194.16     3.951
2024    132       9     35      272.58     3.929
2024    132       9     40      112.46     3.962
2024    132       9     45      135.54     3.962
2024    132       9     50      207.21     3.989
2024    132       9     55      125.73     4.028
2024    132      10      0       77.82     3.989
2024    132      10      5      262.92     4.000
2024    132      10     10      138.60     4.000
2024    132      10     15      161.32     3.962
2024    132      10     20      215.23     3.973
2024    132      10     25      130.95     3.973
2024    132      10     30      152.67     3.985
2024    132      10     35       57.17     3.985
2024    132      10     40      110.87     3.959
2024    132      10     45       58.06     3.934
2024    132      10     50      187.72     3.973
2024    132      10     55      167.81     3.972
2024    132      11      0      119.48     4.035
2024    132      11      5       49.69     4.061
2024    132      11     10       20.02     4.125
2024    132      11     15        4.42     4.153
2024    132      11     20       76.81     4.153
2024    132      11     25       29.91     4.182
2024    132      11     30       26.18     4.331
2024    132      11     35       34.31     4.317
2024    132      11     40       44.40     4.345
2024    132      11     45       17.16     4.434
2024    132      11     50       38.70     4.397
2024    132      11     55       25.38     4.339
2024    132      12      0       23.08     4.302
2024    132      12      5       33.00     4.228
2024    132      12     10       17.58     4.176
2024    132      12     15       23.61     4.155
2024    132      12     20       27.27     4.171
2024    132      12     25       13.72     4.171
2024    132      12     30       16.32     4.118
2024    132      12     35       14.50     4.118
2024    132      12     40       11.33     4.171
2024    132      12     45       17.17     4.171
2024    132      12     50       16.39     4.152
2024    132      12     55       13.67     4.135
2024    132      13      0       18.32     4.171
2024    132      13      5        8.65     4.188
2024    132      13     10       14.75     4.135
2024    132      13     15       15.81     4.152
2024    132      13     20        3.22     4.152
2024    132      13     25       16.04     4.079
2024    132      13     30       15.99     4.098
2024    132      13     35       19.04     4.079
2024    132      13     40        3.90     4.097
2024    132      13     45       16.72     4.079
2024    132      13     50       16.24     4.061
2024    132      13     55        9.23     4.114
2024    132      14      0       13.00     4.114
2024    132      14      5        9.40     4.132
2024    132      14     10       13.39     4.133
2024    132      14     15       11.38     4.151
2024    132      14     20       12.27     4.150
2024    132      14     25       12.52     4.150
2024    132      14     30        9.90     4.151
2024    132      14     35       11.31     4.186
2024    132      14     40        3.29     4.240
2024    132      14     45        5.68     4.240
2024    132      14     50       11.23     4.222
2024    132      14     55       12.60     4.222
2024    132      15      0       12.55     4.204
2024    132      15      5       13.71     4.222
2024    132      15     10       11.74     4.261
2024    132      15     15       10.31     4.297
2024    132      15     20       11.90     4.334
2024    132      15     25        8.84     4.370
2024    132      15     30       10.80     4.350
2024    132      15     35       14.87     4.386
2024    132      15     40       12.75     4.403
2024    132      15     45       15.59     4.403
2024    132      15     50       15.50     4.407
2024    132      15     55       14.85     4.420
2024    132      16      0       12.37     4.423
2024    132      16      5       11.76     4.407
2024    132      16     10       10.92     4.423
2024    132      16     15       13.04     4.423
2024    132      16     20       10.21     4.370
2024    132      16     25       12.58     4.443
2024    132      16     30       14.00     4.443
2024    132      16     35       11.87     4.480
2024    132      16     40       13.41     4.496
2024    132      16     45       14.72     4.602
2024    132      16     50       16.87     4.655
2024    132      16     55       16.86     4.675
2024    132      17      0       15.55     4.727
2024    132      17      5       13.34     4.711
2024    132      17     10       17.24     4.727
2024    132      17     15       14.66     4.691
2024    132      17     20       12.04     4.691
2024    132      17     25       15.53     4.761
2024    132      17     30       13.70     4.833
2024    132      17     35       14.82     4.939
2024    132      17     40        9.32     5.012
2024    132      17     45       10.37     5.118
2024    132      17     50        6.50     5.211
2024    132      17     55        5.46     5.390
2024    132      18      0        3.35     5.495
2024    132      18      5        3.00     5.621
2024    132      18     10        2.33     5.585
2024    132      18     15        2.08     5.731
2024    132      18     20        2.94     5.568
2024    132      18     25        3.24     5.370
2024    132      18     30        4.18     5.208
2024    132      18     35        4.60     5.135
2024    132      18     40        3.72     5.118
2024    132      18     45        4.63     5.046
2024    132      18     50        4.17     5.118
2024    132      18     55        5.38     5.191
2024    132      19      0        5.10     5.118
2024    132      19      5       10.63     5.121
2024    132      19     10       16.33     5.016
2024    132      19     15       16.02     4.996
2024    132      19     20       10.97     4.956
2024    132      19     25       11.99     4.939
2024    132      19     30       10.95     4.902
2024    132      19     35        7.76     4.902
2024    132      19     40        6.92     5.027
2024    132      19     45        3.84     5.063
2024    132      19     50        3.95     5.277
2024    132      19     55        2.50     5.442
2024    132      20      0        2.82     5.373
2024    132      20      5        4.93     5.268
2024    132      20     10        7.17     5.289
2024    132      20     15        4.93     5.284
2024    132      20     20        4.36     5.370
2024    132      20     25        8.81     5.365
2024    132      20     30       12.01     5.314
2024    132      20     35       10.34     5.170
2024    132      20     40       15.47     5.230
2024    132      20     45       16.14     5.201
2024    132      20     50       17.67     5.118
2024    132      20     55       18.68     5.006
2024    132      21      0       15.21     5.141
2024    132      21      5       10.47     5.281
2024    132      21     10       10.74     5.259
2024    132      21     15        9.27     5.326
2024    132      21     20        4.98     5.579
2024    132      21     25        4.59     5.557
2024    132      21     30        4.54     5.654
2024    132      21     35        2.39     5.782
2024    132      21     40        2.62     5.675
2024    132      21     45        3.10     5.834
2024    132      21     50        1.06     6.011
2024    132      21     55        0.99     6.011
2024    132      22      0        1.19     6.097
2024    132      22      5        0.65     6.135
2024    132      22     10        0.36     6.262
2024    132      22     15        8.50     9.508
2024    132      22     20       10.19     9.391
2024    132      22     25        2.41     9.706
2024    132      22     30        2.29     9.814
2024    132      22     35        2.31     9.996
2024    132      22     40        1.44    10.275
2024    132      22     45        1.11    10.374
2024    132      22     50        0.72    10.335
2024    132      22     55        0.99    10.177
2024    132      23      0        1.45    10.023
2024    132      23      5        5.17     9.867
2024    132      23     10        3.04    10.172
2024    132      23     15        1.36    10.160
2024    132      23     20        0.65    10.225
2024    132      23     25        0.38    10.305
2024    132      23     30        0.39    10.395
2024    132      23     35        0.24     6.387
2024    132      23     40        0.27    10.497
2024    132      23     45        0.23    10.522
2024    132      23     50        0.00    13.416
2024    132      23     55        0.00    13.416
2024    133       0      0        0.25    10.633
2024    133       0      5        0.00    13.416
2024    133       0     10        0.00    13.416
2024    133       0     15        0.00    13.416
2024    133       0     20        0.00    13.416
2024    133       0     25        0.00    13.416
2024    133       0     30        0.00    13.416
2024    133       0     35        0.00    13.416
2024    133       0     40        0.00    13.416
2024    133       0     45        0.00    13.416
2024    133       0     50        0.00    13.416
2024    133       0     55        0.10    10.310
2024    133       1      0        0.11     6.636
2024    133       1      5        0.53     6.189
2024    133       1     10        1.24     6.110
2024    133       1     15        5.18     6.037
2024    133       1     20       48.46     5.906
2024    133       1     25       55.29     5.754
2024    133       1     30       37.02     5.617
2024    133       1     35       24.70     5.895
2024    133       1     40       14.66     5.940
2024    133       1     45        9.16     6.013
2024    133       1     50        2.90     6.093
2024    133       1     55        1.99     6.008
2024    133       2      0        1.85     6.098
2024    133       2      5        4.12     6.138
2024    133       2     10        7.89     6.025
2024    133       2     15        1.82     6.059
2024    133       2     20        3.83     6.025
2024    133       2     25        2.25     6.064
2024    133       2     30        1.68     6.031
2024    133       2     35        2.60     5.991
2024    133       2     40       13.64     5.906
2024    133       2     45       59.23     5.827
2024    133       2     50       49.38     5.787
2024    133       2     55       72.58     5.781
2024    133       3      0        5.71     5.895
2024    133       3      5        2.62     5.974
2024    133       3     10        1.26     6.053
2024    133       3     15        0.56     6.172
2024    133       3     20        0.18     6.450
2024    133       3     25        0.00    13.416
2024    133       3     30        0.00    13.416
2024    133       3     35        0.00    13.416
2024    133       3     40        0.00    13.416
2024    133       3     45        0.00    13.416
2024    133       3     50        0.00    13.416
2024    133       3     55        0.00    13.416
2024    133       4      0        0.52    10.094
2024    133       4      5        0.51     6.635
2024    133       4     10        0.98     6.480
2024    133       4     15        0.47     9.756
2024    133       4     20        0.00    13.416
2024    133       4     25        0.00    13.416
2024    133       4     30        0.00    13.416
2024    133       4     35        0.00    13.416
2024    133       4     40        0.00    13.416
2024    133       4     45        0.00    13.416
2024    133       4     50        0.00    13.416
2024    133       4     55        0.00    13.416
2024    133       5      0        0.00    13.416
2024    133       5      5        0.00    13.416
2024    133       5     10        0.00    13.416
2024    133       5     15        0.00    13.416
2024    133       5     20        0.00    13.416
2024    133       5     25        0.00    13.416
2024    133       5     30        0.00    13.416
2024    133       5     35        0.00    13.416
2024    133       5     40        0.00    13.416
2024    133       5     45        0.00    13.416
2024    133       5     50        0.00    13.416
2024    133       5     55        0.00    13.416
2024    133       6      0        0.00    13.416
2024    133       6      5        0.00    13.416
2024    133       6     10        0.00    13.416
2024    133       6     15        0.00    13.416
2024    133       6     20        0.00    13.416
2024    133       6     25        0.00    13.416
2024    133       6     30        0.00    13.416
2024    133       6     35        0.00    13.416
2024    133       6     40        0.00    13.416
2024    133       6     45        0.00    13.416
2024    133       6     50        0.00    13.416
2024    133       6     55        0.00    13.416
2024    133       7      0        0.00    13.416
2024    133       7      5        0.00    13.416
2024    133       7     10        0.00    13.416
2024    133       7     15        0.00    13.416
2024    133       7     20        0.00    13.416
2024    133       7     25        0.00    13.416
2024    133       7     30        0.00    13.416
2024    133       7     35        0.00    13.416
2024    133       7     40        0.00    13.416
2024    133       7     45        0.00    13.416
2024    133       7     50        0.00    13.416
2024    133       7     55        0.00    13.416
2024    133       8      0        0.00    13.416
2024    133       8      5        0.00    13.416
2024    133       8     10        0.00    13.416
2024    133       8     15        0.00    13.416
2024    133       8     20        0.00    13.416
2024    133       8     25        0.00    13.416
2024    133       8     30        0.00    13.416
2024    133       8     35        0.00    13.416
2024    133       8     40        0.00    13.416
2024    133       8     45        0.00    13.416
2024    133       8     50        0.00    13.416
2024    133       8     55        0.00    13.416
2024    133       9      0        0.00    13.416
2024    133       9      5        0.00    13.416
2024    133       9     10        0.00    13.416
2024    133       9     15        0.00    13.416
2024    133       9     20        0.00    13.416
2024    133       9     25        0.00    13.416
2024    133       9     30        0.00    13.416
2024    133       9     35        0.21    10.218
2024    133       9     40        0.32    10.012
2024    133       9     45        0.39    10.070
2024    133       9     50        0.39    10.070
2024    133       9     55        0.52     9.934
2024    133      10      0        0.38    10.023
2024    133      10      5        0.39    10.051
2024    133      10     10        0.41    10.090
2024    133      10     15        0.46    10.220
2024    133      10     20        0.47    10.220
2024    133      10     25        0.55    10.319
2024    133      10     30        0.45    10.115
2024    133      10     35        0.52    10.172
2024    133      10     40        0.61    10.196
2024    133      10     45        0.84    10.555
2024    133      10     50        1.00    10.578
2024    133      10     55        0.88    10.747
2024    133      11      0        0.94    10.621
2024    133      11      5        0.96    10.709
2024    133      11     10        1.15    10.502
2024    133      11     15        1.30    10.436
2024    133      11     20        1.17    10.373
2024    133      11     25        1.08    10.564
2024    133      11     30        1.22    10.423
2024    133      11     35        1.18    10.436
2024    133      11     40        1.13    10.562
2024    133      11     45        1.09    10.512
2024    133      11     50        1.09    10.398
2024    133      11     55        1.09    10.360
2024    133      12      0        1.21    10.296
2024    133      12      5        1.20    10.334
2024    133      12     10        1.21    10.271
2024    133      12     15        1.29    10.222
2024    133      12     20        1.38    10.263
2024    133      12     25        1.01    10.538
2024    133      12     30        0.86    10.781
2024    133      12     35        1.08    10.461
2024    133      12     40        1.14    10.424
