X-point locations.
FORMAT:
YEAR    DAY    HOUR    MIN    TOTAL_RATE   LORRENZ_RATE    WINDING_RATE    ALIGNED_RATE    DISTANCE
2024    131      11     35        0.0000        0.0000        0.0000        0.0000    13.416
2024    131      11     40        0.0000        0.0000        0.0000        0.0000    13.416
2024    131      11     45        0.0000        0.0000        0.0000        0.0000    13.416
2024    131      11     50        0.0000        0.0000        0.0000        0.0000    13.416
2024    131      11     55        0.0000        0.0000        0.0000        0.0000    13.416
2024    131      12      0        0.0000        0.0000        0.0000        0.0000    13.416
2024    131      12      5        0.0000        0.0000        0.0000        0.0000    13.416
2024    131      12     10        0.0000        0.0000        0.0000        0.0000    13.416
2024    131      12     15        0.0000        0.0000        0.0000        0.0000    13.416
2024    131      12     20        0.0000        0.0000        0.0000        0.0000    13.416
2024    131      12     25        0.0000        0.0000        0.0000        0.0000    13.416
2024    131      12     30        0.0000        0.0000        0.0000        0.0000    13.416
2024    131      12     35        0.0000        0.0000        0.0000        0.0000    13.416
2024    131      12     40        0.0000        0.0000        0.0000        0.0000    13.416
2024    131      12     45        0.0000        0.0000        0.0000        0.0000    13.416
2024    131      12     50        0.0000        0.0000        0.0000        0.0000    13.416
2024    131      12     55        0.0000        0.0000        0.0000        0.0000    13.416
2024    131      13      0        0.0000        0.0000        0.0000        0.0000    13.416
2024    131      13      5        0.0000        0.0000        0.0000        0.0000    13.416
2024    131      13     10        0.0000        0.0000        0.0000        0.0000    13.416
2024    131      13     15        0.0000        0.0000        0.0000        0.0000    13.416
2024    131      13     20        0.0000        0.0000        0.0000        0.0000    13.416
2024    131      13     25        0.0000        0.0000        0.0000        0.0000    13.416
2024    131      13     30        0.0000        0.0000        0.0000        0.0000    13.416
2024    131      13     35        0.0000        0.0000        0.0000        0.0000    13.416
2024    131      13     40        0.0000        0.0000        0.0000        0.0000    13.416
2024    131      13     45        0.0000        0.0000        0.0000        0.0000    13.416
2024    131      13     50        0.0000        0.0000        0.0000        0.0000    13.416
2024    131      13     55        0.0000        0.0000        0.0000        0.0000    13.416
2024    131      14      0        0.0000        0.0000        0.0000        0.0000    13.416
2024    131      14      5        0.0000        0.0000        0.0000        0.0000    13.416
2024    131      14     10        0.0000        0.0000        0.0000        0.0000    13.416
2024    131      14     15        0.0000        0.0000        0.0000        0.0000    13.416
2024    131      14     20        0.0000        0.0000        0.0000        0.0000    13.416
2024    131      14     25        0.0000        0.0000        0.0000        0.0000    13.416
2024    131      14     30        0.0000        0.0000        0.0000        0.0000    13.416
2024    131      14     35        0.0000        0.0000        0.0000        0.0000    13.416
2024    131      14     40        0.0000        0.0000        0.0000        0.0000    13.416
2024    131      14     45        0.0000        0.0000        0.0000        0.0000    13.416
2024    131      14     50        0.0000        0.0000        0.0000        0.0000    13.416
2024    131      14     55        0.0000        0.0000        0.0000        0.0000    13.416
2024    131      15      0        0.0000        0.0000        0.0000        0.0000    13.416
2024    131      15      5        0.0000        0.0000        0.0000        0.0000    13.416
2024    131      15     10        0.0000        0.0000        0.0000        0.0000    13.416
2024    131      15     15        0.0000        0.0000        0.0000        0.0000    13.416
2024    131      15     20        0.0000        0.0000        0.0000        0.0000    13.416
2024    131      15     25        0.0000        0.0000        0.0000        0.0000    13.416
2024    131      15     30        0.0000        0.0000        0.0000        0.0000    13.416
2024    131      15     35        0.0000        0.0000        0.0000        0.0000    13.416
2024    131      15     40        0.0000        0.0000        0.0000        0.0000    13.416
2024    131      15     45        0.0000        0.0000        0.0000        0.0000    13.416
2024    131      15     50        0.0000        0.0000        0.0000        0.0000    13.416
2024    131      15     55        0.0000        0.0000        0.0000        0.0000    13.416
2024    131      16      0        0.0000        0.0000        0.0000        0.0000    13.416
2024    131      16      5        0.0000        0.0000        0.0000        0.0000    13.416
2024    131      16     10        0.0000        0.0000        0.0000        0.0000    13.416
2024    131      16     15        0.0000        0.0000        0.0000        0.0000    13.416
2024    131      16     20        0.0000        0.0000        0.0000        0.0000    13.416
2024    131      16     25        0.0000        0.0000        0.0000        0.0000    13.416
2024    131      16     30        0.0000        0.0000        0.0000        0.0000    13.416
2024    131      16     35        0.0000        0.0000        0.0000        0.0000    13.416
2024    131      16     40        0.0000        0.0000        0.0000        0.0000    13.416
2024    131      16     45        0.0000        0.0000        0.0000        0.0000    13.416
2024    131      16     50        0.0000        0.0000        0.0000        0.0000    13.416
2024    131      16     55        0.0000        0.0000        0.0000        0.0000    13.416
2024    131      17      0        0.0000        0.0000        0.0000        0.0000    13.416
2024    131      17      5        0.0000        0.0000        0.0000        0.0000    13.416
2024    131      17     10        4.1792        0.0000        0.0000        4.1792     8.253
2024    131      17     15        3.0517        0.0000        0.0000        3.0517     8.599
2024    131      17     20        3.8193        0.0000        0.0000        3.8193     8.253
2024    131      17     25        2.1396        0.0000        0.0000        2.1396     8.786
2024    131      17     30        1.4762        0.0000        0.0000        1.4762     9.139
2024    131      17     35        1.3358        0.0000        0.0000        1.3358     9.061
2024    131      17     40        2.9133        0.0000        0.0000        2.9133     8.566
2024    131      17     45        0.9877        0.0000        0.0000        0.9877     8.440
2024    131      17     50        4.1301        0.0000        0.0000        4.1301     7.761
2024    131      17     55        4.7043        0.0000        0.0000        4.7043     7.277
2024    131      18      0        7.8258        0.0000        0.0000        7.8258     6.840
2024    131      18      5        7.4373        0.0000        0.0000        7.4373     6.346
2024    131      18     10       18.0918        0.0000        0.0000       18.0918     5.667
2024    131      18     15       30.6395        0.0000        0.0000       30.6395     5.756
2024    131      18     20       42.3089        0.0000        0.0000       42.3089     5.667
2024    131      18     25      108.9254        0.0000        0.0000      108.9254     5.529
2024    131      18     30      226.2178        0.0000        0.0000      226.2178     5.141
2024    131      18     35      101.0215        0.0000        0.0000      101.0215     4.846
2024    131      18     40       59.1840        0.0000        0.0000       59.1840     4.836
2024    131      18     45       95.4009        0.0000        0.0000       95.4009     4.888
2024    131      18     50       48.6270        0.0000        0.0000       48.6270     4.851
2024    131      18     55       28.0238        0.0000        0.0000       28.0238     4.785
2024    131      19      0       32.9575        0.0000        0.0000       32.9575     4.846
2024    131      19      5       37.9873        0.0000        0.0000       37.9873     4.923
2024    131      19     10       55.5890        0.0000        0.0000       55.5890     4.870
2024    131      19     15       57.3271        0.0000        0.0000       57.3271     4.769
2024    131      19     20       93.6320        0.0000        0.0000       93.6320     4.744
2024    131      19     25       80.3738        0.0000        0.0000       80.3738     4.673
2024    131      19     30       65.6558        0.0000        0.0000       65.6558     4.747
2024    131      19     35       99.3496        0.0000        0.0000       99.3496     4.710
2024    131      19     40       99.2081        0.0000        0.0000       99.2081     4.739
2024    131      19     45       23.9111        0.0000        0.0000       23.9111     4.696
2024    131      19     50      119.2580        0.0000        0.0000      119.2580     4.673
2024    131      19     55       44.3111        0.0000        0.0000       44.3111     4.607
2024    131      20      0       67.0075        0.0000        0.0000       67.0075     4.494
2024    131      20      5      118.8039        0.0000        0.0000      118.8039     4.453
2024    131      20     10       39.9228        0.0000        0.0000       39.9228     4.415
2024    131      20     15       54.7412        0.0000        0.0000       54.7412     4.353
2024    131      20     20       90.2724        0.0000        0.0000       90.2724     4.301
2024    131      20     25       41.4653        0.0000        0.0000       41.4653     4.339
2024    131      20     30       90.4292        0.0000        0.0000       90.4292     4.351
2024    131      20     35       70.7277        0.0000        0.0000       70.7277     4.351
2024    131      20     40       64.9319        0.0000        0.0000       64.9319     4.351
2024    131      20     45       58.5571        0.0000        0.0000       58.5571     4.351
2024    131      20     50        9.7407        0.0000        0.0000        9.7407     4.364
2024    131      20     55       89.1579        0.0000        0.0000       89.1579     4.327
2024    131      21      0      114.0316        0.0000        0.0000      114.0316     4.263
2024    131      21      5       72.6442        0.0000        0.0000       72.6442     4.263
2024    131      21     10       73.4468        0.0000        0.0000       73.4468     4.187
2024    131      21     15       72.0626        0.0000        0.0000       72.0626     4.162
2024    131      21     20       80.6871        0.0000        0.0000       80.6871     4.136
2024    131      21     25       77.8802        0.0000        0.0000       77.8802     4.139
2024    131      21     30       99.4894        0.0000        0.0000       99.4894     4.101
2024    131      21     35       42.5257        0.0000        0.0000       42.5257     4.101
2024    131      21     40       56.5701        0.0000        0.0000       56.5701     4.050
2024    131      21     45       48.1456        0.0000        0.0000       48.1456     4.023
2024    131      21     50       88.1926        0.0000        0.0000       88.1926     4.010
2024    131      21     55      167.2806        0.0000        0.0000      167.2806     4.010
2024    131      22      0       36.2692        0.0000        0.0000       36.2692     4.073
2024    131      22      5      104.3432        0.0000        0.0000      104.3432     4.038
2024    131      22     10      103.8637        0.0000        0.0000      103.8637     4.066
2024    131      22     15       44.3065        0.0000        0.0000       44.3065     3.988
2024    131      22     20       68.7180        0.0000        0.0000       68.7180     3.979
2024    131      22     25       84.0211        0.0000        0.0000       84.0211     3.958
2024    131      22     30       71.6846        0.0000        0.0000       71.6846     3.940
2024    131      22     35       73.0501        0.0000        0.0000       73.0501     3.951
2024    131      22     40       31.7313        0.0000        0.0000       31.7313     3.951
2024    131      22     45      148.4984        0.0000        0.0000      148.4984     3.940
2024    131      22     50       59.8125        0.0000        0.0000       59.8125     3.962
2024    131      22     55       66.9893        0.0000        0.0000       66.9893     3.968
2024    131      23      0       75.4879        0.0000        0.0000       75.4879     3.958
2024    131      23      5        7.7863        0.0000        0.0000        7.7863     3.949
2024    131      23     10       38.4190        0.0000        0.0000       38.4190     3.912
2024    131      23     15       12.7793        0.0000        0.0000       12.7793     3.897
2024    131      23     20       34.9312        0.0000        0.0000       34.9312     3.885
2024    131      23     25        3.5663        0.0000        0.0000        3.5663     3.885
2024    131      23     30       37.0907        0.0000        0.0000       37.0907     3.835
2024    131      23     35        9.6644        0.0000        0.0000        9.6644     3.874
2024    131      23     40       28.8597        0.0000        0.0000       28.8597     3.874
2024    131      23     45        8.4939        0.0000        0.0000        8.4939     3.863
2024    131      23     50       18.7888        0.0000        0.0000       18.7888     3.859
2024    131      23     55       29.7471        0.0000        0.0000       29.7471     3.874
2024    132       0      0       32.8501        0.0000        0.0000       32.8501     3.881
2024    132       0      5       31.7065        0.0000        0.0000       31.7065     3.940
2024    132       0     10        8.0499        0.0000        0.0000        8.0499     3.961
2024    132       0     15       26.3024        0.0000        0.0000       26.3024     3.947
2024    132       0     20       14.6536        0.0000        0.0000       14.6536     3.947
2024    132       0     25       27.6644        0.0000        0.0000       27.6644     3.863
2024    132       0     30       18.3237        0.0000        0.0000       18.3237     3.862
2024    132       0     35       10.9802        0.0000        0.0000       10.9802     3.832
2024    132       0     40       10.9527        0.0000        0.0000       10.9527     3.814
2024    132       0     45       22.6534        0.0000        0.0000       22.6534     3.814
2024    132       0     50       29.4877        0.0000        0.0000       29.4877     3.775
2024    132       0     55       12.0880        0.0000        0.0000       12.0880     3.745
2024    132       1      0       28.7494        0.0000        0.0000       28.7494     3.727
2024    132       1      5       27.0396        0.0000        0.0000       27.0396     3.711
2024    132       1     10        8.5711        0.0000        0.0000        8.5711     3.697
2024    132       1     15       19.2176        0.0000        0.0000       19.2176     3.697
2024    132       1     20       17.0082        0.0000        0.0000       17.0082     3.658
2024    132       1     25        9.3103        0.0000        0.0000        9.3103     3.659
2024    132       1     30        7.4343        0.0000        0.0000        7.4343     3.624
2024    132       1     35       28.7659        0.0000        0.0000       28.7659     3.585
2024    132       1     40       41.4618        0.0000        0.0000       41.4618     3.571
2024    132       1     45       33.2684        0.0000        0.0000       33.2684     3.553
2024    132       1     50       32.6794        0.0000        0.0000       32.6794     3.558
2024    132       1     55       47.8720        0.0000        0.0000       47.8720     3.513
2024    132       2      0       27.5545        0.0000        0.0000       27.5545     3.519
2024    132       2      5       34.0935        0.0000        0.0000       34.0935     3.479
2024    132       2     10       16.5334        0.0000        0.0000       16.5334     3.479
2024    132       2     15       16.0658        0.0000        0.0000       16.0658     3.440
2024    132       2     20       10.7635        0.0000        0.0000       10.7635     3.440
2024    132       2     25        9.5779        0.0000        0.0000        9.5779     3.420
2024    132       2     30       18.8331        0.0000        0.0000       18.8331     3.420
2024    132       2     35       27.5608        0.0000        0.0000       27.5608     3.434
2024    132       2     40       22.5289        0.0000        0.0000       22.5289     3.473
2024    132       2     45        4.0691        0.0000        0.0000        4.0691     3.525
2024    132       2     50       20.8705        0.0000        0.0000       20.8705     3.564
2024    132       2     55       20.3274        0.0000        0.0000       20.3274     3.564
2024    132       3      0       10.3622        0.0000        0.0000       10.3622     3.604
2024    132       3      5       32.8078        0.0000        0.0000       32.8078     3.617
2024    132       3     10       11.4838        0.0000        0.0000       11.4838     3.657
2024    132       3     15       16.9877        0.0000        0.0000       16.9877     3.664
2024    132       3     20       20.9806        0.0000        0.0000       20.9806     3.664
2024    132       3     25       17.8434        0.0000        0.0000       17.8434     3.643
2024    132       3     30       45.7406        0.0000        0.0000       45.7406     3.677
2024    132       3     35       15.2864        0.0000        0.0000       15.2864     3.727
2024    132       3     40       22.4900        0.0000        0.0000       22.4900     3.736
2024    132       3     45       23.1112        0.0000        0.0000       23.1112     3.775
2024    132       3     50       25.9538        0.0000        0.0000       25.9538     3.814
2024    132       3     55       42.1471        0.0000        0.0000       42.1471     3.797
2024    132       4      0       45.7540        0.0000        0.0000       45.7540     3.797
2024    132       4      5       30.4311        0.0000        0.0000       30.4311     3.789
2024    132       4     10       57.9184        0.0000        0.0000       57.9184     3.775
2024    132       4     15       63.9047        0.0000        0.0000       63.9047     3.808
2024    132       4     20       68.3721        0.0000        0.0000       68.3721     3.762
2024    132       4     25       61.8927        0.0000        0.0000       61.8927     3.762
2024    132       4     30       48.3423        0.0000        0.0000       48.3423     3.741
2024    132       4     35       97.2906        0.0000        0.0000       97.2906     3.786
2024    132       4     40       62.7544        0.0000        0.0000       62.7544     3.774
2024    132       4     45       50.3696        0.0000        0.0000       50.3696     3.734
2024    132       4     50       80.8045        0.0000        0.0000       80.8045     3.770
2024    132       4     55      188.9540        0.0000        0.0000      188.9540     3.810
2024    132       5      0       67.6279        0.0000        0.0000       67.6279     3.857
2024    132       5      5       23.1232        0.0000        0.0000       23.1232     3.853
2024    132       5     10       56.2321        0.0000        0.0000       56.2321     3.893
2024    132       5     15       75.3692        0.0000        0.0000       75.3692     3.850
2024    132       5     20       35.9787        0.0000        0.0000       35.9787     3.893
2024    132       5     25       25.8101        0.0000        0.0000       25.8101     3.890
2024    132       5     30       81.0602        0.0000        0.0000       81.0602     3.930
2024    132       5     35       32.7294        0.0000        0.0000       32.7294     3.927
2024    132       5     40       42.7553        0.0000        0.0000       42.7553     3.925
2024    132       5     45       47.2998        0.0000        0.0000       47.2998     3.970
2024    132       5     50       30.1201        0.0000        0.0000       30.1201     3.933
2024    132       5     55       26.9846        0.0000        0.0000       26.9846     3.973
2024    132       6      0       44.3295        0.0000        0.0000       44.3295     3.980
2024    132       6      5       34.2863        0.0000        0.0000       34.2863     3.989
2024    132       6     10       17.3161        0.0000        0.0000       17.3161     3.984
2024    132       6     15       44.4629        0.0000        0.0000       44.4629     3.980
2024    132       6     20       85.3695        0.0000        0.0000       85.3695     3.976
2024    132       6     25       13.9271        0.0000        0.0000       13.9271     3.937
2024    132       6     30      206.7874        0.0000        0.0000      206.7874     3.910
2024    132       6     35       23.5428        0.0000        0.0000       23.5428     3.897
2024    132       6     40      102.5447        0.0000        0.0000      102.5447     3.861
2024    132       6     45       50.6658        0.0000        0.0000       50.6658     3.861
2024    132       6     50       29.3909        0.0000        0.0000       29.3909     3.865
2024    132       6     55       53.7226        0.0000        0.0000       53.7226     3.825
2024    132       7      0       71.8275        0.0000        0.0000       71.8275     3.821
2024    132       7      5       59.7252        0.0000        0.0000       59.7252     3.746
2024    132       7     10       44.3216        0.0000        0.0000       44.3216     3.746
2024    132       7     15       49.2138        0.0000        0.0000       49.2138     3.706
2024    132       7     20       98.5501        0.0000        0.0000       98.5501     3.672
2024    132       7     25      128.7623        0.0000        0.0000      128.7623     3.677
2024    132       7     30       59.5776        0.0000        0.0000       59.5776     3.689
2024    132       7     35       94.7987        0.0000        0.0000       94.7987     3.689
2024    132       7     40       95.8896        0.0000        0.0000       95.8896     3.703
2024    132       7     45       58.1625        0.0000        0.0000       58.1625     3.742
2024    132       7     50       83.1475        0.0000        0.0000       83.1475     3.742
2024    132       7     55       83.1375        0.0000        0.0000       83.1375     3.768
2024    132       8      0       70.1424        0.0000        0.0000       70.1424     3.789
2024    132       8      5       84.5394        0.0000        0.0000       84.5394     3.814
2024    132       8     10       79.1838        0.0000        0.0000       79.1838     3.832
2024    132       8     15       61.1865        0.0000        0.0000       61.1865     3.823
2024    132       8     20       86.3060        0.0000        0.0000       86.3060     3.842
2024    132       8     25       76.3426        0.0000        0.0000       76.3426     3.832
2024    132       8     30       74.5580        0.0000        0.0000       74.5580     3.871
2024    132       8     35      126.6731        0.0000        0.0000      126.6731     3.871
2024    132       8     40      119.1952        0.0000        0.0000      119.1952     3.910
2024    132       8     45      151.0286        0.0000        0.0000      151.0286     3.863
2024    132       8     50      125.7600        0.0000        0.0000      125.7600     3.891
2024    132       8     55       71.4461        0.0000        0.0000       71.4461     3.863
2024    132       9      0      106.6048        0.0000        0.0000      106.6048     3.863
2024    132       9      5      102.6464        0.0000        0.0000      102.6464     3.891
2024    132       9     10      121.3227        0.0000        0.0000      121.3227     3.901
2024    132       9     15      101.1274        0.0000        0.0000      101.1274     3.940
2024    132       9     20       85.4475        0.0000        0.0000       85.4475     3.929
2024    132       9     25       50.1468        0.0000        0.0000       50.1468     3.978
2024    132       9     30       91.9465        0.0000        0.0000       91.9465     3.951
2024    132       9     35       79.1692        0.0000        0.0000       79.1692     3.929
2024    132       9     40       39.6481        0.0000        0.0000       39.6481     3.962
2024    132       9     45       55.9334        0.0000        0.0000       55.9334     3.962
2024    132       9     50      115.0702        0.0000        0.0000      115.0702     3.989
2024    132       9     55       68.7634        0.0000        0.0000       68.7634     4.028
2024    132      10      0       77.0259        0.0000        0.0000       77.0259     3.989
2024    132      10      5      107.1964        0.0000        0.0000      107.1964     4.000
2024    132      10     10       86.3582        0.0000        0.0000       86.3582     4.000
2024    132      10     15       90.1313        0.0000        0.0000       90.1313     3.962
2024    132      10     20       61.3719        0.0000        0.0000       61.3719     3.973
2024    132      10     25       55.4634        0.0000        0.0000       55.4634     3.973
2024    132      10     30       73.4599        0.0000        0.0000       73.4599     3.985
2024    132      10     35       39.2737        0.0000        0.0000       39.2737     3.985
2024    132      10     40       76.7516        0.0000        0.0000       76.7516     3.959
2024    132      10     45       99.7247        0.0000        0.0000       99.7247     3.934
2024    132      10     50      105.2759        0.0000        0.0000      105.2759     3.973
2024    132      10     55      110.7013        0.0000        0.0000      110.7013     3.972
2024    132      11      0      113.7540        0.0000        0.0000      113.7540     4.035
2024    132      11      5       88.8334        0.0000        0.0000       88.8334     4.061
2024    132      11     10      102.8954        0.0000        0.0000      102.8954     4.125
2024    132      11     15       53.6522        0.0000        0.0000       53.6522     4.153
2024    132      11     20       57.7545        0.0000        0.0000       57.7545     4.153
2024    132      11     25       65.3690        0.0000        0.0000       65.3690     4.182
2024    132      11     30       17.6986        0.0000        0.0000       17.6986     4.331
2024    132      11     35       59.4781        0.0000        0.0000       59.4781     4.317
2024    132      11     40       51.2843        0.0000        0.0000       51.2843     4.345
2024    132      11     45        4.1572        0.0000        0.0000        4.1572     4.434
2024    132      11     50       40.5658        0.0000        0.0000       40.5658     4.397
2024    132      11     55       46.4849        0.0000        0.0000       46.4849     4.339
2024    132      12      0       30.9266        0.0000        0.0000       30.9266     4.302
2024    132      12      5       25.5260        0.0000        0.0000       25.5260     4.228
2024    132      12     10       44.2948        0.0000        0.0000       44.2948     4.176
2024    132      12     15       38.8363        0.0000        0.0000       38.8363     4.155
2024    132      12     20       20.1962        0.0000        0.0000       20.1962     4.171
2024    132      12     25       29.5989        0.0000        0.0000       29.5989     4.171
2024    132      12     30       37.5454        0.0000        0.0000       37.5454     4.118
2024    132      12     35       36.7852        0.0000        0.0000       36.7852     4.118
2024    132      12     40        9.3344        0.0000        0.0000        9.3344     4.171
2024    132      12     45       26.1155        0.0000        0.0000       26.1155     4.171
2024    132      12     50       25.9928        0.0000        0.0000       25.9928     4.152
2024    132      12     55       34.4730        0.0000        0.0000       34.4730     4.135
2024    132      13      0       29.0814        0.0000        0.0000       29.0814     4.171
2024    132      13      5        3.5530        0.0000        0.0000        3.5530     4.188
2024    132      13     10       31.6587        0.0000        0.0000       31.6587     4.135
2024    132      13     15        8.8941        0.0000        0.0000        8.8941     4.152
2024    132      13     20        3.7776        0.0000        0.0000        3.7776     4.152
2024    132      13     25       31.4106        0.0000        0.0000       31.4106     4.079
2024    132      13     30       15.7800        0.0000        0.0000       15.7800     4.098
2024    132      13     35       15.2831        0.0000        0.0000       15.2831     4.079
2024    132      13     40        7.1306        0.0000        0.0000        7.1306     4.097
2024    132      13     45       14.5224        0.0000        0.0000       14.5224     4.079
2024    132      13     50       24.6199        0.0000        0.0000       24.6199     4.061
2024    132      13     55        6.9468        0.0000        0.0000        6.9468     4.114
2024    132      14      0       16.0633        0.0000        0.0000       16.0633     4.114
2024    132      14      5        7.9648        0.0000        0.0000        7.9648     4.132
2024    132      14     10       17.8626        0.0000        0.0000       17.8626     4.133
2024    132      14     15        9.1790        0.0000        0.0000        9.1790     4.151
2024    132      14     20       15.3561        0.0000        0.0000       15.3561     4.150
2024    132      14     25       16.5493        0.0000        0.0000       16.5493     4.150
2024    132      14     30       20.3720        0.0000        0.0000       20.3720     4.151
2024    132      14     35       17.7293        0.0000        0.0000       17.7293     4.186
2024    132      14     40        0.8534        0.0000        0.0000        0.8534     4.240
2024    132      14     45        3.3983        0.0000        0.0000        3.3983     4.240
2024    132      14     50       13.5312        0.0000        0.0000       13.5312     4.222
2024    132      14     55       11.7792        0.0000        0.0000       11.7792     4.222
2024    132      15      0       16.0938        0.0000        0.0000       16.0938     4.204
2024    132      15      5       13.2895        0.0000        0.0000       13.2895     4.222
2024    132      15     10       15.8254        0.0000        0.0000       15.8254     4.261
2024    132      15     15       17.8349        0.0000        0.0000       17.8349     4.297
2024    132      15     20       10.1465        0.0000        0.0000       10.1465     4.334
2024    132      15     25        6.5116        0.0000        0.0000        6.5116     4.370
2024    132      15     30       23.8335        0.0000        0.0000       23.8335     4.350
2024    132      15     35       14.4342        0.0000        0.0000       14.4342     4.386
2024    132      15     40       12.3813        0.0000        0.0000       12.3813     4.403
2024    132      15     45       13.9823        0.0000        0.0000       13.9823     4.403
2024    132      15     50       14.4379        0.0000        0.0000       14.4379     4.407
2024    132      15     55       14.2106        0.0000        0.0000       14.2106     4.420
2024    132      16      0       24.4809        0.0000        0.0000       24.4809     4.423
2024    132      16      5       25.6450        0.0000        0.0000       25.6450     4.407
2024    132      16     10       28.7891        0.0000        0.0000       28.7891     4.423
2024    132      16     15       13.0884        0.0000        0.0000       13.0884     4.423
2024    132      16     20       28.9631        0.0000        0.0000       28.9631     4.370
2024    132      16     25       16.3039        0.0000        0.0000       16.3039     4.443
2024    132      16     30       28.5099        0.0000        0.0000       28.5099     4.443
2024    132      16     35       35.1892        0.0000        0.0000       35.1892     4.480
2024    132      16     40       31.4082        0.0000        0.0000       31.4082     4.496
2024    132      16     45       24.5797        0.0000        0.0000       24.5797     4.602
2024    132      16     50       10.7856        0.0000        0.0000       10.7856     4.655
2024    132      16     55       25.2595        0.0000        0.0000       25.2595     4.675
2024    132      17      0       15.4791        0.0000        0.0000       15.4791     4.727
2024    132      17      5       37.6513        0.0000        0.0000       37.6513     4.711
2024    132      17     10       18.6642        0.0000        0.0000       18.6642     4.727
2024    132      17     15       29.3134        0.0000        0.0000       29.3134     4.691
2024    132      17     20       28.8908        0.0000        0.0000       28.8908     4.691
2024    132      17     25       21.1916        0.0000        0.0000       21.1916     4.761
2024    132      17     30       24.4146        0.0000        0.0000       24.4146     4.833
2024    132      17     35        9.3965        0.0000        0.0000        9.3965     4.939
2024    132      17     40       23.0103        0.0000        0.0000       23.0103     5.012
2024    132      17     45        9.4346        0.0000        0.0000        9.4346     5.118
2024    132      17     50       17.9256        0.0000        0.0000       17.9256     5.211
2024    132      17     55       12.3005        0.0000        0.0000       12.3005     5.390
2024    132      18      0        9.2455        0.0000        0.0000        9.2455     5.495
2024    132      18      5        4.1348        0.0000        0.0000        4.1348     5.621
2024    132      18     10        6.1674        0.0000        0.0000        6.1674     5.585
2024    132      18     15        2.5644        0.0000        0.0000        2.5644     5.731
2024    132      18     20        3.8884        0.0000        0.0000        3.8884     5.568
2024    132      18     25        7.4495        0.0000        0.0000        7.4495     5.370
2024    132      18     30        6.6948        0.0000        0.0000        6.6948     5.208
2024    132      18     35        5.7136        0.0000        0.0000        5.7136     5.135
2024    132      18     40        7.7547        0.0000        0.0000        7.7547     5.118
2024    132      18     45        8.5284        0.0000        0.0000        8.5284     5.046
2024    132      18     50        8.0648        0.0000        0.0000        8.0648     5.118
2024    132      18     55        7.1230        0.0000        0.0000        7.1230     5.191
2024    132      19      0       11.6406        0.0000        0.0000       11.6406     5.118
2024    132      19      5        8.7859        0.0000        0.0000        8.7859     5.121
2024    132      19     10       14.0030        0.0000        0.0000       14.0030     5.016
2024    132      19     15       14.6081        0.0000        0.0000       14.6081     4.996
2024    132      19     20       17.4359        0.0000        0.0000       17.4359     4.956
2024    132      19     25        9.9534        0.0000        0.0000        9.9534     4.939
2024    132      19     30       15.3926        0.0000        0.0000       15.3926     4.902
2024    132      19     35       14.2608        0.0000        0.0000       14.2608     4.902
2024    132      19     40        9.4009        0.0000        0.0000        9.4009     5.027
2024    132      19     45       10.5041        0.0000        0.0000       10.5041     5.063
2024    132      19     50        5.1559        0.0000        0.0000        5.1559     5.277
2024    132      19     55        4.5744        0.0000        0.0000        4.5744     5.442
2024    132      20      0        6.6572        0.0000        0.0000        6.6572     5.373
2024    132      20      5       10.4054        0.0000        0.0000       10.4054     5.268
2024    132      20     10       10.1095        0.0000        0.0000       10.1095     5.289
2024    132      20     15       12.6596        0.0000        0.0000       12.6596     5.284
2024    132      20     20        8.8707        0.0000        0.0000        8.8707     5.370
2024    132      20     25       11.8736        0.0000        0.0000       11.8736     5.365
2024    132      20     30       13.1982        0.0000        0.0000       13.1982     5.314
2024    132      20     35       25.6494        0.0000        0.0000       25.6494     5.170
2024    132      20     40       12.6273        0.0000        0.0000       12.6273     5.230
2024    132      20     45       14.6680        0.0000        0.0000       14.6680     5.201
2024    132      20     50       17.2304        0.0000        0.0000       17.2304     5.118
2024    132      20     55       15.5837        0.0000        0.0000       15.5837     5.006
2024    132      21      0       18.9626        0.0000        0.0000       18.9626     5.141
2024    132      21      5       10.3579        0.0000        0.0000       10.3579     5.281
2024    132      21     10       11.4255        0.0000        0.0000       11.4255     5.259
2024    132      21     15        9.7468        0.0000        0.0000        9.7468     5.326
2024    132      21     20        4.6007        0.0000        0.0000        4.6007     5.579
2024    132      21     25        9.2995        0.0000        0.0000        9.2995     5.557
2024    132      21     30        8.8590        0.0000        0.0000        8.8590     5.654
2024    132      21     35        4.6365        0.0000        0.0000        4.6365     5.782
2024    132      21     40        6.6045        0.0000        0.0000        6.6045     5.675
2024    132      21     45        2.6653        0.0000        0.0000        2.6653     5.834
2024    132      21     50        1.6800        0.0000        0.0000        1.6800     6.011
2024    132      21     55        1.3442        0.0000        0.0000        1.3442     6.011
2024    132      22      0        0.9342        0.0000        0.0000        0.9342     6.097
2024    132      22      5        0.5287        0.0000        0.0000        0.5287     6.135
2024    132      22     10        0.5518        0.0000        0.0000        0.5518     6.262
2024    132      22     15       10.9757        0.0000        0.0000       10.9757     9.508
2024    132      22     20       11.5812        0.0000        0.0000       11.5812     9.391
2024    132      22     25        4.3778        0.0000        0.0000        4.3778     9.706
2024    132      22     30        3.4915        0.0000        0.0000        3.4915     9.814
2024    132      22     35        2.6306        0.0000        0.0000        2.6306     9.996
2024    132      22     40        0.0853        0.0000        0.0000        0.0853    10.275
2024    132      22     45        1.6449        0.0000        0.0000        1.6449    10.374
2024    132      22     50        2.9699        0.0000        0.0000        2.9699    10.335
2024    132      22     55        2.9463        0.0000        0.0000        2.9463    10.177
2024    132      23      0        3.0241        0.0000        0.0000        3.0241    10.023
2024    132      23      5        1.5645        0.0000        0.0000        1.5645     9.867
2024    132      23     10        6.3892        0.0000        0.0000        6.3892    10.172
2024    132      23     15        4.4141        0.0000        0.0000        4.4141    10.160
2024    132      23     20        2.5540        0.0000        0.0000        2.5540    10.225
2024    132      23     25        2.0325        0.0000        0.0000        2.0325    10.305
2024    132      23     30        1.8299        0.0000        0.0000        1.8299    10.395
2024    132      23     35        0.5301        0.0000        0.0000        0.5301     6.387
2024    132      23     40        1.5082        0.0000        0.0000        1.5082    10.497
2024    132      23     45        1.4480        0.0000        0.0000        1.4480    10.522
2024    132      23     50        0.0000        0.0000        0.0000        0.0000    13.416
2024    132      23     55        0.0000        0.0000        0.0000        0.0000    13.416
2024    133       0      0        1.3913        0.0000        0.0000        1.3913    10.633
2024    133       0      5        0.0000        0.0000        0.0000        0.0000    13.416
2024    133       0     10        0.0000        0.0000        0.0000        0.0000    13.416
2024    133       0     15        0.0000        0.0000        0.0000        0.0000    13.416
2024    133       0     20        0.0000        0.0000        0.0000        0.0000    13.416
2024    133       0     25        0.0000        0.0000        0.0000        0.0000    13.416
2024    133       0     30        0.0000        0.0000        0.0000        0.0000    13.416
2024    133       0     35        0.0000        0.0000        0.0000        0.0000    13.416
2024    133       0     40        0.0000        0.0000        0.0000        0.0000    13.416
2024    133       0     45        0.0000        0.0000        0.0000        0.0000    13.416
2024    133       0     50        0.0000        0.0000        0.0000        0.0000    13.416
2024    133       0     55        0.8233        0.0000        0.0000        0.8233    10.310
2024    133       1      0        0.5492        0.0000        0.0000        0.5492     6.636
2024    133       1      5        1.1498        0.0000        0.0000        1.1498     6.189
2024    133       1     10        0.6522        0.0000        0.0000        0.6522     6.110
2024    133       1     15        1.4043        0.0000        0.0000        1.4043     6.037
2024    133       1     20       16.9084        0.0000        0.0000       16.9084     5.906
2024    133       1     25       47.6049        0.0000        0.0000       47.6049     5.754
2024    133       1     30       80.8528        0.0000        0.0000       80.8528     5.617
2024    133       1     35       11.7616        0.0000        0.0000       11.7616     5.895
2024    133       1     40        1.8911        0.0000        0.0000        1.8911     5.940
2024    133       1     45        2.4907        0.0000        0.0000        2.4907     6.013
2024    133       1     50        1.3926        0.0000        0.0000        1.3926     6.093
2024    133       1     55        4.7426        0.0000        0.0000        4.7426     6.008
2024    133       2      0        1.7382        0.0000        0.0000        1.7382     6.098
2024    133       2      5        1.7917        0.0000        0.0000        1.7917     6.138
2024    133       2     10        4.9519        0.0000        0.0000        4.9519     6.025
2024    133       2     15        4.0276        0.0000        0.0000        4.0276     6.059
2024    133       2     20        7.2999        0.0000        0.0000        7.2999     6.025
2024    133       2     25        3.4446        0.0000        0.0000        3.4446     6.064
2024    133       2     30        3.1857        0.0000        0.0000        3.1857     6.031
2024    133       2     35        2.9719        0.0000        0.0000        2.9719     5.991
2024    133       2     40       16.1409        0.0000        0.0000       16.1409     5.906
2024    133       2     45       56.9095        0.0000        0.0000       56.9095     5.827
2024    133       2     50       50.0784        0.0000        0.0000       50.0784     5.787
2024    133       2     55       48.6799        0.0000        0.0000       48.6799     5.781
2024    133       3      0        9.4240        0.0000        0.0000        9.4240     5.895
2024    133       3      5        4.9366        0.0000        0.0000        4.9366     5.974
2024    133       3     10        2.4993        0.0000        0.0000        2.4993     6.053
2024    133       3     15        1.4904        0.0000        0.0000        1.4904     6.172
2024    133       3     20        0.7097        0.0000        0.0000        0.7097     6.450
2024    133       3     25        0.0000        0.0000        0.0000        0.0000    13.416
2024    133       3     30        0.0000        0.0000        0.0000        0.0000    13.416
2024    133       3     35        0.0000        0.0000        0.0000        0.0000    13.416
2024    133       3     40        0.0000        0.0000        0.0000        0.0000    13.416
2024    133       3     45        0.0000        0.0000        0.0000        0.0000    13.416
2024    133       3     50        0.0000        0.0000        0.0000        0.0000    13.416
2024    133       3     55        0.0000        0.0000        0.0000        0.0000    13.416
2024    133       4      0        1.3064        0.0000        0.0000        1.3064    10.094
2024    133       4      5        1.0460        0.0000        0.0000        1.0460     6.635
2024    133       4     10        1.7859        0.0000        0.0000        1.7859     6.480
2024    133       4     15        1.1780        0.0000        0.0000        1.1780     9.756
2024    133       4     20        0.0000        0.0000        0.0000        0.0000    13.416
2024    133       4     25        0.0000        0.0000        0.0000        0.0000    13.416
2024    133       4     30        0.0000        0.0000        0.0000        0.0000    13.416
2024    133       4     35        0.0000        0.0000        0.0000        0.0000    13.416
2024    133       4     40        0.0000        0.0000        0.0000        0.0000    13.416
2024    133       4     45        0.0000        0.0000        0.0000        0.0000    13.416
2024    133       4     50        0.0000        0.0000        0.0000        0.0000    13.416
2024    133       4     55        0.0000        0.0000        0.0000        0.0000    13.416
2024    133       5      0        0.0000        0.0000        0.0000        0.0000    13.416
2024    133       5      5        0.0000        0.0000        0.0000        0.0000    13.416
2024    133       5     10        0.0000        0.0000        0.0000        0.0000    13.416
2024    133       5     15        0.0000        0.0000        0.0000        0.0000    13.416
2024    133       5     20        0.0000        0.0000        0.0000        0.0000    13.416
2024    133       5     25        0.0000        0.0000        0.0000        0.0000    13.416
2024    133       5     30        0.0000        0.0000        0.0000        0.0000    13.416
2024    133       5     35        0.0000        0.0000        0.0000        0.0000    13.416
2024    133       5     40        0.0000        0.0000        0.0000        0.0000    13.416
2024    133       5     45        0.0000        0.0000        0.0000        0.0000    13.416
2024    133       5     50        0.0000        0.0000        0.0000        0.0000    13.416
2024    133       5     55        0.0000        0.0000        0.0000        0.0000    13.416
2024    133       6      0        0.0000        0.0000        0.0000        0.0000    13.416
2024    133       6      5        0.0000        0.0000        0.0000        0.0000    13.416
2024    133       6     10        0.0000        0.0000        0.0000        0.0000    13.416
2024    133       6     15        0.0000        0.0000        0.0000        0.0000    13.416
2024    133       6     20        0.0000        0.0000        0.0000        0.0000    13.416
2024    133       6     25        0.0000        0.0000        0.0000        0.0000    13.416
2024    133       6     30        0.0000        0.0000        0.0000        0.0000    13.416
2024    133       6     35        0.0000        0.0000        0.0000        0.0000    13.416
2024    133       6     40        0.0000        0.0000        0.0000        0.0000    13.416
2024    133       6     45        0.0000        0.0000        0.0000        0.0000    13.416
2024    133       6     50        0.0000        0.0000        0.0000        0.0000    13.416
2024    133       6     55        0.0000        0.0000        0.0000        0.0000    13.416
2024    133       7      0        0.0000        0.0000        0.0000        0.0000    13.416
2024    133       7      5        0.0000        0.0000        0.0000        0.0000    13.416
2024    133       7     10        0.0000        0.0000        0.0000        0.0000    13.416
2024    133       7     15        0.0000        0.0000        0.0000        0.0000    13.416
2024    133       7     20        0.0000        0.0000        0.0000        0.0000    13.416
2024    133       7     25        0.0000        0.0000        0.0000        0.0000    13.416
2024    133       7     30        0.0000        0.0000        0.0000        0.0000    13.416
2024    133       7     35        0.0000        0.0000        0.0000        0.0000    13.416
2024    133       7     40        0.0000        0.0000        0.0000        0.0000    13.416
2024    133       7     45        0.0000        0.0000        0.0000        0.0000    13.416
2024    133       7     50        0.0000        0.0000        0.0000        0.0000    13.416
2024    133       7     55        0.0000        0.0000        0.0000        0.0000    13.416
2024    133       8      0        0.0000        0.0000        0.0000        0.0000    13.416
2024    133       8      5        0.0000        0.0000        0.0000        0.0000    13.416
2024    133       8     10        0.0000        0.0000        0.0000        0.0000    13.416
2024    133       8     15        0.0000        0.0000        0.0000        0.0000    13.416
2024    133       8     20        0.0000        0.0000        0.0000        0.0000    13.416
2024    133       8     25        0.0000        0.0000        0.0000        0.0000    13.416
2024    133       8     30        0.0000        0.0000        0.0000        0.0000    13.416
2024    133       8     35        0.0000        0.0000        0.0000        0.0000    13.416
2024    133       8     40        0.0000        0.0000        0.0000        0.0000    13.416
2024    133       8     45        0.0000        0.0000        0.0000        0.0000    13.416
2024    133       8     50        0.0000        0.0000        0.0000        0.0000    13.416
2024    133       8     55        0.0000        0.0000        0.0000        0.0000    13.416
2024    133       9      0        0.0000        0.0000        0.0000        0.0000    13.416
2024    133       9      5        0.0000        0.0000        0.0000        0.0000    13.416
2024    133       9     10        0.0000        0.0000        0.0000        0.0000    13.416
2024    133       9     15        0.0000        0.0000        0.0000        0.0000    13.416
2024    133       9     20        0.0000        0.0000        0.0000        0.0000    13.416
2024    133       9     25        0.0000        0.0000        0.0000        0.0000    13.416
2024    133       9     30        0.0000        0.0000        0.0000        0.0000    13.416
2024    133       9     35        1.0212        0.0000        0.0000        1.0212    10.218
2024    133       9     40        1.1819        0.0000        0.0000        1.1819    10.012
2024    133       9     45        1.5106        0.0000        0.0000        1.5106    10.070
2024    133       9     50        1.6426        0.0000        0.0000        1.6426    10.070
2024    133       9     55        1.2637        0.0000        0.0000        1.2637     9.934
2024    133      10      0        1.2032        0.0000        0.0000        1.2032    10.023
2024    133      10      5        1.2472        0.0000        0.0000        1.2472    10.051
2024    133      10     10        1.3725        0.0000        0.0000        1.3725    10.090
2024    133      10     15        1.5590        0.0000        0.0000        1.5590    10.220
2024    133      10     20        1.4741        0.0000        0.0000        1.4741    10.220
2024    133      10     25        1.3931        0.0000        0.0000        1.3931    10.319
2024    133      10     30        1.3853        0.0000        0.0000        1.3853    10.115
2024    133      10     35        1.6569        0.0000        0.0000        1.6569    10.172
2024    133      10     40        1.6654        0.0000        0.0000        1.6654    10.196
2024    133      10     45        0.7447        0.0000        0.0000        0.7447    10.555
2024    133      10     50        0.2203        0.0000        0.0000        0.2203    10.578
2024    133      10     55        0.2973        0.0000        0.0000        0.2973    10.747
2024    133      11      0        0.3026        0.0000        0.0000        0.3026    10.621
2024    133      11      5        0.6371        0.0000        0.0000        0.6371    10.709
2024    133      11     10        1.4550        0.0000        0.0000        1.4550    10.502
2024    133      11     15        2.1379        0.0000        0.0000        2.1379    10.436
2024    133      11     20        1.2001        0.0000        0.0000        1.2001    10.373
2024    133      11     25        1.0210        0.0000        0.0000        1.0210    10.564
2024    133      11     30        1.2815        0.0000        0.0000        1.2815    10.423
2024    133      11     35        1.5422        0.0000        0.0000        1.5422    10.436
2024    133      11     40        1.0790        0.0000        0.0000        1.0790    10.562
2024    133      11     45        0.6772        0.0000        0.0000        0.6772    10.512
2024    133      11     50        0.4666        0.0000        0.0000        0.4666    10.398
2024    133      11     55        0.3899        0.0000        0.0000        0.3899    10.360
2024    133      12      0        0.9098        0.0000        0.0000        0.9098    10.296
2024    133      12      5        0.9615        0.0000        0.0000        0.9615    10.334
2024    133      12     10        0.6786        0.0000        0.0000        0.6786    10.271
2024    133      12     15        0.9391        0.0000        0.0000        0.9391    10.222
2024    133      12     20        1.2478        0.0000        0.0000        1.2478    10.263
2024    133      12     25        0.4202        0.0000        0.0000        0.4202    10.538
2024    133      12     30        0.2590        0.0000        0.0000        0.2590    10.781
2024    133      12     35        0.1586        0.0000        0.0000        0.1586    10.461
2024    133      12     40        0.1361        0.0000        0.0000        0.1361    10.424
2024    133      12     45        0.7724        0.0000        0.0000        0.7724    10.950
2024    133      12     50        0.5253        0.0000        0.0000        0.5253    10.322
2024    133      12     55        0.4874        0.0000        0.0000        0.4874    10.375
2024    133      13      0        0.6441        0.0000        0.0000        0.6441    10.386
2024    133      13      5        0.6546        0.0000        0.0000        0.6546    10.360
2024    133      13     10        0.6888        0.0000        0.0000        0.6888    10.386
2024    133      13     15        0.6345        0.0000        0.0000        0.6345    10.400
2024    133      13     20        0.9253        0.0000        0.0000        0.9253    10.360
2024    133      13     25        0.8303        0.0000        0.0000        0.8303    10.411
2024    133      13     30        0.9712        0.0000        0.0000        0.9712    10.613
2024    133      13     35        1.1051        0.0000        0.0000        1.1051    10.400
2024    133      13     40        0.9963        0.0000        0.0000        0.9963    10.499
2024    133      13     45        1.0749        0.0000        0.0000        1.0749    10.500
2024    133      13     50        0.9913        0.0000        0.0000        0.9913    10.437
2024    133      13     55        0.5255        0.0000        0.0000        0.5255    10.290
2024    133      14      0        0.5256        0.0000        0.0000        0.5256    10.178
2024    133      14      5        0.2365        0.0000        0.0000        0.2365    10.296
2024    133      14     10        0.5336        0.0000        0.0000        0.5336    10.087
2024    133      14     15        0.3225        0.0000        0.0000        0.3225    10.253
2024    133      14     20        0.3099        0.0000        0.0000        0.3099    10.276
2024    133      14     25        0.4655        0.0000        0.0000        0.4655    10.258
2024    133      14     30        0.2430        0.0000        0.0000        0.2430    10.351
2024    133      14     35        0.1475        0.0000        0.0000        0.1475    10.389
2024    133      14     40        0.3183        0.0000        0.0000        0.3183    10.478
2024    133      14     45        0.3343        0.0000        0.0000        0.3343    10.230
2024    133      14     50        0.5988        0.0000        0.0000        0.5988    10.500
2024    133      14     55        0.7400        0.0000        0.0000        0.7400    10.500
2024    133      15      0        0.8731        0.0000        0.0000        0.8731    10.728
2024    133      15      5        0.9567        0.0000        0.0000        0.9567    10.946
2024    133      15     10        0.0000        0.0000        0.0000        0.0000    13.416
2024    133      15     15        0.0000        0.0000        0.0000        0.0000    13.416
2024    133      15     20        0.0000        0.0000        0.0000        0.0000    13.416
2024    133      15     25        1.0939        0.0000        0.0000        1.0939    10.502
2024    133      15     30        1.0118        0.0000        0.0000        1.0118    10.500
2024    133      15     35        0.0000        0.0000        0.0000        0.0000    13.416
2024    133      15     40        1.1283        0.0000        0.0000        1.1283    10.437
2024    133      15     45        1.2296        0.0000        0.0000        1.2296    10.389
2024    133      15     50        1.2093        0.0000        0.0000        1.2093    10.513
2024    133      15     55        1.0755        0.0000        0.0000        1.0755    10.537
2024    133      16      0        1.1185        0.0000        0.0000        1.1185    10.437
2024    133      16      5        1.1084        0.0000        0.0000        1.1084    10.526
2024    133      16     10        1.1196        0.0000        0.0000        1.1196    10.488
2024    133      16     15        1.1718        0.0000        0.0000        1.1718    10.474
2024    133      16     20        1.1549        0.0000        0.0000        1.1549    10.587
2024    133      16     25        1.2339        0.0000        0.0000        1.2339    10.437
2024    133      16     30        1.3160        0.0000        0.0000        1.3160    10.413
2024    133      16     35        1.2614        0.0000        0.0000        1.2614    10.524
2024    133      16     40        1.3866        0.0000        0.0000        1.3866    10.379
2024    133      16     45        1.2251        0.0000        0.0000        1.2251    10.451
2024    133      16     50        1.1714        0.0000        0.0000        1.1714    10.437
2024    133      16     55        1.0215        0.0000        0.0000        1.0215    10.500
2024    133      17      0        1.0677        0.0000        0.0000        1.0677    10.626
2024    133      17      5        1.0687        0.0000        0.0000        1.0687    10.689
2024    133      17     10        1.0545        0.0000        0.0000        1.0545    10.427
2024    133      17     15        1.0663        0.0000        0.0000        1.0663    10.464
2024    133      17     20        1.1642        0.0000        0.0000        1.1642    10.486
2024    133      17     25        1.2180        0.0000        0.0000        1.2180    10.587
2024    133      17     30        1.1852        0.0000        0.0000        1.1852    10.398
2024    133      17     35        1.1161        0.0000        0.0000        1.1161    10.614
2024    133      17     40        1.0836        0.0000        0.0000        1.0836    10.717
2024    133      17     45        1.1743        0.0000        0.0000        1.1743    10.347
2024    133      17     50        1.2993        0.0000        0.0000        1.2993    10.449
2024    133      17     55        1.1366        0.0000        0.0000        1.1366    10.526
2024    133      18      0        1.0495        0.0000        0.0000        1.0495    10.693
2024    133      18      5        0.0000        0.0000        0.0000        0.0000    13.416
2024    133      18     10        0.0000        0.0000        0.0000        0.0000    13.416
2024    133      18     15        0.0000        0.0000        0.0000        0.0000    13.416
2024    133      18     20        0.0000        0.0000        0.0000        0.0000    13.416
2024    133      18     25        0.0000        0.0000        0.0000        0.0000    13.416
2024    133      18     30        0.0000        0.0000        0.0000        0.0000    13.416
2024    133      18     35        0.8093        0.0000        0.0000        0.8093    10.373
2024    133      18     40        0.0000        0.0000        0.0000        0.0000    13.416
2024    133      18     45        0.0000        0.0000        0.0000        0.0000    13.416
2024    133      18     50        0.0000        0.0000        0.0000        0.0000    13.416
2024    133      18     55        0.0000        0.0000        0.0000        0.0000    13.416
2024    133      19      0        0.0000        0.0000        0.0000        0.0000    13.416
2024    133      19      5        0.0000        0.0000        0.0000        0.0000    13.416
2024    133      19     10        0.0000        0.0000        0.0000        0.0000    13.416
2024    133      19     15        0.0000        0.0000        0.0000        0.0000    13.416
2024    133      19     20        0.0000        0.0000        0.0000        0.0000    13.416
2024    133      19     25        0.0000        0.0000        0.0000        0.0000    13.416
2024    133      19     30        0.0000        0.0000        0.0000        0.0000    13.416
2024    133      19     35        0.0000        0.0000        0.0000        0.0000    13.416
2024    133      19     40        0.0000        0.0000        0.0000        0.0000    13.416
2024    133      19     45        0.0000        0.0000        0.0000        0.0000    13.416
2024    133      19     50        0.0000        0.0000        0.0000        0.0000    13.416
2024    133      19     55        0.0000        0.0000        0.0000        0.0000    13.416
2024    133      20      0        0.0000        0.0000        0.0000        0.0000    13.416
2024    133      20      5        0.0000        0.0000        0.0000        0.0000    13.416
2024    133      20     10        0.0000        0.0000        0.0000        0.0000    13.416
2024    133      20     15        0.0000        0.0000        0.0000        0.0000    13.416
2024    133      20     20        0.0000        0.0000        0.0000        0.0000    13.416
2024    133      20     25        0.0000        0.0000        0.0000        0.0000    13.416
2024    133      20     30        0.0000        0.0000        0.0000        0.0000    13.416
2024    133      20     35        0.0000        0.0000        0.0000        0.0000    13.416
2024    133      20     40        0.0000        0.0000        0.0000        0.0000    13.416
2024    133      20     45        0.2993        0.0000        0.0000        0.2993     9.924
2024    133      20     50        0.3832        0.0000        0.0000        0.3832    10.104
2024    133      20     55        0.2699        0.0000        0.0000        0.2699     9.767
2024    133      21      0        0.3430        0.0000        0.0000        0.3430     9.861
2024    133      21      5        0.5222        0.0000        0.0000        0.5222     9.721
2024    133      21     10        0.5220        0.0000        0.0000        0.5220     9.721
2024    133      21     15        0.2703        0.0000        0.0000        0.2703     9.517
2024    133      21     20        0.4229        0.0000        0.0000        0.4229     9.649
2024    133      21     25        0.3556        0.0000        0.0000        0.3556     9.563
2024    133      21     30        0.4985        0.0000        0.0000        0.4985     9.642
2024    133      21     35        0.5220        0.0000        0.0000        0.5220     9.535
2024    133      21     40        0.3126        0.0000        0.0000        0.3126     9.392
