X-point locations.
FORMAT:
YEAR    DAY    HOUR    MIN    RATE    DISTANCE
2024    131      11     35        0.00    13.416
2024    131      11     40        0.00    13.416
2024    131      11     45        0.00    13.416
2024    131      11     50        0.00    13.416
2024    131      11     55        0.00    13.416
2024    131      12      0        0.00    13.416
2024    131      12      5        0.00    13.416
2024    131      12     10        0.00    13.416
2024    131      12     15        0.00    13.416
2024    131      12     20        0.00    13.416
2024    131      12     25        0.00    13.416
2024    131      12     30        0.00    13.416
2024    131      12     35        0.00    13.416
2024    131      12     40        0.00    13.416
2024    131      12     45        0.00    13.416
2024    131      12     50        0.00    13.416
2024    131      12     55        0.00    13.416
2024    131      13      0        0.00    13.416
2024    131      13      5        0.00    13.416
2024    131      13     10        0.00    13.416
2024    131      13     15        0.00    13.416
2024    131      13     20        0.00    13.416
2024    131      13     25        0.00    13.416
2024    131      13     30        0.00    13.416
2024    131      13     35        0.00    13.416
2024    131      13     40        0.00    13.416
2024    131      13     45        0.00    13.416
2024    131      13     50        0.00    13.416
2024    131      13     55        0.00    13.416
2024    131      14      0        0.00    13.416
2024    131      14      5        0.00    13.416
2024    131      14     10        0.00    13.416
2024    131      14     15        0.00    13.416
2024    131      14     20        0.00    13.416
2024    131      14     25        0.00    13.416
2024    131      14     30        0.00    13.416
2024    131      14     35        0.00    13.416
2024    131      14     40        0.00    13.416
2024    131      14     45        0.00    13.416
2024    131      14     50        0.00    13.416
2024    131      14     55        0.00    13.416
2024    131      15      0        0.00    13.416
2024    131      15      5        0.00    13.416
2024    131      15     10        0.00    13.416
2024    131      15     15        0.00    13.416
2024    131      15     20        0.00    13.416
2024    131      15     25        0.00    13.416
2024    131      15     30        0.00    13.416
2024    131      15     35        0.00    13.416
2024    131      15     40        0.00    13.416
2024    131      15     45        0.00    13.416
2024    131      15     50        0.00    13.416
2024    131      15     55        0.00    13.416
2024    131      16      0        0.00    13.416
2024    131      16      5        0.00    13.416
2024    131      16     10        0.00    13.416
2024    131      16     15        0.00    13.416
2024    131      16     20        0.00    13.416
2024    131      16     25        0.00    13.416
2024    131      16     30        0.00    13.416
2024    131      16     35        0.00    13.416
2024    131      16     40        0.00    13.416
2024    131      16     45        0.00    13.416
2024    131      16     50        0.00    13.416
2024    131      16     55        0.00    13.416
2024    131      17      0        0.00    13.416
2024    131      17      5        0.00    13.416
2024    131      17     10       24.03     8.253
2024    131      17     15       21.78     8.599
2024    131      17     20       22.47     8.253
2024    131      17     25       19.65     8.786
2024    131      17     30       13.83     9.139
2024    131      17     35       14.37     9.061
2024    131      17     40       15.52     8.566
2024    131      17     45       24.04     8.440
2024    131      17     50       14.20     7.761
2024    131      17     55       10.31     7.277
2024    131      18      0       33.35     6.840
2024    131      18      5       55.15     6.346
2024    131      18     10      152.21     5.667
2024    131      18     15       68.95     5.756
2024    131      18     20      125.56     5.667
2024    131      18     25      208.68     5.529
2024    131      18     30      406.10     5.141
2024    131      18     35      943.51     4.846
2024    131      18     40      538.20     4.836
2024    131      18     45      361.84     4.888
2024    131      18     50      270.34     4.851
2024    131      18     55      205.96     4.785
2024    131      19      0      176.85     4.846
2024    131      19      5      150.87     4.923
2024    131      19     10       98.55     4.870
2024    131      19     15      232.04     4.769
2024    131      19     20      194.89     4.744
2024    131      19     25      413.57     4.673
2024    131      19     30      416.79     4.747
2024    131      19     35      451.99     4.710
2024    131      19     40      399.03     4.739
2024    131      19     45      611.71     4.696
2024    131      19     50      371.57     4.673
2024    131      19     55      509.44     4.607
2024    131      20      0      528.23     4.494
2024    131      20      5      504.10     4.453
2024    131      20     10      623.21     4.415
2024    131      20     15      597.71     4.353
2024    131      20     20      252.35     4.301
2024    131      20     25      477.64     4.339
2024    131      20     30      137.73     4.351
2024    131      20     35      264.88     4.351
2024    131      20     40      361.24     4.351
2024    131      20     45      411.37     4.351
2024    131      20     50      191.36     4.364
2024    131      20     55      145.04     4.327
2024    131      21      0      302.09     4.263
2024    131      21      5      150.64     4.263
2024    131      21     10      551.85     4.187
2024    131      21     15      566.83     4.162
2024    131      21     20      594.53     4.136
2024    131      21     25      354.26     4.139
2024    131      21     30      606.39     4.101
2024    131      21     35      402.97     4.101
2024    131      21     40      564.26     4.050
2024    131      21     45      619.20     4.023
2024    131      21     50      749.03     4.010
2024    131      21     55     1336.12     4.010
2024    131      22      0     1025.94     4.073
2024    131      22      5     2306.95     4.038
2024    131      22     10     2120.99     4.066
2024    131      22     15      810.89     3.988
2024    131      22     20      544.68     3.979
2024    131      22     25      467.26     3.958
2024    131      22     30      442.32     3.940
2024    131      22     35      563.53     3.951
2024    131      22     40      878.74     3.951
2024    131      22     45     2416.54     3.940
2024    131      22     50      497.96     3.962
2024    131      22     55      400.96     3.968
2024    131      23      0      235.97     3.958
2024    131      23      5       39.96     3.949
2024    131      23     10      104.37     3.912
2024    131      23     15      177.00     3.897
2024    131      23     20       51.07     3.885
2024    131      23     25      127.64     3.885
2024    131      23     30      182.47     3.835
2024    131      23     35      110.19     3.874
2024    131      23     40      197.64     3.874
2024    131      23     45       77.21     3.863
2024    131      23     50      199.03     3.859
2024    131      23     55      261.00     3.874
2024    132       0      0      177.47     3.881
2024    132       0      5      216.15     3.940
2024    132       0     10      366.23     3.961
2024    132       0     15      236.13     3.947
2024    132       0     20      302.70     3.947
2024    132       0     25      121.65     3.863
2024    132       0     30       27.66     3.862
2024    132       0     35       82.38     3.832
2024    132       0     40       51.75     3.814
2024    132       0     45       57.95     3.814
2024    132       0     50       19.43     3.775
2024    132       0     55       54.10     3.745
2024    132       1      0       41.39     3.727
2024    132       1      5      162.84     3.711
2024    132       1     10       99.89     3.697
2024    132       1     15      155.64     3.697
2024    132       1     20       67.34     3.658
2024    132       1     25      215.85     3.659
2024    132       1     30      128.49     3.624
2024    132       1     35       65.78     3.585
2024    132       1     40       27.19     3.571
2024    132       1     45      147.04     3.553
2024    132       1     50       41.93     3.558
2024    132       1     55      126.39     3.513
2024    132       2      0       34.03     3.519
2024    132       2      5       36.85     3.479
2024    132       2     10       68.31     3.479
2024    132       2     15       50.28     3.440
2024    132       2     20       87.49     3.440
2024    132       2     25       86.47     3.420
2024    132       2     30      113.96     3.420
2024    132       2     35      114.38     3.434
2024    132       2     40      125.02     3.473
2024    132       2     45       87.56     3.525
2024    132       2     50      100.65     3.564
2024    132       2     55      101.31     3.564
2024    132       3      0       93.31     3.604
2024    132       3      5      117.40     3.617
2024    132       3     10      201.96     3.657
2024    132       3     15      314.33     3.664
2024    132       3     20      288.40     3.664
2024    132       3     25       83.07     3.643
2024    132       3     30      151.20     3.677
2024    132       3     35      523.65     3.727
2024    132       3     40      509.89     3.736
2024    132       3     45      509.08     3.775
2024    132       3     50      499.69     3.814
2024    132       3     55      523.78     3.797
2024    132       4      0      594.93     3.797
2024    132       4      5      665.09     3.789
2024    132       4     10      450.45     3.775
2024    132       4     15      601.92     3.808
2024    132       4     20      534.33     3.762
2024    132       4     25      615.68     3.762
2024    132       4     30      503.74     3.741
2024    132       4     35      721.42     3.786
2024    132       4     40      876.06     3.774
2024    132       4     45      496.24     3.734
2024    132       4     50      297.94     3.770
2024    132       4     55      848.96     3.810
2024    132       5      0      472.43     3.857
2024    132       5      5     2164.42     3.853
2024    132       5     10      961.28     3.893
2024    132       5     15      540.58     3.850
2024    132       5     20      292.65     3.893
2024    132       5     25      120.04     3.890
2024    132       5     30     1100.30     3.930
2024    132       5     35      182.55     3.927
2024    132       5     40      525.37     3.925
2024    132       5     45      418.55     3.970
2024    132       5     50      323.80     3.933
2024    132       5     55      225.80     3.973
2024    132       6      0      253.37     3.980
2024    132       6      5      307.32     3.989
2024    132       6     10      242.92     3.984
2024    132       6     15      395.26     3.980
2024    132       6     20      675.67     3.976
2024    132       6     25      398.13     3.937
2024    132       6     30     1577.91     3.910
2024    132       6     35      687.22     3.897
2024    132       6     40      818.12     3.861
2024    132       6     45      350.25     3.861
2024    132       6     50      811.65     3.865
2024    132       6     55     1492.29     3.825
2024    132       7      0     1015.02     3.821
2024    132       7      5      441.90     3.746
2024    132       7     10      564.28     3.746
2024    132       7     15      616.88     3.706
2024    132       7     20      686.19     3.672
2024    132       7     25      742.94     3.677
2024    132       7     30     1300.20     3.689
2024    132       7     35      414.04     3.689
2024    132       7     40     1240.67     3.703
2024    132       7     45      672.85     3.742
2024    132       7     50     1220.82     3.742
2024    132       7     55     1441.05     3.768
2024    132       8      0      737.74     3.789
2024    132       8      5     1467.51     3.814
2024    132       8     10     1401.78     3.832
2024    132       8     15      804.52     3.823
2024    132       8     20     1415.54     3.842
2024    132       8     25      846.38     3.832
2024    132       8     30     1358.97     3.871
2024    132       8     35     1256.53     3.871
2024    132       8     40     2244.70     3.910
2024    132       8     45     1386.65     3.863
2024    132       8     50      129.62     3.891
2024    132       8     55     1527.24     3.863
2024    132       9      0      417.79     3.863
2024    132       9      5      152.08     3.891
2024    132       9     10     1412.72     3.901
2024    132       9     15     1410.15     3.940
2024    132       9     20     1172.03     3.929
2024    132       9     25     1576.35     3.978
2024    132       9     30     1196.95     3.951
2024    132       9     35     1184.62     3.929
2024    132       9     40      789.38     3.962
2024    132       9     45      746.43     3.962
2024    132       9     50     1024.13     3.989
2024    132       9     55      273.71     4.028
2024    132      10      0      617.82     3.989
2024    132      10      5     1115.05     4.000
2024    132      10     10      354.00     4.000
2024    132      10     15      445.78     3.962
2024    132      10     20     1170.83     3.973
2024    132      10     25      464.04     3.973
2024    132      10     30     1024.30     3.985
2024    132      10     35      721.92     3.985
2024    132      10     40      390.01     3.959
2024    132      10     45      386.42     3.934
2024    132      10     50      987.57     3.973
2024    132      10     55      876.32     3.972
2024    132      11      0      838.21     4.035
2024    132      11      5      584.43     4.061
2024    132      11     10      300.23     4.125
2024    132      11     15      319.83     4.153
2024    132      11     20      485.63     4.153
2024    132      11     25      404.25     4.182
2024    132      11     30      260.20     4.331
2024    132      11     35      334.06     4.317
2024    132      11     40      346.63     4.345
2024    132      11     45      319.61     4.434
2024    132      11     50      315.74     4.397
2024    132      11     55      293.76     4.339
2024    132      12      0      238.70     4.302
2024    132      12      5      352.72     4.228
2024    132      12     10      299.21     4.176
2024    132      12     15      378.43     4.155
2024    132      12     20      386.39     4.171
2024    132      12     25      402.87     4.171
2024    132      12     30      366.15     4.118
2024    132      12     35      342.98     4.118
2024    132      12     40      299.02     4.171
2024    132      12     45      292.61     4.171
2024    132      12     50      395.62     4.152
2024    132      12     55      322.05     4.135
2024    132      13      0      410.76     4.171
2024    132      13      5      333.05     4.188
2024    132      13     10      296.00     4.135
2024    132      13     15      364.63     4.152
2024    132      13     20      329.92     4.152
2024    132      13     25      344.35     4.079
2024    132      13     30      289.38     4.098
2024    132      13     35      320.31     4.079
2024    132      13     40      329.86     4.097
2024    132      13     45      352.86     4.079
2024    132      13     50      321.08     4.061
2024    132      13     55      288.31     4.114
2024    132      14      0      269.55     4.114
2024    132      14      5      277.55     4.132
2024    132      14     10      294.50     4.133
2024    132      14     15      301.33     4.151
2024    132      14     20      260.89     4.150
2024    132      14     25      262.12     4.150
2024    132      14     30      246.87     4.151
2024    132      14     35      236.86     4.186
2024    132      14     40      256.14     4.240
2024    132      14     45      235.06     4.240
2024    132      14     50      233.57     4.222
2024    132      14     55      254.32     4.222
2024    132      15      0      246.29     4.204
2024    132      15      5      230.66     4.222
2024    132      15     10      188.70     4.261
2024    132      15     15      260.14     4.297
2024    132      15     20      217.57     4.334
2024    132      15     25      210.30     4.370
2024    132      15     30      223.53     4.350
2024    132      15     35      216.92     4.386
2024    132      15     40      220.57     4.403
2024    132      15     45      207.25     4.403
2024    132      15     50      212.95     4.407
2024    132      15     55      239.97     4.420
2024    132      16      0      189.22     4.423
2024    132      16      5      209.19     4.407
2024    132      16     10      189.99     4.423
2024    132      16     15      205.87     4.423
2024    132      16     20      213.84     4.370
2024    132      16     25      180.93     4.443
2024    132      16     30      198.97     4.443
2024    132      16     35      201.34     4.480
2024    132      16     40      207.72     4.496
2024    132      16     45      192.64     4.602
2024    132      16     50      217.10     4.655
2024    132      16     55      192.67     4.675
2024    132      17      0      199.86     4.727
2024    132      17      5      184.58     4.711
2024    132      17     10      173.06     4.727
2024    132      17     15      144.37     4.691
2024    132      17     20      160.94     4.691
2024    132      17     25      136.49     4.761
2024    132      17     30      128.07     4.833
2024    132      17     35      123.36     4.939
2024    132      17     40      103.53     5.012
2024    132      17     45      101.20     5.118
2024    132      17     50       89.56     5.211
2024    132      17     55       73.94     5.390
2024    132      18      0       62.24     5.495
2024    132      18      5       55.08     5.621
2024    132      18     10       57.19     5.585
2024    132      18     15       50.93     5.731
2024    132      18     20       68.19     5.568
2024    132      18     25       82.58     5.370
2024    132      18     30       95.43     5.208
2024    132      18     35       96.84     5.135
2024    132      18     40      101.77     5.118
2024    132      18     45      103.68     5.046
2024    132      18     50      105.04     5.118
2024    132      18     55      100.71     5.191
2024    132      19      0      106.98     5.118
2024    132      19      5      105.21     5.121
2024    132      19     10      118.41     5.016
2024    132      19     15       97.08     4.996
2024    132      19     20      117.48     4.956
2024    132      19     25      118.99     4.939
2024    132      19     30      122.59     4.902
2024    132      19     35      141.76     4.902
2024    132      19     40      127.84     5.027
2024    132      19     45      131.34     5.063
2024    132      19     50      108.65     5.277
2024    132      19     55       90.92     5.442
2024    132      20      0       99.40     5.373
2024    132      20      5      116.24     5.268
2024    132      20     10      116.15     5.289
2024    132      20     15      113.24     5.284
2024    132      20     20      102.03     5.370
2024    132      20     25      110.47     5.365
2024    132      20     30      113.37     5.314
2024    132      20     35      116.14     5.170
2024    132      20     40      111.21     5.230
2024    132      20     45      121.75     5.201
2024    132      20     50      108.94     5.118
2024    132      20     55      132.92     5.006
2024    132      21      0      115.13     5.141
2024    132      21      5      108.35     5.281
2024    132      21     10      110.96     5.259
2024    132      21     15      100.19     5.326
2024    132      21     20       77.63     5.579
2024    132      21     25       82.88     5.557
2024    132      21     30       77.08     5.654
2024    132      21     35       58.38     5.782
2024    132      21     40       66.67     5.675
2024    132      21     45       67.57     5.834
2024    132      21     50       47.15     6.011
2024    132      21     55       42.94     6.011
2024    132      22      0       44.19     6.097
2024    132      22      5       32.63     6.135
2024    132      22     10       25.77     6.262
2024    132      22     15       57.50     9.508
2024    132      22     20       39.69     9.391
2024    132      22     25       30.01     9.706
2024    132      22     30       20.15     9.814
2024    132      22     35       18.54     9.996
2024    132      22     40       13.18    10.275
2024    132      22     45       10.89    10.374
2024    132      22     50        6.51    10.335
2024    132      22     55        9.56    10.177
2024    132      23      0       12.92    10.023
2024    132      23      5       41.69     9.867
2024    132      23     10       30.68    10.172
2024    132      23     15       21.07    10.160
2024    132      23     20       10.11    10.225
2024    132      23     25        4.15    10.305
2024    132      23     30        6.28    10.395
2024    132      23     35       16.38     6.387
2024    132      23     40        4.85    10.497
2024    132      23     45        4.12    10.522
2024    132      23     50        0.00    13.416
2024    132      23     55        0.00    13.416
2024    133       0      0        3.25    10.633
2024    133       0      5        0.00    13.416
2024    133       0     10        0.00    13.416
2024    133       0     15        0.00    13.416
2024    133       0     20        0.00    13.416
2024    133       0     25        0.00    13.416
2024    133       0     30        0.00    13.416
2024    133       0     35        0.00    13.416
2024    133       0     40        0.00    13.416
2024    133       0     45        0.00    13.416
2024    133       0     50        0.00    13.416
2024    133       0     55        1.28    10.310
2024    133       1      0        4.00     6.636
2024    133       1      5       11.21     6.189
2024    133       1     10       15.61     6.110
2024    133       1     15       23.38     6.037
2024    133       1     20       43.17     5.906
2024    133       1     25       54.64     5.754
2024    133       1     30       58.11     5.617
2024    133       1     35       43.11     5.895
2024    133       1     40       33.66     5.940
2024    133       1     45       24.69     6.013
2024    133       1     50       16.42     6.093
2024    133       1     55       19.96     6.008
2024    133       2      0       15.87     6.098
2024    133       2      5       16.74     6.138
2024    133       2     10       24.66     6.025
2024    133       2     15       13.59     6.059
2024    133       2     20       14.81     6.025
2024    133       2     25       15.25     6.064
2024    133       2     30       19.61     6.031
2024    133       2     35       26.62     5.991
2024    133       2     40       30.57     5.906
2024    133       2     45       28.02     5.827
2024    133       2     50       33.30     5.787
2024    133       2     55       27.31     5.781
2024    133       3      0       21.06     5.895
2024    133       3      5       14.02     5.974
2024    133       3     10        8.25     6.053
2024    133       3     15        3.15     6.172
2024    133       3     20        4.35     6.450
2024    133       3     25        0.00    13.416
2024    133       3     30        0.00    13.416
2024    133       3     35        0.00    13.416
2024    133       3     40        0.00    13.416
2024    133       3     45        0.00    13.416
2024    133       3     50        0.00    13.416
2024    133       3     55        0.00    13.416
2024    133       4      0       18.41    10.094
2024    133       4      5       10.98     6.635
2024    133       4     10       12.25     6.480
2024    133       4     15       20.25     9.756
2024    133       4     20        0.00    13.416
2024    133       4     25        0.00    13.416
2024    133       4     30        0.00    13.416
2024    133       4     35        0.00    13.416
2024    133       4     40        0.00    13.416
2024    133       4     45        0.00    13.416
2024    133       4     50        0.00    13.416
2024    133       4     55        0.00    13.416
2024    133       5      0        0.00    13.416
2024    133       5      5        0.00    13.416
2024    133       5     10        0.00    13.416
2024    133       5     15        0.00    13.416
2024    133       5     20        0.00    13.416
2024    133       5     25        0.00    13.416
2024    133       5     30        0.00    13.416
2024    133       5     35        0.00    13.416
2024    133       5     40        0.00    13.416
2024    133       5     45        0.00    13.416
2024    133       5     50        0.00    13.416
2024    133       5     55        0.00    13.416
2024    133       6      0        0.00    13.416
2024    133       6      5        0.00    13.416
2024    133       6     10        0.00    13.416
2024    133       6     15        0.00    13.416
2024    133       6     20        0.00    13.416
2024    133       6     25        0.00    13.416
2024    133       6     30        0.00    13.416
2024    133       6     35        0.00    13.416
2024    133       6     40        0.00    13.416
2024    133       6     45        0.00    13.416
2024    133       6     50        0.00    13.416
2024    133       6     55        0.00    13.416
2024    133       7      0        0.00    13.416
2024    133       7      5        0.00    13.416
2024    133       7     10        0.00    13.416
2024    133       7     15        0.00    13.416
2024    133       7     20        0.00    13.416
2024    133       7     25        0.00    13.416
2024    133       7     30        0.00    13.416
2024    133       7     35        0.00    13.416
2024    133       7     40        0.00    13.416
2024    133       7     45        0.00    13.416
2024    133       7     50        0.00    13.416
2024    133       7     55        0.00    13.416
2024    133       8      0        0.00    13.416
2024    133       8      5        0.00    13.416
2024    133       8     10        0.00    13.416
2024    133       8     15        0.00    13.416
2024    133       8     20        0.00    13.416
2024    133       8     25        0.00    13.416
2024    133       8     30        0.00    13.416
2024    133       8     35        0.00    13.416
2024    133       8     40        0.00    13.416
2024    133       8     45        0.00    13.416
2024    133       8     50        0.00    13.416
2024    133       8     55        0.00    13.416
2024    133       9      0        0.00    13.416
2024    133       9      5        0.00    13.416
2024    133       9     10        0.00    13.416
2024    133       9     15        0.00    13.416
2024    133       9     20        0.00    13.416
2024    133       9     25        0.00    13.416
2024    133       9     30        0.00    13.416
2024    133       9     35        6.19    10.218
2024    133       9     40        6.61    10.012
2024    133       9     45        7.27    10.070
2024    133       9     50        8.71    10.070
2024    133       9     55        9.92     9.934
2024    133      10      0        8.83    10.023
2024    133      10      5        8.80    10.051
2024    133      10     10        6.25    10.090
2024    133      10     15        3.74    10.220
2024    133      10     20        3.02    10.220
2024    133      10     25        2.35    10.319
2024    133      10     30        2.58    10.115
2024    133      10     35        2.01    10.172
2024    133      10     40        2.39    10.196
2024    133      10     45        3.49    10.555
2024    133      10     50        4.80    10.578
2024    133      10     55        2.69    10.747
2024    133      11      0        3.47    10.621
2024    133      11      5        3.41    10.709
2024    133      11     10        6.71    10.502
2024    133      11     15        8.84    10.436
2024    133      11     20        8.44    10.373
2024    133      11     25        6.45    10.564
2024    133      11     30        8.58    10.423
2024    133      11     35        7.89    10.436
2024    133      11     40        6.59    10.562
2024    133      11     45        5.89    10.512
2024    133      11     50        6.58    10.398
2024    133      11     55        7.36    10.360
2024    133      12      0        8.47    10.296
2024    133      12      5        7.68    10.334
2024    133      12     10        7.87    10.271
2024    133      12     15        9.09    10.222
2024    133      12     20       10.13    10.263
2024    133      12     25        4.96    10.538
2024    133      12     30        2.39    10.781
2024    133      12     35        5.68    10.461
2024    133      12     40        6.58    10.424
