X-point locations.
FORMAT:
YEAR    DAY    HOUR    MIN    RATE    DISTANCE
2022     72       3     35        0.00    13.416
2022     72       3     40        0.00    13.416
2022     72       3     45        0.00    13.416
2022     72       3     50        0.00    13.416
2022     72       3     55        0.00    13.416
2022     72       4      0        0.00    13.416
2022     72       4      5        0.00    13.416
2022     72       4     10        0.00    13.416
2022     72       4     15        0.00    13.416
2022     72       4     20        0.00    13.416
2022     72       4     25        0.00    13.416
2022     72       4     30        0.00    13.416
2022     72       4     35        0.00    13.416
2022     72       4     40        0.00    13.416
2022     72       4     45        0.00    13.416
2022     72       4     50        0.00    13.416
2022     72       4     55        0.00    13.416
2022     72       5      0        0.00    13.416
2022     72       5      5        0.00    13.416
2022     72       5     10        0.00    13.416
2022     72       5     15        0.00    13.416
2022     72       5     20        0.00    13.416
2022     72       5     25        0.00    13.416
2022     72       5     30        0.00    13.416
2022     72       5     35        0.00    13.416
2022     72       5     40        0.00    13.416
2022     72       5     45        0.00    13.416
2022     72       5     50        0.00    13.416
2022     72       5     55        0.00    13.416
2022     72       6      0        0.00    13.416
2022     72       6      5        0.00    13.416
2022     72       6     10        0.00    13.416
2022     72       6     15        0.00    13.416
2022     72       6     20        0.00    13.416
2022     72       6     25        0.00    13.416
2022     72       6     30        0.00    13.416
2022     72       6     35        0.00    13.416
2022     72       6     40        0.00    13.416
2022     72       6     45        0.00    13.416
2022     72       6     50        0.00    13.416
2022     72       6     55        0.00    13.416
2022     72       7      0        0.00    13.416
2022     72       7      5        0.00    13.416
2022     72       7     10        0.00    13.416
2022     72       7     15        0.00    13.416
2022     72       7     20        0.00    13.416
2022     72       7     25        0.00    13.416
2022     72       7     30        0.00    13.416
2022     72       7     35        0.00    13.416
2022     72       7     40        0.00    13.416
2022     72       7     45        0.00    13.416
2022     72       7     50        0.00    13.416
2022     72       7     55        0.00    13.416
2022     72       8      0        0.00    13.416
2022     72       8      5        0.00    13.416
2022     72       8     10        0.00    13.416
2022     72       8     15        0.00    13.416
2022     72       8     20        0.00    13.416
2022     72       8     25        0.00    13.416
2022     72       8     30        0.00    13.416
2022     72       8     35        0.00    13.416
2022     72       8     40        0.00    13.416
2022     72       8     45        0.00    13.416
2022     72       8     50        0.00    13.416
2022     72       8     55        0.00    13.416
2022     72       9      0        0.00    13.416
2022     72       9      5        0.00    13.416
2022     72       9     10        0.00    13.416
2022     72       9     15        0.00    13.416
2022     72       9     20        0.00    13.416
2022     72       9     25        0.00    13.416
2022     72       9     30        0.00    13.416
2022     72       9     35        0.00    13.416
2022     72       9     40        0.00    13.416
2022     72       9     45        0.00    13.416
2022     72       9     50        0.00    13.416
2022     72       9     55        0.00    13.416
2022     72      10      0        0.00    13.416
2022     72      10      5        0.00    13.416
2022     72      10     10        0.00    13.416
2022     72      10     15        0.00    13.416
2022     72      10     20        0.00    13.416
2022     72      10     25        0.00    13.416
2022     72      10     30        0.00    13.416
2022     72      10     35        0.00    13.416
2022     72      10     40        0.00    13.416
2022     72      10     45        0.00    13.416
2022     72      10     50        0.00    13.416
2022     72      10     55        0.00    13.416
2022     72      11      0        0.00    13.416
2022     72      11      5        0.00    13.416
2022     72      11     10        0.00    13.416
2022     72      11     15       14.42     9.641
2022     72      11     20       16.70     9.522
2022     72      11     25        0.00    13.416
2022     72      11     30        0.00    13.416
2022     72      11     35       17.64     9.440
2022     72      11     40        0.00    13.416
2022     72      11     45        0.00    13.416
2022     72      11     50        0.00    13.416
2022     72      11     55       22.14     9.120
2022     72      12      0       21.76     9.040
2022     72      12      5       22.46     8.961
2022     72      12     10       22.47     8.882
2022     72      12     15       21.61     8.886
2022     72      12     20       21.44     8.738
2022     72      12     25       20.63     8.701
2022     72      12     30       21.60     8.581
2022     72      12     35       19.20     8.536
2022     72      12     40       18.55     8.496
2022     72      12     45       20.67     8.454
2022     72      12     50       16.71     8.501
2022     72      12     55       17.39     8.467
2022     72      13      0       17.15     8.438
2022     72      13      5       18.22     8.511
2022     72      13     10       16.20     8.450
2022     72      13     15       16.38     8.420
2022     72      13     20       16.97     8.509
2022     72      13     25       14.91     8.723
2022     72      13     30       10.50     8.871
2022     72      13     35        9.27     8.857
2022     72      13     40        8.77     8.892
2022     72      13     45        9.71     8.916
2022     72      13     50       12.82     8.822
2022     72      13     55       15.45     8.871
2022     72      14      0       16.20     8.782
2022     72      14      5       16.44     8.787
2022     72      14     10       17.17     8.782
2022     72      14     15       15.98     8.822
2022     72      14     20       15.73     8.920
2022     72      14     25       16.15     9.011
2022     72      14     30       17.78     9.003
2022     72      14     35       18.12     9.083
2022     72      14     40       18.63     9.202
2022     72      14     45       19.27     9.365
2022     72      14     50       19.73     9.418
2022     72      14     55       19.30     9.392
2022     72      15      0       19.63     9.471
2022     72      15      5       19.46     9.445
2022     72      15     10       19.24     9.489
2022     72      15     15       18.77     9.612
2022     72      15     20       17.90     9.652
2022     72      15     25       17.43     9.719
2022     72      15     30       17.33     9.688
2022     72      15     35        0.00    13.416
2022     72      15     40       16.59     9.753
2022     72      15     45       16.87     9.767
2022     72      15     50        0.00    13.416
2022     72      15     55        0.00    13.416
2022     72      16      0        0.00    13.416
2022     72      16      5       16.55     9.855
2022     72      16     10       20.13     9.443
2022     72      16     15       20.34     9.369
2022     72      16     20       21.13     9.367
2022     72      16     25       18.91     9.570
2022     72      16     30       20.06     9.444
2022     72      16     35       17.95     9.409
2022     72      16     40       19.23     9.268
2022     72      16     45       17.59     9.065
2022     72      16     50       16.33     9.209
2022     72      16     55       15.11     9.042
2022     72      17      0       16.25     9.055
2022     72      17      5       11.43     8.858
2022     72      17     10       14.16     8.963
2022     72      17     15       12.91     8.911
2022     72      17     20       13.47     8.904
2022     72      17     25       11.37     8.865
2022     72      17     30       11.60     8.930
2022     72      17     35       11.94     8.977
2022     72      17     40       12.01     8.904
2022     72      17     45       12.67     8.911
2022     72      17     50       16.57     9.075
2022     72      17     55       17.26     9.057
2022     72      18      0       20.52     9.045
2022     72      18      5       23.29     9.080
2022     72      18     10       24.89     9.080
2022     72      18     15       25.05     9.069
2022     72      18     20       25.59     9.144
2022     72      18     25       24.98     9.191
2022     72      18     30       23.92     9.255
2022     72      18     35       22.24     9.400
2022     72      18     40       20.68     9.527
2022     72      18     45       20.56     9.562
2022     72      18     50       19.11     9.801
2022     72      18     55       21.08     9.576
2022     72      19      0       19.25     9.848
2022     72      19      5        0.00    13.416
2022     72      19     10        0.00    13.416
2022     72      19     15        0.00    13.416
2022     72      19     20        0.00    13.416
2022     72      19     25        0.00    13.416
2022     72      19     30        0.00    13.416
2022     72      19     35        0.00    13.416
2022     72      19     40        0.00    13.416
2022     72      19     45        0.00    13.416
2022     72      19     50        0.00    13.416
2022     72      19     55        0.00    13.416
2022     72      20      0        0.00    13.416
2022     72      20      5        0.00    13.416
2022     72      20     10       18.50     9.563
2022     72      20     15       19.48     9.360
2022     72      20     20       20.00     9.280
2022     72      20     25       21.08     9.200
2022     72      20     30       21.13     9.160
2022     72      20     35       21.27     9.160
2022     72      20     40       21.03     9.120
2022     72      20     45       21.27     9.080
2022     72      20     50       20.77     9.043
2022     72      20     55       21.23     9.080
2022     72      21      0       20.82     9.080
2022     72      21      5       20.47     9.201
2022     72      21     10       19.65     9.405
2022     72      21     15       19.09     9.444
2022     72      21     20       17.60     9.730
2022     72      21     25       17.60     9.768
2022     72      21     30        0.00    13.416
2022     72      21     35        0.00    13.416
2022     72      21     40        0.00    13.416
2022     72      21     45        0.00    13.416
2022     72      21     50        0.00    13.416
2022     72      21     55        0.00    13.416
2022     72      22      0        0.00    13.416
2022     72      22      5       14.05     9.480
2022     72      22     10       13.84     9.124
2022     72      22     15       13.56     8.840
2022     72      22     20        9.34     8.761
2022     72      22     25        6.25     8.680
2022     72      22     30        7.44     8.601
2022     72      22     35        3.26     8.642
2022     72      22     40        3.27     8.883
2022     72      22     45        5.84     9.044
2022     72      22     50        5.76     8.929
2022     72      22     55        5.63     8.889
2022     72      23      0        6.62     9.015
2022     72      23      5        7.29     8.853
2022     72      23     10        8.00     8.933
2022     72      23     15        7.43     8.853
2022     72      23     20        7.22     8.853
2022     72      23     25        7.45     8.975
2022     72      23     30        6.43     9.139
2022     72      23     35        6.89     9.677
2022     72      23     40        4.50     9.928
2022     72      23     45        0.00    13.416
2022     72      23     50        0.00    13.416
2022     72      23     55        0.00    13.416
2022     73       0      0        0.00    13.416
2022     73       0      5        0.00    13.416
2022     73       0     10        0.00    13.416
2022     73       0     15        0.00    13.416
2022     73       0     20        0.00    13.416
2022     73       0     25        0.00    13.416
2022     73       0     30        0.00    13.416
2022     73       0     35        0.00    13.416
2022     73       0     40        0.00    13.416
2022     73       0     45        0.00    13.416
2022     73       0     50        0.00    13.416
2022     73       0     55        0.00    13.416
2022     73       1      0        0.00    13.416
2022     73       1      5        0.00    13.416
2022     73       1     10        0.00    13.416
2022     73       1     15        0.00    13.416
2022     73       1     20        0.00    13.416
2022     73       1     25        0.00    13.416
2022     73       1     30        0.00    13.416
2022     73       1     35        0.00    13.416
2022     73       1     40        0.00    13.416
2022     73       1     45        0.00    13.416
2022     73       1     50        0.00    13.416
2022     73       1     55        0.00    13.416
2022     73       2      0        0.00    13.416
2022     73       2      5        0.00    13.416
2022     73       2     10        0.00    13.416
2022     73       2     15        0.00    13.416
2022     73       2     20        0.00    13.416
2022     73       2     25        0.00    13.416
2022     73       2     30        0.00    13.416
2022     73       2     35        0.00    13.416
2022     73       2     40        0.00    13.416
2022     73       2     45        0.00    13.416
2022     73       2     50        0.00    13.416
2022     73       2     55        0.00    13.416
2022     73       3      0        0.00    13.416
2022     73       3      5        0.00    13.416
2022     73       3     10        0.00    13.416
2022     73       3     15        0.00    13.416
2022     73       3     20        0.00    13.416
2022     73       3     25        0.00    13.416
2022     73       3     30        0.00    13.416
2022     73       3     35        0.00    13.416
2022     73       3     40        0.00    13.416
2022     73       3     45        0.00    13.416
2022     73       3     50        0.00    13.416
2022     73       3     55        0.00    13.416
2022     73       4      0        0.00    13.416
2022     73       4      5        0.00    13.416
2022     73       4     10        0.00    13.416
2022     73       4     15        0.00    13.416
2022     73       4     20        0.00    13.416
2022     73       4     25        0.00    13.416
2022     73       4     30        0.00    13.416
2022     73       4     35        0.00    13.416
2022     73       4     40        0.00    13.416
2022     73       4     45        0.00    13.416
2022     73       4     50        0.00    13.416
2022     73       4     55        0.00    13.416
2022     73       5      0        0.00    13.416
2022     73       5      5        0.00    13.416
2022     73       5     10        0.00    13.416
2022     73       5     15        0.00    13.416
2022     73       5     20        0.00    13.416
2022     73       5     25        0.00    13.416
2022     73       5     30        0.00    13.416
2022     73       5     35        0.00    13.416
2022     73       5     40        0.00    13.416
2022     73       5     45        0.00    13.416
2022     73       5     50        0.00    13.416
2022     73       5     55        0.00    13.416
2022     73       6      0        0.00    13.416
2022     73       6      5        0.00    13.416
2022     73       6     10        0.00    13.416
2022     73       6     15        0.00    13.416
2022     73       6     20        0.00    13.416
2022     73       6     25        0.00    13.416
2022     73       6     30        0.00    13.416
2022     73       6     35        0.00    13.416
2022     73       6     40        0.00    13.416
2022     73       6     45        0.00    13.416
2022     73       6     50        0.00    13.416
2022     73       6     55        0.00    13.416
2022     73       7      0        0.00    13.416
2022     73       7      5        0.00    13.416
2022     73       7     10        0.00    13.416
2022     73       7     15        0.00    13.416
2022     73       7     20        0.00    13.416
2022     73       7     25        0.00    13.416
2022     73       7     30        0.00    13.416
2022     73       7     35        0.00    13.416
2022     73       7     40        0.00    13.416
2022     73       7     45        0.00    13.416
2022     73       7     50        0.00    13.416
2022     73       7     55        0.00    13.416
2022     73       8      0        0.00    13.416
2022     73       8      5        0.00    13.416
2022     73       8     10        0.00    13.416
2022     73       8     15        0.00    13.416
2022     73       8     20        0.00    13.416
2022     73       8     25        0.00    13.416
2022     73       8     30        0.00    13.416
2022     73       8     35        0.00    13.416
2022     73       8     40        0.00    13.416
2022     73       8     45        0.00    13.416
2022     73       8     50        0.00    13.416
2022     73       8     55        0.00    13.416
2022     73       9      0        0.00    13.416
2022     73       9      5        0.00    13.416
2022     73       9     10        0.00    13.416
2022     73       9     15        0.00    13.416
2022     73       9     20        0.00    13.416
2022     73       9     25        0.00    13.416
2022     73       9     30        0.00    13.416
2022     73       9     35        0.00    13.416
2022     73       9     40        0.00    13.416
2022     73       9     45        0.00    13.416
2022     73       9     50        0.00    13.416
2022     73       9     55        0.00    13.416
2022     73      10      0        0.00    13.416
2022     73      10      5        0.00    13.416
2022     73      10     10        0.00    13.416
2022     73      10     15        0.00    13.416
2022     73      10     20        0.00    13.416
2022     73      10     25        0.00    13.416
2022     73      10     30        0.00    13.416
2022     73      10     35        0.00    13.416
2022     73      10     40        0.00    13.416
2022     73      10     45        0.00    13.416
2022     73      10     50        0.00    13.416
2022     73      10     55        0.00    13.416
2022     73      11      0        0.00    13.416
2022     73      11      5        0.00    13.416
2022     73      11     10        0.00    13.416
2022     73      11     15        0.00    13.416
2022     73      11     20        0.00    13.416
2022     73      11     25        0.00    13.416
2022     73      11     30        0.00    13.416
2022     73      11     35        0.00    13.416
2022     73      11     40        0.00    13.416
2022     73      11     45        0.00    13.416
2022     73      11     50        0.00    13.416
2022     73      11     55        0.00    13.416
2022     73      12      0        0.00    13.416
2022     73      12      5        0.00    13.416
2022     73      12     10        0.00    13.416
2022     73      12     15        0.00    13.416
2022     73      12     20        0.00    13.416
2022     73      12     25        0.00    13.416
2022     73      12     30        0.00    13.416
2022     73      12     35        0.00    13.416
2022     73      12     40        0.00    13.416
2022     73      12     45        0.00    13.416
2022     73      12     50        0.00    13.416
2022     73      12     55        0.00    13.416
2022     73      13      0        0.00    13.416
2022     73      13      5        0.00    13.416
2022     73      13     10        0.00    13.416
2022     73      13     15        0.00    13.416
2022     73      13     20        0.00    13.416
2022     73      13     25        0.00    13.416
2022     73      13     30        0.00    13.416
2022     73      13     35        0.00    13.416
2022     73      13     40        0.00    13.416
2022     73      13     45        0.00    13.416
2022     73      13     50        0.00    13.416
2022     73      13     55        0.00    13.416
2022     73      14      0        0.00    13.416
2022     73      14      5        0.00    13.416
2022     73      14     10        0.00    13.416
2022     73      14     15        0.00    13.416
2022     73      14     20        0.00    13.416
2022     73      14     25        0.00    13.416
2022     73      14     30        0.00    13.416
2022     73      14     35        0.00    13.416
2022     73      14     40        0.00    13.416
2022     73      14     45        0.00    13.416
2022     73      14     50        0.00    13.416
2022     73      14     55        0.00    13.416
2022     73      15      0        0.00    13.416
2022     73      15      5        0.00    13.416
2022     73      15     10        0.00    13.416
2022     73      15     15        0.00    13.416
2022     73      15     20        0.00    13.416
2022     73      15     25        0.00    13.416
2022     73      15     30        0.00    13.416
2022     73      15     35        0.00    13.416
2022     73      15     40        0.00    13.416
2022     73      15     45        0.00    13.416
2022     73      15     50        0.00    13.416
2022     73      15     55        0.00    13.416
2022     73      16      0        0.00    13.416
2022     73      16      5        0.00    13.416
2022     73      16     10        0.00    13.416
2022     73      16     15        0.00    13.416
2022     73      16     20        0.00    13.416
2022     73      16     25        0.00    13.416
2022     73      16     30        0.00    13.416
2022     73      16     35        0.00    13.416
2022     73      16     40        0.00    13.416
2022     73      16     45        0.00    13.416
2022     73      16     50        0.00    13.416
2022     73      16     55        0.00    13.416
2022     73      17      0        0.00    13.416
2022     73      17      5        0.00    13.416
2022     73      17     10        0.00    13.416
2022     73      17     15        0.00    13.416
2022     73      17     20        0.00    13.416
2022     73      17     25        0.00    13.416
2022     73      17     30        0.00    13.416
2022     73      17     35        0.00    13.416
2022     73      17     40        0.00    13.416
2022     73      17     45        0.00    13.416
2022     73      17     50        0.00    13.416
2022     73      17     55        0.00    13.416
2022     73      18      0        0.00    13.416
2022     73      18      5        0.00    13.416
2022     73      18     10        0.00    13.416
2022     73      18     15        0.00    13.416
2022     73      18     20        0.00    13.416
2022     73      18     25        0.00    13.416
2022     73      18     30        0.00    13.416
2022     73      18     35        0.00    13.416
2022     73      18     40        0.00    13.416
2022     73      18     45        0.00    13.416
2022     73      18     50        0.00    13.416
2022     73      18     55        0.00    13.416
2022     73      19      0        0.00    13.416
2022     73      19      5        0.00    13.416
2022     73      19     10        0.00    13.416
2022     73      19     15        0.00    13.416
2022     73      19     20        0.00    13.416
2022     73      19     25        0.00    13.416
2022     73      19     30        0.00    13.416
2022     73      19     35        0.00    13.416
2022     73      19     40        0.00    13.416
2022     73      19     45        0.00    13.416
2022     73      19     50        0.00    13.416
2022     73      19     55        0.00    13.416
2022     73      20      0        0.00    13.416
2022     73      20      5        0.00    13.416
2022     73      20     10        0.00    13.416
2022     73      20     15        0.00    13.416
2022     73      20     20        0.00    13.416
2022     73      20     25        0.00    13.416
2022     73      20     30        0.00    13.416
2022     73      20     35        0.00    13.416
2022     73      20     40        0.00    13.416
2022     73      20     45        0.00    13.416
2022     73      20     50        0.00    13.416
2022     73      20     55        0.00    13.416
2022     73      21      0        0.00    13.416
2022     73      21      5        0.00    13.416
2022     73      21     10        0.00    13.416
2022     73      21     15        0.00    13.416
2022     73      21     20        0.00    13.416
2022     73      21     25        0.00    13.416
2022     73      21     30        0.00    13.416
2022     73      21     35        0.00    13.416
2022     73      21     40        0.00    13.416
2022     73      21     45        0.00    13.416
2022     73      21     50        0.00    13.416
2022     73      21     55        0.00    13.416
2022     73      22      0        0.00    13.416
2022     73      22      5        0.00    13.416
2022     73      22     10        0.00    13.416
2022     73      22     15        0.00    13.416
2022     73      22     20        0.00    13.416
2022     73      22     25        0.00    13.416
2022     73      22     30        0.00    13.416
2022     73      22     35        0.00    13.416
2022     73      22     40        0.00    13.416
2022     73      22     45        0.00    13.416
2022     73      22     50        0.00    13.416
2022     73      22     55        0.00    13.416
2022     73      23      0        0.00    13.416
2022     73      23      5        0.00    13.416
2022     73      23     10        0.00    13.416
2022     73      23     15        0.00    13.416
2022     73      23     20        0.00    13.416
2022     73      23     25        0.00    13.416
2022     73      23     30        0.00    13.416
2022     73      23     35        0.00    13.416
2022     73      23     40        0.00    13.416
2022     73      23     45        0.00    13.416
2022     73      23     50        0.00    13.416
2022     73      23     55        0.00    13.416
2022     74       0      0        0.00    13.416
2022     74       0      5        0.00    13.416
2022     74       0     10        0.00    13.416
2022     74       0     15        0.00    13.416
2022     74       0     20        0.00    13.416
2022     74       0     25        0.00    13.416
2022     74       0     30        0.00    13.416
2022     74       0     35        0.00    13.416
2022     74       0     40        0.00    13.416
2022     74       0     45        0.00    13.416
2022     74       0     50        0.00    13.416
2022     74       0     55        0.00    13.416
2022     74       1      0        0.00    13.416
2022     74       1      5        0.00    13.416
2022     74       1     10        0.00    13.416
2022     74       1     15        0.00    13.416
2022     74       1     20        0.00    13.416
2022     74       1     25        0.00    13.416
2022     74       1     30        0.00    13.416
2022     74       1     35        0.00    13.416
2022     74       1     40        0.00    13.416
2022     74       1     45        0.00    13.416
2022     74       1     50        0.00    13.416
2022     74       1     55        0.00    13.416
2022     74       2      0        0.00    13.416
2022     74       2      5        0.00    13.416
2022     74       2     10        0.00    13.416
2022     74       2     15        0.00    13.416
2022     74       2     20        0.00    13.416
2022     74       2     25        0.00    13.416
2022     74       2     30        0.00    13.416
2022     74       2     35        0.00    13.416
2022     74       2     40        0.00    13.416
2022     74       2     45        0.00    13.416
2022     74       2     50        0.00    13.416
2022     74       2     55        0.00    13.416
2022     74       3      0        0.00    13.416
2022     74       3      5        0.00    13.416
2022     74       3     10        0.00    13.416
2022     74       3     15        0.00    13.416
2022     74       3     20        0.00    13.416
2022     74       3     25        0.00    13.416
2022     74       3     30        0.00    13.416
2022     74       3     35        0.00    13.416
2022     74       3     40        0.00    13.416
2022     74       3     45        0.00    13.416
2022     74       3     50        0.00    13.416
2022     74       3     55        0.00    13.416
2022     74       4      0        0.00    13.416
2022     74       4      5        0.00    13.416
2022     74       4     10        0.00    13.416
2022     74       4     15        0.00    13.416
2022     74       4     20        0.00    13.416
2022     74       4     25        0.00    13.416
2022     74       4     30        0.00    13.416
2022     74       4     35        0.00    13.416
2022     74       4     40        0.00    13.416
2022     74       4     45        0.00    13.416
2022     74       4     50        0.00    13.416
2022     74       4     55        0.00    13.416
2022     74       5      0        0.00    13.416
2022     74       5      5        0.00    13.416
2022     74       5     10        0.00    13.416
2022     74       5     15        0.00    13.416
2022     74       5     20        0.00    13.416
2022     74       5     25        0.00    13.416
2022     74       5     30        0.00    13.416
2022     74       5     35        0.00    13.416
2022     74       5     40        0.00    13.416
2022     74       5     45        0.00    13.416
2022     74       5     50        0.00    13.416
2022     74       5     55        0.00    13.416
2022     74       6      0        0.00    13.416
2022     74       6      5        0.00    13.416
2022     74       6     10        0.00    13.416
2022     74       6     15        0.00    13.416
2022     74       6     20        0.00    13.416
2022     74       6     25        0.00    13.416
2022     74       6     30        0.00    13.416
2022     74       6     35        0.00    13.416
2022     74       6     40        0.00    13.416
2022     74       6     45        0.00    13.416
2022     74       6     50        0.00    13.416
2022     74       6     55        0.00    13.416
2022     74       7      0        0.00    13.416
2022     74       7      5        0.00    13.416
2022     74       7     10        0.00    13.416
2022     74       7     15        0.00    13.416
2022     74       7     20        0.00    13.416
2022     74       7     25        0.00    13.416
2022     74       7     30        0.00    13.416
2022     74       7     35        0.00    13.416
2022     74       7     40        0.00    13.416
2022     74       7     45        0.00    13.416
2022     74       7     50        0.00    13.416
2022     74       7     55        0.00    13.416
2022     74       8      0        0.00    13.416
2022     74       8      5        0.00    13.416
2022     74       8     10        0.00    13.416
2022     74       8     15        0.00    13.416
2022     74       8     20        0.00    13.416
2022     74       8     25        0.00    13.416
2022     74       8     30        0.00    13.416
2022     74       8     35        0.00    13.416
2022     74       8     40        0.00    13.416
2022     74       8     45        0.00    13.416
2022     74       8     50        0.00    13.416
2022     74       8     55        0.00    13.416
2022     74       9      0        0.00    13.416
2022     74       9      5        0.00    13.416
2022     74       9     10        0.00    13.416
2022     74       9     15        0.00    13.416
2022     74       9     20        0.00    13.416
2022     74       9     25        0.00    13.416
2022     74       9     30        0.00    13.416
2022     74       9     35        0.00    13.416
2022     74       9     40        0.00    13.416
2022     74       9     45        0.00    13.416
2022     74       9     50        0.00    13.416
2022     74       9     55        0.00    13.416
2022     74      10      0        0.00    13.416
2022     74      10      5        0.00    13.416
2022     74      10     10        0.00    13.416
2022     74      10     15        0.00    13.416
2022     74      10     20        0.00    13.416
2022     74      10     25        0.00    13.416
2022     74      10     30        0.00    13.416
2022     74      10     35        0.00    13.416
2022     74      10     40        0.00    13.416
2022     74      10     45        0.00    13.416
2022     74      10     50        0.00    13.416
2022     74      10     55        0.00    13.416
2022     74      11      0        0.00    13.416
2022     74      11      5        0.00    13.416
2022     74      11     10        0.00    13.416
2022     74      11     15        0.00    13.416
2022     74      11     20        0.00    13.416
2022     74      11     25        0.00    13.416
2022     74      11     30        0.00    13.416
2022     74      11     35        0.00    13.416
2022     74      11     40        0.00    13.416
2022     74      11     45        0.00    13.416
2022     74      11     50        0.00    13.416
2022     74      11     55        0.00    13.416
2022     74      12      0        0.00    13.416
2022     74      12      5        0.00    13.416
2022     74      12     10        0.00    13.416
2022     74      12     15        0.00    13.416
2022     74      12     20        0.00    13.416
2022     74      12     25        0.00    13.416
2022     74      12     30        0.00    13.416
2022     74      12     35        0.00    13.416
2022     74      12     40        0.00    13.416
2022     74      12     45        0.00    13.416
2022     74      12     50        0.00    13.416
2022     74      12     55        0.00    13.416
2022     74      13      0        0.00    13.416
2022     74      13      5        0.00    13.416
2022     74      13     10        0.00    13.416
2022     74      13     15        0.00    13.416
2022     74      13     20        0.00    13.416
2022     74      13     25        0.00    13.416
2022     74      13     30        0.00    13.416
2022     74      13     35        0.00    13.416
2022     74      13     40        0.00    13.416
2022     74      13     45        0.00    13.416
2022     74      13     50        0.00    13.416
2022     74      13     55        0.00    13.416
2022     74      14      0        0.00    13.416
2022     74      14      5        0.00    13.416
2022     74      14     10        0.00    13.416
2022     74      14     15        0.00    13.416
2022     74      14     20        0.00    13.416
2022     74      14     25        0.00    13.416
2022     74      14     30        0.00    13.416
2022     74      14     35        0.00    13.416
2022     74      14     40        0.00    13.416
2022     74      14     45        0.00    13.416
2022     74      14     50        0.00    13.416
2022     74      14     55        0.00    13.416
2022     74      15      0        0.00    13.416
2022     74      15      5        0.00    13.416
2022     74      15     10        0.00    13.416
2022     74      15     15        0.00    13.416
2022     74      15     20        0.00    13.416
2022     74      15     25        0.00    13.416
2022     74      15     30        0.00    13.416
2022     74      15     35        0.00    13.416
2022     74      15     40        0.00    13.416
2022     74      15     45        0.00    13.416
2022     74      15     50        0.00    13.416
2022     74      15     55        0.00    13.416
2022     74      16      0        0.00    13.416
2022     74      16      5        0.00    13.416
2022     74      16     10        0.00    13.416
2022     74      16     15        0.00    13.416
2022     74      16     20        0.00    13.416
2022     74      16     25        0.00    13.416
2022     74      16     30        0.00    13.416
2022     74      16     35        0.00    13.416
2022     74      16     40        0.00    13.416
2022     74      16     45        0.00    13.416
2022     74      16     50        0.00    13.416
2022     74      16     55        0.00    13.416
2022     74      17      0        0.00    13.416
2022     74      17      5        0.00    13.416
2022     74      17     10        0.00    13.416
2022     74      17     15        0.00    13.416
2022     74      17     20        0.00    13.416
2022     74      17     25        0.00    13.416
2022     74      17     30        0.00    13.416
2022     74      17     35        0.00    13.416
2022     74      17     40        0.00    13.416
2022     74      17     45        0.00    13.416
2022     74      17     50        0.00    13.416
2022     74      17     55        0.00    13.416
2022     74      18      0        0.00    13.416
2022     74      18      5        0.00    13.416
2022     74      18     10        0.00    13.416
2022     74      18     15        0.00    13.416
2022     74      18     20        0.00    13.416
2022     74      18     25        0.00    13.416
2022     74      18     30        0.00    13.416
2022     74      18     35        0.00    13.416
2022     74      18     40        0.00    13.416
2022     74      18     45        0.00    13.416
2022     74      18     50        0.00    13.416
2022     74      18     55        0.00    13.416
2022     74      19      0        0.00    13.416
2022     74      19      5        0.00    13.416
2022     74      19     10        0.00    13.416
2022     74      19     15        0.00    13.416
2022     74      19     20        0.00    13.416
2022     74      19     25        0.00    13.416
2022     74      19     30        0.00    13.416
2022     74      19     35        0.00    13.416
2022     74      19     40        0.00    13.416
2022     74      19     45        0.00    13.416
2022     74      19     50        0.00    13.416
2022     74      19     55        0.00    13.416
2022     74      20      0        0.00    13.416
2022     74      20      5        0.00    13.416
2022     74      20     10        0.00    13.416
2022     74      20     15        0.00    13.416
2022     74      20     20        0.00    13.416
2022     74      20     25        0.00    13.416
2022     74      20     30        0.00    13.416
2022     74      20     35        0.00    13.416
2022     74      20     40        0.00    13.416
2022     74      20     45        0.00    13.416
2022     74      20     50        0.00    13.416
2022     74      20     55        0.00    13.416
2022     74      21      0        0.00    13.416
2022     74      21      5        0.00    13.416
2022     74      21     10        0.00    13.416
2022     74      21     15        0.00    13.416
2022     74      21     20        0.00    13.416
2022     74      21     25        0.00    13.416
2022     74      21     30        0.00    13.416
2022     74      21     35        0.00    13.416
2022     74      21     40        0.00    13.416
2022     74      21     45        0.00    13.416
2022     74      21     50        0.00    13.416
2022     74      21     55        0.00    13.416
2022     74      22      0        0.00    13.416
2022     74      22      5        0.00    13.416
2022     74      22     10        0.00    13.416
2022     74      22     15        0.00    13.416
2022     74      22     20        0.00    13.416
2022     74      22     25        0.00    13.416
2022     74      22     30        0.00    13.416
2022     74      22     35        0.00    13.416
2022     74      22     40        0.00    13.416
2022     74      22     45        0.00    13.416
2022     74      22     50        0.00    13.416
2022     74      22     55        0.00    13.416
2022     74      23      0        0.00    13.416
2022     74      23      5        0.00    13.416
2022     74      23     10        0.00    13.416
2022     74      23     15        0.00    13.416
2022     74      23     20        0.00    13.416
2022     74      23     25        0.00    13.416
2022     74      23     30        0.00    13.416
2022     74      23     35        0.00    13.416
2022     74      23     40        0.00    13.416
