X-point locations.
FORMAT:
YEAR    DAY    HOUR    MIN    TOTAL_RATE   LORRENZ_RATE    WINDING_RATE    ALIGNED_RATE    DISTANCE
2022     72       3     35        0.0000        0.0000        0.0000        0.0000    13.416
2022     72       3     40        0.0000        0.0000        0.0000        0.0000    13.416
2022     72       3     45        0.0000        0.0000        0.0000        0.0000    13.416
2022     72       3     50        0.0000        0.0000        0.0000        0.0000    13.416
2022     72       3     55        0.0000        0.0000        0.0000        0.0000    13.416
2022     72       4      0        0.0000        0.0000        0.0000        0.0000    13.416
2022     72       4      5        0.0000        0.0000        0.0000        0.0000    13.416
2022     72       4     10        0.0000        0.0000        0.0000        0.0000    13.416
2022     72       4     15        0.0000        0.0000        0.0000        0.0000    13.416
2022     72       4     20        0.0000        0.0000        0.0000        0.0000    13.416
2022     72       4     25        0.0000        0.0000        0.0000        0.0000    13.416
2022     72       4     30        0.0000        0.0000        0.0000        0.0000    13.416
2022     72       4     35        0.0000        0.0000        0.0000        0.0000    13.416
2022     72       4     40        0.0000        0.0000        0.0000        0.0000    13.416
2022     72       4     45        0.0000        0.0000        0.0000        0.0000    13.416
2022     72       4     50        0.0000        0.0000        0.0000        0.0000    13.416
2022     72       4     55        0.0000        0.0000        0.0000        0.0000    13.416
2022     72       5      0        0.0000        0.0000        0.0000        0.0000    13.416
2022     72       5      5        0.0000        0.0000        0.0000        0.0000    13.416
2022     72       5     10        0.0000        0.0000        0.0000        0.0000    13.416
2022     72       5     15        0.0000        0.0000        0.0000        0.0000    13.416
2022     72       5     20        0.0000        0.0000        0.0000        0.0000    13.416
2022     72       5     25        0.0000        0.0000        0.0000        0.0000    13.416
2022     72       5     30        0.0000        0.0000        0.0000        0.0000    13.416
2022     72       5     35        0.0000        0.0000        0.0000        0.0000    13.416
2022     72       5     40        0.0000        0.0000        0.0000        0.0000    13.416
2022     72       5     45        0.0000        0.0000        0.0000        0.0000    13.416
2022     72       5     50        0.0000        0.0000        0.0000        0.0000    13.416
2022     72       5     55        0.0000        0.0000        0.0000        0.0000    13.416
2022     72       6      0        0.0000        0.0000        0.0000        0.0000    13.416
2022     72       6      5        0.0000        0.0000        0.0000        0.0000    13.416
2022     72       6     10        0.0000        0.0000        0.0000        0.0000    13.416
2022     72       6     15        0.0000        0.0000        0.0000        0.0000    13.416
2022     72       6     20        0.0000        0.0000        0.0000        0.0000    13.416
2022     72       6     25        0.0000        0.0000        0.0000        0.0000    13.416
2022     72       6     30        0.0000        0.0000        0.0000        0.0000    13.416
2022     72       6     35        0.0000        0.0000        0.0000        0.0000    13.416
2022     72       6     40        0.0000        0.0000        0.0000        0.0000    13.416
2022     72       6     45        0.0000        0.0000        0.0000        0.0000    13.416
2022     72       6     50        0.0000        0.0000        0.0000        0.0000    13.416
2022     72       6     55        0.0000        0.0000        0.0000        0.0000    13.416
2022     72       7      0        0.0000        0.0000        0.0000        0.0000    13.416
2022     72       7      5        0.0000        0.0000        0.0000        0.0000    13.416
2022     72       7     10        0.0000        0.0000        0.0000        0.0000    13.416
2022     72       7     15        0.0000        0.0000        0.0000        0.0000    13.416
2022     72       7     20        0.0000        0.0000        0.0000        0.0000    13.416
2022     72       7     25        0.0000        0.0000        0.0000        0.0000    13.416
2022     72       7     30        0.0000        0.0000        0.0000        0.0000    13.416
2022     72       7     35        0.0000        0.0000        0.0000        0.0000    13.416
2022     72       7     40        0.0000        0.0000        0.0000        0.0000    13.416
2022     72       7     45        0.0000        0.0000        0.0000        0.0000    13.416
2022     72       7     50        0.0000        0.0000        0.0000        0.0000    13.416
2022     72       7     55        0.0000        0.0000        0.0000        0.0000    13.416
2022     72       8      0        0.0000        0.0000        0.0000        0.0000    13.416
2022     72       8      5        0.0000        0.0000        0.0000        0.0000    13.416
2022     72       8     10        0.0000        0.0000        0.0000        0.0000    13.416
2022     72       8     15        0.0000        0.0000        0.0000        0.0000    13.416
2022     72       8     20        0.0000        0.0000        0.0000        0.0000    13.416
2022     72       8     25        0.0000        0.0000        0.0000        0.0000    13.416
2022     72       8     30        0.0000        0.0000        0.0000        0.0000    13.416
2022     72       8     35        0.0000        0.0000        0.0000        0.0000    13.416
2022     72       8     40        0.0000        0.0000        0.0000        0.0000    13.416
2022     72       8     45        0.0000        0.0000        0.0000        0.0000    13.416
2022     72       8     50        0.0000        0.0000        0.0000        0.0000    13.416
2022     72       8     55        0.0000        0.0000        0.0000        0.0000    13.416
2022     72       9      0        0.0000        0.0000        0.0000        0.0000    13.416
2022     72       9      5        0.0000        0.0000        0.0000        0.0000    13.416
2022     72       9     10        0.0000        0.0000        0.0000        0.0000    13.416
2022     72       9     15        0.0000        0.0000        0.0000        0.0000    13.416
2022     72       9     20        0.0000        0.0000        0.0000        0.0000    13.416
2022     72       9     25        0.0000        0.0000        0.0000        0.0000    13.416
2022     72       9     30        0.0000        0.0000        0.0000        0.0000    13.416
2022     72       9     35        0.0000        0.0000        0.0000        0.0000    13.416
2022     72       9     40        0.0000        0.0000        0.0000        0.0000    13.416
2022     72       9     45        0.0000        0.0000        0.0000        0.0000    13.416
2022     72       9     50        0.0000        0.0000        0.0000        0.0000    13.416
2022     72       9     55        0.0000        0.0000        0.0000        0.0000    13.416
2022     72      10      0        0.0000        0.0000        0.0000        0.0000    13.416
2022     72      10      5        0.0000        0.0000        0.0000        0.0000    13.416
2022     72      10     10        0.0000        0.0000        0.0000        0.0000    13.416
2022     72      10     15        0.0000        0.0000        0.0000        0.0000    13.416
2022     72      10     20        0.0000        0.0000        0.0000        0.0000    13.416
2022     72      10     25        0.0000        0.0000        0.0000        0.0000    13.416
2022     72      10     30        0.0000        0.0000        0.0000        0.0000    13.416
2022     72      10     35        0.0000        0.0000        0.0000        0.0000    13.416
2022     72      10     40        0.0000        0.0000        0.0000        0.0000    13.416
2022     72      10     45        0.0000        0.0000        0.0000        0.0000    13.416
2022     72      10     50        0.0000        0.0000        0.0000        0.0000    13.416
2022     72      10     55        0.0000        0.0000        0.0000        0.0000    13.416
2022     72      11      0        0.0000        0.0000        0.0000        0.0000    13.416
2022     72      11      5        0.0000        0.0000        0.0000        0.0000    13.416
2022     72      11     10        0.0000        0.0000        0.0000        0.0000    13.416
2022     72      11     15        0.0286        0.0234        0.0639        0.0722     9.641
2022     72      11     20        0.0200        0.0706        0.0317        0.0856     9.522
2022     72      11     25        0.0000        0.0000        0.0000        0.0000    13.416
2022     72      11     30        0.0000        0.0000        0.0000        0.0000    13.416
2022     72      11     35        0.0188        0.0002        0.0226        0.0333     9.440
2022     72      11     40        0.0000        0.0000        0.0000        0.0000    13.416
2022     72      11     45        0.0000        0.0000        0.0000        0.0000    13.416
2022     72      11     50        0.0000        0.0000        0.0000        0.0000    13.416
2022     72      11     55        0.0094        0.0048        0.1041        0.1046     9.120
2022     72      12      0        0.0607        0.2221        0.1415        0.3085     9.040
2022     72      12      5        0.1444        0.8241        0.1393        0.9325     8.961
2022     72      12     10        0.2504        1.3440        0.3744        1.5601     8.882
2022     72      12     15        0.3026        1.4130        0.3989        1.6664     8.886
2022     72      12     20        0.4068        1.5099        0.4111        1.8203     8.738
2022     72      12     25        0.4076        0.9969        0.4200        1.2951     8.701
2022     72      12     30        0.4546        0.8525        0.4991        1.1617     8.581
2022     72      12     35        0.4170        1.5194        0.5164        1.8399     8.536
2022     72      12     40        0.4300        1.9643        0.7282        2.3373     8.496
2022     72      12     45        0.4673        1.7550        0.6737        2.0939     8.454
2022     72      12     50        0.4279        1.7537        0.6712        2.1327     8.501
2022     72      12     55        0.4735        1.7682        0.6804        2.1674     8.467
2022     72      13      0        0.5096        2.1524        0.8321        2.6024     8.438
2022     72      13      5        0.4735        0.9484        0.5361        1.2951     8.511
2022     72      13     10        0.5163        1.9274        0.7534        2.3580     8.450
2022     72      13     15        0.5491        1.8809        0.7039        2.2943     8.420
2022     72      13     20        0.5670        1.3257        0.5346        1.7088     8.509
2022     72      13     25        0.4745        0.4911        0.3430        0.7938     8.723
2022     72      13     30        0.2954        0.2953        0.1741        0.4741     8.871
2022     72      13     35        0.2190        0.0814        0.1028        0.2167     8.857
2022     72      13     40        0.1246        0.0923        0.0304        0.1612     8.892
2022     72      13     45        0.0666        0.1931        0.1466        0.3090     8.916
2022     72      13     50        0.0358        0.1689        0.2567        0.3396     8.822
2022     72      13     55        0.0376        1.1813        0.5993        1.3458     8.871
2022     72      14      0        0.0873        1.1397        0.5716        1.2658     8.782
2022     72      14      5        0.0969        0.5635        0.4370        0.6820     8.787
2022     72      14     10        0.1182        0.8927        0.5031        1.0011     8.782
2022     72      14     15        0.1002        0.5362        0.3548        0.6440     8.822
2022     72      14     20        0.1503        0.7246        0.3663        0.9091     8.920
2022     72      14     25        0.1467        0.4330        0.2799        0.6023     9.011
2022     72      14     30        0.1960        1.1544        0.5199        1.4067     9.003
2022     72      14     35        0.2219        0.4484        0.3073        0.6880     9.083
2022     72      14     40        0.2134        0.3716        0.2543        0.2384     9.202
2022     72      14     45        0.2749        0.2827        0.2377        0.1196     9.365
2022     72      14     50        0.3174        0.0563        0.2510        0.2570     9.418
2022     72      14     55        0.2759        0.5307        0.1965        0.3080     9.392
2022     72      15      0        0.2796        0.4654        0.3277        0.7541     9.471
2022     72      15      5        0.2439        0.0828        0.1915        0.2925     9.445
2022     72      15     10        0.2311        0.2610        0.1981        0.4526     9.489
2022     72      15     15        0.2374        0.3329        0.2507        0.5311     9.612
2022     72      15     20        0.2330        0.1335        0.2095        0.3167     9.652
2022     72      15     25        0.2438        0.2242        0.2307        0.4074     9.719
2022     72      15     30        0.2021        0.2154        0.2263        0.3713     9.688
2022     72      15     35        0.0000        0.0000        0.0000        0.0000    13.416
2022     72      15     40        0.1815        0.3272        0.2337        0.4657     9.753
2022     72      15     45        0.1943        0.5201        0.2716        0.6725     9.767
2022     72      15     50        0.0000        0.0000        0.0000        0.0000    13.416
2022     72      15     55        0.0000        0.0000        0.0000        0.0000    13.416
2022     72      16      0        0.0000        0.0000        0.0000        0.0000    13.416
2022     72      16      5        0.1963        0.3746        0.2665        0.5155     9.855
2022     72      16     10        0.2429        0.8772        0.3735        1.1351     9.443
2022     72      16     15        0.2150        0.5114        0.2978        0.7268     9.369
2022     72      16     20        0.2391        1.0456        0.4335        1.3095     9.367
2022     72      16     25        0.2030        0.4026        0.2699        0.5914     9.570
2022     72      16     30        0.2156        0.6442        0.3197        0.8599     9.444
2022     72      16     35        0.1806        0.0673        0.2189        0.1171     9.409
2022     72      16     40        0.2174        0.6431        0.3318        0.8718     9.268
2022     72      16     45        0.1291        0.0229        0.2510        0.1471     9.065
2022     72      16     50        0.1580        0.1178        0.2109        0.1029     9.209
2022     72      16     55        0.1128        0.0177        0.2204        0.1315     9.042
2022     72      17      0        0.1901        0.4545        0.2813        0.5249     9.055
2022     72      17      5        0.1670        0.1501        0.3918        0.2624     8.858
2022     72      17     10        0.1596        0.3261        0.3829        0.5040     8.963
2022     72      17     15        0.1162        0.8679        0.3103        0.8321     8.911
2022     72      17     20        0.1347        0.9278        0.3850        0.9042     8.904
2022     72      17     25        0.1036        0.2528        0.2687        0.2690     8.865
2022     72      17     30        0.0479        1.0576        0.2511        1.0460     8.930
2022     72      17     35        0.0490        0.6081        0.0489        0.5635     8.977
2022     72      17     40        0.0828        0.4512        0.1818        0.4140     8.904
2022     72      17     45        0.0881        0.6470        0.1165        0.5816     8.911
2022     72      17     50        0.1725        0.1700        0.1885        0.1023     9.075
2022     72      17     55        0.1886        0.4607        0.1826        0.3093     9.057
2022     72      18      0        0.2513        0.8742        0.2440        0.6687     9.045
2022     72      18      5        0.3185        0.6203        0.2936        0.3691     9.080
2022     72      18     10        0.3394        0.8318        0.3305        0.5654     9.080
2022     72      18     15        0.3289        0.9671        0.3435        0.7110     9.069
2022     72      18     20        0.3801        0.5420        0.3108        0.2481     9.144
2022     72      18     25        0.3337        0.5980        0.3180        0.3484     9.191
2022     72      18     30        0.3224        0.5359        0.2817        0.2960     9.255
2022     72      18     35        0.2510        0.6990        0.2932        0.5128     9.400
2022     72      18     40        0.2294        0.6007        0.2639        0.4432     9.527
2022     72      18     45        0.2532        0.4577        0.2550        0.2982     9.562
2022     72      18     50        0.2253        0.5810        0.2663        0.4177     9.801
2022     72      18     55        0.2960        0.6500        0.2687        0.4094     9.576
2022     72      19      0        0.2727        0.4639        0.2758        0.2695     9.848
2022     72      19      5        0.0000        0.0000        0.0000        0.0000    13.416
2022     72      19     10        0.0000        0.0000        0.0000        0.0000    13.416
2022     72      19     15        0.0000        0.0000        0.0000        0.0000    13.416
2022     72      19     20        0.0000        0.0000        0.0000        0.0000    13.416
2022     72      19     25        0.0000        0.0000        0.0000        0.0000    13.416
2022     72      19     30        0.0000        0.0000        0.0000        0.0000    13.416
2022     72      19     35        0.0000        0.0000        0.0000        0.0000    13.416
2022     72      19     40        0.0000        0.0000        0.0000        0.0000    13.416
2022     72      19     45        0.0000        0.0000        0.0000        0.0000    13.416
2022     72      19     50        0.0000        0.0000        0.0000        0.0000    13.416
2022     72      19     55        0.0000        0.0000        0.0000        0.0000    13.416
2022     72      20      0        0.0000        0.0000        0.0000        0.0000    13.416
2022     72      20      5        0.0000        0.0000        0.0000        0.0000    13.416
2022     72      20     10        0.2092        0.3255        0.3027        0.2411     9.563
2022     72      20     15        0.2499        0.0734        0.3124        0.2829     9.360
2022     72      20     20        0.2541        0.3881        0.3014        0.2740     9.280
2022     72      20     25        0.2619        0.5163        0.3286        0.3734     9.200
2022     72      20     30        0.2624        0.5616        0.3211        0.4007     9.160
2022     72      20     35        0.3117        0.1335        0.3311        0.3410     9.160
2022     72      20     40        0.3350        0.1049        0.3605        0.5572     9.120
2022     72      20     45        0.3137        0.0032        0.3738        0.4620     9.080
2022     72      20     50        0.3232        0.1244        0.3857        0.5818     9.043
2022     72      20     55        0.2753        0.3411        0.3703        0.3176     9.080
2022     72      21      0        0.3183        0.1631        0.3806        0.5873     9.080
2022     72      21      5        0.3175        0.0880        0.3416        0.5172     9.201
2022     72      21     10        0.2531        0.4806        0.2895        0.3423     9.405
2022     72      21     15        0.3073        0.0252        0.3013        0.4357     9.444
2022     72      21     20        0.2405        0.3826        0.2712        0.2664     9.730
2022     72      21     25        0.2363        0.3813        0.3089        0.2821     9.768
2022     72      21     30        0.0000        0.0000        0.0000        0.0000    13.416
2022     72      21     35        0.0000        0.0000        0.0000        0.0000    13.416
2022     72      21     40        0.0000        0.0000        0.0000        0.0000    13.416
2022     72      21     45        0.0000        0.0000        0.0000        0.0000    13.416
2022     72      21     50        0.0000        0.0000        0.0000        0.0000    13.416
2022     72      21     55        0.0000        0.0000        0.0000        0.0000    13.416
2022     72      22      0        0.0000        0.0000        0.0000        0.0000    13.416
2022     72      22      5        0.3479        0.5842        0.3454        0.9082     9.480
2022     72      22     10        0.3890        0.2525        0.4382        0.2998     9.124
2022     72      22     15        0.4045        0.4041        0.5704        0.3703     8.840
2022     72      22     20        0.4361        0.8324        0.6370        1.3270     8.761
2022     72      22     25        0.4282        0.9286        0.6640        1.4517     8.680
2022     72      22     30        0.3643        1.2008        0.8376        1.1008     8.601
2022     72      22     35        0.3328        0.2269        0.5534        0.4341     8.642
2022     72      22     40        0.2884        0.2391        0.2551        0.2427     8.883
2022     72      22     45        0.2144        0.3641        0.1140        0.1839     9.044
2022     72      22     50        0.1387        0.2022        0.0340        0.0666     8.929
2022     72      22     55        0.0530        0.0118        0.1298        0.1170     8.889
2022     72      23      0        0.0477        0.1701        0.2363        0.3125     9.015
2022     72      23      5        0.0247        0.2438        0.2834        0.3491     8.853
2022     72      23     10        0.0211        0.3619        0.2910        0.4440     8.933
2022     72      23     15        0.0284        0.3313        0.3350        0.4435     8.853
2022     72      23     20        0.0320        0.2905        0.3376        0.4313     8.853
2022     72      23     25        0.0471        0.1794        0.2667        0.3293     8.975
2022     72      23     30        0.0977        0.0832        0.2806        0.2842     9.139
2022     72      23     35        0.2374        0.4573        0.0206        0.2459     9.677
2022     72      23     40        0.2646        0.6313        0.2006        0.4028     9.928
2022     72      23     45        0.0000        0.0000        0.0000        0.0000    13.416
2022     72      23     50        0.0000        0.0000        0.0000        0.0000    13.416
2022     72      23     55        0.0000        0.0000        0.0000        0.0000    13.416
2022     73       0      0        0.0000        0.0000        0.0000        0.0000    13.416
2022     73       0      5        0.0000        0.0000        0.0000        0.0000    13.416
2022     73       0     10        0.0000        0.0000        0.0000        0.0000    13.416
2022     73       0     15        0.0000        0.0000        0.0000        0.0000    13.416
2022     73       0     20        0.0000        0.0000        0.0000        0.0000    13.416
2022     73       0     25        0.0000        0.0000        0.0000        0.0000    13.416
2022     73       0     30        0.0000        0.0000        0.0000        0.0000    13.416
2022     73       0     35        0.0000        0.0000        0.0000        0.0000    13.416
2022     73       0     40        0.0000        0.0000        0.0000        0.0000    13.416
2022     73       0     45        0.0000        0.0000        0.0000        0.0000    13.416
2022     73       0     50        0.0000        0.0000        0.0000        0.0000    13.416
2022     73       0     55        0.0000        0.0000        0.0000        0.0000    13.416
2022     73       1      0        0.0000        0.0000        0.0000        0.0000    13.416
2022     73       1      5        0.0000        0.0000        0.0000        0.0000    13.416
2022     73       1     10        0.0000        0.0000        0.0000        0.0000    13.416
2022     73       1     15        0.0000        0.0000        0.0000        0.0000    13.416
2022     73       1     20        0.0000        0.0000        0.0000        0.0000    13.416
2022     73       1     25        0.0000        0.0000        0.0000        0.0000    13.416
2022     73       1     30        0.0000        0.0000        0.0000        0.0000    13.416
2022     73       1     35        0.0000        0.0000        0.0000        0.0000    13.416
2022     73       1     40        0.0000        0.0000        0.0000        0.0000    13.416
2022     73       1     45        0.0000        0.0000        0.0000        0.0000    13.416
2022     73       1     50        0.0000        0.0000        0.0000        0.0000    13.416
2022     73       1     55        0.0000        0.0000        0.0000        0.0000    13.416
2022     73       2      0        0.0000        0.0000        0.0000        0.0000    13.416
2022     73       2      5        0.0000        0.0000        0.0000        0.0000    13.416
2022     73       2     10        0.0000        0.0000        0.0000        0.0000    13.416
2022     73       2     15        0.0000        0.0000        0.0000        0.0000    13.416
2022     73       2     20        0.0000        0.0000        0.0000        0.0000    13.416
2022     73       2     25        0.0000        0.0000        0.0000        0.0000    13.416
2022     73       2     30        0.0000        0.0000        0.0000        0.0000    13.416
2022     73       2     35        0.0000        0.0000        0.0000        0.0000    13.416
2022     73       2     40        0.0000        0.0000        0.0000        0.0000    13.416
2022     73       2     45        0.0000        0.0000        0.0000        0.0000    13.416
2022     73       2     50        0.0000        0.0000        0.0000        0.0000    13.416
2022     73       2     55        0.0000        0.0000        0.0000        0.0000    13.416
2022     73       3      0        0.0000        0.0000        0.0000        0.0000    13.416
2022     73       3      5        0.0000        0.0000        0.0000        0.0000    13.416
2022     73       3     10        0.0000        0.0000        0.0000        0.0000    13.416
2022     73       3     15        0.0000        0.0000        0.0000        0.0000    13.416
2022     73       3     20        0.0000        0.0000        0.0000        0.0000    13.416
2022     73       3     25        0.0000        0.0000        0.0000        0.0000    13.416
2022     73       3     30        0.0000        0.0000        0.0000        0.0000    13.416
2022     73       3     35        0.0000        0.0000        0.0000        0.0000    13.416
2022     73       3     40        0.0000        0.0000        0.0000        0.0000    13.416
2022     73       3     45        0.0000        0.0000        0.0000        0.0000    13.416
2022     73       3     50        0.0000        0.0000        0.0000        0.0000    13.416
2022     73       3     55        0.0000        0.0000        0.0000        0.0000    13.416
2022     73       4      0        0.0000        0.0000        0.0000        0.0000    13.416
2022     73       4      5        0.0000        0.0000        0.0000        0.0000    13.416
2022     73       4     10        0.0000        0.0000        0.0000        0.0000    13.416
2022     73       4     15        0.0000        0.0000        0.0000        0.0000    13.416
2022     73       4     20        0.0000        0.0000        0.0000        0.0000    13.416
2022     73       4     25        0.0000        0.0000        0.0000        0.0000    13.416
2022     73       4     30        0.0000        0.0000        0.0000        0.0000    13.416
2022     73       4     35        0.0000        0.0000        0.0000        0.0000    13.416
2022     73       4     40        0.0000        0.0000        0.0000        0.0000    13.416
2022     73       4     45        0.0000        0.0000        0.0000        0.0000    13.416
2022     73       4     50        0.0000        0.0000        0.0000        0.0000    13.416
2022     73       4     55        0.0000        0.0000        0.0000        0.0000    13.416
2022     73       5      0        0.0000        0.0000        0.0000        0.0000    13.416
2022     73       5      5        0.0000        0.0000        0.0000        0.0000    13.416
2022     73       5     10        0.0000        0.0000        0.0000        0.0000    13.416
2022     73       5     15        0.0000        0.0000        0.0000        0.0000    13.416
2022     73       5     20        0.0000        0.0000        0.0000        0.0000    13.416
2022     73       5     25        0.0000        0.0000        0.0000        0.0000    13.416
2022     73       5     30        0.0000        0.0000        0.0000        0.0000    13.416
2022     73       5     35        0.0000        0.0000        0.0000        0.0000    13.416
2022     73       5     40        0.0000        0.0000        0.0000        0.0000    13.416
2022     73       5     45        0.0000        0.0000        0.0000        0.0000    13.416
2022     73       5     50        0.0000        0.0000        0.0000        0.0000    13.416
2022     73       5     55        0.0000        0.0000        0.0000        0.0000    13.416
2022     73       6      0        0.0000        0.0000        0.0000        0.0000    13.416
2022     73       6      5        0.0000        0.0000        0.0000        0.0000    13.416
2022     73       6     10        0.0000        0.0000        0.0000        0.0000    13.416
2022     73       6     15        0.0000        0.0000        0.0000        0.0000    13.416
2022     73       6     20        0.0000        0.0000        0.0000        0.0000    13.416
2022     73       6     25        0.0000        0.0000        0.0000        0.0000    13.416
2022     73       6     30        0.0000        0.0000        0.0000        0.0000    13.416
2022     73       6     35        0.0000        0.0000        0.0000        0.0000    13.416
2022     73       6     40        0.0000        0.0000        0.0000        0.0000    13.416
2022     73       6     45        0.0000        0.0000        0.0000        0.0000    13.416
2022     73       6     50        0.0000        0.0000        0.0000        0.0000    13.416
2022     73       6     55        0.0000        0.0000        0.0000        0.0000    13.416
2022     73       7      0        0.0000        0.0000        0.0000        0.0000    13.416
2022     73       7      5        0.0000        0.0000        0.0000        0.0000    13.416
2022     73       7     10        0.0000        0.0000        0.0000        0.0000    13.416
2022     73       7     15        0.0000        0.0000        0.0000        0.0000    13.416
2022     73       7     20        0.0000        0.0000        0.0000        0.0000    13.416
2022     73       7     25        0.0000        0.0000        0.0000        0.0000    13.416
2022     73       7     30        0.0000        0.0000        0.0000        0.0000    13.416
2022     73       7     35        0.0000        0.0000        0.0000        0.0000    13.416
2022     73       7     40        0.0000        0.0000        0.0000        0.0000    13.416
2022     73       7     45        0.0000        0.0000        0.0000        0.0000    13.416
2022     73       7     50        0.0000        0.0000        0.0000        0.0000    13.416
2022     73       7     55        0.0000        0.0000        0.0000        0.0000    13.416
2022     73       8      0        0.0000        0.0000        0.0000        0.0000    13.416
2022     73       8      5        0.0000        0.0000        0.0000        0.0000    13.416
2022     73       8     10        0.0000        0.0000        0.0000        0.0000    13.416
2022     73       8     15        0.0000        0.0000        0.0000        0.0000    13.416
2022     73       8     20        0.0000        0.0000        0.0000        0.0000    13.416
2022     73       8     25        0.0000        0.0000        0.0000        0.0000    13.416
2022     73       8     30        0.0000        0.0000        0.0000        0.0000    13.416
2022     73       8     35        0.0000        0.0000        0.0000        0.0000    13.416
2022     73       8     40        0.0000        0.0000        0.0000        0.0000    13.416
2022     73       8     45        0.0000        0.0000        0.0000        0.0000    13.416
2022     73       8     50        0.0000        0.0000        0.0000        0.0000    13.416
2022     73       8     55        0.0000        0.0000        0.0000        0.0000    13.416
2022     73       9      0        0.0000        0.0000        0.0000        0.0000    13.416
2022     73       9      5        0.0000        0.0000        0.0000        0.0000    13.416
2022     73       9     10        0.0000        0.0000        0.0000        0.0000    13.416
2022     73       9     15        0.0000        0.0000        0.0000        0.0000    13.416
2022     73       9     20        0.0000        0.0000        0.0000        0.0000    13.416
2022     73       9     25        0.0000        0.0000        0.0000        0.0000    13.416
2022     73       9     30        0.0000        0.0000        0.0000        0.0000    13.416
2022     73       9     35        0.0000        0.0000        0.0000        0.0000    13.416
2022     73       9     40        0.0000        0.0000        0.0000        0.0000    13.416
2022     73       9     45        0.0000        0.0000        0.0000        0.0000    13.416
2022     73       9     50        0.0000        0.0000        0.0000        0.0000    13.416
2022     73       9     55        0.0000        0.0000        0.0000        0.0000    13.416
2022     73      10      0        0.0000        0.0000        0.0000        0.0000    13.416
2022     73      10      5        0.0000        0.0000        0.0000        0.0000    13.416
2022     73      10     10        0.0000        0.0000        0.0000        0.0000    13.416
2022     73      10     15        0.0000        0.0000        0.0000        0.0000    13.416
2022     73      10     20        0.0000        0.0000        0.0000        0.0000    13.416
2022     73      10     25        0.0000        0.0000        0.0000        0.0000    13.416
2022     73      10     30        0.0000        0.0000        0.0000        0.0000    13.416
2022     73      10     35        0.0000        0.0000        0.0000        0.0000    13.416
2022     73      10     40        0.0000        0.0000        0.0000        0.0000    13.416
2022     73      10     45        0.0000        0.0000        0.0000        0.0000    13.416
2022     73      10     50        0.0000        0.0000        0.0000        0.0000    13.416
2022     73      10     55        0.0000        0.0000        0.0000        0.0000    13.416
2022     73      11      0        0.0000        0.0000        0.0000        0.0000    13.416
2022     73      11      5        0.0000        0.0000        0.0000        0.0000    13.416
2022     73      11     10        0.0000        0.0000        0.0000        0.0000    13.416
2022     73      11     15        0.0000        0.0000        0.0000        0.0000    13.416
2022     73      11     20        0.0000        0.0000        0.0000        0.0000    13.416
2022     73      11     25        0.0000        0.0000        0.0000        0.0000    13.416
2022     73      11     30        0.0000        0.0000        0.0000        0.0000    13.416
2022     73      11     35        0.0000        0.0000        0.0000        0.0000    13.416
2022     73      11     40        0.0000        0.0000        0.0000        0.0000    13.416
2022     73      11     45        0.0000        0.0000        0.0000        0.0000    13.416
2022     73      11     50        0.0000        0.0000        0.0000        0.0000    13.416
2022     73      11     55        0.0000        0.0000        0.0000        0.0000    13.416
2022     73      12      0        0.0000        0.0000        0.0000        0.0000    13.416
2022     73      12      5        0.0000        0.0000        0.0000        0.0000    13.416
2022     73      12     10        0.0000        0.0000        0.0000        0.0000    13.416
2022     73      12     15        0.0000        0.0000        0.0000        0.0000    13.416
2022     73      12     20        0.0000        0.0000        0.0000        0.0000    13.416
2022     73      12     25        0.0000        0.0000        0.0000        0.0000    13.416
2022     73      12     30        0.0000        0.0000        0.0000        0.0000    13.416
2022     73      12     35        0.0000        0.0000        0.0000        0.0000    13.416
2022     73      12     40        0.0000        0.0000        0.0000        0.0000    13.416
2022     73      12     45        0.0000        0.0000        0.0000        0.0000    13.416
2022     73      12     50        0.0000        0.0000        0.0000        0.0000    13.416
2022     73      12     55        0.0000        0.0000        0.0000        0.0000    13.416
2022     73      13      0        0.0000        0.0000        0.0000        0.0000    13.416
2022     73      13      5        0.0000        0.0000        0.0000        0.0000    13.416
2022     73      13     10        0.0000        0.0000        0.0000        0.0000    13.416
2022     73      13     15        0.0000        0.0000        0.0000        0.0000    13.416
2022     73      13     20        0.0000        0.0000        0.0000        0.0000    13.416
2022     73      13     25        0.0000        0.0000        0.0000        0.0000    13.416
2022     73      13     30        0.0000        0.0000        0.0000        0.0000    13.416
2022     73      13     35        0.0000        0.0000        0.0000        0.0000    13.416
2022     73      13     40        0.0000        0.0000        0.0000        0.0000    13.416
2022     73      13     45        0.0000        0.0000        0.0000        0.0000    13.416
2022     73      13     50        0.0000        0.0000        0.0000        0.0000    13.416
2022     73      13     55        0.0000        0.0000        0.0000        0.0000    13.416
2022     73      14      0        0.0000        0.0000        0.0000        0.0000    13.416
2022     73      14      5        0.0000        0.0000        0.0000        0.0000    13.416
2022     73      14     10        0.0000        0.0000        0.0000        0.0000    13.416
2022     73      14     15        0.0000        0.0000        0.0000        0.0000    13.416
2022     73      14     20        0.0000        0.0000        0.0000        0.0000    13.416
2022     73      14     25        0.0000        0.0000        0.0000        0.0000    13.416
2022     73      14     30        0.0000        0.0000        0.0000        0.0000    13.416
2022     73      14     35        0.0000        0.0000        0.0000        0.0000    13.416
2022     73      14     40        0.0000        0.0000        0.0000        0.0000    13.416
2022     73      14     45        0.0000        0.0000        0.0000        0.0000    13.416
2022     73      14     50        0.0000        0.0000        0.0000        0.0000    13.416
2022     73      14     55        0.0000        0.0000        0.0000        0.0000    13.416
2022     73      15      0        0.0000        0.0000        0.0000        0.0000    13.416
2022     73      15      5        0.0000        0.0000        0.0000        0.0000    13.416
2022     73      15     10        0.0000        0.0000        0.0000        0.0000    13.416
2022     73      15     15        0.0000        0.0000        0.0000        0.0000    13.416
2022     73      15     20        0.0000        0.0000        0.0000        0.0000    13.416
2022     73      15     25        0.0000        0.0000        0.0000        0.0000    13.416
2022     73      15     30        0.0000        0.0000        0.0000        0.0000    13.416
2022     73      15     35        0.0000        0.0000        0.0000        0.0000    13.416
2022     73      15     40        0.0000        0.0000        0.0000        0.0000    13.416
2022     73      15     45        0.0000        0.0000        0.0000        0.0000    13.416
2022     73      15     50        0.0000        0.0000        0.0000        0.0000    13.416
2022     73      15     55        0.0000        0.0000        0.0000        0.0000    13.416
2022     73      16      0        0.0000        0.0000        0.0000        0.0000    13.416
2022     73      16      5        0.0000        0.0000        0.0000        0.0000    13.416
2022     73      16     10        0.0000        0.0000        0.0000        0.0000    13.416
2022     73      16     15        0.0000        0.0000        0.0000        0.0000    13.416
2022     73      16     20        0.0000        0.0000        0.0000        0.0000    13.416
2022     73      16     25        0.0000        0.0000        0.0000        0.0000    13.416
2022     73      16     30        0.0000        0.0000        0.0000        0.0000    13.416
2022     73      16     35        0.0000        0.0000        0.0000        0.0000    13.416
2022     73      16     40        0.0000        0.0000        0.0000        0.0000    13.416
2022     73      16     45        0.0000        0.0000        0.0000        0.0000    13.416
2022     73      16     50        0.0000        0.0000        0.0000        0.0000    13.416
2022     73      16     55        0.0000        0.0000        0.0000        0.0000    13.416
2022     73      17      0        0.0000        0.0000        0.0000        0.0000    13.416
2022     73      17      5        0.0000        0.0000        0.0000        0.0000    13.416
2022     73      17     10        0.0000        0.0000        0.0000        0.0000    13.416
2022     73      17     15        0.0000        0.0000        0.0000        0.0000    13.416
2022     73      17     20        0.0000        0.0000        0.0000        0.0000    13.416
2022     73      17     25        0.0000        0.0000        0.0000        0.0000    13.416
2022     73      17     30        0.0000        0.0000        0.0000        0.0000    13.416
2022     73      17     35        0.0000        0.0000        0.0000        0.0000    13.416
2022     73      17     40        0.0000        0.0000        0.0000        0.0000    13.416
2022     73      17     45        0.0000        0.0000        0.0000        0.0000    13.416
2022     73      17     50        0.0000        0.0000        0.0000        0.0000    13.416
2022     73      17     55        0.0000        0.0000        0.0000        0.0000    13.416
2022     73      18      0        0.0000        0.0000        0.0000        0.0000    13.416
2022     73      18      5        0.0000        0.0000        0.0000        0.0000    13.416
2022     73      18     10        0.0000        0.0000        0.0000        0.0000    13.416
2022     73      18     15        0.0000        0.0000        0.0000        0.0000    13.416
2022     73      18     20        0.0000        0.0000        0.0000        0.0000    13.416
2022     73      18     25        0.0000        0.0000        0.0000        0.0000    13.416
2022     73      18     30        0.0000        0.0000        0.0000        0.0000    13.416
2022     73      18     35        0.0000        0.0000        0.0000        0.0000    13.416
2022     73      18     40        0.0000        0.0000        0.0000        0.0000    13.416
2022     73      18     45        0.0000        0.0000        0.0000        0.0000    13.416
2022     73      18     50        0.0000        0.0000        0.0000        0.0000    13.416
2022     73      18     55        0.0000        0.0000        0.0000        0.0000    13.416
2022     73      19      0        0.0000        0.0000        0.0000        0.0000    13.416
2022     73      19      5        0.0000        0.0000        0.0000        0.0000    13.416
2022     73      19     10        0.0000        0.0000        0.0000        0.0000    13.416
2022     73      19     15        0.0000        0.0000        0.0000        0.0000    13.416
2022     73      19     20        0.0000        0.0000        0.0000        0.0000    13.416
2022     73      19     25        0.0000        0.0000        0.0000        0.0000    13.416
2022     73      19     30        0.0000        0.0000        0.0000        0.0000    13.416
2022     73      19     35        0.0000        0.0000        0.0000        0.0000    13.416
2022     73      19     40        0.0000        0.0000        0.0000        0.0000    13.416
2022     73      19     45        0.0000        0.0000        0.0000        0.0000    13.416
2022     73      19     50        0.0000        0.0000        0.0000        0.0000    13.416
2022     73      19     55        0.0000        0.0000        0.0000        0.0000    13.416
2022     73      20      0        0.0000        0.0000        0.0000        0.0000    13.416
2022     73      20      5        0.0000        0.0000        0.0000        0.0000    13.416
2022     73      20     10        0.0000        0.0000        0.0000        0.0000    13.416
2022     73      20     15        0.0000        0.0000        0.0000        0.0000    13.416
2022     73      20     20        0.0000        0.0000        0.0000        0.0000    13.416
2022     73      20     25        0.0000        0.0000        0.0000        0.0000    13.416
2022     73      20     30        0.0000        0.0000        0.0000        0.0000    13.416
2022     73      20     35        0.0000        0.0000        0.0000        0.0000    13.416
2022     73      20     40        0.0000        0.0000        0.0000        0.0000    13.416
2022     73      20     45        0.0000        0.0000        0.0000        0.0000    13.416
2022     73      20     50        0.0000        0.0000        0.0000        0.0000    13.416
2022     73      20     55        0.0000        0.0000        0.0000        0.0000    13.416
2022     73      21      0        0.0000        0.0000        0.0000        0.0000    13.416
2022     73      21      5        0.0000        0.0000        0.0000        0.0000    13.416
2022     73      21     10        0.0000        0.0000        0.0000        0.0000    13.416
2022     73      21     15        0.0000        0.0000        0.0000        0.0000    13.416
2022     73      21     20        0.0000        0.0000        0.0000        0.0000    13.416
2022     73      21     25        0.0000        0.0000        0.0000        0.0000    13.416
2022     73      21     30        0.0000        0.0000        0.0000        0.0000    13.416
2022     73      21     35        0.0000        0.0000        0.0000        0.0000    13.416
2022     73      21     40        0.0000        0.0000        0.0000        0.0000    13.416
2022     73      21     45        0.0000        0.0000        0.0000        0.0000    13.416
2022     73      21     50        0.0000        0.0000        0.0000        0.0000    13.416
2022     73      21     55        0.0000        0.0000        0.0000        0.0000    13.416
2022     73      22      0        0.0000        0.0000        0.0000        0.0000    13.416
2022     73      22      5        0.0000        0.0000        0.0000        0.0000    13.416
2022     73      22     10        0.0000        0.0000        0.0000        0.0000    13.416
2022     73      22     15        0.0000        0.0000        0.0000        0.0000    13.416
2022     73      22     20        0.0000        0.0000        0.0000        0.0000    13.416
2022     73      22     25        0.0000        0.0000        0.0000        0.0000    13.416
2022     73      22     30        0.0000        0.0000        0.0000        0.0000    13.416
2022     73      22     35        0.0000        0.0000        0.0000        0.0000    13.416
2022     73      22     40        0.0000        0.0000        0.0000        0.0000    13.416
2022     73      22     45        0.0000        0.0000        0.0000        0.0000    13.416
2022     73      22     50        0.0000        0.0000        0.0000        0.0000    13.416
2022     73      22     55        0.0000        0.0000        0.0000        0.0000    13.416
2022     73      23      0        0.0000        0.0000        0.0000        0.0000    13.416
2022     73      23      5        0.0000        0.0000        0.0000        0.0000    13.416
2022     73      23     10        0.0000        0.0000        0.0000        0.0000    13.416
2022     73      23     15        0.0000        0.0000        0.0000        0.0000    13.416
2022     73      23     20        0.0000        0.0000        0.0000        0.0000    13.416
2022     73      23     25        0.0000        0.0000        0.0000        0.0000    13.416
2022     73      23     30        0.0000        0.0000        0.0000        0.0000    13.416
2022     73      23     35        0.0000        0.0000        0.0000        0.0000    13.416
2022     73      23     40        0.0000        0.0000        0.0000        0.0000    13.416
2022     73      23     45        0.0000        0.0000        0.0000        0.0000    13.416
2022     73      23     50        0.0000        0.0000        0.0000        0.0000    13.416
2022     73      23     55        0.0000        0.0000        0.0000        0.0000    13.416
2022     74       0      0        0.0000        0.0000        0.0000        0.0000    13.416
2022     74       0      5        0.0000        0.0000        0.0000        0.0000    13.416
2022     74       0     10        0.0000        0.0000        0.0000        0.0000    13.416
2022     74       0     15        0.0000        0.0000        0.0000        0.0000    13.416
2022     74       0     20        0.0000        0.0000        0.0000        0.0000    13.416
2022     74       0     25        0.0000        0.0000        0.0000        0.0000    13.416
2022     74       0     30        0.0000        0.0000        0.0000        0.0000    13.416
2022     74       0     35        0.0000        0.0000        0.0000        0.0000    13.416
2022     74       0     40        0.0000        0.0000        0.0000        0.0000    13.416
2022     74       0     45        0.0000        0.0000        0.0000        0.0000    13.416
2022     74       0     50        0.0000        0.0000        0.0000        0.0000    13.416
2022     74       0     55        0.0000        0.0000        0.0000        0.0000    13.416
2022     74       1      0        0.0000        0.0000        0.0000        0.0000    13.416
2022     74       1      5        0.0000        0.0000        0.0000        0.0000    13.416
2022     74       1     10        0.0000        0.0000        0.0000        0.0000    13.416
2022     74       1     15        0.0000        0.0000        0.0000        0.0000    13.416
2022     74       1     20        0.0000        0.0000        0.0000        0.0000    13.416
2022     74       1     25        0.0000        0.0000        0.0000        0.0000    13.416
2022     74       1     30        0.0000        0.0000        0.0000        0.0000    13.416
2022     74       1     35        0.0000        0.0000        0.0000        0.0000    13.416
2022     74       1     40        0.0000        0.0000        0.0000        0.0000    13.416
2022     74       1     45        0.0000        0.0000        0.0000        0.0000    13.416
2022     74       1     50        0.0000        0.0000        0.0000        0.0000    13.416
2022     74       1     55        0.0000        0.0000        0.0000        0.0000    13.416
2022     74       2      0        0.0000        0.0000        0.0000        0.0000    13.416
2022     74       2      5        0.0000        0.0000        0.0000        0.0000    13.416
2022     74       2     10        0.0000        0.0000        0.0000        0.0000    13.416
2022     74       2     15        0.0000        0.0000        0.0000        0.0000    13.416
2022     74       2     20        0.0000        0.0000        0.0000        0.0000    13.416
2022     74       2     25        0.0000        0.0000        0.0000        0.0000    13.416
2022     74       2     30        0.0000        0.0000        0.0000        0.0000    13.416
2022     74       2     35        0.0000        0.0000        0.0000        0.0000    13.416
2022     74       2     40        0.0000        0.0000        0.0000        0.0000    13.416
2022     74       2     45        0.0000        0.0000        0.0000        0.0000    13.416
2022     74       2     50        0.0000        0.0000        0.0000        0.0000    13.416
2022     74       2     55        0.0000        0.0000        0.0000        0.0000    13.416
2022     74       3      0        0.0000        0.0000        0.0000        0.0000    13.416
2022     74       3      5        0.0000        0.0000        0.0000        0.0000    13.416
2022     74       3     10        0.0000        0.0000        0.0000        0.0000    13.416
2022     74       3     15        0.0000        0.0000        0.0000        0.0000    13.416
2022     74       3     20        0.0000        0.0000        0.0000        0.0000    13.416
2022     74       3     25        0.0000        0.0000        0.0000        0.0000    13.416
2022     74       3     30        0.0000        0.0000        0.0000        0.0000    13.416
2022     74       3     35        0.0000        0.0000        0.0000        0.0000    13.416
2022     74       3     40        0.0000        0.0000        0.0000        0.0000    13.416
2022     74       3     45        0.0000        0.0000        0.0000        0.0000    13.416
2022     74       3     50        0.0000        0.0000        0.0000        0.0000    13.416
2022     74       3     55        0.0000        0.0000        0.0000        0.0000    13.416
2022     74       4      0        0.0000        0.0000        0.0000        0.0000    13.416
2022     74       4      5        0.0000        0.0000        0.0000        0.0000    13.416
2022     74       4     10        0.0000        0.0000        0.0000        0.0000    13.416
2022     74       4     15        0.0000        0.0000        0.0000        0.0000    13.416
2022     74       4     20        0.0000        0.0000        0.0000        0.0000    13.416
2022     74       4     25        0.0000        0.0000        0.0000        0.0000    13.416
2022     74       4     30        0.0000        0.0000        0.0000        0.0000    13.416
2022     74       4     35        0.0000        0.0000        0.0000        0.0000    13.416
2022     74       4     40        0.0000        0.0000        0.0000        0.0000    13.416
2022     74       4     45        0.0000        0.0000        0.0000        0.0000    13.416
2022     74       4     50        0.0000        0.0000        0.0000        0.0000    13.416
2022     74       4     55        0.0000        0.0000        0.0000        0.0000    13.416
2022     74       5      0        0.0000        0.0000        0.0000        0.0000    13.416
2022     74       5      5        0.0000        0.0000        0.0000        0.0000    13.416
2022     74       5     10        0.0000        0.0000        0.0000        0.0000    13.416
2022     74       5     15        0.0000        0.0000        0.0000        0.0000    13.416
2022     74       5     20        0.0000        0.0000        0.0000        0.0000    13.416
2022     74       5     25        0.0000        0.0000        0.0000        0.0000    13.416
2022     74       5     30        0.0000        0.0000        0.0000        0.0000    13.416
2022     74       5     35        0.0000        0.0000        0.0000        0.0000    13.416
2022     74       5     40        0.0000        0.0000        0.0000        0.0000    13.416
2022     74       5     45        0.0000        0.0000        0.0000        0.0000    13.416
2022     74       5     50        0.0000        0.0000        0.0000        0.0000    13.416
2022     74       5     55        0.0000        0.0000        0.0000        0.0000    13.416
2022     74       6      0        0.0000        0.0000        0.0000        0.0000    13.416
2022     74       6      5        0.0000        0.0000        0.0000        0.0000    13.416
2022     74       6     10        0.0000        0.0000        0.0000        0.0000    13.416
2022     74       6     15        0.0000        0.0000        0.0000        0.0000    13.416
2022     74       6     20        0.0000        0.0000        0.0000        0.0000    13.416
2022     74       6     25        0.0000        0.0000        0.0000        0.0000    13.416
2022     74       6     30        0.0000        0.0000        0.0000        0.0000    13.416
2022     74       6     35        0.0000        0.0000        0.0000        0.0000    13.416
2022     74       6     40        0.0000        0.0000        0.0000        0.0000    13.416
2022     74       6     45        0.0000        0.0000        0.0000        0.0000    13.416
2022     74       6     50        0.0000        0.0000        0.0000        0.0000    13.416
2022     74       6     55        0.0000        0.0000        0.0000        0.0000    13.416
2022     74       7      0        0.0000        0.0000        0.0000        0.0000    13.416
2022     74       7      5        0.0000        0.0000        0.0000        0.0000    13.416
2022     74       7     10        0.0000        0.0000        0.0000        0.0000    13.416
2022     74       7     15        0.0000        0.0000        0.0000        0.0000    13.416
2022     74       7     20        0.0000        0.0000        0.0000        0.0000    13.416
2022     74       7     25        0.0000        0.0000        0.0000        0.0000    13.416
2022     74       7     30        0.0000        0.0000        0.0000        0.0000    13.416
2022     74       7     35        0.0000        0.0000        0.0000        0.0000    13.416
2022     74       7     40        0.0000        0.0000        0.0000        0.0000    13.416
2022     74       7     45        0.0000        0.0000        0.0000        0.0000    13.416
2022     74       7     50        0.0000        0.0000        0.0000        0.0000    13.416
2022     74       7     55        0.0000        0.0000        0.0000        0.0000    13.416
2022     74       8      0        0.0000        0.0000        0.0000        0.0000    13.416
2022     74       8      5        0.0000        0.0000        0.0000        0.0000    13.416
2022     74       8     10        0.0000        0.0000        0.0000        0.0000    13.416
2022     74       8     15        0.0000        0.0000        0.0000        0.0000    13.416
2022     74       8     20        0.0000        0.0000        0.0000        0.0000    13.416
2022     74       8     25        0.0000        0.0000        0.0000        0.0000    13.416
2022     74       8     30        0.0000        0.0000        0.0000        0.0000    13.416
2022     74       8     35        0.0000        0.0000        0.0000        0.0000    13.416
2022     74       8     40        0.0000        0.0000        0.0000        0.0000    13.416
2022     74       8     45        0.0000        0.0000        0.0000        0.0000    13.416
2022     74       8     50        0.0000        0.0000        0.0000        0.0000    13.416
2022     74       8     55        0.0000        0.0000        0.0000        0.0000    13.416
2022     74       9      0        0.0000        0.0000        0.0000        0.0000    13.416
2022     74       9      5        0.0000        0.0000        0.0000        0.0000    13.416
2022     74       9     10        0.0000        0.0000        0.0000        0.0000    13.416
2022     74       9     15        0.0000        0.0000        0.0000        0.0000    13.416
2022     74       9     20        0.0000        0.0000        0.0000        0.0000    13.416
2022     74       9     25        0.0000        0.0000        0.0000        0.0000    13.416
2022     74       9     30        0.0000        0.0000        0.0000        0.0000    13.416
2022     74       9     35        0.0000        0.0000        0.0000        0.0000    13.416
2022     74       9     40        0.0000        0.0000        0.0000        0.0000    13.416
2022     74       9     45        0.0000        0.0000        0.0000        0.0000    13.416
2022     74       9     50        0.0000        0.0000        0.0000        0.0000    13.416
2022     74       9     55        0.0000        0.0000        0.0000        0.0000    13.416
2022     74      10      0        0.0000        0.0000        0.0000        0.0000    13.416
2022     74      10      5        0.0000        0.0000        0.0000        0.0000    13.416
2022     74      10     10        0.0000        0.0000        0.0000        0.0000    13.416
2022     74      10     15        0.0000        0.0000        0.0000        0.0000    13.416
2022     74      10     20        0.0000        0.0000        0.0000        0.0000    13.416
2022     74      10     25        0.0000        0.0000        0.0000        0.0000    13.416
2022     74      10     30        0.0000        0.0000        0.0000        0.0000    13.416
2022     74      10     35        0.0000        0.0000        0.0000        0.0000    13.416
2022     74      10     40        0.0000        0.0000        0.0000        0.0000    13.416
2022     74      10     45        0.0000        0.0000        0.0000        0.0000    13.416
2022     74      10     50        0.0000        0.0000        0.0000        0.0000    13.416
2022     74      10     55        0.0000        0.0000        0.0000        0.0000    13.416
2022     74      11      0        0.0000        0.0000        0.0000        0.0000    13.416
2022     74      11      5        0.0000        0.0000        0.0000        0.0000    13.416
2022     74      11     10        0.0000        0.0000        0.0000        0.0000    13.416
2022     74      11     15        0.0000        0.0000        0.0000        0.0000    13.416
2022     74      11     20        0.0000        0.0000        0.0000        0.0000    13.416
2022     74      11     25        0.0000        0.0000        0.0000        0.0000    13.416
2022     74      11     30        0.0000        0.0000        0.0000        0.0000    13.416
2022     74      11     35        0.0000        0.0000        0.0000        0.0000    13.416
2022     74      11     40        0.0000        0.0000        0.0000        0.0000    13.416
2022     74      11     45        0.0000        0.0000        0.0000        0.0000    13.416
2022     74      11     50        0.0000        0.0000        0.0000        0.0000    13.416
2022     74      11     55        0.0000        0.0000        0.0000        0.0000    13.416
2022     74      12      0        0.0000        0.0000        0.0000        0.0000    13.416
2022     74      12      5        0.0000        0.0000        0.0000        0.0000    13.416
2022     74      12     10        0.0000        0.0000        0.0000        0.0000    13.416
2022     74      12     15        0.0000        0.0000        0.0000        0.0000    13.416
2022     74      12     20        0.0000        0.0000        0.0000        0.0000    13.416
2022     74      12     25        0.0000        0.0000        0.0000        0.0000    13.416
2022     74      12     30        0.0000        0.0000        0.0000        0.0000    13.416
2022     74      12     35        0.0000        0.0000        0.0000        0.0000    13.416
2022     74      12     40        0.0000        0.0000        0.0000        0.0000    13.416
2022     74      12     45        0.0000        0.0000        0.0000        0.0000    13.416
2022     74      12     50        0.0000        0.0000        0.0000        0.0000    13.416
2022     74      12     55        0.0000        0.0000        0.0000        0.0000    13.416
2022     74      13      0        0.0000        0.0000        0.0000        0.0000    13.416
2022     74      13      5        0.0000        0.0000        0.0000        0.0000    13.416
2022     74      13     10        0.0000        0.0000        0.0000        0.0000    13.416
2022     74      13     15        0.0000        0.0000        0.0000        0.0000    13.416
2022     74      13     20        0.0000        0.0000        0.0000        0.0000    13.416
2022     74      13     25        0.0000        0.0000        0.0000        0.0000    13.416
2022     74      13     30        0.0000        0.0000        0.0000        0.0000    13.416
2022     74      13     35        0.0000        0.0000        0.0000        0.0000    13.416
2022     74      13     40        0.0000        0.0000        0.0000        0.0000    13.416
2022     74      13     45        0.0000        0.0000        0.0000        0.0000    13.416
2022     74      13     50        0.0000        0.0000        0.0000        0.0000    13.416
2022     74      13     55        0.0000        0.0000        0.0000        0.0000    13.416
2022     74      14      0        0.0000        0.0000        0.0000        0.0000    13.416
2022     74      14      5        0.0000        0.0000        0.0000        0.0000    13.416
2022     74      14     10        0.0000        0.0000        0.0000        0.0000    13.416
2022     74      14     15        0.0000        0.0000        0.0000        0.0000    13.416
2022     74      14     20        0.0000        0.0000        0.0000        0.0000    13.416
2022     74      14     25        0.0000        0.0000        0.0000        0.0000    13.416
2022     74      14     30        0.0000        0.0000        0.0000        0.0000    13.416
2022     74      14     35        0.0000        0.0000        0.0000        0.0000    13.416
2022     74      14     40        0.0000        0.0000        0.0000        0.0000    13.416
2022     74      14     45        0.0000        0.0000        0.0000        0.0000    13.416
2022     74      14     50        0.0000        0.0000        0.0000        0.0000    13.416
2022     74      14     55        0.0000        0.0000        0.0000        0.0000    13.416
2022     74      15      0        0.0000        0.0000        0.0000        0.0000    13.416
2022     74      15      5        0.0000        0.0000        0.0000        0.0000    13.416
2022     74      15     10        0.0000        0.0000        0.0000        0.0000    13.416
2022     74      15     15        0.0000        0.0000        0.0000        0.0000    13.416
2022     74      15     20        0.0000        0.0000        0.0000        0.0000    13.416
2022     74      15     25        0.0000        0.0000        0.0000        0.0000    13.416
2022     74      15     30        0.0000        0.0000        0.0000        0.0000    13.416
2022     74      15     35        0.0000        0.0000        0.0000        0.0000    13.416
2022     74      15     40        0.0000        0.0000        0.0000        0.0000    13.416
2022     74      15     45        0.0000        0.0000        0.0000        0.0000    13.416
2022     74      15     50        0.0000        0.0000        0.0000        0.0000    13.416
2022     74      15     55        0.0000        0.0000        0.0000        0.0000    13.416
2022     74      16      0        0.0000        0.0000        0.0000        0.0000    13.416
2022     74      16      5        0.0000        0.0000        0.0000        0.0000    13.416
2022     74      16     10        0.0000        0.0000        0.0000        0.0000    13.416
2022     74      16     15        0.0000        0.0000        0.0000        0.0000    13.416
2022     74      16     20        0.0000        0.0000        0.0000        0.0000    13.416
2022     74      16     25        0.0000        0.0000        0.0000        0.0000    13.416
2022     74      16     30        0.0000        0.0000        0.0000        0.0000    13.416
2022     74      16     35        0.0000        0.0000        0.0000        0.0000    13.416
2022     74      16     40        0.0000        0.0000        0.0000        0.0000    13.416
2022     74      16     45        0.0000        0.0000        0.0000        0.0000    13.416
2022     74      16     50        0.0000        0.0000        0.0000        0.0000    13.416
2022     74      16     55        0.0000        0.0000        0.0000        0.0000    13.416
2022     74      17      0        0.0000        0.0000        0.0000        0.0000    13.416
2022     74      17      5        0.0000        0.0000        0.0000        0.0000    13.416
2022     74      17     10        0.0000        0.0000        0.0000        0.0000    13.416
2022     74      17     15        0.0000        0.0000        0.0000        0.0000    13.416
2022     74      17     20        0.0000        0.0000        0.0000        0.0000    13.416
2022     74      17     25        0.0000        0.0000        0.0000        0.0000    13.416
2022     74      17     30        0.0000        0.0000        0.0000        0.0000    13.416
2022     74      17     35        0.0000        0.0000        0.0000        0.0000    13.416
2022     74      17     40        0.0000        0.0000        0.0000        0.0000    13.416
2022     74      17     45        0.0000        0.0000        0.0000        0.0000    13.416
2022     74      17     50        0.0000        0.0000        0.0000        0.0000    13.416
2022     74      17     55        0.0000        0.0000        0.0000        0.0000    13.416
2022     74      18      0        0.0000        0.0000        0.0000        0.0000    13.416
2022     74      18      5        0.0000        0.0000        0.0000        0.0000    13.416
2022     74      18     10        0.0000        0.0000        0.0000        0.0000    13.416
2022     74      18     15        0.0000        0.0000        0.0000        0.0000    13.416
2022     74      18     20        0.0000        0.0000        0.0000        0.0000    13.416
2022     74      18     25        0.0000        0.0000        0.0000        0.0000    13.416
2022     74      18     30        0.0000        0.0000        0.0000        0.0000    13.416
2022     74      18     35        0.0000        0.0000        0.0000        0.0000    13.416
2022     74      18     40        0.0000        0.0000        0.0000        0.0000    13.416
2022     74      18     45        0.0000        0.0000        0.0000        0.0000    13.416
2022     74      18     50        0.0000        0.0000        0.0000        0.0000    13.416
2022     74      18     55        0.0000        0.0000        0.0000        0.0000    13.416
2022     74      19      0        0.0000        0.0000        0.0000        0.0000    13.416
2022     74      19      5        0.0000        0.0000        0.0000        0.0000    13.416
2022     74      19     10        0.0000        0.0000        0.0000        0.0000    13.416
2022     74      19     15        0.0000        0.0000        0.0000        0.0000    13.416
2022     74      19     20        0.0000        0.0000        0.0000        0.0000    13.416
2022     74      19     25        0.0000        0.0000        0.0000        0.0000    13.416
2022     74      19     30        0.0000        0.0000        0.0000        0.0000    13.416
2022     74      19     35        0.0000        0.0000        0.0000        0.0000    13.416
2022     74      19     40        0.0000        0.0000        0.0000        0.0000    13.416
2022     74      19     45        0.0000        0.0000        0.0000        0.0000    13.416
2022     74      19     50        0.0000        0.0000        0.0000        0.0000    13.416
2022     74      19     55        0.0000        0.0000        0.0000        0.0000    13.416
2022     74      20      0        0.0000        0.0000        0.0000        0.0000    13.416
2022     74      20      5        0.0000        0.0000        0.0000        0.0000    13.416
2022     74      20     10        0.0000        0.0000        0.0000        0.0000    13.416
2022     74      20     15        0.0000        0.0000        0.0000        0.0000    13.416
2022     74      20     20        0.0000        0.0000        0.0000        0.0000    13.416
2022     74      20     25        0.0000        0.0000        0.0000        0.0000    13.416
2022     74      20     30        0.0000        0.0000        0.0000        0.0000    13.416
2022     74      20     35        0.0000        0.0000        0.0000        0.0000    13.416
2022     74      20     40        0.0000        0.0000        0.0000        0.0000    13.416
2022     74      20     45        0.0000        0.0000        0.0000        0.0000    13.416
2022     74      20     50        0.0000        0.0000        0.0000        0.0000    13.416
2022     74      20     55        0.0000        0.0000        0.0000        0.0000    13.416
2022     74      21      0        0.0000        0.0000        0.0000        0.0000    13.416
2022     74      21      5        0.0000        0.0000        0.0000        0.0000    13.416
2022     74      21     10        0.0000        0.0000        0.0000        0.0000    13.416
2022     74      21     15        0.0000        0.0000        0.0000        0.0000    13.416
2022     74      21     20        0.0000        0.0000        0.0000        0.0000    13.416
2022     74      21     25        0.0000        0.0000        0.0000        0.0000    13.416
2022     74      21     30        0.0000        0.0000        0.0000        0.0000    13.416
2022     74      21     35        0.0000        0.0000        0.0000        0.0000    13.416
2022     74      21     40        0.0000        0.0000        0.0000        0.0000    13.416
2022     74      21     45        0.0000        0.0000        0.0000        0.0000    13.416
2022     74      21     50        0.0000        0.0000        0.0000        0.0000    13.416
2022     74      21     55        0.0000        0.0000        0.0000        0.0000    13.416
2022     74      22      0        0.0000        0.0000        0.0000        0.0000    13.416
2022     74      22      5        0.0000        0.0000        0.0000        0.0000    13.416
2022     74      22     10        0.0000        0.0000        0.0000        0.0000    13.416
2022     74      22     15        0.0000        0.0000        0.0000        0.0000    13.416
2022     74      22     20        0.0000        0.0000        0.0000        0.0000    13.416
2022     74      22     25        0.0000        0.0000        0.0000        0.0000    13.416
2022     74      22     30        0.0000        0.0000        0.0000        0.0000    13.416
2022     74      22     35        0.0000        0.0000        0.0000        0.0000    13.416
2022     74      22     40        0.0000        0.0000        0.0000        0.0000    13.416
2022     74      22     45        0.0000        0.0000        0.0000        0.0000    13.416
2022     74      22     50        0.0000        0.0000        0.0000        0.0000    13.416
2022     74      22     55        0.0000        0.0000        0.0000        0.0000    13.416
2022     74      23      0        0.0000        0.0000        0.0000        0.0000    13.416
2022     74      23      5        0.0000        0.0000        0.0000        0.0000    13.416
2022     74      23     10        0.0000        0.0000        0.0000        0.0000    13.416
2022     74      23     15        0.0000        0.0000        0.0000        0.0000    13.416
2022     74      23     20        0.0000        0.0000        0.0000        0.0000    13.416
2022     74      23     25        0.0000        0.0000        0.0000        0.0000    13.416
2022     74      23     30        0.0000        0.0000        0.0000        0.0000    13.416
2022     74      23     35        0.0000        0.0000        0.0000        0.0000    13.416
2022     74      23     40        0.0000        0.0000        0.0000        0.0000    13.416
