2024 131 11 30   -0.20   -1.89   -2.86  -421.7    14.9    -9.9   4.15    74749  1.48   359    -7  0  0  0.3562   1.43    0.06   -1.61   -3.00  0.6630  -20.5
2024 131 12 20   -0.45   -1.76   -2.92  -432.2    21.8   -10.0   2.29    41033  0.86   532   -10  0  0  0.3875   0.83   -0.59   -1.62   -2.98  0.6691  -20.3
2024 131 13 10   -2.90    0.01   -2.28  -404.8    11.3     0.6   2.80   107894  0.92   416    -6  0  0  0.3968   0.89   -2.45   -0.65   -2.89  0.6157  -17.8
2024 131 14  0   -2.69   -0.12    0.99  -404.9     4.3   -15.4   3.03    94845  1.00   372     3  0  0  0.4650   0.96   -3.08    0.22   -0.57  0.2124  -11.5
2024 131 14 50   -2.29    1.12    0.75  -417.6    -3.2   -11.8   3.98   146590  1.40   351     8  0  0  0.4796   1.35   -2.64    1.13    0.62  0.0822   -9.3
2024 131 15 40   -1.50    0.84    2.08  -452.3    16.2     2.5  15.03    47432  6.16   174    12  0  0  0.4516   5.96   -1.84    0.26    0.21  0.1414  -20.8
2024 131 16 30   -1.33    1.72    2.22  -445.9    16.5     4.8  15.25    48454  6.08   213     8  0  0  0.4519   5.88   -1.34    1.14    2.00  0.0174  -24.2
2024 131 17 20   -1.98   -3.50   -7.01  -546.9    47.1    39.9  26.56   335738 18.74  1234    67  0  0  0.3755  15.58   -1.68   -0.17   -2.42  0.9138   -5.1
2024 131 18 10  -14.13  -35.93  -31.35  -709.2    19.4    38.4  18.55   594015 18.84  1077   -39  0  0  0.4016  18.14   -6.69  -14.32  -22.30  4.6169  -91.9
2024 131 19  0   12.31  -21.70   12.93  -631.6    51.9    48.0  41.68  1028828 33.86   388  -148  0  0  0.3446  32.61   -5.72   -2.88   -8.09  2.8869 -179.2
2024 131 19 50   -8.88   -1.25  -25.60  -711.2    36.6   -15.6  51.36   187761 52.10  2389  -108  0  0  0.4218  50.48   -3.87  -13.49  -13.10  3.6005 -193.2
2024 131 20 40  -15.38    2.48  -28.24  -694.9    45.6    -9.7  51.53   244542 49.98  1066  -149  0  0  0.3792  48.42  -14.44    7.74  -23.39  5.1437 -200.8
2024 131 21 30  -20.73   -5.28  -37.59  -689.4    -2.5   -24.5  37.60   142235 35.79   611  -217  0  0  0.3956  34.66  -18.97    0.26  -34.80  6.5375 -247.8
2024 131 22 20  -14.83  -59.44  -30.69  -745.7    -5.8    57.1  23.25   342312 26.01  1046  -307  0  0  0.2614  25.19  -17.70  -40.50  -34.00  6.8380 -284.1
2024 131 23 10   -8.87   69.33  -14.65  -755.1   -12.4   -12.5  34.93    73268 39.85  1316  -335  0  0  0.3150  38.60   -0.24   66.91    8.30  3.8152 -330.4
2024 132  0  0  -15.02   60.29  -32.08  -739.5     1.9    23.1   9.00   211029  9.85   622  -315  0  0  0.2300   9.54   -7.63   54.12  -18.36  5.7192 -309.8
2024 132  0 50  -30.64   14.76  -36.69  -752.4    53.5   -39.9  27.25   430901 31.08   873  -311  0  0  0.2481  30.12  -20.89   21.09  -38.59  7.9942 -318.1
2024 132  1 40  -19.86  -22.01  -12.55  -722.2    29.6    38.6  33.89   397458 35.66   909  -413  0  0  0.1369  34.39  -22.06  -15.58  -29.96  6.4890 -401.2
2024 132  2 30    2.62   15.01  -30.11  -729.6    22.5    17.8  33.88   324085 36.12   993  -439  0  0  0.1463  34.99    1.94   12.02  -30.32  6.5178 -446.6
2024 132  3 20  -22.93   -2.84  -17.49  -790.7    14.7   -10.5  33.53    84670 41.95   606  -426  0  0  0.1710  40.63  -15.54   -8.66  -21.19  5.2712 -377.7
2024 132  4 10  -19.51  -27.85  -20.80  -705.6   -24.6   -10.4   8.32   205954  8.31   587  -388  0  0  0.1797   8.04  -16.41  -23.43  -27.62  5.7926 -346.6
2024 132  5  0  -16.72  -34.46    7.71  -703.7   -22.8    43.9  14.00   207331 13.94  1365  -394  0  0  0.1018  13.50  -17.54  -32.71    6.13  2.0021 -372.0
2024 132  5 50  -22.75  -22.96    9.41  -702.6   -45.7    48.0  32.63   322691 32.50   759  -305  0  0  0.1071  31.48  -18.65  -32.03   -0.92  2.5981 -326.5
2024 132  6 40  -17.96   11.67  -37.99  -686.3   -10.1    33.2  29.79   225194 28.14   553  -306  0  0  0.1277  27.25  -19.24    3.03  -32.03  6.0079 -316.5
2024 132  7 30   -1.76   35.32  -15.18  -694.7   -56.1     9.4  40.23   232146 39.10  1645  -381  0  0  0.1904  37.86   -7.22   28.32  -22.79  5.1289 -385.2
2024 132  8 20    4.06   30.12   -8.12  -727.1   -24.3   -37.3  31.73   383985 33.78  1079  -346  0  0  0.2717  32.61    1.72   15.39   -7.90  3.1658 -364.8
2024 132  9 10   -2.88   16.22  -37.64  -677.1    -0.5   -23.9   5.91   156385  5.43  1045  -339  0  0  0.2811   5.25   -5.91   20.10  -35.45  6.7490 -314.8
2024 132 10  0   -7.09    7.31  -23.58  -694.7     7.8   -18.0  22.09   200108 21.37  1904  -317  0 -1  0.3033  20.67   -5.02    5.93  -29.67  5.9349 -300.3
2024 132 10 50    3.15    6.90  -10.57  -733.5    -8.8   -26.2  25.08   352223 27.26  1283  -353  0  0  0.3499  26.17    1.00    3.93  -15.66  3.8253 -335.6
2024 132 11 40  -17.38    1.27  -15.39  -806.1   -62.3   -46.0  11.30   104061 14.83   957  -265  0  0  0.4113  14.35   -4.19    0.71   -5.08  2.3350 -276.8
2024 132 12 30  -12.68   11.67  -20.16  -814.4   -64.2   -51.4  10.84   147702 14.52  1253  -290  0  0  0.4516  14.07   -4.50   14.70  -19.13  5.5138 -278.1
2024 132 13 20  -15.33    4.36  -21.72  -790.5   -82.6   -44.8   9.75    79077 12.34  2143  -303  0  0  0.4792  11.97  -15.35    6.84  -22.32  5.9272 -285.8
2024 132 14 10   -7.98   12.44  -18.16  -769.6   -41.5   -56.2   7.30    80023  8.71  1542  -314  0  0  0.5179   8.44   -9.03   12.54  -19.68  5.2725 -289.6
2024 132 15  0  -11.61    4.35  -19.44  -768.9   -80.6   -13.3  12.92    59385 15.45  1439  -274  0  0  0.4919  14.96   -9.80    8.00  -19.47  5.0846 -270.5
2024 132 15 50   -8.37    1.99  -11.02  -792.4   -60.8     4.7   4.76    56946  6.01  1595  -285  0  0  0.4809   5.82   -8.53   -0.75  -10.77  3.6541 -265.5
2024 132 16 40   -7.45   -7.43   -5.65  -789.2   -10.4     7.9   3.63    58311  4.52  1060  -295  0  0  0.4704   4.38   -7.09   -6.29   -6.85  2.6772 -261.8
2024 132 17 30   -6.02   -3.22   -0.43  -801.2   -22.9    -8.8   5.46   183347  7.02   930  -252  0  0  0.4927   6.80   -5.97   -4.45   -3.48  1.6978 -235.4
2024 132 18 20    2.91    9.64    2.76  -852.6   -37.4   -30.6   9.05   114220 13.42   634  -200  0  0  0.5113  12.78   -3.75    4.49    2.18  0.6334 -209.8
2024 132 19 10    7.18    7.96   -0.90  -910.6    28.5   -53.6  10.24   315179 17.04   685  -198  0  0  0.4884  16.52   -1.18   -0.38   -4.08  2.3880 -197.4
2024 132 20  0    1.54   -1.94   -3.35  -886.0    47.3   -71.0   6.41   487625 10.21   201  -208  0 -1  0.4730   9.84    0.87    3.24    7.42  0.3591 -217.6
2024 132 20 50    5.10    2.77   -0.15  -905.7    29.9   -61.7  10.00   209633 16.56  1731  -173  0  0  0.4402  15.98    5.24    2.50   -4.05  2.2288 -191.6
2024 132 21 40   -9.84   -3.75   10.90  -896.1   -19.2   -54.9   8.86    68383 14.29   764  -176  0  0  0.4240  13.84   -4.87   -2.66    7.25  0.4978 -183.2
2024 132 22 30   -5.06    2.96    9.24  -885.0     6.6   -34.6   8.28   178837 13.01   504  -153  0  0  0.3573  12.58   -6.24   -0.08    8.32  0.1637 -159.0
2024 132 23 20    3.83    8.10    1.12  -887.9   -31.2   -17.7   2.31   569887  3.66   263  -176  0  0  0.3232   3.53    3.34    7.83    2.81  0.9728 -159.5
2024 133  0 10    3.90    4.68    0.79  -930.2    21.2    39.5   2.12   521525  3.69   218  -153  0  0  0.2094   3.56    4.23    5.55    1.30  0.8266 -147.7
2024 133  1  0    3.85   -5.35   -5.75 -1012.0    40.9    42.5   1.76   205892  3.61   668  -145  0  0  0.1729   3.50    4.84    1.15   -2.33  1.9688 -142.0
2024 133  1 50    6.88    2.31   -1.50  -979.6    25.9    43.3   3.38    95834  6.50  1217  -155  0  0  0.1505   6.30    6.89    1.45   -2.40  1.8198 -150.6
2024 133  2 40   -0.77   -4.08   -4.75  -938.5     5.7    -2.5   6.68    44445 11.77  1066  -125  0  0  0.1812  11.40   -1.42   -4.99   -4.24  2.5214 -142.8
2024 133  3 30   -5.94    1.22    4.40  -934.7    -6.7    19.0   5.30    30696  9.27   880  -132  0  0  0.1494   8.97   -5.79    0.72    4.53  0.0054 -154.5
2024 133  4 20   -6.08   -1.88    2.39  -917.7    -1.3    12.4   3.63    28763  6.11   654  -143  0  0  0.1465   5.92   -5.49   -2.48    1.15  0.4422 -148.1
2024 133  5 10   -4.77    0.58    3.63  -906.1    11.8     0.6   2.74    39136  4.49   287  -158  0  0  0.1552   4.36   -5.33   -0.49    2.91  0.0244 -153.6
2024 133  6  0   -4.23    1.46    3.20  -893.4   -12.1    15.2   3.05    30221  4.87   177  -142  0  0  0.1522   4.72   -4.63    0.29    2.95  0.0055 -142.5
2024 133  6 50   -3.56   -1.24    2.22  -885.5   -11.1   -28.2   2.15    37364  3.38   223  -137  0  0  0.2137   3.27   -3.91   -0.60    2.38  0.0108 -132.1
2024 133  7 40   -4.13   -0.29    1.47  -868.9    -6.1    -4.5   1.92    31024  2.89   254  -139  0  0  0.2067   2.81   -3.69   -1.13    1.63  0.0587 -133.4
2024 133  8 30   -4.16   -0.09    1.60  -863.4   -19.0     3.8   1.50    26939  2.23   402  -136  0  0  0.2247   2.17   -4.15   -0.09    1.61  0.0008 -128.9
2024 133  9 20   -4.11   -0.30   -0.62  -840.8    29.2    -0.8   1.12    30405  1.59   643  -102  0  0  0.2537   1.54   -4.21    0.07   -0.25  0.3351 -115.2
2024 133 10 10   -7.80    1.30    6.93  -871.7    31.4  -114.6   3.18    89998  4.91   380  -104  0  0  0.4161   4.77   -8.71    0.61    5.57  0.0017 -115.3
2024 133 11  0   -8.74   -0.84    4.90  -879.1    66.2   -67.8   1.06   595479  1.66   107  -120  0  0  0.3931   1.61   -8.33   -0.29    5.40  0.0077 -110.7
2024 133 11 50   -7.43   -2.45    4.44  -865.7   145.8   -93.3   1.22   621985  1.90    92  -114  0  0  0.4431   1.84   -8.19   -0.73    4.32  0.0186 -106.8
2024 133 12 40   -7.19    3.65    3.35  -886.0    46.2    -4.9   1.11   775262  1.75   108  -111  0  0  0.3918   1.69   -7.44    1.01    4.39  0.0509 -104.3
2024 133 13 30   -7.12    1.04    2.89  -867.5    89.8   -53.4   1.04   594746  1.59    77  -106  0  0  0.4671   1.54   -7.32    1.76    3.31  0.0567 -101.4
2024 133 14 20   -6.35    1.31    2.79  -848.9    89.3   -67.0   0.96   533036  1.42    60  -109  0  0  0.5054   1.36   -6.33    0.38    3.57  0.0092 -103.1
2024 133 15 10   -3.12    4.63   -1.97  -897.1    69.6    85.4   0.96   726757  1.56   203  -107  0  0  0.3579   1.52   -5.14    2.89   -0.17  0.7946 -100.4
2024 133 16  0   -5.43    2.66    0.96  -809.9    82.9    -1.6   0.79   708786  1.06   350  -107  0  0  0.4545   1.01   -5.48    2.38    1.11  0.2906  -99.0
2024 133 16 50   -4.34    2.70    1.62  -805.9    71.1     6.9   0.91   790086  1.19   209  -104  0  0  0.4486   1.15   -4.57    2.19    2.27  0.1451  -98.4
2024 133 17 40   -4.21    3.48    1.87  -838.7    46.5    14.6   1.48  1288765  2.10   243   -99  0  0  0.4433   2.02   -3.91    2.63    1.99  0.2194  -97.0
2024 133 18 30    2.40    3.25    6.44  -910.8    82.5    -9.9   1.50   633305  2.52   410   -93  0  0  0.4432   2.43    1.70    5.04    1.26  0.8560  -96.0
2024 133 19 20   -1.48    6.40   -0.10  -862.0    42.1    72.5   1.96  1136138  2.95   412   -92  0  0  0.3495   2.85   -2.30    5.62    0.61  0.9235  -95.3
2024 133 20 10   -0.69    6.30   -3.10  -862.9    21.3    64.6   2.29   429990  3.44   383   -85  0  0  0.3415   3.32   -0.92    6.02   -0.82  1.3372  -91.8
2024 133 21  0    0.24    6.31   -5.02  -829.0    57.8    91.8   3.76    95238  5.26  1107   -74  0  0  0.2612   5.09   -0.13    6.69   -3.27  1.9659  -87.7
