2023  57 12 30    6.59   -3.01    3.65  -466.5    28.1    -5.8   4.10   130479  1.79   271   -25  0  0 -0.0909   1.73    3.84   -4.66    3.27 -0.0323  0.1632  -37.9
2023  57 12 40    5.78   -2.98    4.62  -467.0    29.0    -5.4   4.19   144550  1.83   219   -25  0  0 -0.0844   1.78    5.20   -4.22    3.17 -0.0314  0.1500  -37.4
2023  57 12 50    5.04   -3.97    4.36  -469.7    26.5   -11.2   4.16   154752  1.84   236   -25  0  0 -0.0781   1.78    5.54   -3.67    3.83 -0.0141  0.0869  -36.7
2023  57 13  0    4.28   -5.06    4.15  -474.2    22.1   -17.0   3.32   115223  1.51   214   -25  0 -1 -0.0719   1.45    4.71   -3.98    4.08 -0.0166  0.0941  -35.9
2023  57 13 10    3.46   -5.50    4.60  -458.2    20.7     4.4   4.07   144629  1.72   203   -25  0  0 -0.0658   1.66    4.07   -5.03    3.91 -0.0218  0.1392  -36.0
2023  57 13 20    3.81   -4.42    4.17  -457.9    -0.1     7.6   4.74   144482  1.99   171   -26  0 -1 -0.0600   1.93    3.56   -5.95    3.72 -0.0292  0.1861  -36.2
2023  57 13 30    4.07   -5.38    3.34  -457.1     6.2     8.3   5.75   166574  2.40   191   -20  0 -1 -0.0542   2.33    3.77   -5.70    4.04 -0.0163  0.1491  -35.9
2023  57 13 40    0.91   -6.70    2.95  -451.3   -13.3     5.7   6.58   115008  2.68   170   -19  0  0 -0.0487   2.60    3.43   -5.69    3.82 -0.0202  0.1567  -36.4
2023  57 13 50    0.74   -6.29    1.06  -447.9    25.8    16.6  10.85   129525  4.37   188   -15  0  0 -0.0434   4.24    2.53   -5.65    3.04 -0.0558  0.2012  -37.4
2023  57 14  0   -0.21   -4.78    0.65  -445.6    33.7    18.5  13.46   128567  5.39   147   -12  0  0 -0.0382   5.22    1.47   -5.83    1.93 -0.1106  0.2794  -39.2
2023  57 14 10    0.04   -3.98    0.34  -443.8    30.0    19.7  13.65   164222  5.41   135   -13  0  0 -0.0333   5.24    0.39   -5.49    0.95 -0.1638  0.3327  -39.2
2023  57 14 20    1.92   -5.70    1.55  -448.5    18.0    33.1   9.93   171489  4.03   149   -13  0  0 -0.0286   3.90    0.22   -4.56    0.73 -0.1488  0.2933  -39.0
2023  57 14 30    2.92   -5.29    3.50  -442.3    21.1    34.6   9.72   192073  3.84   171   -17  0  0 -0.0242   3.71    0.74   -4.77    0.98 -0.1390  0.2884  -38.1
2023  57 14 40    2.54   -7.16    6.17  -459.1     5.5    50.1   5.69    84263  2.43   199   -21  0  0 -0.0199   2.35    1.56   -5.27    2.43 -0.0825  0.2212  -37.4
2023  57 14 50    2.11   -8.54    4.87  -450.8    12.8    42.5   5.33    95450  2.19   169   -23  0  0 -0.0159   2.12    2.24   -6.48    4.09 -0.0585  0.1972  -36.1
2023  57 15  0    0.66   -9.66    0.23  -451.5    30.2    38.1   4.91   140206  2.02    86   -21 -1  0 -0.0122   1.96    1.98   -7.60    3.72 -0.0772  0.2877  -35.4
2023  57 15 10    1.72   -8.36    4.54  -452.9    24.9    45.3   4.73   123654  1.97    88   -20  0  0 -0.0087   1.90    1.45   -8.64    2.74 -0.1325  0.3998  -34.8
2023  57 15 20    1.05   -8.69    3.32  -451.6    30.2    50.8   4.75   142135  1.97   142   -21  0  0 -0.0055   1.91    1.11   -9.08    2.23 -0.1425  0.4397  -34.6
2023  57 15 30    2.91   -6.24    6.85  -455.1    29.8    43.4   4.69    96994  1.97   174   -20  0  0 -0.0026   1.91    1.63   -8.43    3.67 -0.0877  0.3092  -34.6
2023  57 15 40    5.29   -7.44    3.76  -437.5    26.5    36.3   5.28   101949  2.04   149   -20  0  0  0.0001   1.98    2.44   -7.74    4.89 -0.0336  0.2055  -34.4
2023  57 15 50    4.10   -6.42    5.55  -450.7    10.7    28.5   5.50    88979  2.24   189   -19  0  0  0.0025   2.17    3.42   -7.62    4.55 -0.0398  0.2152  -34.0
2023  57 16  0    4.83   -5.95    4.05  -450.4    23.4    26.6   6.08    93062  2.48   141   -16  0  0  0.0045   2.40    4.02   -7.16    4.79 -0.0308  0.1826  -33.3
2023  57 16 10    5.13   -2.71    6.43  -446.3    33.2    26.9   6.40   129970  2.58   122   -15  0  0  0.0063   2.49    4.60   -6.21    4.81 -0.0256  0.1514  -32.9
2023  57 16 20    2.71    0.20    8.09  -452.2    25.2    36.7   5.88   102010  2.43   129   -15  0  0  0.0078   2.35    4.58   -4.81    5.69 -0.0055  0.0706  -32.5
2023  57 16 30    1.47   -0.46    8.83  -473.3    29.1    -4.0   6.07   108970  2.73   101   -13  0  0  0.0091   2.64    3.93   -2.89    6.69 -0.0026  0.0351  -31.9
2023  57 16 40    1.32    0.50    8.96  -471.1    47.9    18.2   6.50   115123  2.92   101   -11  0 -1  0.0100   2.83    2.58   -1.22    7.80 -0.0006  0.0118  -30.4
2023  57 16 50    2.09    0.25    8.55  -466.7    53.2    17.0   6.11    99039  2.70    72   -10  0 -1  0.0106   2.61    1.51   -0.10    8.75 -0.0000  0.0001  -29.4
2023  57 17  0    3.49   -0.40    7.49  -450.5    41.4    14.1   6.59    77934  2.70    55    -9  0  0  0.0109   2.62    1.35   -0.23    8.60 -0.0000  0.0003  -28.7
2023  57 17 10    3.09   -1.41    7.87  -455.0    45.3    18.0   6.61    88472  2.77    32    -8  0  0  0.0109   2.68    2.17   -0.82    8.14 -0.0000  0.0005  -28.7
2023  57 17 20    4.15   -4.68    5.28  -461.5    37.5     8.0   6.11    91339  2.62    66    -7  0  0  0.0106   2.54    2.91   -1.20    7.63 -0.0000  0.0019  -28.1
2023  57 17 30    5.03   -2.74    6.79  -449.4    24.7     5.4   6.53    92561  2.65    58    -7  0  0  0.0100   2.56    3.96   -2.46    6.66 -0.0014  0.0224  -27.4
2023  57 17 40    4.82   -4.85    6.04  -441.7    29.9    18.9   6.92    95257  2.72    33    -6  0  0  0.0091   2.63    4.31   -3.52    6.31 -0.0021  0.0363  -27.3
2023  57 17 50    5.47   -4.63    5.77  -447.0    22.2    16.3   7.22   101707  2.90    97    -9 -1 -1  0.0078   2.80    4.84   -4.56    5.83 -0.0028  0.0518  -27.6
2023  57 18  0    3.32   -6.00    4.95  -452.2    14.6    13.7   7.51   108157  3.09    31    -8 -1 -1  0.0063   2.98    4.75   -4.75    5.94 -0.0029  0.0550  -27.3
2023  57 18 10    4.63   -1.74    7.00  -446.2    42.9    22.7   7.04   110568  2.84   124    -3  0  0  0.0046   2.75    4.30   -5.27    5.38 -0.0112  0.0903  -27.3
2023  57 18 20    4.08   -6.82    4.74  -460.3    30.3    12.7   7.24    68832  3.08    92    -8  0  0  0.0025   2.99    3.81   -4.41    5.84 -0.0108  0.0788  -26.9
2023  57 18 30    2.24   -5.64    7.69  -452.9    27.9    16.3   7.26    65805  2.99    40    -7  0  0  0.0001   2.90    3.05   -4.13    6.68 -0.0102  0.0664  -27.1
2023  57 18 40    3.69   -3.51    7.72  -451.4    33.0    17.6   6.78    68996  2.78    33    -4  0  0 -0.0026   2.69    3.04   -2.98    7.67 -0.0014  0.0233  -25.6
2023  57 18 50    2.20   -4.45    7.08  -456.4    28.9    14.9   6.69   106505  2.80    19    -3  0  0 -0.0055   2.71    2.89   -2.75    7.68 -0.0012  0.0198  -25.2
2023  57 19  0    4.24   -1.55    7.12  -462.2    38.6    14.6   7.48    96655  3.22    43    -5  0  0 -0.0087   3.12    3.22   -2.80    7.17 -0.0015  0.0248  -24.6
2023  57 19 10    2.50   -4.01    6.65  -463.2    22.3     6.2   8.42   109324  3.62    91    -1  0  0 -0.0121   3.51    3.53   -2.13    7.15 -0.0013  0.0187  -24.6
2023  57 19 20    3.49    3.93    6.63  -460.1    57.0    -7.0  10.01    73422  4.30    36     0  0  0 -0.0159   4.17    3.45   -1.87    7.11 -0.0013  0.0194  -19.0
2023  57 19 30    5.67   -1.99    7.87  -481.1    30.8     3.9  11.52   118929  5.39    94    32  0  0 -0.0198   5.19    3.76   -0.57    8.05 -0.0000  0.0053  -14.7
2023  57 19 40   12.17  -17.84    0.82  -449.3    14.6    -2.8   7.16    83767  2.89    74    24  0  0 -0.0241   2.80    4.95   -3.14    7.67 -0.0205  0.0711  -13.1
2023  57 19 50    6.02  -18.93   -2.18  -512.4   -46.3   -58.1  17.67   208096  9.48   313    24  0  0 -0.0285   9.18    7.29   -8.72    5.01 -0.3927  0.4523  -16.6
2023  57 20  0    9.62  -13.98    6.00  -519.4   -62.2  -112.9  16.42   239515  9.41   464    23  0  0 -0.0332   9.11    8.77  -13.74    2.97 -0.6198  0.7101  -21.4
2023  57 20 10   -0.49  -15.75   -5.42  -560.6   -38.5   -92.4  16.27   290131 10.57   618    18  0 -1 -0.0381  10.22    7.87  -16.20    0.05 -0.7733  1.0916  -27.0
2023  57 20 20    1.70  -16.68   -3.83  -548.8   -63.9   -66.2  18.52   144813 11.47   538     9  0  0 -0.0432  11.11    4.63  -15.47   -0.97 -0.6441  1.2140  -34.4
2023  57 20 30    3.54  -15.48    2.62  -566.8   -41.1   -87.7  19.44   212624 12.86   870     5  0  0 -0.0485  12.45    2.55  -14.31   -3.44 -0.6056  1.4156  -43.6
2023  57 20 40    2.37  -12.86    4.58  -562.8   -33.5   -36.1  20.23   252007 12.92   869    -7  0  0 -0.0540  12.51    1.83  -13.85   -2.67 -0.8383  1.3371  -54.0
2023  57 20 50    1.12  -11.68   -4.76  -574.5   -55.6   -83.5  24.42   274919 16.61  1308   -17  0  0 -0.0597  16.09    1.97  -12.63   -1.55 -0.8595  1.1777  -64.0
2023  57 21  0    6.32    0.25   -3.80  -548.0   -23.1   -74.2  24.83   334203 15.25  1246   -28  0  0 -0.0655  14.73    2.58   -9.10   -2.31 -0.7056  1.0123  -72.9
2023  57 21 10    6.02    0.78   -3.08  -555.5   -39.9   -70.2  22.46   257677 14.18  1257   -37  0  0 -0.0715  13.71    3.96   -4.42   -3.47 -0.3052  0.7667  -75.4
2023  57 21 20    0.83    3.42  -12.11  -556.1   -31.4   -78.8  19.60   229473 12.41  1111   -39  0  0 -0.0777  12.01    5.43   -0.63   -6.23 -0.0409  0.5803  -72.9
2023  57 21 30    6.15   -0.31  -12.49  -541.5   -46.7   -71.8  14.82   244182  8.91  1135   -38  0  0 -0.0840   8.63    5.70   -0.68   -8.03 -0.0067  0.6088  -68.7
2023  57 21 40    5.76   -9.74   -3.67  -599.1   -23.9   -28.0   7.74   522365  5.58  1148   -54  0  0 -0.0904   5.40    6.84   -3.11   -9.98 -0.0084  0.9733  -70.1
2023  57 21 50    6.55   -4.26   -7.30  -589.3   -12.6   -36.9   9.41   927250  6.56   868   -59  0  0 -0.0969   6.36    7.25   -5.32   -8.90 -0.0332  1.2487  -76.3
2023  57 22  0    7.04   -5.14   -5.81  -604.5    11.6   -49.9   8.96   797680  6.61   917   -63  0 -1 -0.1035   6.39    8.44   -6.03   -7.35 -0.0335  1.2885  -81.9
2023  57 22 10    4.17   -5.96   -6.29  -598.3     1.5   -55.2   9.38   743462  6.78  1065   -63  0  0 -0.1102   6.56    6.79   -5.54   -6.05 -0.0347  1.2377  -84.7
2023  57 22 20    4.88   -5.05   -2.16  -632.2    21.4   -53.5   9.93  1016206  8.00   632   -62  0 -1 -0.1170   7.75    6.39   -5.49   -5.49 -0.0436  1.2142  -85.8
2023  57 22 30   -4.33    7.11   -0.24  -678.1    72.2   -26.7   6.80   659323  6.33   693   -66  0  0 -0.1238   6.13    4.21   -4.17   -3.56  0.0027  1.1435  -87.6
2023  57 22 40    1.27   -7.20   -0.62  -649.4    41.9   -10.2   9.29   955930  7.87   642   -69  0  0 -0.1307   7.62    1.52   -0.10   -1.54  0.1889  0.9498  -88.2
2023  57 22 50    3.63   -8.08    3.56  -648.5    63.9    -4.7  10.08  1052555  8.56   503   -64  0  0 -0.1377   8.29    0.69   -0.47    0.16  0.0582  0.7757  -87.2
2023  57 23  0    3.32    6.27    3.55  -626.8    63.6     6.5   8.87   816898  7.04   530   -60  0  0 -0.1446   6.82    1.25   -1.96    1.93 -0.0140  0.5617  -85.2
2023  57 23 10    2.62    1.97    3.87  -631.6    61.8     9.5   9.13   848123  7.36   396   -60  0  0 -0.1516   7.12    3.53   -2.65    3.09 -0.1845  0.3576  -84.2
2023  57 23 20    4.43    5.75    9.28  -655.1    72.8   -13.7   9.87   699153  8.58   326   -62  0  0 -0.1586   8.31    4.14   -1.06    4.35 -0.0539  0.1776  -83.2
2023  57 23 30    7.39   -9.34    2.33  -626.5    38.5     5.9  10.25   638838  8.08   433   -57  0  0 -0.1655   7.82    5.41    0.89    5.11 -0.0312  0.1216  -81.3
2023  57 23 40   10.03   -1.28    6.91  -608.7    83.0    29.1   9.65   590416  7.31   381   -53  0  0 -0.1725   7.07    6.78   -2.91    4.72 -0.1688  0.2505  -78.9
2023  57 23 50    9.67   -8.69    3.53  -614.7    47.0     7.6  10.22   499130  7.77   305   -53  0  0 -0.1794   7.52    8.36   -4.62    4.32 -0.2228  0.3424  -76.8
2023  58  0  0    9.98   -9.00    2.19  -622.9    48.5   -14.0   8.48   463945  6.62   426   -51  0  0 -0.1862   6.42    9.22   -7.89    3.07 -0.3412  0.5086  -75.0
2023  58  0 10   10.04  -10.09    1.79  -650.8    79.4   -13.4   7.32   493592  6.29   496   -49  0  0 -0.1930   6.10    9.86   -8.12    3.41 -0.3139  0.5039  -74.3
2023  58  0 20   10.00   -8.39   -0.33  -672.1    59.4   -46.0   7.54   509264  6.90   486   -51  0  0 -0.1996   6.68   10.23   -8.65    2.45 -0.4685  0.6583  -74.1
2023  58  0 30   -1.33    0.60  -11.89  -686.1    97.2   -94.8   7.68   414778  7.51   474   -46  0  0 -0.2062   7.28    7.59   -6.53    0.04 -0.3864  0.7980  -74.8
2023  58  0 40    4.61   -2.41   -2.62  -672.5    60.3   -40.7   9.96   289043  9.11   662   -48  0  0 -0.2127   8.83    3.88   -3.75   -5.11 -0.2827  0.8177  -77.3
2023  58  0 50    6.15   -6.75    8.71  -664.4    46.5    -6.5   9.75   443520  8.66   511   -60 -1 -1 -0.2191   8.38    2.57   -1.44   -2.67 -0.0405  0.5459  -82.1
2023  58  1  0    6.52   -5.59    8.82  -652.7    39.4    -0.2   9.01   630677  7.71   625   -64  0  0 -0.2254   7.46    3.43   -3.66    1.45 -0.0417  0.3127  -85.1
2023  58  1 10    5.23  -10.80    4.24  -656.9    71.7     8.7   8.93   642540  7.80   611   -57 -1 -1 -0.2315   7.55    5.76   -6.57    7.25 -0.1179  0.2740  -84.7
2023  58  1 20    5.23  -10.70    3.91  -658.8    70.9     8.3   8.89   648866  7.79   749   -57 -1 -1 -0.2374   7.56    5.37   -9.25    5.85 -0.2305  0.4480  -83.0
2023  58  1 30    5.23  -10.60    3.58  -660.6    70.2     8.0   8.85   655193  7.79   744   -60 -1 -1 -0.2432   7.57    5.43   -9.94    4.60 -0.3136  0.5673  -84.7
2023  58  1 40    5.23  -10.50    3.24  -662.5    69.5     7.6   8.81   661520  7.79   671   -65 -1 -1 -0.2488   7.57    5.23  -10.65    3.76 -0.3750  0.6489  -88.1
2023  58  1 50    5.23  -10.39    2.91  -664.3    68.7     7.2   8.77   667847  7.79   577   -70 -1 -1 -0.2542   7.58    5.23  -10.55    3.43 -0.4146  0.6782  -91.0
2023  58  2  0    5.23  -10.29    2.58  -666.2    68.0     6.8   8.72   674173  7.78   521   -70 -1 -1 -0.2594   7.58    5.23  -10.45    3.09 -0.4585  0.7088  -92.5
2023  58  2 10    5.23  -10.19    2.25  -668.0    67.2     6.4   8.68   680500  7.78   505   -71 -1 -1 -0.2644   7.58    5.23  -10.35    2.76 -0.5074  0.7410  -91.8
2023  58  2 20    5.22  -10.09    1.91  -669.9    66.5     6.0   8.64   686827  7.78   601   -68 -1 -1 -0.2692   7.59    5.23  -10.25    2.43 -0.5618  0.7749  -92.1
2023  58  2 30    5.22   -9.99    1.58  -671.8    65.8     5.6   8.60   693154  7.77   650   -71 -1 -1 -0.2737   7.59    5.23  -10.14    2.10 -0.6227  0.8107  -93.7
2023  58  2 40    5.22   -9.89    1.25  -673.6    65.0     5.2   8.56   699480  7.77   575   -77 -1 -1 -0.2780   7.59    5.22  -10.04    1.76 -0.6901  0.8481  -97.3
2023  58  2 50    5.22   -9.79    0.92  -675.5    64.3     4.8   8.52   705807  7.77   603   -83 -1 -1 -0.2821   7.60    5.22   -9.94    1.43 -0.7646  0.8872 -100.8
2023  58  3  0    5.22   -9.69    0.58  -677.3    63.5     4.5   8.47   712134  7.77   528   -85 -1 -1 -0.2859   7.59    5.22   -9.85    1.10 -0.8469  0.9279 -101.4
2023  58  3 10    5.22   -9.59    0.25  -679.2    62.8     4.1   8.43   718460  7.76   568   -80 -1 -1 -0.2894   7.60    5.22   -9.75    0.77 -0.9374  0.9701  -98.7
2023  58  3 20    5.22   -9.48   -0.08  -681.1    62.1     3.7   8.39   724787  7.76   477   -72 -1 -1 -0.2927   7.60    5.22   -9.64    0.44 -1.0348  1.0137  -92.9
2023  58  3 30    5.22   -9.38   -0.41  -682.9    61.3     3.3   8.35   731114  7.76   336   -63 -1 -1 -0.2957   7.60    5.22   -9.54    0.10 -1.0855  1.0585  -87.6
2023  58  3 40    5.22   -9.28   -0.74  -684.8    60.6     2.9   8.31   737441  7.75   443   -59 -1 -1 -0.2983   7.61    5.22   -9.44   -0.23 -1.0630  1.1046  -83.9
2023  58  3 50    5.22   -9.18   -1.08  -686.6    59.8     2.5   8.27   743767  7.75   532   -58 -1 -1 -0.3007   7.61    5.22   -9.33   -0.56 -0.9684  1.1519  -82.2
2023  58  4  0    5.22   -9.08   -1.41  -688.5    59.1     2.1   8.23   750094  7.75   423   -57 -1 -1 -0.3028   7.61    5.22   -9.24   -0.89 -0.8552  1.2002  -80.4
2023  58  4 10    5.22   -8.98   -1.74  -690.3    58.4     1.7   8.18   756421  7.74   266   -54 -1 -1 -0.3046   7.60    5.22   -9.13   -1.23 -0.7503  1.2493  -80.2
2023  58  4 20    5.22   -8.88   -2.07  -692.2    57.6     1.3   8.14   762748  7.74   390   -57 -1 -1 -0.3061   7.61    5.22   -9.03   -1.56 -0.6542  1.2987  -80.1
2023  58  4 30    5.22   -8.78   -2.41  -694.1    56.9     1.0   8.10   769074  7.74   423   -56 -1 -1 -0.3073   7.61    5.22   -8.94   -1.89 -0.5668  1.3483  -80.2
2023  58  4 40    5.22   -8.67   -2.74  -695.9    56.1     0.6   8.06   775401  7.74   426   -52 -1 -1 -0.3081   7.61    5.22   -8.83   -2.22 -0.4878  1.3979  -81.4
2023  58  4 50    5.21   -8.57   -3.07  -697.8    55.4     0.2   8.02   781728  7.73   587   -62 -1 -1 -0.3087   7.61    5.22   -8.73   -2.56 -0.4169  1.4469  -84.7
2023  58  5  0    5.21   -8.47   -3.40  -699.6    54.7    -0.2   7.98   788054  7.73   534   -70 -1 -1 -0.3089   7.61    5.22   -8.63   -2.89 -0.3540  1.4953  -90.8
2023  58  5 10    5.21   -8.37   -3.74  -701.5    53.9    -0.6   7.94   794381  7.73   499   -76 -1 -1 -0.3088   7.61    5.21   -8.53   -3.22 -0.2988  1.5427  -96.1
2023  58  5 20    5.21   -8.27   -4.07  -703.3    53.2    -1.0   7.89   800708  7.72   519   -81 -1 -1 -0.3084   7.60    5.21   -8.43   -3.55 -0.2508  1.5893 -100.5
2023  58  5 30    5.21   -8.17   -4.40  -705.2    52.4    -1.4   7.85   807035  7.72   525   -86 -1 -1 -0.3076   7.60    5.21   -8.32   -3.89 -0.2093  1.6343 -104.1
2023  58  5 40    5.21   -8.07   -4.73  -707.1    51.7    -1.8   7.81   813361  7.72   618   -89 -1 -1 -0.3066   7.60    5.21   -8.22   -4.22 -0.1738  1.6777 -106.8
2023  58  5 50    5.21   -7.97   -5.06  -708.9    50.9    -2.1   7.77   819688  7.71   749   -92 -1 -1 -0.3052   7.60    5.21   -8.12   -4.55 -0.1435  1.7193 -108.3
2023  58  6  0    5.21   -7.87   -5.40  -710.8    50.2    -2.5   7.73   826015  7.71  1190   -91 -1 -1 -0.3036   7.60    5.21   -8.02   -4.88 -0.1179  1.7588 -110.4
2023  58  6 10    5.21   -7.76   -5.73  -712.6    49.5    -2.9   7.69   832342  7.71   696   -97 -1 -1 -0.3016   7.60    5.21   -7.92   -5.21 -0.0963  1.7960 -112.7
2023  58  6 20    5.21   -7.66   -6.06  -714.5    48.7    -3.3   7.64   838668  7.71   811   -99 -1 -1 -0.2993   7.59    5.21   -7.82   -5.55 -0.0783  1.8307 -116.5
2023  58  6 30    5.21   -7.56   -6.39  -716.4    48.0    -3.7   7.60   844995  7.70   783  -105 -1 -1 -0.2967   7.59    5.21   -7.72   -5.88 -0.0634  1.8631 -117.1
2023  58  6 40    5.21   -7.46   -6.73  -718.2    47.2    -4.1   7.56   851322  7.70   429   -98 -1 -1 -0.2939   7.59    5.21   -7.62   -6.21 -0.0512  1.8931 -117.0
2023  58  6 50    5.21   -7.36   -7.06  -720.1    46.5    -4.5   7.52   857648  7.70   985  -100 -1 -1 -0.2907   7.59    5.21   -7.51   -6.54 -0.0412  1.9208 -114.0
2023  58  7  0    5.21   -7.26   -7.39  -721.9    45.8    -4.9   7.48   863975  7.69   352   -92 -1 -1 -0.2873   7.58    5.21   -7.42   -6.88 -0.0331  1.9460 -112.8
2023  58  7 10    5.21   -7.16   -7.72  -723.8    45.0    -5.3   7.44   870302  7.69   736   -93 -1 -1 -0.2836   7.58    5.21   -7.31   -7.21 -0.0265  1.9687 -111.5
2023  58  7 20    5.20   -7.06   -8.06  -725.6    44.3    -5.6   7.40   876629  7.69   613   -95 -1 -1 -0.2796   7.58    5.21   -7.22   -7.54 -0.0211  1.9890 -113.8
2023  58  7 30    5.20   -6.95   -8.39  -727.5    43.5    -6.0   7.35   882955  7.68   649  -103 -1 -1 -0.2754   7.56    5.21   -7.12   -7.87 -0.0168  2.0069 -116.0
2023  58  7 40    5.20   -6.85   -8.72  -729.4    42.8    -6.4   7.31   889282  7.68   505  -103 -1 -1 -0.2709   7.56    5.20   -7.01   -8.21 -0.0134  2.0221 -116.2
2023  58  7 50    5.20   -6.75   -9.05  -731.2    42.1    -6.8   7.27   895609  7.68   988   -96 -1 -1 -0.2662   7.55    5.20   -6.91   -8.54 -0.0106  2.0349 -113.1
2023  58  8  0    5.20   -6.65   -9.39  -733.1    41.3    -7.2   7.23   901936  7.68   991   -90 -1 -1 -0.2612   7.55    5.20   -6.80   -8.87 -0.0084  2.0457 -112.4
2023  58  8 10    5.20   -6.55   -9.72  -734.9    40.6    -7.6   7.19   908262  7.67  1049  -102 -1 -1 -0.2561   7.55    5.20   -6.71   -9.20 -0.0066  2.0547 -114.8
2023  58  8 20    5.20   -6.45  -10.05  -736.8    39.8    -8.0   7.15   914589  7.67  1049  -106 -1 -1 -0.2507   7.54    5.20   -6.61   -9.53 -0.0052  2.0618 -118.1
2023  58  8 30    5.20   -6.35  -10.38  -738.6    39.1    -8.4   7.11   920916  7.67  1183  -101 -1 -1 -0.2452   7.54    5.20   -6.50   -9.87 -0.0041  2.0670 -121.8
2023  58  8 40    5.20   -6.25  -10.71  -740.5    38.4    -8.8   7.06   927242  7.66   949  -115 -1 -1 -0.2394   7.52    5.20   -6.41  -10.20 -0.0032  2.0704 -126.2
2023  58  8 50    5.20   -6.15  -11.05  -742.4    37.6    -9.1   7.02   933569  7.66  1310  -120 -1 -1 -0.2335   7.51    5.20   -6.30  -10.53 -0.0026  2.0721 -134.8
2023  58  9  0    5.20   -6.04  -11.38  -744.2    36.9    -9.5   6.98   939896  7.66   668  -141 -1 -1 -0.2274   7.51    5.20   -6.20  -10.86 -0.0020  2.0720 -138.4
2023  58  9 10    5.20   -5.94  -11.71  -746.1    36.1    -9.9   6.94   946223  7.66   971  -131 -1 -1 -0.2212   7.50    5.20   -6.10  -11.20 -0.0016  2.0699 -138.5
2023  58  9 20    5.20   -5.84  -12.04  -747.9    35.4   -10.3   6.90   952549  7.65   858  -120 -1 -1 -0.2148   7.49    5.20   -6.00  -11.53 -0.0012  2.0664 -138.4
2023  58  9 30    5.20   -5.74  -12.38  -749.8    34.7   -10.7   6.86   958876  7.65   673  -136 -1 -1 -0.2083   7.49    5.20   -5.89  -11.86 -0.0010  2.0616 -140.1
2023  58  9 40    5.20   -5.64  -12.71  -751.7    33.9   -11.1   6.82   965203  7.65   588  -136 -1 -1 -0.2017   7.48    5.20   -5.79  -12.19 -0.0008  2.0560 -139.9
2023  58  9 50    5.19   -5.54  -13.04  -753.5    33.2   -11.5   6.77   971530  7.64   822  -119 -1 -1 -0.1949   7.46    5.20   -5.70  -12.53 -0.0006  2.0491 -136.5
2023  58 10  0    5.19   -5.44  -13.37  -755.4    32.4   -11.9   6.73   977856  7.64   618  -124 -1 -1 -0.1881   7.45    5.20   -5.59  -12.86 -0.0005  2.0411 -133.0
2023  58 10 10    5.19   -5.34  -13.71  -757.2    31.7   -12.2   6.69   984183  7.64   770  -122 -1 -1 -0.1813   7.44    5.19   -5.50  -13.19 -0.0004  2.0319 -132.4
2023  58 10 20    5.19   -5.24  -14.04  -759.1    31.0   -12.6   6.65   990510  7.63   648  -119 -1 -1 -0.1743   7.44    5.19   -5.39  -13.52 -0.0003  2.0217 -132.3
2023  58 10 30    5.19   -5.13  -14.37  -760.9    30.2   -13.0   6.61   996836  7.63   701  -124 -1 -1 -0.1673   7.43    5.19   -5.29  -13.85 -0.0002  2.0098 -131.0
2023  58 10 40    5.19   -5.03  -14.70  -762.8    29.5   -13.4   6.57  1003163  7.63   843  -117 -1 -1 -0.1603   7.42    5.19   -5.19  -14.19 -0.0002  1.9968 -126.1
2023  58 10 50    5.19   -4.93  -15.03  -764.7    28.7   -13.8   6.52  1009490  7.63  1238   -98 -1 -1 -0.1532   7.40    5.19   -5.09  -14.52 -0.0001  1.9828 -118.9
2023  58 11  0    5.19   -4.83  -15.37  -766.5    28.0   -14.2   6.48  1015817  7.62  1387   -95 -1 -1 -0.1462   7.39    5.19   -4.99  -14.85 -0.0001  1.9686 -112.7
2023  58 11 10    4.38   -4.93  -14.55  -767.5    32.3   -11.4   6.44  1036663  7.61  1540   -96  0 -1 -0.1391   7.36    4.90   -4.92  -15.11 -0.0001  1.9606 -113.6
2023  58 11 20    0.26   -6.85  -14.69  -751.0    77.7     7.0   6.38  1182948  7.28  1401  -106  0 -1 -0.1321   7.05    4.08   -4.67  -14.89 -0.0004  1.8609 -117.0
2023  58 11 30   -9.49    2.80  -11.90  -761.0    65.6   -11.7   4.52   630793  5.25  1478  -115  0 -1 -0.1251   5.11    2.48   -3.95  -14.36 -0.0004  1.6529 -123.4
2023  58 11 40    3.02   -0.59  -14.62  -703.0    30.1    -6.1   6.63  1323402  6.57  1588  -123  0  0 -0.1181   6.36   -0.56   -2.26  -13.83 -0.0003  1.2605 -131.0
2023  58 11 50    9.77    4.48   -9.07  -728.4   144.1    33.9   4.44   647116  4.91  1429  -134  0  0 -0.1112   4.75    0.03   -1.51  -13.28 -0.0001  1.0322 -143.7
2023  58 12  0   -5.65    2.05  -11.58  -826.2    33.8   -14.5   6.44  1153832  8.81   774  -156  0  0 -0.1043   8.53    0.76   -0.24  -12.77 -0.0000  0.8948 -154.1
2023  58 12 10    2.00   -1.86  -13.53  -751.1   114.0    38.6   5.75   902186  6.65   828  -160  0 -1 -0.0975   6.44    2.62    0.18  -12.53  0.0001  1.1489 -160.0
2023  58 12 20    3.49    5.96   -7.91  -762.6   128.2    41.1   6.83  1272564  8.23   760  -155  0  0 -0.0909   7.93    2.20    1.04  -12.15  0.0009  1.3503 -158.2
2023  58 12 30    5.52    3.20   -8.05  -749.2    96.0    45.5   6.94  1817758  7.95   666  -149  0  0 -0.0843   7.70    2.18    1.94  -10.91  0.0052  1.6072 -155.1
2023  58 12 40    4.79    9.35   -1.13  -769.3    91.0    70.7   5.92  1192586  7.16   526  -145  0  0 -0.0778   6.94    3.26    3.98   -8.18  0.0891  1.7022 -151.3
2023  58 12 50    5.88   -0.01    6.09  -800.1    77.8    40.6   5.65  1126706  7.33   752  -141  0  0 -0.0715   7.09    3.67    6.03   -4.95  0.2133  1.6187 -149.0
2023  58 13  0    6.92    1.02   13.31  -826.2   131.4     4.9   4.53  1177345  6.34   646  -142  0  0 -0.0653   6.14    5.09    3.36    0.92  0.1849  1.1072 -146.5
2023  58 13 10   10.93   -4.89    6.53  -847.3   104.2   -57.8   5.66   852663  8.29   260  -131  0  0 -0.0592   8.03    6.34    0.97    6.31  0.1000  0.5057 -144.1
2023  58 13 20   11.56   -4.79    5.25  -869.5    88.0   -59.0   6.01   634388  9.23   264  -128  0 -1 -0.0534   8.93    8.57   -2.79    8.73 -0.0289  0.1019 -141.0
2023  58 13 30   11.47   -2.20    6.04  -864.6    88.4   -67.6   5.94   756643  9.03    94  -123  0  0 -0.0477   8.74   10.06   -2.90    7.45 -0.0098  0.0977 -139.4
2023  58 13 40    4.83    4.68    6.05  -825.3   111.0   -36.8   9.14   738093 12.70   136  -120  0 -1 -0.0421  12.30   10.17   -2.82    5.69 -0.0087  0.1068 -137.3
2023  58 13 50   -1.85    8.35    6.24  -844.2   109.5   -28.9   7.50   507518 10.88   279  -111  0  0 -0.0368  10.54    7.48    0.48    5.64  0.0052  0.1260 -137.0
2023  58 14  0    4.60   -2.13    0.27  -826.6   104.2   -44.4   9.77   814088 13.60   201  -114  0  0 -0.0317  13.17    4.07    3.52    5.39  0.0305  0.1852 -135.2
2023  58 14 10    6.60    6.64    2.79  -822.5   113.5   -36.2   9.36   718654 12.93   500  -109  0 -1 -0.0267  12.52    3.49    3.84    3.31  0.0816  0.3580 -133.2
2023  58 14 20    2.59    8.21    5.00  -837.3    83.7   -75.3   8.54   800635 12.19   760  -105  0  0 -0.0220  11.81    4.10    4.02    3.13  0.1011  0.3915 -128.5
2023  58 14 30   -2.54   10.20    5.00  -829.1    60.3   -71.9   6.60   605003  9.19   439  -102  0  0 -0.0176   8.90    4.49    4.79    3.46  0.1145  0.3903 -125.3
2023  58 14 40   -1.05   10.82    4.45  -822.1    63.1   -73.1   7.32   698466 10.03   505  -106  0  0 -0.0133   9.71    2.32    7.66    5.60  0.1327  0.3820 -123.9
2023  58 14 50    1.06   12.19    4.40  -810.1    53.1   -64.9   7.72   681510 10.24   328  -105  0  0 -0.0093   9.92    1.37    9.22    5.65  0.2329  0.5203 -123.4
2023  58 15  0   -1.65   11.18   -5.66  -795.0    82.2   -58.7   6.59   687832  8.47   229  -106  0  0 -0.0056   8.20    0.11   11.34    4.17  0.7169  0.9091 -122.1
2023  58 15 10    1.93    5.55  -10.06  -803.7    29.7   -34.3   6.30   679778  8.17   203  -105  0  0 -0.0021   7.91    0.28   10.57   -0.92  0.6680  1.5346 -121.3
2023  58 15 20   -1.86    5.75    4.46  -818.0    25.9   -13.9   6.99   638111  9.37   482  -105  0  0  0.0011   9.07    0.12    9.71   -5.00  0.6044  2.0516 -121.5
2023  58 15 30   -7.04   -1.22   -7.17  -855.8    -8.2   -92.4   6.18   193781  9.16   533  -105  0  0  0.0040   8.87   -0.24    2.64   -4.09 -0.0750  1.8409 -125.0
2023  58 15 40   -5.97    1.81   -8.91  -846.9    32.0  -107.2   5.74   183295  8.38  1089  -115  0  0  0.0067   8.11   -2.78   -0.56   -4.00 -0.0958  1.3965 -131.8
2023  58 15 50   -2.61    2.66   -7.14  -819.5   -14.7   -19.7   9.17   507075 12.33  1096  -126  0  0  0.0090  11.94   -3.50   -3.20   -2.72 -0.1824  1.0022 -138.4
2023  58 16  0   -3.05    3.26  -10.76  -830.2    17.8   -83.0   6.47   192473  9.01  1408  -129  0  0  0.0111   8.73   -4.04    0.18   -7.05 -0.0207  1.1385 -143.9
2023  58 16 10   -3.15   -5.66   -4.47  -813.4    29.2   -39.4   8.12   277686 10.79  1718  -129  0  0  0.0129  10.44   -3.10    0.74   -6.62 -0.0209  1.3302 -147.0
2023  58 16 20    4.98   -6.24   -1.50  -810.1    48.8   -32.5   8.43   342222 11.12  1339  -135  0  0  0.0144  10.77   -2.90   -1.57   -6.66 -0.0868  1.5595 -148.7
2023  58 16 30   -2.11   -6.96   -4.95  -801.6    20.7   -26.9   9.13   236555 11.76  1242  -132  0  0  0.0156  11.38   -0.55   -4.84   -3.45 -0.3385  1.4952 -146.2
2023  58 16 40    0.62   -8.54   -5.61  -802.5    24.9   -42.2   6.62   192419  8.55  1182  -127  0 -1  0.0165   8.29    0.83   -7.65   -2.45 -0.4250  1.6184 -141.6
2023  58 16 50    0.22   -6.94   -6.33  -791.8    15.8   -52.5   7.92   194364  9.98  1362  -125  0  0  0.0171   9.66    0.82   -7.96   -3.14 -0.3689  1.7377 -139.3
2023  58 17  0    1.72   -6.94   -4.89  -764.0    21.8   -19.7   6.74   228633  7.88  1579  -128  0  0  0.0174   7.63    0.02   -7.67   -4.97 -0.1481  2.0204 -140.3
2023  58 17 10    0.31   -6.78   -6.14  -783.9    25.2   -39.4   5.82   126575  7.18  1445  -136  0  0  0.0174   6.95   -0.06   -7.25   -5.35 -0.0850  2.0101 -141.4
2023  58 17 20   -0.83   -5.21   -7.21  -785.5    54.9   -17.0   3.46   122785  4.29  1093  -143  0  0  0.0171   4.16    0.17   -6.41   -5.74 -0.0617  1.9169 -141.5
2023  58 17 30    1.84   -4.67   -7.32  -787.1    48.9   -26.7   3.80   154019  4.74  1345  -140  0 -1  0.0165   4.58    0.43   -5.84   -6.52 -0.0321  1.9105 -140.3
2023  58 17 40   -1.24   -5.06   -6.65  -793.2    36.0   -32.3   4.85   138867  6.13  1395  -131 -1 -1  0.0156   5.93    0.55   -5.02   -6.95 -0.0098  1.8480 -139.9
2023  58 17 50   -1.78   -5.24   -6.52  -779.5    34.7   -39.7   5.10   162672  6.22   684  -135  0 -1  0.0144   6.03   -0.33   -5.07   -6.66 -0.0100  1.8533 -138.6
2023  58 18  0   -1.31   -6.48   -4.39  -786.0    22.3   -22.2   6.04   161850  7.47   624  -127 -1 -1  0.0129   7.24   -1.14   -5.44   -5.87 -0.0274  1.8293 -136.4
2023  58 18 10   -2.81   -6.35   -2.81  -787.9    14.7   -21.5   5.71   166944  7.10   812  -122  0  0  0.0111   6.87   -1.64   -6.08   -4.85 -0.0740  1.8045 -132.7
2023  58 18 20    3.01   -3.78   -1.65  -786.7    26.5   -17.1   6.43   197317  7.97   831  -117  0 -1  0.0090   7.72   -0.34   -5.48   -3.67 -0.1073  1.5712 -128.9
2023  58 18 30    4.07   -5.65   -3.42  -794.2    69.8    -5.5   5.40   237702  6.87  1439  -112  0 -1  0.0066   6.65    1.55   -4.96   -3.00 -0.1161  1.4341 -126.1
2023  58 18 40    1.24   -4.27   -2.70  -785.7    44.0    -1.2   6.26   255680  7.75  1257  -108  0  0  0.0039   7.51    3.08   -4.33   -2.78 -0.0925  1.3410 -123.7
2023  58 18 50    0.66   -4.84   -3.43  -781.9    27.1   -23.0   6.65   148960  8.15   971  -106  0  0  0.0010   7.89    1.71   -4.38   -1.96 -0.1163  1.1895 -120.1
2023  58 19  0   -5.97    0.36    2.83  -818.2    58.6    -2.7   5.27   134157  7.09  1017   -98  0  0 -0.0022   6.87   -0.66   -3.73   -1.13 -0.1314  0.9647 -114.8
2023  58 19 10   -5.48   -0.71    4.87  -815.1    47.8    23.6   5.18   133531  6.91   791   -93  0  0 -0.0057   6.69   -3.53   -2.00    0.93 -0.1069  0.4779 -108.9
2023  58 19 20   -6.80   -1.25    3.62  -814.4    58.3     5.6   5.13   105925  6.84   936   -88  0  0 -0.0094   6.62   -4.81   -1.27    2.28 -0.0448  0.2577 -106.3
2023  58 19 30   -1.76   -3.95   -0.47  -780.8    29.7   -23.9   8.55   217945 10.45   783   -80  0  0 -0.0134  10.12   -5.20   -1.40    2.90 -0.0871  0.1506 -104.6
2023  58 19 40    1.10   -4.90   -3.66  -775.1    30.3   -21.7   7.02   235271  8.45  1068   -81  0  0 -0.0176   8.19   -3.44   -3.16    0.82 -0.1412  0.6220 -103.8
2023  58 19 50    1.89   -5.02   -1.18  -767.8    29.1   -23.6   8.15   219240  9.63  1139   -80  0  0 -0.0221   9.33   -0.75   -4.17   -1.48 -0.1778  1.0561 -103.2
2023  58 20  0    4.39   -3.82   -3.61  -766.7    30.3   -23.3   7.13   186502  8.40  1203   -87  0  0 -0.0268   8.14    1.69   -4.77   -2.93 -0.1318  1.3768 -105.3
2023  58 20 10    4.05   -3.35   -3.94  -768.0    35.7   -24.4   6.86   194089  8.12  1156   -93  0  0 -0.0317   7.86    3.58   -3.83   -3.36 -0.0786  1.2466 -108.1
2023  58 20 20    1.32   -6.34   -2.06  -749.1    27.0   -32.0   6.86   197600  7.72  1049   -91  0  0 -0.0368   7.48    4.07   -3.49   -3.40 -0.1087  1.1462 -109.9
2023  58 20 30    3.54   -7.07   -2.06  -757.2    34.2   -23.4   5.47   175994  6.29   900   -97  0  0 -0.0421   6.09    3.85   -3.83   -3.14 -0.1599  1.1202 -111.6
2023  58 20 40    4.99   -4.41   -4.15  -750.7    23.1   -33.0   6.31   222471  7.13   971  -100  0  0 -0.0476   6.91    3.27   -5.20   -2.49 -0.2284  1.2465 -114.2
2023  58 20 50   -4.55   -6.97    2.07  -788.6     5.7    -1.3   5.51   140461  6.85   916  -110  0  0 -0.0533   6.64    2.45   -5.83   -2.06 -0.1997  1.2872 -116.1
2023  58 21  0    7.58   -2.88   -5.99  -770.7    -4.8    -5.9   2.52   307381  3.00   738  -115  0  0 -0.0591   2.90    2.54   -5.53   -2.40 -0.2001  1.2573 -118.8
2023  58 21 10    7.59   -2.50   -4.67  -762.5    -7.9   -34.8   3.38   359569  3.94   459  -120  0 -1 -0.0651   3.81    3.92   -3.97   -3.53 -0.1309  1.0737 -117.0
2023  58 21 20    7.12   -1.92   -5.24  -769.1   -27.6    -4.9   3.76   502874  4.45   613  -106  0  0 -0.0713   4.31    6.06   -2.61   -4.63 -0.0907  0.9523 -114.3
2023  58 21 30    8.28   -1.40   -4.16  -768.4   -31.5   -30.7   3.20   342587  3.79   925  -104  0 -1 -0.0776   3.67    7.63   -1.41   -5.13 -0.0002  0.8280 -112.1
2023  58 21 40    8.77   -0.54   -2.93  -760.5    -6.4   -21.8   3.74   623518  4.33  1040  -112  0 -1 -0.0840   4.19    7.85   -1.40   -4.50 -0.0001  0.8245 -112.5
2023  58 21 50    8.22   -0.04   -3.97  -751.0   -20.8     2.0   3.60   565144  4.06  1121  -111  0  0 -0.0905   3.94    7.95   -1.26   -4.29 -0.0001  0.7873 -113.9
2023  58 22  0    3.90   -2.27   -8.15  -761.2   -25.4   -19.2   3.15   308286  3.66   701  -108  0 -1 -0.0971   3.54    7.81   -0.98   -4.34 -0.0001  0.6524 -113.0
2023  58 22 10    6.54    0.49   -6.81  -747.4     9.0   -15.0   3.40   467873  3.80   877  -112  0  0 -0.1039   3.68    7.21   -0.60   -5.11 -0.0001  0.5305 -112.2
2023  58 22 20    7.86    2.25   -5.35  -758.0     5.5    -6.4   2.50   156990  2.87   696  -112  0  0 -0.1106   2.78    6.98    0.02   -5.90  0.0000  0.4975 -111.3
2023  58 22 30    8.67    3.31   -3.80  -755.2     6.4    -4.9   2.80   268916  3.19   721  -110  0  0 -0.1175   3.09    7.27    1.25   -5.71  0.0031  0.7733 -109.6
2023  58 22 40    8.48    4.48   -1.86  -756.2     7.1    -8.2   2.65   155938  3.03   598  -108  0  0 -0.1244   2.94    7.72    2.22   -5.06  0.0065  0.9550 -108.6
2023  58 22 50    7.99    3.09   -4.49  -742.6     7.1   -25.0   2.66   171616  2.94   524  -109  0  0 -0.1313   2.84    8.15    3.30   -3.71  0.0257  1.1588 -108.8
2023  58 23  0    7.36    2.42   -5.54  -741.0     6.0   -18.2   2.50   139210  2.75   442  -109  0  0 -0.1383   2.66    8.01    3.35   -3.81  0.0235  1.1753 -108.6
2023  58 23 10    6.15    1.18   -7.29  -738.5     4.4   -11.9   2.51   137886  2.74   409  -108  0  0 -0.1453   2.65    7.56    3.14   -4.59  0.0201  1.1692 -107.6
2023  58 23 20    7.90    1.93   -4.68  -735.7     8.4     3.4   2.31   183382  2.50   332  -105  0  0 -0.1522   2.42    6.98    2.21   -5.90  0.0009  1.0324 -106.6
2023  58 23 30    7.71    1.27   -5.30  -737.3    12.9    -3.7   2.18   141549  2.37   434  -109  0  0 -0.1592   2.30    7.05    1.80   -5.79  0.0002  0.9266 -106.7
2023  58 23 40    8.02    1.20   -4.93  -731.2    17.9   -15.3   2.52   212220  2.70   694  -108  0  0 -0.1661   2.61    7.63    1.34   -5.08  0.0002  0.7259 -107.1
