2022 295  0 30    2.06    7.48    3.26  -356.2    -3.5    34.1  15.71    29069  4.02    65    13  0  0 -0.2670   3.90    1.66    7.77    2.82  0.0752  0.2281  -13.6
2022 295  0 40    1.02    7.78    5.20  -359.9   -13.4    25.2  10.85    23791  2.83    72    12  0  0 -0.2732   2.74    1.59    7.90    3.07  0.0707  0.2230  -12.9
2022 295  0 50    0.46    8.24    5.60  -360.5   -18.0    25.5   8.56    22043  2.24    40     9  0  0 -0.2793   2.17    1.52    8.01    3.65  0.0567  0.2041  -12.2
2022 295  1  0   -0.23    6.46    7.33  -349.5   -10.0     2.7   8.53    19040  2.09    26     9  0  0 -0.2853   2.02    0.92    7.89    4.74  0.0383  0.1650  -12.0
2022 295  1 10   -0.80    5.38    8.24  -353.3    -9.3     2.3   8.90    21042  2.22    29    10  0  0 -0.2910   2.15    0.17    6.97    6.35  0.0149  0.1001  -11.8
2022 295  1 20   -4.01    1.97    8.31  -335.4    12.6     4.8  10.69    22745  2.41    33    11  0 -1 -0.2966   2.33   -0.80    5.46    7.59  0.0035  0.0457  -11.5
2022 295  1 30   -3.33    3.46    8.30  -348.1     4.7     5.8  11.79    27479  2.85    30    13  0 -1 -0.3019   2.77   -2.26    3.66    8.26  0.0003  0.0142  -11.2
2022 295  1 40   -3.52    4.05    8.40  -345.4     2.3     7.0  12.74    32088  3.04    37    14  0  0 -0.3071   2.95   -3.19    3.00    8.29  0.0001  0.0071  -10.5
2022 295  1 50   -2.88    4.57    8.57  -347.6     1.0     5.0  12.17    26849  2.94    29    15  0  0 -0.3121   2.85   -3.80    3.02    8.30  0.0001  0.0067   -9.8
2022 295  2  0   -1.81    6.94    7.47  -349.6    -4.2    10.1  11.62    25846  2.84    23    16  0  0 -0.3168   2.75   -3.23    4.22    8.26  0.0005  0.0166   -9.0
2022 295  2 10    2.20    9.58    1.84  -350.2    -4.6     8.8  11.78    27758  2.89    16    17  0  0 -0.3212   2.80   -2.59    5.47    7.74  0.0056  0.0438   -8.8
2022 295  2 20    0.60    9.73    2.15  -344.5    -6.8    10.7  13.08    30601  3.11    17    17  0  0 -0.3255   3.01   -0.80    7.36    5.82  0.0413  0.1371   -8.7
2022 295  2 30    1.65    8.88    3.70  -349.5    -3.4    10.0  13.08    29413  3.20    16    17  0  0 -0.3294   3.10    0.80    8.50    4.34  0.0635  0.2005   -8.7
2022 295  2 40    2.75    8.67    3.55  -352.6    -8.9    12.3  13.11    33559  3.27    26    18  0  0 -0.3331   3.16    2.08    9.14    2.89  0.0974  0.2702   -8.6
2022 295  2 50    1.11    6.15    7.65  -351.3    -1.3     9.0  12.20    26503  3.01    35    16  0  0 -0.3365   2.92    2.19    8.59    3.83  0.0698  0.2181   -8.9
2022 295  3  0    1.41    7.80    5.85  -350.1    -7.9    10.5  13.93    28026  3.42    36    15  0  0 -0.3397   3.31    1.90    7.98    4.77  0.0497  0.1711   -9.6
2022 295  3 10    1.08    8.83    4.64  -352.1   -10.4    10.2  11.12    24404  2.76    18    14  0  0 -0.3425   2.67    1.60    7.68    5.81  0.0175  0.1176  -10.4
2022 295  3 20   -0.47    9.35    2.86  -349.4   -12.3    13.6  12.35    27193  3.02    17    13  0  0 -0.3451   2.93    1.00    7.97    5.67  0.0196  0.1279  -10.7
2022 295  3 30    0.71    8.12    4.49  -352.0    -9.3    17.1  11.61    25232  2.89    28    12  0  0 -0.3473   2.79    0.58    8.75    4.40  0.0484  0.1943  -11.0
2022 295  3 40    0.19    9.36    3.36  -349.1   -13.1    15.9  10.80    26607  2.64    35    12  0  0 -0.3493   2.56    0.27    8.93    4.04  0.0551  0.2118  -11.1
2022 295  3 50    0.65    8.45    5.08  -347.5   -11.4    10.7  10.43    24809  2.52    47    12  0  0 -0.3509   2.44    0.53    8.79    3.88  0.0610  0.2180  -11.2
2022 295  4  0    2.05    9.15    4.03  -354.0   -13.3     9.9   9.98    22817  2.51    63    12  0  0 -0.3522   2.43    0.97    8.57    4.45  0.0424  0.1868  -11.9
2022 295  4 10    0.53    5.80    6.03  -346.8     5.2     0.5  14.60    38045  3.51   108    11  0  0 -0.3533   3.40    1.37    8.55    4.28  0.0477  0.1948  -11.8
2022 295  4 20    1.51    8.49    3.95  -348.3    -3.5     1.8  12.57    33411  3.05   175    15  0  0 -0.3539   2.95    1.34    8.26    4.35  0.0415  0.1802  -12.3
2022 295  4 30    1.29    8.69    3.65  -346.5    -5.0    -0.1  12.66    31977  3.04   148    13  0  0 -0.3543   2.94    1.68    8.12    4.12  0.0450  0.1839  -11.8
2022 295  4 40    1.71    8.51    4.14  -349.7    -3.8     3.0  12.97    35813  3.17   110    14  0  0 -0.3544   3.07    1.79    8.02    4.17  0.0409  0.1757  -12.2
2022 295  4 50    1.68    8.45    2.23  -349.8     0.0     3.5  14.40    39724  3.52    95    14  0  0 -0.3541   3.41    1.97    8.33    3.88  0.0474  0.1939  -12.0
2022 295  5  0   -0.36    7.46    5.55  -336.7     6.2    -3.7  13.57    36197  3.08    77    15  0  0 -0.3535   2.98    1.59    8.19    3.91  0.0485  0.1892  -12.2
2022 295  5 10    1.18    7.97    4.63  -344.6     1.9    -1.4  14.85    38573  3.53    77    14  0  0 -0.3526   3.42    1.21    7.95    4.15  0.0431  0.1729  -12.2
2022 295  5 20    1.31    8.41    4.67  -345.3    -1.0    -1.1  13.79    35191  3.29    86    14  0 -1 -0.3514   3.18    1.09    7.98    4.38  0.0388  0.1647  -12.4
2022 295  5 30   -0.01    9.02    3.32  -342.8    -2.2     3.7  14.11    38861  3.31    68    14  0 -1 -0.3498   3.21    1.04    8.20    4.51  0.0359  0.1644  -12.2
2022 295  5 40    0.65    8.74    4.12  -346.2    -3.2    -2.1  12.83    34342  3.08    66    14  0  0 -0.3480   2.98    0.91    8.59    4.19  0.0453  0.1867  -11.9
2022 295  5 50    1.07    9.42    2.94  -347.7    -2.4     5.3  13.93    29871  3.37    67    15  0  0 -0.3458   3.26    0.93    8.81    3.86  0.0562  0.2071  -11.4
2022 295  6  0    1.99    9.37    2.70  -353.2    -1.4     4.8  12.74    29924  3.18    68    15  0  0 -0.3433   3.08    1.26    9.12    3.25  0.0830  0.2470  -11.0
2022 295  6 10    1.15    9.74    2.43  -350.6    -5.9     9.9  13.52    34040  3.33    95    17  0  0 -0.3406   3.22    1.82    9.33    2.73  0.1097  0.2836  -10.7
2022 295  6 20   -0.19    9.67    2.20  -352.1    -7.7    14.9  14.02    40990  3.48   130    17  0 -1 -0.3375   3.37    1.89    9.54    2.37  0.1288  0.3103  -10.9
2022 295  6 30    2.47    9.71    0.41  -356.5    -5.3    24.4  15.07    42582  3.85   155    16  0  0 -0.3342   3.73    1.54    9.62    2.16  0.1424  0.3245  -11.0
2022 295  6 40    1.89    9.62    2.24  -353.9    -5.4    12.2  15.06    47094  3.78   142    16  0  0 -0.3306   3.66    1.30    9.69    2.17  0.1452  0.3256  -11.6
2022 295  6 50    1.97   10.08    2.15  -355.3    -6.2    21.4  14.28    31671  3.62   127    15  0  0 -0.3267   3.51    1.40    9.78    2.20  0.1483  0.3279  -11.8
2022 295  7  0    0.96   10.35    1.09  -352.2    -8.2    20.4  14.45    35168  3.60   140    15  0  0 -0.3226   3.49    1.56    9.94    2.17  0.1550  0.3359  -12.7
2022 295  7 10    0.87   10.45    1.16  -347.8    -7.6    18.6  15.54    37661  3.77   141    13  0  0 -0.3182   3.65    1.40   10.19    1.84  0.1792  0.3605  -13.4
2022 295  7 20    1.42   10.42   -0.01  -351.0    -7.3    27.4  15.76    35512  3.91   123    13  0  0 -0.3136   3.79    1.18   10.38    1.02  0.2278  0.4105  -14.5
2022 295  7 30    1.22   10.76    0.14  -352.4   -11.3    23.2  13.34    31561  3.33   114    10  0  0 -0.3088   3.23    1.21   10.51    0.50  0.2703  0.4437  -15.5
2022 295  7 40   -0.52   10.52    1.62  -346.1    -8.8    19.7  14.55    35244  3.50   109     9  0 -1 -0.3037   3.39    1.22   10.59   -0.02  0.2970  0.4770  -16.2
2022 295  7 50    0.78   11.50    0.07  -350.4   -14.4    20.2  11.94    23265  2.95   133     9  0  0 -0.2984   2.85    1.18   10.68    0.37  0.2807  0.4577  -16.7
2022 295  8  0    0.93   11.86   -0.25  -352.6   -13.9    21.9  12.44    23480  3.11   199     6  0  0 -0.2929   3.01    0.97   11.05    0.20  0.2800  0.4777  -17.6
2022 295  8 10    1.03   11.90   -1.76  -351.2    -9.3    26.4  13.44    33099  3.34   361     5  0  0 -0.2873   3.23    0.82   11.43    0.21  0.2782  0.4877  -19.0
2022 295  8 20    1.01   12.01   -2.86  -354.9   -14.6    25.8  13.46    35548  3.41   413     4  0  0 -0.2814   3.31    0.89   11.76   -1.13  0.2559  0.5781  -21.3
2022 295  8 30    0.92   12.26    0.29  -357.3   -15.1    14.8  14.24    43227  3.65   599     1  0  0 -0.2754   3.53    0.91   11.88   -1.37  0.2427  0.5985  -24.4
2022 295  8 40    0.76   10.42    1.47  -358.6    -7.5    12.1  18.27    66983  4.71   615    -3  0  0 -0.2692   4.56    0.93   11.92   -1.33  0.2611  0.6010  -28.0
2022 295  8 50    0.61    9.69    3.69  -360.1    -9.0     4.2  18.93    69691  4.91   611    -5  0  0 -0.2629   4.76    0.60   11.26    0.84  0.2405  0.4616  -31.6
2022 295  9  0    0.73   10.03    3.95  -358.1    -7.8    -0.1  18.40    71431  4.72   608    -9  0  0 -0.2565   4.57    0.42   10.55    2.42  0.1840  0.3526  -34.2
2022 295  9 10   -0.86   10.71   -0.73  -351.8   -11.4    17.4  18.88    75860  4.69   599   -11  0  0 -0.2500   4.54    0.09   10.17    2.81  0.1603  0.3185  -36.2
2022 295  9 20   -1.17   10.41   -2.57  -352.0   -10.7    18.5  19.13    67977  4.76   582   -12  0  0 -0.2433   4.61   -0.33   10.49    1.31  0.2275  0.4082  -37.4
2022 295  9 30    0.24    9.66    0.91  -361.8    -9.9    11.9  21.25    85715  5.57   557   -11  0  0 -0.2366   5.40   -0.59   10.38    0.34  0.2587  0.4556  -38.2
2022 295  9 40   -0.22    9.30   -2.99  -356.4   -15.6    26.6  19.50    98720  4.99   583   -12  0 -1 -0.2298   4.83   -0.37    9.94   -0.27  0.2413  0.4804  -39.6
2022 295  9 50   -1.69    9.82   -1.47  -353.3   -23.6    17.7  18.91   104790  4.75   544   -18  0  0 -0.2229   4.60   -0.16    9.25   -1.33  0.1718  0.5245  -41.4
2022 295 10  0   -3.02    9.48   -2.62  -355.0   -20.9    21.3  18.26   100119  4.63   602   -19  0  0 -0.2160   4.49   -0.66    9.33   -2.19  0.1737  0.5791  -43.6
2022 295 10 10   -0.73    8.86   -4.52  -354.3   -18.6    25.2  19.47   105806  4.93   519   -22  0  0 -0.2091   4.77   -1.29    9.19   -3.27  0.1237  0.6358  -44.7
2022 295 10 20   -0.67    9.11   -4.84  -354.9   -22.7    24.8  18.97   102197  4.82   482   -21  0  0 -0.2021   4.67   -1.43    8.98   -3.92  0.1002  0.6624  -45.5
2022 295 10 30   -1.77    8.20   -6.17  -354.4   -17.9    31.1  18.35    90798  4.66   434   -22  0  0 -0.1951   4.51   -1.12    8.74   -4.92  0.0539  0.7136  -46.0
2022 295 10 40   -2.75    9.73   -4.16  -352.7   -25.5    21.7  17.18    90891  4.31   548   -24  0  0 -0.1881   4.18   -1.20    8.79   -5.19  0.0487  0.7309  -46.6
2022 295 10 50   -1.82    9.99   -3.67  -355.1   -22.9    20.6  17.80    89871  4.52   764   -24  0  0 -0.1811   4.38   -1.67    9.23   -4.75  0.0597  0.7251  -46.5
2022 295 11  0   -1.03    8.88   -6.25  -357.2   -21.7    28.7  18.36    94736  4.73   830   -22  0  0 -0.1742   4.58   -2.16    9.43   -4.51  0.0684  0.7172  -45.9
2022 295 11 10   -1.76    8.79   -6.45  -356.3   -22.8    31.3  18.49    94323  4.75   858   -22  0  0 -0.1673   4.60   -2.04    9.45   -4.75  0.0623  0.7323  -45.9
2022 295 11 20   -1.95    8.72   -6.24  -354.0   -22.6    29.4  18.67    87454  4.73  1274   -24  0  0 -0.1605   4.58   -1.96    9.24   -5.28  0.0501  0.7531  -46.6
2022 295 11 30   -1.37    8.91   -6.12  -354.5   -24.3    28.1  18.52    86765  4.70  1118   -25  0  0 -0.1537   4.56   -1.61    8.98   -5.99  0.0301  0.7822  -48.3
2022 295 11 40   -1.82    8.62   -6.46  -352.9   -21.3    31.9  18.17    89257  4.58   962   -29  0  0 -0.1470   4.43   -1.52    8.84   -6.21  0.0247  0.7863  -50.7
2022 295 11 50   -2.32    8.12   -6.89  -352.8   -23.9    30.8  18.16    85760  4.58   996   -34  0  0 -0.1404   4.43   -1.53    8.73   -6.32  0.0227  0.7857  -54.1
2022 295 12  0   -2.48    7.31   -7.41  -353.9   -23.3    31.1  18.44    88062  4.68   880   -38  0  0 -0.1339   4.53   -1.88    8.32   -6.69  0.0168  0.7842  -57.2
2022 295 12 10   -2.31    7.22   -7.80  -352.9   -24.1    30.5  18.18    84562  4.58   886   -41  0  0 -0.1275   4.44   -2.23    7.76   -7.17  0.0105  0.7792  -60.0
2022 295 12 20   -2.67    6.65   -8.49  -353.2   -24.7    28.7  18.26    78626  4.61   906   -44  0  0 -0.1212   4.46   -2.41    7.03   -7.79  0.0053  0.7638  -62.5
2022 295 12 30   -1.92    6.97   -8.04  -355.0   -23.8    29.1  18.24    83632  4.65   843   -46  0  0 -0.1151   4.50   -2.36    6.85   -8.00  0.0042  0.7636  -65.1
2022 295 12 40   -1.92    7.52   -7.48  -358.9   -26.7    17.0  19.93    71802  5.17   680   -49  0  0 -0.1091   5.01   -2.21    6.85   -8.03  0.0045  0.7665  -67.6
2022 295 12 50   -1.25    7.11   -7.89  -359.0   -22.1    22.8  19.92    76902  5.17   807   -51  0  0 -0.1033   5.01   -1.89    6.78   -7.97  0.0046  0.7649  -70.0
2022 295 13  0   -1.29    7.54   -6.90  -358.0   -26.9    21.2  19.85    76718  5.13   882   -54  0  0 -0.0977   4.97   -1.58    6.50   -8.03  0.0039  0.7550  -71.9
2022 295 13 10   -2.18    5.97   -7.75  -354.7   -22.2    28.0  20.44    91780  5.20   902   -57  0  0 -0.0922   5.03   -1.56    6.29   -7.96  0.0033  0.7425  -73.7
2022 295 13 20   -2.34    5.84   -9.22  -352.9   -25.1    27.2  19.45    84565  4.90   719   -58  0  0 -0.0870   4.74   -1.77    6.37   -7.64  0.0036  0.7361  -75.2
2022 295 13 30   -2.62    4.29  -10.17  -353.7   -22.2    29.2  18.68    65281  4.72   836   -61  0  0 -0.0819   4.58   -2.19    5.82   -8.20  0.0027  0.7026  -76.9
2022 295 13 40   -2.94    0.21  -11.65  -353.9   -12.6    35.1  18.09    59939  4.58   732   -64  0  0 -0.0770   4.44   -2.36    4.37   -9.49  0.0012  0.5897  -79.6
2022 295 13 50   -1.61   -0.81  -10.53  -357.8    -7.1    31.0  20.43    78452  5.27   685   -67  0  0 -0.0724   5.11   -2.36    2.08  -10.66  0.0001  0.4132  -82.5
2022 295 14  0   -2.51    6.25   -7.82  -352.9   -25.1    33.9  22.70    91680  5.74   753   -69  0  0 -0.0680   5.55   -2.37    2.84   -9.18  0.0229  0.3899  -84.7
2022 295 14 10   -4.36    5.06   -7.46  -353.9   -28.3    36.4  20.92    72680  5.33   732   -70  0  0 -0.0638   5.16   -2.84    3.96   -7.95  0.0236  0.4846  -85.6
2022 295 14 20   -3.64    7.84   -3.25  -352.2   -31.7    18.4  22.97    94491  5.76   606   -70  0  0 -0.0599   5.58   -3.33    5.82   -6.96  0.0250  0.6362  -85.8
2022 295 14 30   -1.73   -1.41   -9.91  -358.9   -21.3    26.7  22.38    78810  5.82   637   -70  0  0 -0.0562   5.63   -3.45    4.69   -7.90  0.0048  0.6083  -86.0
2022 295 14 40   -2.66    5.47   -7.76  -356.0   -27.4    22.3  21.39    79779  5.47   707   -69  0  0 -0.0528   5.30   -2.95    3.35   -8.46  0.0042  0.5108  -84.9
2022 295 14 50   -3.46    3.19   -9.13  -354.4   -29.1    20.4  22.58    79589  5.73   691   -65  0  0 -0.0497   5.55   -2.94    3.60   -8.19  0.0038  0.5257  -82.7
2022 295 15  0   -3.65    4.62   -9.07  -352.6   -25.8    25.8  20.59    69856  5.18   552   -63  0  0 -0.0468   5.01   -3.28    3.58   -8.48  0.0012  0.5365  -80.3
2022 295 15 10   -4.27    5.84   -8.14  -353.4   -34.7    20.4  21.08    68383  5.33   556   -62  0  0 -0.0442   5.17   -4.00    4.93   -8.17  0.0017  0.6386  -79.0
2022 295 15 20   -3.73    5.23   -8.64  -355.5   -34.2    15.0  20.69    61300  5.29   740   -62  0  0 -0.0419   5.12   -4.13    5.23   -8.28  0.0026  0.6559  -78.3
2022 295 15 30   -4.45    3.39   -9.55  -354.4   -28.0    23.8  17.55    62885  4.46   848   -63  0  0 -0.0399   4.32   -4.06    5.70   -8.28  0.0027  0.7000  -78.6
2022 295 15 40   -2.99    4.74   -8.71  -359.8   -37.5    16.6  20.11    66893  5.28  1050   -64  0  0 -0.0381   5.11   -3.58    5.46   -8.41  0.0025  0.6875  -79.4
2022 295 15 50   -4.08    4.97   -8.26  -355.4   -40.2    15.8  19.22    62146  4.93   955   -66  0  0 -0.0367   4.77   -3.43    4.86   -8.81  0.0007  0.6629  -81.3
2022 295 16  0   -3.88    4.65   -8.67  -354.4   -37.9    16.4  20.49    65486  5.22   696   -68  0  0 -0.0355   5.05   -3.57    4.65   -8.72  0.0005  0.6499  -83.5
2022 295 16 10   -4.41    3.87   -8.94  -353.2   -36.1    17.8  19.52    64376  4.93   875   -73  0  0 -0.0346   4.78   -3.88    4.37   -8.80  0.0002  0.6292  -86.6
2022 295 16 20   -4.41    3.19   -9.49  -353.0   -35.4    20.8  18.86    62262  4.76   804   -78  0  0 -0.0341   4.61   -4.20    3.93   -9.02  0.0001  0.5918  -89.7
2022 295 16 30   -5.87    1.93   -9.24  -347.6   -32.0    25.4  18.44    64139  4.52  1422   -82  0  0 -0.0338   4.38   -4.49    3.44   -9.19  0.0001  0.5452  -92.9
2022 295 16 40   -5.21    2.89   -9.22  -350.7   -35.5    22.2  19.50    68799  4.86  1007   -85  0 -1 -0.0339   4.71   -5.05    2.84   -9.23  0.0000  0.4820  -93.7
2022 295 16 50   -5.11    1.80   -9.94  -352.1   -31.8    25.1  18.26    63785  4.59   887   -80  0  0 -0.0342   4.44   -5.30    2.86   -9.16  0.0000  0.4809  -94.7
2022 295 17  0   -6.07    1.71   -9.42  -350.0   -32.3    16.5  20.99    55430  5.20   536   -83  0  0 -0.0348   5.03   -5.37    2.47   -9.33  0.0000  0.4310  -95.0
2022 295 17 10   -6.54    3.13   -8.41  -350.2   -33.8    18.3  21.22    55109  5.27   724   -83  0  0 -0.0358   5.10   -5.46    2.56   -9.32  0.0000  0.4421  -95.3
2022 295 17 20   -6.41    2.78   -8.49  -351.1   -34.5    20.1  23.66    55330  5.91   699   -78  0  0 -0.0370   5.72   -5.93    2.42   -9.04  0.0000  0.4275  -94.0
2022 295 17 30   -6.59    2.49   -8.32  -351.1   -33.1    23.2  23.16    54712  5.78  1229   -76  0  0 -0.0385   5.60   -6.37    2.75   -8.56  0.0000  0.4728  -92.0
2022 295 17 40   -6.53    2.01   -8.63  -348.2   -34.5    21.4  22.91    54160  5.63  1423   -75  0  0 -0.0404   5.45   -6.63    2.69   -8.29  0.0000  0.4659  -90.5
2022 295 17 50   -6.48    3.10   -7.89  -353.1   -33.8    23.6  22.56    50077  5.70  1300   -73  0  0 -0.0425   5.52   -6.40    2.18   -8.51  0.0000  0.4051  -90.4
2022 295 18  0   -5.23    0.09   -9.21  -353.4   -41.1    15.6  26.50    48522  6.72  1022   -74  0  0 -0.0449   6.51   -6.16    1.90   -8.57  0.0000  0.3653  -92.5
2022 295 18 10   -3.51   -1.56   -8.60  -351.0   -45.9    21.4  26.67    33696  6.71   953   -76  0  0 -0.0476   6.50   -5.52    1.58   -8.54  0.0001  0.3311  -94.0
2022 295 18 20   -2.33   -7.31   -8.08  -350.4   -34.9    27.8  17.82    46589  4.45   685   -80  0  0 -0.0505   4.31   -4.51   -0.24   -8.30 -0.0006  0.3968  -95.6
2022 295 18 30   -2.19   -8.60   -7.86  -350.6   -36.8    28.5  16.13    46632  4.04   824   -89  0 -1 -0.0538   3.91   -3.39   -3.37   -8.18 -0.0024  0.5455  -95.9
2022 295 18 40   -1.51   -7.49   -6.88  -349.9   -39.8    28.2  21.79    48488  5.44  1013   -87  0  0 -0.0573   5.27   -2.36   -6.56   -7.92 -0.0057  0.7048  -95.7
2022 295 18 50    0.66   -8.79   -6.09  -347.7   -35.2    28.2  18.40    49876  4.52   754   -82  0  0 -0.0610   4.38   -1.57   -7.89   -7.42 -0.0095  0.7842  -94.6
2022 295 19  0    2.57   -8.37   -6.17  -335.2   -25.6    44.7  16.20    53366  3.73   970   -85  0  0 -0.0650   3.61   -0.82   -8.04   -6.98 -0.0121  0.7727  -92.0
2022 295 19 10   -1.36   -7.91   -8.07  -331.3   -18.1    48.5  14.34    46790  3.22   966   -84  0  0 -0.0693   3.12    0.39   -8.03   -6.80 -0.0126  0.7488  -89.7
2022 295 19 20    3.21   -7.45   -7.17  -331.7   -18.7    42.8  13.32    44268  2.99   876   -81  0  0 -0.0737   2.90    0.55   -8.05   -7.21 -0.0100  0.7498  -87.7
2022 295 19 30    0.53   -7.14   -5.94  -333.6   -35.5    36.5  16.62    54195  3.79   552   -79  0  0 -0.0785   3.67    1.20   -8.13   -6.88 -0.0115  0.7271  -86.6
2022 295 19 40   -1.44   -6.55   -5.41  -336.9   -31.6    44.9  18.12    52722  4.22   472   -75  0  0 -0.0834   4.09    0.35   -7.73   -6.42 -0.0118  0.7040  -85.2
2022 295 19 50    1.99   -8.42   -2.59  -337.9   -22.9    50.0  14.64    65628  3.43   414   -72  0  0 -0.0885   3.32    0.52   -7.82   -4.94 -0.0325  0.6478  -83.3
2022 295 20  0   -2.61   -7.32   -4.41  -342.4   -35.0    42.9  16.01    69294  3.85   348   -70  0  0 -0.0939   3.73    0.07   -7.76   -4.03 -0.0490  0.6099  -79.8
2022 295 20 10    5.57   -7.38    0.36  -320.1   -10.0    69.6  13.06   105929  2.81   291   -68  0 -1 -0.0994   2.72    0.36   -8.02   -3.31 -0.0635  0.5816  -75.9
2022 295 20 20    6.39   -6.95    0.40  -344.5    -4.7    62.6   8.34   173425  2.05   540   -65  0  0 -0.1051   1.98    2.03   -7.81   -1.97 -0.0858  0.4922  -71.6
2022 295 20 30    4.53   -8.35   -2.77  -378.7    18.7    54.9   6.17   136550  1.82   537   -63  0 -1 -0.1110   1.75    4.07   -7.38   -0.67 -0.0947  0.4077  -67.8
2022 295 20 40    6.63   -6.37   -0.13  -366.4    16.6    64.0   7.50   125746  2.08   458   -57  0  0 -0.1171   2.01    6.16   -6.96    0.25 -0.1124  0.3549  -64.9
2022 295 20 50    8.55   -4.73   -0.17  -347.2   -18.8    45.5   9.60   116544  2.36   297   -54  0  0 -0.1233   2.29    6.52   -6.51   -0.20 -0.1001  0.3821  -62.8
2022 295 21  0    4.19   -8.94   -1.62  -347.2   -10.2    39.6   9.58    91310  2.34   240   -52  0 -1 -0.1296   2.27    6.51   -6.41   -0.42 -0.0954  0.3880  -62.1
2022 295 21 10    3.66   -8.74   -1.28  -351.4   -15.0    43.0  11.31   127329  2.84   253   -52  0  0 -0.1361   2.75    5.80   -7.20   -0.48 -0.1168  0.4065  -62.0
2022 295 21 20   -3.75   -5.37   -4.98  -386.7    31.4    38.9   7.64   174139  2.32   206   -54  0  0 -0.1427   2.25    5.04   -7.52   -0.36 -0.1118  0.4061  -62.5
2022 295 21 30    8.22   -6.92    1.77  -403.8    51.5    46.0   5.91    96413  1.98   175   -57  0  0 -0.1494   1.92    5.02   -7.49   -0.08 -0.1093  0.4038  -62.7
2022 295 21 40    8.05   -7.11    1.59  -402.9    59.0    52.6   5.69    96276  1.92   157   -57  0 -1 -0.1561   1.86    6.31   -6.86    0.72 -0.0822  0.3520  -63.2
2022 295 21 50    6.79   -7.31    0.03  -401.7    50.6    44.5   5.99   119097  1.99   125   -57  0  0 -0.1630   1.92    7.56   -6.79    1.36 -0.0869  0.3237  -62.9
2022 295 22  0    2.38   -6.92   -6.05  -375.6    33.6    61.1   7.48   146090  2.18   114   -55  0  0 -0.1699   2.11    7.32   -7.02    0.41 -0.0974  0.4055  -62.4
2022 295 22 10    5.28   -8.29   -1.69  -385.7    45.6    54.3   6.57   125869  2.02   119   -54  0  0 -0.1769   1.96    6.04   -7.20   -1.27 -0.0924  0.5193  -61.6
2022 295 22 20    3.68   -8.68   -2.92  -385.2    28.8    44.4   6.57   136388  1.99   141   -53  0  0 -0.1839   1.92    4.82   -7.68   -2.51 -0.0940  0.6243  -60.9
2022 295 22 30    1.47   -8.56   -4.87  -384.2    32.4    43.1   6.63   124593  2.00    85   -53  0  0 -0.1910   1.93    3.64   -8.07   -3.51 -0.0693  0.6940  -60.6
2022 295 22 40    1.03   -8.64   -4.76  -385.6    35.5    41.2   6.70   106671  2.03   103   -53  0  0 -0.1981   1.97    2.54   -8.43   -3.93 -0.0547  0.7413  -60.3
2022 295 22 50    1.87   -9.40   -3.39  -377.6    38.5    49.9   6.61   123362  1.94   110   -53  0  0 -0.2051   1.88    1.90   -8.61   -4.43 -0.0398  0.7744  -60.2
2022 295 23  0    3.81   -8.92   -0.60  -369.9    36.6    52.0   6.74   126581  1.90   128   -52  0  0 -0.2122   1.84    1.95   -9.00   -3.38 -0.0748  0.7135  -59.8
2022 295 23 10    0.32   -6.68   -5.20  -374.1    33.9    50.2   7.70   165802  2.21    98   -51  0  0 -0.2192   2.14    2.09   -8.76   -2.73 -0.0919  0.6554  -59.3
2022 295 23 20    2.47   -6.07   -7.13  -368.8    32.5    35.3   6.84   146582  1.89    79   -51  0  0 -0.2262   1.83    2.17   -8.26   -3.16 -0.0818  0.6515  -58.8
2022 295 23 30    0.97   -1.72   -8.91  -374.7    34.4    41.7   7.73   164709  2.22   100   -49  0  0 -0.2332   2.15    2.20   -6.78   -5.02 -0.0371  0.6805  -58.1
2022 295 23 40    3.86   -7.17   -5.24  -371.5    52.7    38.4   6.71   152547  1.92   228   -48  0  0 -0.2401   1.85    2.22   -4.62   -7.03 -0.0092  0.6144  -57.3
2022 295 23 50    3.23   -8.34   -5.37  -371.1    23.7    53.1   6.72   148840  1.90   359   -48  0  0 -0.2469   1.84    2.56   -4.86   -6.69 -0.0171  0.6080  -56.2
2022 296  0  0    4.21   -9.53   -0.80  -371.3    38.9    51.7   6.33   115734  1.80   445   -47  0 -1 -0.2536   1.74    3.07   -6.06   -5.66 -0.0321  0.6217  -55.2
2022 296  0 10    5.46   -8.27   -1.85  -364.2    23.4    46.2   6.88   111085  1.86   364   -46  0  0 -0.2603   1.80    4.20   -8.36   -3.52 -0.0601  0.6789  -54.1
2022 296  0 20    4.08   -8.98   -2.67  -364.0    41.4    47.5   6.23    96132  1.70   401   -45  0  0 -0.2668   1.65    4.42   -8.46   -3.03 -0.0682  0.6451  -52.7
2022 296  0 30    5.07   -8.47   -2.50  -366.6    43.9    50.6   5.80    85806  1.61   358   -43  0  0 -0.2732   1.56    4.55   -8.56   -2.45 -0.0799  0.6083  -51.2
2022 296  0 40    4.34   -8.74   -2.15  -361.9    45.7    47.1   7.09    84218  1.92   327   -41  0  0 -0.2794   1.86    4.31   -8.71   -2.38 -0.0818  0.6071  -49.8
2022 296  0 50    5.33   -8.70   -1.19  -363.9    43.7    47.5   6.39   109106  1.75   350   -40  0  0 -0.2855   1.69    4.56   -8.69   -2.18 -0.0893  0.5968  -48.8
2022 296  1  0    5.47   -8.48   -0.02  -380.6    49.4    38.6   6.01    87171  1.79   318   -38  0 -1 -0.2914   1.73    4.76   -8.64   -1.69 -0.1121  0.5658  -47.6
2022 296  1 10    3.71   -8.00   -4.75  -374.3    38.4    50.3   6.02    89254  1.73   266   -37  0  0 -0.2972   1.68    4.95   -8.56   -1.57 -0.1216  0.5655  -46.1
2022 296  1 20    3.26   -7.50   -5.84  -375.3    37.2    37.1   5.26    87638  1.51   196   -35  0  0 -0.3028   1.46    4.40   -8.43   -2.52 -0.0986  0.6266  -44.9
2022 296  1 30    4.13   -8.18   -2.60  -389.3    40.1    28.7   6.06   102446  1.87   188   -34  0  0 -0.3081   1.81    3.95   -7.85   -3.69 -0.0599  0.6853  -43.6
2022 296  1 40    6.04   -7.16   -0.80  -395.1    39.9    16.9   5.70   100158  1.80   195   -31  0  0 -0.3133   1.74    4.25   -7.43   -3.73 -0.0488  0.6821  -42.7
2022 296  1 50    5.15   -7.58   -2.66  -388.9    37.1    25.5   5.19    72477  1.59   161   -32  0  0 -0.3182   1.54    5.02   -7.13   -2.58 -0.0714  0.6068  -42.0
2022 296  2  0    5.83   -7.15   -1.79  -390.7    41.0    27.6   5.03    76031  1.56   119   -33  0  0 -0.3229   1.51    5.77   -7.15   -1.43 -0.0960  0.5398  -41.7
2022 296  2 10    4.58   -7.48   -2.52  -380.5    35.4    23.3   5.18    74724  1.52   108   -32  0  0 -0.3274   1.47    5.83   -7.15   -1.26 -0.0970  0.5228  -41.3
2022 296  2 20    3.64   -7.90   -3.40  -374.0    24.2    20.9   4.65    68517  1.31    67   -32  0  0 -0.3316   1.27    5.21   -7.32   -1.87 -0.0786  0.5610  -40.5
2022 296  2 30    4.14   -7.33   -4.29  -377.8    28.6    25.8   4.63    72889  1.34    58   -32  0  0 -0.3356   1.29    4.59   -7.50   -2.75 -0.0525  0.6185  -40.0
2022 296  2 40    4.53   -7.87   -2.22  -372.8    19.8    25.3   4.86    73605  1.36    67   -31  0  0 -0.3393   1.32    4.00   -7.50   -3.71 -0.0310  0.6730  -40.2
2022 296  2 50    4.21   -7.48   -3.20  -379.2    35.0    26.4   5.94    69281  1.73    92   -32  0  0 -0.3427   1.68    4.16   -7.56   -3.34 -0.0414  0.6494  -40.3
2022 296  3  0    5.42   -7.79   -0.21  -370.9    13.8    24.9   4.69    60522  1.30    56   -32  0  0 -0.3459   1.26    4.36   -7.55   -2.96 -0.0512  0.6242  -40.8
2022 296  3 10    5.10   -7.67   -0.74  -371.8     2.0    16.9   5.56    53095  1.54    60   -32  0  0 -0.3487   1.49    4.68   -7.71   -1.90 -0.0790  0.5569  -41.2
2022 296  3 20    5.10   -7.61   -0.61  -385.0    12.9    14.0   6.84    44435  2.03    45   -31  0  0 -0.3513   1.97    4.92   -7.69   -1.69 -0.0882  0.5388  -41.8
2022 296  3 30    5.29   -7.30    0.23  -385.0    16.5     3.0   7.78    52519  2.31    42   -28  0 -1 -0.3535   2.24    5.09   -7.66   -0.69 -0.1257  0.4703  -42.0
2022 296  3 40    5.27   -7.83   -0.09  -386.3    10.2    11.7   7.98    50705  2.39    42   -28  0  0 -0.3554   2.31    5.11   -7.65   -0.15 -0.1446  0.4375  -41.9
2022 296  3 50    4.61   -8.24   -1.11  -386.3     6.1    15.4   7.76    56594  2.32    47   -29  0  0 -0.3571   2.25    5.17   -7.70    0.19 -0.1729  0.4227  -42.1
2022 296  4  0    3.77   -8.50   -4.32  -380.5    -4.4     9.1   6.24    49556  1.81    39   -31  0  0 -0.3584   1.75    4.94   -8.05   -0.80 -0.1453  0.5009  -42.8
2022 296  4 10    6.30   -6.72    0.95  -389.1    12.6    12.4   8.99    31982  2.73    44   -29  0  0 -0.3594   2.64    4.39   -8.01   -2.27 -0.1045  0.5964  -42.8
2022 296  4 20    6.18   -7.08   -1.51  -387.2    11.2    15.0   8.27    33868  2.49    71   -26  0  0 -0.3601   2.41    4.75   -7.64   -2.14 -0.0966  0.5737  -42.9
2022 296  4 30    6.50   -6.71   -2.70  -382.2    10.7    24.9   8.29    38848  2.43    55   -29  0  0 -0.3605   2.36    5.35   -7.12   -1.89 -0.0998  0.5436  -43.0
2022 296  4 40    6.66   -6.32   -2.14  -375.4     6.7    22.4   9.51    52827  2.69    84   -30  0 -1 -0.3605   2.61    6.47   -6.82   -1.34 -0.1057  0.5027  -43.5
2022 296  4 50    5.89   -6.73   -3.84  -364.1     5.4    30.3   8.96    73338  2.40    84   -30  0  0 -0.3602   2.32    6.54   -6.68   -2.23 -0.0664  0.5559  -43.5
2022 296  5  0    4.13   -6.17   -6.77  -360.1    -2.3    12.9   6.96    57615  1.81    52   -31  0  0 -0.3596   1.75    5.82   -6.73   -3.48 -0.0376  0.6162  -42.7
2022 296  5 10    2.72   -5.92   -7.55  -363.5    10.2    17.1   6.70    58697  1.78    60   -33  0  0 -0.3587   1.72    4.95   -6.44   -5.15 -0.0184  0.6651  -42.5
2022 296  5 20    3.04   -6.51   -6.92  -363.4   -14.1     8.7   6.49    50951  1.72   100   -32  0  0 -0.3575   1.66    3.71   -6.26   -6.78 -0.0048  0.7190  -43.2
2022 296  5 30    2.39   -6.74   -6.32  -360.0   -10.6    20.7   7.52    45554  1.96    92   -33  0  0 -0.3559   1.90    3.22   -5.90   -7.36 -0.0017  0.7189  -44.0
2022 296  5 40    3.09   -7.94   -5.91  -365.2   -23.9    11.1   5.92    49141  1.59   125   -35  0  0 -0.3541   1.54    2.46   -6.14   -7.34 -0.0029  0.7294  -45.1
2022 296  5 50    3.24   -7.35   -6.07  -387.7   -18.2     3.7   7.38    49937  2.22   228   -34  0  0 -0.3519   2.15    2.36   -6.67   -6.97 -0.0049  0.7517  -45.8
2022 296  6  0    1.71   -7.69   -7.20  -382.5   -15.2     4.1   8.81    45311  2.58   263   -33  0  0 -0.3494   2.50    2.50   -7.14   -6.63 -0.0078  0.7837  -46.0
2022 296  6 10    4.19   -7.57   -6.00  -390.1   -17.0     0.8   6.61    59432  2.01   241   -34  0 -1 -0.3467   1.95    2.62   -7.42   -6.68 -0.0082  0.8221  -46.1
2022 296  6 20    8.52   -6.72   -0.09  -413.3    -8.9    -1.3   7.23    86627  2.47   408   -34  0  0 -0.3436   2.39    3.86   -7.45   -5.48 -0.0347  0.7765  -45.9
2022 296  6 30    8.92   -4.85    3.23  -410.3   -17.1    -4.5   6.29    61065  2.12   328   -34  0  0 -0.3403   2.05    5.80   -6.82   -2.68 -0.0506  0.5759  -46.1
2022 296  6 40    9.61   -3.45    3.24  -419.6   -10.0    -2.9   5.60    60121  1.97   259   -35  0  0 -0.3367   1.91    8.12   -5.73    0.93 -0.0509  0.3192  -46.2
2022 296  6 50    8.21   -1.50    4.45  -416.7    -7.2     8.3   5.98    74155  2.08   157   -34  0  0 -0.3328   2.01    9.08   -4.36    2.98 -0.0235  0.1224  -45.6
2022 296  7  0    8.82   -2.14    4.54  -417.7    -2.6     0.7   6.13    84507  2.14   140   -31  0  0 -0.3286   2.07    8.80   -2.90    3.95 -0.0040  0.0531  -44.4
2022 296  7 10    8.12   -0.51    5.94  -422.7     2.0     5.9   5.91    85513  2.12   133   -30  0 -1 -0.3243   2.05    8.55   -2.11    4.55 -0.0017  0.0276  -42.4
2022 296  7 20    8.00   -0.67    6.14  -423.3     1.2     6.7   5.71   105285  2.05   118   -27  0 -1 -0.3196   1.98    8.22   -1.15    5.43 -0.0001  0.0057  -40.8
2022 296  7 30    7.84   -0.21    6.19  -426.8     0.8     4.6   6.32   119012  2.30    77   -26  0  0 -0.3148   2.23    8.20   -0.85    5.78 -0.0000  0.0017  -39.5
2022 296  7 40    8.33   -0.88    5.47  -425.5    11.2    -6.5   5.97   122766  2.17    47   -25  0  0 -0.3097   2.10    8.06   -0.33    5.99 -0.0000  0.0000  -38.7
2022 296  7 50    7.67   -0.33    5.90  -439.2    -2.4    -1.1   5.22    91658  2.02    57   -24  0  0 -0.3044   1.95    8.02   -0.14    5.98  0.0000  0.0005  -38.3
2022 296  8  0    7.30    2.08    6.87  -449.2     4.1    -3.3   4.24   135947  1.71    53   -26  0  0 -0.2989   1.66    7.84    0.56    6.21  0.0000  0.0017  -38.0
2022 296  8 10    6.23    5.91    6.16  -459.5    -8.9     4.7   4.49   183396  1.90    48   -25  0  0 -0.2932   1.84    7.50    1.18    6.64  0.0000  0.0027  -37.4
2022 296  8 20    7.57    2.46    7.06  -467.6    -5.4   -20.0   3.49   120722  1.53    50   -25  0  0 -0.2874   1.48    7.11    2.48    6.86  0.0010  0.0172  -36.7
2022 296  8 30    7.72    2.07    6.60  -470.4    -0.2    -5.3   3.83   114166  1.69    51   -24  0  0 -0.2814   1.64    7.21    2.62    6.79  0.0010  0.0175  -36.4
2022 296  8 40    8.42   -2.62    4.78  -466.7   -26.8   -18.8   4.23   196564  1.85    34   -24  0  0 -0.2752   1.79    7.56    2.04    6.31  0.0010  0.0196  -36.5
2022 296  8 50    8.24   -3.09    5.06  -468.4   -14.2   -17.3   4.34   189778  1.91    22   -24  0  0 -0.2689   1.85    8.15   -0.05    5.74 -0.0001  0.0083  -37.1
2022 296  9  0    8.14    0.16    3.35  -492.3    -7.9   -24.0   4.77   218495  2.32    29   -24  0 -1 -0.2625   2.25    8.22   -1.30    4.99 -0.0001  0.0102  -36.5
2022 296  9 10    7.49    2.43    2.75  -496.6    30.9   -54.2   4.28   288792  2.14    48   -20  0  0 -0.2559   2.08    7.93   -0.87    4.02  0.0001  0.0127  -35.3
2022 296  9 20    8.56    2.50    5.02  -509.2     6.0    -1.5   3.25   209994  1.69    48   -20  0 -1 -0.2493   1.63    7.66    0.91    3.47  0.0071  0.0405  -34.8
2022 296  9 30    8.26    2.22    5.54  -514.4   -16.6    -4.5   3.32   195944  1.76    47   -24  0  0 -0.2426   1.70    7.85    2.33    3.68  0.0072  0.0434  -35.8
2022 296  9 40    8.67    1.31    5.23  -507.0   -32.0   -23.5   3.58   116119  1.85    31   -25  0  0 -0.2358   1.79    8.25    2.58    4.55  0.0071  0.0402  -37.1
2022 296  9 50    8.80    1.68    3.77  -500.2   -11.6   -30.4   3.64   143298  1.83    19   -25  0  0 -0.2289   1.77    8.57    1.88    5.06  0.0001  0.0090  -37.7
2022 296 10  0    8.36    1.02    5.16  -510.9   -12.5   -17.2   3.87   190542  2.02    43   -25  0  0 -0.2220   1.96    8.55    1.39    4.89  0.0001  0.0052  -38.1
2022 296 10 10    8.09    0.74    5.66  -513.1   -11.8    -9.3   3.85   189655  2.03    27   -26  0 -1 -0.2150   1.97    8.45    1.10    4.92  0.0000  0.0033  -38.5
2022 296 10 20    8.47    0.10    5.16  -511.3   -18.0   -10.5   3.98   207946  2.08    28   -25  0  0 -0.2080   2.02    8.11    1.07    5.37  0.0000  0.0030  -38.5
2022 296 10 30    8.56   -1.12    5.05  -510.0   -25.1   -17.4   4.06   243844  2.12    25   -25  0 -1 -0.2010   2.05    8.20    0.57    5.48  0.0000  0.0006  -37.8
2022 296 10 40    8.55    0.42    4.53  -507.4   -22.1   -21.5   4.33   174630  2.24    27   -22  0  0 -0.1941   2.17    8.19   -0.26    5.29 -0.0000  0.0026  -37.5
2022 296 10 50    8.28    1.66    4.57  -511.1    -4.8    -8.6   4.47   266449  2.34    36   -23  0  0 -0.1871   2.26    8.42   -0.30    4.85 -0.0000  0.0032  -37.4
2022 296 11  0    8.48   -0.65    4.87  -516.3   -39.3   -15.9   4.61   260695  2.48    42   -22  0 -1 -0.1801   2.40    8.26   -0.02    4.89 -0.0000  0.0036  -37.9
2022 296 11 10    7.17   -2.93    5.47  -526.7   -11.8   -22.1   4.63   256593  2.57    29   -22  0  0 -0.1732   2.49    8.16    0.05    4.99  0.0000  0.0019  -38.2
2022 296 11 20    8.57    1.79    3.62  -511.9    38.0   -16.3   5.02   257819  2.65    36   -21  0  0 -0.1664   2.56    7.72   -0.75    4.97 -0.0000  0.0107  -38.0
2022 296 11 30    7.56    0.97    6.53  -540.3    19.4     9.4   4.40   312500  2.57    23   -20  0  0 -0.1596   2.49    7.52   -0.96    5.15 -0.0000  0.0108  -37.8
2022 296 11 40    7.14    0.50    6.91  -525.7     9.5    15.1   4.78   256163  2.64    32   -21  0 -1 -0.1529   2.56    7.35   -0.31    5.63 -0.0000  0.0101  -38.2
2022 296 11 50    8.70    0.88    3.70  -516.5    26.8   -12.7   4.99   260932  2.67    39   -23  0  0 -0.1463   2.59    7.47    0.22    6.05  0.0000  0.0007  -38.6
2022 296 12  0    7.28   -0.37    5.75  -522.6     9.0     8.8   5.37   305496  2.94    29   -21  0  0 -0.1398   2.84    7.66    0.26    5.70 -0.0000  0.0004  -39.1
2022 296 12 10    7.23   -1.74    4.34  -524.9     3.9    -1.4   5.22   304424  2.88    33   -22  0  0 -0.1335   2.79    7.81    0.01    4.84  0.0001  0.0018  -38.9
2022 296 12 20    6.16   -3.61    2.91  -530.0    -6.3     3.3   4.68   281400  2.63    33   -21  0  0 -0.1272   2.55    7.65   -0.98    3.68 -0.0063  0.0402  -38.8
2022 296 12 30    7.90    0.76    6.05  -520.9    25.2     2.4   4.08   245509  2.22    69   -24  0  0 -0.1211   2.15    7.15   -1.65    3.28 -0.0080  0.0628  -38.3
2022 296 12 40    7.15    4.03    5.93  -514.9    23.6     8.8   3.58   194655  1.91    46   -25  0 -1 -0.1151   1.84    7.26   -1.40    3.81 -0.0081  0.0630  -37.7
2022 296 12 50    6.83    4.30    6.95  -515.7    49.1     2.5   3.52   193890  1.89    36   -24  0  0 -0.1093   1.83    6.89    1.33    5.14 -0.0009  0.0465  -37.1
2022 296 13  0    6.78    4.46    7.70  -507.6    48.5     7.1   3.64   198431  1.89    30   -23  0  0 -0.1037   1.83    6.73    3.66    6.35  0.0018  0.0443  -36.9
2022 296 13 10    5.83    3.83    7.96  -518.1    53.5     2.7   4.03   184079  2.19    31   -23  0  0 -0.0982   2.12    6.04    4.84    7.09  0.0019  0.0514  -36.9
2022 296 13 20    8.03    2.58    5.85  -505.7    29.8    -3.0   3.71   159278  1.90    39   -23  0  0 -0.0930   1.84    6.25    4.36    7.30  0.0012  0.0372  -37.5
2022 296 13 30    8.96   -0.08    5.03  -498.7    14.8   -20.5   5.06    73058  2.52    30   -22  0  0 -0.0879   2.44    7.05    2.99    6.75  0.0002  0.0178  -37.7
2022 296 13 40    9.12   -1.67    4.42  -510.7    31.3   -17.0   5.59   277226  2.92    31   -21  0 -1 -0.0831   2.84    7.86    1.89    5.58  0.0008  0.0236  -37.9
2022 296 13 50    7.64   -1.74    6.38  -520.4    21.4    -7.2   5.13   210815  2.78    51   -20  0  0 -0.0784   2.70    8.58    0.06    5.11  0.0007  0.0173  -37.8
2022 296 14  0    6.37   -7.68   -0.34  -538.7   -17.5   -45.8   5.29   258469  3.10    26   -19  0  0 -0.0740   3.00    8.13   -2.09    4.21 -0.0440  0.1292  -38.0
2022 296 14 10    5.49   -8.40   -1.78  -535.1    -9.8   -58.2   6.29   230564  3.65    33   -19  0 -1 -0.0699   3.53    7.26   -5.17    2.17 -0.1242  0.4168  -38.4
2022 296 14 20    4.50   -7.98   -3.32  -533.2    -2.2   -57.4   7.11   242877  4.09    46   -14  0  0 -0.0660   3.96    6.06   -7.20   -0.65 -0.1728  0.7485  -38.2
2022 296 14 30    4.03   -7.92   -3.70  -534.3    -0.8   -60.7   7.25   249748  4.19    68   -13  0  0 -0.0623   4.06    4.92   -7.99   -2.80 -0.1579  1.0078  -38.1
2022 296 14 40    6.52   -8.06   -1.49  -516.5    43.6    -1.0   7.27   199981  3.91    90   -16  0  0 -0.0589   3.78    4.42   -7.94   -3.24 -0.1294  1.0522  -38.9
2022 296 14 50    0.50   -8.67   -7.29  -568.1    42.1   -53.5   7.18   220998  4.70    95   -17  0 -1 -0.0558   4.55    3.24   -8.23   -4.06 -0.1125  1.1624  -39.7
2022 296 15  0   -1.42   -6.14   -8.93  -585.3    58.8   -68.2   6.25   138349  4.38   109   -15  0  0 -0.0529   4.25    1.83   -8.25   -5.31 -0.0914  1.2944  -40.2
2022 296 15 10    7.18   -6.97    2.66  -563.2    62.6   -55.9   7.39   225640  4.81   119   -16  0 -1 -0.0503   4.64    0.45   -7.95   -6.49 -0.0820  1.4010  -40.8
2022 296 15 20    4.90   -8.23   -4.14  -536.1    10.4   -52.2   8.15   238147  4.73   134   -18  0  0 -0.0480   4.58    1.98   -7.46   -5.53 -0.0940  1.2657  -42.5
2022 296 15 30    2.25   -9.79   -4.66  -556.6    35.0   -50.5   8.38   231887  5.26   161   -20  0  0 -0.0459   5.09    3.60   -7.54   -4.36 -0.1178  1.1458  -44.6
2022 296 15 40    1.28  -10.63   -4.34  -558.2    21.8   -43.3   7.96   204124  5.00   221   -22  0 -1 -0.0442   4.84    4.05   -8.56   -3.71 -0.1274  1.1473  -46.5
2022 296 15 50    2.48  -10.21   -3.79  -543.7    38.7   -38.6   8.60   231887  5.14   351   -25  0  0 -0.0428   4.97    2.90   -9.55   -4.24 -0.1477  1.2596  -47.5
2022 296 16  0    6.73   -8.94   -0.42  -521.8    19.3   -14.2   7.71   215135  4.21   450   -27  0 -1 -0.0416   4.07    2.91  -10.06   -3.59 -0.2316  1.2175  -48.3
2022 296 16 10    6.20  -10.05   -0.19  -525.6    22.8   -20.3   7.03   179478  3.90   549   -29  0 -1 -0.0407   3.77    4.86   -9.45   -2.56 -0.2858  1.0481  -49.3
2022 296 16 20    6.91   -9.74   -0.75  -521.9    22.0    -9.4   7.14   166218  3.90   523   -32  0  0 -0.0402   3.77    6.39   -8.98   -1.00 -0.3363  0.8413  -51.2
2022 296 16 30    5.30   -9.84   -2.60  -536.1    21.7   -29.0   8.58   230553  4.95   400   -32  0  0 -0.0399   4.80    6.93   -8.64   -1.54 -0.2727  0.8668  -51.1
2022 296 16 40    8.92   -2.38    6.12  -509.3    68.9     2.7   8.31   155785  4.39   333   -27  0 -1 -0.0400   4.25    6.98   -7.65    0.01 -0.2024  0.7100  -50.5
2022 296 16 50    8.85   -6.26    2.41  -506.1    47.7     0.2   8.25   227340  4.26   348   -28  0  0 -0.0403   4.13    7.47   -6.44    1.06 -0.1017  0.5536  -48.5
2022 296 17  0    8.35   -6.84    3.27  -509.5    40.6   -13.9   8.20   148360  4.29   427   -25  0  0 -0.0410   4.15    8.20   -5.47    3.50 -0.0783  0.2644  -47.5
2022 296 17 10    9.40   -5.83    0.52  -496.0    57.7   -16.7   8.49   165557  4.24   415   -24  0  0 -0.0419   4.11    8.65   -5.91    2.40 -0.1141  0.3373  -45.8
2022 296 17 20    8.18   -5.26    5.84  -511.1    37.8   -16.1   9.53   255365  5.01   448   -21  0  0 -0.0432   4.85    8.49   -6.73    1.19 -0.1942  0.4833  -44.7
2022 296 17 30    7.86   -3.57    7.64  -507.5    34.4   -39.6   9.44   178020  4.92   308   -21  0  0 -0.0447   4.76    8.33   -7.30    1.23 -0.1988  0.5037  -44.1
2022 296 17 40    7.69   -7.27    4.95  -511.1    33.1   -14.3   9.97   253807  5.23   200   -18  0  0 -0.0465   5.07    7.79   -7.06    3.48 -0.1327  0.3386  -44.3
2022 296 17 50    7.17   -4.64    3.41  -535.0    77.5   -41.3  11.68   369678  6.88   283   -18  0  0 -0.0486   6.65    7.50   -6.43    5.13 -0.0502  0.1850  -44.2
2022 296 18  0    7.69   -3.19    2.26  -513.9    69.5   -36.7  10.91   301364  5.90   275   -16  0  0 -0.0510   5.71    7.07   -5.13    4.71 -0.0293  0.1369  -43.5
2022 296 18 10    7.46   -1.38    6.11  -535.4   126.7   -14.7  10.85   368415  6.58   105   -14  0  0 -0.0537   6.37    7.26   -3.90    3.91 -0.0280  0.1180  -42.2
2022 296 18 20    5.36   -0.82    2.90  -546.6    81.6   -53.7  12.52   441340  7.72    92   -12  0  0 -0.0567   7.48    6.91   -1.97    4.15 -0.0167  0.0693  -39.8
2022 296 18 30    4.02   -2.70   -4.46  -520.2    89.9   -10.5   9.33   258135  5.20   112    -7  0  0 -0.0599   5.04    6.80   -1.32    4.62 -0.0062  0.0730  -39.0
2022 296 18 40    4.26   -0.37   -5.55  -537.8    87.4   -59.1  11.96   444031  7.18    38    -5  0  0 -0.0634   6.96    5.92   -1.27    2.55 -0.0046  0.2195  -37.9
2022 296 18 50    4.69   -3.35   -3.97  -532.3    77.6   -42.8  12.32   477036  7.18   195    -4  0 -1 -0.0672   6.95    5.28   -1.61   -1.06 -0.0049  0.3749  -38.4
2022 296 19  0    6.35   -2.87   -2.23  -517.5    66.6   -38.9  13.53   547393  7.41   201    -5  0  0 -0.0712   7.17    4.81   -2.47   -3.24 -0.0177  0.5850  -38.0
2022 296 19 10    4.93   -3.70   -3.86  -524.1    69.2   -48.3  12.17   432607  6.86   338    -6  0  0 -0.0754   6.64    5.24   -2.40   -3.04 -0.0192  0.5827  -40.2
2022 296 19 20    4.01   -5.49    2.29  -525.3    67.6   -32.2  11.87   434261  6.70   498   -13  0  0 -0.0799   6.47    5.82   -3.00   -2.35 -0.0226  0.6511  -43.4
2022 296 19 30   -0.24   -8.56   -0.01  -540.5    51.1   -25.0  11.42   385556  6.75   380   -19  0  0 -0.0846   6.53    5.12   -3.76   -1.04 -0.1160  0.5419  -46.5
2022 296 19 40    5.17   -5.66    1.65  -509.0    93.6   -17.5  11.34   367484  6.11   337   -20  0 -1 -0.0895   5.89    3.48   -5.16   -0.04 -0.2294  0.5416  -47.8
2022 296 19 50    4.68   -3.07    4.16  -522.4    70.7    -8.5  10.96   358433  6.10   389   -22  0  0 -0.0947   5.90    3.38   -5.11    1.78 -0.2400  0.3600  -48.1
2022 296 20  0    7.32   -2.46    1.91  -506.0    62.8   -17.9  11.44   386179  5.96   293   -22  0 -1 -0.1000   5.77    4.17   -4.43    2.62 -0.1422  0.2497  -47.8
2022 296 20 10    2.57   -5.08    7.17  -517.4    79.3    -2.9  11.50   449542  6.30   225   -18  0  0 -0.1056   6.10    5.65   -3.58    3.26 -0.0321  0.1228  -45.8
2022 296 20 20    5.46   -0.88    5.58  -496.9   115.5   -17.2  10.10   278519  5.26   281   -16  0  0 -0.1113   5.10    5.64   -3.36    3.98 -0.0178  0.0840  -43.5
2022 296 20 30    8.08   -0.79    2.27  -505.5    97.1   -26.3   9.64   288601  5.14   536   -16  0  0 -0.1172   4.96    6.32   -2.46    4.27 -0.0070  0.0425  -43.3
2022 296 20 40   -0.83   -7.77    3.06  -524.3    91.5   -12.3   9.61   281924  5.44   573   -20  0 -1 -0.1232   5.28    6.03   -2.43    4.89 -0.0051  0.0275  -43.1
2022 296 20 50    8.48   -0.28    4.18  -487.9   115.4   -22.7   9.70   307477  4.88   803   -13 -1  0 -0.1294   4.73    4.98   -3.09    5.25 -0.0106  0.0485  -42.0
2022 296 21  0    7.60   -4.01    4.36  -518.9    84.9    -7.4   9.36   272451  5.18   676   -12  0 -1 -0.1358   5.01    5.36   -2.77    5.14 -0.0105  0.0467  -39.8
2022 296 21 10    4.78   -3.22    7.27  -514.1    86.8     6.2   9.37   302613  5.10   492   -12  0 -1 -0.1422   4.93    5.49   -3.20    4.52 -0.0373  0.1048  -40.2
2022 296 21 20    4.74   -2.88    5.63  -532.5   106.9    -3.0  10.53   327711  6.23   289   -14  0 -1 -0.1488   6.02    6.42   -3.45    4.40 -0.0386  0.1117  -41.5
2022 296 21 30    5.48   -1.62    6.42  -503.3   104.2   -17.9  10.72   273394  5.67   218   -17  0  0 -0.1555   5.49    4.57   -3.54    5.45 -0.0388  0.1160  -42.8
2022 296 21 40    5.91   -4.88    4.68  -503.0    86.3   -21.3  10.74   273290  5.60   268   -14  0  0 -0.1623   5.43    4.77   -2.34    6.34 -0.0073  0.0425  -42.4
2022 296 21 50    4.50    2.66    7.34  -497.7   114.2   -26.7  10.71   282978  5.60   282   -14  0 -1 -0.1691   5.42    4.66   -0.85    6.81 -0.0009  0.0172  -41.4
2022 296 22  0    5.27    4.95    5.45  -507.5   131.1   -25.0  11.43   316076  6.29   240   -10  0  0 -0.1761   6.10    5.75    0.74    6.11  0.0011  0.0299  -39.4
2022 296 22 10    5.42   -4.71    2.34  -500.7    37.8   -37.3   7.82   249593  3.96   173   -12  0  0 -0.1830   3.84    5.36    1.58    5.48 -0.0016  0.0779  -37.6
2022 296 22 20    6.32   -5.89    4.07  -504.8    67.5   -16.3   9.10   294590  4.73   126    -9  0  0 -0.1901   4.58    5.58   -0.23    4.13 -0.0274  0.1517  -36.3
2022 296 22 30    3.44   -5.18    7.44  -505.4    66.4   -18.4   8.82   262008  4.59    84   -10  0  0 -0.1971   4.44    5.15   -3.40    4.27 -0.0355  0.1733  -35.7
2022 296 22 40    3.85   -7.91    4.55  -505.0    77.0    -9.9   8.49   253798  4.43    43   -10  0  0 -0.2042   4.29    4.73   -5.19    5.39 -0.0333  0.1338  -35.0
2022 296 22 50    3.78   -1.48    8.76  -508.5    90.9    -6.8   7.93   282722  4.23    46   -10  0  0 -0.2112   4.10    3.96   -4.81    6.72 -0.0150  0.0885  -34.1
2022 296 23  0    6.34   -7.39    4.34  -495.1    54.1   -46.9   9.04   244676  4.53   152    -8  0  0 -0.2183   4.38    4.33   -4.54    6.40 -0.0412  0.1133  -33.7
2022 296 23 10    6.13   -9.00    1.31  -491.1    64.5   -48.2   9.07   227266  4.49   149    -8  0  0 -0.2253   4.35    5.28   -5.80    4.70 -0.0972  0.2305  -33.3
2022 296 23 20    7.60   -3.16    5.17  -482.0    66.5   -35.2   8.16   198813  3.89   203    -8  0  0 -0.2324   3.76    6.22   -6.34    3.94 -0.1138  0.2636  -33.0
2022 296 23 30    7.88   -1.70    3.33  -457.4    94.4   -12.9   9.76   289819  4.26   147    -7  0  0 -0.2393   4.13    6.81   -5.55    3.39 -0.0884  0.2238  -31.5
2022 296 23 40    9.72    1.01    2.16  -462.0    71.2   -45.2  10.31   289626  4.55   291    -2  0 -1 -0.2462   4.40    7.45   -2.92    3.93 -0.0318  0.0962  -31.5
2022 296 23 50    9.36   -0.36   -1.32  -469.2    70.2   -66.8  11.23   340046  5.17   354    -7  0 -1 -0.2530   4.99    8.64   -0.69    2.89 -0.0073  0.0350  -32.4
2022 297  0  0    9.06   -1.00    1.53  -472.0    67.5   -38.8  10.54   273941  4.82   296    -8  0  0 -0.2597   4.67    9.17    0.11    1.98  0.0014  0.0561  -34.1
2022 297  0 10    8.68   -0.38    1.66  -466.6    64.0   -31.1  10.60   323288  4.72   319    -8  0  0 -0.2664   4.57    9.04   -0.05    1.59  0.0008  0.0644  -34.4
2022 297  0 20    5.26   -7.53    1.95  -481.2    21.1   -37.2   9.13   268530  4.27   252    -8  0 -1 -0.2729   4.13    7.58   -0.86    0.17 -0.0216  0.1514  -33.8
2022 297  0 30    2.13   -8.60   -3.22  -498.5    33.9   -73.7   9.13   259154  4.66   235    -8  0  0 -0.2793   4.51    5.89   -3.16   -0.07 -0.0743  0.3057  -32.9
2022 297  0 40    5.58   -5.69    6.04  -487.5    50.2   -13.8   8.39   220429  4.03   246    -7  0  0 -0.2855   3.91    4.61   -5.70   -1.07 -0.1670  0.5098  -32.7
2022 297  0 50    4.76   -3.68    6.92  -478.0    56.3   -20.1   7.97   224530  3.70   239   -10  0  0 -0.2916   3.58    4.55   -6.39    1.97 -0.1465  0.4340  -32.7
2022 297  1  0    4.37   -5.90    5.55  -478.3    42.2   -11.6   8.20   235260  3.78   179   -12  0  0 -0.2976   3.66    5.14   -5.21    4.29 -0.0957  0.2430  -33.2
2022 297  1 10    7.83   -2.44    4.56  -460.7    68.4   -25.2   7.80   182547  3.39   182   -11  0  0 -0.3033   3.29    4.74   -5.13    5.32 -0.0462  0.1414  -32.7
2022 297  1 20    3.48   -6.59    2.30  -505.3    22.8   -30.3   7.10   196048  3.65   151   -11  0  0 -0.3089   3.53    4.67   -5.58    4.18 -0.0732  0.2026  -31.6
2022 297  1 30    3.84   -9.65   -1.22  -485.7    33.5   -43.1   5.73   170779  2.74    99   -10  0  0 -0.3143   2.65    3.50   -7.06    2.27 -0.1348  0.3750  -30.7
2022 297  1 40    2.59   -4.99   -8.92  -491.9    51.2   -72.7   5.75   197495  2.87   107   -10  0  0 -0.3194   2.78    3.65   -7.32    0.89 -0.1592  0.5045  -29.6
2022 297  1 50    4.40   -8.96   -2.63  -485.9    40.2   -49.2   6.06   212452  2.91    81    -9  0 -1 -0.3244   2.82    3.02   -8.00   -2.09 -0.1465  0.7863  -28.8
2022 297  2  0    5.22   -6.16   -0.57  -487.0    32.1   -13.6   5.11   137152  2.44   245   -10  0  0 -0.3291   2.36    3.85   -7.86   -2.60 -0.1473  0.8243  -28.9
2022 297  2 10    5.69   -4.94   -2.76  -488.9    22.5   -37.4   4.60   114060  2.22   150   -15  0  0 -0.3335   2.15    4.55   -6.87   -2.82 -0.1118  0.8103  -30.8
2022 297  2 20    5.28   -5.00    0.88  -498.5    33.2    -4.0   4.95   188935  2.48   131   -18 -1 -1 -0.3378   2.39    5.46   -5.90   -1.64 -0.1090  0.6805  -33.2
2022 297  2 30    4.63   -4.30    3.14  -508.2     2.2   -16.5   3.85   131137  1.99   121   -19  0  0 -0.3417   1.93    5.55   -5.02   -0.55 -0.0620  0.5321  -34.3
2022 297  2 40    3.43   -5.54    4.83  -498.3    28.2   -12.1   4.35   166055  2.17    89   -19  0  0 -0.3454   2.10    5.45   -4.95    0.57 -0.0593  0.4143  -34.2
2022 297  2 50    4.13   -6.96    1.16  -522.5    38.0   -17.2   4.17   195331  2.29    84   -18  0  0 -0.3488   2.22    4.99   -5.40    1.40 -0.0742  0.3623  -33.4
2022 297  3  0    3.12   -5.71    4.38  -532.1    67.9    33.8   3.64   171134  2.11    68   -17  0  0 -0.3520   2.04    4.67   -5.87    1.22 -0.0979  0.4161  -32.8
2022 297  3 10    3.41   -7.08    1.92  -529.1    34.0    -6.9   3.92   200376  2.20    85   -17  0  0 -0.3548   2.13    4.14   -6.33    1.35 -0.1111  0.4398  -32.1
2022 297  3 20    2.17   -4.76   -4.25  -541.3    29.7   -50.3   3.36   183528  1.99    59   -17  0  0 -0.3574   1.93    3.83   -6.60    1.62 -0.1291  0.4324  -31.8
2022 297  3 30    3.27   -5.61    1.37  -540.2    20.6   -19.7   3.39   184212  1.98   178   -17  0  0 -0.3596   1.92    3.21   -6.03   -0.42 -0.0973  0.6284  -31.6
2022 297  3 40    3.11   -2.26    5.50  -546.5    54.5    17.4   2.89   183212  1.75   131   -17  0  0 -0.3616   1.69    2.94   -5.40    0.10 -0.0628  0.5518  -31.2
2022 297  3 50    3.89   -4.56    3.16  -535.9    34.3     8.3   2.92   146622  1.68    74   -18  0  0 -0.3632   1.63    3.05   -4.52    0.97 -0.0214  0.4217  -31.5
2022 297  4  0    4.32   -4.90    1.69  -533.3    33.3     5.5   2.92   133199  1.67    47   -19  0  0 -0.3645   1.62    3.52   -4.49    3.28 -0.0242  0.1645  -31.9
2022 297  4 10    4.43   -4.17   -2.40  -530.0    39.3   -43.3   3.35   100070  1.90    52   -19  0  0 -0.3655   1.84    4.08   -4.34    1.63 -0.0354  0.3250  -31.9
2022 297  4 20    4.61   -4.44   -1.23  -538.5    25.9   -34.0   2.80   124643  1.63    44   -17  0 -1 -0.3662   1.58    4.23   -4.46   -0.21 -0.0427  0.5273  -31.5
2022 297  4 30    4.56   -3.55   -1.33  -545.0    28.1   -48.1   3.22   192243  1.93    70   -18  0  0 -0.3665   1.87    4.13   -4.34   -2.05 -0.0412  0.7290  -30.5
2022 297  4 40    1.66   -6.05    0.74  -562.2    16.8   -18.9   2.91   175049  1.84    98   -15  0  0 -0.3666   1.79    3.70   -4.21   -2.17 -0.0388  0.7344  -30.6
2022 297  4 50    1.93   -5.57   -0.53  -556.5    23.4    -1.5   3.17   206094  1.97    97   -17  0  0 -0.3663   1.90    2.96   -4.69   -1.50 -0.0886  0.6865  -30.1
2022 297  5  0    1.13   -5.67   -0.48  -573.1    19.9   -16.2   2.49   129245  1.64    70   -17  0  0 -0.3657   1.59    2.38   -4.97   -1.06 -0.1166  0.6617  -30.2
2022 297  5 10    2.41   -4.69    0.74  -552.8    41.4   -16.1   3.52   235271  2.16    81   -15  0  0 -0.3648   2.10    1.87   -5.18   -0.20 -0.1424  0.5813  -30.3
2022 297  5 20    2.89   -2.73    1.27  -553.9    48.8   -27.0   3.30   174140  2.05   124   -16  0  0 -0.3635   1.98    1.81   -4.69   -0.06 -0.1167  0.5289  -31.2
2022 297  5 30    3.51    0.45   -3.56  -548.5    64.4   -46.0   3.74   168099  2.30   116   -17  0  0 -0.3620   2.22    2.22   -3.84   -0.36 -0.0875  0.4760  -32.2
2022 297  5 40    4.42    1.20    0.20  -537.0    93.3   -17.7   4.03   178754  2.40   153   -17  0  0 -0.3601   2.32    3.06   -1.76   -0.81 -0.0363  0.4213  -31.9
2022 297  5 50    3.32   -0.45    3.49  -543.8    71.1   -10.1   3.27   116770  1.97   304   -14 -1 -1 -0.3579   1.91    3.52   -0.31   -0.16  0.0021  0.2946  -31.0
2022 297  6  0    3.13   -0.15    3.66  -552.7    54.4    18.8   3.12   150163  1.93   390   -15  0  0 -0.3555   1.87    3.62    0.33    1.73  0.0099  0.1066  -29.9
2022 297  6 10    2.88   -2.02    3.29  -549.3    52.1    18.4   2.95   114323  1.80   293   -13  0  0 -0.3527   1.74    3.17   -0.07    2.99  0.0029  0.0270  -29.8
2022 297  6 20    3.66   -1.51    2.39  -559.7    26.4    18.3   2.15    79764  1.35   111   -16  0  0 -0.3496   1.31    2.91   -0.78    3.19  0.0005  0.0203  -30.0
2022 297  6 30    3.42    1.01    2.95  -550.6    66.8    14.9   2.71   127332  1.66   188   -17  0 -1 -0.3463   1.62    2.84   -0.30    3.06  0.0013  0.0274  -30.2
2022 297  6 40    3.58    0.15    2.98  -547.1    50.6    19.2   3.16   155877  1.91   140   -16  0 -1 -0.3427   1.85    3.12   -0.17    2.86  0.0005  0.0198  -29.3
2022 297  6 50    4.06   -1.19    1.38  -545.8    41.1    10.5   2.42    99494  1.45   110   -13  0  0 -0.3388   1.40    3.56    0.35    2.61  0.0007  0.0108  -27.8
2022 297  7  0    3.64    0.28    2.19  -540.2    30.5    -3.4   2.89    89353  1.69   118   -13  0  0 -0.3346   1.64    3.91   -0.23    2.17 -0.0003  0.0099  -27.2
2022 297  7 10    4.29    0.77    1.19  -538.8    81.6     4.6   2.84   134214  1.69    91   -14  0  0 -0.3302   1.63    4.01   -0.50    1.79 -0.0020  0.0324  -27.7
2022 297  7 20    4.42   -0.52    1.57  -536.7    64.3   -12.6   2.52    74870  1.47    72   -16  0  0 -0.3256   1.43    4.18   -0.17    1.39 -0.0018  0.0343  -28.1
2022 297  7 30    4.48   -0.37    1.47  -537.6    51.1    11.8   2.56    69685  1.50    63   -15  0 -1 -0.3207   1.45    4.31    0.02    1.27 -0.0015  0.0287  -28.3
2022 297  7 40    4.13   -0.43    1.54  -539.2    64.6    -3.7   2.37    91247  1.40    64   -15  0  0 -0.3157   1.35    4.44   -0.03    1.20  0.0002  0.0071  -29.0
2022 297  7 50    4.29   -0.26    1.78  -545.4    44.6     4.7   2.43   107894  1.46    68   -17  0  0 -0.3104   1.41    4.33   -0.24    1.55  0.0001  0.0036  -29.4
2022 297  8  0    3.71   -1.88    2.09  -543.0    23.2     5.0   2.27    83587  1.34    73   -17  0  0 -0.3049   1.30    4.13   -0.63    1.71 -0.0003  0.0151  -29.5
2022 297  8 10    3.74   -2.36   -0.11  -546.3    11.7    -3.6   2.50    79501  1.49    89   -16  0  0 -0.2992   1.45    3.93   -1.23    1.70 -0.0034  0.0565  -28.4
2022 297  8 20    4.02   -1.45    1.41  -540.6    20.5    -1.0   2.14    68334  1.25   141   -16  0  0 -0.2933   1.21    3.83   -1.84    1.40 -0.0090  0.1023  -27.2
2022 297  8 30    2.27   -2.76    0.26  -534.5    23.4   -19.4   2.34   111236  1.34   198   -13  0  0 -0.2873   1.30    3.64   -2.12    1.04 -0.0214  0.1553  -26.0
2022 297  8 40   -0.60   -3.85    2.43  -569.0     8.7     3.6   2.09   109058  1.35   321   -14  0  0 -0.2812   1.31    3.14   -2.38    0.87 -0.0368  0.1965  -24.7
2022 297  8 50   -0.25   -4.67   -0.01  -554.0     5.8   -22.1   2.08   101793  1.28   124   -12  0  0 -0.2748   1.24    2.31   -3.03    1.04 -0.0473  0.2342  -23.7
2022 297  9  0   -1.54   -3.09    1.40  -558.3    17.6    22.2   1.41    67733  0.88   190   -12  0  0 -0.2684   0.85    1.27   -3.60    1.12 -0.0614  0.2836  -23.6
2022 297  9 10    3.16   -1.60    2.36  -532.7    25.2    20.2   2.33    96848  1.33    54   -13  0  0 -0.2619   1.29    1.12   -3.40    1.43 -0.0475  0.2351  -24.0
2022 297  9 20    2.97   -2.96    0.55  -534.6    34.4     2.8   2.23   106529  1.28    46   -13  0 -1 -0.2552   1.24    1.73   -2.70    1.59 -0.0331  0.1708  -24.5
2022 297  9 30    2.81   -2.80    1.91  -536.0    18.9    -4.5   1.89   123878  1.09    31   -13  0  0 -0.2485   1.05    2.64   -2.24    1.76 -0.0114  0.1027  -24.2
2022 297  9 40    3.46   -2.63    1.67  -521.6    14.5    -2.2   1.49    59197  0.81   162   -14  0  0 -0.2417   0.79    3.05   -2.39    1.84 -0.0091  0.1015  -24.1
2022 297  9 50    1.58   -1.98    2.12  -519.0     3.3    21.3   2.55   139438  1.38    55   -12  0  0 -0.2348   1.33    2.84   -2.50    1.73 -0.0106  0.1138  -24.0
2022 297 10  0   -1.24   -2.78   -0.50  -530.7    -6.2     9.4   3.18   129656  1.79    30   -10  0  0 -0.2279   1.74    2.04   -2.39    1.80 -0.0089  0.1009  -24.1
2022 297 10 10    0.67   -1.14    1.87  -523.4     9.0    18.3   2.73   118945  1.50    34    -9  0  0 -0.2209   1.45    0.43   -2.14    1.14 -0.0166  0.1665  -23.9
2022 297 10 20    0.42   -1.53    3.09  -527.1    10.9    31.6   2.55   105102  1.42    32   -11  0  0 -0.2139   1.38   -0.24   -1.84    1.53 -0.0134  0.1374  -24.3
2022 297 10 30   -0.03   -1.89   -2.97  -526.0     6.6   -21.1   2.69   102739  1.49    31   -12  0  0 -0.2069   1.44   -0.38   -1.59    1.58 -0.0105  0.1465  -25.0
2022 297 10 40   -2.10   -1.09   -2.42  -534.3    14.0   -21.9   3.38   179578  1.93    25   -11  0  0 -0.2000   1.87   -0.28   -1.39    0.74 -0.0007  0.2053  -25.0
2022 297 10 50   -2.23   -2.14   -1.49  -543.6     3.5   -13.5   2.66    90674  1.57    17   -10 -1 -1 -0.1930   1.52   -1.15   -1.53   -0.89 -0.0012  0.3729  -24.4
2022 297 11  0   -0.51   -3.40   -0.65  -530.1    -6.3    -3.5   3.05   101651  1.71    54   -10  0  0 -0.1861   1.66   -1.77   -1.87   -1.93 -0.0081  0.5067  -24.1
2022 297 11 10    1.83   -1.05   -2.64  -515.1    12.6   -11.9   2.65   100281  1.41    61   -11  0  0 -0.1792   1.36   -1.11   -2.11   -1.22 -0.0218  0.4583  -24.5
2022 297 11 20    2.85    1.07   -0.93  -508.3    27.5    -1.4   2.73   141374  1.42    38   -13  0  0 -0.1723   1.37    0.51   -1.74   -1.28 -0.0213  0.3879  -25.3
2022 297 11 30    2.82    0.02   -0.23  -496.1    40.5    11.8   2.58   138522  1.28    46   -13  0  0 -0.1655   1.24    1.97   -0.42   -0.85 -0.0095  0.2718  -25.8
2022 297 11 40    1.25   -0.35   -2.91  -506.1    19.7   -23.3   2.95   113693  1.52    63   -11  0  0 -0.1589   1.47    2.36    0.10   -1.38  0.0043  0.2364  -26.4
2022 297 11 50    1.58    0.96   -2.49  -509.1    25.8   -22.4   2.96   125066  1.54    71   -14  0  0 -0.1523   1.49    1.94    0.20   -1.60  0.0043  0.2179  -26.9
2022 297 12  0    0.91    1.44   -2.84  -510.2    32.6   -16.6   2.92   113832  1.53   110   -15  0 -1 -0.1458   1.48    1.45    0.15   -2.51  0.0000  0.2975  -27.5
2022 297 12 10    1.88    1.86   -1.56  -506.9    22.1   -14.0   2.90   118162  1.49   114   -14  0 -1 -0.1394   1.45    1.27    0.76   -2.67  0.0001  0.3704  -27.9
2022 297 12 20    2.35    0.69   -1.15  -499.0    16.1   -17.9   2.73   147582  1.36   148   -17  0  0 -0.1331   1.32    1.54    0.92   -2.19  0.0001  0.3719  -28.5
2022 297 12 30    2.78   -1.35   -1.41  -497.3    -3.3    -5.4   3.14   119267  1.55   236   -17  0  0 -0.1270   1.50    1.95   -0.08   -1.45 -0.0081  0.3338  -29.2
2022 297 12 40    3.29   -0.36   -0.07  -489.2    12.2     9.7   3.80    72470  1.82   251   -16  0  0 -0.1211   1.76    2.53   -0.74   -1.03 -0.0082  0.2632  -29.2
2022 297 12 50    3.44   -1.01   -0.65  -484.3     5.8     3.7   3.15   113483  1.48   153   -16  0  0 -0.1153   1.43    2.85   -1.10   -0.76 -0.0096  0.2564  -29.0
2022 297 13  0    3.56   -0.36    0.42  -486.7     3.0     5.3   3.32    79954  1.57   128   -18  0  0 -0.1096   1.52    3.22   -0.81   -0.68 -0.0065  0.2114  -28.7
2022 297 13 10    3.34   -0.38    0.68  -488.3    10.5     7.2   2.81    90096  1.34   140   -17  0  0 -0.1042   1.30    3.39   -0.67    0.07 -0.0064  0.1341  -28.8
2022 297 13 20    1.54   -1.97    1.71  -509.4   -14.7     8.8   2.56    80513  1.33    84   -17  0  0 -0.0989   1.29    2.96   -0.91    0.81 -0.0084  0.0797  -29.1
2022 297 13 30    2.25   -0.03    2.71  -498.8    10.2    10.8   2.82    98563  1.40    95   -18  0  0 -0.0939   1.36    2.45   -0.96    1.67 -0.0035  0.0276  -29.5
2022 297 13 40    2.36    0.32    2.61  -490.9    36.9    13.8   3.13   113903  1.52   108   -18  0  0 -0.0890   1.47    2.17   -0.62    2.08 -0.0035  0.0293  -29.3
2022 297 13 50    2.48   -1.72    1.56  -489.9    12.0     8.8   3.12   106396  1.50    82   -16  0  0 -0.0844   1.45    2.42   -0.19    2.21 -0.0002  0.0105  -28.6
2022 297 14  0   -0.25   -3.14    1.97  -511.1    -5.2    13.0   2.40    79545  1.25    73   -16  0  0 -0.0800   1.22    2.23   -0.65    2.02 -0.0021  0.0346  -27.6
2022 297 14 10    0.28   -3.00    2.43  -509.0    -3.3    11.8   2.26    79808  1.17    92   -16  0  0 -0.0759   1.13    1.32   -1.95    2.06 -0.0045  0.0670  -27.1
2022 297 14 20   -0.21   -3.03    2.07  -509.8    -5.6     8.7   2.55    83185  1.33    45   -15  0  0 -0.0720   1.28    0.43   -2.76    2.22 -0.0055  0.0876  -26.5
2022 297 14 30   -0.35   -2.68    2.60  -507.5    -1.2    15.9   2.45    70226  1.26    37   -14  0  0 -0.0683   1.22   -0.32   -2.86    2.34 -0.0056  0.0889  -25.9
2022 297 14 40    0.58   -1.70    2.82  -503.1    -0.9    10.5   2.61    86308  1.32    30   -13  0  0 -0.0649   1.28   -0.31   -2.69    2.42 -0.0042  0.0750  -24.9
2022 297 14 50    0.36   -3.01    1.93  -504.3   -11.0    15.5   2.36    62534  1.20    32   -12  0  0 -0.0618   1.16   -0.30   -2.63    2.34 -0.0043  0.0754  -24.4
2022 297 15  0   -1.24   -2.05    2.70  -516.6     5.4    10.4   3.77    94109  2.01    29   -11  0  0 -0.0589   1.95    0.13   -2.64    2.29 -0.0043  0.0767  -23.6
2022 297 15 10   -0.64   -3.19    1.80  -505.9   -12.4    10.5   2.62    88440  1.34    23   -10  0 -1 -0.0563   1.30   -0.23   -2.57    2.22 -0.0048  0.0781  -23.2
2022 297 15 20   -0.47   -2.46    2.97  -506.6   -13.3    16.4   2.46    77930  1.26    25   -10  0  0 -0.0540   1.23   -0.37   -2.72    2.16 -0.0073  0.0920  -22.3
2022 297 15 30    0.95    0.00    3.79  -493.4    21.6    21.5   2.72    91103  1.33    23    -8  0 -1 -0.0520   1.29   -0.56   -2.26    2.52 -0.0054  0.0696  -21.8
2022 297 15 40    0.73   -2.65    2.69  -496.0    -0.3    14.2   2.69    82263  1.32    24    -8  0  0 -0.0502   1.28    0.08   -1.96    2.87 -0.0042  0.0538  -21.1
2022 297 15 50    0.87   -3.29    1.49  -493.0   -10.2    10.7   2.85    90845  1.39    26    -7  0  0 -0.0488   1.34    0.47   -1.96    2.95 -0.0025  0.0465  -20.8
2022 297 16  0    2.54   -2.36   -1.64  -477.9    -2.5    -0.7   2.75    92257  1.26    27    -8  0  0 -0.0477   1.22    1.09   -2.44    2.01 -0.0150  0.1282  -20.8
2022 297 16 10   -1.88   -2.41    2.46  -515.0    -5.5    16.0   2.67    94874  1.42    34    -8  0  0 -0.0468   1.37    1.17   -2.76    0.88 -0.0218  0.2213  -20.7
2022 297 16 20   -1.51   -2.58    2.43  -508.8    -6.4    15.9   2.48    80689  1.29    49    -7  0  0 -0.0463   1.24    0.45   -2.76    0.73 -0.0236  0.2314  -20.6
2022 297 16 30    1.47   -3.10   -0.08  -490.4    -8.3   -14.2   2.81   118623  1.35    28    -8  0  0 -0.0460   1.31   -0.08   -2.70    0.98 -0.0175  0.2073  -20.6
2022 297 16 40    2.58   -2.29   -0.50  -474.4     4.5    -2.2   3.09   109896  1.39    25    -8  0  0 -0.0460   1.35    0.41   -2.54    0.62 -0.0195  0.2252  -20.6
2022 297 16 50    1.84   -2.77   -0.53  -479.9   -13.6    -8.8   2.57    90118  1.19    44    -7 -1 -1 -0.0464   1.15    1.72   -2.25   -0.15 -0.0267  0.2846  -20.5
2022 297 17  0    2.31   -2.70   -0.18  -473.9    -1.8   -10.9   2.38    75559  1.07    50    -7  0  0 -0.0470   1.04    2.44   -2.01   -0.81 -0.0260  0.3379  -20.5
2022 297 17 10    2.86   -1.52    0.05  -467.9    23.8     9.3   3.27    99902  1.44    43    -8  0 -1 -0.0480   1.39    2.33   -2.14   -0.28 -0.0289  0.2866  -20.8
2022 297 17 20   -0.33   -1.46    1.38  -467.9     9.8     9.2   3.28    92919  1.44    30    -8  0  0 -0.0492   1.39    2.59   -1.63   -0.17 -0.0207  0.2243  -20.7
2022 297 17 30    0.37   -1.29    1.60  -490.5     2.5    26.2   2.52    90517  1.22    20    -7  0  0 -0.0508   1.18    1.50   -1.46    0.99 -0.0147  0.1090  -20.3
2022 297 17 40    0.65   -0.65    0.34  -471.9    13.4     5.9   3.09   163688  1.38    34    -6  0  0 -0.0526   1.33    1.29   -0.98    1.13 -0.0033  0.0533  -19.9
2022 297 17 50    2.93    0.33   -1.23  -470.6    18.8    -8.5   3.07    95499  1.36    67    -6  0 -1 -0.0547   1.32    0.90   -0.78    0.89 -0.0007  0.0685  -20.3
2022 297 18  0    3.27    0.56   -0.56  -465.2    41.2     7.9   3.13    93680  1.37    76    -7  0  0 -0.0571   1.32    2.16    0.01   -0.16  0.0022  0.1366  -20.4
2022 297 18 10    2.62   -1.98   -0.65  -474.1     0.1    -2.9   3.14   109774  1.41    53    -7  0 -1 -0.0598   1.37    2.67   -0.03   -0.67 -0.0008  0.2098  -20.6
2022 297 18 20   -1.15   -2.32   -0.09  -500.4    -5.5    -3.3   2.64   119859  1.32    43    -8  0  0 -0.0628   1.28    2.20   -0.79   -0.48 -0.0137  0.2551  -19.9
2022 297 18 30    2.11   -0.88    0.74  -466.1    12.2     6.5   3.10    69322  1.35    49    -6  0  0 -0.0660   1.31    1.02   -1.99   -0.12 -0.0327  0.2606  -19.4
2022 297 18 40    0.48   -2.74    1.64  -489.2   -11.0    -6.2   2.34    82869  1.12    35    -6  0  0 -0.0695   1.09    0.27   -2.17    0.24 -0.0367  0.2219  -18.8
2022 297 18 50    0.20   -2.43    2.35  -479.8     8.7     8.5   2.61    86079  1.20    26    -6  0  0 -0.0732   1.16   -0.03   -2.31    0.85 -0.0273  0.1624  -18.7
2022 297 19  0    1.22   -0.74    2.74  -467.5    11.5    14.6   2.73    98746  1.20    15    -6  0  0 -0.0772   1.16    0.43   -1.93    1.54 -0.0115  0.0923  -18.5
2022 297 19 10    1.17   -2.39    2.21  -468.6     3.1    14.9   2.39    99372  1.05    18    -6  0  0 -0.0815   1.02    0.71   -1.79    2.29 -0.0040  0.0496  -18.2
2022 297 19 20    2.21   -0.87    1.92  -465.0    11.0     8.3   2.81   100961  1.22    17    -4  0  0 -0.0860   1.18    1.40   -1.47    2.38 -0.0012  0.0251  -17.8
2022 297 19 30    1.31   -1.77    0.99  -471.0     1.6    -1.3   2.75   125967  1.22    18    -4  0  0 -0.0907   1.18    1.79   -1.41    2.09 -0.0013  0.0273  -17.1
2022 297 19 40    0.78   -2.51   -1.14  -481.6    -5.2   -21.5   2.75   100183  1.28    16    -2  0  0 -0.0956   1.24    1.79   -1.75    1.15 -0.0103  0.1137  -16.3
2022 297 19 50    0.09   -2.35   -2.19  -481.4    -4.2   -25.9   2.95   118570  1.37    40    -1  0  0 -0.1008   1.33    1.20   -1.82   -0.20 -0.0105  0.2557  -15.4
2022 297 20  0    0.80   -2.99    1.15  -468.7     3.0     4.3   2.80   101852  1.23    57    -1  0  0 -0.1061   1.19    0.86   -2.10   -0.51 -0.0124  0.3108  -15.2
2022 297 20 10    2.16    0.37    2.70  -470.3     4.6    15.3   2.61    91596  1.16    40    -3  0  0 -0.1116   1.12    0.66   -2.05    0.36 -0.0049  0.2389  -15.4
2022 297 20 20   -0.40   -2.82    1.01  -475.8   -10.2     6.8   2.72    84012  1.23    45    -3  0  0 -0.1174   1.19    0.98   -1.63    1.79 -0.0071  0.1039  -15.4
2022 297 20 30   -0.96   -2.48    2.18  -481.7     1.9    10.3   2.68    94390  1.24    50    -1  0  0 -0.1232   1.21    0.36   -1.74    1.96 -0.0101  0.0903  -15.3
2022 297 20 40   -0.21   -1.67    3.02  -473.9     3.5    15.8   2.85    98257  1.28    46    -1  0  0 -0.1293   1.24   -0.17   -1.65    2.07 -0.0088  0.0804  -14.7
2022 297 20 50    0.69   -1.50    2.94  -471.0     5.0    14.9   2.56    83918  1.14    53     0  0 -1 -0.1355   1.10   -0.49   -1.94    2.35 -0.0055  0.0638  -14.5
2022 297 21  0    0.22   -1.50    3.04  -473.2    -8.4    12.4   2.56    86630  1.15    48    -1  0 -1 -0.1418   1.11    0.01   -1.55    2.87 -0.0003  0.0154  -14.1
2022 297 21 10   -0.50   -2.67    2.09  -473.9    -1.7    10.7   2.50    86079  1.12    20     0  0  0 -0.1483   1.09    0.25   -1.57    2.90 -0.0002  0.0141  -13.9
2022 297 21 20   -1.10   -2.33    2.44  -477.2    -2.3     8.3   2.59    84851  1.18    14     0  0  0 -0.1549   1.14   -0.25   -1.95    2.41 -0.0041  0.0495  -13.4
2022 297 21 30   -0.34   -2.58    0.19  -471.4     4.7     5.2   2.13    65009  0.95    10     0  0  0 -0.1616   0.92   -0.74   -2.26    2.14 -0.0055  0.0753  -13.1
2022 297 21 40    0.48   -2.29    1.27  -461.8     6.6     9.4   2.86   103144  1.22    10     1  0  0 -0.1683   1.18   -0.74   -2.35    1.17 -0.0130  0.1583  -13.0
2022 297 21 50    0.63   -2.10    1.81  -467.6    -3.6     3.9   2.71    90704  1.19    62     1  0  0 -0.1752   1.15   -0.06   -2.28    1.08 -0.0145  0.1605  -13.0
2022 297 22  0    0.38   -1.86   -0.30  -463.4     6.4   -14.1   2.61    97333  1.12    43     1  0  0 -0.1821   1.09    0.44   -2.03    0.94 -0.0146  0.1556  -13.0
2022 297 22 10    1.60   -0.77   -2.02  -459.3     6.3   -15.8   2.61    98431  1.10    36     0 -1 -1 -0.1891   1.07    0.70   -1.69    0.49 -0.0090  0.1533  -13.1
2022 297 22 20    0.92   -0.76   -2.49  -465.9     7.1   -10.8   2.52    85953  1.09    37     0  0  0 -0.1961   1.06    0.95   -1.21   -0.62 -0.0036  0.2182  -13.4
2022 297 22 30    0.83   -2.13   -1.91  -463.6     4.0   -12.4   2.54    85696  1.09    66    -1  0 -1 -0.2032   1.06    1.16   -1.17   -1.82 -0.0027  0.3197  -13.9
2022 297 22 40    0.51   -2.73   -0.62  -455.3    -6.5   -11.0   2.85   100464  1.18    52    -2  0  0 -0.2102   1.15    0.94   -1.56   -1.91 -0.0033  0.3782  -14.6
2022 297 22 50    0.89   -2.53   -0.91  -464.6    -8.7    -1.7   2.58    77114  1.11    60    -3  0  0 -0.2173   1.08    0.53   -2.14   -1.35 -0.0179  0.3813  -15.2
2022 297 23  0    1.30   -2.43   -0.54  -454.1    -5.7    -5.4   2.64    92874  1.09    82    -3  0 -1 -0.2244   1.05    0.46   -2.50   -0.85 -0.0283  0.3670  -15.7
2022 297 23 10    0.24   -2.74    1.13  -466.1    -5.5     5.5   2.89    82288  1.26    89    -3  0  0 -0.2314   1.22    0.68   -2.56   -0.36 -0.0335  0.3130  -16.0
2022 297 23 20   -1.28   -1.80    1.49  -463.8    -9.8     1.1   3.17   113221  1.36    62    -3  0  0 -0.2384   1.32    0.53   -2.52    0.13 -0.0244  0.2493  -16.4
2022 297 23 30   -0.43   -2.62    1.20  -454.0    -7.3    -1.5   2.83    76111  1.17    21    -4  0  0 -0.2454   1.13   -0.03   -2.33    0.79 -0.0148  0.1615  -16.6
2022 297 23 40   -0.94   -2.43    1.59  -458.5    -8.6     8.2   2.53    68832  1.06     9    -4  0  0 -0.2523   1.03   -0.69   -2.06    1.41 -0.0079  0.0859  -16.8
