2023  82  0 30   -2.77    2.95   -0.12  -499.2   -10.0     2.4   4.33   187701  2.16    22     5  0  0 -0.0487   2.09   -3.01    2.93   -0.23  0.0665  0.3571  -14.4
2023  82  0 40   -3.48    1.85   -0.26  -497.0    25.8    -7.4   4.79   164853  2.37    32     6  0  0 -0.0550   2.30   -2.80    2.97   -0.35  0.0832  0.3749  -14.7
2023  82  0 50   -3.62    1.78   -0.33  -498.2    26.3    -1.3   4.69   169597  2.33    21     6  0  0 -0.0613   2.26   -3.11    2.46   -0.29  0.0706  0.3316  -14.3
2023  82  1  0   -4.03    0.49   -0.55  -492.5    14.2     1.7   4.50   102297  2.18    29     6  0  0 -0.0673   2.12   -3.51    1.60   -0.44  0.0459  0.2564  -14.0
2023  82  1 10   -3.85    0.75   -1.33  -492.4    26.3    20.1   4.38   137251  2.13    31     7  0  0 -0.0733   2.07   -3.86    0.86   -0.77  0.0169  0.2041  -13.8
2023  82  1 20   -3.07    2.13    0.42  -495.2     2.9     4.1   4.68   128099  2.30    58     7  0 -1 -0.0790   2.22   -3.82    0.42   -1.02  0.0070  0.1660  -13.0
2023  82  1 30   -3.12    2.53    0.12  -498.6     8.9     6.3   4.54   190067  2.26    71    10  0  0 -0.0846   2.19   -3.47    1.08   -0.79  0.0241  0.2149  -12.1
2023  82  1 40   -3.38    2.28    0.15  -495.7    31.4   -22.9   4.90   187095  2.42    33    11  0  0 -0.0900   2.35   -3.22    1.82   -0.38  0.0533  0.2532  -11.5
2023  82  1 50   -3.48    1.55    0.09  -490.6     9.3    -5.2   5.07   152729  2.44    30    10  0  0 -0.0952   2.36   -3.28    2.25    0.06  0.0716  0.2560  -11.6
2023  82  2  0   -3.68    2.02    0.14  -494.0    16.3    -7.3   4.88   175069  2.39    29    10  0  0 -0.1002   2.31   -3.49    2.16    0.10  0.0763  0.2422  -11.3
2023  82  2 10   -4.18    1.83    0.13  -489.2     2.5   -18.1   4.61   131831  2.21    29    11  0  0 -0.1049   2.14   -3.58    2.04    0.12  0.0692  0.2284  -10.1
2023  82  2 20   -1.98    3.60    0.77  -488.6    15.1    -3.0   4.34   161340  2.08    47    13  0 -1 -0.1095   2.01   -3.50    2.23    0.13  0.0704  0.2421   -9.1
2023  82  2 30   -2.94    2.79   -1.28  -479.2     8.2     4.9   4.11   157607  1.89    33    12  0  0 -0.1138   1.83   -3.10    2.46    0.03  0.0628  0.2743   -8.5
2023  82  2 40   -2.84    3.00   -0.90  -474.9     8.9    13.4   4.36   131549  1.97    31    11  0  0 -0.1179   1.91   -2.66    2.62   -0.38  0.0499  0.3384   -8.4
2023  82  2 50   -3.43    3.20   -0.79  -476.9    11.6    12.3   4.12   133986  1.88    48    12  0  0 -0.1217   1.82   -2.43    2.80   -0.48  0.0482  0.3662   -8.5
2023  82  3  0   -3.79    2.69   -1.60  -474.4    11.5    11.4   4.50    92483  2.03    50    11  0 -1 -0.1252   1.96   -2.79    2.90   -0.82  0.0386  0.4140   -8.4
2023  82  3 10   -3.88    2.29   -1.26  -470.8     6.7     8.9   4.10    86536  1.82    55    12  0  0 -0.1285   1.76   -3.25    2.95   -0.94  0.0352  0.4343   -8.4
2023  82  3 20   -3.37    2.25   -1.35  -470.4    10.9    11.6   3.80   121589  1.68    59    12  0  0 -0.1315   1.63   -3.53    2.80   -1.35  0.0190  0.4705   -8.2
2023  82  3 30   -3.79    2.38   -1.48  -471.6    -1.1    11.9   4.09    96606  1.82    54    12  0  0 -0.1342   1.76   -3.55    2.64   -1.38  0.0147  0.4642   -8.4
2023  82  3 40   -3.01    2.91   -1.46  -476.8    16.9     4.0   4.32   107894  1.97    72    12  0  0 -0.1367   1.90   -3.44    2.58   -1.42  0.0129  0.4655   -8.5
2023  82  3 50   -2.46    1.70   -1.32  -470.3    14.3    15.1   4.02   178200  1.78    81    11  0  0 -0.1388   1.73   -2.99    2.53   -1.46  0.0117  0.4668   -8.6
2023  82  4  0   -2.18    2.89   -0.84  -470.4    -7.8     2.6   3.90   119859  1.73    73    11  0  0 -0.1407   1.67   -2.50    2.50   -1.38  0.0161  0.4508   -8.5
2023  82  4 10   -2.60    3.01   -1.14  -468.4   -15.0     5.8   4.13   111241  1.81    72    11  0  0 -0.1422   1.76   -2.09    2.56   -1.27  0.0205  0.4394   -8.7
2023  82  4 20   -1.96    3.80   -1.27  -468.2   -19.4    12.9   3.95    94395  1.74    55    10  0 -1 -0.1435   1.68   -2.27    2.73   -1.19  0.0247  0.4382   -8.8
2023  82  4 30   -2.93    2.45   -1.70  -460.4    -8.9    18.7   4.62   117148  1.96    49    12  0  0 -0.1444   1.90   -2.38    2.90   -1.34  0.0220  0.4638   -9.0
2023  82  4 40   -3.63    2.03   -1.61  -458.4    -7.0     8.9   4.47   115042  1.88    41    12  0  0 -0.1451   1.82   -2.79    2.77   -1.47  0.0165  0.4649   -8.6
2023  82  4 50   -3.68    2.58   -2.04  -453.6    -8.6    14.0   4.99    99826  2.06    40    13  0 -1 -0.1454   1.99   -3.04    2.48   -1.70  0.0100  0.4622   -8.6
2023  82  5  0   -2.97    2.56   -1.07  -448.2   -32.5    11.1   6.56   103813  2.65    52    14  0  0 -0.1454   2.57   -3.38    2.05   -1.75  0.0048  0.4213   -8.0
2023  82  5 10    0.24    3.16   -0.83  -444.6   -27.3    10.2   6.52   147522  2.59    78    18  0  0 -0.1452   2.51   -3.26    2.05   -1.27  0.0188  0.3591   -7.0
2023  82  5 20    0.35    2.33    0.08  -455.9   -30.8     3.0   6.62   104972  2.77    73    20  0 -1 -0.1446   2.68   -2.29    2.35   -0.44  0.0373  0.2869   -5.6
2023  82  5 30   -1.02    3.82    2.42  -451.4   -18.6     9.6   5.83    74240  2.38    41    21  0  0 -0.1437   2.31   -0.90    2.78   -0.02  0.0484  0.2844   -4.5
2023  82  5 40   -0.42    2.59    1.62  -449.2   -25.2     1.9   6.08    99806  2.46    53    21 -1 -1 -0.1425   2.38   -0.24    2.88    0.72  0.0336  0.2221   -3.6
2023  82  5 50   -1.92    1.71    2.47  -445.9   -40.8     2.6   5.87    95546  2.35    57    22 -1  0 -0.1410   2.28   -0.52    2.69    1.25  0.0161  0.1663   -2.7
2023  82  6  0    2.72    2.33    1.47  -454.9   -15.7    20.3   5.72    71302  2.37    60    23  0  0 -0.1391   2.30   -0.47    2.61    1.69  0.0272  0.1160   -2.5
2023  82  6 10    2.09    2.65   -0.41  -467.1   -10.9    10.9   6.67   103302  2.91    65    23  0  0 -0.1370   2.82    0.94    2.48    1.10  0.0418  0.1629   -2.8
2023  82  6 20    2.10    3.44   -0.49  -467.6   -19.1    13.1   8.05   117842  3.53    55    26  0  0 -0.1346   3.42    2.01    2.70   -0.07  0.0575  0.2940   -3.0
2023  82  6 30    1.95    3.17   -0.20  -467.7   -17.4    14.0   9.15   130198  4.01    52    27  0  0 -0.1319   3.89    2.32    2.85   -0.94  0.0444  0.3977   -3.1
2023  82  6 40    2.70    3.16    1.39  -469.1   -16.8    10.7   8.42    99480  3.71    84    26  0  0 -0.1290   3.60    1.94    3.17   -0.87  0.0491  0.4117   -3.7
2023  82  6 50    2.98    4.22    2.38  -479.6   -25.2    -4.5   8.76    83183  4.04    74    25  0  0 -0.1257   3.91    2.20    3.26    0.29  0.0385  0.2998   -4.3
2023  82  7  0    4.06    3.54    1.66  -481.0   -18.8    -3.2   7.65    98359  3.55    71    23  0  0 -0.1222   3.43    2.57    3.49    1.25  0.0497  0.2164   -4.8
2023  82  7 10    2.23    2.75   -4.12  -471.3   -16.9     7.7   9.44   113348  4.20    77    25  0  0 -0.1184   4.07    3.14    3.55    0.99  0.0379  0.2558   -5.0
2023  82  7 20    1.76    3.52   -1.81  -469.1   -13.1    13.8   8.89   105886  3.92    65    24  0 -1 -0.1144   3.80    2.91    3.52   -0.88  0.0332  0.4308   -5.2
2023  82  7 30   -0.58    3.17   -3.57  -465.4   -13.7    18.0   8.95   106038  3.88    55    25  0 -1 -0.1101   3.76    2.23    3.28   -2.16  0.0218  0.5276   -5.8
2023  82  7 40   -0.19    1.93   -5.13  -462.4    -9.9    16.5   8.20    82288  3.51    50    23  0  0 -0.1056   3.40    1.00    2.81   -3.64  0.0122  0.5815   -5.6
2023  82  7 50   -0.60    2.40   -5.10  -456.1    -4.5    17.1   8.28    85214  3.45   137    24  0  0 -0.1008   3.34    0.02    2.37   -4.13  0.0099  0.5358   -6.3
2023  82  8  0   -1.50    1.54   -5.51  -457.7   -10.3    18.6   8.77    99628  3.68   123    21  0  0 -0.0958   3.57   -0.58    2.02   -4.96  0.0002  0.5292   -7.0
2023  82  8 10   -1.98    1.40   -5.49  -456.2    -8.3    15.6   8.89    89811  3.71   345    21  0 -1 -0.0906   3.59   -1.24    1.82   -5.24  0.0000  0.5003   -8.7
2023  82  8 20   -1.96    1.20   -5.70  -453.2    -8.8    15.5   8.79    87869  3.62   580    17  0  0 -0.0852   3.50   -1.44    1.65   -5.49  0.0000  0.4708   -9.3
2023  82  8 30   -0.08    1.74   -6.72  -461.2   -13.9    12.9   9.34    92638  3.98   686    20  0 -1 -0.0796   3.85   -1.13    1.56   -5.72  0.0000  0.4578   -9.2
2023  82  8 40    0.24    2.81   -5.88  -466.3   -17.7     6.5   9.18   101800  4.00   957    21  0  0 -0.0739   3.87   -0.55    1.71   -6.01  0.0000  0.4828   -8.6
2023  82  8 50   -3.08   -0.19   -7.00  -446.9    -0.3    17.6   9.38   107742  3.76   858    20  0  0 -0.0679   3.63   -0.52    1.68   -6.29  0.0000  0.4715   -9.6
2023  82  9  0   -2.62   -1.09   -5.96  -459.9   -14.9    11.8  11.95    67168  5.06   696    16  0  0 -0.0618   4.90   -1.89    0.30   -6.00 -0.0004  0.4812  -11.2
2023  82  9 10   -3.00   -0.08   -6.08  -452.4   -18.5    12.7  11.54    93227  4.74   745    17  0  0 -0.0556   4.59   -2.71   -0.38   -6.03 -0.0004  0.3506  -14.5
2023  82  9 20   -2.10   -1.16   -6.29  -452.2   -10.4     8.5  12.77   109759  5.23   773    13  0  0 -0.0492   5.06   -3.27   -0.55   -5.68 -0.0002  0.3435  -16.8
2023  82  9 30   -0.90   -2.13   -5.09  -470.2   -26.0    10.8  12.27    78582  5.44   807    10  0  0 -0.0427   5.27   -2.33   -0.32   -5.99  0.0002  0.3258  -18.9
2023  82  9 40    0.18   -1.48   -5.80  -453.6   -13.0    16.4  10.74   116172  4.43   994    11  0  0 -0.0361   4.29   -2.08   -0.87   -5.68  0.0002  0.4407  -19.9
2023  82  9 50    1.61   -2.71   -6.38  -475.9   -18.4     5.0  11.15    85532  5.06  1017     8  0  0 -0.0294   4.90   -0.90   -1.86   -5.74 -0.0001  0.5078  -21.8
2023  82 10  0    2.95   -2.28   -7.46  -489.3    -8.7     4.2  15.37   121806  7.36   924    12  0  0 -0.0226   7.13    0.09   -1.87   -5.95 -0.0002  0.5202  -25.0
2023  82 10 10    3.06    1.67   -7.61  -491.1    -7.8    -3.6  15.80   113117  7.62   846     9  0  0 -0.0157   7.38    1.87   -1.56   -6.72 -0.0002  0.4948  -26.8
2023  82 10 20    0.50   -0.83  -10.14  -493.9   -31.1    10.8  16.63    99334  8.15   812    15  0  0 -0.0087   7.89    1.94   -1.04   -7.55 -0.0004  0.4748  -28.9
2023  82 10 30    0.29    4.17   -9.31  -485.9   -23.6    13.9  17.87   113300  8.46   905     7  0 -1 -0.0017   8.20    1.22   -0.33   -8.65 -0.0003  0.4033  -32.0
2023  82 10 40    1.28    4.61   -7.90  -490.6   -28.6    10.2  19.87   107741  9.60  1256     1  0  0  0.0053   9.30    0.15    1.15   -8.95 -0.0002  0.5511  -36.7
2023  82 10 50   -0.96    3.26   -9.37  -489.0   -40.9    24.4  15.55   100415  7.51  1015    -4  0  0  0.0123   7.27   -0.03    2.49   -8.95  0.0003  0.6509  -40.1
2023  82 11  0   -0.18    4.63   -7.94  -487.4   -33.3    19.3  17.14    94254  8.20  1124    -7  0  0  0.0194   7.94    0.14    3.58   -8.50  0.0004  0.8403  -41.7
2023  82 11 10   -0.26    7.21   -5.42  -484.1   -31.0    14.9  16.89   132063  7.96  1311    -8  0  0  0.0265   7.71   -0.09    4.00   -7.93  0.0038  0.8688  -44.6
2023  82 11 20   -1.63    2.18   -7.42  -483.8   -12.7    29.6  17.55   109124  8.25  1100   -15  0  0  0.0335   7.99   -0.66    3.65   -7.59  0.0059  0.7996  -47.7
2023  82 11 30   -2.15    2.77   -8.29  -488.7    -1.6    32.6  19.58   110026  9.39   977   -13  0  0  0.0405   9.10   -1.67    2.68   -7.39  0.0058  0.6528  -50.4
2023  82 11 40   -8.31   -4.34   -4.21  -491.2    -6.3    24.8  21.69   145314 10.50  1214   -13  0 -1  0.0475  10.16   -3.05    0.44   -7.74  0.0021  0.5655  -52.1
2023  82 11 50   -5.79   -3.66  -10.11  -483.8    -4.0    16.7  21.17   141783  9.92   957   -18 -1  0  0.0544   9.61   -4.81   -1.35   -7.62 -0.0007  0.6125  -55.5
2023  82 12  0   -4.74   -2.66  -10.47  -488.2    -5.2    24.9  20.96   115066 10.02   773   -26  0  0  0.0613   9.70   -5.44   -2.22   -8.31  0.0004  0.7417  -61.8
2023  82 12 10    0.30    0.41  -13.13  -497.0   -15.4    30.9  21.44   107887 10.64   706   -34  0  0  0.0680  10.31   -4.00   -0.12   -9.12  0.0009  0.8731  -68.3
2023  82 12 20    1.34    5.97  -11.52  -503.2   -13.8    26.1  27.23   113117 13.84   894   -35  0  0  0.0747  13.40   -1.77    2.94   -9.89  0.0117  0.9809  -73.4
2023  82 12 30    0.68    6.88  -11.19  -497.2   -19.3    27.5  25.50   107679 12.67   974   -39  0 -1  0.0813  12.27    0.08    5.82  -10.16  0.0115  1.1365  -77.1
2023  82 12 40    2.71    8.26   -9.66  -506.5   -18.5    23.3  26.45   121426 13.62   868   -44  0  0  0.0878  13.19    0.58    6.78  -10.17  0.0136  1.2237  -80.6
2023  82 12 50    4.12   11.23   -0.61  -501.5   -16.3    11.6  29.91   126960 15.07   909   -46  0  0  0.0941  14.59    1.42    7.70   -9.76  0.0828  1.2853  -85.2
2023  82 13  0    0.86    9.19   -7.61  -501.6   -20.5    26.9  27.13   131200 13.72   771   -51  0  0  0.1003  13.28    2.81    8.62   -6.36  0.2656  1.1147  -89.1
2023  82 13 10    6.68    7.77    5.89  -499.7   -18.4    31.3  28.80   149862 14.46   699   -55  0  0  0.1063  14.00    3.92    9.22   -2.37  0.4114  0.8626  -90.7
2023  82 13 20   -3.00   -1.17  -11.17  -490.1    -3.8    53.9  28.10   168217 13.66   794   -52  0  0  0.1122  13.23    3.75    7.71   -1.43  0.3610  0.6852  -90.4
2023  82 13 30    5.06   10.84   -6.39  -490.0   -13.8    63.8  29.72   136378 14.52   917   -50  0  0  0.1179  14.07    2.10    5.20   -4.28  0.1840  0.7537  -88.9
2023  82 13 40    1.90    7.85   -8.32  -483.6    -1.6    64.9  32.32   159512 15.39   724   -50  0  0  0.1234  14.90    1.45    4.40   -7.42  0.0763  0.9084  -88.2
2023  82 13 50    0.07    5.91   -9.53  -486.5   -15.5    46.9  29.85   154325 14.28   783   -47  0  0  0.1287  13.83    1.11    4.24   -9.53  0.0479  0.9555  -87.0
2023  82 14  0    0.12    4.33  -10.05  -487.1   -16.4    43.3  33.50   140383 16.05   543   -43  0 -1  0.1338  15.54    1.33    5.44   -9.62  0.0417  0.9986  -87.0
2023  82 14 10    3.14    8.62   -6.21  -484.1    -8.3    46.3  36.56   116247 17.28   585   -46  0 -1  0.1387  16.75    0.67    4.98  -10.04  0.0030  1.0070  -88.2
2023  82 14 20    5.87   13.97   -6.80  -478.5     2.2    50.3  39.75    70011 18.40  1268   -48  0  0  0.1433  17.82    1.98    7.07   -7.66  0.1051  1.0811  -89.4
2023  82 14 30    5.71   14.36   -5.21  -481.9     5.2    45.0  38.73    67694 18.16  1062   -35  0 -1  0.1477  17.58    3.23    9.27   -6.75  0.1709  1.1628  -82.2
2023  82 14 40    7.28   19.71   -5.31  -494.5     7.1    19.6   5.01    25549  2.45  1247   -55  0  0  0.1519   2.38    5.29   13.06   -5.51  0.3348  1.2893  -76.7
2023  82 14 50    4.28   18.73   -9.38  -498.2     8.8     0.5   7.23    28018  3.59   689   -64  0  0  0.1558   3.48    5.97   16.10   -6.22  0.3252  1.4605  -70.1
2023  82 15  0    8.47   19.45   -1.28  -505.9     5.3   -28.6   5.72    20796  2.93   606   -58  0 -1  0.1595   2.85    6.45   18.37   -6.22  0.3606  1.5529  -70.7
2023  82 15 10    2.66   16.49  -12.29  -478.8     5.7    10.4   7.03    21248  3.22   460   -56  0 -1  0.1629   3.12    5.83   18.91   -6.99  0.2796  1.6252  -68.6
2023  82 15 20    1.27   15.93  -12.96  -476.8     1.6     6.5   7.96    24492  3.62   372   -54  0  0  0.1660   3.51    4.41   17.91   -9.00  0.2023  1.6881  -67.4
2023  82 15 30    4.88   17.68   -8.60  -488.0    -0.5    -8.5   8.43    29100  4.02   402   -51  0 -1  0.1688   3.89    3.41   17.06  -10.60  0.1252  1.7417  -65.7
2023  82 15 40    7.84   19.08   -1.15  -493.1     6.9   -20.4   4.95    22483  2.41   530   -54  0  0  0.1714   2.34    3.94   17.20   -9.21  0.2019  1.6422  -64.3
2023  82 15 50    7.54   19.18   -0.63  -497.6     8.7   -19.1   6.56    25674  3.25   347   -53  0  0  0.1736   3.15    5.51   18.20   -5.47  0.4165  1.4403  -63.0
2023  82 16  0    6.53   19.40   -0.42  -477.1     2.3    -4.8   5.53    19647  2.52   267   -53  0  0  0.1756   2.44    6.81   19.19   -2.03  0.6157  1.2419  -62.1
2023  82 16 10    5.46   19.32    1.42  -479.7     2.4   -23.6   5.55    34910  2.56   255   -54  0  0  0.1772   2.48    6.71   19.38   -0.60  0.6792  1.1348  -60.8
2023  82 16 20    5.33   19.13   -4.52  -478.2     9.6     9.5   3.20    34126  1.46   185   -56  0  0  0.1786   1.42    6.11   19.34   -1.31  0.5721  1.1737  -59.7
2023  82 16 30    5.17   17.98   -8.05  -474.4    18.3    30.4   3.71    27448  1.68   183   -53  0  0  0.1796   1.63    5.76   19.08   -2.78  0.4264  1.2641  -59.3
2023  82 16 40    3.13   19.27   -5.77  -477.8    23.9    42.2   3.70    29326  1.71   139   -53  0  0  0.1804   1.65    5.34   18.64   -5.59  0.2457  1.4443  -59.8
2023  82 16 50    6.35   13.49  -13.04  -468.9    22.7    37.0   4.96    33184  2.20   125   -51  0  0  0.1808   2.13    5.35   17.47   -8.03  0.1485  1.5524  -59.9
2023  82 17  0    5.84   19.06   -0.26  -482.5    -5.7     7.5   2.67    29237  1.24   209   -56  0  0  0.1809   1.20    5.45   16.77   -8.60  0.1380  1.5529  -59.9
2023  82 17 10    6.16   18.71   -1.93  -479.5    -1.1     8.6   2.85    20461  1.31   231   -55  0  0  0.1807   1.27    5.88   16.95   -6.77  0.2227  1.4426  -59.7
2023  82 17 20    5.49   17.90    2.64  -477.5    -1.4     3.1   3.15    30737  1.44   198   -56  0  0  0.1802   1.39    5.92   17.91   -4.10  0.3177  1.3181  -59.5
2023  82 17 30    5.48   17.60    2.24  -475.9    -8.0     6.9   4.39    42550  1.99   205   -51  0  0  0.1794   1.93    5.88   18.31   -0.84  0.3930  1.1110  -60.3
2023  82 17 40   -2.61    6.62  -16.19  -469.4    35.5    13.6   6.52    44727  2.89   192   -54  0  0  0.1783   2.80    5.14   17.49   -0.18  0.3938  1.0017  -60.9
2023  82 17 50   -3.50    5.39  -16.12  -461.6    31.8    15.2   7.82    32428  3.35   236   -48  0  0  0.1768   3.25    2.65   13.06   -4.83  0.2724  0.9342  -62.4
2023  82 18  0   -4.06    4.12  -16.26  -462.5    34.8    15.0   7.64    22934  3.29   321   -51  0  0  0.1751   3.19   -0.45    8.75  -10.97  0.1296  0.9891  -63.6
2023  82 18 10   -3.84    3.12  -16.39  -464.5     4.1     6.0   8.46    37806  3.65   478   -53  0  0  0.1731   3.54   -3.09    4.31  -16.37  0.0000  0.9167  -66.1
2023  82 18 20   -2.03    1.83  -18.00  -467.4    24.3    11.2   6.46    22281  2.83   560   -60  0 -1  0.1708   2.74   -3.55    1.94  -16.52  0.0000  0.8518  -69.5
2023  82 18 30   -3.10    1.63  -17.95  -472.5    24.0     8.0   6.72    22349  3.01   552   -65  0  0  0.1682   2.91   -3.23    0.91  -17.15 -0.0000  0.6917  -72.2
2023  82 18 40   -4.17    5.93  -17.09  -474.6     7.9     8.0   6.66    22710  3.00  1285   -64  0  0  0.1653   2.91   -3.19    0.75  -17.56  0.0000  0.6578  -71.6
2023  82 18 50   -4.44    6.53  -17.06  -473.7     6.9     5.9   7.16    20998  3.21  1059   -56  0  0  0.1621   3.11   -3.47    3.48  -17.61  0.0000  0.7784  -68.6
2023  82 19  0   -4.76    6.50  -17.17  -477.5     3.3    15.1   7.66    19580  3.50  1289   -51  0  0  0.1586   3.39   -3.97    5.11  -17.35  0.0001  1.0196  -67.2
2023  82 19 10   -4.40    5.08  -18.03  -477.7     2.8    12.4   7.84    20080  3.58  1157   -57  0 -1  0.1549   3.47   -4.16    6.53  -17.23  0.0001  1.2362  -68.5
2023  82 19 20   -6.37    1.51  -18.33  -479.2    -3.7    18.5   7.44    18592  3.42  1240   -62  0  0  0.1510   3.31   -4.52    5.80  -17.54  0.0001  1.1431  -70.8
2023  82 19 30   -8.17   -0.61  -17.92  -478.0   -13.6    13.3   6.07    22676  2.78   797   -62  0  0  0.1467   2.69   -5.54    4.11  -17.93  0.0000  0.8949  -71.6
2023  82 19 40   -8.33   -1.38  -17.65  -470.0    13.9    -3.3   6.14    27217  2.71   935   -62  0  0  0.1423   2.63   -6.82    1.90  -18.10  0.0000  0.5695  -72.4
2023  82 19 50   -7.17    0.12  -18.24  -472.6     6.9     5.9   6.47    16511  2.89   756   -66  0  0  0.1376   2.80   -7.75    0.14  -18.03  0.0000  0.3953  -74.3
2023  82 20  0   -7.43   -0.10  -17.91  -478.8    -3.9    11.6   6.83    19147  3.13   748   -68  0  0  0.1327   3.03   -7.78   -0.38  -17.95 -0.0000  0.2813  -78.0
2023  82 20 10   -7.32   -0.01  -18.02  -479.7    -8.3    10.8   6.08    17608  2.80   892   -77  0  0  0.1276   2.71   -7.51   -0.50  -17.99 -0.0000  0.2503  -82.1
2023  82 20 20   -7.53   -0.16  -17.61  -478.7     2.7    -4.2   6.89    22140  3.16   857   -80  0  0  0.1222   3.06   -7.40   -0.36  -17.93 -0.0000  0.2143  -86.1
2023  82 20 30   -7.57   -0.75  -17.61  -471.8     6.1     7.9   6.99    24907  3.11  1030   -83  0  0  0.1167   3.02   -7.46   -0.51  -17.79 -0.0000  0.2261  -89.4
2023  82 20 40   -7.54   -1.05  -17.60  -473.4    19.1     4.7   6.38    21520  2.86  1125   -89  0  0  0.1110   2.77   -7.49   -0.73  -17.69 -0.0000  0.2886  -92.0
2023  82 20 50  -11.68   -5.44  -14.40  -471.0     9.2    10.3   6.07    24954  2.70   757   -91  0  0  0.1052   2.61   -7.63   -1.15  -17.55 -0.0000  0.3843  -94.0
2023  82 21  0  -10.23   -3.79  -15.84  -466.1     9.4    16.7   7.63    22002  3.32   677   -92  0  0  0.0991   3.22   -8.71   -2.51  -16.79 -0.0000  0.6383  -94.1
2023  82 21 10   -7.47   -3.78  -17.43  -465.1    10.0    11.1   7.12    23214  3.09   260   -88  0 -1  0.0930   2.99   -9.41   -3.07  -16.41 -0.0000  0.7449  -92.9
2023  82 21 20   -9.61   -3.70  -16.61  -476.8     9.3     8.4   5.75    21863  2.62   422   -88  0  0  0.0866   2.53   -9.74   -3.64  -16.24 -0.0000  0.8404  -91.5
2023  82 21 30   -9.80   -2.53  -16.63  -474.5    11.3     9.9   5.72    30109  2.58  1284   -89  0  0  0.0802   2.50   -9.49   -3.23  -16.61 -0.0000  0.7880  -90.2
2023  82 21 40  -12.20   -5.29  -14.14  -474.2    21.8     1.7   6.16    19997  2.78  1610   -85  0  0  0.0737   2.69   -9.89   -3.50  -16.36 -0.0000  0.8337  -89.7
2023  82 21 50  -11.05   -2.68  -15.76  -470.2    15.6    14.4   7.19    22864  3.19  1267   -83  0  0  0.0670   3.09  -10.61   -3.52  -15.87 -0.0000  0.8348  -89.8
2023  82 22  0  -11.98   -3.95  -15.38  -469.1    23.5     8.4   5.40    17429  2.38  1645   -87  0  0  0.0603   2.31  -11.08   -3.49  -15.57 -0.0000  0.8258  -91.1
2023  82 22 10  -11.36   -4.06  -15.65  -470.0    22.0    14.1   5.94    19507  2.63  1345   -91  0 -1  0.0535   2.55  -11.44   -3.74  -15.46 -0.0000  0.8611  -93.6
2023  82 22 20  -11.54   -4.35  -15.67  -465.7    27.2    11.9   5.98    18594  2.60   868   -95  0  0  0.0467   2.52  -11.47   -3.81  -15.58 -0.0000  0.8704  -96.6
2023  82 22 30  -11.54   -4.23  -15.66  -466.3     6.5    17.5   5.84    19442  2.55   683  -101  0  0  0.0398   2.46  -11.49   -4.11  -15.63 -0.0000  0.9154 -100.7
2023  82 22 40  -11.44   -4.88  -15.66  -465.3    23.5    14.4   5.98    17952  2.60   618  -106  0 -1  0.0328   2.52  -11.41   -4.22  -15.70 -0.0000  0.9261 -106.2
2023  82 22 50  -11.79   -4.56  -15.53  -464.0    23.2    13.2   5.61    17794  2.42   485  -116  0  0  0.0259   2.35  -11.49   -4.41  -15.69 -0.0000  0.9505 -112.6
2023  82 23  0  -12.02   -4.58  -15.36  -465.9    20.8    16.7   5.55    17644  2.42   494  -124  0  0  0.0189   2.34  -11.67   -4.56  -15.58 -0.0000  0.9674 -118.4
2023  82 23 10  -11.47   -3.90  -15.89  -478.0    18.4    23.9   5.75    19169  2.64   533  -128  0  0  0.0119   2.55  -11.80   -4.55  -15.52 -0.0000  0.9691 -122.9
2023  82 23 20  -10.76   -3.47  -16.42  -480.3    13.3    24.5   6.60    27629  3.06   441  -131  0  0  0.0050   2.96  -11.59   -4.25  -15.71 -0.0000  0.9388 -125.2
2023  82 23 30   -9.83   -2.84  -17.28  -477.5    10.0    29.4   7.51    19246  3.44   439  -129  0  0 -0.0019   3.33  -11.13   -3.92  -16.10 -0.0000  0.9049 -126.0
2023  82 23 40   -9.90   -2.37  -17.44  -480.6    11.1    29.4   7.33    16133  3.40   576  -128  0  0 -0.0088   3.29  -10.43   -3.26  -16.76 -0.0000  0.8125 -126.9
2023  82 23 50  -10.07   -2.48  -17.39  -478.7     9.5    25.0   7.30    16371  3.36   787  -132  0  0 -0.0156   3.25  -10.05   -2.78  -17.20 -0.0000  0.7352 -130.3
2023  83  0  0  -10.57  -12.87  -10.71  -465.0     3.5    36.0  11.48    16954  5.00   558  -137  0  0 -0.0224   4.84  -10.23   -3.85  -16.66 -0.0014  0.8322 -136.4
2023  83  0 10  -11.04  -11.98  -11.24  -465.6     6.8    29.3  12.89    12967  5.61  1184  -144  0  0 -0.0290   5.44  -10.52   -7.00  -14.71 -0.0081  1.1062 -143.4
2023  83  0 20  -11.63  -11.01  -11.66  -464.8     7.7    23.2  12.24    12563  5.30  1092  -151  0  0 -0.0356   5.14  -10.97  -10.12  -12.66 -0.0144  1.3865 -148.1
2023  83  0 30  -11.95  -11.69  -10.43  -463.4    10.9    20.7  12.77    13533  5.50  1226  -151  0  0 -0.0421   5.33  -11.21  -11.56  -11.45 -0.0187  1.4871 -150.4
2023  83  0 40  -11.33  -11.26  -11.66  -463.7     8.2    22.3  12.59    13139  5.43  1021  -151  0  0 -0.0484   5.26  -11.50  -11.18  -11.52 -0.0160  1.4696 -150.3
2023  83  0 50  -12.04  -10.89  -11.36  -459.7    -1.0    25.3  12.03    14516  5.10   961  -151  0  0 -0.0546   4.94  -11.69  -10.90  -11.63 -0.0137  1.4549 -151.2
2023  83  1  0  -11.50  -11.88  -10.73  -462.1     5.0    28.0  12.57    14456  5.39   950  -155  0 -1 -0.0607   5.22  -11.60  -10.99  -11.66 -0.0132  1.4560 -153.5
2023  83  1 10  -12.05  -10.36  -11.80  -461.1     0.0    33.1  11.81    22466  5.05   900  -160  0  0 -0.0666   4.89  -11.65  -11.15  -11.46 -0.0151  1.4544 -155.9
2023  83  1 20  -11.85  -10.03  -12.03  -460.1    -6.3    36.7  11.83    13468  5.04   780  -160  0  0 -0.0724   4.88  -11.70  -10.86  -11.60 -0.0133  1.4409 -157.3
2023  83  1 30  -12.84   -9.88  -11.13  -457.1    -2.0    27.1  12.19    14035  5.12   894  -161  0 -1 -0.0779   4.95  -12.19  -10.61  -11.25 -0.0134  1.4078 -157.4
2023  83  1 40  -10.75   -9.56  -13.72  -462.9     0.7    32.0  10.99    17775  4.73   846  -162  0 -1 -0.0833   4.58  -12.44  -10.22  -11.32 -0.0106  1.3815 -156.9
2023  83  1 50  -12.83   -9.98  -11.45  -458.7    -2.7    33.7  10.62    13817  4.50   558  -160  0  0 -0.0885   4.35  -12.50  -10.26  -11.29 -0.0108  1.3786 -157.2
2023  83  2  0  -12.58  -10.06  -13.03  -450.5     0.7    26.6  11.33    14330  4.61   554  -164  0  0 -0.0935   4.47  -12.40  -10.06  -12.08 -0.0071  1.3885 -157.6
2023  83  2 10  -12.89  -10.20  -12.57  -451.3    -2.4    24.4  10.69     9799  4.37   883  -164 -1 -1 -0.0982   4.23  -12.50  -10.07  -12.53 -0.0058  1.3939 -158.8
2023  83  2 20  -12.69  -10.19  -12.76  -452.0     0.5    26.9  10.28     8553  4.22   728  -167  0  0 -0.1028   4.08  -12.73  -10.09  -12.76 -0.0051  1.3927 -159.3
2023  83  2 30  -12.89  -10.42  -11.69  -448.3    -2.6    24.7  11.14     7654  4.49   310  -166  0  0 -0.1071   4.35  -12.73  -10.24  -12.62 -0.0057  1.3947 -160.1
2023  83  2 40  -12.85  -10.48  -11.71  -443.7     2.9    15.1   7.79     8254  3.07   451  -169  0  0 -0.1111   2.97  -12.77  -10.29  -12.34 -0.0065  1.3880 -159.6
2023  83  2 50  -12.88  -11.15  -10.84  -437.3     1.5    25.8   8.96     7753  3.44   437  -167  0  0 -0.1149   3.33  -12.77  -10.48  -11.91 -0.0080  1.3752 -155.1
2023  83  3  0  -12.85  -11.59  -10.24  -435.8    -8.5    24.1   8.48     7549  3.23   467  -150  0  0 -0.1185   3.13  -12.90  -10.70  -11.36 -0.0101  1.3527 -149.0
2023  83  3 10  -13.57   -9.55  -10.92  -438.1    -3.6    26.3  11.59     8640  4.47   400  -146  0  0 -0.1217   4.32  -12.95  -10.98  -10.85 -0.0129  1.3325 -142.0
2023  83  3 20  -13.38   -9.60  -11.01  -441.8    -1.9    25.5  13.51    10008  5.29   639  -130  0  0 -0.1247   5.12  -13.20  -10.53  -10.68 -0.0119  1.2992 -143.4
2023  83  3 30  -15.30   -5.61  -10.47  -437.1   -15.2    24.3  21.54     8858  8.26   780  -144  0  0 -0.1274   8.01  -13.83   -9.06  -10.72 -0.0081  1.2087 -146.6
2023  83  3 40  -15.47   -5.51   -9.95  -437.7   -16.7    23.7  23.52     8828  9.05   505  -143  0 -1 -0.1299   8.77  -14.61   -7.17  -10.70 -0.0031  1.0900 -149.2
2023  83  3 50  -15.79   -5.01   -9.88  -435.3   -17.6    22.4  22.26     8946  8.47   628  -134  0  0 -0.1320   8.21  -15.27   -6.01  -10.26 -0.0013  0.9971 -146.9
2023  83  4  0  -15.45   -8.34   -8.73  -436.5    -5.7    24.3  14.89     7162  5.69   701  -141  0  0 -0.1339   5.51  -15.48   -5.92   -9.89 -0.0014  0.9817 -145.5
2023  83  4 10  -14.42   -9.18   -9.17  -435.7    -3.1    23.4  16.93     8601  6.45   792  -145  0 -1 -0.1354   6.24  -15.33   -7.08   -9.34 -0.0059  1.0454 -149.4
2023  83  4 20  -13.73   -8.98   -9.44  -438.8    -6.7    26.1  23.32     8438  9.02   847  -151  0  0 -0.1367   8.73  -14.92   -8.26   -9.07 -0.0117  1.1117 -153.5
2023  83  4 30  -13.85   -9.25   -9.66  -436.3    -4.8    25.9  15.38     8675  5.88   702  -153  0  0 -0.1376   5.69  -14.37   -9.39   -8.69 -0.0209  1.1667 -155.2
2023  83  4 40  -13.76   -8.59   -9.72  -430.1    -7.4    17.4  17.05     8986  6.33  1141  -152  0 -1 -0.1382   6.12  -14.11   -9.42   -8.86 -0.0200  1.1709 -156.6
2023  83  4 50  -11.93   -7.34  -12.33  -443.3   -25.9    38.4  15.12    13549  6.01  1164  -164  0  0 -0.1385   5.82  -13.76   -8.99   -9.31 -0.0156  1.1635 -156.6
2023  83  5  0  -13.24  -10.36   -7.51  -436.6   -11.2    37.7  15.85    13923  6.09   787  -157  0  0 -0.1386   5.90  -13.46   -8.93   -9.48 -0.0130  1.1642 -159.2
2023  83  5 10  -13.41  -11.74   -3.15  -432.6   -10.7    35.3  17.59    15076  6.62   621  -163  0 -1 -0.1383   6.42  -13.16   -9.61   -8.62 -0.0322  1.1528 -160.2
2023  83  5 20  -12.77  -11.45   -5.57  -422.7     0.9    10.5  15.50    11501  5.54   838  -169  0  0 -0.1377   5.37  -13.28  -10.74   -6.19 -0.1252  1.0586 -162.3
2023  83  5 30  -11.84  -10.27   -6.94  -434.3   -20.0    22.1  13.99    20025  5.30   556  -164  0  0 -0.1368   5.14  -13.09  -11.09   -5.15 -0.1464  1.0116 -161.8
2023  83  5 40  -11.42   -8.90   -6.65  -420.6    -1.4    34.3  14.26    48621  5.08   508  -161  0  0 -0.1355   4.92  -12.54  -10.93   -5.05 -0.1455  1.0032 -161.6
2023  83  5 50  -11.19   -9.31   -6.42  -435.1   -18.4    30.8  15.05    42414  5.74   453  -165  0  0 -0.1340   5.56  -11.88  -10.16   -6.32 -0.0650  1.0574 -161.3
2023  83  6  0  -10.02  -10.34   -3.56  -440.7   -29.6    49.6  24.11    37964  9.53   273  -154  0  0 -0.1322   9.23  -11.36   -9.76   -6.25 -0.0632  1.0542 -160.6
2023  83  6 10   -9.30  -10.97   -2.43  -440.3   -29.9    39.3  27.67    30329 10.87   317  -146  0  0 -0.1301  10.52  -10.92   -9.60   -5.32 -0.1148  0.9949 -156.1
2023  83  6 20  -11.20  -10.46   -2.76  -432.9   -32.8    37.9  21.23    39241  8.06   231  -141  0 -1 -0.1277   7.81  -10.64  -10.02   -4.16 -0.1899  0.9467 -152.9
2023  83  6 30  -11.10  -10.55   -5.60  -432.2   -18.4    49.1  14.99    31644  5.68   496  -149  0  0 -0.1250   5.50  -10.74  -10.39   -3.77 -0.2148  0.9317 -150.4
2023  83  6 40  -11.55   -8.38   -3.71  -438.8   -23.1    43.0  25.80    36642 10.06  1326  -142  0  0 -0.1220   9.74  -11.20  -10.34   -3.62 -0.2120  0.9092 -148.4
2023  83  6 50  -11.97   -8.58   -0.77  -438.2   -17.4    53.8  18.54    31340  7.24   864  -137  0  0 -0.1188   7.01  -11.36   -9.82   -3.47 -0.1964  0.8791 -147.0
2023  83  7  0   -7.57   -6.17   -5.47  -442.2   -22.4    58.0  17.23    36147  6.88   615  -136  0  0 -0.1152   6.66  -10.85   -8.68   -2.93 -0.2096  0.7915 -146.5
2023  83  7 10   -8.28   -4.58   -2.60  -435.3   -18.3    52.9  18.28    41901  7.05   555  -137  0  0 -0.1114   6.82   -9.59   -7.24   -3.52 -0.1602  0.7550 -145.6
2023  83  7 20  -11.17   -5.98   -1.03  -437.9   -16.2    57.2  16.01    38302  6.25   855  -134  0  0 -0.1074   6.06   -9.29   -6.04   -3.07 -0.1442  0.6687 -142.6
2023  83  7 30   -9.89   -7.45   -3.06  -408.8   -19.5    31.8  15.39    75225  5.19   447  -135  0  0 -0.1031   5.02   -9.28   -6.03   -2.91 -0.1276  0.6600 -138.5
2023  83  7 40   -5.58   -3.53   -5.45  -402.7   -12.0    18.0  25.93    97802  8.44   515  -122  0  0 -0.0986   8.17   -9.03   -5.73   -2.98 -0.1158  0.6266 -138.4
2023  83  7 50   -5.64   -3.75   -5.95  -402.6   -11.5    21.4  32.71    86309 10.64   425  -122  0  0 -0.0938  10.31   -7.72   -5.04   -4.10 -0.0590  0.6355 -140.5
2023  83  8  0   -5.01   -3.34   -5.75  -409.3   -17.1    19.6  33.38    89956 11.23   449  -127  0  0 -0.0888  10.88   -6.58   -3.47   -4.86 -0.0108  0.5669 -145.1
2023  83  8 10   -9.05   -1.61   -1.25  -404.5   -25.5     5.8  37.10    88669 12.20   457  -132  0 -1 -0.0836  11.81   -6.30   -2.67   -4.59 -0.0013  0.5111 -149.2
2023  83  8 20   -8.00   -2.47   -0.28  -401.1   -21.0     5.0  40.46   136919 13.06   451  -133  0 -1 -0.0782  12.64   -6.86   -2.31   -3.64 -0.0093  0.4415 -151.0
2023  83  8 30   -7.25   -2.56   -0.27  -404.1   -16.6     1.1  38.22    97684 12.50   564  -131  0 -1 -0.0727  12.11   -7.38   -2.44   -2.24 -0.0455  0.3754 -152.1
2023  83  8 40   -4.87   -3.01    4.92  -404.4   -17.6   -12.3  39.79    81127 13.05   471  -138  0  0 -0.0669  12.64   -6.93   -2.37    0.93 -0.0499  0.2271 -150.5
2023  83  8 50   -6.77   -4.75    4.72  -407.1   -16.3    -5.2  20.62    84830  6.85   418  -135  0  0 -0.0609   6.63   -6.27   -3.36    2.57 -0.0596  0.1575 -147.6
2023  83  9  0   -6.10   -3.43    5.08  -406.6   -16.5    -6.7  32.26    86210 10.69   286  -131  0  0 -0.0548  10.35   -5.84   -4.05    3.91 -0.0318  0.0977 -140.7
2023  83  9 10   -7.12   -7.76    2.71  -396.7     2.8   -10.1  19.47   106824  6.13   272  -127  0  0 -0.0486   5.94   -6.58   -5.61    3.68 -0.0427  0.1384 -132.9
2023  83  9 20   -6.78   -8.10    2.23  -396.9    -0.8    11.8  17.24   131212  5.43   650  -115  0  0 -0.0422   5.27   -6.76   -6.51    3.78 -0.0547  0.1691 -124.8
2023  83  9 30   -6.76   -8.81    0.79  -401.9     1.7    10.5  16.54   112021  5.35   285  -109  0  0 -0.0357   5.18   -6.93   -7.77    3.02 -0.1322  0.2672 -117.8
2023  83  9 40   -7.31   -8.07   -0.06  -400.3     2.3     8.9  16.74   112908  5.37   269  -103  0  0 -0.0291   5.20   -7.02   -8.18    1.83 -0.2019  0.3485 -113.2
2023  83  9 50   -7.30   -8.24   -1.85  -395.7    -0.5    16.4  16.51    87141  5.18   313  -104  0  0 -0.0224   5.02   -7.30   -8.59    0.35 -0.2611  0.4633 -110.4
2023  83 10  0   -7.29   -8.74   -1.74  -392.3     1.9    22.1  15.43   147045  4.76   587  -102  0  0 -0.0156   4.61   -7.28   -8.54   -0.53 -0.2472  0.5258 -108.7
2023  83 10 10   -7.37  -10.69   -0.31  -405.5    -2.1    11.2   8.65   107630  2.85   516  -108  0  0 -0.0087   2.76   -7.38   -9.31   -1.13 -0.2573  0.5991 -105.7
2023  83 10 20   -9.72   -6.37   -7.46  -420.0     1.1    -4.3   5.04   124920  1.78   439  -106  0  0 -0.0017   1.72   -7.74   -9.47   -1.52 -0.2304  0.6413 -102.6
2023  83 10 30   -9.60   -9.76   -4.81  -418.2   -14.4   -11.8   3.29   102446  1.15   822  -107  0  0  0.0053   1.12   -8.58   -9.22   -3.13 -0.1643  0.7461  -99.6
2023  83 10 40   -9.53   -9.67   -3.57  -426.5     4.7   -11.1   3.19    97236  1.16   837  -104  0  0  0.0123   1.12   -9.20   -9.02   -4.20 -0.0879  0.8335  -97.5
2023  83 10 50   -8.96   -9.73   -3.44  -420.7    -4.3    -8.2   3.75   128074  1.33   627  -101  0  0  0.0193   1.29   -9.57   -8.96   -4.37 -0.0538  0.8588  -95.0
2023  83 11  0   -8.92  -10.86   -0.02  -418.0   -10.4    13.2   2.69    96752  0.94   715   -99  0  0  0.0264   0.91   -9.39   -9.84   -2.81 -0.0993  0.7947  -92.8
2023  83 11 10   -8.48  -10.64   -0.44  -417.9    -5.4     9.5   3.32   104599  1.16   443   -97  0 -1  0.0335   1.12   -9.18  -10.17   -1.41 -0.1494  0.6996  -91.2
2023  83 11 20   -7.44  -10.91   -2.86  -420.7    -3.2     4.5   4.31   119184  1.53   635   -95  0  0  0.0405   1.48   -8.78  -10.46   -0.55 -0.1826  0.6379  -90.2
2023  83 11 30   -7.33   -9.61   -3.97  -410.3    -6.1    13.0   3.79    85351  1.28   563   -92  0  0  0.0475   1.24   -8.27  -10.33   -1.43 -0.1513  0.6888  -89.6
2023  83 11 40   -7.52   -9.40   -4.62  -411.9    -6.2    -2.4   4.90   108918  1.66   473   -92  0  0  0.0545   1.61   -7.95   -9.98   -2.50 -0.1108  0.7535  -89.5
2023  83 11 50   -9.08   -7.96   -3.82  -426.0    -9.4    -1.6   5.14   100050  1.87   450   -91  0  0  0.0614   1.81   -7.86   -9.51   -3.57 -0.0722  0.8174  -89.7
2023  83 12  0   -9.91   -7.24   -3.00  -446.0   -26.4    -6.7   4.58    79677  1.83   543   -91  0  0  0.0683   1.77   -8.57   -8.65   -3.48 -0.0636  0.8099  -89.8
2023  83 12 10   -9.24   -6.78   -4.42  -442.3   -21.3    -6.9   4.93    88908  1.93   487   -90  0  0  0.0750   1.87   -8.94   -7.70   -3.95 -0.0445  0.8258  -88.8
2023  83 12 20   -8.74   -8.51   -3.37  -435.4    -9.1    -6.7   3.50   101998  1.33   443   -92  0  0  0.0817   1.29   -9.10   -7.36   -4.06 -0.0352  0.8423  -88.9
2023  83 12 30   -8.61   -6.72   -4.34  -435.6   -20.3   -14.7   5.98   127237  2.28   517   -91  0  0  0.0883   2.21   -8.51   -7.87   -3.87 -0.0446  0.8375  -88.1
2023  83 12 40   -8.23   -8.41   -2.94  -439.8   -18.6     2.0   3.52    72117  1.36   624   -89  0  0  0.0947   1.32   -8.24   -8.29   -3.52 -0.0538  0.8316  -89.1
2023  83 12 50   -7.80   -8.11   -2.17  -438.2    -4.8     7.7   5.76    85313  2.21   629   -89  0  0  0.1011   2.14   -7.96   -8.32   -3.13 -0.0687  0.8030  -88.6
2023  83 13  0   -7.25   -8.48   -2.42  -436.1     3.9     5.2   4.83    96994  1.84   674   -89  0  0  0.1073   1.78   -8.00   -7.99   -2.87 -0.0753  0.7784  -88.3
2023  83 13 10   -9.35   -6.33   -1.02  -434.9   -15.0     5.6   3.86    74648  1.46   648   -88  0  0  0.1133   1.42   -7.84   -7.94   -2.37 -0.0916  0.7354  -86.7
2023  83 13 20   -9.56   -5.98   -1.19  -434.2   -10.7     7.2   3.59    65370  1.35   663   -88  0  0  0.1192   1.31   -8.33   -7.32   -1.91 -0.0916  0.6663  -86.3
2023  83 13 30   -8.86   -6.36   -0.83  -440.4   -23.6     6.8   4.38    73522  1.71   662   -88  0  0  0.1248   1.65   -8.74   -6.77   -1.41 -0.0960  0.5994  -86.7
2023  83 13 40   -9.40   -5.63   -0.52  -429.7   -17.8     4.0   4.39    53979  1.62   633   -89  0  0  0.1303   1.57   -9.09   -6.25   -1.06 -0.1027  0.5472  -87.5
2023  83 13 50   -9.43   -5.48   -0.19  -428.2   -18.8     5.2   4.61    51620  1.69   592   -89  0  0  0.1357   1.64   -9.09   -6.06   -0.83 -0.1132  0.5138  -88.2
2023  83 14  0   -8.21   -6.72   -0.86  -427.4    -9.9     9.9   5.47    89738  2.00   663   -89  0 -1  0.1407   1.94   -9.10   -5.85   -0.66 -0.1204  0.4820  -88.2
2023  83 14 10   -7.14   -7.05   -0.62  -419.1   -20.6    -1.5   5.24    81893  1.85   517   -88  0  0  0.1456   1.79   -8.86   -5.96   -0.69 -0.1225  0.4821  -87.9
2023  83 14 20   -6.57   -7.06   -2.52  -418.5   -17.0     0.3   5.76    94922  2.02   559   -87  0  0  0.1503   1.96   -8.02   -6.53   -1.12 -0.1165  0.5379  -87.3
2023  83 14 30   -4.87   -7.61   -2.19  -401.3     2.1    10.6   8.48    71968  2.73   674   -84  0  0  0.1547   2.65   -6.77   -7.18   -1.76 -0.1017  0.6107  -87.1
2023  83 14 40   -2.81   -7.77   -4.15  -398.1    -4.1    11.1   9.33    62651  2.96   640   -82  0  0  0.1589   2.87   -5.28   -7.56   -2.48 -0.0796  0.6655  -87.2
2023  83 14 50   -4.32   -7.54   -3.13  -416.4   -10.6    21.9   8.56    72680  2.98   831   -83  0  0  0.1628   2.88   -4.43   -7.47   -2.76 -0.0739  0.6666  -86.9
2023  83 15  0   -5.37   -6.92   -0.78  -400.0   -14.4    -4.1   6.81    53380  2.18   713   -82  0  0  0.1664   2.11   -4.78   -7.04   -2.21 -0.0841  0.5982  -86.9
2023  83 15 10   -5.10   -6.58   -2.19  -391.2    -8.9    -9.6  10.43    75645  3.20   620   -81  0  0  0.1698   3.10   -5.40   -6.17   -0.22 -0.0800  0.4263  -87.0
2023  83 15 20   -3.76   -5.94   -0.16  -409.5   -20.3   -14.4  10.52    56797  3.54   639   -80  0  0  0.1729   3.43   -5.47   -6.12    0.07 -0.0879  0.4087  -86.8
2023  83 15 30   -3.30   -6.51   -0.44  -411.5    -2.5    -0.6   7.95    75859  2.69   676   -79  0  0  0.1758   2.61   -4.70   -6.45    0.35 -0.1197  0.4026  -87.3
2023  83 15 40   -3.05   -4.02    0.74  -410.4    -4.8   -19.4  13.43    70268  4.54   734   -78  0  0  0.1783   4.39   -3.90   -6.40   -0.50 -0.1499  0.4518  -87.5
2023  83 15 50   -2.67   -4.19    1.05  -413.8    -5.9   -33.3  13.61    60298  4.69   663   -76  0  0  0.1805   4.54   -3.39   -5.52    0.51 -0.1370  0.3296  -87.5
2023  83 16  0   -2.91   -4.71    1.17  -413.8    -8.9   -28.2  11.70    61500  4.02   648   -75  0 -1  0.1825   3.90   -3.02   -4.71    0.93 -0.1004  0.2585  -86.3
2023  83 16 10   -2.73   -4.52    1.23  -415.8    -8.0   -27.2  12.64    60604  4.39   574   -75  0  0  0.1841   4.25   -3.00   -4.50    1.22 -0.0794  0.2235  -84.3
2023  83 16 20   -3.69   -6.50    1.08  -407.9    -9.7   -14.5   8.18    60017  2.73   592   -75  0  0  0.1855   2.64   -3.09   -4.97    1.17 -0.0935  0.2512  -82.2
2023  83 16 30   -4.86   -6.34   -0.50  -404.1    -9.3    -5.7   7.14    57189  2.33   363   -74  0  0  0.1865   2.26   -3.50   -5.67    0.92 -0.1183  0.3031  -80.0
2023  83 16 40   -5.68   -5.44   -1.16  -401.2   -14.2    -6.6   7.95    63096  2.56   332   -73  0  0  0.1873   2.48   -4.29   -6.17    0.21 -0.1302  0.3860  -78.9
2023  83 16 50   -5.53   -4.85   -2.59  -400.7   -13.8    -0.7   9.24    54559  2.97   367   -71  0  0  0.1877   2.88   -5.02   -6.17   -0.49 -0.1292  0.4431  -78.3
2023  83 17  0   -5.66   -5.43   -1.07  -401.4   -15.5    -7.7   8.69    55811  2.81   483   -69  0  0  0.1878   2.72   -5.50   -5.50   -1.28 -0.0892  0.4832  -77.1
2023  83 17 10   -5.69   -7.45    1.24  -403.1    -7.0   -14.2   5.63    41877  1.83   345   -70  0  0  0.1876   1.77   -5.61   -5.52   -1.04 -0.1003  0.4630  -75.9
2023  83 17 20   -5.81   -7.43    0.95  -399.4    -7.7   -17.5   5.15    38887  1.65   357   -73  0  0  0.1871   1.59   -5.75   -5.93   -0.46 -0.1057  0.4314  -74.4
2023  83 17 30   -5.85   -7.51    0.47  -402.7     7.7    -6.4   4.99    42416  1.62   361   -70  0  0  0.1862   1.57   -5.79   -6.81    0.51 -0.1320  0.3841  -73.1
2023  83 17 40   -4.57   -8.34    0.08  -411.9     1.5   -19.3   7.36    70706  2.50   379   -66  0  0  0.1851   2.42   -5.44   -7.37    1.20 -0.1144  0.3596  -71.6
2023  83 17 50   -5.36   -6.50   -3.31  -401.0    -5.9     4.8   6.30    40835  2.03   470   -65  0  0  0.1837   1.96   -5.06   -7.59    0.09 -0.0998  0.4658  -70.7
2023  83 18  0   -5.76   -3.46   -5.72  -419.8    -5.5    -3.5   7.20    33668  2.54   709   -59  0  0  0.1819   2.46   -5.18   -6.38   -1.78 -0.0620  0.5350  -70.9
2023  83 18 10   -6.33    0.49   -6.87  -429.6   -12.6   -15.3   7.43    39742  2.75   575   -66  0  0  0.1799   2.66   -5.54   -4.16   -4.34 -0.0300  0.5146  -71.6
2023  83 18 20   -5.98    1.60   -7.41  -436.2   -10.9   -35.3   3.69    56502  1.41   564   -71  0  0  0.1775   1.37   -6.01   -1.39   -5.89 -0.0031  0.3817  -72.1
2023  83 18 30   -7.12   -1.66   -5.54  -448.1   -30.3   -30.3   2.98    66860  1.21   532   -70  0  0  0.1749   1.17   -6.11   -0.09   -6.55 -0.0000  0.3476  -74.0
2023  83 18 40   -4.06   -5.20   -3.26  -442.4    -1.1   -14.6   6.11   106671  2.39   393   -72  0  0  0.1720   2.32   -6.31   -0.63   -6.33 -0.0003  0.4509  -74.5
2023  83 18 50   -2.95   -5.89   -3.26  -439.2    12.8   -23.8  10.54    62846  4.08   499   -61  0  0  0.1688   3.95   -5.50   -2.56   -5.08 -0.0068  0.5902  -74.3
2023  83 19  0   -2.54   -6.02   -3.33  -440.8     6.7   -16.3   9.96    66324  3.88   737   -59  0  0  0.1654   3.75   -4.20   -4.58   -3.98 -0.0191  0.6773  -72.0
2023  83 19 10   -4.03   -4.07   -5.59  -444.5     0.5   -29.5   6.62    88654  2.63   576   -58  0  0  0.1616   2.54   -2.95   -5.83   -2.92 -0.0683  0.6936  -71.7
2023  83 19 20   -3.08   -6.22   -2.86  -447.0    18.3   -25.5   7.00    79063  2.81   507   -63  0  0  0.1577   2.72   -2.80   -6.10   -3.00 -0.0709  0.7170  -72.5
2023  83 19 30   -2.87   -6.28   -1.47  -443.2    24.3   -20.1   9.31    83228  3.68   584   -60  0  0  0.1534   3.56   -2.90   -6.10   -2.71 -0.0803  0.6991  -74.4
2023  83 19 40    6.15    1.43    4.27  -452.1    16.7   -30.9   6.06   116848  2.49   599   -68  0  0  0.1490   2.41   -2.43   -5.47   -2.29 -0.0586  0.6472  -76.1
2023  83 19 50    5.97   -3.55    2.32  -448.5    20.7   -31.0   6.07   100218  2.46   477   -73  0  0  0.1443   2.38    0.68   -3.61    0.13 -0.0515  0.3993  -78.4
2023  83 20  0    5.71   -4.18    2.31  -448.2    28.5   -25.8   6.18   105001  2.50   545   -76  0  0  0.1394   2.42    3.66   -2.72    1.80 -0.0326  0.1997  -78.7
2023  83 20 10    6.51   -2.06    2.72  -448.3    45.1   -18.6   6.97   127081  2.83   776   -69  0 -1  0.1342   2.75    6.12   -1.97    2.94 -0.0060  0.0534  -77.4
2023  83 20 20    6.58   -2.30    2.46  -449.5    36.0   -36.3   6.95   123932  2.84   523   -66 -1  0  0.1289   2.76    6.16   -2.80    2.65 -0.0061  0.0645  -74.2
2023  83 20 30    4.69   -5.53    1.84  -446.0    25.1   -29.6   6.47   135184  2.59   496   -63  0  0  0.1234   2.51    5.93   -3.20    2.51 -0.0153  0.0940  -71.6
2023  83 20 40    3.45   -7.11    0.05  -448.4    23.8   -28.1   6.41   128624  2.60   494   -61  0  0  0.1177   2.51    5.10   -4.60    2.08 -0.0572  0.1955  -69.5
2023  83 20 50    6.32   -3.00   -4.59  -440.0    14.8   -40.2   5.46   115431  2.13   535   -61  0  0  0.1118   2.07    4.46   -5.77    0.96 -0.0976  0.3500  -68.2
2023  83 21  0    5.15   -4.51   -0.75  -447.7    13.7   -40.1   6.71   152233  2.71   657   -58  0  0  0.1057   2.63    4.36   -5.27   -1.15 -0.0875  0.4895  -67.5
2023  83 21 10    5.81   -3.68    1.08  -448.1    12.4   -29.6   6.42   139799  2.59   656   -59  0 -1  0.0996   2.51    5.06   -4.28   -1.80 -0.0722  0.5001  -67.8
2023  83 21 20    4.06   -5.50    0.61  -454.4     9.2   -30.2   6.53   140265  2.71   648   -59  0  0  0.0933   2.62    5.44   -3.55   -1.10 -0.0476  0.3942  -68.9
2023  83 21 30    4.27   -5.14    1.59  -457.0    14.3   -27.0   6.78   145942  2.85   650   -62  0  0  0.0868   2.76    5.11   -4.38    0.59 -0.0927  0.3127  -70.3
2023  83 21 40    3.30   -4.79    3.32  -464.6    19.1   -19.2   6.49   149501  2.81   532   -63  0  0  0.0803   2.72    4.59   -4.79    1.40 -0.0823  0.2591  -71.4
2023  83 21 50    0.58   -5.88   -1.86  -465.8    13.4   -43.2   5.98    92956  2.62   455   -64  0 -1  0.0736   2.54    3.90   -5.10    1.83 -0.0781  0.2510  -71.5
2023  83 22  0    3.57   -7.37    0.77  -452.3    -2.4   -38.8   4.53    52010  1.87   374   -67  0  0  0.0669   1.81    3.32   -5.57    1.49 -0.0940  0.3141  -71.0
2023  83 22 10    1.38   -7.76   -1.05  -453.1     5.5   -31.9   5.27    52771  2.18   399   -63  0  0  0.0601   2.11    3.11   -6.37    1.13 -0.1324  0.3876  -69.8
2023  83 22 20    1.52   -8.50   -1.29  -451.8    -2.3   -24.9   4.55    76417  1.86   416   -63  0  0  0.0532   1.80    2.55   -7.39   -0.11 -0.1833  0.5425  -69.2
2023  83 22 30    4.41   -7.91   -0.38  -436.7   -12.6   -11.3   3.55    82869  1.36   442   -66  0  0  0.0463   1.31    2.54   -7.80   -0.43 -0.1771  0.5812  -69.2
2023  83 22 40    4.30   -8.50   -0.24  -432.4   -12.4     0.2   2.84    53409  1.06   431   -71  0  0  0.0394   1.03    2.69   -8.19   -0.99 -0.1721  0.6385  -69.2
2023  83 22 50    2.37   -8.98   -1.36  -442.8   -15.7    -3.7   2.90    37144  1.14   372   -68  0 -1  0.0324   1.10    3.39   -8.37   -1.04 -0.1510  0.6395  -68.7
2023  83 23  0    3.16   -8.68   -1.87  -432.2   -15.3    -0.1   3.46    51832  1.29   428   -67  0  0  0.0255   1.25    3.67   -8.54   -1.27 -0.1312  0.6564  -66.9
2023  83 23 10    4.47   -8.63   -1.18  -439.1     4.0   -16.1   2.24    38943  0.87   331   -65  0  0  0.0185   0.84    3.59   -8.54   -1.81 -0.1056  0.7027  -64.6
2023  83 23 20    4.68   -8.78   -0.56  -430.4     0.3    21.2   2.00    55471  0.74   647   -62  0  0  0.0115   0.72    4.00   -8.51   -1.48 -0.1078  0.6729  -62.0
2023  83 23 30    4.58   -8.66   -0.09  -439.8   -10.9    14.7   2.11    66967  0.82   756   -61  0  0  0.0046   0.79    4.53   -8.53   -0.95 -0.1197  0.6282  -61.0
2023  83 23 40    5.04   -8.71    0.13  -458.3     4.4    -8.5   2.14    78060  0.90   747   -63  0  0 -0.0022   0.87    4.82   -8.59   -0.08 -0.1514  0.5612  -62.1
