2023 114  1 20   13.52   -2.59  -35.74  -627.0   -23.3  -103.9  13.31   579738 10.77   300  -137  0  0  0.1217  10.43    6.04   -2.47    9.74  0.0603  0.9738 -153.2
2023 114  1 21    9.29  -15.62  -29.44  -627.0   -23.3  -103.9  13.31   579738 10.77   276  -134  0  0  0.1211  10.43    5.98   -2.06    7.93  0.0610  1.0022 -153.1
2023 114  1 22    8.15  -14.63  -23.57  -627.0   -26.3   -84.6  13.62   639354 10.92   285  -131  0  0  0.1206  10.58    5.77   -2.05    6.34  0.0618  1.1005 -152.9
2023 114  1 23   10.14  -11.11  -19.79  -627.0   -26.3   -84.6  13.62   639354 10.92   294  -131  0  0  0.1200  10.58    5.53   -1.97    4.99  0.0634  1.1888 -152.5
2023 114  1 24    8.32   -9.16  -15.11  -638.0   -19.6  -103.2  16.73   340483 13.99   306  -134  0  0  0.1195  13.55    5.36   -1.75    3.78  0.0655  1.2611 -152.2
2023 114  1 25   11.13   -8.79  -13.00  -638.1   -19.6  -103.3  16.75   338862 14.01   285  -137  0  0  0.1190  13.57    5.13   -1.44    2.74  0.0680  1.3235 -151.9
2023 114  1 26    4.82   -8.27   -7.57  -612.4   -43.8  -120.5  19.04  1073406 14.91   325  -136  0  0  0.1185  14.44    5.05   -1.08    1.83  0.0732  1.3785 -151.5
2023 114  1 27    4.25   -3.98   -2.02  -612.4   -43.8  -120.5  19.04  1073406 14.91   381  -134  0  0  0.1179  14.44    4.78   -0.71    1.14  0.0783  1.4191 -151.2
2023 114  1 28    2.96   -7.66   -6.83  -612.4   -43.8  -120.5  19.04  1073406 14.91   511  -132 -1  0  0.1174  14.44    4.49   -0.16    0.69  0.0869  1.4265 -151.0
2023 114  1 29    1.67  -11.35  -11.65  -614.2   -42.6  -118.8  18.58  1026468 14.59   648  -132 -1 -1  0.1169  14.15    4.19    0.27    0.04  0.0952  1.4607 -150.8
2023 114  1 30    0.38  -15.03  -16.46  -616.0   -41.3  -117.0  18.12   979531 14.28   642  -131  0 -1  0.1164  13.86    3.85    0.48   -0.92  0.0958  1.5250 -150.7
2023 114  1 31    0.42  -14.84  -16.55  -617.7   -40.1  -115.3  17.67   932593 13.96   669  -130 -1 -1  0.1158  13.57    3.48    0.55   -2.05  0.0961  1.6066 -150.6
2023 114  1 32    0.46  -14.66  -16.65  -619.5   -38.9  -113.5  17.21   885656 13.64   708  -130 -1 -1  0.1153  13.27    3.12    0.80   -3.02  0.1055  1.6749 -150.4
2023 114  1 33    0.50  -14.47  -16.74  -621.3   -37.6  -111.8  16.75   838718 13.32   879  -130 -1 -1  0.1148  12.98    2.86    1.12   -3.90  0.1282  1.7334 -149.8
2023 114  1 34    0.54  -14.29  -16.84  -623.0   -36.4  -110.0  16.29   791780 13.00   985  -128 -1 -1  0.1143  12.67    2.72    1.50   -4.75  0.1586  1.7870 -149.4
2023 114  1 35    0.58  -14.10  -16.93  -624.8   -35.2  -108.3  15.83   744843 12.69  1008  -128  0 -1  0.1138  12.37    2.57    1.88   -5.62  0.1871  1.8409 -149.1
2023 114  1 36    0.86  -14.23  -16.98  -626.6   -34.0  -106.5  15.38   697905 12.37  1014  -125 -1 -1  0.1133  12.07    2.44    2.23   -6.53  0.2071  1.8999 -149.0
2023 114  1 37    1.15  -14.37  -17.04  -628.4   -32.7  -104.8  14.92   650967 12.05   993  -122 -1 -1  0.1127  11.76    2.30    2.06   -7.60  0.2063  1.9885 -149.0
2023 114  1 38    1.44  -14.51  -17.09  -630.1   -31.5  -103.1  14.46   604030 11.73   957  -125 -1 -1  0.1122  11.45    2.31    1.62   -8.71  0.2054  2.0800 -149.2
2023 114  1 39    1.72  -14.64  -17.14  -631.9   -30.3  -101.3  14.00   557092 11.42   947  -126  0 -1  0.1117  11.13    2.72    0.93  -10.08  0.2045  2.1720 -149.5
2023 114  1 40    1.72  -14.64  -17.14  -633.7   -29.0   -99.6  13.54   510154 11.10   912  -128  0 -1  0.1112  10.81    3.07   -0.09  -11.41  0.2032  2.2599 -149.6
2023 114  1 41    2.01  -16.16  -18.02  -635.5   -27.8   -97.8  13.08   463217 10.78   906  -129 -1 -1  0.1107  10.49    3.27   -0.94  -12.41  0.2015  2.3474 -149.9
2023 114  1 42    2.30  -17.69  -18.91  -637.2   -26.6   -96.1  12.63   416279 10.46   848  -132 -1 -1  0.1102  10.18    3.37   -1.98  -13.80  0.2001  2.4422 -150.1
2023 114  1 43    2.59  -19.21  -19.79  -639.0   -25.3   -94.3  12.17   369342 10.15   830  -136 -1 -1  0.1097   9.85    3.60   -3.11  -15.33  0.1984  2.5427 -150.3
2023 114  1 44    2.88  -20.74  -20.67  -640.8   -24.1   -92.6  11.71   322404  9.83   825  -139  0  0  0.1092   9.52    3.69   -4.75  -16.63  0.1807  2.6251 -150.5
2023 114  1 45    2.88  -20.74  -20.67  -640.8   -24.1   -92.6  11.71   322404  9.83   764  -135  0  0  0.1088   9.52    3.82   -6.15  -17.59  0.1497  2.7068 -150.8
2023 114  1 46    1.26  -20.88  -22.10  -640.8   -24.1   -92.6  11.71   322404  9.83   646  -132 -1  0  0.1083   9.52    3.88   -8.06  -18.10  0.0328  2.7199 -151.1
2023 114  1 47   -0.35  -21.02  -23.53  -632.9   -21.1   -81.2  10.09   230949  8.31   608  -133 -1 -1  0.1078   7.97    3.86   -9.92  -18.26 -0.0009  2.7023 -151.6
2023 114  1 48   -1.97  -21.15  -24.96  -625.0   -18.1   -69.7   8.47   139495  6.79   680  -137 -1 -1  0.1073   6.49    3.74  -11.61  -18.48 -0.0251  2.6905 -152.1
2023 114  1 49   -3.59  -21.29  -26.39  -617.1   -15.1   -58.3   6.85    48040  5.27   608  -143  0  0  0.1068   5.10    3.61  -13.28  -18.46 -0.0321  2.6653 -152.6
2023 114  1 50   -4.71  -18.75  -26.63  -616.9   -14.6   -58.1   6.93    48339  5.33   581  -149  0  0  0.1063   5.16    3.07  -14.39  -18.18 -0.0328  2.6868 -153.2
2023 114  1 51   -5.64  -17.19  -28.12  -622.4   -18.1   -92.5   5.26    61828  4.17   566  -152  0  0  0.1059   4.04    2.46  -14.93  -17.87 -0.0331  2.7620 -153.8
2023 114  1 52   -6.23  -16.73  -27.99  -622.6   -22.2   -91.6   7.31    67418  5.80   570  -154  0  0  0.1054   5.61    1.96  -14.98  -17.83 -0.0331  2.7650 -154.5
2023 114  1 53    2.87  -23.74  -23.97  -621.6   -24.3   -90.2   8.13    70056  6.44   572  -154  0  0  0.1049   6.22    1.48  -15.05  -17.98 -0.0331  2.7740 -155.3
2023 114  1 54    2.54  -24.16  -23.56  -610.2   -41.1   -99.0   8.64   106624  6.63   667  -158  0 -1  0.1044   6.42    1.24  -15.48  -18.12 -0.0349  2.8118 -156.0
2023 114  1 55   -8.25  -14.58  -28.41  -598.8   -57.9  -107.8   9.14   143193  6.83   728  -165  0  0  0.1040   6.61    1.05  -15.98  -18.40 -0.0369  2.8562 -156.8
2023 114  1 56   -9.51  -13.32  -29.45  -598.8   -57.9  -107.8   9.14   143193  6.83   703  -164  0  0  0.1035   6.61    0.40  -16.17  -18.91 -0.0367  2.8815 -157.3
2023 114  1 57   -9.26  -13.05  -29.74  -604.4   -27.1  -101.8   8.20    89293  6.17   622  -163  0  0  0.1030   5.98   -0.08  -16.34  -19.64 -0.0353  2.9153 -157.9
2023 114  1 58   -9.99  -12.10  -30.22  -604.6   -25.8  -101.6   8.16    87040  6.14   517  -162  0  0  0.1026   5.95   -0.53  -16.64  -20.57 -0.0321  2.9770 -158.5
2023 114  1 59   -7.74  -13.32  -29.08  -613.1   -20.7   -99.6   8.45   103229  6.54   506  -162  0 -1  0.1021   6.32   -0.96  -16.79  -21.34 -0.0307  3.0099 -159.1
2023 114  2  0   -8.07  -14.51  -28.81  -621.6   -15.7   -97.7   8.73   119418  6.95   518  -163  0 -1  0.1016   6.70   -1.27  -16.85  -21.93 -0.0295  3.0296 -159.5
2023 114  2  1   -4.58  -16.70  -26.30  -630.1   -10.6   -95.8   9.02   135606  7.36   559  -163  0 -1  0.1012   7.10   -1.55  -16.84  -22.34 -0.0282  3.0384 -160.0
2023 114  2  2    1.70  -20.48  -22.72  -638.6    -5.5   -93.8   9.31   151795  7.76   616  -164  0  0  0.1007   7.51   -1.72  -16.90  -22.66 -0.0272  3.0551 -160.6
2023 114  2  3   -2.47  -17.49  -25.86  -638.6    -5.5   -93.8   9.31   151795  7.76   630  -163  0  0  0.1003   7.51   -1.68  -17.09  -22.86 -0.0274  3.0805 -161.2
2023 114  2  4   -8.20  -14.89  -29.58  -633.5    -5.5   -90.4   9.06   139944  7.44   594  -164  0 -1  0.0998   7.19   -1.78  -17.19  -23.17 -0.0268  3.1013 -161.8
2023 114  2  5   -8.01  -15.37  -29.30  -628.4    -5.4   -87.0   8.81   128093  7.12   592  -166  0 -1  0.0994   6.87   -2.07  -17.21  -23.59 -0.0259  3.1144 -162.3
2023 114  2  6   -8.01  -15.37  -29.30  -623.3    -5.4   -83.6   8.56   116242  6.80   616  -167  0 -1  0.0989   6.56   -2.35  -17.25  -24.01 -0.0252  3.1281 -162.5
2023 114  2  7   -9.54  -13.52  -29.64  -618.2    -5.3   -80.2   8.31   104391  6.48   601  -167  0 -1  0.0985   6.26   -2.65  -17.29  -24.42 -0.0244  3.1399 -162.8
2023 114  2  8   -5.33  -16.19  -28.82  -613.1    -5.3   -76.8   8.06    92540  6.16   543  -168  0  0  0.0980   5.96   -3.01  -17.26  -24.84 -0.0236  3.1431 -162.8
2023 114  2  9   -6.06  -15.82  -28.89  -613.1    -5.3   -76.8   8.06    92540  6.16   475  -168  0  0  0.0976   5.96   -3.23  -17.32  -25.23 -0.0228  3.1537 -162.9
2023 114  2 10   -8.09  -14.32  -29.22  -620.1    11.7   -86.7   5.71   108326  4.48   528  -167  0  0  0.0972   4.34   -3.49  -17.36  -25.62 -0.0220  3.1623 -162.8
2023 114  2 11   -6.74  -15.31  -28.77  -618.1    14.1   -86.7   6.40    91155  5.00   564  -168  0  0  0.0967   4.83   -3.82  -17.35  -26.02 -0.0211  3.1673 -162.7
2023 114  2 12   -4.96  -16.85  -28.22  -623.5     7.5   -68.0   7.59    44476  5.97   589  -169  0  0  0.0963   5.78   -4.11  -17.32  -26.38 -0.0200  3.1698 -162.6
2023 114  2 13   -4.79  -17.08  -28.24  -616.6    16.3   -58.9   6.93    42266  5.36   564  -170  0 -1  0.0959   5.15   -4.35  -17.29  -26.69 -0.0186  3.1725 -162.7
2023 114  2 14   -6.79  -15.61  -28.60  -609.8    25.1   -49.7   6.27    40056  4.75   600  -171  0 -1  0.0954   4.55   -4.60  -17.22  -26.97 -0.0169  3.1691 -162.8
2023 114  2 15   -8.10  -15.05  -28.72  -602.9    34.0   -40.5   5.61    37846  4.15   619  -172  0 -1  0.0950   3.98   -4.92  -17.05  -27.24 -0.0147  3.1546 -163.0
2023 114  2 16   -7.76  -15.31  -28.61  -596.0    42.8   -31.4   4.95    35636  3.54   546  -174  0  0  0.0946   3.43   -5.29  -16.86  -27.50 -0.0125  3.1366 -163.1
2023 114  2 17   -8.86  -13.71  -29.37  -595.9    34.0   -24.1   4.64    32350  3.31   529  -174  0  0  0.0942   3.21   -5.59  -16.68  -27.72 -0.0108  3.1157 -163.2
2023 114  2 18  -10.31  -11.68  -29.95  -599.1    26.7    -6.5   3.88    34374  2.79   500  -174  0  0  0.0938   2.70   -5.87  -16.43  -27.92 -0.0095  3.0893 -163.3
2023 114  2 19  -10.53  -11.92  -29.88  -574.8    13.3    -4.8   2.42    28450  1.60   464  -175  0  0  0.0933   1.55   -6.15  -16.12  -28.08 -0.0086  3.0560 -163.5
2023 114  2 20   -9.26  -13.48  -29.74  -571.2    12.9    -6.3   2.61    28193  1.70   452  -175  0  0  0.0929   1.65   -6.38  -15.80  -28.20 -0.0079  3.0195 -163.7
2023 114  2 21   -9.09  -14.30  -29.37  -560.8    12.6   -11.7   2.15    27564  1.35   454  -176  0  0  0.0925   1.31   -6.53  -15.63  -28.30 -0.0076  2.9943 -164.0
2023 114  2 22   -9.08  -14.67  -29.21  -563.6    36.0   -18.8   2.09    29844  1.33   451  -176  0  0  0.0921   1.29   -6.65  -15.53  -28.34 -0.0074  2.9709 -164.3
2023 114  2 23   -9.57  -14.51  -29.04  -563.6    36.0   -18.8   2.09    29844  1.33   452  -177  0  0  0.0917   1.29   -6.74  -15.46  -28.39 -0.0073  2.9510 -164.5
2023 114  2 24  -10.57  -13.57  -29.05  -568.0    30.7   -19.5   2.44    29674  1.59   494  -178  0 -1  0.0913   1.53   -7.16  -15.16  -28.55 -0.0054  2.9168 -164.8
2023 114  2 25  -10.31  -13.26  -29.28  -572.4    25.4   -20.2   2.80    29505  1.84   529  -179  0 -1  0.0909   1.78   -7.59  -14.80  -28.74 -0.0033  2.8824 -165.2
2023 114  2 26  -10.32  -12.77  -29.48  -576.8    20.1   -20.9   3.15    29335  2.10   582  -181  0  0  0.0905   2.04   -7.66  -14.76  -28.77 -0.0032  2.8704 -165.7
2023 114  2 27   -9.79  -15.11  -28.54  -577.7    20.2   -20.5   3.16    29072  2.11   602  -182  0  0  0.0901   2.05   -7.69  -14.74  -28.77 -0.0032  2.8618 -166.2
2023 114  2 28  -10.99  -15.89  -27.74  -591.1    22.2   -14.5   3.30    25330  2.31   574  -183  0  0  0.0897   2.24   -7.71  -14.81  -28.73 -0.0032  2.8615 -166.5
2023 114  2 29   -8.77  -15.97  -28.38  -592.8    22.5   -13.8   3.32    24858  2.34   571  -184  0  0  0.0893   2.26   -7.74  -14.94  -28.64 -0.0033  2.8698 -166.9
2023 114  2 30   -8.33  -16.08  -28.46  -590.4    27.5   -16.0   3.23    25438  2.26   542  -185  0 -1  0.0889   2.19   -7.78  -15.02  -28.62 -0.0033  2.8729 -167.3
2023 114  2 31   -9.85  -16.84  -27.52  -587.9    32.5   -18.3   3.13    26018  2.18   539  -186  0 -1  0.0886   2.10   -7.78  -15.08  -28.61 -0.0033  2.8699 -167.8
2023 114  2 32   -9.31  -16.37  -27.92  -585.5    37.4   -20.5   3.04    26598  2.10   502  -189  0 -1  0.0882   2.03   -7.96  -15.08  -28.65 -0.0032  2.8603 -168.2
2023 114  2 33   -8.84  -16.49  -27.95  -583.0    42.4   -22.8   2.94    27178  2.02   480  -192  0 -1  0.0878   1.95   -8.33  -14.94  -28.82 -0.0019  2.8405 -168.7
2023 114  2 34   -8.92  -16.42  -27.98  -580.6    47.4   -25.0   2.85    27758  1.94   455  -195  0  0  0.0874   1.88   -8.54  -14.91  -28.89 -0.0017  2.8254 -169.3
2023 114  2 35   -7.72  -16.12  -28.55  -580.6    47.4   -25.0   2.85    27758  1.94   426  -196  0  0  0.0870   1.88   -8.56  -14.96  -28.84 -0.0017  2.8174 -170.1
2023 114  2 36   -8.22  -16.78  -27.92  -580.6    47.4   -25.0   2.85    27758  1.94   460  -196  0  0  0.0867   1.88   -8.55  -14.99  -28.81 -0.0017  2.8083 -170.8
2023 114  2 37   -7.33  -16.19  -28.45  -579.1    43.4   -26.2   2.88    34068  1.95   458  -195  0  0  0.0863   1.89   -8.56  -15.03  -28.77 -0.0017  2.8021 -171.5
2023 114  2 38   -7.09  -16.07  -28.58  -581.9    40.9   -17.6   3.07    31866  2.09   405  -196  0  0  0.0859   2.03   -8.49  -15.12  -28.73 -0.0017  2.8019 -172.2
2023 114  2 39   -7.66  -16.45  -28.14  -584.2    38.9   -10.7   3.23    30086  2.22   448  -197  0  0  0.0856   2.15   -8.54  -15.12  -28.72 -0.0016  2.7939 -172.9
2023 114  2 40   -8.43  -16.18  -28.04  -581.8    39.9   -19.7   3.30    33058  2.25   585  -197  0 -1  0.0852   2.18   -8.60  -15.14  -28.70 -0.0016  2.7884 -173.5
2023 114  2 41   -7.88  -16.25  -28.19  -579.4    40.9   -28.8   3.37    36029  2.28   488  -197  0 -1  0.0848   2.21   -8.61  -15.20  -28.66 -0.0016  2.7850 -174.1
2023 114  2 42   -7.64  -15.90  -28.33  -577.0    41.9   -37.8   3.44    39001  2.31   427  -197  0  0  0.0845   2.24   -8.65  -15.23  -28.64 -0.0016  2.7785 -174.6
2023 114  2 43   -7.51  -16.35  -28.30  -576.5    33.6   -29.4   3.40    31437  2.27   433  -197  0  0  0.0841   2.20   -8.74  -15.20  -28.64 -0.0016  2.7651 -175.1
2023 114  2 44   -7.57  -16.80  -28.09  -575.7    35.9   -24.0   3.27    22802  2.18   449  -198  0  0  0.0838   2.11   -8.83  -15.18  -28.64 -0.0015  2.7537 -175.6
2023 114  2 45   -6.28  -18.05  -27.68  -576.2    41.7   -28.5   3.16    23738  2.11   468  -198  0  0  0.0834   2.05   -8.85  -15.22  -28.63 -0.0015  2.7495 -176.1
2023 114  2 46   -6.37  -17.56  -28.00  -577.3    39.2   -32.0   3.13    26782  2.10   482  -198  0  0  0.0831   2.04   -8.79  -15.32  -28.59 -0.0015  2.7520 -176.6
2023 114  2 47   -6.66  -17.26  -28.14  -571.6    37.9   -27.9   3.22    25112  2.11   514  -199  0 -1  0.0827   2.05   -8.75  -15.39  -28.57 -0.0016  2.7544 -177.1
2023 114  2 48   -6.86  -17.50  -27.93  -565.9    36.7   -23.8   3.30    23442  2.13   566  -200  0 -1  0.0824   2.06   -8.67  -15.51  -28.53 -0.0017  2.7600 -177.6
2023 114  2 49   -6.87  -17.69  -27.82  -560.2    35.4   -19.7   3.39    21772  2.14   571  -200  0  0  0.0820   2.07   -8.56  -15.70  -28.46 -0.0018  2.7722 -178.1
2023 114  2 50   -6.35  -18.00  -27.78  -560.2    35.4   -19.7   3.39    21772  2.14   563  -200  0  0  0.0817   2.07   -8.44  -15.90  -28.39 -0.0019  2.7870 -178.5
2023 114  2 51   -5.86  -17.70  -28.13  -560.4    37.5   -23.8   3.00    20160  1.90   563  -199  0 -1  0.0814   1.84   -8.34  -16.05  -28.33 -0.0020  2.7977 -178.9
2023 114  2 52   -5.85  -18.40  -27.71  -560.5    39.5   -27.9   2.61    18549  1.65   568  -200  0  0  0.0810   1.60   -8.23  -16.16  -28.29 -0.0020  2.8073 -179.3
2023 114  2 53   -5.65  -18.73  -27.49  -560.5    39.5   -27.9   2.61    18549  1.65   531  -200  0  0  0.0807   1.60   -8.12  -16.28  -28.24 -0.0021  2.8166 -179.7
2023 114  2 54   -5.74  -18.88  -27.35  -560.5    39.5   -27.9   2.61    18549  1.65   491  -200  0  0  0.0804   1.60   -7.99  -16.43  -28.19 -0.0023  2.8271 -180.1
2023 114  2 55   -5.41  -18.90  -27.37  -558.2    37.8   -23.6   2.70    18785  1.69   556  -201  0 -1  0.0801   1.64   -7.83  -16.60  -28.13 -0.0024  2.8402 -180.4
2023 114  2 56   -5.58  -18.90  -27.34  -555.9    36.1   -19.2   2.79    19021  1.73   559  -202  0 -1  0.0797   1.68   -7.67  -16.79  -28.07 -0.0025  2.8530 -180.8
2023 114  2 57   -5.62  -19.01  -27.25  -553.5    34.5   -14.9   2.87    19257  1.77   560  -203 -1 -1  0.0794   1.71   -7.51  -16.99  -27.99 -0.0027  2.8661 -181.1
2023 114  2 58   -5.65  -19.12  -27.16  -551.2    32.8   -10.6   2.96    19493  1.81   576  -205  0  0  0.0791   1.75   -7.37  -17.12  -27.95 -0.0028  2.8709 -181.4
2023 114  2 59   -5.66  -19.19  -27.10  -551.2    32.8   -10.6   2.96    19493  1.81   562  -205 -1  0  0.0788   1.75   -7.19  -17.23  -27.93 -0.0029  2.8704 -181.7
2023 114  3  0   -5.67  -19.25  -27.04  -552.4    33.8   -13.5   2.98    19604  1.83   538  -207  0 -1  0.0785   1.77   -7.09  -17.34  -27.89 -0.0030  2.8691 -182.1
2023 114  3  1   -5.46  -19.30  -27.02  -553.5    34.8   -16.4   3.00    19716  1.85   537  -208  0 -1  0.0782   1.79   -7.00  -17.44  -27.84 -0.0031  2.8683 -182.4
2023 114  3  2   -5.56  -19.26  -27.01  -554.7    35.8   -19.3   3.01    19827  1.86   482  -209  0 -1  0.0779   1.80   -6.86  -17.53  -27.82 -0.0032  2.8666 -182.7
2023 114  3  3   -5.79  -19.48  -26.83  -555.8    36.8   -22.2   3.03    19939  1.88   433  -210  0 -1  0.0776   1.82   -6.73  -17.62  -27.79 -0.0033  2.8668 -183.0
2023 114  3  4   -5.09  -19.54  -26.86  -557.0    37.8   -25.1   3.05    20050  1.90   435  -211  0  0  0.0773   1.85   -6.63  -17.72  -27.76 -0.0034  2.8676 -183.3
2023 114  3  5   -5.64  -19.43  -26.82  -554.5    31.2   -21.5   2.87    20408  1.77   491  -212  0  0  0.0770   1.72   -6.50  -17.83  -27.72 -0.0036  2.8696 -183.5
2023 114  3  6   -6.10  -19.36  -26.77  -553.2    28.0   -19.8   2.78    20579  1.71   556  -213  0  0  0.0767   1.65   -6.43  -17.94  -27.66 -0.0037  2.8712 -183.7
2023 114  3  7   -5.69  -19.25  -26.91  -548.7    33.6    -5.4   2.47    22582  1.49   578  -213  0  0  0.0764   1.45   -6.36  -18.02  -27.62 -0.0038  2.8705 -184.0
2023 114  3  8   -4.85  -19.68  -26.71  -548.7    33.6    -5.4   2.47    22582  1.49   612  -214  0  0  0.0761   1.45   -6.31  -18.13  -27.57 -0.0039  2.8706 -184.3
2023 114  3  9   -3.09  -20.56  -26.17  -547.9    35.3   -13.4   2.45    20849  1.48   657  -214  0  0  0.0758   1.43   -6.23  -18.25  -27.51 -0.0040  2.8713 -184.6
2023 114  3 10   -7.28  -18.98  -26.42  -548.8    32.7   -16.8   2.49    19915  1.51   636  -214  0  0  0.0755   1.46   -6.08  -18.38  -27.44 -0.0042  2.8719 -185.0
2023 114  3 11   -6.83  -18.95  -26.46  -553.2    25.3   -16.9   2.29    20788  1.41   586  -214  0  0  0.0752   1.36   -6.04  -18.48  -27.39 -0.0043  2.8709 -185.3
2023 114  3 12   -6.54  -19.64  -26.11  -555.1    30.9   -20.8   2.29    20467  1.42   661  -213  0  0  0.0750   1.37   -6.01  -18.57  -27.33 -0.0044  2.8708 -185.6
2023 114  3 13   -7.57  -19.12  -26.23  -562.2    37.9   -31.2   2.34    19715  1.49   799  -214  0  0  0.0747   1.44   -5.97  -18.69  -27.26 -0.0046  2.8739 -185.8
2023 114  3 14   -7.51  -19.84  -25.70  -561.6    44.8   -32.9   2.57    21002  1.64   885  -214  0  0  0.0744   1.59   -5.97  -18.78  -27.19 -0.0047  2.8768 -185.9
2023 114  3 15   -8.27  -18.71  -26.29  -565.3    28.9   -44.4   2.29    23074  1.48  1028  -215  0  0  0.0741   1.43   -5.97  -18.88  -27.11 -0.0049  2.8799 -186.2
2023 114  3 16   -7.65  -18.57  -26.54  -575.4    44.1   -39.5   2.21    24476  1.48  1191  -214  0  0  0.0739   1.43   -6.04  -18.91  -27.06 -0.0049  2.8781 -186.4
2023 114  3 17   -7.53  -17.87  -27.01  -576.6    43.8   -36.8   2.24    24835  1.50  1199  -213  0  0  0.0736   1.46   -6.08  -18.94  -27.02 -0.0049  2.8796 -186.6
2023 114  3 18   -7.61  -18.32  -26.70  -570.5    41.5   -31.1   2.29    23227  1.50  1020  -213  0  0  0.0733   1.46   -6.11  -18.96  -26.98 -0.0050  2.8819 -186.6
2023 114  3 19   -6.68  -18.68  -26.66  -562.5    41.0   -27.2   2.26    20297  1.44   776  -213  0  0  0.0731   1.40   -6.13  -18.99  -26.94 -0.0050  2.8844 -186.7
2023 114  3 20   -8.85  -18.09  -26.47  -579.3    41.9   -40.4   1.97    23668  1.34   608  -213  0  0  0.0728   1.29   -6.13  -19.02  -26.90 -0.0050  2.8868 -186.8
2023 114  3 21   -6.79  -18.48  -26.78  -569.3    41.9   -38.6   2.26    24091  1.46   557  -212  0 -1  0.0726   1.43   -6.21  -19.02  -26.85 -0.0050  2.8908 -186.9
2023 114  3 22   -8.93  -18.03  -26.51  -559.4    41.9   -36.9   2.54    24514  1.58   593  -211  0 -1  0.0723   1.55   -6.24  -19.05  -26.81 -0.0051  2.8942 -186.8
2023 114  3 23   -7.20  -18.13  -26.89  -549.5    41.9   -35.1   2.83    24938  1.71   596  -212  0 -1  0.0721   1.67   -6.34  -19.04  -26.77 -0.0051  2.8924 -186.7
2023 114  3 24   -9.22  -18.54  -25.99  -539.5    41.9   -33.4   3.12    25361  1.83   630  -214  0  0  0.0718   1.78   -6.39  -19.02  -26.75 -0.0051  2.8882 -186.7
2023 114  3 25   -9.56  -18.09  -26.17  -557.0    27.9   -27.0   2.46    27373  1.54   696  -214  0  0  0.0716   1.49   -6.51  -19.01  -26.70 -0.0051  2.8818 -186.8
2023 114  3 26   -8.52  -17.35  -27.17  -570.7    17.0   -22.1   1.94    28942  1.27   784  -214  0  0  0.0713   1.23   -6.65  -18.98  -26.66 -0.0051  2.8786 -186.9
2023 114  3 27   -8.29  -17.29  -27.25  -566.0    23.1   -27.5   2.18    26890  1.40   872  -213  0 -1  0.0711   1.36   -6.75  -18.93  -26.66 -0.0050  2.8778 -187.0
2023 114  3 28   -8.37  -18.17  -26.70  -561.2    29.3   -32.8   2.42    24837  1.53   869  -213  0 -1  0.0709   1.49   -6.84  -18.87  -26.66 -0.0049  2.8762 -187.2
2023 114  3 29   -8.37  -17.97  -26.82  -556.5    35.5   -38.1   2.67    22784  1.66   843  -215  0 -1  0.0706   1.62   -6.93  -18.84  -26.64 -0.0049  2.8760 -187.4
2023 114  3 30   -8.01  -18.26  -26.70  -551.7    41.6   -43.5   2.91    20732  1.79   821  -215  0  0  0.0704   1.74   -7.02  -18.80  -26.63 -0.0049  2.8744 -187.5
2023 114  3 31   -8.45  -18.32  -26.61  -552.4    40.8   -38.8   2.76    20752  1.70   828  -215  0  0  0.0702   1.65   -7.09  -18.76  -26.62 -0.0048  2.8722 -187.7
2023 114  3 32   -7.91  -18.12  -26.81  -554.1    38.8   -28.1   2.44    20796  1.51   813  -214  0  0  0.0700   1.46   -7.19  -18.73  -26.61 -0.0048  2.8696 -188.0
2023 114  3 33   -8.23  -18.35  -26.63  -566.3    32.8   -42.6   2.86    28752  1.87   818  -213  0 -1  0.0697   1.79   -7.27  -18.69  -26.60 -0.0047  2.8668 -188.3
2023 114  3 34   -5.45  -19.19  -26.42  -578.5    26.7   -57.1   3.28    36709  2.22   817  -213  0  0  0.0695   2.15   -7.35  -18.66  -26.60 -0.0047  2.8665 -188.7
2023 114  3 35   -6.42  -18.19  -27.01  -575.8    20.5   -64.0   3.32    39698  2.23   799  -212  0  0  0.0693   2.16   -7.37  -18.64  -26.58 -0.0047  2.8707 -189.0
2023 114  3 36   -7.24  -17.64  -27.21  -561.6    25.2   -32.7   2.08    23139  1.32   771  -212  0  0  0.0691   1.28   -7.39  -18.60  -26.59 -0.0047  2.8733 -189.3
2023 114  3 37   -6.65  -17.82  -27.15  -567.9    37.8   -33.9   2.17    20906  1.41   733  -212  0  0  0.0689   1.37   -7.43  -18.55  -26.60 -0.0046  2.8715 -189.5
2023 114  3 38   -5.87  -19.25  -26.19  -559.1    30.7   -42.3   2.49    21771  1.57   705  -212  0  0  0.0687   1.52   -7.46  -18.50  -26.61 -0.0045  2.8728 -189.5
2023 114  3 39   -5.55  -19.75  -25.69  -565.3    20.8   -61.9   3.52    40657  2.28   664  -212  0  0  0.0685   2.21   -7.50  -18.48  -26.59 -0.0045  2.8741 -189.1
2023 114  3 40    1.38  -26.12  -18.55  -567.5     9.5   -60.0   4.18    46608  2.73   653  -212  0  0  0.0683   2.64   -7.58  -18.46  -26.58 -0.0046  2.8766 -188.4
2023 114  3 41   -1.90  -21.76  -20.79  -569.2    -0.4   -49.8   4.12    42134  2.69   653  -212  0  0  0.0681   2.61   -7.29  -18.70  -26.31 -0.0080  2.8843 -187.6
2023 114  3 42   -2.36  -21.21  -23.36  -568.7     0.7   -50.8   4.20    39895  2.74   687  -213  0 -1  0.0679   2.65   -7.13  -18.79  -26.13 -0.0090  2.8881 -186.9
2023 114  3 43   -3.41  -24.90  -20.81  -568.3     1.7   -51.8   4.27    37655  2.78   701  -212  0 -1  0.0677   2.69   -6.99  -18.84  -26.03 -0.0095  2.8922 -186.6
2023 114  3 44   -2.01  -22.78  -23.15  -567.8     2.8   -52.7   4.35    35416  2.83   759  -212  0 -1  0.0675   2.74   -6.85  -19.03  -25.85 -0.0115  2.8984 -186.6
2023 114  3 45   -1.95  -23.36  -24.02  -567.4     3.9   -53.7   4.43    33176  2.88   728  -215  0 -1  0.0673   2.79   -6.66  -19.13  -25.77 -0.0123  2.9031 -186.9
2023 114  3 46    1.92  -28.04  -14.71  -566.9     4.9   -54.7   4.50    30937  2.92   691  -217  0 -1  0.0671   2.83   -6.45  -19.29  -25.69 -0.0131  2.9111 -187.3
2023 114  3 47    2.47  -29.46  -12.43  -566.5     6.0   -55.7   4.58    28697  2.97   693  -217  0 -1  0.0670   2.87   -6.13  -19.60  -25.30 -0.0212  2.9076 -187.9
2023 114  3 48   -1.10  -26.98  -19.29  -566.0     7.1   -56.6   4.66    26458  3.02   746  -218  0 -1  0.0668   2.92   -5.80  -19.99  -24.81 -0.0340  2.9018 -188.5
2023 114  3 49   -1.39  -26.15  -20.71  -565.6     8.1   -57.6   4.73    24218  3.06   759  -216  0 -1  0.0666   2.96   -5.58  -20.28  -24.56 -0.0377  2.9077 -189.1
2023 114  3 50   -1.62  -24.73  -22.59  -565.1     9.2   -58.6   4.81    21979  3.11   791  -215  0  0  0.0664   3.01   -5.41  -20.53  -24.37 -0.0404  2.9157 -189.7
2023 114  3 51   -1.28  -24.76  -22.64  -565.1     9.2   -58.6   4.81    21979  3.11   831  -211  0  0  0.0663   3.01   -5.17  -20.75  -24.24 -0.0419  2.9219 -190.3
2023 114  3 52   -1.31  -24.61  -22.80  -564.1    10.6   -56.2   4.36    19738  2.81   826  -206  0 -1  0.0661   2.71   -4.98  -20.96  -24.10 -0.0434  2.9292 -191.0
2023 114  3 53   -1.55  -24.43  -23.00  -563.2    12.1   -53.8   3.91    17498  2.51  1099  -192  0 -1  0.0659   2.43   -4.73  -21.18  -23.98 -0.0448  2.9399 -191.5
2023 114  3 54   -2.01  -24.44  -23.00  -562.2    13.5   -51.4   3.46    15257  2.21  1213  -184  0  0  0.0658   2.14   -4.54  -21.39  -23.85 -0.0460  2.9519 -192.0
2023 114  3 55   -2.31  -23.83  -23.58  -562.2    13.5   -51.4   3.46    15257  2.21  1492  -182  0  0  0.0656   2.14   -4.30  -21.58  -23.75 -0.0471  2.9656 -192.3
2023 114  3 56   -2.16  -24.58  -22.65  -563.0    15.9   -53.9   3.56    16540  2.28  1600  -181  0  0  0.0655   2.21   -4.06  -21.77  -23.66 -0.0480  2.9763 -192.4
2023 114  3 57   -2.01  -25.12  -21.99  -567.6    30.2   -69.4   4.17    24345  2.73  1092  -193  0  0  0.0653   2.65   -3.85  -22.02  -23.51 -0.0493  2.9856 -192.5
2023 114  3 58   -2.22  -24.45  -22.69  -567.6    30.2   -69.4   4.17    24345  2.73  1043  -208  0  0  0.0652   2.65   -3.64  -22.28  -23.33 -0.0511  2.9976 -192.4
2023 114  3 59   -2.14  -24.57  -22.50  -560.9    14.2   -73.5   4.03    23527  2.58   901  -220  0  0  0.0650   2.50   -3.43  -22.49  -23.20 -0.0524  3.0086 -192.4
2023 114  4  0   -2.83  -24.49  -22.36  -560.9    14.2   -73.5   4.03    23527  2.58  1089  -228  0  0  0.0649   2.50   -3.22  -22.71  -23.06 -0.0538  3.0191 -192.3
2023 114  4  1   -4.01  -23.89  -22.55  -561.9    15.4   -73.7   4.09    23772  2.63  1061  -229  0 -1  0.0647   2.55   -3.05  -22.91  -22.91 -0.0552  3.0296 -192.1
2023 114  4  2   -3.35  -23.74  -22.92  -562.9    16.6   -73.9   4.15    24017  2.68  1183  -231  0 -1  0.0646   2.59   -2.90  -23.10  -22.78 -0.0564  3.0395 -191.8
2023 114  4  3   -3.35  -23.74  -22.92  -563.9    17.8   -74.1   4.20    24263  2.72  1195  -233  0 -1  0.0645   2.63   -2.75  -23.29  -22.65 -0.0575  3.0500 -191.5
2023 114  4  4   -3.52  -23.86  -22.82  -564.9    19.0   -74.3   4.26    24508  2.77  1168  -232  0 -1  0.0643   2.68   -2.59  -23.47  -22.52 -0.0586  3.0574 -191.1
2023 114  4  5   -3.63  -23.77  -22.84  -566.0    20.1   -74.4   4.32    24753  2.82  1134  -231 -1 -1  0.0642   2.73   -2.52  -23.62  -22.40 -0.0596  3.0603 -190.8
2023 114  4  6   -3.75  -23.69  -22.87  -567.0    21.3   -74.6   4.38    24998  2.87  1105  -228  0 -1  0.0641   2.78   -2.43  -23.81  -22.26 -0.0608  3.0659 -190.4
2023 114  4  7   -3.82  -23.57  -22.93  -568.0    22.5   -74.8   4.43    25244  2.91   992  -225  0 -1  0.0640   2.82   -2.32  -24.01  -22.12 -0.0620  3.0768 -190.3
2023 114  4  8   -4.04  -23.69  -22.75  -569.0    23.7   -75.0   4.49    25489  2.96  1046  -222  0 -1  0.0638   2.87   -2.22  -24.20  -21.98 -0.0631  3.0857 -190.4
2023 114  4  9   -2.30  -24.13  -22.28  -570.0    24.9   -75.2   4.55    25734  3.01  1022  -219  0  0  0.0637   2.92   -2.16  -24.35  -21.86 -0.0643  3.0940 -191.0
2023 114  4 10   -1.07  -24.85  -21.61  -570.5    23.5   -75.9   4.60    24741  3.05   934  -216  0  0  0.0636   2.96   -2.05  -24.50  -21.75 -0.0656  3.1002 -191.9
2023 114  4 11   -1.89  -24.73  -21.71  -568.9    25.9   -75.8   4.67    30043  3.08   855  -213  0 -1  0.0635   2.99   -2.13  -24.45  -21.85 -0.0640  3.1046 -192.9
2023 114  4 12   -1.72  -24.41  -22.21  -567.4    28.2   -75.6   4.74    35345  3.11   803  -208  0 -1  0.0634   3.02   -2.13  -24.55  -21.88 -0.0647  3.1115 -194.0
2023 114  4 13   -1.07  -24.92  -21.73  -565.8    30.6   -75.5   4.81    40647  3.14   766  -209  0  0  0.0633   3.04   -2.11  -24.66  -21.84 -0.0657  3.1163 -194.7
2023 114  4 14   -1.06  -25.73  -20.87  -565.8    30.6   -75.5   4.81    40647  3.14   665  -208  0  0  0.0632   3.04   -2.03  -24.66  -21.88 -0.0656  3.1179 -195.0
2023 114  4 15   -0.03  -25.99  -20.45  -563.1    29.6   -58.7   5.16    34790  3.32   558  -205  0  0  0.0631   3.21   -2.00  -24.76  -21.80 -0.0672  3.1198 -195.2
2023 114  4 16   -0.59  -25.64  -20.84  -563.1    29.6   -58.7   5.16    34790  3.32   511  -205  0  0  0.0630   3.21   -1.94  -24.85  -21.68 -0.0691  3.1183 -195.0
2023 114  4 17   -0.48  -25.75  -20.79  -563.3    34.0   -60.0   5.17    35009  3.33   448  -204  0 -1  0.0629   3.23   -2.02  -24.76  -21.88 -0.0635  3.1260 -194.8
2023 114  4 18   -0.28  -25.77  -20.86  -563.5    38.3   -61.4   5.17    35228  3.34   488  -202  0 -1  0.0628   3.23   -2.12  -24.64  -22.16 -0.0532  3.1376 -194.4
2023 114  4 19   -0.04  -26.07  -20.61  -563.7    42.6   -62.7   5.17    35447  3.35   477  -201  0 -1  0.0627   3.24   -2.09  -24.60  -22.22 -0.0520  3.1383 -193.8
2023 114  4 20    0.37  -26.53  -20.19  -563.9    47.0   -64.0   5.18    35666  3.36   520  -201  0  0  0.0626   3.25   -2.05  -24.60  -22.21 -0.0522  3.1381 -193.3
2023 114  4 21    0.72  -26.58  -20.10  -563.9    47.0   -64.0   5.18    35666  3.36   916  -205  0  0  0.0626   3.25   -1.98  -24.66  -22.13 -0.0538  3.1374 -192.9
2023 114  4 22    1.50  -26.97  -18.88  -568.3    47.8   -67.2   4.74    32698  3.13   939  -208  0  0  0.0625   3.03   -1.92  -24.72  -22.05 -0.0556  3.1366 -192.4
2023 114  4 23    2.07  -26.16  -19.58  -569.8    42.9   -69.2   4.62    29871  3.06   837  -212  0  0  0.0624   2.96   -1.82  -24.80  -21.92 -0.0583  3.1357 -192.0
2023 114  4 24    2.96  -26.49  -19.29  -572.0    22.6   -69.6   4.06    22114  2.70   907  -215  0  0  0.0623   2.62   -1.70  -24.86  -21.80 -0.0603  3.1355 -191.7
2023 114  4 25    2.55  -26.30  -19.53  -568.2    22.4   -54.6   4.51    25333  2.94   838  -217  0  0  0.0623   2.85   -1.53  -24.92  -21.68 -0.0625  3.1358 -191.5
2023 114  4 26    2.13  -26.39  -19.19  -566.8    19.7   -60.5   3.75    22606  2.44  1098  -219  0  0  0.0622   2.36   -1.37  -25.01  -21.54 -0.0648  3.1352 -191.3
2023 114  4 27    1.99  -26.08  -19.52  -570.0    23.3   -62.0   4.31    24605  2.84  1156  -220  0  0  0.0621   2.75   -1.23  -25.07  -21.43 -0.0667  3.1336 -191.3
2023 114  4 28    1.87  -25.99  -19.82  -573.5    26.9   -64.8   5.18    25357  3.46  1361  -218  0  0  0.0621   3.35   -1.10  -25.10  -21.35 -0.0680  3.1315 -191.5
2023 114  4 29    1.58  -25.85  -20.11  -577.4    30.0   -69.0   6.17    19675  4.18  1419  -218  0  0  0.0620   4.05   -0.96  -25.15  -21.25 -0.0699  3.1307 -191.6
2023 114  4 30    1.54  -25.82  -20.18  -578.3    37.1   -67.9   5.37    15740  3.66  1555  -217  0  0  0.0620   3.54   -0.84  -25.19  -21.17 -0.0719  3.1330 -191.7
2023 114  4 31    1.62  -25.77  -20.15  -569.9    37.9   -72.0   5.43    12303  3.60  1578  -216  0  0  0.0619   3.49   -0.69  -25.24  -21.10 -0.0736  3.1360 -191.8
2023 114  4 32    2.03  -25.71  -19.99  -562.5    43.7   -73.7   4.09    16035  2.65  1646  -215  0  0  0.0619   2.56   -0.50  -25.30  -21.02 -0.0755  3.1375 -192.0
2023 114  4 33    1.61  -25.55  -20.18  -562.5    43.7   -73.7   4.09    16035  2.65  1698  -214  0  0  0.0618   2.56   -0.32  -25.37  -20.92 -0.0769  3.1365 -192.3
2023 114  4 34    1.74  -25.44  -20.20  -561.4    40.1   -73.4   4.45    15599  2.87  1458  -212  0  0  0.0618   2.78   -0.16  -25.43  -20.83 -0.0782  3.1354 -192.5
2023 114  4 35    1.33  -25.28  -20.24  -556.4    23.7   -72.1   6.18    13594  3.90  1245  -210  0  0  0.0617   3.77    0.02  -25.48  -20.74 -0.0795  3.1334 -192.7
2023 114  4 36    1.51  -25.26  -20.22  -556.4    23.7   -72.1   6.18    13594  3.90  1225  -207  0  0  0.0617   3.77    0.18  -25.53  -20.66 -0.0811  3.1297 -192.9
2023 114  4 37    1.22  -25.16  -20.44  -560.3    44.0   -86.4   5.47    14591  3.54  1228  -206  0  0  0.0617   3.43    0.36  -25.58  -20.57 -0.0827  3.1257 -193.1
2023 114  4 38    0.82  -24.63  -21.28  -563.4    42.5   -75.5   5.50    15283  3.58  1190  -207  0  0  0.0616   3.46    0.53  -25.63  -20.48 -0.0841  3.1235 -193.2
2023 114  4 39    0.80  -24.57  -21.37  -566.6    40.9   -64.3   5.53    15995  3.61  1088  -208  0  0  0.0616   3.50    0.69  -25.66  -20.44 -0.0849  3.1220 -193.2
2023 114  4 40    1.28  -24.25  -21.71  -565.7    43.1   -67.2   5.29    16410  3.45  1063  -209  0 -1  0.0616   3.34    0.79  -25.68  -20.40 -0.0855  3.1204 -193.1
2023 114  4 41    0.86  -24.37  -21.51  -564.8    45.3   -70.0   5.06    16824  3.30  1109  -212  0 -1  0.0616   3.19    0.87  -25.66  -20.41 -0.0853  3.1185 -193.0
2023 114  4 42    0.70  -25.06  -20.64  -563.9    47.5   -72.9   4.82    17239  3.14  1153  -213  0  0  0.0616   3.04    0.96  -25.65  -20.40 -0.0853  3.1168 -192.8
2023 114  4 43    0.66  -25.27  -20.35  -563.9    47.5   -72.9   4.82    17239  3.14  1174  -213  0  0  0.0615   3.04    1.04  -25.67  -20.35 -0.0860  3.1149 -192.5
2023 114  4 44    0.66  -25.55  -19.90  -563.9    47.5   -72.9   4.82    17239  3.14  1211  -213  0  0  0.0615   3.04    1.10  -25.68  -20.30 -0.0866  3.1130 -192.2
2023 114  4 45    0.86  -25.25  -20.28  -561.4    43.6   -92.1   4.38    14686  2.85  1266  -213  0  0  0.0615   2.76    1.16  -25.68  -20.27 -0.0869  3.1110 -191.7
2023 114  4 46    1.53  -25.39  -20.08  -562.2    43.4   -88.3   4.49    15104  2.92  1275  -214  0  0  0.0615   2.83    1.19  -25.65  -20.26 -0.0865  3.1105 -191.3
2023 114  4 47    1.73  -25.21  -20.37  -564.9    42.8   -74.7   4.89    16594  3.19  1309  -213  0  0  0.0615   3.09    1.26  -25.64  -20.24 -0.0866  3.1099 -190.8
2023 114  4 48    1.51  -25.06  -20.51  -567.3    42.1   -69.0   4.16    15507  2.73  1239  -212  0  0  0.0615   2.65    1.33  -25.62  -20.23 -0.0865  3.1094 -190.5
2023 114  4 49    1.72  -25.25  -20.24  -567.3    42.1   -69.0   4.16    15507  2.73  1258  -213  0  0  0.0615   2.65    1.39  -25.60  -20.21 -0.0861  3.1090 -190.2
2023 114  4 50    1.90  -25.14  -20.30  -564.5    42.1   -80.5   4.17    14535  2.73  1254  -213  0  0  0.0615   2.64    1.45  -25.57  -20.20 -0.0857  3.1083 -189.8
2023 114  4 51    1.95  -25.09  -20.27  -564.5    42.1   -80.5   4.17    14535  2.73  1233  -213  0  0  0.0615   2.64    1.50  -25.53  -20.21 -0.0847  3.1071 -189.3
2023 114  4 52    1.57  -25.45  -19.84  -564.5    42.1   -80.5   4.17    14535  2.73  1342  -213  0  0  0.0615   2.64    1.54  -25.48  -20.21 -0.0837  3.1058 -188.9
2023 114  4 53    1.10  -25.75  -19.54  -562.3    46.2   -89.5   4.45    13594  2.90  1359  -213  0  0  0.0616   2.81    1.54  -25.43  -20.24 -0.0822  3.1048 -188.6
2023 114  4 54    1.27  -25.69  -19.61  -567.3    39.2   -88.9   3.99    13804  2.64  1150  -214  0  0  0.0616   2.56    1.51  -25.41  -20.24 -0.0819  3.1031 -188.3
2023 114  4 55    1.09  -25.79  -19.49  -573.8    30.1   -88.0   3.39    14079  2.29   828  -214  0  0  0.0616   2.22    1.45  -25.39  -20.25 -0.0813  3.1023 -187.9
2023 114  4 56    1.10  -25.86  -19.39  -569.5    36.0   -89.2   3.33    13978  2.23   617  -214  0 -1  0.0616   2.15    1.41  -25.37  -20.25 -0.0808  3.1039 -187.5
2023 114  4 57    0.90  -25.94  -19.31  -565.3    41.8   -90.4   3.28    13877  2.16   468  -213  0 -1  0.0616   2.09    1.37  -25.35  -20.26 -0.0804  3.1053 -187.0
2023 114  4 58    0.67  -25.92  -19.32  -561.0    47.7   -91.6   3.22    13776  2.10   364  -212  0  0  0.0617   2.03    1.34  -25.35  -20.25 -0.0800  3.1047 -186.6
2023 114  4 59    0.68  -25.94  -19.19  -561.0    47.7   -91.6   3.22    13776  2.10   372  -210  0  0  0.0617   2.03    1.30  -25.34  -20.23 -0.0794  3.1020 -186.2
2023 114  5  0    0.48  -25.81  -19.30  -561.0    47.7   -91.6   3.22    13776  2.10   396  -207  0  0  0.0617   2.03    1.27  -25.35  -20.20 -0.0787  3.0977 -185.7
2023 114  5  1    0.43  -25.51  -19.70  -558.1    52.2   -91.9   3.22    15103  2.08   330  -206  0  0  0.0618   2.01    1.23  -25.35  -20.17 -0.0782  3.0931 -185.3
2023 114  5  2   -0.23  -24.63  -20.73  -557.6    35.8   -92.6   4.10    17504  2.63   363  -204  0  0  0.0618   2.55    1.19  -25.34  -20.16 -0.0774  3.0901 -184.7
2023 114  5  3    0.29  -24.38  -21.08  -560.5    35.3   -88.3   3.72    17179  2.41   396  -202  0  0  0.0619   2.33    1.11  -25.30  -20.18 -0.0767  3.0891 -184.2
2023 114  5  4    0.27  -25.11  -20.21  -562.9    38.8   -87.1   3.33    15607  2.17   445  -201  0  0  0.0619   2.10    1.07  -25.26  -20.21 -0.0759  3.0887 -183.8
2023 114  5  5    0.45  -26.10  -18.88  -562.9    43.3   -83.5   3.29    16883  2.14   525  -201  0  0  0.0620   2.08    1.02  -25.25  -20.21 -0.0755  3.0890 -183.6
2023 114  5  6    0.20  -25.96  -19.17  -560.3    47.5   -82.9   3.15    17218  2.04   721  -202  0  0  0.0620   1.97    0.99  -25.28  -20.17 -0.0756  3.0901 -183.4
2023 114  5  7    0.11  -25.97  -19.15  -560.3    47.5   -82.9   3.15    17218  2.04   849  -202  0  0  0.0621   1.97    0.95  -25.30  -20.13 -0.0755  3.0910 -183.4
2023 114  5  8   -0.28  -25.82  -19.34  -560.1    44.3   -88.6   3.17    18592  2.05  1016  -202  0  0  0.0621   1.99    0.91  -25.33  -20.09 -0.0756  3.0899 -183.4
2023 114  5  9   -0.25  -25.94  -19.27  -560.1    44.3   -88.6   3.17    18591  2.05  1109  -201  0  0  0.0622   1.99    0.88  -25.37  -20.03 -0.0761  3.0883 -183.3
2023 114  5 10    0.32  -25.89  -19.22  -560.5    43.2   -89.2   3.66    17753  2.37  1096  -199  0  0  0.0623   2.30    0.84  -25.42  -19.96 -0.0767  3.0862 -183.2
2023 114  5 11    0.73  -23.71  -21.72  -560.6    42.9   -89.0   3.67    17752  2.38  1088  -197  0  0  0.0623   2.30    0.81  -25.47  -19.87 -0.0778  3.0843 -183.0
2023 114  5 12    1.54  -24.25  -20.98  -572.3    -7.1   -61.8   5.33    17567  3.53   976  -196  0  0  0.0624   3.42    0.80  -25.45  -19.88 -0.0772  3.0831 -182.9
2023 114  5 13    2.04  -22.40  -22.76  -571.8    -5.8   -61.7   5.29    17620  3.50   832  -196  0  0  0.0625   3.39    0.83  -25.42  -19.89 -0.0770  3.0836 -182.7
2023 114  5 14    2.18  -22.37  -22.73  -563.9    12.7   -60.1   4.80    18380  3.09   859  -196  0  0  0.0626   2.99    0.88  -25.33  -19.97 -0.0755  3.0835 -182.6
2023 114  5 15    1.75  -23.34  -21.67  -563.4    12.6   -61.4   4.73    18226  3.04   812  -195  0  0  0.0626   2.94    0.93  -25.22  -20.07 -0.0736  3.0817 -182.6
2023 114  5 16    0.84  -24.11  -20.80  -558.0    12.0   -76.6   4.02    16491  2.55   818  -196  0  0  0.0627   2.47    0.96  -25.16  -20.11 -0.0726  3.0799 -182.6
2023 114  5 17    0.27  -24.26  -20.68  -558.0    12.0   -76.6   4.02    16491  2.55   884  -197  0  0  0.0628   2.47    0.94  -25.11  -20.14 -0.0717  3.0773 -182.6
2023 114  5 18   -0.22  -24.43  -20.61  -559.9    13.1   -70.2   3.40    21202  2.17   955  -200  0  0  0.0629   2.10    0.89  -25.08  -20.15 -0.0710  3.0745 -182.6
2023 114  5 19    1.14  -25.40  -19.49  -560.1    13.0   -70.4   3.44    20985  2.19   943  -205  0  0  0.0630   2.12    0.83  -25.06  -20.15 -0.0704  3.0716 -182.7
2023 114  5 20    0.63  -25.25  -19.92  -564.1    12.5   -73.5   4.00    17713  2.59   975  -208  0  0  0.0631   2.51    0.81  -25.07  -20.12 -0.0704  3.0686 -182.9
2023 114  5 21    0.89  -25.84  -19.29  -573.7    17.9   -77.8   4.12    17105  2.76  1059  -211  0  0  0.0632   2.68    0.77  -25.07  -20.11 -0.0706  3.0675 -183.0
2023 114  5 22    0.16  -25.69  -19.55  -574.5    18.4   -78.2   4.13    17055  2.78  1168  -214  0  0  0.0633   2.69    0.73  -25.09  -20.08 -0.0714  3.0688 -183.2
2023 114  5 23    1.17  -26.01  -19.15  -567.2    15.0   -52.0   2.79    23005  1.81  1098  -214  0  0  0.0634   1.75    0.69  -25.10  -20.07 -0.0717  3.0706 -183.4
2023 114  5 24    1.37  -25.84  -19.44  -567.2    15.0   -52.0   2.79    23005  1.81  1001  -215  0  0  0.0635   1.75    0.69  -25.11  -20.06 -0.0713  3.0700 -183.5
2023 114  5 25    1.14  -25.95  -19.29  -554.0    13.2   -58.5   2.34    19150  1.47   972  -214  0 -1  0.0636   1.41    0.69  -25.12  -20.05 -0.0709  3.0685 -183.8
2023 114  5 26    1.12  -25.91  -19.29  -540.9    11.3   -65.1   1.89    15295  1.12   974  -214  0  0  0.0637   1.09    0.69  -25.12  -20.04 -0.0703  3.0626 -184.0
2023 114  5 27    0.92  -25.95  -19.16  -540.9    11.3   -65.1   1.89    15295  1.12   931  -214  0  0  0.0638   1.09    0.69  -25.12  -20.04 -0.0693  3.0548 -184.2
2023 114  5 28    0.85  -25.93  -19.11  -540.9    11.3   -65.1   1.89    15295  1.12   896  -215  0  0  0.0640   1.09    0.69  -25.12  -20.04 -0.0684  3.0476 -184.4
2023 114  5 29    1.65  -26.60  -18.08  -539.1    13.7   -62.4   1.96    14723  1.15   822  -215  0  0  0.0641   1.12    0.70  -25.12  -20.03 -0.0676  3.0412 -184.6
2023 114  5 30    0.56  -25.73  -19.36  -539.1    13.7   -62.4   1.96    14723  1.15   883  -213  0  0  0.0642   1.12    0.73  -25.15  -19.99 -0.0673  3.0337 -184.8
2023 114  5 31    0.16  -25.79  -19.26  -540.6    14.0   -59.9   2.09    14759  1.24   910  -211  0  0  0.0643   1.20    0.73  -25.14  -19.99 -0.0664  3.0272 -185.1
2023 114  5 32    0.33  -25.99  -18.98  -548.5    15.7   -46.9   2.80    14951  1.70   947  -210  0  0  0.0645   1.64    0.73  -25.15  -19.98 -0.0660  3.0211 -185.4
2023 114  5 33    0.05  -26.18  -18.76  -548.5    15.7   -46.9   2.80    14951  1.70   984  -210  0  0  0.0646   1.64    0.74  -25.20  -19.92 -0.0664  3.0165 -185.7
2023 114  5 34    0.05  -26.37  -18.48  -549.1    27.0   -52.8   2.60    15542  1.59  1079  -210  0 -1  0.0647   1.54    0.74  -25.26  -19.84 -0.0673  3.0112 -186.0
2023 114  5 35   -0.46  -26.68  -18.09  -549.8    38.2   -58.8   2.41    16133  1.48  1186  -210  0  0  0.0649   1.43    0.73  -25.30  -19.79 -0.0679  3.0056 -186.2
2023 114  5 36    0.55  -26.33  -18.63  -549.8    38.2   -58.8   2.41    16133  1.48  1231  -211  0  0  0.0650   1.43    0.70  -25.32  -19.76 -0.0678  3.0011 -186.3
2023 114  5 37    0.48  -25.97  -19.05  -554.8    21.0   -69.8   2.82    15046  1.77  1325  -211  0  0  0.0652   1.71    0.71  -25.33  -19.74 -0.0677  2.9973 -186.3
2023 114  5 38    0.67  -25.89  -19.09  -554.8    21.0   -69.8   2.82    15046  1.77  1296  -211  0  0  0.0653   1.71    0.72  -25.33  -19.74 -0.0675  2.9950 -186.2
2023 114  5 39    0.88  -26.04  -18.86  -554.8    21.0   -69.8   2.82    15046  1.77  1157  -211  0  0  0.0655   1.71    0.75  -25.33  -19.73 -0.0673  2.9925 -186.2
2023 114  5 40    0.72  -26.21  -18.63  -551.5    28.4   -66.0   2.66    15520  1.65  1107  -211  0 -1  0.0656   1.59    0.79  -25.34  -19.72 -0.0673  2.9897 -186.1
2023 114  5 41    1.20  -25.84  -19.18  -548.3    35.9   -62.3   2.50    15995  1.53  1053  -212  0  0  0.0658   1.48    0.81  -25.35  -19.70 -0.0670  2.9861 -186.2
2023 114  5 42    1.28  -25.57  -19.52  -548.3    35.9   -62.3   2.50    15995  1.53   865  -212  0  0  0.0659   1.48    0.82  -25.42  -19.61 -0.0679  2.9814 -186.3
2023 114  5 43    1.03  -25.93  -19.02  -548.3    35.9   -62.3   2.50    15995  1.53   921  -212  0  0  0.0661   1.48    0.81  -25.46  -19.56 -0.0678  2.9757 -186.4
2023 114  5 44    1.07  -25.95  -18.88  -548.1    36.2   -62.1   2.49    16350  1.52   910  -213  0 -1  0.0663   1.47    0.78  -25.58  -19.44 -0.0690  2.9704 -186.4
2023 114  5 45    1.38  -25.65  -19.30  -547.8    36.5   -61.9   2.48    16706  1.51   747  -214  0 -1  0.0664   1.47    0.74  -25.70  -19.31 -0.0704  2.9668 -186.4
2023 114  5 46    1.51  -25.70  -19.27  -547.6    36.8   -61.8   2.47    17062  1.50   740  -214  0 -1  0.0666   1.46    0.73  -25.78  -19.23 -0.0710  2.9633 -186.5
2023 114  5 47    1.32  -25.99  -18.94  -547.4    37.1   -61.6   2.46    17417  1.50   713  -215  0 -1  0.0668   1.45    0.75  -25.83  -19.18 -0.0714  2.9605 -186.6
2023 114  5 48    1.15  -26.18  -18.70  -547.1    37.4   -61.4   2.45    17772  1.49   757  -216  0 -1  0.0669   1.44    0.79  -25.89  -19.12 -0.0719  2.9576 -186.7
2023 114  5 49    1.23  -25.83  -19.20  -546.9    37.7   -61.2   2.44    18128  1.48   763  -216  0  0  0.0671   1.44    0.83  -25.95  -19.06 -0.0727  2.9539 -186.8
2023 114  5 50    1.01  -25.70  -19.44  -546.9    37.7   -61.2   2.44    18128  1.48   680  -217  0  0  0.0673   1.44    0.84  -25.96  -19.05 -0.0724  2.9509 -186.8
2023 114  5 51    0.94  -25.68  -19.48  -546.0    34.4   -62.1   2.37    17647  1.43   646  -218  0 -1  0.0675   1.39    0.85  -25.97  -19.03 -0.0720  2.9467 -186.8
2023 114  5 52    1.11  -25.59  -19.52  -545.1    31.0   -63.0   2.30    17166  1.39   621  -217  0 -1  0.0677   1.35    0.85  -25.97  -19.04 -0.0708  2.9399 -186.8
2023 114  5 53    1.44  -25.39  -19.62  -544.2    27.7   -63.9   2.23    16685  1.34   716  -217  0 -1  0.0679   1.30    0.88  -25.97  -19.04 -0.0697  2.9325 -186.7
2023 114  5 54    2.37  -25.54  -19.38  -543.2    24.4   -64.7   2.15    16204  1.29   799  -218  0 -1  0.0681   1.25    0.89  -25.95  -19.05 -0.0689  2.9274 -186.6
2023 114  5 55    1.69  -25.52  -19.40  -542.3    21.1   -65.6   2.08    15723  1.24   723  -217  0 -1  0.0683   1.20    0.92  -25.94  -19.05 -0.0683  2.9216 -186.6
2023 114  5 56    1.86  -26.07  -18.74  -541.4    17.7   -66.5   2.01    15242  1.20   764  -217  0 -1  0.0685   1.16    0.94  -25.92  -19.06 -0.0679  2.9187 -186.5
2023 114  5 57    2.21  -26.46  -18.21  -540.5    14.4   -67.4   1.94    14761  1.15   883  -217  0  0  0.0687   1.12    0.97  -25.93  -19.04 -0.0682  2.9182 -186.5
2023 114  5 58    2.20  -26.39  -18.26  -540.5    14.4   -67.4   1.94    14761  1.15   914  -216  0  0  0.0689   1.12    1.01  -25.94  -19.01 -0.0687  2.9173 -186.4
2023 114  5 59    2.08  -26.48  -18.19  -540.0    14.7   -69.1   2.05    15596  1.22   871  -216  0 -1  0.0691   1.18    1.05  -25.96  -18.98 -0.0691  2.9164 -186.4
2023 114  6  0    1.99  -26.65  -18.04  -539.6    14.9   -70.7   2.17    16431  1.29   804  -215  0  0  0.0693   1.25    1.07  -25.95  -18.98 -0.0691  2.9169 -186.3
2023 114  6  1    1.88  -26.93  -17.64  -539.6    14.9   -70.7   2.17    16431  1.29   910  -215  0  0  0.0695   1.25    1.12  -25.99  -18.94 -0.0700  2.9162 -186.1
2023 114  6  2    2.01  -26.80  -17.87  -539.1    17.1   -71.8   2.94    15435  1.74  1061  -214  0  0  0.0697   1.69    1.17  -26.02  -18.88 -0.0710  2.9150 -186.0
2023 114  6  3    2.37  -26.45  -18.37  -539.0    17.7   -72.1   3.17    15141  1.88  1098  -212  0  0  0.0700   1.82    1.23  -26.05  -18.85 -0.0718  2.9125 -185.9
2023 114  6  4    2.70  -26.56  -18.15  -531.8    37.4   -62.2   2.17    19450  1.25  1036  -212  0  0  0.0702   1.21    1.31  -26.06  -18.83 -0.0721  2.9107 -185.7
2023 114  6  5    2.28  -26.54  -18.15  -531.8    37.4   -62.2   2.17    19450  1.25   846  -211  0  0  0.0704   1.21    1.40  -26.07  -18.82 -0.0719  2.9067 -185.5
2023 114  6  6    2.53  -26.42  -18.26  -531.8    37.4   -62.2   2.17    19450  1.25   676  -211  0  0  0.0706   1.21    1.49  -26.06  -18.82 -0.0715  2.9026 -185.2
2023 114  6  7    2.62  -26.41  -18.26  -529.3    38.7   -55.8   2.36    18846  1.34   649  -211  0 -1  0.0709   1.30    1.55  -26.06  -18.81 -0.0713  2.8980 -185.0
2023 114  6  8    3.93  -27.05  -16.74  -526.8    40.0   -49.4   2.55    18241  1.43   777  -211 -1 -1  0.0711   1.39    1.62  -26.08  -18.79 -0.0712  2.8911 -184.8
2023 114  6  9    5.24  -27.68  -15.22  -524.4    41.4   -42.9   2.74    17637  1.52   659  -210  0 -1  0.0713   1.48    1.73  -26.12  -18.71 -0.0722  2.8817 -184.7
2023 114  6 10    5.63  -27.88  -14.75  -521.9    42.7   -36.5   2.93    17032  1.61   505  -210  0 -1  0.0716   1.56    1.88  -26.17  -18.59 -0.0743  2.8698 -184.6
2023 114  6 11    8.34  -28.56  -12.04  -519.4    44.0   -30.1   3.12    16428  1.70   429  -210  0  0  0.0718   1.65    2.04  -26.23  -18.46 -0.0769  2.8575 -184.7
2023 114  6 12    8.61  -28.50  -12.05  -516.1    40.8   -38.4   2.77    16662  1.49   486  -209  0  0  0.0721   1.45    2.28  -26.32  -18.22 -0.0830  2.8401 -184.6
2023 114  6 13    8.93  -28.73  -11.28  -511.4    34.7   -34.7   2.85    16850  1.51   526  -210  0  0  0.0723   1.46    2.52  -26.42  -17.97 -0.0886  2.8219 -184.6
2023 114  6 14    9.23  -28.98  -10.40  -505.9    24.9   -17.4   3.19    17101  1.64   550  -209  0  0  0.0726   1.59    2.79  -26.51  -17.71 -0.0949  2.8015 -184.5
2023 114  6 15    9.37  -28.94  -10.45  -505.4    22.0   -14.5   2.98    17290  1.53   550  -208  0  0  0.0728   1.48    3.06  -26.61  -17.43 -0.1027  2.7783 -184.5
2023 114  6 16    9.78  -29.02   -9.79  -507.9    34.1   -22.1   3.69    14033  1.92   546  -207  0  0  0.0731   1.86    3.33  -26.72  -17.13 -0.1102  2.7549 -184.4
2023 114  6 17    9.69  -29.00   -9.89  -506.9    30.0   -19.8   3.70    14362  1.91   537  -207  0  0  0.0733   1.85    3.60  -26.83  -16.82 -0.1200  2.7308 -184.3
2023 114  6 18    7.83  -28.74  -11.92  -504.5    19.4   -13.7   3.75    15151  1.91   530  -206  0  0  0.0736   1.85    3.88  -26.93  -16.52 -0.1294  2.7069 -184.0
2023 114  6 19    6.65  -28.37  -13.63  -503.2    12.0   -11.2   4.03    14199  2.04   543  -205  0  0  0.0739   1.98    4.10  -27.02  -16.29 -0.1356  2.6865 -183.8
2023 114  6 20    4.58  -27.78  -15.75  -503.2    12.0   -11.2   4.03    14199  2.04   544  -205  0  0  0.0741   1.98    4.28  -27.10  -16.10 -0.1403  2.6686 -183.7
2023 114  6 21    4.90  -27.99  -15.21  -515.6    18.1   -31.0   4.11    15424  2.20   537  -205  0 -1  0.0744   2.13    4.40  -27.17  -15.98 -0.1430  2.6537 -183.5
2023 114  6 22    5.16  -27.99  -14.64  -528.0    24.3   -50.8   4.18    16648  2.36   604  -205  0  0  0.0747   2.28    4.54  -27.25  -15.84 -0.1467  2.6413 -183.3
2023 114  6 23    4.37  -27.68  -15.51  -531.5    23.0   -61.1   4.86    15593  2.79   582  -204  0  0  0.0750   2.70    4.67  -27.33  -15.68 -0.1514  2.6311 -183.0
2023 114  6 24    6.11  -29.09  -11.58  -536.2    28.4   -64.1   5.47    13273  3.20   664  -204  0  0  0.0752   3.10    4.77  -27.40  -15.54 -0.1559  2.6236 -182.8
2023 114  6 25    7.48  -29.40   -9.56  -542.2    15.7   -57.0   6.87    16418  4.09   725  -204  0  0  0.0755   3.96    4.89  -27.52  -15.28 -0.1675  2.6109 -182.5
2023 114  6 26    7.28  -29.15  -10.61  -546.6    30.9   -60.6   5.69    15767  3.45   607  -204  0  0  0.0758   3.34    5.09  -27.65  -14.95 -0.1862  2.5950 -182.1
2023 114  6 27    6.44  -29.34  -10.56  -548.1    30.8   -58.4   5.00    14724  3.05   591  -205  0  0  0.0761   2.95    5.27  -27.75  -14.68 -0.2005  2.5830 -181.8
2023 114  6 28    8.10  -28.95  -10.39  -547.9    17.1   -50.0   4.42    12868  2.68   705  -205  0  0  0.0764   2.59    5.41  -27.85  -14.43 -0.2139  2.5720 -181.5
2023 114  6 29    7.59  -29.11  -10.45  -544.5    19.0   -51.3   4.34    13710  2.60   763  -205  0 -1  0.0767   2.52    5.60  -27.94  -14.16 -0.2261  2.5598 -181.2
2023 114  6 30    5.91  -29.91   -9.50  -541.1    20.9   -52.5   4.25    14551  2.52   714  -204  0 -1  0.0770   2.44    5.79  -28.02  -13.91 -0.2380  2.5473 -180.7
2023 114  6 31    7.29  -29.58   -9.64  -537.8    22.7   -53.8   4.17    15393  2.45   588  -204  0 -1  0.0773   2.36    5.92  -28.13  -13.62 -0.2521  2.5329 -180.4
2023 114  6 32    6.72  -29.70   -9.64  -534.4    24.6   -55.0   4.08    16234  2.37   603  -202  0 -1  0.0776   2.29    6.10  -28.22  -13.35 -0.2649  2.5182 -180.0
2023 114  6 33    6.45  -29.67   -9.69  -531.0    26.5   -56.3   4.00    17076  2.29   594  -202  0  0  0.0779   2.21    6.26  -28.32  -13.08 -0.2771  2.5028 -179.7
2023 114  6 34    7.13  -29.17  -10.42  -531.0    26.5   -56.3   4.00    17076  2.29   570  -200  0  0  0.0782   2.21    6.39  -28.42  -12.79 -0.2891  2.4865 -179.5
2023 114  6 35    7.44  -29.00  -10.68  -538.2    17.9   -78.6   3.91    14015  2.32   531  -198  0  0  0.0785   2.24    6.54  -28.51  -12.53 -0.2997  2.4733 -179.3
2023 114  6 36    7.77  -28.60  -11.49  -538.2    17.9   -78.6   3.91    14015  2.32   610  -196  0  0  0.0788   2.24    6.71  -28.59  -12.28 -0.3101  2.4625 -179.1
2023 114  6 37    7.83  -28.91  -10.63  -524.9    18.7   -66.5   4.86    14704  2.73   723  -194  0  0  0.0791   2.64    6.89  -28.67  -12.06 -0.3189  2.4531 -178.8
2023 114  6 38    7.30  -28.83  -11.10  -524.9    18.7   -66.5   4.86    14704  2.73   787  -194  0  0  0.0794   2.64    7.06  -28.75  -11.80 -0.3299  2.4397 -178.5
2023 114  6 39    6.96  -28.66  -11.48  -536.5    17.4   -72.5   4.28    13555  2.51   808  -193  0  0  0.0798   2.43    7.17  -28.81  -11.62 -0.3390  2.4300 -178.2
2023 114  6 40    7.64  -29.00  -10.12  -538.7    17.1   -73.5   4.17    13345  2.47   781  -193  0  0  0.0801   2.39    7.23  -28.84  -11.49 -0.3459  2.4261 -177.8
2023 114  6 41    7.51  -28.98  -10.31  -538.4    12.9   -70.5   4.06    13450  2.40   786  -193  0  0  0.0804   2.32    7.30  -28.88  -11.34 -0.3549  2.4213 -177.3
2023 114  6 42    7.81  -28.64  -10.84  -538.4    12.9   -70.5   4.06    13450  2.40   831  -194  0  0  0.0807   2.32    7.27  -28.89  -11.28 -0.3603  2.4221 -176.8
2023 114  6 43    7.29  -28.75  -10.72  -539.5    22.5   -77.0   3.55    14334  2.12   813  -193  0 -1  0.0811   2.05    7.24  -28.90  -11.24 -0.3651  2.4245 -176.3
2023 114  6 44    7.11  -28.65  -11.07  -540.6    32.1   -83.5   3.05    15218  1.83   778  -192  0  0  0.0814   1.77    7.19  -28.90  -11.22 -0.3685  2.4296 -175.9
2023 114  6 45    7.22  -28.54  -11.28  -540.6    32.1   -83.5   3.05    15218  1.83   779  -193  0  0  0.0817   1.77    7.12  -28.89  -11.24 -0.3691  2.4390 -175.5
2023 114  6 46    7.39  -28.34  -11.57  -540.6    32.1   -83.5   3.05    15218  1.83   824  -193  0  0  0.0821   1.77    7.04  -28.87  -11.27 -0.3697  2.4488 -175.2
2023 114  6 47    7.21  -28.59  -10.73  -531.2    36.7   -69.8   4.30    12843  2.48   823  -193  0  0  0.0824   2.40    6.96  -28.85  -11.33 -0.3675  2.4598 -174.8
2023 114  6 48    6.92  -28.69  -10.79  -532.5    35.0   -67.8   4.59    13645  2.66   883  -193  0  0  0.0827   2.57    6.88  -28.84  -11.36 -0.3684  2.4669 -174.4
2023 114  6 49    6.28  -28.88  -10.97  -534.4    32.6   -64.9   5.00    14761  2.91   984  -193  0  0  0.0831   2.82    6.85  -28.84  -11.32 -0.3727  2.4711 -174.0
2023 114  6 50    6.52  -29.11  -10.30  -534.4    32.6   -64.9   5.00    14761  2.91   943  -193  0  0  0.0834   2.82    6.84  -28.85  -11.23 -0.3795  2.4734 -173.6
2023 114  6 51    6.79  -29.11  -10.22  -533.3    33.5   -68.8   4.67    17633  2.71   837  -194  0 -1  0.0838   2.63    6.90  -28.90  -11.05 -0.3898  2.4711 -173.2
2023 114  6 52    7.20  -29.09   -9.92  -532.3    34.4   -72.6   4.34    20505  2.52   755  -192  0  0  0.0841   2.44    6.97  -28.93  -10.88 -0.3988  2.4664 -172.8
2023 114  6 53    6.86  -29.19   -9.77  -532.3    34.4   -72.6   4.34    20505  2.52   741  -192  0  0  0.0845   2.44    7.04  -28.97  -10.73 -0.4069  2.4588 -172.4
2023 114  6 54    7.34  -28.84  -10.46  -529.1    36.9   -69.8   5.54    15624  3.17   855  -190  0  0  0.0849   3.07    7.12  -29.02  -10.53 -0.4157  2.4486 -172.1
2023 114  6 55    6.99  -28.85  -10.97  -529.1    36.9   -69.8   5.54    15624  3.17   829  -189  0  0  0.0852   3.07    7.16  -29.01  -10.50 -0.4172  2.4447 -171.8
2023 114  6 56    7.04  -28.85  -10.99  -522.8    17.7   -66.4   5.55    15161  3.09   805  -188  0  0  0.0856   2.99    7.14  -28.99  -10.54 -0.4107  2.4453 -171.6
2023 114  6 57    6.94  -28.77  -11.24  -522.8    17.7   -66.4   5.55    15161  3.09   783  -187  0  0  0.0860   2.99    7.14  -28.98  -10.56 -0.4078  2.4411 -171.3
2023 114  6 58    7.05  -28.84  -11.09  -522.0    17.7   -70.8   5.56    14542  3.09   755  -188  0 -1  0.0863   2.99    7.15  -28.97  -10.58 -0.4049  2.4371 -171.0
2023 114  6 59    6.74  -28.95  -11.05  -521.1    17.7   -75.3   5.58    13923  3.10   761  -188  0  0  0.0867   3.00    7.12  -28.96  -10.60 -0.4036  2.4339 -170.7
2023 114  7  0    6.55  -28.84  -11.56  -521.1    17.7   -75.3   5.58    13923  3.10   774  -187  0  0  0.0871   3.00    7.09  -28.96  -10.62 -0.4028  2.4309 -170.6
2023 114  7  1    5.89  -28.99  -11.50  -520.7    19.8   -74.8   5.69    14552  3.16   812  -186  0 -1  0.0875   3.05    7.11  -28.92  -10.69 -0.3985  2.4311 -170.3
2023 114  7  2    6.02  -29.17  -11.03  -520.2    21.9   -74.2   5.80    15180  3.21   873  -185  0  0  0.0878   3.11    7.06  -28.90  -10.75 -0.3956  2.4318 -170.1
2023 114  7  3    6.03  -29.04  -11.36  -520.2    21.9   -74.2   5.80    15180  3.21   806  -183  0  0  0.0882   3.11    7.04  -28.88  -10.80 -0.3941  2.4321 -169.8
2023 114  7  4    5.98  -29.01  -11.20  -521.4    21.2   -72.4   5.26    13667  2.92   808  -181  0  0  0.0886   2.83    7.03  -28.86  -10.86 -0.3924  2.4335 -169.4
2023 114  7  5    5.92  -28.96  -11.36  -521.4    21.2   -72.4   5.26    13667  2.92   710  -180  0  0  0.0890   2.83    6.99  -28.86  -10.88 -0.3922  2.4335 -169.0
2023 114  7  6    5.64  -29.03  -11.23  -531.2    35.5   -63.9   4.33    16133  2.49   648  -180  0  0  0.0894   2.41    6.94  -28.86  -10.90 -0.3919  2.4315 -168.7
2023 114  7  7    5.58  -29.03  -11.25  -531.2    35.5   -63.9   4.33    16133  2.49   683  -180  0  0  0.0898   2.41    6.87  -28.87  -10.90 -0.3929  2.4297 -168.1
2023 114  7  8    6.45  -29.13  -10.48  -535.2    31.2   -74.2   4.79    15782  2.81   676  -181  0 -1  0.0902   2.72    6.79  -28.87  -10.92 -0.3917  2.4326 -167.7
2023 114  7  9    7.49  -29.10   -9.96  -539.1    26.9   -84.6   5.25    15430  3.13   684  -181  0  0  0.0906   3.04    6.76  -28.88  -10.90 -0.3938  2.4338 -167.3
2023 114  7 10    6.75  -29.30  -10.07  -539.1    26.7   -84.5   5.23    15418  3.12   772  -181  0  0  0.0910   3.02    6.78  -28.90  -10.84 -0.3988  2.4317 -166.6
2023 114  7 11    7.94  -28.95  -10.17  -536.8    17.6   -77.4   4.23    14827  2.49   858  -181  0  0  0.0914   2.41    6.75  -28.91  -10.84 -0.4012  2.4324 -165.9
2023 114  7 12    8.18  -28.86  -10.18  -536.8    17.5   -77.3   4.21    14818  2.48   821  -182  0  0  0.0918   2.40    6.76  -28.91  -10.84 -0.4017  2.4319 -165.3
2023 114  7 13    8.58  -28.89   -9.77  -535.4    20.2   -78.5   4.15    15893  2.43   864  -182  0 -1  0.0922   2.36    6.78  -28.91  -10.82 -0.4033  2.4305 -164.7
2023 114  7 14    8.58  -28.92   -9.66  -534.0    23.0   -79.7   4.08    16969  2.39   911  -182  0 -1  0.0926   2.31    6.82  -28.92  -10.78 -0.4059  2.4276 -164.0
2023 114  7 15    8.75  -28.91   -9.55  -532.6    25.8   -80.8   4.02    18044  2.34   937  -182  0 -1  0.0930   2.26    6.87  -28.93  -10.74 -0.4099  2.4231 -163.3
2023 114  7 16    9.42  -28.65   -9.69  -531.2    28.5   -82.0   3.96    19119  2.29   903  -182  0 -1  0.0934   2.22    6.92  -28.94  -10.68 -0.4143  2.4177 -162.5
2023 114  7 17    9.58  -28.59   -9.64  -529.8    31.3   -83.2   3.89    20195  2.25   843  -182  0 -1  0.0938   2.17    6.99  -28.95  -10.62 -0.4186  2.4117 -161.7
2023 114  7 18    9.08  -28.73   -9.64  -528.4    34.0   -84.4   3.83    21270  2.20   856  -182  0  0  0.0942   2.13    7.07  -28.95  -10.58 -0.4199  2.4092 -160.9
2023 114  7 19    8.88  -28.62  -10.04  -528.2    33.6   -84.2   3.85    21166  2.21   824  -182  0  0  0.0947   2.14    7.14  -28.95  -10.54 -0.4206  2.4062 -160.3
2023 114  7 20    8.71  -28.47  -10.27  -521.3    22.3   -79.1   4.40    18296  2.45   749  -181  0  0  0.0951   2.37    7.23  -28.94  -10.51 -0.4200  2.4032 -159.6
2023 114  7 21    8.60  -27.81  -11.31  -537.6    31.4   -70.3   2.91    42387  1.72   685  -180  0  0  0.0955   1.66    7.30  -28.92  -10.51 -0.4177  2.4002 -158.9
2023 114  7 22    8.66  -27.88  -11.12  -532.3    24.2   -65.8   3.60    35185  2.08   743  -179  0  0  0.0959   2.01    7.36  -28.88  -10.55 -0.4121  2.4022 -158.3
2023 114  7 23    8.38  -27.50  -12.36  -525.2    16.0   -63.9   3.38    30768  1.90   769  -178  0  0  0.0964   1.83    7.41  -28.84  -10.59 -0.4076  2.4034 -157.6
2023 114  7 24    8.64  -27.68  -11.71  -527.8    12.0   -56.7   2.33    43909  1.31   912  -176  0  0  0.0968   1.27    7.46  -28.78  -10.67 -0.4003  2.4057 -156.8
2023 114  7 25    8.69  -28.52   -9.25  -527.7    36.5   -16.2   1.86    25927  1.04  1104  -175  0  0  0.0972   1.01    7.50  -28.74  -10.72 -0.3926  2.4065 -156.0
2023 114  7 26    9.71  -28.67   -7.46  -524.1    39.7   -33.5   2.60    24126  1.44  1029  -174  0  0  0.0977   1.40    7.56  -28.73  -10.66 -0.3882  2.4011 -155.3
2023 114  7 27   10.45  -27.97   -9.34  -510.6    40.7   -39.3   2.58    25793  1.36   984  -173  0  0  0.0981   1.32    7.65  -28.73  -10.54 -0.3891  2.3927 -154.6
2023 114  7 28   11.90  -27.51   -9.82  -511.9    39.6   -61.4   2.69    24402  1.44   990  -171  0  0  0.0986   1.39    7.76  -28.70  -10.48 -0.3861  2.3850 -153.9
2023 114  7 29   11.79  -27.94   -9.25  -498.3    36.0   -54.6   3.61    18290  1.82   834  -167  0  0  0.0990   1.77    7.93  -28.66  -10.43 -0.3821  2.3789 -153.3
2023 114  7 30   10.61  -27.62  -10.90  -492.5    36.8   -39.9   3.59    16535  1.76   757  -165  0  0  0.0995   1.71    8.09  -28.62  -10.37 -0.3799  2.3693 -152.7
2023 114  7 31   11.78  -27.14  -10.77  -505.9    54.3   -84.5   2.78    22623  1.48   806  -165  0  0  0.0999   1.43    8.23  -28.58  -10.35 -0.3758  2.3605 -152.1
2023 114  7 32    9.60  -27.33  -12.38  -521.3    44.3   -79.7   2.61    27604  1.46   909  -165  0  0  0.1004   1.42    8.43  -28.52  -10.33 -0.3709  2.3550 -151.4
2023 114  7 33    9.36  -28.30   -8.34  -513.3    37.6   -56.4   3.37    22356  1.81   928  -165  0  0  0.1008   1.75    8.54  -28.46  -10.37 -0.3636  2.3567 -150.8
2023 114  7 34    9.42  -27.31  -12.71  -516.9    41.9   -67.6   2.66    23729  1.46   908  -164  0  0  0.1013   1.41    8.66  -28.43  -10.27 -0.3640  2.3476 -150.1
2023 114  7 35   10.48  -26.64  -13.23  -523.2    32.5   -73.1   2.40    21324  1.34   876  -163  0  0  0.1017   1.30    8.77  -28.38  -10.32 -0.3573  2.3483 -149.4
2023 114  7 36   10.67  -26.68  -12.92  -521.3    33.5   -68.8   2.40    20657  1.33   799  -163  0 -1  0.1022   1.29    8.92  -28.30  -10.38 -0.3500  2.3505 -148.6
2023 114  7 37   10.92  -26.65  -12.60  -519.5    34.5   -64.5   2.40    19990  1.32   863  -162  0 -1  0.1026   1.28    9.09  -28.22  -10.44 -0.3433  2.3498 -147.9
2023 114  7 38   10.18  -28.27   -9.46  -517.6    35.6   -60.2   2.40    19322  1.31   824  -161  0 -1  0.1031   1.27    9.27  -28.14  -10.49 -0.3368  2.3479 -147.2
2023 114  7 39    9.40  -29.04   -7.81  -515.7    36.6   -55.9   2.40    18655  1.30   809  -161  0  0  0.1036   1.26    9.39  -28.11  -10.45 -0.3323  2.3410 -146.4
2023 114  7 40    9.20  -29.15   -7.58  -515.7    36.6   -55.9   2.40    18655  1.30   876  -162  0  0  0.1040   1.26    9.46  -28.11  -10.38 -0.3286  2.3309 -145.8
2023 114  7 41    9.25  -29.18   -7.26  -514.6    35.6   -53.9   2.22    19799  1.19   927  -164  0  0  0.1045   1.16    9.54  -28.11  -10.30 -0.3255  2.3198 -145.3
2023 114  7 42    8.71  -29.43   -6.73  -514.6    35.6   -53.8   2.21    19842  1.19   907  -165  0  0  0.1050   1.15    9.58  -28.11  -10.20 -0.3248  2.3087 -144.7
2023 114  7 43    8.64  -29.50   -6.29  -521.3    35.9   -33.6   2.05    21548  1.12   863  -166  0  0  0.1055   1.09    9.60  -28.13  -10.09 -0.3254  2.2966 -144.2
2023 114  7 44    8.38  -29.50   -6.21  -521.5    35.9   -32.9   2.04    21611  1.12   928  -166  0  0  0.1060   1.08    9.60  -28.15   -9.97 -0.3260  2.2856 -143.7
2023 114  7 45    8.21  -29.46   -5.71  -513.7    18.5   -42.9   2.34    32620  1.25   922  -166  0  0  0.1064   1.21    9.59  -28.17   -9.85 -0.3267  2.2749 -143.3
2023 114  7 46    7.99  -29.48   -5.49  -513.7    18.5   -42.9   2.34    32620  1.25   897  -165  0  0  0.1069   1.21    9.58  -28.19   -9.73 -0.3288  2.2620 -143.0
2023 114  7 47    9.18  -29.32   -4.65  -522.3    14.6   -41.5   2.07    30489  1.14   872  -165  0 -1  0.1074   1.10    9.53  -28.22   -9.59 -0.3321  2.2488 -142.7
2023 114  7 48    8.99  -29.37   -4.73  -530.9    10.7   -40.0   1.80    28358  1.02   871  -163  0  0  0.1079   0.99    9.52  -28.24   -9.42 -0.3368  2.2352 -142.5
2023 114  7 49    9.20  -29.25   -4.78  -530.9    10.7   -40.0   1.80    28358  1.02   867  -163  0  0  0.1084   0.99    9.51  -28.26   -9.26 -0.3408  2.2232 -142.1
2023 114  7 50    8.90  -29.06   -5.68  -532.5     7.7   -32.2   1.42    29897  0.81   843  -162  0  0  0.1089   0.78    9.52  -28.29   -9.08 -0.3454  2.2105 -141.9
2023 114  7 51    8.38  -28.57   -8.26  -532.5     7.7   -32.2   1.42    29897  0.81   858  -161  0  0  0.1094   0.78    9.53  -28.31   -8.93 -0.3466  2.2012 -141.6
2023 114  7 52    9.15  -28.41   -8.38  -530.9    10.3   -41.3   1.21    34758  0.69   983  -161  0 -1  0.1099   0.66    9.52  -28.33   -8.83 -0.3472  2.1930 -141.4
2023 114  7 53    9.05  -28.80   -7.00  -529.2    13.0   -50.4   0.99    39618  0.56  1274  -160  0  0  0.1104   0.54    9.54  -28.35   -8.74 -0.3457  2.1863 -141.1
2023 114  7 54    9.32  -28.69   -7.25  -529.2    13.0   -50.4   0.99    39618  0.56   905  -160  0  0  0.1109   0.54    9.56  -28.39   -8.56 -0.3476  2.1758 -141.0
2023 114  7 55    8.27  -28.82   -7.99  -524.1    16.7   -56.5   1.04    35644  0.57   804  -159  0 -1  0.1114   0.56    9.58  -28.43   -8.41 -0.3497  2.1666 -140.8
2023 114  7 56    8.11  -28.73   -8.43  -519.0    20.4   -62.5   1.08    31671  0.59   812  -160  0  0  0.1119   0.57    9.57  -28.44   -8.37 -0.3487  2.1636 -140.6
2023 114  7 57    7.88  -28.75   -8.60  -519.0    20.4   -62.5   1.08    31671  0.59   806  -160  0  0  0.1124   0.57    9.52  -28.44   -8.40 -0.3424  2.1653 -140.5
2023 114  7 58    8.20  -28.56   -8.89  -519.0    20.4   -62.5   1.08    31671  0.59   784  -160  0  0  0.1129   0.57    9.43  -28.46   -8.37 -0.3403  2.1662 -140.3
2023 114  7 59    8.17  -28.46   -9.22  -512.1    14.2   -43.3   1.17    30628  0.62   773  -161  0  0  0.1134   0.60    9.31  -28.50   -8.34 -0.3385  2.1662 -140.1
