2021 307 18 30   -1.53    2.02    0.92  -488.3     0.3   -27.0   0.90    95161  0.43    59     0  0  0 -0.1240   0.42   -1.57    2.28    0.95  0.0109  0.1419   -8.5
2021 307 18 40   -1.47    2.32    0.09  -482.8     4.8    -7.5   0.99   143841  0.46    62     0  0  0 -0.1275   0.45   -1.68    2.16    0.88  0.0111  0.1393   -8.3
2021 307 18 50   -1.70    2.49   -0.41  -479.1     1.3   -16.5   0.82   121331  0.38   121     0  0 -1 -0.1312   0.37   -1.45    2.29    0.44  0.0201  0.2038   -7.7
2021 307 19  0   -1.76    2.57   -0.02  -475.3   -38.8    10.1   0.77   157793  0.35   113     1  0  0 -0.1352   0.34   -1.56    2.38    0.15  0.0283  0.2480   -7.8
2021 307 19 10   -0.60    1.63    0.12  -477.8     2.0   -13.8   1.56    85174  0.71   112     2  0  0 -0.1395   0.69   -1.49    2.32   -0.03  0.0333  0.2649   -7.6
2021 307 19 20    0.13    1.81   -0.13  -482.8     1.8    -6.2   1.64    79501  0.76   103     5  0  0 -0.1440   0.74   -1.11    2.03   -0.01  0.0319  0.2393   -7.7
2021 307 19 30   -0.06    2.88    0.23  -494.4    -1.8    -3.1   1.74    60336  0.85    82     5  0  0 -0.1487   0.82   -0.50    1.97    0.09  0.0322  0.2232   -8.3
2021 307 19 40    1.87    1.38    3.32  -487.2     9.1    -2.3   1.76    85855  0.84    78    -1  0  0 -0.1536   0.81    0.08    2.13    0.34  0.0352  0.2232   -6.0
2021 307 19 50    1.08    1.43    2.02  -492.4     1.2     2.8   1.64    48420  0.80   211    20  0  0 -0.1587   0.77    0.59    1.63    1.24  0.0260  0.1515   -1.4
2021 307 20  0   -1.49    1.18   -1.17  -467.5    -8.8    27.5   1.14    74898  0.50   118    21  0  0 -0.1641   0.48    0.72    1.27    1.52  0.0143  0.0954    4.9
2021 307 20 10   -2.32   -0.09   -0.17  -458.7    -0.4    23.0   1.43    62438  0.60   186    22  0  0 -0.1696   0.58   -0.09    0.74    0.88  0.0010  0.1133    7.4
2021 307 20 20   -2.85    0.89   -0.62  -465.2    -4.6    -3.1   1.80    80557  0.78   220    27  0  0 -0.1753   0.75   -1.25    1.05   -0.26  0.0026  0.1963    2.1
2021 307 20 30   -1.53    9.11    1.91  -669.3   -53.0  -100.7   7.50  1080415  6.92   333    28  0  0 -0.1812   6.70   -2.22    2.44   -0.68  0.1622  0.4111   -4.3
2021 307 20 40    1.53   13.79   -1.28  -724.2   -44.3   -83.3   9.93   498471 10.59   442    36  0  0 -0.1873  10.26   -1.83    6.04    0.14  0.5042  0.6845  -11.1
2021 307 20 50    3.90   11.97   -4.86  -731.5    20.8   -76.7  12.47   329186 13.52   715    37  0  0 -0.1935  13.08   -0.88   10.97    0.35  1.1017  1.1568  -13.9
2021 307 21  0    2.03   19.06   -1.81  -725.0   -63.6   -90.9  12.54   222838 13.49  1545    50  0  0 -0.1998  13.07    1.61    8.97   -3.16  0.9591  1.5704  -18.3
2021 307 21 10    7.53   21.47   -9.17  -717.5   -61.0  -128.8   6.39   148180  6.84  1002    19  0  0 -0.2063   6.62    3.24   11.02   -5.42  1.0745  2.0260  -25.5
2021 307 21 20   -1.66  -12.39  -12.37  -761.2   -42.7   -84.9   7.15   859682  8.41  1076    -2  0  0 -0.2129   8.15    4.74   10.31   -9.01  0.5834  2.2915  -31.8
2021 307 21 30    8.33    7.00  -13.45  -741.0   -31.4   -42.9  12.58   690078 13.89  1181    10  0  0 -0.2196  13.45    3.77    8.71   -9.86  0.5484  2.3267  -41.2
2021 307 21 40    8.32   17.70  -11.20  -692.1    13.2  -109.3   7.82   436804  7.68  1689   -19  0  0 -0.2264   7.44    4.78    7.74  -11.78  0.1569  2.4514  -51.5
2021 307 21 50    6.31   13.79   -3.08  -697.1   -17.5   -91.3  12.27   397529 12.13  1581   -31  0  0 -0.2332  11.75    4.89    7.35  -10.20  0.2091  2.3354  -61.4
2021 307 22  0    3.39   14.08   -2.86  -673.6    -4.4   -95.7   9.28   847638  8.63  1691   -36  0  0 -0.2402   8.32    5.85   14.00   -6.75  0.6043  2.2647  -65.2
2021 307 22 10  -13.03    4.41    6.82  -656.8    23.4  -111.9   9.33   778686  8.31  1521   -33  0 -1 -0.2472   8.03    2.30   12.29   -1.86  0.6905  1.5660  -64.6
2021 307 22 20   -9.61    5.25    7.81  -644.3    32.5   -83.7   9.52   933394  8.11  1049   -34  0 -1 -0.2542   7.80   -3.51    8.89    2.13  0.5306  0.8668  -63.5
2021 307 22 30  -14.14    5.77    0.04  -642.2    19.0   -94.3   8.49   872781  7.18   758   -34  0  0 -0.2613   6.93   -7.85    5.05    5.59  0.1784  0.2945  -60.6
2021 307 22 40   -8.67    0.37   -2.50  -628.5    10.6   -15.0   7.90   619607  6.25   797   -24  0  0 -0.2684   6.05  -10.86    2.69    4.96  0.0698  0.1256  -56.5
2021 307 22 50  -14.61   -7.68    4.23  -660.4    92.7   -20.7   8.04  1488528  7.17   426   -21  0 -1 -0.2755   6.93  -10.73    0.50    3.27 -0.0020  0.2974  -51.8
2021 307 23  0  -15.58   -5.26    1.47  -651.3    85.3   -29.4   6.82  1096088  5.90   165   -18  0  0 -0.2826   5.71  -12.34   -3.36    2.53 -0.0846  0.3962  -49.9
2021 307 23 10  -16.04    1.70    2.23  -654.9     9.8   -33.7   7.97  1697319  6.90   192   -20  0 -1 -0.2897   6.64  -13.49   -5.06    2.36 -0.1601  0.3949  -49.1
2021 307 23 20  -14.53    8.26    2.15  -672.3   -69.3   -35.6   6.86  1100980  6.28   127   -21  0  0 -0.2967   6.09  -14.60   -1.54    2.66  0.0311  0.3938  -48.6
2021 307 23 30  -15.02   -0.92    1.92  -648.7    11.6   -23.1   7.16  1265004  6.04   128   -21  0  0 -0.3037   5.85  -15.49    2.04    1.92  0.1120  0.2994  -48.7
2021 307 23 40  -13.68    0.31    4.25  -661.7   -18.6    -6.3   7.78  1783594  6.82   155   -20  0  0 -0.3107   6.60  -15.06    3.43    2.22  0.1590  0.2681  -47.5
2021 307 23 50  -14.16    4.96    0.23  -683.2    44.3   -70.0   7.51  1285764  7.13   170   -13  0 -1 -0.3175   6.89  -15.30    2.06    2.09  0.0710  0.1864  -47.6
2021 308  0  0  -12.95   -5.12    9.50  -694.9    14.5   -78.5   7.61  1000549  7.45   150   -15  0  0 -0.3243   7.21  -15.19    1.42    3.11  0.0743  0.1815  -47.1
2021 308  0 10   -6.94    4.17   10.64  -702.7    24.6   -91.2   9.01  1251046  9.06   143   -12  0  0 -0.3310   8.77  -13.99    1.11    6.80  0.0588  0.1367  -48.3
2021 308  0 20   11.22   13.45   11.70  -775.8   -54.2   -65.2   6.78   692664  8.26   146   -16  0  0 -0.3375   8.00   -8.47    3.58   10.46  0.0709  0.1338  -47.7
2021 308  0 30   13.20   18.86    4.04  -751.8   -35.1   -25.2   6.06   842297  6.88   433   -14  0  0 -0.3440   6.66    0.57    8.53    9.58  0.3853  0.5322  -49.3
2021 308  0 40    6.82   10.60    1.53  -775.2     1.6    25.2  13.01   933251 15.65   590    -9  0  0 -0.3503  15.16    8.96   12.64    4.36  0.6579  1.1631  -51.5
2021 308  0 50   17.72   10.70   -3.60  -791.5   -10.5    56.5  11.06   844153 13.95   688   -11  0  0 -0.3564  13.49   12.94   12.77   -0.60  0.8763  1.6663  -57.3
2021 308  1  0   17.10    9.14   -4.90  -763.7    38.1    43.9  11.71   958746 13.73   897   -21  0  0 -0.3624  13.31   14.45   10.91   -3.35  0.6409  1.9142  -63.0
2021 308  1 10   17.85    7.87   -4.24  -767.6    16.5    35.6  10.49   892655 12.40   935   -31  0  0 -0.3682  12.00   15.42    9.55   -3.88  0.4874  1.9238  -69.4
2021 308  1 20   17.38    6.18   -2.94  -770.4    13.5    26.5  10.11   901803 12.02  1027   -38  0  0 -0.3738  11.64   16.84    8.61   -4.18  0.3052  1.8909  -73.2
2021 308  1 30   13.55    9.42   -4.04  -749.1    27.5    20.6   9.54   669555 10.74  1155   -39  0  0 -0.3792  10.39   16.96    7.94   -3.85  0.2789  1.7855  -74.9
2021 308  1 40    6.48    9.82    1.57  -665.5   119.7    22.8   9.73  1180247  9.03   982   -29  0  0 -0.3845   8.63   15.42    8.56   -2.28  0.4184  1.5765  -76.8
2021 308  1 50    8.81   13.75    6.12  -757.0     4.2   -11.5  14.27   697853 16.36  1245   -38  0  0 -0.3894  15.84   12.98   10.44   -0.15  0.7471  1.3666  -77.8
2021 308  2  0   10.91   14.39    8.87  -742.4    45.0   -12.8  15.04   373006 16.64  1139   -33  0  0 -0.3942  16.12   10.86   12.77    3.59  0.8320  1.0245  -77.6
2021 308  2 10   10.23   15.71    6.98  -746.7    19.7   -15.4  13.36   485394 14.91   940   -30  0  0 -0.3987  14.44    9.79   14.63    5.35  0.9310  0.9389  -74.9
2021 308  2 20   10.07   10.37   10.81  -740.3    20.0   -21.2  12.64   552122 13.88   780   -31  0  0 -0.4030  13.44   10.00   14.25    7.58  0.5851  0.7182  -73.3
2021 308  2 30    8.72   12.78    7.71  -737.9     6.1   -19.7  13.26   601212 14.45   419   -32  0  0 -0.4070  14.00    9.14   13.54    8.23  0.4878  0.6266  -72.8
2021 308  2 40   10.80    8.98    8.69  -752.2     1.5   -18.2  11.21   659022 12.69   447   -34  0  0 -0.4107  12.29    9.57   12.01    8.69  0.2194  0.4606  -72.5
2021 308  2 50    7.45   15.85    4.77  -744.3    -7.0   -10.2  10.91   605613 12.09   388   -34  0  0 -0.4141  11.71    9.02   11.97    7.91  0.2705  0.5081  -71.7
2021 308  3  0    5.84   15.75    3.01  -723.7    21.0   -10.1  12.17   524616 12.76   452   -32  0  0 -0.4173  12.36    8.53   12.85    6.30  0.5199  0.6986  -70.6
2021 308  3 10    6.84   16.65    0.32  -726.5    -8.7    -7.4  11.92   608929 12.59   412   -31  0  0 -0.4202  12.19    7.37   14.06    4.40  1.1136  0.9892  -70.7
2021 308  3 20    6.41   12.47    7.07  -734.6   -51.7   -42.9  10.92   660675 11.89   671   -34  0  0 -0.4227  11.51    6.59   15.17    3.15  1.4823  1.1940  -70.3
2021 308  3 30    9.35    8.24    9.63  -735.1    -1.4   -41.1  10.01   709003 10.85   656   -33  0  0 -0.4250  10.51    6.81   14.42    3.91  1.2735  1.0616  -70.4
2021 308  3 40    1.66   14.76    2.09  -711.3    -3.7    -4.0  10.15   722378 10.27   657   -37  0  0 -0.4269   9.95    6.93   12.54    6.03  0.7085  0.7383  -68.5
2021 308  3 50   -0.36   17.15    3.74  -697.5   -21.0    -6.3   9.61   520455  9.36   704   -31  0  0 -0.4286   9.07    4.84   12.94    6.32  0.5562  0.7097  -66.2
2021 308  4  0   -0.21   18.89    0.49  -697.8   -14.7    27.2   8.33   486463  8.13   835   -33  0  0 -0.4299   7.87    2.24   14.64    4.59  1.0721  0.9985  -63.9
2021 308  4 10   -1.27   17.96    5.00  -675.8   -20.8   -12.2   8.07   450647  7.38   840   -35  0  0 -0.4309   7.15   -0.81   17.30    3.37  1.3168  1.2401  -63.1
2021 308  4 20    0.71   18.70    1.89  -696.0   -24.6    13.4   6.89   459461  6.69   867   -38  0  0 -0.4316   6.48   -1.11   17.95    3.39  1.3072  1.2638  -63.8
2021 308  4 30   -0.45   18.04    6.27  -682.4   -32.9     3.4   6.63   362909  6.19   837   -40  0  0 -0.4319   5.99   -1.20   17.72    5.39  0.8483  1.0411  -65.0
2021 308  4 40    0.31   15.99    5.07  -689.5   -29.4   -10.2   6.93   528967  6.60   611   -40  0  0 -0.4319   6.39   -0.53   17.54    5.47  0.7767  1.0225  -65.9
2021 308  4 50    4.69   15.11    0.09  -707.9   -27.2    12.3   7.46   792215  7.49   642   -39  0  0 -0.4316   7.25   -0.08   16.47    5.62  0.6792  0.9445  -65.9
2021 308  5  0    4.92   14.78   -3.14  -694.9   -38.8    41.5   6.40   864916  6.23   519   -42  0  0 -0.4309   6.03    2.01   15.83    2.33  0.9094  1.2812  -65.5
2021 308  5 10    8.19   11.39   -9.81  -694.4     2.1    41.1   5.86   720120  5.67   508   -43  0  0 -0.4300   5.49    4.13   14.65   -0.80  0.8060  1.6130  -65.9
2021 308  5 20    9.40    3.83  -10.33  -702.6    75.7    48.9   7.27   801505  7.29   648   -43  0  0 -0.4287   7.07    6.59   12.10   -5.69  0.5992  1.9477  -68.6
2021 308  5 30   -3.75   10.25    7.36  -656.2     9.0   -15.1   8.68   548084  7.48   917   -48  0  0 -0.4271   7.24    6.29    9.80   -6.14  0.2401  1.7930  -74.4
2021 308  5 40    9.00    6.19   -8.95  -727.1    20.3    62.7   8.08   518325  8.61   852   -56  0  0 -0.4252   8.34    4.66    7.95   -4.57  0.1229  1.4335  -80.5
2021 308  5 50    6.99   10.47   -6.89  -724.8     4.7    74.6   8.80   648091  9.35   760   -58  0  0 -0.4229   9.05    4.59    8.37   -3.99  0.1239  1.5204  -85.1
2021 308  6  0    5.82   10.11   -8.04  -712.6     3.8    61.4   8.64   526686  8.81  1079   -61  0 -1 -0.4204   8.56    4.91    9.10   -5.05  0.1441  1.7896  -87.1
2021 308  6 10    1.84   12.44   -6.48  -714.8    -6.0    58.4   8.45   522083  8.69  1432   -65  0  0 -0.4175   8.42    5.56   10.06   -7.36  0.1313  2.1995  -89.5
2021 308  6 20    2.09   10.90   -8.79  -715.8    -1.4    67.7   8.40   479759  8.68  1116   -71  0  0 -0.4144   8.41    3.89   10.95   -7.34  0.1669  2.2497  -92.8
2021 308  6 30    1.56   12.53   -8.90  -729.8    23.4    74.5   7.62   337880  8.21   957   -75  0 -1 -0.4110   7.95    2.71   11.54   -7.96  0.1598  2.3668  -97.9
2021 308  6 40    5.59   10.50   -9.27  -753.9    19.2    93.1   8.22   277607  9.49  1027   -82  0  0 -0.4073   9.19    2.55   11.64   -8.58  0.1382  2.4769 -101.6
2021 308  6 50   10.23    0.94  -11.83  -721.7    35.6    80.8   6.46   200591  6.87  1098   -88  0 -1 -0.4033   6.61    4.27   10.56   -9.38  0.0943  2.4472 -105.4
2021 308  7  0   -9.86    8.78   10.59  -701.9    60.7    52.7   7.19   361973  7.18  1063   -86  0  0 -0.3991   6.95    5.30    8.21   -8.46  0.0823  1.9701 -105.1
2021 308  7 10    3.80   16.37   -5.46  -730.0    -4.0   101.2   7.66   358425  8.32  1914   -83  0  0 -0.3946   8.06    1.59    9.04   -3.92  0.3270  1.4356 -104.2
2021 308  7 20    6.73   10.72  -16.53  -714.4   -31.6    68.4   7.80   279917  8.05  1723   -78  0  0 -0.3899   7.80    1.01   11.91   -2.78  0.5871  1.5033 -103.6
2021 308  7 30    8.28   19.39   -7.92  -699.4   -48.9    56.4   6.86    95401  6.79  1526   -92  0  0 -0.3850   6.57    1.96   13.61   -5.82  0.5707  1.9557 -104.9
2021 308  7 40    6.16   21.31   -6.36  -704.6     0.6    54.5   3.58    57132  3.58   846  -102  0  0 -0.3798   3.46    6.98   15.61   -9.94  0.4777  2.5332 -106.8
2021 308  7 50    9.45   18.75   -7.81  -682.9   -13.4    54.0   7.86    96580  7.38  1317   -90  0  0 -0.3744   7.15    6.49   16.87   -9.72  0.4785  2.5784 -109.0
2021 308  8  0   17.81    0.74  -15.02  -724.6    37.5    84.0   7.99    37055  8.53   851   -98  0  0 -0.3688   8.26    8.61   17.05   -8.87  0.4984  2.4916 -111.4
2021 308  8 10   16.81    0.77  -15.12  -717.9    15.3    84.0   5.28    43681  5.52  1070  -105  0  0 -0.3631   5.35   11.99   10.76  -11.35  0.3108  1.8305 -114.5
2021 308  8 20   15.66    2.50  -15.49  -710.8    60.7    86.5   5.72    36576  5.91  1065  -104  0  0 -0.3571   5.72   15.84    4.39  -14.31  0.0412  1.2210 -116.1
2021 308  8 30   15.64    3.78  -15.21  -709.1    64.3    86.0   6.24    36577  6.42  1190  -109  0  0 -0.3510   6.22   16.41    1.42  -15.27  0.0000  0.8077 -115.9
2021 308  8 40   15.38    5.59  -14.78  -707.2    34.5    70.2   4.10    36108  4.15  1324  -110  0  0 -0.3448   4.02   15.82    2.81  -15.18  0.0000  1.1883 -113.0
2021 308  8 50   15.19    5.06  -15.03  -699.9     4.7    77.7   3.81    37443  3.78  1624  -102  0  0 -0.3384   3.66   15.46    4.30  -15.08  0.0001  1.5802 -110.5
2021 308  9  0   15.14    5.45  -15.33  -697.5     0.9    77.1   4.16    32760  4.10   997  -105  0  0 -0.3319   3.97   15.28    5.36  -14.97  0.0001  1.8611 -114.2
2021 308  9 10    2.84   19.16   -6.77  -736.1   -10.3   125.2  16.50    98734 18.40  1426   -96  0  0 -0.3253  17.82   14.14    7.01  -14.71  0.0222  2.0318 -111.8
2021 308  9 20   -9.46   18.14    5.76  -724.0    17.5   112.5  13.50    81322 14.50  2055   -55  0  0 -0.3186  14.05    8.64   11.46  -10.23  1.0161  2.1010 -110.2
2021 308  9 30  -12.46   16.02    8.94  -682.5    29.3    69.7   5.47    22622  5.16   691   -95  0  0 -0.3118   5.00   -0.40   15.13   -2.08  1.1102  1.7167 -104.4
2021 308  9 40  -11.54   16.67    8.61  -681.7    24.3    67.9   5.21    20122  4.90  1237   -99  0  0 -0.3049   4.74   -8.31   17.24    5.47  1.1792  1.1529 -106.4
2021 308  9 50  -11.50   16.53    8.95  -680.9    28.0    64.8   4.86    18940  4.56   759   -97  0  0 -0.2980   4.41  -11.82   16.38    8.90  0.2646  0.6655 -106.8
2021 308 10  0   -9.64   18.72    5.37  -686.2    12.3    92.2   9.06    26225  8.69  1046   -94  0  0 -0.2910   8.42  -11.83   16.47    8.60  0.2625  0.6791 -106.4
2021 308 10 10   -4.88   20.99   -0.48  -725.8    -5.4   128.8   7.33    32704  7.97  1911   -82  0  0 -0.2840   7.72  -11.59   16.51    7.93  0.4222  0.7509 -104.1
2021 308 10 20   -5.31   20.32    0.74  -714.3    -6.4   128.8   8.97    26109  9.45  1496   -72  0  0 -0.2770   9.15   -8.73   17.86    4.33  1.1960  1.2792 -104.3
2021 308 10 30   -5.20   18.55    0.84  -720.0    -4.4   136.4  10.04    58886 10.79   908   -81  0  0 -0.2699  10.44   -6.77   18.82    1.90  1.9245  1.6231 -104.5
2021 308 10 40   -7.22   16.76    4.41  -696.0    -9.5   123.0   6.94    70763  6.94   984   -88  0  0 -0.2629   6.72   -5.01   19.23    0.44  2.3019  1.8190 -106.4
2021 308 10 50   -9.04   16.18    3.75  -662.5   -38.3   110.3   4.13    36464  3.74  1655   -90  0  0 -0.2559   3.62   -6.14   18.04    2.10  1.9273  1.5016 -106.6
2021 308 11  0   -6.23   17.64    2.37  -670.2   -34.9   108.9   3.19    29016  2.95  1395  -104  0  0 -0.2489   2.86   -6.72   17.18    2.83  1.3290  1.3132 -106.0
2021 308 11 10   -5.40   17.71    2.94  -670.8   -19.6    83.4   3.30    27012  3.02  1705  -103  0  0 -0.2420   2.92   -6.85   16.98    3.16  0.9552  1.2244 -104.9
2021 308 11 20   -3.60   18.23   -0.22  -686.5   -46.1   131.4   3.12    33839  3.06  1690   -98  0  0 -0.2352   2.97   -6.04   17.40    2.23  0.8831  1.3439 -103.5
2021 308 11 30    5.21   12.74   -5.30  -813.0   -27.9   165.3   3.57    23519  4.93  2432   -93  0 -1 -0.2284   4.76   -2.88   16.84   -0.05  0.9143  1.7104 -104.1
2021 308 11 40    3.86   13.05   -4.67  -824.8   -55.8   155.1   3.52    22606  4.98  1358   -99  0  0 -0.2217   4.82    0.75   15.25   -2.90  0.7823  2.1732 -106.2
2021 308 11 50   -2.12   13.69   -3.39  -765.5   -44.7   120.9   3.31    20841  3.99  1154  -103  0  0 -0.2151   3.86    2.27   13.76   -4.22  0.5848  2.4004 -108.4
2021 308 12  0    2.62   13.66   -3.29  -773.1   -30.2   119.5   4.31    28990  5.28  1141  -103  0  0 -0.2086   5.12    2.00   13.37   -3.99  0.6128  2.3658 -110.3
2021 308 12 10   -1.55   13.69   -0.37  -738.5     3.6    77.4   2.79    27862  3.08  1713  -108  0  0 -0.2022   2.98    0.45   13.69   -2.55  0.7888  2.0953 -112.3
2021 308 12 20   -0.54   13.63    2.22  -758.5   -35.4    72.0   4.89    25999  5.69  1479  -107  0  0 -0.1959   5.51   -0.16   13.66   -0.84  0.9246  1.7694 -114.4
2021 308 12 30   -5.55   11.30    4.88  -762.5   -14.0    76.8   4.08    28831  4.79  1831  -109  0  0 -0.1898   4.64   -0.30   13.57    0.73  0.9951  1.4887 -116.9
2021 308 12 40   -7.38   10.43    5.70  -694.2    -5.8    12.4   4.53    17720  4.37   640  -116  0  0 -0.1839   4.23   -2.47   12.71    2.85  0.7669  1.0831 -118.7
2021 308 12 50   -7.80    9.87    6.04  -683.8   -10.0    33.7   4.90    16812  4.59   954  -114  0  0 -0.1781   4.45   -4.51   11.58    4.35  0.4624  0.7805 -119.0
2021 308 13  0   -7.27    9.97    6.41  -684.2   -14.4    33.1   3.80    17157  3.57   465  -116  0  0 -0.1725   3.46   -7.21   10.33    5.79  0.1401  0.4794 -117.9
2021 308 13 10   -7.45    9.34    6.92  -682.2    -9.2    31.5   3.25    17878  3.03   875  -116  0  0 -0.1671   2.94   -7.51    9.90    6.26  0.0928  0.4003 -116.1
2021 308 13 20   -7.54   10.41    5.36  -682.7    -8.9    37.2   3.76    19146  3.52   351  -112  0  0 -0.1618   3.41   -7.38    9.82    6.38  0.0840  0.3877 -113.8
2021 308 13 30   -8.65    9.47    5.43  -684.8     0.4    31.8   3.29    23247  3.11   307  -109  0 -1 -0.1568   2.99   -7.13    9.80    6.55  0.0809  0.3810 -110.1
2021 308 13 40   -8.37    8.79    7.18  -679.1   -10.6    37.5   2.38    22071  2.20   369  -108  0  0 -0.1520   2.13   -7.51    9.68    6.38  0.0778  0.3819 -107.5
2021 308 13 50   -8.57    9.19    6.77  -660.4    -2.5    36.2   3.56    15600  3.11   446  -105  0  0 -0.1474   3.02   -7.93    9.36    6.64  0.0584  0.3384 -105.2
2021 308 14  0   -8.71    8.81    6.76  -655.3   -12.3    38.3   4.05    14781  3.49   564   -99  0  0 -0.1430   3.38   -8.49    9.08    6.67  0.0449  0.3075 -103.1
2021 308 14 10   -8.62    9.58    5.45  -657.3   -18.9    44.1   3.07    17464  2.67   585   -98  0  0 -0.1389   2.58   -8.61    8.85    6.88  0.0381  0.2762  -99.3
2021 308 14 20   -8.81    9.34    6.82  -650.2   -14.8    25.3   3.04    14856  2.58   684   -92  0  0 -0.1350   2.49   -8.60    8.98    6.63  0.0454  0.2972  -95.0
2021 308 14 30   -9.42    8.90    7.29  -654.3   -22.7    30.8   3.51    17035  3.02   715   -85  0  0 -0.1314   2.92   -8.75    9.03    6.71  0.0444  0.2948  -91.0
2021 308 14 40   -9.79    7.76    8.10  -654.4   -25.9    29.5   3.09    16591  2.66   659   -85  0  0 -0.1280   2.57   -9.04    9.06    6.82  0.0413  0.2894  -87.6
2021 308 14 50   -8.71   10.47    6.67  -660.0   -21.9    31.0   2.47    16491  2.16   572   -83  0  0 -0.1249   2.09   -9.26    9.17    7.00  0.0427  0.2914  -84.8
2021 308 15  0   -9.16    9.29    7.80  -653.1    -5.9    11.6   1.66    25524  1.42   398   -82  0  0 -0.1220   1.37   -9.21    9.38    7.19  0.0405  0.2958  -83.0
2021 308 15 10   -9.56    9.45    7.12  -648.8   -11.1    20.9   2.33    16332  1.96   401   -79  0  0 -0.1195   1.90   -9.08    9.51    7.44  0.0378  0.2919  -81.8
2021 308 15 20  -10.68    9.20    5.82  -637.0   -13.3    30.0   2.64    19067  2.15   459   -78  0  0 -0.1172   2.08   -9.41    9.48    7.16  0.0384  0.2980  -81.0
2021 308 15 30  -10.82    8.56    6.97  -640.4   -19.3    27.5   2.40    20150  1.97   285   -76  0  0 -0.1152   1.91   -9.94    9.34    6.75  0.0428  0.3062  -79.7
2021 308 15 40  -10.41    8.93    7.46  -648.0     3.3    25.4   2.90    22982  2.44   282   -73  0  0 -0.1135   2.36  -10.38    9.21    6.53  0.0440  0.3068  -78.2
2021 308 15 50  -10.24    7.87    8.73  -646.8    -4.9    19.4   3.13    20908  2.62   212   -72  0  0 -0.1120   2.54  -10.60    8.82    7.04  0.0298  0.2568  -77.3
2021 308 16  0   -9.81    8.26    8.73  -640.7    -7.3    26.5   3.51    17313  2.89   175   -71  0  0 -0.1109   2.80  -10.55    8.37    7.76  0.0184  0.2032  -76.0
2021 308 16 10  -10.58    9.10    7.55  -640.5   -18.1    28.6   1.91    20540  1.57   169   -69  0  0 -0.1101   1.52  -10.47    8.28    8.08  0.0152  0.1856  -75.2
2021 308 16 20  -10.89    9.65    5.41  -646.6    11.7     2.2   2.65    20745  2.22   266   -67  0  0 -0.1095   2.15  -10.36    8.51    7.98  0.0229  0.2071  -73.7
2021 308 16 30   -9.80    8.32    8.43  -648.7    -6.5    20.0   2.34    24488  1.97   238   -67  0  0 -0.1093   1.91  -10.34    8.91    7.35  0.0362  0.2586  -72.6
2021 308 16 40  -10.79    9.49    5.46  -642.4    -7.4    19.9   2.33    21878  1.93   183   -66  0 -1 -0.1094   1.86  -10.13    8.88    7.48  0.0348  0.2534  -70.7
2021 308 16 50  -11.00    6.17    8.90  -630.2    22.6     3.0   2.71    20461  2.16   177   -64  0  0 -0.1097   2.09  -10.16    8.67    7.52  0.0280  0.2362  -69.3
2021 308 17  0  -10.32    6.40    9.94  -648.6     1.4    25.0   2.16    26192  1.81   179   -62  0 -1 -0.1104   1.76  -10.22    7.91    8.38  0.0130  0.1657  -67.9
2021 308 17 10  -10.08    6.36   10.28  -654.1    18.8     5.3   2.63    32016  2.25   180   -58  0  0 -0.1113   2.18  -10.40    7.26    8.88  0.0096  0.1293  -66.3
2021 308 17 20  -10.49    5.35   10.37  -640.9    22.3    25.9   2.09    18911  1.72   209   -59  0  0 -0.1126   1.67  -10.31    6.37    9.90  0.0018  0.0682  -65.5
2021 308 17 30  -10.13    4.64   11.00  -640.8    48.5     3.8   2.26    18168  1.87   261   -59  0  0 -0.1141   1.81  -10.26    5.79   10.35  0.0009  0.0480  -64.8
2021 308 17 40  -10.29    4.97   10.49  -624.8    -5.5     9.8   2.30    21315  1.80   287   -59  0  0 -0.1159   1.74  -10.20    5.25   10.66  0.0004  0.0336  -64.8
2021 308 17 50  -11.29    6.91    8.06  -619.2    -9.1    28.6   2.24    20762  1.72   115   -59  0  0 -0.1181   1.67  -10.56    5.53    9.81  0.0024  0.0585  -63.8
2021 308 18  0  -10.91    8.26    7.58  -629.8   -18.8    34.6   2.17    21222  1.73   105   -58  0  0 -0.1205   1.67  -10.90    6.35    8.77  0.0059  0.1021  -63.1
2021 308 18 10  -11.77    9.53    4.89  -626.9   -27.0    64.7   2.27    17477  1.81   131   -56  0  0 -0.1231   1.75  -11.24    7.52    7.54  0.0131  0.1666  -63.0
2021 308 18 20  -12.09    6.77    7.88  -617.9   -10.3    31.1   3.35    16133  2.57   157   -56  0  0 -0.1261   2.48  -11.23    8.20    7.19  0.0224  0.2161  -62.0
2021 308 18 30   -9.46    6.09   11.05  -627.6   -29.4    18.4   2.45    18086  1.94   184   -52  0  0 -0.1293   1.87  -11.10    7.96    7.73  0.0202  0.1931  -61.3
2021 308 18 40  -10.69    6.04    9.68  -616.8    19.1    15.9   2.36    18838  1.80   115   -52  0 -1 -0.1328   1.74  -10.95    7.16    8.61  0.0134  0.1390  -59.4
