#Avg Pressure across y-z plane in magnetotail
#FORMAT:
YEAR    DAY    HOUR    MIN    x:-12.00    -11.00      -10.00       -9.00       -8.00       -7.00       -6.00       -5.00       -4.00       -3.00       -2.00       -1.00      
2015      173        12       30             2468.         2954.         3693.         4792.         6571.         9799.        16253.        30985.        72808.       233470.      1247803.  
2015      173        12       35             2433.         2921.         3656.         4746.         6509.         9704.        16095.        30675.        72022.       230844.      1233424.  
2015      173        12       40             2342.         2833.         3567.         4654.         6406.         9576.        15923.        30428.        71579.       229713.      1228575.  
2015      173        12       45             2348.         2845.         3587.         4680.         6439.         9612.        15963.        30488.        71670.       229944.      1230479.  
2015      173        12       50             2418.         2934.         3699.         4821.         6608.         9807.        16193.        30789.        72126.       230967.      1235081.  
2015      173        12       55             2473.         2995.         3762.         4880.         6655.         9804.        16048.        30294.        70668.       226039.      1209347.  
2015      173        13        0             2390.         2919.         3694.         4821.         6604.         9753.        15988.        30237.        70683.       226435.      1212526.  
2015      173        13        5             2407.         2957.         3767.         4937.         6769.        10006.        16445.        31192.        73030.       234040.      1253874.  
2015      173        13       10             2441.         3005.         3836.         5031.         6891.        10174.        16713.        31702.        74206.       237700.      1273669.  
2015      173        13       15             2433.         2981.         3786.         4950.         6775.         9994.        16381.        30992.        72461.       232227.      1245639.  
2015      173        13       20             2452.         3022.         3863.         5069.         6943.        10251.        16845.        31963.        74806.       239561.      1284185.  
2015      173        13       25             2434.         2989.         3806.         4986.         6830.        10089.        16581.        31462.        73697.       236397.      1269685.  
2015      173        13       30             2362.         2899.         3692.         4842.         6653.         9864.        16265.        30953.        72700.       233659.      1256613.  
2015      173        13       35             2122.         2660.         3462.         4627.         6459.         9737.        16365.        31718.        75386.       243324.      1310718.  
2015      173        13       40             2107.         2624.         3394.         4521.         6311.         9520.        15991.        30948.        73522.       237487.      1279848.  
2015      173        13       45             2092.         2607.         3373.         4496.         6281.         9488.        15955.        30901.        73456.       237429.      1280988.  
2015      173        13       50             2047.         2547.         3293.         4395.         6162.         9357.        15818.        30748.        73251.       237021.      1280383.  
2015      173        13       55             2055.         2555.         3303.         4407.         6183.         9401.        15900.        30886.        73491.       237549.      1282932.  
2015      173        14        0             2383.         2905.         3675.         4802.         6599.         9817.        16217.        30795.        72142.       231647.      1249355.  
2015      173        14        5             2488.         3028.         3823.         4979.         6811.        10074.        16514.        31092.        72341.       231410.      1246375.  
2015      173        14       10             2473.         3032.         3854.         5042.         6910.        10216.        16700.        31319.        72632.       231864.      1247671.  
2015      173        14       15             2759.         3364.         4247.         5508.         7459.        10866.        17468.        32212.        73684.       233383.      1251812.  
2015      173        14       20             2901.         3533.         4454.         5759.         7760.        11224.        17877.        32640.        74055.       233476.      1250102.  
2015      173        14       25             2891.         3542.         4492.         5831.         7868.        11368.        18043.        32794.        74108.       233081.      1246795.  
2015      173        14       30             3062.         3756.         4765.         6169.         8280.        11888.        18735.        33790.        75757.       236837.      1263393.  
2015      173        14       35             2913.         3593.         4578.         5957.         8050.        11657.        18551.        33739.        75995.       237864.      1269198.  
2015      173        14       40             3010.         3711.         4718.         6123.         8251.        11923.        18953.        34419.        77282.       241102.      1284238.  
2015      173        14       45             2891.         3574.         4554.         5928.         8028.        11678.        18718.        34255.        77297.       241660.      1288559.  
2015      173        14       50             2789.         3456.         4412.         5760.         7835.        11463.        18500.        34086.        77286.       242188.      1292746.  
2015      173        14       55             2556.         3180.         4075.         5353.         7345.        10841.        17632.        32722.        74692.       235292.      1259784.  
2015      173        15        0             2582.         3200.         4085.         5350.         7325.        10784.        17492.        32401.        73906.       232890.      1247792.  
2015      173        15        5             2599.         3221.         4110.         5379.         7357.        10810.        17499.        32362.        73729.       232199.      1243989.  
2015      173        15       10             2687.         3331.         4250.         5553.         7565.        11047.        17741.        32556.        73772.       231734.      1240093.  
2015      173        15       15             2892.         3558.         4506.         5846.         7900.        11421.        18112.        32801.        73558.       229795.      1227277.  
2015      173        15       20             2948.         3641.         4626.         6009.         8110.        11690.        18468.        33302.        74384.       231731.      1235583.  
2015      173        15       25             3084.         3803.         4824.         6250.         8401.        12045.        18897.        33797.        74911.       232205.      1235224.  
2015      173        15       30             2841.         3548.         4556.         5963.         8094.        11741.        18653.        33745.        75348.       234070.      1244938.  
2015      173        15       35             2950.         3667.         4689.         6116.         8272.        11948.        18881.        33936.        75319.       233097.      1237751.  
2015      173        15       40             2907.         3619.         4635.         6055.         8208.        11891.        18843.        33921.        75289.       232781.      1234951.  
2015      173        15       45             2935.         3647.         4662.         6082.         8240.        11935.        18902.        33980.        75273.       232351.      1231642.  
2015      173        15       50             3000.         3715.         4734.         6161.         8329.        12045.        19041.        34138.        75386.       232130.      1228882.  
2015      173        15       55             2998.         3709.         4724.         6146.         8312.        12035.        19054.        34194.        75517.       232413.      1229764.  
2015      173        16        0             2970.         3678.         4688.         6102.         8265.        12005.        19089.        34390.        76100.       234119.      1237367.  
2015      173        16        5             2997.         3712.         4731.         6155.         8333.        12116.        19307.        34845.        77116.       236808.      1248818.  
2015      173        16       10             3000.         3708.         4717.         6131.         8301.        12081.        19272.        34803.        77030.       236455.      1246149.  
2015      173        16       15             2978.         3682.         4690.         6101.         8275.        12084.        19361.        35109.        77902.       239044.      1257246.  
2015      173        16       20             2897.         3582.         4565.         5950.         8103.        11902.        19192.        35013.        78047.       239953.      1261899.  
2015      173        16       25             2773.         3442.         4406.         5774.         7920.        11734.        19107.        35188.        79018.       243690.      1281716.  
2015      173        16       30             2669.         3316.         4254.         5593.         7712.        11501.        18852.        34937.        78868.       243864.      1282544.  
2015      173        16       35             2573.         3200.         4115.         5430.         7525.        11289.        18618.        34708.        78736.       244040.      1283188.  
2015      173        16       40             2568.         3174.         4060.         5339.         7391.        11090.        18300.        34132.        77524.       240748.      1267635.  
2015      173        16       45             2509.         3097.         3961.         5214.         7236.        10895.        18044.        33782.        76996.       239623.      1261947.  
2015      173        16       50             2455.         3033.         3884.         5125.         7133.        10775.        17910.        33656.        76951.       239837.      1262348.  
2015      173        16       55             2353.         2924.         3770.         5006.         7009.        10647.        17803.        33672.        77425.       242023.      1274446.  
2015      173        17        0             2467.         3043.         3899.         5149.         7162.        10800.        17938.        33767.        77456.       241920.      1272491.  
2015      173        17        5             2354.         2910.         3737.         4950.         6917.        10487.        17522.        33180.        76499.       239743.      1262485.  
2015      173        17       10             2322.         2865.         3673.         4862.         6790.        10297.        17216.        32638.        75370.       236520.      1244795.  
2015      173        17       15             2415.         2953.         3753.         4928.         6831.        10285.        17083.        32218.        74203.       232787.      1224582.  
2015      173        17       20             2522.         3064.         3868.         5045.         6943.        10374.        17112.        32095.        73674.       231000.      1216215.  
2015      173        17       25             2455.         2983.         3759.         4892.         6714.        10003.        16448.        30761.        70531.       221586.      1170346.  
2015      173        17       30             2558.         3104.         3903.         5062.         6899.        10173.        16534.        30616.        69755.       218681.      1154433.  
2015      173        17       35             2562.         3126.         3954.         5144.         7012.        10313.        16710.        30889.        70354.       220365.      1159492.  
2015      173        17       40             2682.         3270.         4132.         5359.         7261.        10587.        16996.        31173.        70622.       220528.      1156787.  
2015      173        17       45             2762.         3356.         4226.         5464.         7369.        10676.        17009.        30998.        70008.       218607.      1147825.  
2015      173        17       50             2852.         3461.         4350.         5610.         7535.        10838.        17118.        30954.        69572.       216965.      1139582.  
2015      173        17       55             2572.         3170.         4049.         5289.         7183.        10457.        16750.        30744.        69899.       218741.      1142934.  
2015      173        18        0             2635.         3239.         4127.         5376.         7279.        10580.        16949.        31150.        70890.       221690.      1155324.  
2015      173        18        5             2460.         3031.         3880.         5084.         6937.        10177.        16472.        30586.        70224.       220659.      1150684.  
2015      173        18       10             2493.         3055.         3893.         5085.         6928.        10159.        16441.        30531.        70116.       220327.      1148213.  
2015      173        18       15             2325.         2866.         3676.         4839.         6651.         9854.        16114.        30195.        69807.       220073.      1148471.  
2015      173        18       20             2279.         2809.         3603.         4746.         6534.         9700.        15895.        29841.        69082.       217809.      1133958.  
2015      173        18       25             2086.         2558.         3289.         4354.         6033.         9028.        14974.        28655.        67863.       217359.      1136742.  
2015      173        18       30             1931.         2359.         3034.         4029.         5609.         8446.        14129.        27395.        65870.       213223.      1118752.  
2015      173        18       35             2660.         3122.         3849.         4906.         6547.         9427.        15114.        28331.        66791.       214711.      1124269.  
2015      173        18       40             5596.         6222.         7163.         8470.        10388.        13563.        19525.        32824.        70931.       218056.      1125805.  
2015      173        18       45             5240.         5897.         6872.         8209.        10149.        13349.        19350.        32761.        71222.       219706.      1135504.  
2015      173        18       50            12000.        13029.        14418.        16187.        18576.        22297.        28938.        43016.        82319.       234780.      1182014.  
2015      173        18       55            14523.        15904.        17651.        19756.        22476.        26637.        33971.        49031.        89580.       245007.      1213262.  
2015      173        19        0            16224.        17934.        19996.        22366.        25307.        29753.        37595.        53492.        95076.       251569.      1220482.  
2015      173        19        5            16016.        17971.        20317.        22962.        26178.        31000.        39434.        56181.        98477.       254285.      1212090.  
2015      173        19       10            15954.        18092.        20739.        23772.        27458.        32863.        41961.        59202.       100963.       253228.      1188419.  
2015      173        19       15            14953.        17235.        20080.        23338.        27289.        33051.        42660.        60581.       102860.       254516.      1181899.  
2015      173        19       20            15058.        17611.        20710.        24157.        28249.        34264.        44458.        63546.       107589.       261902.      1201178.  
2015      173        19       25            17191.        20072.        23490.        27216.        31571.        37971.        48850.        68992.       114247.       269825.      1214767.  
2015      173        19       30            17571.        20596.        24161.        28040.        32580.        39275.        50677.        71675.       117973.       274209.      1218258.  
2015      173        19       35            17725.        20885.        24620.        28719.        33556.        40686.        52720.        74528.       121436.       276964.      1211929.  
2015      173        19       40            19155.        22541.        26433.        30597.        35430.        42637.        55068.        77905.       126818.       285833.      1236540.  
2015      173        19       45            21314.        24773.        28673.        32832.        37677.        44946.        57522.        80530.       129769.       289483.      1243616.  
2015      173        19       50            19637.        22832.        26499.        30565.        35509.        42981.        55669.        78369.       126569.       283439.      1219080.  
2015      173        19       55            17392.        20387.        23814.        27673.        32497.        39929.        52653.        75601.       124779.       283918.      1227695.  
2015      173        20        0            16125.        18907.        22117.        25863.        30744.        38335.        51147.        73818.       122003.       277840.      1198904.  
2015      173        20        5            13974.        16556.        19529.        23070.        27843.        35386.        48158.        70867.       119489.       276128.      1195582.  
2015      173        20       10            14694.        17277.        20216.        23749.        28605.        36318.        49264.        72056.       120683.       276941.      1191477.  
2015      173        20       15            13624.        16118.        18943.        22386.        27231.        34959.        47875.        70659.       119580.       276784.      1194208.  
2015      173        20       20            13202.        15641.        18411.        21811.        26629.        34318.        47134.        69708.       118197.       274028.      1181158.  
2015      173        20       25            13747.        16161.        18890.        22232.        26975.        34549.        47184.        69522.       117850.       273841.      1180709.  
2015      173        20       30            12618.        14791.        17286.        20398.        24884.        32117.        44229.        65729.       112690.       266003.      1160545.  
2015      173        20       35            11852.        13877.        16218.        19161.        23441.        30383.        42086.        63087.       109590.       262771.      1157580.  
2015      173        20       40            10187.        12018.        14166.        16912.        20957.        27570.        38795.        59111.       104472.       254689.      1130682.  
2015      173        20       45             9013.        10697.        12691.        15274.        19123.        25464.        36309.        56122.       100754.       249354.      1116291.  
2015      173        20       50             9880.        11557.        13556.        16144.        19977.        26275.        36996.        56429.       100033.       245875.      1100626.  
2015      173        20       55            11270.        13056.        15183.        17908.        21874.        28319.        39203.        58740.       102288.       248089.      1105719.  
2015      173        21        0            10769.        12596.        14775.        17549.        21545.        27993.        38890.        58520.       102330.       248856.      1110207.  
2015      173        21        5            10580.        12418.        14645.        17500.        21573.        28024.        38753.        57925.       100344.       241907.      1074688.  
2015      173        21       10            11042.        12940.        15254.        18215.        22396.        28920.        39633.        58656.       100597.       240566.      1064293.  
2015      173        21       15            11997.        13985.        16430.        19552.        23902.        30562.        41296.        60109.       101213.       238013.      1039593.  
2015      173        21       20            11779.        13789.        16236.        19325.        23603.        30200.        40977.        59985.       101600.       239806.      1044339.  
2015      173        21       25            11120.        13101.        15491.        18491.        22647.        29130.        39878.        59014.       101110.       240538.      1046405.  
2015      173        21       30            11474.        13398.        15731.        18679.        22793.        29215.        39813.        58574.        99660.       235397.      1014499.  
2015      173        21       35            12167.        14078.        16404.        19363.        23513.        29983.        40593.        59258.       100000.       234854.      1012533.  
2015      173        21       40            10868.        12738.        14965.        17771.        21755.        28142.        38933.        58371.       101621.       245233.      1075313.  
2015      173        21       45            12080.        13863.        16050.        18873.        22904.        29253.        39683.        58035.        98103.       230831.       997564.  
2015      173        21       50            12564.        14285.        16405.        19158.        23122.        29418.        39791.        57986.        97523.       228205.       981494.  
2015      173        21       55            12238.        13913.        15965.        18634.        22507.        28728.        39068.        57270.        96895.       227755.       979546.  
2015      173        22        0            13125.        14876.        17032.        19824.        23834.        30192.        40642.        58886.        98312.       228171.       973555.  
2015      173        22        5            12676.        14412.        16523.        19244.        23163.        29436.        39861.        58187.        98090.       229776.       982450.  
2015      173        22       10            12316.        13984.        16006.        18619.        22414.        28557.        38865.        57080.        96954.       228767.       979595.  
2015      173        22       15            11143.        12701.        14597.        17066.        20698.        26658.        36777.        54804.        94495.       225832.       972075.  
2015      173        22       20            10857.        12383.        14246.        16677.        20263.        26170.        36240.        54226.        93916.       225416.       972624.  
2015      173        22       25            11638.        13202.        15103.        17573.        21207.        27194.        37388.        55532.        95478.       227714.       977935.  
2015      173        22       30            11812.        13344.        15216.        17660.        21263.        27207.        37337.        55357.        95045.       226813.       976661.  
2015      173        22       35            11358.        12806.        14575.        16899.        20379.        26208.        36223.        54114.        93668.       224751.       965653.  
2015      173        22       40             9948.        11306.        12973.        15174.        18516.        24186.        34018.        51781.        91445.       222965.       963680.  
2015      173        22       45            10420.        11822.        13548.        15825.        19240.        24967.        34842.        52569.        91893.       222584.       964467.  
2015      173        22       50             9769.        11196.        12937.        15223.        18647.        24383.        34278.        52152.        92009.       224124.       970175.  
2015      173        22       55             9543.        11016.        12810.        15156.        18639.        24409.        34304.        52155.        91840.       222997.       962319.  
2015      173        23        0             9078.        10569.        12390.        14771.        18281.        24029.        33815.        51468.        90635.       219676.       944937.  
2015      173        23        5             9749.        11288.        13165.        15607.        19181.        25001.        34866.        52581.        91765.       220722.       944010.  
2015      173        23       10             9958.        11514.        13409.        15868.        19463.        25308.        35203.        52958.        92226.       221451.       945870.  
2015      173        23       15             9755.        11323.        13230.        15705.        19313.        25153.        35013.        52733.        91969.       220966.       942803.  
2015      173        23       20             9512.        11073.        12974.        15443.        19041.        24862.        34689.        52375.        91569.       220385.       940801.  
2015      173        23       25             9064.        10583.        12434.        14845.        18379.        24124.        33865.        51471.        90620.       219308.       937761.  
2015      173        23       30             9128.        10628.        12453.        14833.        18337.        24062.        33796.        51395.        90542.       219259.       937371.  
2015      173        23       35             9600.        11069.        12861.        15205.        18670.        24360.        34043.        51482.        90166.       217445.       927409.  
2015      173        23       40             9676.        11139.        12919.        15246.        18690.        24365.        34051.        51512.        90308.       217988.       928582.  
2015      173        23       45             9140.        10563.        12302.        14583.        17969.        23551.        33093.        50368.        88880.       215767.       921923.  
2015      173        23       50             8778.        10150.        11833.        14047.        17347.        22815.        32213.        49336.        87801.       215088.       924119.  
2015      173        23       55             8142.         9422.        11001.        13097.        16250.        21519.        30646.        47408.        85371.       211586.       915191.  
2015      174         0        0             7989.         9214.        10731.        12753.        15813.        20967.        29949.        46516.        84246.       210062.       910382.  
2015      174         0        5             8291.         9495.        10991.        12986.        16015.        21138.        30083.        46571.        84164.       209693.       907199.  
2015      174         0       10             7683.         8826.        10263.        12192.        15118.        20053.        28678.        44614.        80959.       202515.       879553.  
2015      174         0       15             8473.         9651.        11141.        13136.        16128.        21115.        29755.        45599.        81526.       201614.       870794.  
2015      174         0       20             8627.         9823.        11342.        13376.        16405.        21404.        30004.        45717.        81229.       199776.       860638.  
2015      174         0       25             8111.         9273.        10735.        12694.        15649.        20611.        29255.        45171.        81389.       202445.       875331.  
2015      174         0       30             6827.         7906.         9268.        11106.        13912.        18679.        27068.        42685.        78517.       198483.       864816.  
2015      174         0       35             6749.         7819.         9171.        10996.        13788.        18541.        26926.        42557.        78481.       198817.       866792.  
2015      174         0       40             6812.         7874.         9222.        11044.        13819.        18524.        26806.        42237.        77723.       196797.       858365.  
2015      174         0       40             6812.         7874.         9222.        11044.        13819.        18524.        26806.        42237.        77723.       196797.       858365.  
