#_____________ QUERY RESULTS SUMMARY ____________________________________
#
#      STATION: PSNM, ATHN, MXCO, NANM, ROME, AATB, BKSN, JUNG, JUNG1, IRK3, IRKT, MOSC, NEWK, KERG, OULU, APTY, NRLK, FSMT, INVK, JBGO, NAIN, PWNK, THUL, SOPB, SOPO, MRNY, DOMB, DOMC, TERA
#   START TIME: 2024-05-10 00:00:00 UTC
#     END TIME: 2024-08-11 12:00:00 UTC
#   NMDB TABLE: 1 hour validated
#    DATA TYPE: corr_for_efficiency
#    AVERAGING: Yes / 12 hours
# ORIGINAL RES: 60 min
#________________________________________________________________________
#
# Timestamps always correspond to the beginning of the time interval 
#________________________________________________________________________
#
# ____________________________________________________________________________________________________
#|                                                                                                    |
#| Data retrieved via NMDB are the property of the individual data providers. These data are free for |
#| non commercial use to within the restriction imposed by the providers. If you use such data for    |
#| your research or applications, please acknowledge the origin by a sentence like 'We acknowledge    |
#| the NMDB database (www.nmdb.eu) founded under the European Union's FP7 programme (contract no. 213 |
#| 007), and the PIs of individual neutron monitors at: Doi Inthanon (Princess Sirindhorn NM) (Mahido |
#| l University, Chulalongkorn University, and Ubon Rajathanee University, Thailand), Athens (Physics |
#|  Department of the National and Kapodistrian University of Athens, Greece), Mexico (Cosmic Ray Gro |
#| up, Geophysical Institute, National Autonomous University of Mexico, UNAM, Mexico), Nor-Amberd (Co |
#| smic Ray Division, CRD, of A.I. Alikhanyan National Science Laboratory, Yerevan, Armenia), Rome (S |
#| VIRCO Observatory, INAF IFSI-UNIRomaTre, Italy), Alma-Ata B (Institute of Ionosphere, Almaty, Kaza |
#| khstan), Baksan (Institute of Nuclear Physics, Russian Academy of Sciences, Russia), IGY Jungfrauj |
#| och and NM64 Jungfraujoch (Physikalisches Institut, University of Bern, Switzerland), Irkutsk 3, I |
#| rkustk and Norilsk (Institute of Solar-Terrestrial Physics ISFZ, Russian Academy of Sciences, Irku |
#| tsk, Russia), Moscow and Mirny (Pushkov Institute of Terrestrial Magnetism, Ionosphere and radio w |
#| ave propagation IZMIRAN, Troitsk, Russia), Newark, Fort Smith, Inuvik, Nain, Peawanuck and Thule ( |
#| University of Delaware Department of Physics and Astronomy and the Bartol Research Institute, USA) |
#| , Kerguelen and Terre Adelie (Observatoire de Paris and the French Polar Institute IPEV, France),  |
#| Oulu, Dome C mini NM (bare) and Dome C mini NM (Sodankyla Geophysical Observatory of the Universit |
#| y of Oulu, Finland), Apatity (Polar Geophysical Institute, Apatity, Murmansk Region, Russia), Jang |
#| Bogo (Chonnam National University, Department of Earth Science Education, South Korea), South Pole |
#|  Bare and South Pole (University of Wisconsin, River Falls, USA)                                   |
#|____________________________________________________________________________________________________|
#
                       PSNM    ATHN    MXCO    NANM    ROME    AATB    BKSN    JUNG   JUNG1    IRK3    IRKT    MOSC    NEWK    KERG    OULU    APTY    NRLK    FSMT    INVK    JBGO    NAIN    PWNK    THUL    SOPB    SOPO    MRNY    DOMB    DOMC    TERA
2024-05-10 00:00:00;612.089;   null;220.405;466.372;   null;1276.442;116.752;151.314;327.326; 48.000;198.833;201.657; 88.826;207.789; 98.810;162.018;155.455;199.231;176.637;249.900;196.493;201.447;112.922;128.279;268.816;109.953;  4.538; 16.863;108.876
2024-05-10 12:00:00;610.789;   null;219.404;463.859;   null;1273.183;115.796;151.076;327.585; 47.000;195.667;196.454; 87.391;203.102; 96.900;158.185;152.083;195.414;173.788;240.575;193.294;198.167;111.188;123.405;259.451;106.774;  4.377; 16.280;106.083
2024-05-11 00:00:00;596.419;   null;207.132;442.518;115.224;1213.125;110.314;141.092;306.363; 44.000;186.833;184.383; 81.451;191.050; 90.912;148.128;143.000;181.533;162.274;225.200;178.869;183.465;103.363;114.911;240.588; 99.663;  4.067; 15.100; 98.817
2024-05-11 12:00:00;592.088;   null;207.260;437.676;114.665;1191.533;109.210;139.742;303.996; 43.167;186.417;181.894; 81.717;187.343; 89.636;146.414;140.364;181.589;161.393;225.075;178.894;183.807;102.962;112.328;237.364; 98.012;  3.937; 14.762; 98.431
2024-05-12 00:00:00;596.958;   null;207.220;441.453;115.185;1198.617;110.443;139.707;304.502; 43.727;191.833;184.941; 81.748;188.486; 91.274;149.256;144.417;182.291;162.121;225.590;179.719;183.602;103.855;112.049;236.994; 99.395;  3.961; 14.766; 98.748
2024-05-12 12:00:00;595.812;   null;208.796;440.818;115.227;1190.508;109.768;140.017;305.912; 43.833;179.818;185.587; 82.859;191.384; 91.348;149.238;143.833;184.621;163.822;227.114;182.123;185.545;104.940;113.727;240.485;100.223;  3.991; 14.939; 99.347
2024-05-13 00:00:00;599.608;   null;212.530;450.750;118.063;1213.500;112.849;144.475;315.687; 44.667;   null;191.595; 84.039;199.212; 94.139;154.048;147.250;187.043;166.415;231.725;185.593;189.021;106.695;116.805;246.196;103.568;  4.105; 15.429;101.783
2024-05-13 12:00:00;600.363;   null;212.876;447.895;116.607;1216.167;111.840;143.307;312.650; 45.000;   null;189.529; 84.843;195.038; 93.609;153.338;146.417;190.040;168.356;235.371;186.777;190.518;108.187;119.272;251.242;103.432;  4.187; 15.580;102.596
2024-05-14 00:00:00;605.200;   null;212.591;453.158;117.810;1229.433;113.355;144.840;316.033; 45.500;   null;192.235; 84.658;199.085; 94.724;155.524;147.000;191.454;170.330;231.400;188.857;192.855;109.912;116.541;245.609;104.135;  4.124; 15.393;102.158
2024-05-14 12:00:00;602.324;   null;214.024;454.351;118.513;1235.342;113.835;145.767;319.045; 45.583;   null;193.826; 85.351;200.920; 95.799;156.537;   null;191.440;170.597;233.933;190.528;193.438;109.709;118.625;249.803;104.506;  4.171; 15.550;102.655
2024-05-15 00:00:00;605.419;   null;214.106;452.336;117.791;1235.025;113.322;144.753;316.595; 45.833;190.182;192.472; 85.563;200.704; 94.842;155.111;   null;193.932;172.008;235.510;190.621;195.482;110.228;119.618;251.295;104.870;  4.216; 15.637;103.447
2024-05-15 12:00:00;602.480;   null;214.413;454.221;118.654;1243.350;113.528;146.208;320.228; 45.667;191.750;194.653; 85.685;201.640; 95.840;157.007;   null;191.546;169.975;236.500;190.305;193.943;110.028;120.850;253.858;105.542;  4.281; 15.769;104.015
2024-05-16 00:00:00;605.738;   null;214.899;455.807;118.455;1254.067;114.026;146.232;319.040; 46.500;193.917;193.558; 85.988;200.623; 95.630;156.371;   null;193.913;171.673;238.533;191.115;195.724;109.716;121.436;255.068;105.552;  4.300; 15.882;104.907
2024-05-16 12:00:00;603.544;   null;215.081;454.145;118.540;1234.717;113.905;146.145;318.374; 46.083;192.333;193.449; 86.259;198.792; 95.259;155.556;   null;191.288;169.019;238.140;190.899;193.626;108.950;121.036;254.407;104.769;  4.267; 15.829;104.310
2024-05-17 00:00:00;603.649;   null;213.895;453.631;118.137;1233.217;113.735;145.729;316.592; 46.083;193.250;194.087; 85.144;200.644; 95.839;156.326;154.182;190.857;169.434;237.409;189.202;192.870;108.923;120.530;253.960;105.918;  4.281; 15.820;104.461
2024-05-17 12:00:00;601.704;   null;215.092;453.075;121.505;1228.558;113.512;147.391;319.190; 45.750;192.417;193.721; 86.234;199.187; 95.988;156.387;149.333;192.207;170.167;236.814;192.212;194.924;110.186;120.396;252.954;105.595;  4.238; 15.712;103.685
2024-05-18 00:00:00;604.237;   null;213.831;452.518;117.980;1233.200;113.647;146.229;316.508; 46.000;219.750;193.118; 85.510;198.069; 94.789;155.208;149.083;192.678;172.010;236.571;190.578;194.237;108.984;120.329;253.066;105.797;  4.237; 15.765;103.916
2024-05-18 12:00:00;604.201;   null;214.211;452.273;117.927;1231.033;112.989;145.632;315.693; 46.000;219.667;192.785; 85.647;198.859; 94.925;155.371;148.750;191.363;170.737;238.760;190.714;194.033;109.157;121.366;255.114;105.844;  4.268; 15.877;104.255
2024-05-19 00:00:00;605.057;   null;214.127;452.438;118.096;1234.967;113.679;146.045;316.568; 46.000;220.667;193.382; 85.172;200.457; 94.752;155.350;148.917;190.994;170.789;239.289;189.541;192.416;108.513;121.332;254.980;106.306;  4.274; 15.889;104.870
2024-05-19 12:00:00;603.667;   null;213.862;451.309;117.817;1226.058;112.819;145.335;314.989; 45.667;219.083;192.547; 85.380;200.305; 94.754;155.594;148.750;191.658;170.608;238.390;188.773;192.509;108.891;120.874;254.127;105.125;  4.246; 15.792;104.345
2024-05-20 00:00:00;604.459;   null;214.441;453.055;118.297;1234.850;113.316;146.076;317.214; 46.000;219.750;194.307; 85.760;202.562; 95.927;156.891;150.083;192.729;171.501;239.289;189.425;193.759;109.668;121.808;256.042;105.917;  4.275; 15.951;104.880
2024-05-20 12:00:00;605.261;   null;214.779;453.384;118.315;1235.083;113.027;145.942;316.752; 45.917;219.167;194.410; 86.212;202.095; 96.147;157.479;149.417;193.826;172.167;240.810;190.485;195.486;110.252;122.927;258.082;106.296;  4.330; 16.048;105.093
2024-05-21 00:00:00;605.822;   null;214.941;452.884;118.483;1236.100;113.013;145.326;314.342; 46.000;219.083;193.472; 85.634;200.731; 95.818;156.644;148.167;192.329;171.446;240.030;188.699;194.698;109.704;121.969;256.439;105.948;  4.324; 15.981;105.113
2024-05-21 12:00:00;605.828;   null;215.490;453.308;118.625;1234.150;112.946;145.008;313.094; 45.500;219.083;193.404; 85.985;201.887; 95.806;156.308;147.833;193.177;171.412;240.567;190.053;195.265;109.938;122.154;257.681;105.427;  4.315; 15.915;104.694
2024-05-22 00:00:00;607.256;   null;215.498;455.063;119.037;1241.083;113.591;145.849;314.168; 46.000;220.917;194.422; 85.765;200.843; 95.776;156.668;148.833;193.061;171.731;240.480;189.937;195.085;110.119;121.879;256.802;105.788;  4.324; 15.944;104.896
2024-05-22 12:00:00;604.643;   null;215.797;453.253;118.734;1234.258;112.956;146.110;314.428; 45.833;219.417;194.227; 86.083;200.009; 96.140;156.589;149.083;193.963;171.690;239.157;191.383;196.309;110.410;121.947;256.968;105.257;  4.301; 15.852;104.786
2024-05-23 00:00:00;606.387;   null;214.815;454.207;118.482;1236.317;113.156;145.042;311.697; 46.000;220.167;194.595; 85.411;200.885; 95.771;156.129;150.000;192.777;171.033;239.340;190.262;194.357;109.906;121.447;255.608;105.307;  4.309; 15.916;104.793
2024-05-23 12:00:00;606.988;   null;215.851;457.429;119.389;1242.450;113.707;145.149;311.843; 46.000;221.583;194.887; 86.043;201.280; 95.740;156.376;150.750;193.977;172.443;240.371;191.510;195.912;110.745;122.095;256.853;105.931;  4.275; 16.026;105.227
2024-05-24 00:00:00;609.574;   null;216.848;458.302;119.563;1249.317;114.135;146.680;313.059; 46.143;222.250;195.996; 86.218;202.523; 96.188;157.261;151.167;194.261;172.578;241.157;191.849;196.731;110.873;122.403;257.828;105.671;  4.309; 16.090;105.516
2024-05-24 12:00:00;609.530;   null;216.825;458.140;119.689;1247.167;113.855;147.048;312.493;   null;222.083;195.571; 86.739;202.965; 95.965;156.907;151.167;194.807;172.735;242.271;192.243;197.715;110.938;123.460;259.496;105.924;  4.306; 16.158;105.241
2024-05-25 00:00:00;609.217;   null;217.613;458.984;119.953;1249.208;114.184;147.804;313.901;   null;222.333;196.258; 86.862;203.896; 96.857;157.502;151.083;194.840;172.631;242.000;193.072;197.577;111.383;122.979;259.137;106.847;  4.336; 16.168;105.489
2024-05-25 12:00:00;610.355;   null;217.860;461.737;120.162;1254.033;114.474;147.696;313.159;   null;223.500;196.376; 86.918;203.887; 96.846;157.218;151.417;195.587;173.635;242.457;193.360;197.837;111.662;123.552;259.892;107.592;  4.342; 16.180;105.803
2024-05-26 00:00:00;610.205;   null;218.408;461.499;120.604;1256.650;115.055;148.602;315.063;   null;223.583;197.496; 87.151;205.860; 97.385;157.560;151.167;195.096;173.849;243.167;193.860;198.149;111.592;124.033;260.405;108.016;  4.372; 16.219;106.105
2024-05-26 12:00:00;611.033;   null;218.799;460.864;120.332;1259.550;114.889;148.567;314.726;   null;223.417;196.775; 87.204;205.297; 97.102;157.689;151.500;196.241;174.288;242.925;193.878;197.923;111.746;124.366;260.843;108.203;  4.369; 16.242;106.220
2024-05-27 00:00:00;609.089;   null;218.906;462.299;120.804;1266.483;115.216;148.970;316.111; 48.000;224.333;197.924; 87.193;205.702; 97.186;158.028;151.667;196.496;174.565;243.456;194.381;198.063;111.748;124.630;261.451;108.810;  4.431; 16.305;106.166
2024-05-27 12:00:00;609.244;   null;218.685;465.096;120.485;1265.125;114.681;148.180;314.856; 47.417;219.417;197.775; 87.239;204.741; 97.182;158.179;151.000;195.879;174.008;243.150;194.124;197.953;111.394;124.551;261.783;108.907;  4.401; 16.285;105.902
2024-05-28 00:00:00;609.245;   null;218.643;462.354;119.785;1256.500;114.244;147.063;311.617; 46.333;223.500;196.596; 86.922;202.865; 96.769;157.339;150.333;196.116;173.295;242.800;192.869;199.109;111.437;124.325;261.372;108.229;  4.409; 16.236;105.798
2024-05-28 12:00:00;607.023;   null;217.432;462.372;120.025;1248.292;113.811;147.561;311.943; 47.000;222.167;196.448; 86.831;203.158; 96.397;156.566;150.083;194.338;173.205;242.150;192.068;197.520;111.510;123.638;259.877;107.912;  4.366; 16.215;105.471
2024-05-29 00:00:00;608.100;   null;217.188;459.336;119.624;1252.733;113.814;146.995;310.899; 46.125;223.000;196.137; 86.657;201.997; 96.463;156.764;150.833;194.263;173.118;241.400;191.845;197.703;110.855;122.826;258.390;107.547;  4.311; 16.135;105.356
2024-05-29 12:00:00;609.686;   null;216.985;459.312;119.653;1255.650;114.042;147.145;311.171; 46.250;222.917;195.760; 86.874;202.586; 96.325;156.529;150.333;194.298;173.717;241.567;193.018;197.827;110.660;123.153;258.468;107.866;  4.310; 16.160;105.457
2024-05-30 00:00:00;611.389;   null;217.967;459.853;120.003;1259.017;114.232;147.026;310.941; 46.333;223.250;196.317; 87.053;203.513; 96.652;156.919;150.333;194.198;174.169;242.633;193.863;198.869;111.391;123.657;259.387;108.240;  4.323; 16.216;105.779
2024-05-30 12:00:00;614.109;   null;218.688;463.168;120.303;1266.892;114.749;148.062;312.949; 43.083;224.250;197.295; 87.885;204.128; 97.193;157.773;151.250;196.048;175.518;243.400;194.954;200.895;112.248;123.952;260.026;108.183;  4.364; 16.257;106.387
2024-05-31 00:00:00;613.365;   null;219.775;466.868;121.024;1270.150;115.251;148.487;312.660; 47.000;219.667;198.688; 88.213;205.870; 97.766;158.562;152.417;196.457;175.486;241.825;195.283;201.665;112.524;124.476;260.887;106.630;  4.328; 16.253;105.800
2024-05-31 12:00:00;613.775;   null;219.027;464.255;120.508;1265.725;114.300;146.528;306.885; 47.000;197.333;197.283; 88.123;202.935; 97.423;158.382;151.833;196.833;176.046;241.557;196.012;201.482;112.794;123.593;259.509;107.507;  4.314; 16.184;105.501
2024-06-01 00:00:00;610.312;   null;218.826;466.450;120.693;1262.258;114.335;147.690;309.494; 46.909;196.909;197.683; 87.662;203.069; 97.767;158.482;   null;195.847;175.232;241.287;194.494;198.424;112.491;123.361;259.459;107.937;  4.351; 16.211;105.733
2024-06-01 12:00:00;610.821;   null;218.486;465.891;120.126;1256.333;113.926;148.059;309.983; 42.750;196.000;196.687; 87.427;202.488; 96.958;157.386;   null;195.156;174.100;242.375;193.097;197.117;111.611;123.653;259.793;107.437;  4.329; 16.215;105.721
2024-06-02 00:00:00;610.408;   null;218.574;466.729;120.163;1257.933;114.260;148.217;310.744; 47.000;196.917;197.011; 87.396;203.744; 97.158;157.619;   null;195.550;174.067;242.490;193.735;198.069;111.944;123.693;259.749;107.733;  4.370; 16.189;105.854
2024-06-02 12:00:00;610.684;   null;219.327;467.789;120.135;1258.317;114.060;147.822;309.468; 47.000;197.583;197.196; 87.258;203.952; 97.009;157.342;   null;195.793;173.907;242.730;193.653;197.860;111.776;124.154;260.495;107.432;  4.359; 16.231;105.880
2024-06-03 00:00:00;610.176;   null;219.779;469.243;120.483;1264.408;114.180;147.584;308.371; 47.000;197.833;198.017; 87.323;204.393; 97.515;158.681;   null;195.804;173.950;   null;194.462;198.748;112.320;123.935;260.484;107.721;  4.361; 16.304;106.012
2024-06-03 12:00:00;609.652;   null;220.039;469.920;120.451;1263.508;114.096;147.441;308.611; 46.625;197.000;197.691; 87.774;205.108; 97.426;158.493;   null;196.749;174.466;   null;194.502;199.308;112.611;124.709;262.307;107.653;  4.387; 16.333;106.219
2024-06-04 00:00:00;611.752;   null;219.424;470.332;120.410;1267.600;114.627;147.807;308.623; 47.083;196.500;197.658; 87.247;205.434; 97.247;158.162;151.667;195.409;173.614;244.582;193.408;197.328;112.218;125.055;262.601;108.293;  4.410; 16.414;106.864
2024-06-04 12:00:00;608.257;   null;219.615;468.874;120.722;1259.975;114.119;148.320;310.267; 47.000;195.583;197.754; 87.534;205.629; 97.501;158.546;151.083;195.585;173.893;244.367;194.164;197.371;112.517;124.649;262.207;108.190;  4.403; 16.353;106.664
2024-06-05 00:00:00;612.406;   null;218.286;469.448;120.314;1265.633;114.406;147.956;309.215; 46.917;221.583;197.571; 87.089;205.049; 97.283;158.213;151.750;195.484;174.177;244.520;193.928;197.366;112.043;124.668;261.957;108.340;  4.407; 16.378;107.245
2024-06-05 12:00:00;608.413;   null;219.372;468.245;120.464;1257.950;114.013;149.023;311.761; 47.000;223.750;198.161; 87.663;204.177; 97.845;159.178;152.000;196.323;174.303;242.367;195.128;198.472;112.702;124.723;261.950;107.625;  4.336; 16.284;106.513
2024-06-06 00:00:00;610.735;   null;218.323;467.299;119.852;1255.192;113.637;147.613;309.171; 46.417;197.583;196.547; 86.506;203.665; 96.877;157.751;150.636;195.963;174.197;241.967;193.424;197.055;112.014;123.442;259.590;106.904;  4.310; 16.070;105.703
2024-06-06 12:00:00;610.447;   null;218.469;467.858;120.038;1254.418;113.814;147.047;308.077; 46.833;192.750;196.786; 86.670;204.766; 96.980;158.235;100.583;195.182;173.673;242.086;193.603;197.322;112.133;123.418;258.751;107.632;  4.310; 16.122;106.316
2024-06-07 00:00:00;611.234;   null;219.078;467.578;120.415;1260.942;114.053;147.699;309.368; 47.000;192.917;196.872; 87.155;205.636; 97.490;158.346;126.500;195.485;174.138;242.289;194.209;197.907;111.987;123.779;259.972;107.902;  4.337; 16.205;106.325
2024-06-07 12:00:00;613.028;   null;219.149;469.340;120.458;1266.058;114.474;148.170;310.621; 47.000;193.250;197.388; 87.426;204.947; 97.566;158.334;151.583;196.059;175.028;242.900;194.167;198.390;112.152;124.292;261.114;107.747;  4.327; 16.249;106.650
2024-06-08 00:00:00;613.001;   null;220.192;468.482;120.770;1267.217;114.851;149.040;312.793; 47.000;193.667;198.583; 87.733;206.116; 98.087;159.370;152.167;195.442;174.758;244.771;194.251;198.577;112.214;125.725;262.912;108.771;  4.404; 16.363;107.382
2024-06-08 12:00:00;612.770;   null;219.987;467.659;120.915;1267.500;114.826;149.073;312.377; 47.000;193.583;198.726; 88.006;204.333; 98.201;159.833;151.583;196.623;175.258;245.533;195.622;199.507;112.655;125.610;263.381;108.689;  4.419; 16.418;107.527
2024-06-09 00:00:00;614.581;   null;220.160;468.281;121.061;1274.842;115.321;149.824;314.269; 43.500;194.000;199.097; 87.973;205.919; 98.088;159.718;151.833;197.608;176.363;246.563;195.303;200.695;112.549;125.977;264.628;109.479;  4.446; 16.532;108.084
2024-06-09 12:00:00;612.603;   null;220.680;469.309;121.456;1271.308;115.470;150.582;317.693; 47.167;193.333;199.752; 88.618;206.931; 98.668;160.627;152.083;197.475;175.893;247.217;196.493;201.640;113.018;126.970;266.577;108.989;  4.458; 16.547;107.963
2024-06-10 00:00:00;614.299;   null;220.025;468.373;121.070;1274.742;115.668;150.306;315.844; 43.583;195.250;199.338; 88.388;207.068; 98.311;160.298;152.667;197.914;176.874;246.900;196.155;201.595;113.029;126.241;264.381;108.562;  4.452; 16.521;108.412
2024-06-10 12:00:00;611.996;   null;220.104;467.609;121.111;1268.575;114.767;150.838;318.725; 47.250;194.250;198.617; 88.681;206.421; 98.565;160.681;152.333;198.350;176.169;247.280;197.063;201.983;113.165;127.510;266.160;109.389;  4.466; 16.560;107.926
2024-06-11 00:00:00;614.289;   null;220.161;469.622;121.448;1278.458;115.754;151.140;320.353; 47.917;195.667;198.753; 88.685;206.986; 98.213;160.020;151.750;196.903;176.049;246.610;195.729;200.483;112.631;126.495;264.754;109.205;  4.420; 16.536;107.857
2024-06-11 12:00:00;610.605;   null;220.638;467.806;121.220;1265.458;115.048;151.151;320.290; 47.083;194.500;198.911; 88.844;207.430; 98.466;160.111;152.167;196.944;176.022;246.571;196.900;200.737;113.125;126.726;265.284;109.123;  4.407; 16.568;107.671
2024-06-12 00:00:00;612.797;   null;220.569;469.299;121.159;1272.150;114.892;150.742;319.588; 43.750;195.583;198.913; 88.794;207.540; 98.630;160.632;152.833;198.663;177.384;246.425;197.002;201.365;113.645;126.941;265.587;109.107;  4.442; 16.583;107.820
2024-06-12 12:00:00;609.236;   null;221.078;471.698;121.924;1274.858;115.402;151.617;322.321; 47.917;195.750;199.776; 88.818;208.472; 98.822;160.587;153.417;199.282;177.858;246.700;197.746;201.912;113.748;127.059;266.195;109.668;  4.442; 16.619;107.888
2024-06-13 00:00:00;611.840;   null;221.095;472.867;121.598;1277.475;115.278;151.152;321.463; 47.750;196.167;199.600; 88.643;208.068; 98.864;160.800;153.917;199.188;177.868;246.911;196.967;201.407;113.879;127.098;266.532;110.166;  4.467; 16.678;108.163
2024-06-13 12:00:00;609.734;   null;221.491;473.194;122.159;1278.092;115.287;151.739;323.358; 47.667;195.583;200.048; 89.123;209.262; 99.306;161.308;153.167;199.249;177.491;246.433;198.155;202.503;114.028;127.158;266.464;109.995;  4.435; 16.649;108.115
2024-06-14 00:00:00;612.636;   null;221.175;472.473;121.636;1281.517;115.718;150.950;321.569; 47.833;196.417;200.184; 88.537;208.740; 98.674;160.418;153.917;200.327;178.735;245.950;196.802;202.476;114.216;126.183;265.010;109.714;  4.414; 16.573;107.915
2024-06-14 12:00:00;611.286;   null;221.282;475.112;122.095;1282.483;115.913;151.561;322.889; 48.000;196.417;200.955; 88.731;208.463; 99.595;161.836;154.250;199.642;178.472;246.000;197.798;202.128;114.858;126.712;265.797;109.801;  4.416; 16.589;108.218
2024-06-15 00:00:00;614.075;   null;221.185;473.848;121.805;1280.083;115.817;150.339;321.243; 48.000;196.667;200.322; 88.861;207.249; 99.308;161.243;154.500;199.795;178.170;246.900;197.497;202.839;114.560;126.950;266.432;110.254;  4.481; 16.690;108.382
2024-06-15 12:00:00;611.204;   null;220.563;471.912;121.393;1270.258;115.074;150.099;321.188; 47.500;194.667;199.242; 88.763;206.580; 98.506;160.184;153.083;198.106;176.760;245.150;197.723;201.798;113.652;125.543;263.859;109.031;  4.419; 16.453;107.410
2024-06-16 00:00:00;609.401; 53.861;218.271;467.269;120.015;1258.592;113.820;148.474;317.513; 47.083;193.000;196.695; 87.429;206.269; 97.090;157.903;151.583;196.514;174.790;243.844;194.469;198.016;111.803;124.434;261.537;108.203;  4.347; 16.329;106.614
2024-06-16 12:00:00;610.183; 53.874;219.118;467.951;120.422;1259.525;113.688;149.002;318.739; 47.000;192.833;197.036; 87.615;204.178; 97.301;158.126;151.917;196.583;174.892;243.780;195.075;198.175;111.897;124.397;261.541;107.691;  4.341; 16.392;106.815
2024-06-17 00:00:00;610.356; 53.868;218.821;467.523;120.005;1259.950;113.742;148.522;317.795; 47.000;188.917;197.095; 87.483;204.338; 97.003;157.831;152.000;196.595;174.855;244.129;195.273;197.951;111.815;124.793;261.983;108.110;  4.349; 16.354;107.108
2024-06-17 12:00:00;609.082; 53.826;219.527;467.948;120.531;1260.600;113.583;149.085;319.055; 43.083;185.167;197.254; 87.773;205.756; 97.474;158.193;   null;196.324;174.863;244.687;195.437;198.933;111.900;124.938;262.470;108.812;  4.383; 16.411;107.293
2024-06-18 00:00:00;611.934; 54.032;219.691;469.442;120.411;1266.125;123.811;149.501;320.775; 47.500;186.417;197.464; 87.947;205.836; 97.416;158.540;   null;197.272;176.086;245.671;194.720;199.535;112.323;125.106;263.073;109.234;  4.408; 16.460;107.316
2024-06-18 12:00:00;611.291; 54.366;220.451;472.314;121.205;1268.467;114.464;149.753;324.032; 43.417;186.917;199.150; 88.679;207.625; 98.053;159.861;   null;197.554;175.989;246.275;196.175;200.179;112.742;126.073;264.649;109.375;  4.414; 16.536;107.505
2024-06-19 00:00:00;614.244; 54.332;220.913;471.095;120.998;1272.108;114.411;149.385;325.183; 47.667;187.583;199.176; 88.430;207.882; 98.146;160.180;   null;198.617;176.818;246.936;196.773;200.453;113.082;126.734;266.040;109.319;  4.431; 16.627;107.967
2024-06-19 12:00:00;613.716; 54.500;221.705;473.502;121.734;1276.875;114.932;150.805;331.717; 43.833;188.167;200.337; 88.809;209.477; 98.761;160.929;   null;199.296;177.574;248.056;196.908;201.968;113.616;127.316;267.046;109.674;  4.462; 16.676;108.213
2024-06-20 00:00:00;616.502; 54.438;221.697;476.094;121.776;1282.000;115.509;151.172;334.434; 43.545;189.500;200.431; 89.073;208.719; 98.779;161.348;   null;200.132;178.021;   null;196.108;202.384;113.825;127.279;267.182;109.765;  4.466; 16.690;108.625
2024-06-20 12:00:00;615.707; 54.846;222.082;478.254;121.988;1284.717;115.844;151.688;339.500; 48.000;196.917;201.332; 89.050;210.220; 99.208;161.773;   null;199.685;178.217;   null;197.971;203.320;114.127;128.048;268.775;110.595;  4.494; 16.741;108.807
2024-06-21 00:00:00;617.185; 54.906;221.888;475.908;122.095;1284.975;115.987;151.638;342.618; 48.000;197.833;201.426; 89.188;211.284; 99.164;161.696;   null;200.376;179.012;249.050;198.405;203.263;114.201;128.120;268.987;110.300;  4.500; 16.718;109.005
2024-06-21 12:00:00;616.843; 55.048;222.584;478.392;122.280;1284.325;116.164;152.017;343.538; 48.000;197.583;201.971; 89.564;211.906; 99.555;162.080;   null;200.126;178.460;250.425;200.033;203.777;114.343;128.791;270.830;111.116;  4.527; 16.865;109.196
2024-06-22 00:00:00;619.414; 54.503;222.126;478.260;122.538;1289.892;116.683;152.448;343.172; 48.000;198.500;202.170; 89.168;212.091; 99.475;162.136;   null;200.538;179.298;250.920;199.416;203.666;114.348;128.608;270.150;111.112;  4.511; 16.894;109.642
2024-06-22 12:00:00;617.107; 55.214;222.552;479.037;122.649;1282.892;116.340;153.194;343.159; 48.000;197.583;202.822; 89.678;212.419; 99.923;161.691;   null;200.774;179.197;250.167;200.567;205.021;114.844;129.302;271.047;110.862;  4.536; 16.877;109.369
2024-06-23 00:00:00;618.923; 55.207;221.994;480.937;122.672;1288.550;116.692;155.822;343.224; 48.000;198.750;202.558; 89.443;211.615; 99.927;162.486;155.000;201.070;179.623;250.530;199.661;204.117;114.923;129.030;270.453;110.902;  4.542; 16.834;109.801
2024-06-23 12:00:00;617.519; 55.151;222.004;479.923;123.299;1285.142;116.369;157.544;344.799; 44.000;197.833;202.834; 89.582;210.624; 99.982;162.669;154.417;201.484;179.203;250.200;200.645;204.798;115.165;129.216;271.313;109.998;  4.525; 16.838;109.505
2024-06-24 00:00:00;617.995; 54.583;220.995;480.499;   null;1288.400;116.318;153.104;343.193; 44.000;196.000;202.154; 89.090;212.117; 99.451;161.650;154.083;200.659;178.872;251.600;199.192;203.582;114.444;128.591;270.063;110.744;  4.539; 16.873;110.065
2024-06-24 12:00:00;616.831; 53.411;221.564;477.420;   null;1283.158;115.983;153.052;346.934; 48.000;189.000;202.427; 89.749;212.972; 99.646;161.866;153.667;200.576;178.391;251.325;199.826;203.117;114.504;128.645;269.829;111.010;  4.537; 16.884;109.267
2024-06-25 00:00:00;617.846; 53.083;220.853;477.302;   null;1288.300;116.236;153.304;347.718; 47.000;190.417;202.238; 89.449;211.856; 99.185;161.676;154.083;201.171;178.472;248.886;198.943;202.169;114.574;127.972;268.687;110.743;  4.519; 16.809;109.076
2024-06-25 12:00:00;615.986; 53.373;221.357;478.175;   null;1285.083;116.596;154.502;350.414; 48.000;189.750;202.137; 89.926;210.882; 99.485;161.660;153.417;201.720;178.563;249.880;200.114;204.190;114.900;128.780;270.333;110.617;  4.526; 16.879;108.706
2024-06-26 00:00:00;615.773; 52.747;219.830;474.719;   null;1280.925;116.241;152.700;348.346; 44.000;186.000;201.371; 88.869;209.197; 98.950;160.753;153.000;200.672;177.983;249.750;197.683;202.793;114.231;127.958;268.492;110.799;  4.498; 16.797;108.957
2024-06-26 12:00:00;613.320; 53.635;219.317;476.615;   null;1281.633;116.344;151.903;348.250; 47.700;195.750;200.794; 88.698;209.153; 98.806;160.447;152.667;199.354;176.606;249.033;197.527;202.697;114.437;127.240;267.369;110.313;  4.484; 16.727;108.653
2024-06-27 00:00:00;612.650; 52.811;218.594;473.031;   null;1271.958;115.814;150.198;345.076;   null;195.667;199.038; 88.088;208.267; 97.998;158.825;151.250;198.597;175.784;247.244;195.722;201.327;112.537;126.758;266.262;110.188;  4.482; 16.647;108.165
2024-06-27 12:00:00;611.672; 52.017;218.692;470.809;   null;1270.958;115.347;151.615;347.606; 46.909;194.083;199.371; 88.339;206.940; 98.378;159.526;151.167;198.838;175.641;245.267;196.884;201.362;112.896;125.789;263.856;109.538;  4.428; 16.525;106.737
2024-06-28 00:00:00;613.895; 53.071;219.718;476.152;   null;1288.083;117.135;155.229;353.502; 48.000;194.583;200.627; 89.319;208.448; 98.609;159.976;152.083;198.968;176.022;247.567;197.928;201.308;113.446;127.542;267.401;110.761;  4.481; 16.702;108.345
2024-06-28 12:00:00;614.009; 52.790;218.683;474.795;   null;1282.575;116.325;152.819;355.667; 47.500;195.500;198.965; 88.527;204.974; 97.740;158.720;151.417;198.377;175.642;245.175;196.684;200.751;113.276;125.916;264.128;109.365;  4.387; 16.453;107.252
2024-06-29 00:00:00;614.712; 52.393;217.711;471.064;   null;1271.433;116.110;151.056;353.974; 43.500;195.833;198.246; 87.581;206.254; 97.189;158.160;152.583;197.929;175.648;245.871;195.012;199.067;112.420;125.742;264.248;108.660;  4.415; 16.572;107.368
2024-06-29 12:00:00;609.666;   null;218.079;468.753;   null;1261.033;115.560;150.817;357.809; 39.167;194.833;199.048; 88.112;206.939; 98.414;159.699;152.417;197.749;175.233;246.900;196.062;200.690;112.778;126.819;265.780;109.163;  4.433; 16.713;107.758
2024-06-30 00:00:00;611.141; 52.257;217.955;468.180;   null;1263.808;115.500;151.223;358.548; 43.833;195.750;199.604; 87.816;207.897; 98.443;159.719;153.000;198.907;176.302;247.511;196.125;200.674;113.100;126.981;265.965;109.327;  4.437; 16.773;108.174
2024-06-30 12:00:00;608.780; 52.541;218.653;470.117;   null;1265.433;115.638;153.127;361.874; 43.917;195.500;200.105; 88.268;206.657; 98.719;160.284;   null;198.876;176.295;248.283;197.257;201.704;113.693;127.634;267.410;109.039;  4.458; 16.779;108.210
2024-07-01 00:00:00;610.766; 52.633;218.458;470.008;   null;1271.683;115.925;153.595;361.284; 48.000;196.909;200.475; 88.572;207.397; 98.663;160.387;   null;199.529;177.114;249.017;197.003;201.476;113.907;127.681;267.505;108.775;  4.490; 16.873;108.813
2024-07-01 12:00:00;608.969; 52.533;219.349;470.139;   null;1270.367;116.697;154.234;359.454; 48.000;196.417;201.570; 89.298;209.678; 99.152;161.221;   null;199.770;177.773;249.862;198.693;202.710;114.222;128.720;269.634;110.053;  4.538; 16.908;108.706
2024-07-02 00:00:00;612.884; 52.546;219.349;470.913;   null;1278.742;116.845;153.033;357.185; 48.083;198.000;201.858; 89.391;210.774; 99.305;161.904;   null;200.608;178.572;250.830;198.834;203.108;114.564;129.100;270.441;109.691;  4.522; 16.950;109.259
2024-07-02 12:00:00;612.809; 52.731;220.445;474.086;   null;1279.167;116.984;154.755;360.600; 48.000;197.917;203.079; 89.782;210.953; 99.986;162.700;   null;200.938;178.820;250.933;199.865;203.213;114.883;129.455;271.258;109.984;  4.545; 16.912;109.333
2024-07-03 00:00:00;614.968; 52.748;220.628;475.618;   null;1286.392;117.549;154.008;360.720; 48.583;198.750;203.082; 89.767;211.668;100.080;163.104;157.000;202.361;179.329;   null;199.932;203.476;115.248;129.562;271.548;111.084;  4.549; 16.994;109.373
2024-07-03 12:00:00;615.091; 52.852;221.029;474.759;   null;1284.800;117.436;152.682;356.190; 44.167;198.333;203.290; 89.993;212.179;100.398;163.796;156.333;202.510;178.977;   null;200.698;204.312;115.570;130.149;272.426;110.734;  4.548; 16.992;109.640
2024-07-04 00:00:00;   null; 53.031;221.336;476.254;122.838;1292.683;117.649;152.330;354.173; 48.917;200.167;202.999; 89.582;213.024; 99.615;162.140;155.250;202.784;179.627;252.925;199.288;204.402;114.365;130.528;273.286;110.683;  4.587; 17.109;110.582
2024-07-04 12:00:00;   null; 53.310;220.644;476.308;122.678;1276.808;116.919;152.869;349.523; 48.000;196.750;202.698; 89.183;211.581; 99.797;162.050;154.417;200.089;176.906;249.350;198.249;203.156;114.008;130.035;272.860;110.090;  4.528; 16.947;109.048
2024-07-05 00:00:00;616.929; 52.804;220.237;472.559;121.581;1282.500;116.322;151.410;345.732; 48.167;197.833;200.831; 88.885;207.883; 98.610;160.337;154.667;201.388;178.474;250.800;198.307;203.725;114.268;128.518;269.617;108.551;  4.520; 16.828;109.618
2024-07-05 12:00:00;615.243; 52.877;220.592;471.788;122.245;1273.567;116.549;153.820;353.401; 48.143;197.000;202.967; 89.197;210.792;100.008;162.305;155.417;200.166;177.346;250.571;199.376;202.762;114.359;129.048;270.847;111.149;  4.567; 16.880;109.623
2024-07-06 00:00:00;616.406; 52.524;220.624;472.324;121.959;1281.133;116.339;152.707;352.266;   null;198.417;201.662; 89.832;208.931; 99.551;161.698;155.083;201.504;178.892;252.086;199.850;203.612;114.931;129.268;271.139;110.907;  4.577; 16.935;110.296
2024-07-06 12:00:00;614.112; 52.716;221.308;474.125;122.453;1279.655;116.466;153.743;355.000;   null;197.250;203.037; 90.099;212.074; 99.848;162.245;155.583;200.426;177.300;250.900;199.234;202.408;114.191;129.615;271.900;111.743;  4.565; 16.933;110.098
2024-07-07 00:00:00;616.622; 52.686;221.440;473.283;121.848;1280.525;116.256;152.425;352.167;   null;197.250;201.649; 89.702;211.798; 99.284;161.481;155.000;201.876;177.350;253.556;199.207;203.571;114.238;129.818;272.457;111.479;  4.584; 17.110;110.870
2024-07-07 12:00:00;615.153; 52.705;221.133;473.430;122.128;1281.558;116.550;153.100;355.142;   null;197.917;202.349; 89.265;212.268; 99.677;161.901;155.583;200.328;178.120;251.450;198.808;202.430;114.471;128.893;270.903;110.663;  4.550; 16.953;109.740
2024-07-08 00:00:00;615.295; 52.746;221.284;475.701;121.505;1282.200;116.382;153.091;356.220;   null;197.500;201.958; 89.501;211.861; 99.341;161.280;155.818;199.950;178.104;251.438;198.763;202.501;114.200;129.339;271.726;110.235;  4.530; 16.965;109.379
2024-07-08 12:00:00;613.446; 52.659;221.234;472.515;121.866;1274.625;116.155;152.923;357.896;   null;196.250;201.700; 89.549;211.233; 99.419;161.289;155.167;200.882;178.662;249.880;199.290;203.616;114.548;129.367;271.190;110.318;  4.506; 16.909;108.857
2024-07-09 00:00:00;615.820; 52.604;221.311;474.017;122.038;1284.417;116.746;152.878;358.908;   null;197.750;202.280; 89.226;211.442; 99.691;161.721;155.750;201.027;178.718;250.525;198.534;202.851;114.528;129.044;270.467;110.840;  4.540; 16.931;109.501
2024-07-09 12:00:00;613.709; 52.584;221.709;475.259;122.052;1278.225;116.357;153.313;362.668;   null;197.250;202.177; 89.674;211.107; 99.839;162.061;154.583;201.091;178.675;250.860;199.930;204.150;115.005;129.698;271.725;110.801;  4.560; 16.977;108.790
2024-07-10 00:00:00;614.420; 52.930;220.774;475.430;122.065;1282.658;116.335;153.028;   null;   null;197.917;202.599; 89.173;210.315; 99.878;162.073;153.909;201.218;178.915;250.767;199.558;204.017;114.928;129.135;270.832;110.991;  4.565; 16.983;108.892
2024-07-10 12:00:00;613.316; 52.783;220.600;475.938;122.035;1279.683;116.265;152.850;   null;   null;197.417;202.363; 89.278;210.022;100.091;161.929;153.583;201.563;178.924;250.340;200.638;204.187;115.133;129.566;271.483;110.614;  4.572; 16.981;108.433
2024-07-11 00:00:00;614.388; 52.612;220.291;473.339;122.051;1282.583;116.416;152.999;   null; 47.667;198.333;202.882; 89.222;209.177; 99.763;161.409;153.167;201.832;179.203;249.083;200.055;203.475;115.172;129.500;271.433;110.834;  4.539; 16.975;108.823
2024-07-11 12:00:00;612.612; 52.716;220.009;476.829;122.217;1282.633;116.547;153.064;367.693; 48.000;197.833;202.722; 89.521;210.106; 99.636;161.684;153.500;201.602;178.737;250.429;199.983;203.159;115.103;129.699;271.918;111.287;  4.547; 17.000;108.616
2024-07-12 00:00:00;614.256; 52.575;220.362;476.899;121.920;1282.967;116.306;153.008;368.436; 48.000;197.750;202.667; 89.645;210.671; 99.429;161.867;153.500;201.945;178.837;250.937;199.357;203.550;115.113;129.838;272.594;110.793;  4.592; 17.075;108.938
2024-07-12 12:00:00;613.339; 52.867;220.686;472.931;122.295;1280.742;116.269;153.230;368.461; 48.000;197.583;203.057; 89.589;211.158; 99.774;162.294;152.917;201.633;178.516;250.875;200.235;204.588;115.288;130.411;273.488;111.229;  4.586; 17.072;109.550
2024-07-13 00:00:00;614.619; 52.630;220.220;472.364;122.032;1284.758;116.493;152.335;365.649; 48.083;198.333;201.897; 88.987;211.118; 99.414;161.501;152.750;202.262;179.108;251.278;200.466;203.858;115.038;129.610;272.151;111.484;  4.566; 17.045;109.420
2024-07-13 12:00:00;613.737; 52.638;220.523;472.685;122.122;1275.750;116.280;153.121;368.527; 48.000;197.167;202.933; 89.424;212.624;100.178;162.641;153.500;201.390;177.822;251.550;200.352;202.978;114.795;129.572;271.918;111.778;  4.571; 16.997;109.308
2024-07-14 00:00:00;615.419; 52.612;220.072;472.464;121.937;1280.908;116.542;153.342;369.194; 48.000;197.917;201.956; 89.243;211.951; 99.710;161.625;153.667;201.916;178.283;250.967;200.123;203.272;114.876;129.447;271.905;111.962;  4.566; 17.048;109.632
2024-07-14 12:00:00;614.224; 52.668;220.608;471.013;121.812;1276.558;116.232;153.232;369.057; 48.000;197.583;202.295; 89.707;212.342;100.026;162.167;153.833;202.675;178.623;251.375;200.543;203.678;115.109;129.795;272.487;111.909;  4.578; 17.037;109.582
2024-07-15 00:00:00;616.086; 52.970;220.413;472.145;122.329;1285.533;116.946;153.932;371.362; 48.083;198.583;203.090; 89.566;213.021;100.170;162.622;154.667;202.243;178.568;250.357;200.719;203.910;115.280;130.006;272.632;112.320;  4.592; 17.032;109.612
2024-07-15 12:00:00;615.714; 52.768;221.243;472.307;122.493;1283.283;116.820;153.529;370.784; 48.250;198.333;203.351; 89.894;212.778; 99.955;162.532;154.500;202.768;179.100;255.175;201.153;204.928;114.843;131.072;274.456;112.245;  4.596; 17.094;109.584
2024-07-16 00:00:00;616.003; 52.954;221.277;476.608;122.672;1287.417;117.158;154.277;371.470; 48.667;198.583;203.615; 89.914;213.638;100.372;163.144;154.667;201.997;178.765;250.462;200.521;204.706;114.860;130.029;272.273;112.638;  4.603; 17.060;109.426
2024-07-16 12:00:00;613.155; 52.754;220.771;469.965;122.128;1276.925;116.358;153.383;370.572; 48.000;197.750;202.848; 89.949;212.605;100.220;162.665;154.333;202.438;179.496;252.450;200.932;205.392;115.086;130.657;273.842;111.793;  4.600; 17.071;109.370
2024-07-17 00:00:00;615.963; 52.752;220.666;471.073;122.269;1284.200;116.522;153.663;371.595; 48.500;198.583;203.164; 89.364;212.676; 99.976;162.487;154.250;202.503;179.630;251.567;200.022;205.088;115.303;130.173;272.667;111.017;  4.592; 17.084;109.741
2024-07-17 12:00:00;615.447; 53.002;221.812;473.470;122.976;1287.367;116.734;154.454;373.534; 48.583;198.833;204.234; 90.163;211.919;100.461;163.293;155.000;203.032;179.691;252.050;201.195;205.980;115.786;130.867;274.021;112.084;  4.623; 17.210;110.174
2024-07-18 00:00:00;618.007; 52.883;221.637;474.708;122.433;1292.558;116.926;154.549;372.764; 48.917;200.250;203.635; 89.783;212.040;100.023;162.761;155.167;203.648;180.558;252.850;200.167;205.745;115.766;130.724;273.392;111.728;  4.616; 17.220;110.372
2024-07-18 12:00:00;614.694; 53.055;222.233;476.000;123.216;1291.583;117.508;155.624;375.780; 49.000;199.917;204.927; 90.502;214.371;100.977;164.023;155.417;202.842;180.088;253.743;201.589;205.921;115.977;131.992;276.119;112.708;  4.636; 17.299;110.388
2024-07-19 00:00:00;617.698; 52.954;221.574;475.700;122.669;1296.600;119.801;154.798;373.668; 49.000;200.500;204.130; 90.463;213.998;100.353;163.216;155.417;204.132;181.457;253.967;201.571;206.707;116.168;131.620;275.256;111.772;  4.604; 17.276;110.650
2024-07-19 12:00:00;613.725; 52.944;222.019;476.716;123.282;1291.750;118.723;155.707;375.647; 49.000;199.667;205.790; 90.498;215.475;101.195;164.536;155.667;202.799;180.233;253.575;201.981;206.262;115.938;131.387;275.203;111.205;  4.605; 17.235;110.653
2024-07-20 00:00:00;615.268; 52.757;221.019;472.077;122.325;1282.842;116.642;154.296;372.211; 48.333;198.833;204.143; 90.314;213.715;100.467;163.280;154.833;202.412;179.898;253.112;201.148;206.154;115.210;131.067;274.164;111.944;  4.604; 17.252;110.166
2024-07-20 12:00:00;612.574; 52.731;220.800;475.924;122.951;1281.333;116.801;154.980;374.122; 47.250;198.583;204.056; 90.048;213.563;100.731;163.447;154.917;202.614;179.676;252.290;200.988;205.695;115.499;130.808;273.574;111.004;  4.606; 17.122;109.239
2024-07-21 00:00:00;613.920; 52.726;220.480;473.023;122.482;1281.950;116.871;154.601;373.228; 48.000;198.583;204.081; 89.977;213.453;100.168;162.320;154.167;202.508;179.985;252.322;199.936;205.247;115.052;130.398;272.872;111.245;  4.627; 17.172;109.307
2024-07-21 12:00:00;614.477; 52.796;221.346;475.341;122.679;1286.808;116.750;154.751;373.510; 43.417;198.500;203.898; 90.107;212.370;100.410;162.710;154.750;202.714;180.189;251.875;200.657;205.620;115.172;130.777;273.833;111.167;  4.597; 17.212;109.359
2024-07-22 00:00:00;613.437; 52.853;221.988;475.168;123.068;1290.183;117.200;155.204;374.330; 48.500;198.917;203.862; 90.177;213.334;100.287;163.026;155.000;202.480;179.470;252.044;200.952;205.670;115.240;131.047;273.989;112.448;  4.618; 17.252;109.320
2024-07-22 12:00:00;613.119; 52.997;221.125;475.325;123.070;1291.875;116.873;154.912;374.331; 48.750;198.833;203.366; 89.851;212.770;100.289;162.773;154.750;202.532;179.570;252.733;200.558;205.580;115.601;130.903;273.783;112.117;  4.636; 17.262;109.973
2024-07-23 00:00:00;612.637; 52.848;220.548;474.864;122.539;1287.833;116.757;154.519;372.766; 48.083;198.833;203.937; 89.603;214.017;100.651;163.293;155.333;202.667;180.176;252.143;200.968;206.093;115.925;131.055;273.720;112.324;  4.629; 17.268;110.099
2024-07-23 12:00:00;611.254; 52.626;220.508;473.945;122.356;1280.408;116.412;153.788;371.175; 48.000;197.500;203.775; 89.809;211.728;100.381;162.901;154.167;202.312;179.936;251.800;200.973;206.013;115.600;130.837;273.536;112.167;  4.597; 17.230;109.737
2024-07-24 00:00:00;612.190; 52.341;218.484;469.370;121.074;1266.883;115.114;151.721;367.037; 47.833;196.083;201.404; 88.603;209.297; 99.028;160.683;152.000;199.717;177.853;249.955;198.223;203.013;113.891;129.032;270.149;111.024;  4.512; 16.963;108.656
2024-07-24 12:00:00;610.569; 52.430;218.857;469.484;121.432;1268.958;115.430;152.444;368.438; 47.750;196.250;201.318; 88.795;210.220; 99.075;160.993;152.000;200.492;177.208;250.575;199.151;203.778;114.193;129.381;270.762;111.412;  4.548; 17.013;108.862
2024-07-25 00:00:00;611.896; 52.480;219.182;469.944;121.572;1275.725;116.022;152.877;369.300; 48.000;197.083;202.525; 88.784;211.851; 99.481;161.613;152.833;200.389;177.385;250.283;198.120;203.177;113.966;129.247;270.517;111.553;  4.562; 17.047;109.183
2024-07-25 12:00:00;607.468; 52.112;218.782;466.343;121.259;1262.950;114.944;152.599;371.047; 47.500;194.917;201.302; 88.790;210.862; 99.180;160.861;151.667;199.512;176.791;249.767;198.463;203.522;113.970;129.133;270.362;110.946;  4.540; 16.956;108.647
2024-07-26 00:00:00;610.578; 52.380;218.387;466.710;121.412;1270.583;115.325;152.643;371.922; 43.833;195.667;201.539; 88.728;210.142; 98.983;160.800;152.167;198.983;176.456;   null;198.076;202.262;113.969;128.204;268.596;110.337;  4.524; 16.965;108.765
2024-07-26 12:00:00;610.180; 52.342;219.526;468.811;121.761;1281.375;115.436;153.217;371.253; 48.000;195.333;201.360; 89.288;209.389; 99.354;161.336;152.083;199.333;176.958;   null;199.232;202.084;114.142;128.583;269.563;109.297;  4.544; 16.948;108.714
2024-07-27 00:00:00;612.719; 52.481;218.559;468.837;121.465;1284.417;115.546;152.816;370.111; 47.875;195.167;201.781; 88.745;210.452; 98.994;160.827;152.250;198.603;176.780;   null;198.197;200.802;113.892;128.368;269.378;109.752;  4.539; 17.008;109.559
2024-07-27 12:00:00;611.725; 52.486;219.184;468.978;121.853;1283.575;115.510;153.438;370.922;   null;194.500;201.955; 89.444;211.562; 99.670;161.793;152.583;199.084;177.044;   null;198.826;202.059;114.212;129.284;270.798;110.035;  4.555; 16.962;109.220
2024-07-28 00:00:00;612.155; 52.197;219.276;467.102;121.323;1278.958;115.202;152.323;368.164;   null;196.250;201.291; 89.286;209.361; 99.299;161.350;152.667;200.253;178.248;249.763;198.185;202.672;114.576;128.876;269.885;109.988;  4.530; 16.898;109.220
2024-07-28 12:00:00;612.680; 52.703;219.477;469.830;122.074;1286.833;115.839;153.467;371.410;   null;197.333;203.038; 89.216;211.018;100.003;162.480;153.500;199.655;178.117;250.033;198.558;202.493;114.403;129.035;270.317;110.260;  4.536; 16.944;109.395
2024-07-29 00:00:00;611.690; 52.398;219.383;467.449;121.636;1280.425;115.694;152.571;368.622;   null;195.333;201.894; 89.169;211.392; 99.514;161.480;119.500;200.393;178.037;251.133;198.246;203.304;114.481;129.770;271.364;110.800;  4.578; 17.021;108.772
2024-07-29 12:00:00;   null; 52.394;219.380;466.565;121.631;1276.183;115.452;152.612;369.124;   null;196.000;202.843; 89.269;212.314; 99.674;161.977;   null;199.388;178.401;250.733;198.114;203.288;114.772;129.541;271.472;111.358;  4.590; 17.062;108.849
2024-07-30 00:00:00;609.588; 51.947;218.523;463.462;120.773;1266.308;114.589;150.783;364.517;   null;195.000;200.188; 88.557;209.075; 98.449;160.398;   null;199.344;176.989;248.713;197.394;202.068;113.948;127.075;266.967;109.464;  4.479; 16.757;107.869
2024-07-30 12:00:00;608.061; 52.247;217.593;465.672;120.885;1272.058;114.693;151.043;366.009;   null;194.667;199.178; 87.888;207.408; 98.139;159.399;   null;197.163;175.838;246.420;196.004;200.231;112.857;125.950;264.942;108.728;  4.451; 16.631;107.523
2024-07-31 00:00:00;608.562; 52.406;218.117;466.437;121.300;1270.075;115.209;151.710;367.682;   null;195.500;200.588; 87.938;208.395; 98.574;160.513;   null;196.584;175.758;246.310;195.280;198.874;112.559;126.944;266.484;110.118;  4.462; 16.679;107.469
2024-07-31 12:00:00;603.011; 51.876;216.276;458.375;119.935;1250.983;113.375;149.546;361.342;   null;191.750;197.954; 87.316;204.331; 97.616;158.950;   null;196.202;174.588;244.300;194.815;199.033;112.547;124.968;262.478;108.668;  4.387; 16.372;106.011
2024-08-01 00:00:00;602.410; 51.256;213.388;453.873;118.327;1232.783;111.792;147.069;354.771;   null;189.091;194.315; 85.591;200.878; 95.634;156.042;   null;192.471;171.599;238.614;190.863;195.317;110.271;121.740;256.342;107.122;  4.283; 16.051;104.439
2024-08-01 12:00:00;599.701; 51.288;213.355;455.173;118.281;1235.625;111.918;146.698;353.242;   null;189.667;194.305; 85.653;201.213; 95.798;155.999;   null;192.692;171.485;240.400;191.009;195.371;110.331;122.646;257.736;107.459;  4.337; 16.186;104.993
2024-08-02 00:00:00;603.217; 51.083;213.376;454.529;118.442;1229.092;111.902;146.833;353.698;   null;189.417;195.138; 85.513;201.419; 95.896;156.010;   null;192.369;171.230;238.875;190.908;194.963;109.941;122.410;256.907;106.835;  4.289; 16.157;104.513
2024-08-02 12:00:00;601.037; 51.298;213.760;455.088;118.576;1233.858;111.846;146.673;354.334;   null;190.000;194.578; 85.940;200.872; 95.936;156.215;   null;193.683;172.152;240.450;192.172;196.192;110.296;122.893;257.848;106.693;  4.283; 16.231;104.617
2024-08-03 00:00:00;605.181; 51.515;213.816;457.719;119.056;1236.908;112.559;147.330;355.868;   null;191.083;195.781; 85.873;202.744; 96.169;156.564;   null;193.901;172.774;240.958;191.477;196.115;110.339;123.266;258.386;107.507;  4.315; 16.251;105.257
2024-08-03 12:00:00;605.882; 51.513;214.814;458.722;119.105;1240.367;112.698;147.805;357.474;   null;191.167;195.269; 86.563;202.742; 96.341;156.843;   null;194.396;173.054;242.787;192.603;197.022;110.900;124.223;260.626;107.402;  4.352; 16.397;105.958
2024-08-04 00:00:00;608.099; 51.569;215.240;460.498;119.587;1249.017;113.264;148.792;359.896;   null;191.833;196.426; 86.717;204.008; 96.206;156.518;   null;193.892;171.917;244.163;191.916;197.011;110.301;124.704;261.639;107.674;  4.399; 16.479;106.476
2024-08-04 12:00:00;611.520; 52.131;216.753;465.462;120.479;1261.633;113.972;150.521;364.503;   null;192.667;196.369; 87.384;204.050; 96.777;157.264;   null;195.963;173.630;244.171;193.657;199.079;111.516;124.961;262.028;107.205;  4.375; 16.424;106.674
2024-08-05 00:00:00;611.186; 52.055;215.792;465.190;120.237;1259.083;114.096;149.680;362.030;   null;193.750;197.726; 86.920;206.294; 97.568;158.691;   null;195.721;173.972;   null;193.853;198.622;112.249;124.480;260.860;107.732;  4.390; 16.431;106.786
2024-08-05 12:00:00;608.345; 51.783;217.003;462.539;120.195;1252.458;113.181;149.404;362.507;   null;192.917;197.629; 87.817;205.554; 97.652;158.810;   null;196.803;174.472;   null;195.403;200.454;112.557;124.868;262.333;108.162;  4.397; 16.489;106.898
2024-08-06 00:00:00;610.908; 52.152;216.801;466.934;120.361;1261.725;114.416;150.320;365.042;   null;191.917;199.041; 87.237;206.455; 97.871;159.248;   null;196.907;174.960;246.144;194.411;199.623;112.517;125.167;262.807;109.795;  4.414; 16.623;108.125
2024-08-06 12:00:00;608.718; 51.906;217.787;463.579;   null;1251.942;113.577;150.164;364.321;   null;193.250;198.551; 88.235;205.948; 98.106;159.276;   null;197.597;174.478;246.312;196.265;201.148;112.866;126.943;265.785;109.905;  4.417; 16.608;107.672
2024-08-07 00:00:00;612.462; 51.993;216.515;466.992;   null;1265.375;114.581;150.054;363.971;   null;195.167;199.008; 87.222;205.207; 97.884;158.871;   null;197.430;174.609;247.527;194.555;199.827;112.458;126.293;264.278;109.887;  4.448; 16.652;108.715
2024-08-07 12:00:00;609.563; 52.150;218.208;465.538;120.948;1260.642;114.127;151.227;365.774;   null;193.833;199.822; 88.458;204.719; 98.542;159.869;   null;198.258;174.705;247.312;196.781;202.125;112.883;127.743;267.325;110.098;  4.465; 16.691;107.993
2024-08-08 00:00:00;612.883; 52.232;217.184;468.014;120.857;1272.183;114.695;150.764;365.433;   null;195.833;199.173; 87.549;205.814; 98.249;159.541;   null;198.353;175.828;   null;195.400;201.288;112.687;126.743;265.828;109.657;  4.479; 16.763;108.370
2024-08-08 12:00:00;607.428; 51.947;217.888;463.739;120.568;1257.667;113.542;150.458;364.534;   null;193.250;198.901; 88.032;205.931; 98.421;159.642;   null;197.948;174.559;   null;196.853;201.762;112.819;127.521;267.192;109.346;  4.452; 16.788;107.898
2024-08-09 00:00:00;610.199; 51.870;217.028;465.226;120.328;1266.750;113.925;149.968;363.340;   null;194.667;198.643; 87.302;205.450; 97.805;159.079;   null;197.750;174.709;246.911;195.148;201.093;112.076;126.339;264.968;109.755;  4.458; 16.686;107.881
2024-08-09 12:00:00;606.225; 51.988;217.890;463.685;120.467;1256.417;113.471;149.990;365.088;   null;193.583;199.159; 88.022;204.889; 98.105;159.552;   null;198.093;174.808;247.450;196.781;202.329;112.847;127.058;266.159;109.572;  4.425; 16.647;107.456
2024-08-10 00:00:00;610.877; 52.072;217.326;467.432;120.566;1268.617;114.280;150.195;   null;   null;195.583;199.350; 87.557;207.153; 98.095;160.075;   null;198.455;176.120;247.875;194.625;200.963;113.153;127.217;265.993;110.283;  4.475; 16.749;108.436
2024-08-10 12:00:00;604.828; 51.672;218.158;463.809;120.311;1249.458;113.299;150.088;   null;   null;192.917;199.214; 88.637;206.147; 98.601;160.453;   null;198.486;175.461;247.500;197.769;202.532;113.864;127.741;267.092;110.122;  4.460; 16.761;107.937
2024-08-11 00:00:00;606.525; 51.381;212.633;459.082;118.715;1244.333;112.403;146.823;   null;   null;193.250;195.935; 85.786;201.940; 96.249;156.914;   null;194.020;172.692;241.522;191.414;196.349;110.169;123.003;257.951;108.130;  4.309; 16.212;106.394
2024-08-11 12:00:00;597.880; 50.521;210.531;450.192;116.968;1208.308;109.989;143.967;   null;   null;186.667;192.924; 85.318;198.619; 95.027;154.740;   null;190.784;169.069;238.080;189.722;194.322;109.013;121.257;254.944;106.709;  4.226; 15.881;104.309
