#Avg |Bx| across y-z plane in magnetotail
#FORMAT:
YEAR    DAY    HOUR    MIN    x:-12.00    -11.00      -10.00       -9.00       -8.00       -7.00       -6.00       -5.00       -4.00       -3.00       -2.00       -1.00      
2018      237        12       30               34.           37.           41.           47.           54.           65.           82.          109.          153.          231.          390.  
2018      237        12       35               34.           37.           41.           47.           54.           65.           82.          109.          153.          231.          390.  
2018      237        12       40               33.           36.           41.           46.           54.           65.           82.          108.          152.          230.          390.  
2018      237        12       45               37.           40.           44.           50.           57.           68.           85.          112.          155.          234.          393.  
2018      237        12       50               38.           41.           45.           51.           59.           70.           87.          113.          157.          235.          394.  
2018      237        12       55               37.           40.           45.           50.           58.           69.           86.          112.          156.          234.          394.  
2018      237        13        0               39.           42.           47.           52.           60.           71.           88.          114.          158.          236.          396.  
2018      237        13        5               41.           44.           48.           54.           62.           73.           90.          116.          160.          238.          397.  
2018      237        13       10               43.           46.           50.           56.           64.           75.           92.          118.          162.          240.          400.  
2018      237        13       15               44.           47.           51.           57.           65.           76.           93.          119.          163.          240.          400.  
2018      237        13       20               45.           48.           52.           58.           66.           77.           94.          120.          164.          242.          402.  
2018      237        13       25               38.           41.           45.           51.           58.           70.           87.          113.          157.          235.          395.  
2018      237        13       30               39.           42.           46.           52.           60.           71.           88.          114.          158.          236.          396.  
2018      237        13       35               32.           35.           39.           45.           53.           64.           81.          108.          152.          230.          389.  
2018      237        13       40               34.           37.           41.           47.           55.           66.           83.          110.          154.          232.          391.  
2018      237        13       45               31.           34.           39.           45.           52.           64.           81.          107.          151.          229.          388.  
2018      237        13       50               31.           34.           38.           44.           52.           63.           80.          107.          150.          227.          386.  
2018      237        13       55               32.           35.           39.           45.           53.           64.           81.          108.          151.          229.          387.  
2018      237        14        0               31.           34.           39.           45.           52.           64.           81.          107.          151.          228.          387.  
2018      237        14        5               31.           34.           38.           44.           52.           63.           80.          106.          150.          227.          386.  
2018      237        14       10               31.           34.           39.           45.           53.           64.           81.          107.          150.          227.          386.  
2018      237        14       15               32.           35.           40.           46.           53.           65.           81.          108.          151.          228.          386.  
2018      237        14       20               33.           36.           40.           46.           54.           65.           82.          108.          152.          229.          387.  
2018      237        14       25               34.           37.           41.           47.           55.           66.           83.          109.          152.          230.          388.  
2018      237        14       30               34.           37.           41.           47.           55.           66.           83.          109.          152.          230.          388.  
2018      237        14       35               34.           37.           41.           47.           55.           66.           83.          110.          153.          230.          389.  
2018      237        14       40               34.           37.           41.           47.           55.           66.           83.          109.          152.          230.          388.  
2018      237        14       45               34.           37.           41.           47.           55.           66.           83.          109.          152.          230.          388.  
2018      237        14       50               33.           36.           41.           47.           55.           66.           83.          109.          152.          229.          388.  
2018      237        14       55               33.           36.           40.           46.           54.           65.           82.          108.          151.          228.          387.  
2018      237        15        0               34.           37.           41.           47.           55.           66.           83.          109.          152.          229.          387.  
2018      237        15        5               32.           35.           40.           46.           54.           65.           82.          108.          151.          228.          387.  
2018      237        15       10               32.           35.           39.           45.           53.           64.           81.          108.          151.          228.          388.  
2018      237        15       15               33.           36.           40.           46.           54.           65.           82.          108.          152.          230.          389.  
2018      237        15       20               32.           35.           40.           45.           53.           65.           81.          108.          151.          229.          388.  
2018      237        15       25               32.           35.           40.           46.           54.           65.           82.          108.          152.          229.          389.  
2018      237        15       30               34.           37.           42.           48.           56.           67.           84.          110.          153.          231.          390.  
2018      237        15       35               36.           39.           43.           49.           57.           69.           85.          112.          155.          232.          391.  
2018      237        15       40               35.           38.           43.           49.           57.           68.           85.          111.          154.          232.          391.  
2018      237        15       45               34.           37.           42.           48.           56.           67.           84.          110.          153.          231.          390.  
2018      237        15       50               33.           36.           40.           46.           55.           66.           83.          109.          152.          230.          389.  
2018      237        15       55               33.           36.           41.           47.           55.           66.           83.          110.          153.          231.          391.  
2018      237        16        0               38.           41.           45.           52.           60.           71.           88.          114.          157.          235.          395.  
2018      237        16        5               37.           40.           45.           51.           59.           70.           87.          113.          157.          234.          395.  
2018      237        16       10               36.           39.           44.           50.           58.           70.           87.          113.          156.          234.          394.  
2018      237        16       15               37.           40.           45.           51.           59.           70.           87.          114.          157.          235.          395.  
2018      237        16       20               34.           38.           42.           49.           57.           68.           85.          112.          155.          233.          394.  
2018      237        16       25               34.           37.           42.           48.           56.           68.           85.          111.          155.          233.          393.  
2018      237        16       30               34.           37.           42.           48.           56.           68.           85.          111.          154.          232.          392.  
2018      237        16       35               34.           37.           42.           48.           57.           68.           85.          111.          154.          231.          390.  
2018      237        16       40               33.           36.           41.           47.           55.           67.           84.          110.          153.          230.          388.  
2018      237        16       45               32.           36.           41.           47.           55.           67.           84.          110.          153.          230.          389.  
2018      237        16       50               34.           38.           43.           49.           57.           69.           85.          111.          154.          232.          391.  
2018      237        16       55               34.           37.           42.           48.           57.           68.           85.          111.          154.          231.          390.  
2018      237        17        0               33.           36.           41.           47.           55.           67.           83.          109.          153.          230.          388.  
2018      237        17        5               34.           37.           42.           48.           56.           68.           84.          110.          154.          231.          390.  
2018      237        17       10               33.           36.           41.           47.           55.           67.           84.          110.          153.          230.          388.  
2018      237        17       15               34.           37.           42.           48.           56.           68.           85.          111.          154.          232.          391.  
2018      237        17       20               33.           37.           42.           48.           56.           68.           84.          110.          153.          230.          389.  
2018      237        17       25               34.           38.           42.           49.           57.           69.           85.          111.          154.          231.          389.  
2018      237        17       30               35.           38.           43.           50.           58.           70.           87.          112.          155.          233.          392.  
2018      237        17       35               36.           40.           45.           52.           60.           72.           89.          114.          157.          234.          393.  
2018      237        17       40               35.           39.           44.           50.           59.           71.           87.          113.          156.          232.          390.  
2018      237        17       45               35.           39.           44.           50.           59.           71.           88.          113.          156.          233.          391.  
2018      237        17       50               35.           39.           44.           51.           59.           71.           88.          114.          156.          233.          391.  
2018      237        17       55               36.           40.           45.           52.           61.           73.           90.          115.          158.          235.          393.  
2018      237        18        0               36.           40.           45.           52.           61.           73.           90.          115.          158.          234.          392.  
2018      237        18        5               36.           39.           45.           52.           60.           72.           89.          115.          157.          233.          390.  
2018      237        18       10               36.           40.           45.           52.           61.           73.           90.          115.          158.          234.          391.  
2018      237        18       15               36.           40.           45.           52.           61.           73.           90.          116.          158.          235.          392.  
2018      237        18       20               36.           40.           46.           53.           61.           73.           91.          116.          159.          235.          391.  
2018      237        18       25               38.           42.           47.           54.           63.           75.           92.          118.          160.          235.          391.  
2018      237        18       30               38.           42.           47.           54.           63.           75.           92.          118.          160.          235.          390.  
2018      237        18       35               37.           41.           47.           54.           63.           75.           92.          117.          160.          235.          391.  
2018      237        18       40               38.           42.           47.           55.           64.           76.           93.          118.          160.          236.          391.  
2018      237        18       45               37.           41.           47.           54.           63.           75.           92.          118.          160.          235.          389.  
2018      237        18       50               38.           42.           47.           54.           63.           75.           93.          118.          160.          235.          390.  
2018      237        18       55               37.           41.           46.           53.           62.           75.           92.          118.          160.          234.          389.  
2018      237        19        0               37.           41.           47.           54.           63.           75.           93.          118.          160.          235.          388.  
2018      237        19        5               38.           43.           48.           55.           64.           77.           94.          120.          162.          236.          390.  
2018      237        19       10               39.           43.           49.           56.           65.           77.           94.          120.          162.          236.          389.  
2018      237        19       15               38.           43.           48.           55.           64.           77.           94.          120.          161.          236.          388.  
2018      237        19       20               38.           42.           48.           55.           64.           76.           93.          119.          161.          235.          387.  
2018      237        19       25               38.           42.           48.           55.           64.           76.           94.          120.          161.          235.          387.  
2018      237        19       30               40.           44.           49.           56.           65.           78.           95.          121.          163.          237.          389.  
2018      237        19       35               40.           45.           50.           57.           66.           79.           96.          122.          163.          237.          389.  
2018      237        19       40               40.           45.           50.           57.           66.           79.           96.          122.          163.          237.          388.  
2018      237        19       45               39.           44.           49.           56.           66.           78.           95.          121.          163.          236.          388.  
2018      237        19       50               40.           44.           50.           57.           66.           78.           96.          122.          163.          237.          388.  
2018      237        19       55               40.           44.           50.           57.           66.           79.           96.          122.          163.          237.          387.  
2018      237        20        0               40.           45.           50.           58.           67.           79.           96.          122.          164.          237.          388.  
2018      237        20        5               41.           45.           51.           58.           68.           80.           98.          123.          165.          239.          391.  
2018      237        20       10               42.           46.           52.           59.           69.           81.           99.          124.          166.          240.          391.  
2018      237        20       15               41.           45.           51.           58.           68.           80.           98.          123.          165.          238.          389.  
2018      237        20       20               41.           46.           52.           59.           68.           81.           98.          124.          165.          238.          389.  
2018      237        20       25               41.           46.           52.           59.           68.           81.           98.          124.          165.          238.          388.  
2018      237        20       30               40.           45.           51.           58.           68.           80.           98.          123.          164.          237.          387.  
2018      237        20       35               41.           45.           51.           58.           68.           80.           98.          123.          164.          237.          386.  
2018      237        20       40               42.           46.           52.           60.           69.           82.           99.          125.          165.          238.          388.  
2018      237        20       45               41.           46.           52.           59.           69.           81.           98.          124.          165.          238.          387.  
2018      237        20       50               41.           46.           52.           59.           68.           81.           98.          124.          164.          237.          386.  
2018      237        20       55               43.           47.           53.           60.           69.           82.           99.          124.          165.          237.          385.  
2018      237        21        0               42.           46.           52.           59.           68.           80.           98.          123.          164.          237.          385.  
2018      237        21        5               41.           46.           51.           59.           68.           80.           97.          123.          164.          236.          385.  
2018      237        21       10               40.           44.           50.           57.           66.           79.           96.          121.          163.          236.          385.  
2018      237        21       15               40.           44.           50.           57.           66.           78.           96.          121.          162.          235.          384.  
2018      237        21       20               39.           43.           49.           56.           65.           77.           94.          119.          160.          233.          380.  
2018      237        21       25               38.           42.           48.           55.           64.           76.           93.          118.          159.          232.          379.  
2018      237        21       30               39.           43.           48.           55.           65.           77.           94.          119.          160.          233.          381.  
2018      237        21       35               39.           43.           49.           56.           65.           77.           94.          119.          160.          232.          379.  
2018      237        21       40               40.           44.           50.           57.           66.           78.           95.          121.          161.          234.          381.  
2018      237        21       45               40.           44.           50.           57.           66.           79.           96.          121.          162.          234.          380.  
2018      237        21       50               40.           44.           50.           57.           66.           78.           96.          121.          161.          233.          380.  
2018      237        21       55               40.           44.           50.           57.           66.           79.           96.          121.          162.          234.          380.  
2018      237        22        0               41.           45.           51.           58.           67.           79.           97.          122.          162.          234.          380.  
2018      237        22        5               41.           46.           51.           59.           68.           80.           97.          123.          163.          235.          380.  
2018      237        22       10               41.           46.           51.           59.           68.           80.           97.          122.          163.          235.          380.  
2018      237        22       15               42.           46.           52.           59.           68.           81.           98.          123.          163.          235.          380.  
2018      237        22       20               43.           48.           54.           61.           71.           83.          100.          125.          165.          237.          382.  
2018      237        22       25               43.           48.           54.           61.           71.           83.          100.          125.          165.          236.          381.  
2018      237        22       30               46.           50.           56.           64.           74.           86.          103.          128.          168.          239.          384.  
2018      237        22       35               47.           51.           57.           65.           75.           87.          104.          129.          169.          240.          385.  
2018      237        22       40               48.           53.           59.           67.           77.           89.          106.          131.          170.          241.          386.  
2018      237        22       45               47.           51.           58.           65.           75.           88.          105.          130.          169.          240.          385.  
2018      237        22       50               48.           52.           59.           67.           77.           89.          107.          131.          171.          241.          385.  
2018      237        22       55               48.           53.           60.           67.           77.           90.          108.          132.          171.          242.          386.  
2018      237        23        0               49.           54.           60.           68.           79.           91.          109.          133.          172.          243.          386.  
2018      237        23        5               48.           53.           60.           68.           78.           91.          108.          133.          172.          242.          386.  
2018      237        23       10               47.           52.           58.           66.           76.           89.          106.          131.          170.          240.          383.  
2018      237        23       15               47.           52.           58.           66.           76.           89.          106.          131.          170.          240.          383.  
2018      237        23       20               46.           51.           57.           65.           75.           88.          105.          130.          169.          240.          382.  
2018      237        23       25               47.           51.           58.           66.           75.           88.          106.          130.          170.          240.          382.  
2018      237        23       30               47.           52.           58.           66.           76.           89.          106.          131.          170.          241.          383.  
2018      237        23       35               47.           51.           58.           66.           75.           88.          106.          131.          170.          240.          382.  
2018      237        23       40               46.           51.           58.           65.           75.           88.          106.          131.          170.          240.          382.  
2018      237        23       45               46.           51.           58.           65.           75.           88.          106.          131.          170.          240.          382.  
2018      237        23       50               47.           52.           58.           66.           76.           89.          106.          131.          171.          240.          381.  
2018      237        23       55               46.           52.           58.           66.           76.           89.          106.          131.          171.          240.          381.  
2018      238         0        0               46.           51.           57.           65.           75.           88.          106.          131.          170.          239.          380.  
2018      238         0        5               51.           56.           63.           71.           81.           94.          112.          137.          176.          245.          387.  
2018      238         0       10               50.           55.           62.           70.           80.           93.          111.          136.          175.          244.          385.  
2018      238         0       15               49.           54.           61.           69.           79.           93.          110.          135.          174.          243.          384.  
2018      238         0       20               50.           55.           62.           70.           80.           94.          111.          136.          175.          244.          384.  
2018      238         0       25               50.           55.           62.           70.           80.           94.          111.          136.          175.          244.          384.  
2018      238         0       30               50.           55.           62.           70.           80.           94.          112.          136.          175.          244.          384.  
2018      238         0       35               50.           55.           62.           70.           81.           94.          112.          137.          175.          244.          384.  
2018      238         0       40               50.           56.           63.           71.           81.           95.          113.          137.          176.          245.          384.  
2018      238         0       45               51.           57.           64.           72.           83.           96.          114.          139.          177.          246.          385.  
2018      238         0       50               50.           56.           63.           71.           81.           95.          113.          137.          176.          245.          384.  
2018      238         0       55               50.           56.           63.           71.           82.           95.          113.          138.          176.          245.          384.  
2018      238         1        0               52.           57.           64.           73.           83.           97.          115.          139.          178.          246.          385.  
2018      238         1        5               53.           59.           66.           75.           86.           99.          117.          142.          180.          248.          387.  
2018      238         1       10               53.           59.           66.           74.           85.           99.          117.          141.          180.          248.          387.  
2018      238         1       15               53.           58.           66.           74.           85.           99.          117.          142.          180.          248.          386.  
2018      238         1       20               53.           59.           67.           75.           86.          100.          118.          143.          181.          249.          387.  
2018      238         1       25               53.           59.           66.           75.           86.          100.          118.          143.          181.          249.          387.  
2018      238         1       30               52.           58.           65.           74.           85.           99.          117.          142.          180.          248.          386.  
2018      238         1       35               51.           57.           65.           73.           84.           98.          116.          141.          180.          248.          385.  
2018      238         1       40               51.           57.           64.           73.           84.           98.          116.          141.          179.          247.          385.  
2018      238         1       45               51.           57.           64.           72.           83.           97.          115.          140.          179.          246.          384.  
2018      238         1       50               51.           57.           64.           72.           83.           97.          115.          140.          179.          246.          384.  
2018      238         1       55               50.           56.           63.           71.           82.           96.          114.          139.          178.          246.          383.  
2018      238         2        0               51.           57.           64.           73.           83.           97.          116.          141.          179.          247.          384.  
2018      238         2        5               51.           57.           64.           73.           84.           98.          116.          141.          180.          247.          385.  
2018      238         2       10               53.           59.           66.           75.           86.          100.          118.          143.          181.          249.          386.  
2018      238         2       15               52.           58.           66.           74.           85.          100.          118.          143.          181.          249.          386.  
2018      238         2       20               55.           62.           69.           78.           89.          104.          122.          147.          185.          252.          390.  
2018      238         2       25               56.           62.           70.           79.           90.          105.          123.          148.          186.          253.          390.  
2018      238         2       30               55.           61.           69.           78.           90.          104.          123.          148.          186.          253.          390.  
2018      238         2       35               57.           63.           71.           81.           92.          107.          126.          150.          188.          255.          392.  
2018      238         2       40               57.           63.           71.           81.           92.          107.          126.          151.          188.          255.          392.  
2018      238         2       45               57.           64.           72.           81.           93.          108.          127.          151.          189.          256.          392.  
2018      238         2       50               57.           64.           72.           82.           93.          108.          127.          152.          190.          256.          393.  
2018      238         2       55               58.           65.           73.           82.           94.          109.          128.          153.          191.          257.          394.  
2018      238         3        0               58.           64.           72.           82.           94.          109.          128.          153.          190.          257.          393.  
2018      238         3        5               58.           65.           73.           82.           94.          109.          128.          153.          191.          258.          394.  
2018      238         3       10               60.           66.           75.           84.           96.          112.          131.          156.          193.          260.          396.  
2018      238         3       15               61.           68.           76.           86.           98.          113.          132.          157.          195.          261.          397.  
2018      238         3       20               61.           68.           77.           87.           99.          114.          134.          158.          196.          262.          398.  
2018      238         3       25               61.           68.           76.           86.           99.          114.          133.          158.          196.          262.          398.  
2018      238         3       30               63.           70.           79.           89.          101.          117.          136.          161.          198.          264.          400.  
2018      238         3       35               63.           70.           79.           89.          101.          117.          136.          161.          198.          264.          400.  
2018      238         3       40               63.           70.           78.           89.          101.          117.          136.          161.          199.          265.          400.  
2018      238         3       45               62.           69.           78.           88.          101.          117.          136.          161.          199.          265.          400.  
2018      238         3       50               63.           70.           79.           89.          102.          118.          137.          162.          200.          266.          401.  
2018      238         3       55               64.           71.           80.           90.          103.          119.          139.          164.          201.          267.          402.  
2018      238         4        0               68.           75.           84.           95.          108.          124.          144.          169.          206.          271.          407.  
2018      238         4        5               67.           75.           84.           94.          107.          123.          143.          168.          205.          271.          406.  
2018      238         4       10               69.           77.           86.           96.          109.          126.          146.          171.          208.          273.          408.  
2018      238         4       15               68.           76.           85.           95.          109.          125.          145.          170.          207.          273.          408.  
2018      238         4       20               66.           74.           83.           94.          107.          123.          143.          169.          206.          271.          407.  
2018      238         4       25               67.           75.           84.           95.          108.          124.          144.          170.          207.          272.          407.  
2018      238         4       30               67.           75.           84.           95.          108.          125.          145.          170.          207.          273.          408.  
2018      238         4       35               70.           77.           87.           98.          111.          127.          148.          173.          210.          275.          410.  
2018      238         4       40               70.           79.           88.           99.          112.          129.          149.          174.          211.          277.          412.  
2018      238         4       45               71.           79.           89.          100.          113.          130.          150.          176.          213.          278.          413.  
2018      238         4       50               73.           81.           90.          101.          115.          132.          152.          177.          214.          279.          415.  
2018      238         4       55               70.           78.           88.           99.          112.          129.          149.          175.          212.          277.          413.  
2018      238         5        0               72.           80.           89.          100.          114.          131.          151.          177.          214.          279.          415.  
2018      238         5        5               70.           78.           88.           99.          113.          130.          150.          176.          213.          278.          414.  
2018      238         5       10               69.           77.           87.           98.          111.          128.          149.          175.          212.          277.          413.  
2018      238         5       15               67.           75.           84.           96.          109.          126.          147.          173.          210.          276.          411.  
2018      238         5       20               71.           79.           89.          100.          114.          132.          152.          178.          215.          280.          415.  
2018      238         5       25               72.           80.           90.          101.          115.          133.          153.          179.          216.          281.          417.  
2018      238         5       30               74.           82.           92.          104.          118.          135.          156.          182.          219.          284.          419.  
2018      238         5       35               74.           82.           92.          104.          118.          136.          157.          182.          219.          284.          420.  
2018      238         5       40               74.           83.           93.          105.          119.          136.          157.          183.          220.          285.          421.  
2018      238         5       45               74.           82.           92.          104.          118.          136.          157.          183.          220.          285.          420.  
2018      238         5       50               73.           81.           91.          103.          117.          135.          156.          182.          219.          284.          420.  
2018      238         5       55               72.           81.           91.          102.          117.          134.          155.          182.          219.          284.          420.  
2018      238         6        0               71.           80.           90.          101.          116.          133.          155.          181.          218.          283.          419.  
2018      238         6        5               70.           79.           89.          100.          114.          132.          153.          179.          217.          282.          418.  
2018      238         6       10               70.           79.           89.          100.          114.          132.          153.          180.          217.          283.          419.  
2018      238         6       15               72.           81.           91.          103.          117.          134.          156.          182.          219.          285.          421.  
2018      238         6       20               73.           82.           92.          103.          117.          135.          156.          183.          220.          285.          422.  
2018      238         6       25               74.           82.           92.          104.          118.          136.          157.          183.          221.          286.          423.  
2018      238         6       30               72.           81.           91.          103.          117.          135.          156.          182.          220.          285.          422.  
2018      238         6       35               72.           81.           91.          103.          117.          134.          156.          182.          220.          285.          423.  
2018      238         6       40               75.           84.           94.          105.          119.          137.          158.          185.          222.          288.          425.  
2018      238         6       45               74.           83.           93.          105.          119.          137.          158.          184.          222.          288.          425.  
2018      238         6       50               75.           84.           94.          106.          120.          138.          159.          186.          223.          289.          427.  
2018      238         6       55               76.           85.           95.          106.          121.          138.          160.          186.          224.          290.          428.  
2018      238         7        0               76.           85.           95.          107.          121.          139.          160.          187.          224.          290.          428.  
2018      238         7        5               73.           82.           92.          104.          118.          136.          158.          184.          222.          288.          426.  
2018      238         7       10               73.           82.           92.          104.          118.          136.          158.          184.          222.          288.          426.  
2018      238         7       15               72.           81.           91.          103.          117.          135.          157.          183.          221.          287.          426.  
2018      238         7       20               73.           82.           92.          103.          118.          136.          157.          184.          222.          288.          427.  
2018      238         7       25               70.           79.           89.          100.          114.          132.          154.          181.          219.          285.          424.  
2018      238         7       30               71.           80.           90.          101.          115.          133.          155.          181.          220.          286.          425.  
2018      238         7       35               70.           79.           89.          100.          114.          132.          154.          180.          218.          285.          425.  
2018      238         7       40               70.           78.           88.           99.          113.          131.          152.          179.          217.          284.          424.  
2018      238         7       45               69.           78.           87.           99.          112.          130.          152.          178.          217.          284.          424.  
2018      238         7       50               71.           80.           89.          101.          114.          132.          153.          180.          218.          286.          427.  
2018      238         7       55               72.           80.           90.          101.          115.          132.          153.          180.          218.          286.          427.  
2018      238         8        0               70.           78.           87.           99.          112.          129.          151.          177.          216.          284.          425.  
2018      238         8        5               69.           77.           86.           97.          111.          128.          149.          176.          215.          283.          425.  
2018      238         8       10               71.           79.           89.          100.          113.          130.          151.          178.          216.          285.          428.  
2018      238         8       15               71.           79.           89.          100.          113.          130.          151.          178.          216.          285.          428.  
2018      238         8       20               70.           78.           87.           98.          111.          128.          149.          176.          215.          283.          427.  
2018      238         8       25               71.           79.           88.           99.          113.          129.          150.          177.          216.          284.          428.  
2018      238         8       30               67.           75.           84.           95.          108.          125.          146.          172.          211.          280.          424.  
2018      238         8       35               67.           75.           84.           95.          108.          124.          145.          172.          211.          280.          424.  
2018      238         8       40               66.           74.           83.           94.          107.          123.          144.          171.          210.          279.          423.  
2018      238         8       45               65.           73.           82.           93.          106.          122.          143.          170.          209.          278.          422.  
2018      238         8       50               67.           75.           84.           94.          107.          124.          145.          171.          211.          280.          424.  
2018      238         8       55               66.           74.           83.           93.          106.          123.          144.          170.          210.          279.          423.  
2018      238         9        0               66.           73.           82.           93.          105.          122.          143.          169.          209.          278.          422.  
2018      238         9        5               65.           72.           81.           92.          104.          121.          142.          168.          208.          277.          422.  
2018      238         9       10               62.           70.           79.           89.          101.          118.          139.          166.          205.          275.          420.  
2018      238         9       15               62.           70.           79.           89.          101.          118.          138.          165.          205.          275.          419.  
2018      238         9       20               62.           69.           78.           88.          100.          117.          138.          165.          205.          274.          419.  
2018      238         9       25               62.           69.           78.           88.          100.          116.          137.          164.          204.          274.          418.  
2018      238         9       30               60.           67.           76.           86.           98.          114.          135.          162.          203.          272.          416.  
2018      238         9       35               60.           67.           76.           86.           98.          114.          135.          162.          203.          272.          417.  
2018      238         9       40               60.           67.           75.           85.           97.          113.          134.          161.          202.          272.          417.  
2018      238         9       45               59.           66.           74.           84.           96.          112.          132.          160.          200.          270.          415.  
2018      238         9       50               59.           66.           74.           83.           95.          111.          132.          159.          200.          270.          414.  
2018      238         9       55               58.           64.           73.           82.           94.          110.          130.          157.          198.          269.          414.  
2018      238        10        0               56.           63.           71.           81.           93.          108.          129.          156.          197.          268.          414.  
2018      238        10        5               55.           62.           70.           79.           91.          107.          127.          155.          196.          267.          413.  
2018      238        10       10               55.           61.           69.           78.           90.          106.          126.          154.          195.          266.          412.  
2018      238        10       15               52.           59.           67.           76.           88.          104.          124.          152.          193.          264.          411.  
2018      238        10       20               52.           59.           67.           76.           88.          103.          124.          151.          193.          264.          410.  
2018      238        10       25               54.           60.           68.           77.           89.          105.          125.          153.          194.          265.          411.  
2018      238        10       30               53.           60.           68.           77.           89.          104.          125.          152.          193.          264.          410.  
2018      238        10       35               52.           59.           67.           76.           88.          104.          124.          152.          193.          263.          410.  
2018      238        10       40               53.           59.           67.           76.           88.          104.          124.          151.          192.          263.          409.  
2018      238        10       45               50.           57.           65.           74.           86.          101.          121.          149.          189.          259.          405.  
2018      238        10       50               51.           57.           65.           74.           86.          101.          121.          149.          189.          259.          405.  
2018      238        10       55               51.           58.           66.           75.           87.          102.          122.          149.          190.          260.          406.  
2018      238        11        0               51.           57.           65.           74.           86.          101.          121.          149.          189.          259.          405.  
2018      238        11        5               51.           57.           65.           74.           86.          101.          122.          149.          189.          259.          405.  
2018      238        11       10               51.           58.           66.           75.           87.          102.          122.          149.          190.          260.          407.  
2018      238        11       15               52.           58.           66.           76.           88.          103.          123.          150.          191.          261.          408.  
2018      238        11       20               52.           59.           67.           76.           88.          103.          123.          150.          191.          261.          407.  
2018      238        11       25               52.           59.           67.           76.           88.          103.          123.          151.          191.          261.          407.  
2018      238        11       30               53.           60.           67.           77.           89.          104.          124.          151.          192.          262.          409.  
2018      238        11       35               51.           58.           66.           75.           87.          102.          122.          149.          190.          260.          407.  
2018      238        11       40               51.           57.           65.           75.           86.          101.          122.          149.          190.          260.          407.  
2018      238        11       45               51.           58.           66.           75.           87.          102.          122.          149.          190.          261.          409.  
2018      238        11       50               52.           58.           66.           75.           87.          102.          122.          149.          190.          262.          410.  
2018      238        11       55               51.           58.           66.           75.           86.          102.          122.          149.          190.          261.          410.  
2018      238        12        0               51.           58.           65.           75.           86.          101.          122.          149.          190.          261.          410.  
2018      238        12        5               51.           58.           66.           75.           87.          102.          122.          149.          190.          261.          410.  
2018      238        12       10               52.           59.           67.           76.           88.          103.          123.          150.          191.          262.          411.  
2018      238        12       15               53.           60.           67.           77.           88.          104.          124.          151.          192.          263.          412.  
2018      238        12       20               54.           61.           69.           78.           90.          105.          125.          152.          193.          265.          415.  
2018      238        12       25               56.           62.           70.           79.           91.          106.          126.          153.          194.          266.          415.  
2018      238        12       30               55.           62.           69.           79.           90.          105.          125.          153.          194.          265.          415.  
2018      238        12       35               56.           62.           70.           79.           91.          106.          126.          153.          194.          266.          416.  
2018      238        12       40               56.           62.           70.           79.           90.          105.          125.          152.          193.          265.          416.  
2018      238        12       45               55.           62.           69.           78.           90.          105.          125.          152.          193.          265.          415.  
2018      238        12       50               55.           61.           69.           78.           89.          104.          124.          151.          193.          265.          416.  
2018      238        12       55               55.           61.           69.           78.           89.          104.          124.          151.          193.          265.          417.  
2018      238        13        0               55.           61.           69.           78.           89.          104.          124.          151.          193.          265.          417.  
2018      238        13        5               54.           60.           67.           76.           87.          102.          121.          149.          190.          262.          412.  
2018      238        13       10               52.           58.           65.           74.           84.           99.          119.          146.          188.          260.          410.  
2018      238        13       15               56.           62.           69.           77.           88.          102.          122.          149.          190.          261.          410.  
2018      238        13       20               58.           63.           70.           78.           89.          103.          123.          150.          191.          262.          411.  
2018      238        13       25               56.           61.           68.           76.           87.          101.          121.          148.          189.          261.          410.  
2018      238        13       30               55.           61.           68.           76.           86.          100.          120.          147.          189.          261.          411.  
2018      238        13       35               57.           62.           69.           77.           87.          101.          121.          148.          190.          262.          412.  
2018      238        13       40               56.           62.           68.           76.           87.          101.          120.          148.          189.          261.          412.  
2018      238        13       45               55.           60.           67.           75.           86.          100.          119.          147.          188.          259.          410.  
2018      238        13       50               55.           60.           67.           75.           85.           99.          119.          146.          187.          259.          410.  
2018      238        13       55               53.           58.           65.           73.           83.           97.          116.          144.          185.          257.          409.  
2018      238        14        0               53.           58.           65.           72.           83.           97.          116.          143.          185.          256.          407.  
2018      238        14        5               51.           57.           63.           71.           81.           95.          114.          142.          183.          255.          406.  
2018      238        14       10               51.           56.           63.           71.           81.           94.          114.          141.          182.          254.          404.  
2018      238        14       15               51.           56.           62.           70.           80.           94.          113.          141.          182.          254.          404.  
2018      238        14       20               52.           58.           64.           72.           82.           96.          115.          142.          184.          255.          406.  
2018      238        14       25               53.           58.           65.           73.           83.           97.          116.          143.          184.          255.          406.  
2018      238        14       30               53.           58.           65.           73.           83.           97.          117.          143.          184.          256.          406.  
2018      238        14       35               53.           58.           65.           73.           84.           97.          117.          144.          184.          256.          406.  
2018      238        14       40               52.           58.           65.           73.           84.           98.          117.          144.          185.          256.          406.  
2018      238        14       45               52.           58.           65.           74.           84.           98.          117.          144.          185.          256.          406.  
2018      238        14       50               53.           59.           66.           74.           85.           99.          118.          145.          185.          256.          406.  
2018      238        14       55               54.           60.           67.           75.           86.          100.          119.          145.          185.          255.          404.  
2018      238        15        0               54.           60.           67.           75.           86.          100.          119.          146.          187.          259.          410.  
2018      238        15        5               54.           60.           67.           76.           86.          101.          120.          147.          187.          260.          412.  
2018      238        15       10               54.           59.           67.           76.           86.          101.          120.          147.          188.          260.          412.  
2018      238        15       15               55.           61.           68.           77.           88.          102.          121.          148.          189.          261.          413.  
2018      238        15       20               55.           61.           69.           77.           88.          103.          122.          149.          190.          261.          413.  
2018      238        15       25               54.           60.           67.           76.           87.          102.          121.          148.          188.          260.          411.  
2018      238        15       30               53.           59.           67.           76.           87.          101.          121.          148.          188.          259.          410.  
2018      238        15       35               54.           61.           68.           77.           88.          103.          122.          149.          190.          261.          411.  
2018      238        15       40               54.           60.           68.           77.           88.          103.          122.          149.          189.          260.          411.  
2018      238        15       45               54.           60.           68.           77.           88.          102.          122.          148.          188.          259.          408.  
2018      238        15       50               53.           59.           66.           75.           86.          101.          121.          148.          188.          260.          410.  
2018      238        15       55               53.           59.           67.           76.           87.          101.          121.          148.          188.          260.          411.  
2018      238        16        0               53.           60.           67.           76.           87.          102.          121.          148.          189.          261.          412.  
2018      238        16        5               54.           61.           68.           77.           88.          103.          122.          149.          190.          262.          414.  
2018      238        16       10               53.           59.           66.           75.           87.          101.          121.          147.          188.          259.          409.  
2018      238        16       15               53.           59.           67.           76.           87.          101.          121.          148.          188.          258.          408.  
2018      238        16       20               54.           60.           67.           76.           88.          102.          121.          148.          188.          257.          405.  
2018      238        16       25               54.           60.           68.           77.           88.          102.          122.          149.          189.          260.          410.  
2018      238        16       30               54.           61.           68.           77.           88.          103.          122.          149.          189.          260.          410.  
2018      238        16       35               53.           60.           67.           76.           87.          102.          121.          148.          188.          259.          408.  
2018      238        16       40               54.           60.           67.           76.           87.          102.          121.          148.          189.          260.          410.  
2018      238        16       45               52.           58.           66.           75.           86.          100.          120.          146.          187.          257.          406.  
2018      238        16       50               52.           58.           65.           74.           85.           99.          119.          146.          186.          256.          405.  
2018      238        16       55               52.           58.           65.           74.           85.           99.          119.          145.          186.          256.          405.  
2018      238        17        0               50.           56.           64.           73.           83.           98.          117.          143.          183.          251.          397.  
2018      238        17        5               51.           57.           64.           72.           83.           97.          117.          143.          184.          254.          403.  
2018      238        17       10               51.           57.           64.           73.           84.           98.          117.          144.          184.          255.          404.  
2018      238        17       15               52.           58.           65.           73.           84.           98.          117.          144.          184.          254.          403.  
2018      238        17       20               51.           56.           63.           72.           82.           96.          115.          142.          182.          252.          400.  
2018      238        17       25               50.           56.           63.           71.           82.           96.          115.          141.          181.          251.          399.  
2018      238        17       30               49.           55.           62.           70.           80.           94.          113.          140.          180.          251.          399.  
2018      238        17       35               49.           55.           61.           69.           80.           94.          113.          139.          180.          251.          399.  
2018      238        17       40               48.           53.           60.           68.           78.           92.          111.          137.          177.          248.          395.  
2018      238        17       45               47.           52.           59.           67.           77.           91.          109.          136.          176.          246.          393.  
2018      238        17       50               46.           51.           58.           65.           76.           89.          108.          134.          175.          245.          392.  
2018      238        17       55               45.           50.           57.           65.           75.           88.          107.          133.          174.          244.          391.  
2018      238        18        0               46.           51.           58.           66.           75.           89.          108.          134.          175.          245.          392.  
2018      238        18        5               46.           51.           58.           65.           75.           89.          107.          134.          174.          244.          391.  
2018      238        18       10               47.           52.           58.           66.           76.           89.          108.          134.          174.          244.          390.  
2018      238        18       15               47.           52.           58.           65.           75.           88.          107.          133.          174.          244.          390.  
2018      238        18       20               46.           51.           57.           65.           74.           88.          106.          133.          173.          243.          389.  
2018      238        18       25               45.           50.           56.           64.           74.           87.          105.          132.          172.          243.          390.  
2018      238        18       30               45.           50.           56.           63.           73.           86.          104.          131.          172.          243.          391.  
2018      238        18       35               45.           50.           56.           63.           72.           85.          104.          131.          172.          243.          390.  
2018      238        18       40               44.           48.           54.           61.           71.           84.          103.          129.          171.          243.          391.  
2018      238        18       45               45.           50.           56.           63.           72.           86.          104.          131.          172.          244.          393.  
2018      238        18       50               45.           49.           55.           63.           72.           85.          104.          131.          172.          245.          394.  
2018      238        18       55               45.           50.           56.           63.           73.           86.          105.          131.          173.          245.          395.  
2018      238        19        0               45.           50.           56.           64.           73.           86.          105.          132.          173.          246.          396.  
2018      238        19        5               46.           51.           57.           65.           75.           88.          107.          133.          175.          247.          397.  
2018      238        19       10               46.           51.           57.           65.           75.           89.          107.          134.          175.          248.          399.  
2018      238        19       15               47.           52.           58.           67.           77.           90.          109.          135.          176.          249.          399.  
2018      238        19       20               47.           53.           59.           68.           78.           91.          110.          136.          177.          249.          398.  
2018      238        19       25               47.           52.           59.           67.           78.           91.          109.          135.          176.          249.          399.  
2018      238        19       30               47.           53.           59.           68.           78.           92.          110.          136.          177.          249.          398.  
2018      238        19       35               47.           53.           60.           68.           78.           92.          110.          136.          177.          249.          398.  
2018      238        19       40               48.           53.           60.           68.           79.           92.          111.          137.          177.          248.          395.  
2018      238        19       45               48.           54.           61.           69.           79.           93.          111.          137.          177.          247.          392.  
2018      238        19       50               47.           53.           59.           68.           78.           91.          110.          136.          176.          247.          392.  
2018      238        19       55               48.           54.           60.           68.           79.           92.          111.          137.          177.          248.          393.  
2018      238        20        0               48.           54.           60.           68.           78.           92.          110.          137.          177.          248.          394.  
2018      238        20        5               49.           54.           61.           69.           79.           92.          111.          137.          178.          248.          394.  
2018      238        20       10               49.           54.           60.           68.           78.           92.          110.          137.          177.          249.          395.  
2018      238        20       15               48.           53.           59.           67.           77.           91.          109.          136.          176.          247.          393.  
2018      238        20       20               47.           53.           59.           67.           77.           90.          109.          135.          176.          247.          393.  
2018      238        20       25               46.           51.           58.           66.           76.           89.          108.          134.          175.          245.          390.  
2018      238        20       30               46.           51.           57.           65.           75.           88.          107.          133.          174.          245.          390.  
2018      238        20       35               44.           49.           56.           63.           73.           86.          105.          132.          173.          244.          390.  
2018      238        20       40               44.           49.           55.           62.           72.           85.          104.          131.          172.          242.          387.  
2018      238        20       45               43.           48.           54.           61.           71.           84.          103.          129.          170.          241.          385.  
2018      238        20       50               43.           47.           53.           61.           70.           83.          102.          129.          170.          241.          386.  
2018      238        20       55               42.           47.           53.           60.           70.           83.          101.          128.          169.          240.          384.  
2018      238        21        0               42.           47.           53.           60.           70.           83.          101.          128.          170.          241.          385.  
2018      238        21        5               44.           49.           55.           62.           71.           85.          103.          130.          171.          242.          387.  
2018      238        21       10               43.           48.           54.           61.           71.           84.          103.          129.          170.          240.          383.  
2018      238        21       15               44.           49.           55.           62.           72.           85.          104.          130.          171.          241.          384.  
2018      238        21       20               44.           49.           55.           62.           72.           85.          104.          130.          170.          241.          383.  
2018      238        21       25               44.           49.           55.           62.           72.           85.          103.          130.          170.          240.          382.  
2018      238        21       30               43.           48.           54.           61.           71.           84.          102.          128.          169.          239.          381.  
2018      238        21       35               42.           47.           53.           60.           69.           82.          101.          127.          167.          237.          379.  
2018      238        21       40               41.           46.           52.           59.           68.           81.           99.          126.          166.          236.          378.  
2018      238        21       45               40.           45.           51.           58.           67.           80.           98.          124.          165.          235.          377.  
2018      238        21       50               39.           44.           49.           56.           65.           78.           96.          123.          164.          234.          376.  
2018      238        21       55               38.           43.           48.           55.           64.           77.           95.          122.          163.          234.          375.  
2018      238        22        0               39.           44.           49.           56.           65.           78.           96.          123.          164.          234.          376.  
2018      238        22        5               39.           43.           49.           55.           64.           77.           95.          122.          163.          233.          375.  
2018      238        22       10               38.           42.           48.           55.           63.           76.           94.          121.          162.          232.          374.  
2018      238        22       15               38.           43.           48.           55.           64.           76.           94.          121.          162.          233.          374.  
2018      238        22       20               37.           42.           47.           54.           62.           75.           93.          120.          161.          232.          373.  
2018      238        22       25               37.           41.           46.           53.           62.           74.           92.          119.          160.          231.          373.  
2018      238        22       30               36.           40.           46.           52.           61.           73.           91.          118.          159.          230.          371.  
2018      238        22       35               35.           40.           45.           52.           60.           73.           91.          117.          159.          229.          371.  
2018      238        22       40               37.           41.           46.           53.           62.           74.           92.          119.          160.          230.          371.  
2018      238        22       45               36.           40.           46.           52.           61.           73.           91.          118.          159.          229.          370.  
2018      238        22       50               35.           40.           45.           51.           60.           72.           90.          117.          158.          228.          369.  
2018      238        22       55               35.           39.           44.           51.           60.           72.           90.          116.          158.          228.          368.  
2018      238        23        0               35.           39.           44.           51.           59.           71.           89.          116.          157.          228.          368.  
2018      238        23        5               35.           39.           45.           51.           59.           72.           90.          116.          157.          228.          368.  
2018      238        23       10               35.           39.           45.           51.           59.           72.           90.          116.          157.          228.          369.  
2018      238        23       15               35.           39.           45.           51.           59.           72.           90.          116.          157.          228.          368.  
2018      238        23       20               35.           40.           45.           51.           60.           72.           90.          116.          157.          228.          368.  
2018      238        23       25               35.           39.           44.           50.           59.           71.           89.          116.          157.          227.          367.  
2018      238        23       30               35.           40.           45.           51.           60.           72.           90.          116.          157.          227.          367.  
2018      238        23       35               35.           40.           45.           51.           60.           72.           90.          116.          157.          227.          367.  
2018      238        23       40               35.           40.           45.           51.           60.           72.           90.          116.          157.          227.          367.  
2018      238        23       45               35.           40.           45.           51.           60.           72.           90.          116.          157.          227.          366.  
2018      238        23       50               35.           39.           44.           50.           59.           71.           89.          115.          156.          226.          365.  
2018      238        23       55               35.           39.           44.           51.           59.           71.           89.          115.          156.          227.          366.  
2018      239         0        0               35.           39.           44.           50.           59.           71.           89.          115.          156.          226.          366.  
2018      239         0        5               35.           39.           44.           50.           59.           71.           89.          115.          156.          226.          366.  
2018      239         0       10               34.           38.           43.           50.           58.           70.           88.          114.          155.          225.          365.  
2018      239         0       15               34.           38.           43.           50.           58.           70.           88.          114.          155.          225.          365.  
2018      239         0       20               34.           38.           43.           49.           58.           70.           88.          114.          155.          225.          364.  
2018      239         0       25               34.           38.           43.           50.           58.           70.           88.          114.          155.          225.          364.  
2018      239         0       30               33.           38.           43.           49.           57.           69.           87.          113.          154.          225.          364.  
2018      239         0       35               34.           38.           43.           49.           58.           70.           87.          114.          154.          224.          363.  
2018      239         0       40               34.           38.           43.           50.           58.           70.           88.          114.          155.          225.          363.  
2018      239         0       40               34.           38.           43.           50.           58.           70.           88.          114.          155.          225.          363.  
