2018 237 12 30    2.76   -1.76    8.43  -402.5     3.1     5.9  10.64    29763  3.45    82    19  0  0  0.2430   3.34    3.50   -0.13    8.35  0.0010  -11.5
2018 237 12 35    2.82   -1.64    8.53  -402.5     2.2     4.4  10.38    29234  3.37    69    19  0  0  0.2484   3.26    3.42   -0.47    8.45  0.0013  -11.8
2018 237 12 40    2.58   -1.84    8.65  -402.6     0.5     1.5   9.86    28175  3.20    67    17  0  0  0.2558   3.10    3.25   -0.88    8.47  0.0017  -11.7
2018 237 12 45    1.37   -0.53    7.55  -398.4    -7.4     3.8  13.75    42358  4.37    50    12  0  0  0.2442   4.23    2.82   -1.11    8.36  0.0016  -12.1
2018 237 12 50    1.70   -1.34    7.19  -402.0    -3.6     4.0  14.81    46687  4.79    57    15  0  0  0.2518   4.64    2.48   -1.37    8.18  0.0018  -12.9
2018 237 12 55    1.81   -1.70    7.67  -403.8    -2.5     2.4  13.60    38768  4.43    54    17  0  0  0.2598   4.30    2.26   -1.46    8.08  0.0022  -14.1
2018 237 13  0    1.49   -1.44    7.81  -404.6    -4.7     4.0  15.45    37556  5.06    55    19  0 -1  0.2568   4.90    2.08   -1.46    7.98  0.0022  -15.2
2018 237 13  5    2.08   -1.78    6.65  -405.5    -6.8     5.6  17.31    36343  5.70    53    19  0  0  0.2539   5.52    1.98   -1.47    7.72  0.0025  -15.2
2018 237 13 10    2.38   -0.97    6.40  -404.6    -7.3     6.8  20.08    35997  6.60    57    21  0  0  0.2538   6.37    1.92   -1.37    7.42  0.0023  -15.8
2018 237 13 15    2.88   -1.37    6.13  -403.8    -9.4     5.3  21.26    37869  6.95    65    21  0  0  0.2574   6.72    1.96   -1.30    7.06  0.0023  -16.2
2018 237 13 20    2.70   -0.17    7.19  -408.6   -12.0     8.1  21.97    51601  7.35    64    19  0  0  0.2516   7.11    2.15   -1.25    7.01  0.0023  -16.7
2018 237 13 25    6.58    3.78    7.45  -415.8   -15.4     7.8  12.70    29460  4.39    71    14  0  0  0.2517   4.26    2.85   -0.52    7.04  0.0057  -16.1
2018 237 13 30    5.54    2.93    8.41  -413.7    -3.3     6.2  14.08    17170  4.83    67    14  0  0  0.2720   4.67    3.38    0.14    7.15  0.0069  -16.5
2018 237 13 35    6.55    5.14    7.04  -409.2     5.8    -3.8   7.78    18446  2.61    74    11  0  0  0.3066   2.52    4.10    1.08    7.04  0.0147  -15.9
2018 237 13 40    4.52    3.55    8.15  -409.7     4.9     1.5   9.74    32656  3.27    67     6  0  0  0.2969   3.17    4.45    1.84    7.25  0.0167  -14.7
2018 237 13 45   -0.29   -2.29    9.97  -430.1    -8.1   -16.4   6.85    28034  2.51    83     9  0  0  0.3217   2.46    4.07    1.65    7.76  0.0172  -14.5
2018 237 13 50   -1.84   -3.47   10.07  -443.3   -15.9   -32.8   5.98    22537  2.37    46     9  0  0  0.3474   2.29    3.39    1.35    8.33  0.0188  -14.1
2018 237 13 55   -1.87   -3.15   10.08  -441.9   -15.6   -29.3   6.77    21951  2.66    36     8  0  0  0.3438   2.58    2.74    0.93    8.74  0.0203  -14.2
2018 237 14  0   -1.83   -2.88   10.27  -441.4   -18.5   -30.9   6.56    23181  2.57    43     8  0  0  0.3465   2.49    1.54   -0.02    9.14  0.0177  -13.4
2018 237 14  5   -2.10   -3.86   10.14  -442.6   -22.2   -36.5   5.95    25374  2.35    46     9  0  0  0.3560   2.28    0.45   -0.99    9.39  0.0185  -13.6
2018 237 14 10   -1.75   -3.66   10.37  -447.9   -20.9   -46.0   6.22    27906  2.53    51     8  0  0  0.3778   2.45   -0.74   -2.25    9.86  0.0125  -13.8
2018 237 14 15   -3.81   -5.76    8.74  -444.9   -18.5   -43.0   6.84    26303  2.74    48     9  0  0  0.3777   2.65   -1.93   -3.58    9.95  0.0182  -13.8
2018 237 14 20   -4.29   -5.61    8.70  -443.6   -18.5   -39.6   7.25    27880  2.88    48    10  0  0  0.3737   2.79   -2.50   -4.06    9.77  0.0255  -13.9
2018 237 14 25   -4.73   -5.24    8.77  -441.6   -23.3   -38.7   7.91    33599  3.12    46    10  0  0  0.3695   3.02   -2.91   -4.31    9.58  0.0302  -14.3
2018 237 14 30   -5.12   -5.03    8.75  -440.4   -24.4   -38.1   7.97    31704  3.13    48    10  0  0  0.3697   3.03   -3.38   -4.58    9.39  0.0348  -14.3
2018 237 14 35   -4.69   -5.48    8.85  -440.5   -22.6   -38.4   8.15    31866  3.20    48    10  0  0  0.3746   3.09   -3.78   -4.95    9.19  0.0409  -14.4
2018 237 14 40   -4.65   -6.33    8.56  -438.2   -19.6   -34.9   7.85    32158  3.04    54    10  0  0  0.3734   2.94   -4.15   -5.30    8.96  0.0488  -14.5
2018 237 14 45   -4.83   -6.71    8.42  -438.6   -15.9   -34.7   7.97    29201  3.09    57    10  0  0  0.3791   2.99   -4.59   -5.74    8.68  0.0589  -14.2
2018 237 14 50   -5.14   -6.82    8.43  -435.5   -16.6   -34.8   7.66    31906  2.93    49    10  0  0  0.3811   2.84   -4.78   -5.89    8.64  0.0629  -14.4
2018 237 14 55   -5.39   -7.15    8.23  -436.6   -14.2   -35.3   7.09    31392  2.72    46    10  0  0  0.3865   2.64   -4.94   -6.11    8.57  0.0692  -14.1
2018 237 15  0   -5.47   -6.54    8.66  -437.7   -15.8   -41.8   7.85    33715  3.03    45     8  0  0  0.3998   2.94   -5.04   -6.29    8.56  0.0736  -14.0
2018 237 15  5   -6.23   -7.60    7.66  -436.0   -15.3   -31.9   6.79    37923  2.60    39    10  0  0  0.3825   2.52   -5.20   -6.66    8.40  0.0852  -14.0
2018 237 15 10   -7.94   -7.96    5.73  -437.7   -18.9   -25.0   6.44    43976  2.48    54     8  0  0  0.3664   2.40   -5.66   -7.02    7.96  0.1048  -13.9
2018 237 15 15   -7.79   -8.14    5.92  -433.8   -20.4   -19.1   7.12    45071  2.69    52     8  0  0  0.3548   2.61   -6.11   -7.27    7.58  0.1210  -14.0
2018 237 15 20   -8.16   -8.45    5.07  -435.8   -20.3   -24.7   6.44    40057  2.46    36     8  0  0  0.3680   2.38   -6.59   -7.52    7.10  0.1418  -14.1
2018 237 15 25   -8.14   -9.07    4.27  -437.5   -30.5   -20.4   6.43    36999  2.48    37     8  0  0  0.3504   2.40   -7.02   -7.84    6.51  0.1712  -14.9
2018 237 15 30   -8.01   -9.45    3.73  -431.5   -20.9   -17.8   7.74    50607  2.90    34     7  0  0  0.3566   2.80   -7.39   -8.17    5.86  0.2041  -15.4
2018 237 15 35   -8.09   -9.45    3.35  -431.4   -23.0   -21.6   8.93    39078  3.34    35     7  0  0  0.3638   3.24   -7.77   -8.59    5.10  0.2431  -15.6
2018 237 15 40   -8.74   -8.71    4.23  -433.7   -27.0   -25.8   8.47    44301  3.21    40     8  0  0  0.3699   3.11   -8.12   -8.75    4.61  0.2649  -15.7
2018 237 15 45   -9.15   -8.84    3.47  -432.9   -19.9   -21.3   7.30    44541  2.75    64     7  0 -1  0.3690   2.66   -8.30   -8.87    4.29  0.2835  -15.9
2018 237 15 50   -8.81   -9.51    2.73  -432.1   -12.7   -16.8   6.13    44781  2.30    69     6  0  0  0.3679   2.22   -8.44   -9.07    3.84  0.3125  -16.7
2018 237 15 55   -9.53   -9.34    0.84  -426.8   -25.5    -7.9   6.55    52152  2.40    75     6  0  0  0.3379   2.32   -8.64   -9.20    3.23  0.3511  -16.8
2018 237 16  0   -9.94   -8.86    0.96  -422.5   -29.8    -7.2  10.41    34085  3.74    86     5  0  0  0.3332   3.62   -8.90   -9.17    2.76  0.3756  -17.0
2018 237 16  5  -10.28   -8.61   -0.12  -423.2   -30.1     0.9   9.26    44426  3.34    63     6  0  0  0.3166   3.23   -9.22   -9.05    2.21  0.4055  -17.7
2018 237 16 10  -10.09   -8.84   -0.26  -419.6   -28.6     4.4   8.75    44225  3.10    71     6  0  0  0.3111   3.00   -9.51   -8.96    1.69  0.4347  -17.9
2018 237 16 15   -9.81   -8.61   -1.50  -420.9   -29.8     6.9   9.09    39363  3.24    94     4  0  0  0.3055   3.14   -9.66   -8.94    0.87  0.4890  -17.9
2018 237 16 20   -9.87   -7.84   -2.15  -422.6   -39.4     6.9   7.05    51999  2.54    90     6  0  0  0.2974   2.46   -9.76   -8.80    0.07  0.5429  -17.0
2018 237 16 25  -10.83   -6.32   -3.39  -420.0   -40.1     6.9   6.63    57242  2.36   120     6  0  0  0.2971   2.29  -10.05   -8.35   -0.80  0.5985  -16.7
2018 237 16 30  -10.61   -7.43   -0.96  -417.3   -27.7     0.8   6.70    57001  2.35   139     5  0  0  0.3226   2.27  -10.20   -8.07   -1.06  0.6065  -16.3
2018 237 16 35  -10.45   -7.88   -1.17  -419.5   -18.3    -7.8   6.69    69279  2.36   166     4  0  0  0.3508   2.29  -10.28   -7.93   -1.36  0.6254  -15.4
2018 237 16 40  -10.34   -8.21    0.09  -418.6   -20.5   -15.1   5.88    56281  2.07   210     4  0  0  0.3653   2.00  -10.29   -7.88   -1.33  0.6196  -15.7
2018 237 16 45  -10.55   -7.91   -1.06  -414.6   -21.3    -7.2   5.82    45146  2.01   226     4  0  0  0.3475   1.94  -10.35   -7.74   -1.45  0.6231  -16.0
2018 237 16 50  -10.60   -7.56   -1.40  -421.0   -22.8    -4.1   7.12    54375  2.54   231     4  0  0  0.3396   2.45  -10.46   -7.59   -1.43  0.6165  -16.0
2018 237 16 55  -10.47   -7.86   -1.30  -419.3   -27.2    -6.4   6.83    57708  2.42   200     4  0  0  0.3409   2.34  -10.55   -7.60   -1.31  0.6039  -16.0
2018 237 17  0  -10.56   -7.99    0.52  -413.4   -20.0    -7.3   6.16    53290  2.11   198     4  0  0  0.3494   2.04  -10.51   -7.83   -0.75  0.5567  -16.0
2018 237 17  5  -10.44   -7.92   -1.79  -419.2   -27.4    -7.0   6.68    62004  2.36   198     4  0  0  0.3423   2.28  -10.49   -7.90   -0.87  0.5709  -16.1
2018 237 17 10  -10.27   -7.82   -3.21  -417.6   -25.7   -10.4   5.99    62117  2.10   208     4  0  0  0.3513   2.03  -10.46   -7.90   -1.16  0.5984  -15.8
2018 237 17 15   -9.40   -7.79   -5.70  -419.4   -29.1    11.7   6.59    59912  2.33   226     5  0  0  0.2993   2.26  -10.33   -7.84   -1.99  0.6770  -15.5
2018 237 17 20   -9.71   -8.11   -4.73  -415.2   -20.8    -2.8   6.12    51601  2.11   244     4  0  0  0.3382   2.05  -10.21   -7.86   -2.52  0.7290  -15.7
2018 237 17 25   -9.62   -7.72   -5.59  -416.4   -20.2    -1.6   6.46    47918  2.25   255     5  0  0  0.3357   2.17  -10.07   -7.89   -3.11  0.7886  -16.2
2018 237 17 30   -9.58   -5.48   -7.68  -420.7   -30.2     7.3   6.62    60157  2.35   293     4  0  0  0.3074   2.28   -9.94   -7.55   -4.03  0.8783  -16.6
2018 237 17 35  -10.23   -4.90   -7.06  -416.3   -46.7     1.4   7.52    59286  2.64   278     2  0  0  0.3058   2.56   -9.89   -7.11   -5.11  0.9791  -17.2
2018 237 17 40   -9.92   -6.31   -6.41  -411.3   -25.0    -2.5   6.32    47120  2.15   300     1  0  0  0.3321   2.08   -9.82   -6.88   -5.77  1.0390  -18.1
2018 237 17 45   -9.87   -5.64   -7.05  -410.2   -26.2     2.7   6.10    41952  2.06   400    -1  0  0  0.3186   2.00   -9.76   -6.56   -6.32  1.0879  -19.1
2018 237 17 50   -9.73   -5.31   -7.46  -408.6   -26.3     5.7   6.20    40970  2.08   399    -3  0  0  0.3108   2.01   -9.81   -6.21   -6.57  1.1046  -20.1
2018 237 17 55   -9.62   -4.75   -7.96  -411.6   -37.5     6.6   6.76    50231  2.31   373    -2  0  0  0.2991   2.24   -9.80   -5.73   -7.03  1.1450  -20.9
2018 237 18  0   -9.61   -5.35   -7.53  -411.4   -33.3     8.4   6.41    44382  2.19   372    -4  0  0  0.2976   2.12   -9.79   -5.39   -7.31  1.1675  -22.1
2018 237 18  5   -9.92   -6.22   -6.52  -409.3   -19.0     1.4   6.15    38482  2.07   418    -7  0  0  0.3240   2.00   -9.84   -5.50   -7.14  1.1452  -23.4
2018 237 18 10   -9.43   -4.90   -8.23  -410.1   -31.6     4.8   6.15    39800  2.08   390    -9  0  0  0.3052   2.02   -9.73   -5.50   -7.31  1.1586  -24.4
2018 237 18 15   -9.43   -5.24   -8.12  -412.1   -27.6    12.4   6.07    40500  2.07   380   -10  0  0  0.2900   2.01   -9.66   -5.34   -7.55  1.1829  -25.9
2018 237 18 20   -9.41   -5.32   -8.14  -411.6   -23.5     9.5   6.00    37759  2.04   453   -11  0  0  0.2985   1.98   -9.59   -5.30   -7.71  1.1992  -27.2
2018 237 18 25   -9.48   -6.90   -6.84  -415.5   -11.0     2.7   7.04    45420  2.44   486   -13  0  0  0.3224   2.36   -9.56   -5.53   -7.62  1.1958  -28.2
2018 237 18 30   -9.76   -6.26   -7.11  -414.0   -14.8     1.9   6.79    49945  2.33   478   -13  0  0  0.3200   2.26   -9.58   -5.74   -7.50  1.1860  -29.2
2018 237 18 35   -9.42   -6.27   -7.89  -415.3   -21.1     7.5   6.20    39813  2.15   528   -14  0  0  0.3011   2.08   -9.55   -5.87   -7.55  1.1942  -30.3
2018 237 18 40   -9.52   -6.45   -7.79  -415.5   -19.6     2.9   6.64    44388  2.30   541   -15  0  0  0.3112   2.23   -9.49   -5.91   -7.73  1.2160  -31.6
2018 237 18 45   -9.81   -6.66   -7.24  -412.2   -16.0    -0.3   6.25    39424  2.12   592   -18  0  0  0.3195   2.06   -9.55   -6.16   -7.59  1.2046  -32.3
2018 237 18 50  -10.30   -5.75   -7.21  -411.3   -22.5    -0.5   6.40    40567  2.17   519   -20  0  0  0.3136   2.10   -9.67   -6.23   -7.46  1.1914  -33.5
2018 237 18 55  -10.43   -5.48   -7.16  -409.8   -26.0    -4.8   5.66    34023  1.91   587   -21  0  0  0.3193   1.85   -9.82   -6.25   -7.32  1.1764  -35.0
2018 237 19  0  -10.29   -5.91   -7.24  -410.0   -16.9    -7.8   5.92    37582  2.00   640   -24  0  0  0.3310   1.93   -9.93   -6.11   -7.38  1.1780  -36.6
2018 237 19  5  -10.75   -5.82   -6.59  -411.0   -26.9     2.9   6.64    41950  2.25   644   -25  0  0  0.2973   2.18  -10.07   -6.05   -7.30  1.1682  -37.9
2018 237 19 10  -10.92   -6.21   -5.89  -409.7   -15.0    -6.6   7.23    48049  2.43   659   -26  0  0  0.3257   2.35  -10.29   -6.04   -7.02  1.1362  -38.9
2018 237 19 15  -10.72   -6.38   -6.24  -410.9   -17.3    -5.4   6.65    45815  2.25   643   -27  0  0  0.3193   2.18  -10.46   -6.03   -6.80  1.1113  -40.0
2018 237 19 20  -11.21   -6.35   -5.59  -408.7    -9.7    -6.2   6.15    39472  2.06   552   -28  0  0  0.3241   1.99  -10.66   -5.99   -6.56  1.0852  -41.0
2018 237 19 25  -10.78   -5.52   -6.91  -408.0   -15.6    -6.4   6.36    44124  2.13   600   -28  0  0  0.3185   2.05  -10.73   -5.95   -6.52  1.0790  -41.9
2018 237 19 30   -9.66   -7.24   -7.01  -415.8   -14.4     0.6   7.10    47364  2.46   723   -29  0  0  0.3008   2.38  -10.62   -6.20   -6.50  1.0822  -42.7
2018 237 19 35   -9.52   -7.14   -7.48  -420.4   -12.4    -0.1   7.49    47288  2.65   632   -30  0  0  0.3014   2.57  -10.51   -6.38   -6.53  1.0927  -43.2
2018 237 19 40  -10.17   -7.37   -6.32  -415.9    -7.3    -4.1   7.69    52330  2.66   641   -31  0  0  0.3114   2.58  -10.43   -6.60   -6.49  1.0937  -43.7
2018 237 19 45  -10.92   -4.75   -7.05  -407.5   -24.0    -7.5   6.96    37647  2.32   566   -30  0  0  0.3065   2.25  -10.43   -6.39   -6.66  1.1081  -44.4
2018 237 19 50  -10.17   -5.11   -8.39  -409.2   -22.7    -2.0   7.08    35567  2.38   535   -30  0  0  0.2919   2.30  -10.35   -6.21   -6.96  1.1369  -44.7
2018 237 19 55  -10.79   -6.08   -6.98  -405.7   -15.5    -3.9   7.46    37797  2.46   561   -32  0  0  0.2984   2.38  -10.29   -6.17   -7.16  1.1552  -44.7
2018 237 20  0   -9.80   -4.70   -9.02  -408.7   -19.9     1.5   7.45    32826  2.50   603   -31  0  0  0.2803   2.42  -10.15   -6.06   -7.46  1.1849  -44.6
2018 237 20  5   -7.12   -3.23  -11.89  -421.5   -34.9    18.0   7.24    35550  2.60   597   -30  0  0  0.2315   2.51   -9.78   -5.48   -8.16  1.2543  -45.0
2018 237 20 10   -7.92   -4.15  -11.04  -420.1   -32.6    18.4   7.80    40042  2.78   649   -30  0  0  0.2291   2.69   -9.56   -5.06   -8.67  1.3023  -45.4
2018 237 20 15   -8.82   -4.51  -10.13  -414.7   -28.7    12.9   6.94    35912  2.40   691   -32  0  0  0.2407   2.33   -9.36   -4.65   -9.21  1.3530  -45.7
2018 237 20 20   -9.39   -4.48   -9.35  -414.7   -21.2     9.5   7.15    34401  2.47   686   -33  0  0  0.2503   2.39   -9.14   -4.61   -9.54  1.3898  -46.3
2018 237 20 25  -11.31   -5.21   -7.49  -409.9   -22.9     5.0   7.28    32344  2.46   713   -34  0  0  0.2567   2.38   -9.31   -4.62   -9.41  1.3775  -47.1
2018 237 20 30  -11.35   -5.32   -7.76  -405.0   -21.0     1.9   6.68    31701  2.20   671   -37  0  0  0.2620   2.13   -9.39   -4.51   -9.53  1.3875  -48.0
2018 237 20 35  -10.81   -5.44   -8.40  -405.9   -19.6     2.9   6.74    31484  2.23   605   -38  0  0  0.2576   2.16   -9.53   -4.62   -9.44  1.3776  -48.5
2018 237 20 40   -9.49   -5.61  -10.15  -412.2   -21.4    10.8   7.55    31999  2.58   617   -38  0  0  0.2353   2.49   -9.87   -4.96   -9.19  1.3482  -48.5
2018 237 20 45   -8.78   -5.27  -11.10  -413.3   -20.4    12.4   7.20    31803  2.47   659   -35  0  0  0.2291   2.39   -9.99   -5.12   -9.20  1.3444  -48.3
2018 237 20 50  -10.47   -5.36   -9.09  -411.0   -12.8    13.9   7.38    36064  2.50   742   -33  0  0  0.2264   2.42  -10.23   -5.24   -9.05  1.3283  -47.3
2018 237 20 55  -12.01   -6.78   -6.31  -411.0     4.8    12.9   8.72    37285  2.95   813   -30  0  0  0.2349   2.86  -10.60   -5.57   -8.61  1.2853  -46.3
2018 237 21  0  -12.44   -5.29   -7.08  -402.8   -21.4     2.9   8.38    54959  2.73   980   -27  0  0  0.2411   2.64  -10.76   -5.58   -8.56  1.2757  -44.9
2018 237 21  5  -11.23   -4.82   -9.17  -412.7    -7.2    23.8   7.78    34040  2.66  1063   -28  0  0  0.1966   2.58  -10.75   -5.51   -8.76  1.3004  -43.7
2018 237 21 10  -10.57   -3.72  -10.35  -414.6   -32.6    27.0   6.56    37261  2.28  1005   -29  0  0  0.1728   2.21  -10.71   -5.26   -9.04  1.3325  -42.6
2018 237 21 15  -10.96   -4.07   -9.36  -412.6   -28.3    26.5   6.63    36870  2.28   910   -27  0  0  0.1727   2.21  -10.92   -5.04   -8.92  1.3220  -41.6
2018 237 21 20  -12.69   -4.56   -7.17  -398.7   -10.5    -0.1   6.74    35430  2.15   872   -27  0  0  0.2413   2.08  -11.48   -4.94   -8.36  1.2594  -41.2
2018 237 21 25  -12.61   -2.96   -8.08  -403.3    -7.0     3.8   6.09    28692  1.98   872   -27  0  0  0.2304   1.92  -11.79   -4.60   -8.22  1.2401  -41.1
2018 237 21 30  -11.40   -4.42   -9.38  -399.5   -24.1     7.7   6.41    37360  2.05   847   -28  0  0  0.2082   1.99  -11.70   -4.26   -8.66  1.2739  -41.4
2018 237 21 35  -11.73   -3.92   -9.27  -399.7   -15.8     2.6   6.32    37954  2.02   845   -30  0  0  0.2217   1.96  -11.60   -4.07   -8.97  1.3018  -42.4
2018 237 21 40  -11.77   -3.16   -9.65  -399.5   -23.1     5.2   7.00    28458  2.24   833   -32  0  0  0.2080   2.17  -11.68   -3.83   -9.04  1.2989  -43.4
2018 237 21 45  -11.75   -4.15   -9.42  -399.2   -16.7     3.2   7.25    31812  2.32   810   -34  0  0  0.2129   2.24  -11.84   -3.89   -8.90  1.2761  -44.4
2018 237 21 50  -12.11   -4.03   -9.13  -397.4   -17.1     0.4   7.17    33314  2.27   726   -34  0  0  0.2160   2.20  -12.01   -3.89   -8.87  1.2631  -45.3
2018 237 21 55  -12.12   -3.70   -9.34  -396.5   -17.9     0.4   7.13    29007  2.25   677   -33  0  0  0.2121   2.18  -11.93   -3.76   -9.18  1.2911  -46.0
2018 237 22  0  -12.11   -3.79   -9.41  -397.4   -18.6    -0.0   7.53    30121  2.38   665   -33  0  0  0.2092   2.31  -11.86   -3.88   -9.37  1.3055  -46.2
2018 237 22  5  -11.38   -3.74  -10.15  -401.6   -19.8     2.2   8.00    32281  2.59   657   -32  0  0  0.1998   2.51  -11.85   -3.78   -9.48  1.3168  -46.1
2018 237 22 10  -11.43   -3.52  -10.37  -401.1   -24.2     3.9   7.80    29963  2.52   674   -32  0  0  0.1898   2.44  -11.81   -3.73   -9.64  1.3319  -46.1
2018 237 22 15  -11.30   -3.82  -10.50  -402.8   -20.9     4.7   7.98    31698  2.60   726   -32  0  0  0.1862   2.52  -11.74   -3.82   -9.76  1.3452  -46.4
2018 237 22 20  -10.03   -3.26  -11.66  -408.5   -26.9     5.4   9.30    40827  3.12   733   -30  0  0  0.1782   3.02  -11.50   -3.69  -10.08  1.3803  -47.0
2018 237 22 25  -10.49   -1.75  -10.80  -406.6   -25.9    -0.7   9.10    36227  3.03   844   -31  0  0  0.1896   2.93  -11.27   -3.37  -10.32  1.4079  -47.4
2018 237 22 30   -6.08    0.80  -14.30  -421.7   -30.0     6.0  10.33    44167  3.70   842   -32  0  0  0.1689   3.58  -10.40   -2.73  -11.03  1.4892  -48.1
2018 237 22 35   -6.28    3.67  -13.77  -418.7   -34.4     2.6  10.94    43488  3.86   822   -29  0  0  0.1709   3.74   -9.57   -1.66  -11.65  1.5601  -48.7
2018 237 22 40   -6.19    3.37  -13.82  -418.6   -35.9     3.3  12.01    52733  4.25   882   -30  0  0  0.1649   4.11   -8.83   -0.64  -12.17  1.6191  -49.8
2018 237 22 45   -6.86    2.29  -13.68  -418.0   -41.3    -0.3  10.19    36011  3.60  1042   -32  0  0  0.1669   3.48   -8.18    0.19  -12.65  1.6736  -51.2
2018 237 22 50   -7.98    1.19  -13.13  -414.7   -33.6     2.5  11.12    41359  3.85  1148   -35  0  0  0.1605   3.73   -7.70    0.90  -13.02  1.7155  -52.3
2018 237 22 55   -8.25    2.54  -12.53  -415.8   -34.8     0.8  11.41    45541  3.97  1035   -37  0  0  0.1603   3.85   -7.45    1.73  -13.15  1.7320  -53.8
2018 237 23  0   -6.92    2.60  -13.22  -416.6   -35.1     2.6  11.82    44962  4.13  1010   -39  0  0  0.1524   4.00   -6.94    2.35  -13.49  1.7702  -54.9
2018 237 23  5   -7.88    2.90  -12.51  -412.3   -38.2    -1.9  11.39    42924  3.91  1069   -40  0  0  0.1575   3.78   -7.19    2.65  -13.24  1.7404  -56.3
2018 237 23 10  -11.92    1.00   -9.55  -403.9   -27.7    -3.8  10.20    42740  3.34   960   -42  0  0  0.1637   3.24   -8.00    2.27  -12.63  1.6752  -57.5
2018 237 23 15  -12.67    0.87   -8.87  -404.7   -28.0    -7.2  10.66    40973  3.51  1018   -43  0  0  0.1681   3.40   -8.93    1.91  -11.93  1.6008  -58.4
2018 237 23 20  -12.45    0.36   -9.26  -405.0   -30.1    -5.7   9.94    38737  3.28   914   -46  0  0  0.1598   3.18   -9.72    1.64  -11.30  1.5341  -59.0
2018 237 23 25  -11.68    0.96  -10.11  -403.0   -30.3    -6.5  10.59    42168  3.46   988   -46  0  0  0.1580   3.35  -10.25    1.60  -10.86  1.4871  -60.0
2018 237 23 30  -10.88    1.20  -11.03  -405.4   -33.1    -1.6  10.71    43556  3.54  1089   -46  0  0  0.1412   3.43  -10.63    1.41  -10.65  1.4602  -61.3
2018 237 23 35  -11.87   -0.46  -10.06  -406.4   -31.8    -1.5  10.34    41450  3.43  1048   -49  0  0  0.1380   3.33  -11.34    0.98  -10.20  1.4121  -62.6
2018 237 23 40  -12.48   -0.33   -9.49  -400.2   -31.9    -4.2  10.61    47647  3.42   980   -52  0  0  0.1408   3.31  -11.99    0.51   -9.77  1.3646  -63.7
2018 237 23 45  -11.79   -0.47  -10.42  -398.8   -28.6     2.2  10.38    45227  3.32   779   -53  0  0  0.1233   3.21  -11.97    0.30   -9.89  1.3727  -64.7
2018 237 23 50  -11.74    0.14  -10.42  -398.7   -28.2    -1.6  10.54    46758  3.37   834   -54  0  0  0.1292   3.26  -11.84    0.20  -10.11  1.3894  -65.6
2018 237 23 55  -12.28    0.25   -9.80  -396.3   -23.4    -3.8  10.24    46429  3.23   923   -55  0  0  0.1336   3.13  -11.82    0.18  -10.19  1.3911  -67.3
2018 238  0  0  -11.65   -2.12  -10.03  -398.5   -15.2    -4.2   9.50    39413  3.01   927   -55  0  0  0.1355   2.93  -11.81   -0.26  -10.18  1.3873  -68.4
2018 238  0  5  -10.10   -0.63  -11.48  -415.3   -41.0    15.3  13.70    46086  4.78   867   -56  0  0  0.0730   4.63  -11.70   -0.52  -10.24  1.4004  -69.3
2018 238  0 10   -8.93    1.14  -12.52  -411.5   -40.7     7.4  12.27    48390  4.20   750   -57  0  0  0.0878   4.07  -11.28   -0.29  -10.59  1.4359  -70.3
2018 238  0 15  -10.05    0.31  -11.83  -408.3   -28.8     4.5  11.52    46578  3.86   784   -58  0  0  0.0972   3.74  -10.93   -0.20  -10.93  1.4718  -71.5
2018 238  0 20   -9.38   -0.01  -12.46  -409.8   -29.8     6.6  11.67    43663  3.94   929   -59  0  0  0.0883   3.82  -10.59   -0.13  -11.22  1.5054  -73.0
2018 238  0 25  -10.22    0.12  -11.90  -405.5   -32.0    -0.1  11.81    46831  3.91   896   -61  0  0  0.0995   3.78  -10.37   -0.13  -11.43  1.5289  -73.5
2018 238  0 30  -10.40   -0.34  -11.86  -403.7   -26.8     1.7  11.60    46255  3.80   832   -63  0  0  0.0945   3.68  -10.10   -0.22  -11.73  1.5601  -74.2
2018 238  0 35  -10.34   -0.94  -11.98  -404.9   -25.3     4.1  11.12    40834  3.66   956   -64  0  0  0.0863   3.55   -9.92   -0.05  -12.00  1.5892  -75.4
2018 238  0 40  -10.03   -0.35  -12.27  -405.5   -23.7     1.8  11.62    40681  3.84   883   -64  0  0  0.0894   3.71   -9.91   -0.01  -12.12  1.5917  -76.2
2018 238  0 45   -9.57   -1.68  -12.64  -408.9   -23.1     2.9  12.58    42710  4.22   832   -65  0  0  0.0840   4.09  -10.00   -0.41  -12.13  1.5911  -76.9
2018 238  0 50   -9.51   -0.22  -13.35  -408.9   -26.9     4.8  11.11    40222  3.73   845   -66  0  0  0.0742   3.61   -9.92   -0.49  -12.35  1.6105  -77.5
2018 238  0 55   -9.77   -0.60  -13.05  -409.2   -23.4     3.9  10.91    38858  3.67   817   -67  0  0  0.0750   3.55   -9.98   -0.57  -12.44  1.6173  -78.8
2018 238  1  0   -8.80   -0.23  -13.60  -410.1   -27.4     3.1  11.99    36615  4.05   844   -67  0  0  0.0716   3.92   -9.77   -0.62  -12.68  1.6419  -80.0
2018 238  1  5   -7.02   -0.53  -14.62  -418.3   -26.1     6.8  13.22    45237  4.64   882   -70  0  0  0.0610   4.50   -9.29   -0.65  -13.07  1.6875  -81.0
2018 238  1 10   -8.30    0.40  -14.11  -413.4   -31.6     5.7  12.39    40721  4.26   943   -71  0  0  0.0571   4.13   -9.00   -0.46  -13.38  1.7203  -82.6
2018 238  1 15   -8.92    1.31  -13.61  -408.8   -33.5    -0.4  12.07    39682  4.06   875   -73  0  0  0.0670   3.93   -8.84   -0.22  -13.57  1.7392  -84.5
2018 238  1 20   -8.70    2.24  -13.42  -409.4   -36.0    -0.1  12.64    42395  4.27   926   -76  0  0  0.0618   4.14   -8.72    0.34  -13.68  1.7492  -86.2
2018 238  1 25  -10.12    1.08  -12.76  -404.7   -26.2    -2.3  12.62    44279  4.16  1099   -79  0  0  0.0696   4.02   -8.80    0.52  -13.60  1.7387  -87.2
2018 238  1 30   -9.78    2.20  -13.22  -403.7   -37.5    -0.4  11.05    38086  3.64   933   -82  0  0  0.0554   3.52   -8.81    0.92  -13.62  1.7365  -88.3
2018 238  1 35  -11.19    0.81  -12.50  -400.4   -31.4     0.5  10.68    39181  3.45   851   -82  0  0  0.0538   3.34   -9.15    1.07  -13.46  1.7156  -89.7
2018 238  1 40  -12.27   -0.93  -11.57  -395.5   -22.1    -2.6  10.90    38879  3.42  1045   -83  0  0  0.0640   3.31   -9.90    1.02  -13.03  1.6605  -90.6
2018 238  1 45  -12.62   -1.73  -11.09  -395.7   -19.5   -11.4  10.47    33383  3.29  1005   -86  0  0  0.0844   3.19  -10.51    0.71  -12.60  1.6102  -91.2
2018 238  1 50  -13.29   -3.37   -9.81  -390.3   -12.2    -9.8  11.00    37321  3.36  1068   -87  0  0  0.0826   3.25  -11.14    0.04  -12.05  1.5502  -91.8
2018 238  1 55  -13.16   -2.67  -10.69  -390.5   -14.4    -6.7  10.24    37708  3.13   938   -88  0  0  0.0709   3.03  -11.78   -0.66  -11.66  1.5031  -92.5
2018 238  2  0  -12.55   -1.61  -11.51  -392.9   -18.8     0.0  11.23    40298  3.47   887   -87  0  0  0.0489   3.37  -12.12   -1.04  -11.48  1.4792  -93.4
2018 238  2  5  -10.47   -0.26  -13.87  -401.2   -31.3     6.1  10.71    39780  3.48   950   -87  0  0  0.0240   3.36  -12.22   -1.39  -11.58  1.4849  -94.0
2018 238  2 10   -7.03    3.51  -15.81  -403.8   -25.5    -0.0  11.94    22416  3.91   854   -88  0  0  0.0400   3.79  -11.63   -1.01  -12.05  1.5265  -95.3
2018 238  2 15   -8.48    2.17  -15.59  -403.9   -31.9     7.1  10.93    23839  3.59  1013   -89  0  0  0.0164   3.48  -11.09   -0.57  -12.62  1.5805  -96.8
2018 238  2 20   -5.07    4.79  -16.44  -409.1   -30.1     4.6  13.45    19628  4.54  1429   -92  0  0  0.0215   4.38  -10.01    0.37  -13.39  1.6545  -98.5
2018 238  2 25   -6.30    3.61  -16.32  -405.7   -28.0     4.1  13.21    21473  4.38  1132   -94  0  0  0.0215   4.23   -9.01    1.36  -14.32  1.7435 -101.0
2018 238  2 30   -7.51    1.74  -16.03  -402.4   -22.2     6.6  11.96    23618  3.88   982   -98  0  0  0.0168   3.76   -8.20    1.99  -15.08  1.8152 -103.4
2018 238  2 35   -8.72    2.54  -15.33  -399.9   -23.5     3.0  13.86    19667  4.45   914  -102  0  0  0.0222   4.31   -7.65    2.59  -15.63  1.8654 -105.8
2018 238  2 40   -9.03    2.70  -15.19  -397.3   -21.8     2.4  13.62    24348  4.31   882  -104  0  0  0.0225   4.18   -7.45    3.01  -15.82  1.8773 -107.4
2018 238  2 45   -8.29    3.29  -15.60  -399.7   -23.2     5.4  13.58    19488  4.35   741  -104  0  0  0.0124   4.22   -7.63    2.98  -15.79  1.8714 -109.5
2018 238  2 50   -7.86    5.06  -15.48  -401.0   -31.6     2.5  13.36    19264  4.32   750  -105  0  0  0.0115   4.19   -7.54    3.39  -15.77  1.8676 -111.5
2018 238  2 55   -7.24    5.84  -15.48  -402.0   -37.4    -0.4  13.84    20787  4.51   846  -109  0  0  0.0124   4.37   -7.85    3.54  -15.63  1.8506 -113.0
2018 238  3  0   -7.74    3.75  -15.79  -403.1   -31.6     2.9  12.96    18201  4.24   855  -112  0  0  0.0068   4.10   -8.06    3.56  -15.56  1.8422 -114.8
2018 238  3  5   -8.07    1.91  -16.09  -399.6   -20.4     7.5  13.28    19441  4.25  1208  -114  0  0  0.0017   4.12   -8.14    3.58  -15.57  1.8405 -116.9
2018 238  3 10   -6.68    3.39  -16.55  -405.2   -27.5     5.0  14.37    16026  4.74  1297  -116  0  0  0.0012   4.59   -7.84    3.71  -15.74  1.8589 -119.2
2018 238  3 15   -6.24    3.46  -16.73  -407.0   -28.0     5.2  15.18    15812  5.05   757  -117  0  0 -0.0012   4.89   -7.45    3.81  -15.96  1.8848 -121.1
2018 238  3 20   -6.11    2.91  -16.90  -407.4   -26.6     6.3  15.48    15871  5.16   849  -119  0  0 -0.0043   5.00   -7.13    3.76  -16.15  1.9063 -123.4
2018 238  3 25   -7.40    2.01  -16.48  -402.4   -24.8     5.6  14.84    17408  4.83   722  -122  0  0 -0.0033   4.67   -7.07    3.32  -16.29  1.9187 -125.4
2018 238  3 30   -6.47    3.17  -16.58  -406.5   -29.1     2.3  17.01    17273  5.65   623  -124  0  0  0.0000   5.47   -6.96    2.94  -16.45  1.9349 -127.2
2018 238  3 35   -7.81    1.64  -16.15  -401.8   -21.6     3.4  16.54    17066  5.35   823  -125  0  0  0.0014   5.19   -6.97    2.64  -16.50  1.9378 -129.3
2018 238  3 40   -6.88    3.23  -16.41  -402.8   -28.4     2.3  15.72    17096  5.13   981  -128  0  0 -0.0025   4.97   -6.80    2.83  -16.54  1.9441 -131.7
2018 238  3 45   -6.92    3.63  -16.30  -403.4   -29.3     1.1  14.72    16954  4.82  1074  -134  0  0 -0.0017   4.66   -6.83    2.86  -16.51  1.9397 -134.2
2018 238  3 50   -7.12    3.07  -16.33  -401.3   -27.6     2.5  15.18    19326  4.91  1170  -138  0  0 -0.0050   4.76   -6.96    2.81  -16.45  1.9300 -136.9
2018 238  3 55   -7.25    3.58  -16.01  -400.1   -27.5     1.3  16.25    17957  5.23   682  -139  0  0 -0.0034   5.06   -7.12    2.90  -16.32  1.9133 -139.8
2018 238  4  0   -7.43    2.58  -15.59  -399.1   -21.6    -0.5  21.36    21379  6.82  1018  -141  0  0  0.0045   6.61   -7.13    2.99  -16.20  1.9005 -143.0
2018 238  4  5   -7.99    1.75  -15.56  -395.3   -14.5     0.5  20.04    22234  6.27   776  -143  0  0  0.0069   6.07   -7.34    2.78  -16.05  1.8793 -145.8
2018 238  4 10   -7.28    2.06  -15.56  -397.0   -12.9     2.0  22.45    23354  7.09   579  -146  0  0  0.0039   6.86   -7.27    2.84  -15.97  1.8687 -147.9
2018 238  4 15   -7.49   -0.57  -15.94  -398.5   -13.2     2.7  20.56    20897  6.54   663  -149  0  0  0.0013   6.33   -7.35    2.30  -15.90  1.8599 -149.8
2018 238  4 20   -6.50   -0.25  -16.63  -399.5   -13.1     4.3  17.96    18243  5.74   829  -151  0  0 -0.0030   5.56   -7.29    1.75  -15.95  1.8604 -150.9
2018 238  4 25   -6.18    2.32  -16.29  -400.5   -22.4     1.6  18.35    20162  5.90   811  -151  0  0 -0.0051   5.72   -7.16    1.64  -15.94  1.8592 -152.6
2018 238  4 30   -6.90    2.48  -16.15  -397.5   -18.7     1.5  18.64    21359  5.91  1088  -152  0  0 -0.0024   5.72   -7.11    1.48  -15.96  1.8586 -154.0
2018 238  4 35   -6.87    1.92  -15.87  -395.9   -20.3    -2.8  22.03    22557  6.93   958  -154  0  0  0.0058   6.71   -7.03    1.39  -16.00  1.8589 -155.5
2018 238  4 40   -6.04   -0.05  -16.10  -401.7   -12.8     1.5  22.39    20786  7.25  1411  -156  0  0  0.0021   7.01   -6.75    1.13  -16.08  1.8706 -157.4
2018 238  4 45   -6.49    0.15  -16.14  -401.1   -12.0     4.4  23.48    22314  7.57  1671  -157  0  0 -0.0043   7.32   -6.64    0.86  -16.16  1.8808 -158.6
2018 238  4 50   -4.05    0.55  -16.75  -401.7   -10.0     4.8  24.93    26760  8.05   845  -158  0  0 -0.0036   7.80   -6.15    1.02  -16.28  1.8928 -160.4
2018 238  4 55   -4.83    0.31  -16.79  -403.6    -7.6     5.2  20.43    22248  6.66  1001  -158  0  0 -0.0023   6.45   -5.91    1.10  -16.30  1.8986 -161.5
2018 238  5  0   -3.62    0.94  -17.03  -407.7    -6.6     3.2  22.20    24339  7.39  1536  -161  0  0  0.0033   7.15   -5.54    0.90  -16.40  1.9140 -162.2
2018 238  5  5   -3.63    1.68  -17.79  -418.4   -10.1    13.1  18.71    20850  6.56  1041  -163  0  0 -0.0213   6.35   -5.08    0.79  -16.64  1.9524 -163.4
2018 238  5 10   -7.54    2.12  -16.69  -417.0   -12.3    19.8  16.68    17137  5.82   684  -166  0  0 -0.0381   5.64   -5.17    0.81  -16.76  1.9814 -165.3
2018 238  5 15   -8.93    2.22  -16.16  -389.5   -11.4     1.9  15.63    15878  4.75   870  -175  0  0  0.0017   4.60   -5.58    1.14  -16.76  1.9713 -167.7
2018 238  5 20   -0.60    2.53  -17.60  -392.1   -13.0    -7.2  21.22    21863  6.53   859  -177  0  0  0.0220   6.33   -4.74    1.48  -16.97  1.9788 -169.5
2018 238  5 25    2.63    3.15  -17.26  -391.8    -9.7     4.7  21.76    21429  6.68   704  -176  0  0 -0.0026   6.48   -3.79    1.85  -17.05  1.9752 -171.7
2018 238  5 30    2.37    2.88  -17.09  -391.7    -9.9     2.1  24.37    22699  7.48   700  -174  0  0  0.0038   7.25   -2.76    2.22  -17.09  1.9674 -174.5
2018 238  5 35    3.18    2.90  -17.00  -392.4    -9.9     2.8  24.06    21222  7.42  1028  -177  0  0  0.0027   7.18   -1.79    2.50  -17.08  1.9527 -176.9
2018 238  5 40    3.76    2.99  -16.88  -387.0   -11.0     3.5  25.86    30275  7.75   986  -181  0  0  0.0003   7.51   -0.73    2.68  -16.95  1.9129 -178.0
2018 238  5 45    3.25    2.98  -16.92  -388.4   -12.9     2.2  24.30    21714  7.34   928  -184  0  0  0.0022   7.11    0.81    2.81  -16.99  1.8887 -179.5
2018 238  5 50    0.09    3.35  -16.82  -386.0   -14.9     3.1  22.50    21573  6.72   979  -185  0  0 -0.0014   6.50    2.10    2.97  -17.08  1.8924 -181.1
2018 238  5 55   -2.31    3.77  -16.83  -384.3   -14.2     2.4  21.93    22452  6.48  1286  -188  0  0  0.0017   6.28    1.85    3.15  -16.97  1.8770 -182.0
2018 238  6  0   -3.21    3.86  -16.97  -380.5   -14.2     2.3  20.97    19486  6.08  1119  -190  0  0  0.0025   5.89    1.02    3.25  -16.93  1.8634 -182.3
2018 238  6  5   -3.92    4.41  -16.95  -388.0   -16.4     5.8  18.32    16601  5.52  1069  -190  0  0 -0.0067   5.35    0.12    3.47  -16.91  1.8584 -182.6
2018 238  6 10   -3.59    5.01  -16.71  -385.0   -13.9     5.6  18.79    18352  5.58   965  -190  0  0 -0.0028   5.40   -0.85    3.77  -16.87  1.8485 -183.0
2018 238  6 15   -1.56    6.59  -15.93  -385.7    -9.1     4.4  22.00    20214  6.55   992  -189  0  0  0.0064   6.34   -1.61    4.28  -16.73  1.8376 -183.1
2018 238  6 20   -2.45    5.89  -15.66  -390.4   -15.9     4.7  22.50    18076  6.87   870  -187  0  0 -0.0001   6.65   -2.42    4.70  -16.55  1.8260 -183.1
2018 238  6 25   -5.76    4.06  -15.58  -385.5   -14.2     7.5  24.07    19378  7.17  1132  -187  0  0 -0.0040   6.94   -3.26    4.80  -16.38  1.8126 -183.4
2018 238  6 30   -7.09    2.95  -15.37  -384.8   -13.7     7.6  22.25    16536  6.60  1137  -188  0  0 -0.0024   6.39   -3.94    4.68  -16.17  1.7976 -184.2
2018 238  6 35   -8.47    1.87  -14.86  -382.5   -11.7     6.0  22.43    16720  6.57   422  -189  0  0  0.0048   6.36   -4.69    4.40  -15.87  1.7773 -184.1
2018 238  6 40   -6.95    3.03  -15.17  -380.1    -7.7     4.7  27.09    14525  7.83   571  -189  0  0  0.0137   7.59   -5.12    4.20  -15.61  1.7519 -184.0
2018 238  6 45   -5.63    4.00  -15.52  -374.9    -4.6     4.6  27.03    15793  7.60   538  -185  0  0  0.0188   7.36   -5.42    4.06  -15.44  1.7310 -184.4
2018 238  6 50   -6.03    4.15  -15.31  -371.6    -2.4     5.0  29.03    15507  8.02   441  -183  0  0  0.0219   7.77   -6.05    3.71  -15.35  1.7126 -185.8
2018 238  6 55   -6.33    3.85  -15.46  -373.6    -5.8     4.5  29.18    15627  8.15   477  -187  0  0  0.0209   7.89   -6.61    3.42  -15.32  1.6963 -187.5
2018 238  7  0   -6.21    3.89  -15.92  -377.9    -7.1     4.7  28.53    16640  8.15   568  -194  0  0  0.0209   7.90   -6.67    3.39  -15.37  1.6935 -189.2
2018 238  7  5   -5.90    4.94  -16.04  -379.8    -8.9     3.5  23.65    15762  6.83   592  -201  0  0  0.0236   6.61   -6.50    3.68  -15.47  1.6965 -190.3
2018 238  7 10   -6.32    4.73  -16.03  -379.1    -5.5     3.9  23.11    17877  6.65   621  -205  0  0  0.0285   6.44   -6.20    4.08  -15.64  1.7063 -190.5
2018 238  7 15   -6.11    4.36  -16.15  -378.9    -5.9     4.1  22.29    18017  6.40   757  -197  0  0  0.0296   6.20   -6.08    4.27  -15.78  1.7157 -189.1
2018 238  7 20   -8.50    3.64  -15.25  -379.2    -4.7     4.0  23.57    16464  6.79   760  -188  0  0  0.0333   6.57   -6.49    4.22  -15.74  1.7165 -187.6
2018 238  7 25   -9.20    3.17  -15.18  -373.6     0.2     4.5  19.91    19277  5.56   843  -185  0  0  0.0399   5.38   -6.94    4.08  -15.72  1.7170 -185.7
2018 238  7 30   -7.95    4.55  -15.05  -377.1    -3.6     1.4  22.16    21201  6.31  1017  -188  0  0  0.0450   6.10   -7.17    4.18  -15.66  1.7158 -183.1
2018 238  7 35   -6.09    7.33  -15.07  -379.0    -5.2     5.0  20.91    19404  6.01  2020  -189  0  0  0.0369   5.82   -7.15    4.67  -15.54  1.7083 -181.3
2018 238  7 40   -6.23    7.26  -14.98  -377.7    -2.7     5.2  20.17    17321  5.75  1904  -189  0  0  0.0417   5.57   -7.20    5.01  -15.39  1.6961 -180.0
2018 238  7 45   -7.87    4.27  -15.64  -373.2     0.5     9.2  19.93    19530  5.56  1753  -186  0  0  0.0383   5.38   -7.42    4.94  -15.33  1.6874 -179.1
2018 238  7 50   -6.94    3.34  -15.75  -378.9     7.0    10.1  23.11    17481  6.65  1600  -179  0  0  0.0470   6.43   -7.54    4.79  -15.27  1.6842 -176.0
2018 238  7 55   -6.76    3.22  -15.74  -380.6     5.4     6.7  24.71    17067  7.16  1081  -173  0  0  0.0555   6.94   -7.29    4.73  -15.34  1.6913 -171.9
2018 238  8  0   -6.54    3.99  -15.64  -377.3     1.6     9.5  22.60    20359  6.44  1290  -164  0  0  0.0468   6.24   -6.91    4.85  -15.41  1.6994 -168.2
2018 238  8  5   -5.98    5.11  -15.34  -373.2     9.5    21.5  22.13    23640  6.20  1471  -158  0  0  0.0308   5.99   -6.63    4.93  -15.45  1.7007 -165.4
2018 238  8 10   -6.37    4.26  -13.77  -371.4    12.2    27.3  26.93    30348  7.48  1887  -156  0  0  0.0231   7.24   -6.67    4.49  -15.27  1.6823 -162.3
2018 238  8 15   -5.26    4.18  -14.52  -370.9    14.9    31.1  28.56    35464  7.91  1811  -157  0  0  0.0204   7.68   -6.53    4.05  -15.20  1.6739 -159.4
2018 238  8 20   -6.16    3.09  -14.61  -374.7    31.6    25.3  25.54    30933  7.25  1708  -154  0  0  0.0585   7.03   -6.29    3.88  -15.05  1.6681 -157.2
2018 238  8 25   -4.91    5.44  -14.51  -370.9    12.9    28.8  28.97    38655  8.03  1508  -149  0  0  0.0291   7.78   -6.00    4.18  -14.88  1.6499 -155.8
2018 238  8 30   -4.92    6.73  -15.15  -374.1     3.4    24.1  22.04    36467  6.19  1042  -148  0  0  0.0313   6.00   -5.73    4.69  -14.79  1.6389 -154.4
2018 238  8 35   -4.63    8.96  -14.30  -378.2    -2.1    15.2  22.02    39541  6.31   995  -147  0  0  0.0484   6.11   -5.46    5.40  -14.60  1.6264 -152.5
2018 238  8 40   -3.56   11.53  -12.91  -381.4    -5.2     9.1  21.12    39858  6.15   873  -150  0  0  0.0617   5.96   -5.12    6.31  -14.25  1.6083 -151.5
2018 238  8 45   -2.24   13.85  -11.46  -383.8   -12.3     2.4  19.51    45548  5.76   829  -149  0  0  0.0710   5.57   -4.53    7.68  -13.92  1.5962 -150.9
2018 238  8 50   -1.37   13.44  -11.65  -387.6    -4.6     5.3  21.57    51888  6.48   597  -149  0  0  0.0774   6.28   -3.97    9.01  -13.51  1.5806 -150.7
2018 238  8 55   -1.33   13.97  -11.31  -387.1    -9.2     0.3  20.92    52867  6.28   494  -150  0  0  0.0858   6.08   -3.28   10.56  -13.04  1.5560 -150.4
2018 238  9  0    0.33   15.41   -9.79  -390.1   -10.3    -1.6  19.85    53097  6.05   624  -147  0  0  0.0918   5.86   -2.53   11.98  -12.37  1.5254 -149.4
2018 238  9  5    1.65   15.93   -8.79  -392.0   -21.2    -2.8  18.80    59311  5.80   619  -146  0  0  0.0838   5.61   -1.59   13.30  -11.46  1.4778 -149.1
2018 238  9 10    2.81   17.51   -5.81  -388.9   -24.6     0.1  16.20    45440  4.92   565  -147  0  0  0.0759   4.76   -0.53   14.52  -10.25  1.4073 -148.4
2018 238  9 15    3.61   17.92   -5.20  -392.8   -20.0    -8.7  16.48    34499  5.10   475  -149  0  0  0.1045   4.94    0.49   15.43   -9.14  1.3454 -147.8
2018 238  9 20    2.53   17.45   -7.21  -393.2   -17.8   -11.3  16.08    31280  4.98   442  -149  0  0  0.1162   4.83    1.18   15.95   -8.54  1.3141 -147.1
2018 238  9 25    2.89   16.98   -3.00  -399.5   -10.1   -27.5  16.36    55383  5.25   377  -149  0  0  0.1640   5.08    1.78   16.45   -7.30  1.2383 -146.6
2018 238  9 30    1.81   14.23  -10.47  -403.0   -14.9   -27.1  13.68    89382  4.47   422  -147  0  0  0.1599   4.33    2.23   16.49   -7.18  1.2413 -146.2
2018 238  9 35    2.66   14.96   -8.86  -401.9   -21.7   -16.9  14.01   114367  4.55   528  -147  0  0  0.1329   4.40    2.57   16.43   -7.05  1.2380 -144.8
2018 238  9 40    4.86   16.79   -2.30  -401.4   -13.2   -21.7  14.38   110898  4.66   612  -145  0  0  0.1572   4.51    3.02   16.55   -6.12  1.1793 -142.8
2018 238  9 45    4.99   16.80   -1.03  -399.1   -12.6   -24.0  13.78    91785  4.41   664  -141  0  0  0.1664   4.27    3.34   16.45   -5.44  1.1363 -140.1
2018 238  9 50    5.17   16.52    0.26  -400.4    -6.1   -30.7  14.25    89377  4.60   683  -135  0  0  0.1922   4.45    3.56   16.25   -4.66  1.0839 -138.0
2018 238  9 55    5.70   16.01    1.57  -397.2   -12.4   -22.1  13.89    94881  4.40   745  -132  0  0  0.1694   4.26    4.01   16.04   -3.40  0.9977 -136.3
2018 238 10  0    3.73   16.06   -4.75  -396.7   -22.5   -15.6  12.85    98066  4.06   798  -133  0  0  0.1457   3.94    4.13   15.91   -3.65  1.0103 -134.8
2018 238 10  5    1.92   15.84   -6.26  -395.1   -20.1   -14.4  12.04   100905  3.78   724  -137  0  0  0.1497   3.65    4.15   16.14   -3.05  0.9619 -133.6
2018 238 10 10    0.17   15.01   -8.18  -397.2   -16.2   -18.9  11.23   109574  3.56   735  -138  0  0  0.1678   3.45    3.79   16.15   -2.96  0.9516 -132.9
2018 238 10 15   -0.72   15.35   -8.57  -397.3   -14.8   -18.2   8.95   132976  2.83   752  -139  0  0  0.1716   2.75    2.99   15.94   -3.85  1.0105 -132.8
2018 238 10 20   -1.04   15.17   -8.70  -398.1   -15.7   -25.6   8.32   127626  2.65   563  -138  0  0  0.1897   2.57    2.13   15.71   -4.95  1.0840 -131.8
2018 238 10 25    0.06   14.25   -7.08  -404.9    -8.3   -29.4   9.38   133956  3.09   423  -136  0  0  0.2101   3.00    1.40   15.38   -6.00  1.1535 -130.1
2018 238 10 30   -2.27   12.12   -9.93  -401.0    -3.5   -27.6   8.84   176429  2.85   383  -131  0  0  0.2165   2.77    0.26   14.83   -7.64  1.2644 -128.2
2018 238 10 35   -2.99   11.63  -10.71  -403.0   -12.0   -31.8   8.21   205483  2.69   401  -129  0  0  0.2176   2.60   -0.70   14.20   -8.49  1.3264 -126.3
2018 238 10 40   -4.58    9.39  -12.54  -408.6   -11.3   -45.1   8.04   236374  2.72   409  -128  0  0  0.2488   2.63   -1.62   13.27   -9.39  1.3989 -124.5
2018 238 10 45   -4.91    7.80  -13.74  -412.7    -0.3   -58.6   6.01   252837  2.08   399  -128  0  0  0.2929   2.02   -2.35   12.24  -10.18  1.4704 -122.9
2018 238 10 50   -4.86    8.93  -12.97  -416.0    -3.9   -61.2   5.92   267157  2.09   395  -128  0  0  0.2962   2.03   -2.94   11.33  -10.81  1.5304 -121.6
2018 238 10 55   -4.98    8.76  -13.18  -416.0    -4.8   -57.4   6.25   239150  2.21   386  -128  0  0  0.2910   2.14   -3.50   10.41  -11.45  1.5908 -120.6
2018 238 11  0   -5.96    9.53  -12.76  -417.1    -2.2   -60.7   5.70   234673  2.03   415  -126  0  0  0.3041   1.96   -4.36    9.74  -12.26  1.6636 -119.6
2018 238 11  5   -6.17    8.91  -13.26  -416.5    -0.1   -57.2   5.56   239746  1.96   460  -125  0  0  0.3035   1.90   -4.92    9.28  -12.74  1.7147 -119.2
2018 238 11 10   -6.33    8.20  -13.28  -416.2     1.2   -48.5   5.82   232769  2.05   649  -124  0  0  0.2913   1.98   -5.40    8.79  -13.10  1.7549 -118.6
2018 238 11 15   -6.30    9.40  -12.93  -417.8     0.1   -51.2   6.45   200269  2.29   751  -124  0  0  0.2985   2.21   -5.64    8.79  -13.16  1.7679 -118.0
2018 238 11 20   -6.42    9.92  -12.73  -417.4    -1.1   -59.0   6.75   189793  2.40   854  -122  0  0  0.3163   2.32   -5.86    9.09  -13.02  1.7603 -118.1
2018 238 11 25   -5.74    9.82  -12.83  -414.4    -4.5   -58.4   7.12   203169  2.49   915  -122  0  0  0.3152   2.42   -5.99    9.22  -13.00  1.7576 -117.9
2018 238 11 30   -5.06   11.04  -11.83  -411.2    -5.3   -47.3   7.77   202205  2.66   991  -123  0  0  0.2961   2.58   -6.00    9.55  -12.80  1.7380 -117.7
2018 238 11 35   -5.40   10.61  -12.66  -408.4    -8.5   -58.4   6.69   186125  2.28  1075  -122  0  0  0.3189   2.21   -5.92    9.70  -12.79  1.7303 -116.8
2018 238 11 40   -5.28   11.05  -12.35  -404.8    -2.3   -47.9   6.57   193062  2.19  1318  -122  0  0  0.3098   2.11   -5.79   10.01  -12.66  1.7107 -115.7
2018 238 11 45   -6.06   11.15  -11.86  -409.8     0.0   -36.0   7.09   178905  2.40  1203  -116  0  0  0.2905   2.32   -5.75   10.43  -12.46  1.6894 -115.0
2018 238 11 50   -7.09    9.68  -12.70  -415.2     1.9   -32.4   7.12   193628  2.47  1106  -114  0  0  0.2881   2.39   -5.86   10.47  -12.42  1.6833 -114.1
2018 238 11 55   -7.27   10.22  -12.42  -415.7     3.7   -32.9   7.00   180387  2.44  1216  -117  0  0  0.2947   2.36   -5.99   10.51  -12.38  1.6765 -113.3
2018 238 12  0   -6.91   10.23  -12.62  -416.3     1.3   -30.6   6.97   176118  2.43  1306  -117  0  0  0.2905   2.35   -6.15   10.57  -12.35  1.6737 -112.5
2018 238 12  5   -6.44    9.99  -13.26  -416.6    -4.4   -34.4   7.19   183492  2.51  1265  -115  0  0  0.2946   2.43   -6.35   10.42  -12.55  1.6934 -112.1
2018 238 12 10   -6.81   10.93  -11.67  -413.7    -9.7   -38.4   8.12   175432  2.80   843  -113  0  0  0.3001   2.72   -6.55   10.46  -12.41  1.6839 -112.1
2018 238 12 15   -6.61   10.40  -12.30  -411.2   -20.3   -36.0   8.95   177393  3.06   758  -110  0  0  0.2856   2.96   -6.74   10.37  -12.40  1.6860 -111.6
2018 238 12 20   -5.96   11.54  -10.30  -409.1   -21.5   -23.1  10.49   165744  3.53  1017  -109  0  0  0.2610   3.42   -6.73   10.43  -12.18  1.6657 -110.6
2018 238 12 25   -5.82   12.93   -9.46  -412.3   -22.3   -31.2  12.16   144208  4.17  1077  -105  0  0  0.2800   4.04   -6.55   10.89  -11.72  1.6269 -109.9
2018 238 12 30   -6.57   11.32  -11.64  -410.0   -23.5   -26.8  11.79   129061  3.99  1274  -103  0  0  0.2730   3.87   -6.45   11.05  -11.61  1.6128 -109.3
2018 238 12 35   -6.13   12.98   -9.81  -414.4   -21.8   -23.7  12.41   125236  4.29  1181  -102  0  0  0.2719   4.15   -6.33   11.44  -11.21  1.5792 -108.8
2018 238 12 40   -6.06   13.39   -9.34  -413.7   -19.7   -24.5  12.50   126667  4.30   895  -102  0  0  0.2795   4.17   -6.28   11.93  -10.65  1.5325 -107.8
2018 238 12 45   -6.28   13.23   -9.30  -413.6   -20.3   -27.1  12.65   122437  4.36   985  -101  0  0  0.2875   4.22   -6.20   12.26  -10.31  1.5059 -106.8
2018 238 12 50   -5.25   15.39   -3.20  -411.5   -28.1   -16.9  12.58   114149  4.29  1012   -98  0  0  0.2600   4.15   -6.01   12.97   -9.01  1.4086 -106.0
2018 238 12 55   -5.28   15.63   -2.40  -409.4   -26.3   -12.1  13.60   117788  4.58   949   -96  0  0  0.2555   4.44   -5.91   13.55   -7.88  1.3282 -105.0
2018 238 13  0   -6.09   13.57   -5.08  -412.1   -25.1   -13.0  14.15   119884  4.83   904   -94  0  0  0.2621   4.68   -5.95   13.64   -7.25  1.2765 -103.7
2018 238 13  5    1.48    6.82   13.46  -418.7   -15.2   -38.8  13.70   114869  4.86   785   -92  0  0  0.3302   4.70   -4.80   13.00   -3.67  1.0538 -103.4
2018 238 13 10    4.80    0.64   14.59  -422.0    -7.9   -39.3  12.47    88959  4.49   712   -92  0  0  0.3427   4.34   -3.24   11.24   -0.18  0.8423 -103.4
2018 238 13 15   -3.74    8.12   -1.24  -416.8   -20.8   -64.9  18.58   186849  6.62   658   -91  0  0  0.3828   6.42   -2.91   10.49    0.98  0.7242 -102.2
2018 238 13 20   -6.62    9.48   -1.92  -422.0   -20.7   -67.6  20.27   229173  7.42   517   -87  0  0  0.3901   7.19   -2.96    9.95    2.03  0.6243 -101.3
2018 238 13 25   -6.53   10.54    1.89  -425.6   -16.7   -59.9  18.25   210587  6.75   416   -80  0  0  0.3820   6.54   -3.14    9.26    2.76  0.5538 -100.7
2018 238 13 30   -7.34   10.73    0.47  -433.0   -19.6   -57.1  17.40   181863  6.65   334   -81  0  0  0.3745   6.44   -3.43    8.56    3.17  0.5088  -99.8
2018 238 13 35   -7.33    9.10   -4.15  -426.3   -25.1   -55.0  19.97   218562  7.41   288   -79  0  0  0.3682   7.17   -3.61    7.92    3.30  0.4900  -97.6
2018 238 13 40   -7.04    9.45   -2.46  -426.7   -16.2   -51.3  19.07   229960  7.04   241   -77  0  0  0.3743   6.83   -4.83    8.29    1.03  0.5978  -95.8
2018 238 13 45   -6.10    9.20    1.93  -432.0    -5.6   -52.6  17.21   244872  6.52   221   -75  0  0  0.3910   6.31   -6.39    9.52   -0.78  0.6593  -94.8
2018 238 13 50   -6.43    8.27    2.74  -434.1   -10.3   -53.5  16.93   213316  6.48   216   -76  0  0  0.3898   6.28   -6.77    9.54   -0.21  0.6194  -93.8
2018 238 13 55  -10.15    3.39    4.80  -448.8     9.8   -43.1  14.58   382158  5.93   192   -75  0  0  0.3912   5.74   -7.27    8.67    0.75  0.5206  -92.4
2018 238 14  0   -9.56    3.72    5.87  -453.2    10.9   -55.4  14.96   415331  6.24   166   -75  0  0  0.4175   6.04   -7.71    7.69    1.31  0.4576  -91.4
2018 238 14  5  -10.92    6.76    5.90  -455.7    14.5   -47.2  13.60   313818  5.71    98   -74  0  0  0.4076   5.53   -8.22    7.13    2.09  0.3923  -90.3
2018 238 14 10   -7.82   13.15   -2.22  -443.8    30.4   -52.9  14.50   283671  5.82    57   -73  0  0  0.4405   5.64   -8.29    7.71    2.37  0.3921  -89.2
2018 238 14 15   -7.83   12.97   -3.37  -447.1    28.1   -51.2  13.61   231812  5.53    52   -70  0  0  0.4362   5.36   -8.40    8.21    2.24  0.4291  -88.5
2018 238 14 20   -6.87   13.35   -2.44  -448.9    26.4   -50.5  15.21   273452  6.23    67   -69  0  0  0.4349   6.03   -8.51    8.80    1.61  0.5084  -87.7
2018 238 14 25   -6.25   13.43   -3.01  -451.1    32.2   -50.1  15.30   267707  6.33    82   -68  0  0  0.4415   6.14   -8.49    9.54    0.79  0.6099  -87.0
2018 238 14 30   -6.24   12.34   -3.81  -451.1    32.2   -50.1  15.30   267707  6.33    89   -69  0  0  0.4437   6.14   -7.93   10.82   -0.44  0.7588  -85.9
2018 238 14 35   -7.74   10.44   -4.74  -445.1     4.7   -58.3  14.56   346918  5.88   118   -68  0  0  0.4357   5.68   -7.67   11.78   -1.96  0.9104  -85.5
2018 238 14 40   -7.31    8.03   -7.99  -445.1     5.3   -57.0  13.59   310747  5.48   107   -66  0  0  0.4360   5.30   -7.15   11.96   -3.94  1.0906  -85.5
2018 238 14 45   -6.25    8.04  -10.21  -442.0    -3.6   -61.2  13.33   334740  5.31   161   -68  0  0  0.4379   5.14   -6.93   11.23   -5.08  1.1872  -85.7
2018 238 14 50   -5.55    8.25   -8.71  -448.4    -2.6   -68.1  13.44   315116  5.54   228   -71  0  0  0.4528   5.36   -6.60   10.55   -5.84  1.2517  -85.4
2018 238 14 55   -6.39   10.61   -5.63  -446.9    -4.3   -81.6  14.36   313012  5.93   316   -71  0  0  0.4795   5.74   -6.53   10.16   -6.30  1.2846  -85.4
2018 238 15  0   -4.47    5.35  -12.32  -453.1    -5.5   -42.9  12.92   313243  5.36   474   -70  0  0  0.4039   5.18   -6.28    9.01   -7.63  1.4025  -86.1
2018 238 15  5   -4.31    4.50  -12.69  -455.3     0.9   -29.8  11.97   314974  4.99   503   -71  0  0  0.3861   4.83   -6.00    7.89   -8.90  1.5210  -87.3
2018 238 15 10   -4.03    2.65  -12.70  -457.9    12.2   -26.1  11.00   318636  4.63   450   -74  0  0  0.3909   4.49   -5.47    6.78  -10.04  1.6398  -88.4
2018 238 15 15   -4.67    5.06  -12.03  -453.8    -6.9   -33.7  11.77   310072  4.88   522   -79  0  0  0.3898   4.72   -5.10    6.35  -10.61  1.7021  -89.2
2018 238 15 20   -4.41    3.38  -12.49  -451.1    -8.8   -31.2  12.05   324460  4.93   631   -81  0  0  0.3850   4.77   -4.83    5.69  -10.94  1.7374  -90.6
2018 238 15 25   -3.51    7.85  -10.78  -447.3   -10.8   -41.4  10.64   330233  4.29   698   -83  0  0  0.4054   4.16   -4.54    5.63  -11.23  1.7645  -92.7
2018 238 15 30   -4.72   10.61  -10.75  -450.4    -1.9   -39.0   9.30   276862  3.80   772   -86  0  0  0.4103   3.68   -4.30    5.63  -11.97  1.8375  -94.5
2018 238 15 35   -3.11   11.34   -9.30  -447.9    -2.2   -40.2  10.87   314526  4.40   819   -89  0  0  0.4142   4.26   -4.11    6.48  -11.53  1.7957  -95.6
2018 238 15 40   -3.35   11.47   -9.55  -448.1    -1.4   -43.1  10.97   281149  4.45   700   -88  0  0  0.4221   4.31   -3.97    7.48  -11.09  1.7516  -96.0
2018 238 15 45   -3.74   11.36   -9.44  -442.5     1.5   -54.9  11.12   307525  4.42   424   -89  0  0  0.4510   4.28   -3.93    8.72  -10.62  1.7004  -96.3
2018 238 15 50   -4.35    9.93  -10.88  -442.1    -4.9   -34.2   9.93   261918  3.90   523   -88  0  0  0.4042   3.78   -3.88    9.42  -10.46  1.6785  -96.2
2018 238 15 55   -3.53    8.81  -12.29  -439.3    -9.4   -37.2  10.68   304220  4.16   719   -86  0  0  0.4077   4.02   -3.76   10.20  -10.43  1.6686  -95.5
2018 238 16  0   -2.58    4.96  -14.00  -444.9     1.0   -24.5  10.57   305886  4.20   807   -84  0  0  0.3916   4.06   -3.63    9.78  -10.89  1.7102  -94.8
2018 238 16  5   -2.35    2.36  -14.26  -447.0    12.9   -12.1  11.20   305421  4.49  1022   -83  0  0  0.3773   4.34   -3.29    8.60  -11.39  1.7524  -94.3
2018 238 16 10   -2.27    9.15  -11.33  -446.9    -8.0   -42.0   9.61   273952  3.88  1222   -85  0  0  0.4205   3.75   -3.17    8.29  -11.68  1.7773  -94.7
2018 238 16 15   -3.05   10.26  -10.28  -441.2   -13.9   -55.6  10.16   325218  4.02  1243   -87  0  0  0.4446   3.90   -3.12    8.12  -11.78  1.7814  -95.2
2018 238 16 20   -2.05   12.27   -7.48  -443.7    -5.9   -67.3  10.86   278930  4.37  1251   -89  0  0  0.4758   4.24   -2.88    8.25  -11.50  1.7577  -95.4
2018 238 16 25   -0.91    7.36  -12.26  -447.8    -1.8   -36.3  10.78   332476  4.35  1217   -89  0  0  0.4165   4.21   -2.39    7.88  -11.70  1.7794  -95.4
2018 238 16 30   -2.11    9.49  -10.42  -449.7    -9.1   -45.2  11.01   274291  4.50  1257   -84  0  0  0.4283   4.36   -2.19    7.98  -11.43  1.7623  -96.1
2018 238 16 35   -2.26   10.38   -9.60  -447.7    -0.8   -46.8  10.44   229514  4.23  1495   -84  0  0  0.4397   4.10   -2.14    8.75  -10.80  1.7076  -96.2
2018 238 16 40   -2.10   10.84   -9.56  -457.5     0.5   -36.8  10.69   256208  4.51  1468   -88  0  0  0.4191   4.36   -2.11    9.96  -10.13  1.6537  -95.5
2018 238 16 45   -3.39   11.98   -8.41  -447.5    -3.7   -48.1  10.01   248080  4.05  1133   -88  0  0  0.4406   3.93   -2.27   10.37   -9.72  1.6178  -94.6
2018 238 16 50   -3.61   12.30   -6.76  -443.3     4.7   -49.5  10.04   238265  4.00  1164   -85  0  0  0.4518   3.87   -2.35   10.66   -9.21  1.5744  -94.0
2018 238 16 55   -1.89   13.73   -4.70  -454.7     5.7   -51.7   9.80   238013  4.11  1021   -83  0  0  0.4545   3.98   -2.32   10.87   -8.82  1.5463  -93.7
2018 238 17  0   -3.71   14.47   -1.33  -449.0    12.4   -82.2   9.56   218754  3.98   920   -82  0  0  0.5230   3.86   -2.72   11.88   -7.25  1.4174  -92.5
2018 238 17  5   -3.95   12.32   -6.68  -445.0    13.2   -48.8  10.15   256614  4.08  1011   -82  0  0  0.4568   3.94   -2.99   12.29   -6.72  1.3680  -91.5
2018 238 17 10   -3.56   13.19   -4.90  -456.1     7.8   -50.4  10.78   231567  4.54   919   -79  0  0  0.4529   4.40   -3.17   12.69   -6.05  1.3141  -90.5
2018 238 17 15   -4.23   14.07   -1.18  -455.8    13.7   -54.6  11.79   242516  4.97   770   -77  0  0  0.4658   4.82   -3.48   13.15   -4.85  1.2104  -89.7
2018 238 17 20   -4.53   13.84    0.28  -452.4    12.8   -61.2  11.31   220153  4.72   837   -75  0  0  0.4790   4.57   -3.64   13.42   -3.61  1.1080  -88.7
2018 238 17 25   -4.43   13.14    2.30  -453.0    21.0   -62.3  11.66   221067  4.89   683   -74  0  0  0.4868   4.73   -3.76   13.54   -2.32  1.0054  -87.4
2018 238 17 30   -4.34   12.94    1.23  -454.2    18.4   -54.7  10.92   205451  4.58   664   -72  0  0  0.4684   4.43   -4.11   13.42   -1.47  0.9292  -86.1
2018 238 17 35   -4.12   12.94    1.38  -452.2    19.0   -49.2  11.16   241962  4.63   471   -70  0  0  0.4574   4.48   -4.17   13.21   -1.08  0.8904  -84.5
2018 238 17 40   -5.17   12.46    2.99  -447.8    23.1   -63.4  10.72   208407  4.40   450   -70  0  0  0.4902   4.26   -4.34   13.23    0.30  0.7757  -82.9
2018 238 17 45   -4.52   11.92    4.85  -445.7    29.6   -65.5  10.94   219402  4.46   364   -67  0  0  0.4989   4.32   -4.48   13.04    1.69  0.6586  -81.4
2018 238 17 50   -3.78   12.49    4.30  -445.3    28.5   -63.0  10.15   237635  4.12   420   -65  0  0  0.4921   3.99   -4.41   12.82    2.48  0.5926  -80.4
2018 238 17 55   -3.18   12.39    4.42  -446.3    30.0   -68.2   9.72   237312  3.98   411   -66  0  0  0.5026   3.85   -4.22   12.61    3.07  0.5443  -79.3
2018 238 18  0   -4.91   11.41    3.84  -444.2    30.7   -62.3  11.14   207864  4.51   277   -65  0  0  0.4903   4.36   -4.29   12.36    3.29  0.5183  -78.4
2018 238 18  5   -1.64   10.18    6.90  -452.2    31.2   -67.8  11.05   237655  4.65   252   -62  0  0  0.4981   4.50   -3.90   11.97    4.10  0.4567  -77.6
2018 238 18 10    0.75    7.94    9.46  -460.1    37.6   -76.9  12.04   251039  5.28   243   -60  0  0  0.5164   5.11   -3.21   11.26    5.25  0.3776  -77.0
2018 238 18 15    1.26    9.17    7.80  -458.2    29.5   -75.4  11.83   238724  5.12   195   -58  0  0  0.5077   4.96   -2.29   10.79    5.94  0.3282  -76.4
2018 238 18 20   -2.38    9.64    5.22  -458.0    29.8   -74.6  11.38   252934  4.92   164   -58  0  0  0.5049   4.77   -1.98   10.46    5.99  0.3132  -75.8
2018 238 18 25   -3.34    9.76    4.05  -461.3    26.3   -68.0  10.61   235420  4.63   150   -59  0  0  0.4867   4.48   -1.92   10.07    5.96  0.3002  -75.3
2018 238 18 30   -1.35    2.62    4.60  -462.0    26.5   -55.2  10.45   262275  4.54   194   -60  0  0  0.4590   4.40   -1.66    8.67    5.98  0.2403  -74.2
2018 238 18 35   -4.62    6.56    3.56  -464.1    29.3   -52.2  10.32   309507  4.53   224   -59  0  0  0.4523   4.38   -1.62    7.98    5.94  0.2117  -73.6
2018 238 18 40   -5.24    9.23    0.08  -470.8    15.6   -48.0   8.64   378019  3.88   176   -57  0  0  0.4323   3.75   -2.13    7.85    4.97  0.2672  -73.2
2018 238 18 45   -4.72    9.29   -2.22  -469.9     1.2   -44.0   9.32   425012  4.15   143   -57  0  0  0.4139   4.02   -2.91    8.04    3.30  0.3755  -73.0
2018 238 18 50   -4.81    8.23   -3.94  -470.6     1.0   -31.1   8.61   378715  3.83   127   -59  0  0  0.3858   3.71   -3.78    7.90    1.62  0.4957  -72.4
2018 238 18 55   -2.43    7.89   -6.03  -478.4     1.9   -22.0   8.16   330107  3.75   110   -61  0  0  0.3653   3.63   -3.79    7.65    0.01  0.6380  -72.0
2018 238 19  0   -3.43    1.61   -7.93  -478.6    27.5     5.0   7.47   298370  3.44    91   -60  0  0  0.3233   3.33   -3.80    6.49   -1.70  0.8005  -72.0
2018 238 19  5   -0.73    1.35   -8.47  -502.2    28.9     8.9   6.92   274912  3.50   106   -60  0  0  0.3141   3.39   -3.71    6.31   -3.56  1.0354  -71.6
2018 238 19 10    0.35    5.53   -7.51  -506.4   -27.3    -2.8   6.18   302524  3.18   163   -60  0  0  0.3044   3.08   -3.00    6.16   -5.15  1.2249  -71.3
2018 238 19 15    0.54    4.29   -8.23  -516.8     3.8     5.9   6.13   308147  3.28   270   -58  0  0  0.3028   3.17   -2.18    5.46   -6.33  1.3762  -71.0
2018 238 19 20    0.39    2.94   -8.78  -517.2    18.4     9.3   6.19   347363  3.32   446   -59  0  0  0.3014   3.21   -1.45    4.55   -7.27  1.5060  -71.3
2018 238 19 25   -1.22    2.07   -8.94  -506.0    18.9    21.6   5.72   311170  2.94   526   -62  0  0  0.2755   2.85   -0.93    3.67   -7.98  1.6089  -71.7
2018 238 19 30   -0.95    5.06   -7.28  -507.3    -2.6     1.4   5.78   308514  2.98   542   -64  0  0  0.3010   2.88   -0.72    3.26   -8.16  1.6425  -73.1
2018 238 19 35   -1.69    1.15   -7.54  -511.9    16.1     5.8   5.59   287341  2.95   576   -66  0  0  0.2994   2.84   -0.47    3.20   -8.11  1.6539  -74.6
2018 238 19 40   -1.51   -3.43   -5.50  -513.0    41.0    -7.2   6.04   258117  3.21   502   -70  0  0  0.3329   3.10   -0.58    2.52   -7.68  1.6008  -75.7
2018 238 19 45   -1.07   -7.13   -2.06  -509.9    77.0   -12.6   6.49   234349  3.45   407   -69  0  0  0.3555   3.34   -0.79    0.71   -6.90  1.5033  -77.3
2018 238 19 50   -3.65   -2.27   -4.59  -498.5    59.2    -6.9   6.12   252549  3.08   473   -68  0  0  0.3355   2.99   -1.39   -0.23   -6.38  1.4201  -79.1
2018 238 19 55   -1.54   -4.49   -4.21  -510.0    57.3    -6.5   6.47   321968  3.41   524   -72  0  0  0.3302   3.30   -1.66   -1.29   -5.73  1.3245  -80.8
2018 238 20  0   -0.34   -4.06   -4.30  -512.6    56.7     6.7   6.50   340507  3.46   609   -75  0  0  0.3018   3.35   -1.54   -2.17   -5.07  1.2351  -81.6
2018 238 20  5   -2.24   -0.66   -3.90  -514.6    23.7   -18.9   7.09   353739  3.78   729   -75  0  0  0.3334   3.65   -1.72   -2.98   -4.59  1.1633  -82.4
2018 238 20 10   -2.48    0.16   -4.37  -503.2    19.1    -2.4   7.03   383475  3.57   832   -75  0  0  0.2976   3.45   -1.83   -3.13   -4.13  1.0910  -83.7
2018 238 20 15   -3.23    0.97   -3.19  -503.1    23.8   -11.6   6.62   371677  3.36   868   -75  0  0  0.3145   3.25   -2.08   -2.50   -3.80  1.0299  -84.3
2018 238 20 20   -3.56    2.43   -3.41  -499.8    25.0    -3.6   6.41   355649  3.21  1005   -77  0  0  0.2967   3.11   -2.43   -1.13   -4.00  1.0348  -84.3
2018 238 20 25   -3.08    4.47    0.14  -507.5    16.0   -22.6   5.97   327506  3.09   945   -78  0  0  0.3259   2.99   -2.35   -0.17   -3.32  0.9353  -83.9
2018 238 20 30   -2.81    6.59    0.97  -511.1     2.2   -29.2   5.76   282120  3.02  1036   -77  0  0  0.3290   2.92   -2.53    1.41   -2.58  0.8437  -83.5
2018 238 20 35   -3.43    5.48    0.34  -511.4   -10.4   -20.5   5.21   258033  2.74  1007   -77  0  0  0.3037   2.64   -2.98    2.78   -1.92  0.7495  -83.2
2018 238 20 40   -3.14    5.09    2.10  -508.6    -1.0   -29.8   5.20   256862  2.71   762   -76  0 -1  0.3229   2.61   -3.10    3.60   -1.06  0.6403  -82.8
2018 238 20 45   -4.52    4.09    1.56  -505.9     8.5   -39.1   5.18   255691  2.67   635   -76  0  0  0.3422   2.58   -3.40    4.16   -0.21  0.5208  -82.3
2018 238 20 50   -5.38    3.15   -0.06  -485.9    10.7   -18.0   5.61   239470  2.66   505   -76  0  0  0.3010   2.57   -3.70    4.47    0.23  0.4439  -82.2
2018 238 20 55   -5.60    2.23   -0.73  -489.7    12.3   -21.6   5.49   229694  2.64   447   -77  0  0  0.3054   2.56   -3.99    4.44    0.62  0.3693  -82.3
2018 238 21  0   -3.79   -0.55   -2.72  -490.0    10.0   -12.1   5.35   287811  2.58   398   -78  0  0  0.2822   2.49   -4.10    3.73    0.21  0.4173  -82.2
2018 238 21  5   -2.36   -2.01   -5.16  -504.0    12.0    -5.2   5.58   322994  2.84   351   -77  0  0  0.2656   2.75   -4.03    2.50   -0.67  0.5225  -82.1
2018 238 21 10   -3.26   -3.31   -4.73  -499.1    42.2   -10.3   5.11   250818  2.57   314   -76  0  0  0.2845   2.48   -4.01    1.24   -1.39  0.6188  -81.9
2018 238 21 15   -2.76   -3.52   -3.91  -499.3    41.3    -9.5   5.36   304201  2.69   294   -75  0  0  0.2792   2.61   -3.95    0.01   -2.25  0.7253  -81.6
2018 238 21 20   -4.72   -2.03   -2.18  -494.6    32.0   -16.7   5.18   249340  2.55   255   -75  0  0  0.2866   2.47   -3.98   -0.86   -2.78  0.7876  -81.2
2018 238 21 25   -4.85   -0.68   -0.27  -497.5    29.7   -29.2   5.30   245711  2.64   280   -75  0  0  0.3065   2.56   -3.91   -1.41   -2.81  0.7675  -80.5
2018 238 21 30   -5.58    1.22    2.38  -512.7    28.7   -28.5   4.54   212244  2.40   271   -76  0  0  0.2993   2.33   -3.90   -1.55   -2.37  0.7141  -79.9
2018 238 21 35   -4.83    1.62    2.18  -501.7    25.8   -38.6   4.58   239188  2.32   207   -74  0  0  0.3157   2.25   -4.05   -1.24   -1.67  0.6111  -79.4
2018 238 21 40   -4.34    1.83    1.86  -500.4    20.2   -41.2   4.62   242922  2.33   154   -73  0  0  0.3153   2.26   -4.33   -0.70   -0.67  0.4473  -78.8
2018 238 21 45   -3.22    3.97    2.35  -508.9    14.4   -44.0   4.40   240430  2.30   149   -73  0  0  0.3134   2.23   -4.33    0.34    0.34  0.3095  -78.1
2018 238 21 50   -3.03    3.96    2.34  -509.9     8.9   -44.9   4.10   198986  2.15   114   -73  0  0  0.3093   2.08   -4.37    1.41    1.24  0.1901  -77.8
2018 238 21 55   -3.57    3.82    2.49  -517.0    15.1   -35.1   3.75   179182  2.01   115   -73  0  0  0.2885   1.95   -4.20    2.25    1.90  0.1163  -77.2
2018 238 22  0   -2.86    3.18    1.82  -509.3     7.2   -43.0   4.36   230027  2.28   120   -74  0  0  0.2980   2.21   -3.92    2.80    2.20  0.1105  -76.6
2018 238 22  5   -4.62    1.18    1.60  -506.1    23.5   -30.9   4.12   225840  2.12   115   -71  0  0  0.2781   2.06   -3.78    2.79    2.09  0.1122  -76.1
2018 238 22 10   -5.01    1.46    1.65  -514.9    25.1   -29.1   3.68   179573  1.96   111   -70  0  0  0.2705   1.90   -3.81    2.77    2.02  0.1134  -75.5
2018 238 22 15   -5.20    1.07    1.14  -518.2    21.3   -27.0   3.78   175513  2.04    90   -71  0  0  0.2611   1.97   -3.93    2.66    1.91  0.1109  -74.8
2018 238 22 20   -5.15    1.03    1.13  -521.2    26.1   -18.8   3.47   143511  1.89    79   -70  0  0  0.2436   1.83   -4.21    2.24    1.74  0.0912  -73.7
2018 238 22 25   -5.22    1.41    1.95  -540.5    17.1   -23.4   3.02   116535  1.77    43   -69  0  0  0.2435   1.71   -4.52    1.88    1.68  0.0712  -73.2
2018 238 22 30   -5.02    2.01    2.15  -543.8    16.9   -28.7   2.68    97127  1.59   121   -70  0  0  0.2490   1.54   -4.73    1.62    1.63  0.0575  -73.1
2018 238 22 35   -4.61    2.41    2.20  -542.9    18.4   -28.6   2.54    90969  1.50   130   -71  0  0  0.2458   1.46   -4.98    1.51    1.69  0.0478  -72.8
2018 238 22 40   -4.32    1.84    2.09  -523.3    10.8   -38.0   3.30   124993  1.82    93   -70  0  0  0.2591   1.76   -4.93    1.60    1.76  0.0512  -72.6
2018 238 22 45   -4.49    1.51    2.68  -530.8    16.6   -37.4   2.96   124249  1.68    93   -71  0  0  0.2555   1.63   -4.86    1.61    1.91  0.0482  -72.6
2018 238 22 50   -5.10    0.26    2.42  -534.8    21.9   -35.2   2.59    95241  1.49    69   -71  0  0  0.2492   1.44   -4.84    1.50    2.09  0.0427  -72.4
2018 238 22 55   -5.41   -0.53    2.19  -539.3    26.4   -32.4   2.43    83146  1.42    69   -71  0  0  0.2415   1.38   -4.88    1.27    2.24  0.0377  -72.3
2018 238 23  0   -5.26    0.11    2.11  -540.6    28.5   -24.0   2.35    90610  1.38    55   -70  0  0  0.2233   1.34   -4.89    1.09    2.26  0.0328  -71.8
2018 238 23  5   -5.12    0.84    1.79  -540.9    24.2   -29.4   2.52    89759  1.49    50   -70  0  0  0.2279   1.44   -4.90    0.92    2.21  0.0255  -71.1
2018 238 23 10   -4.64    2.80    1.90  -545.6     7.3   -30.5   2.51    90450  1.50    33   -68  0  0  0.2197   1.45   -4.91    0.98    2.17  0.0321  -70.6
2018 238 23 15   -5.21    1.89    1.16  -542.6    12.5   -26.5   2.56    88822  1.51    51   -67  0  0  0.2111   1.46   -5.03    0.98    2.04  0.0406  -70.2
2018 238 23 20   -4.89    2.61    1.78  -542.6     6.4   -31.6   2.62    93485  1.55    68   -67  0  0  0.2144   1.50   -5.09    1.14    1.91  0.0552  -70.0
2018 238 23 25   -4.78    1.96    2.20  -536.4    13.3   -29.5   2.47    79439  1.43    63   -68  0  0  0.2103   1.38   -5.04    1.38    1.88  0.0633  -69.5
2018 238 23 30   -4.37    1.41    2.71  -529.9    15.6   -37.9   2.83   103949  1.60    57   -67  0  0  0.2238   1.55   -4.90    1.66    1.95  0.0658  -69.3
2018 238 23 35   -4.80    1.34    2.14  -530.6    14.7   -33.1   2.78   100575  1.57    58   -66  0  0  0.2110   1.52   -4.83    1.84    1.95  0.0695  -69.3
2018 238 23 40   -4.18    1.92    2.85  -529.1    14.5   -40.8   2.80   105909  1.58    44   -66  0  0  0.2218   1.53   -4.70    1.99    2.11  0.0730  -69.1
2018 238 23 45   -4.11    1.52    3.12  -535.2    16.0   -44.4   2.89   124988  1.67    33   -66  0  0  0.2245   1.62   -4.62    1.81    2.28  0.0566  -68.8
2018 238 23 50   -4.68    0.44    2.83  -528.9    30.0   -39.9   2.70   103703  1.52    41   -65  0  0  0.2191   1.48   -4.54    1.60    2.52  0.0408  -68.3
2018 238 23 55   -4.44    2.24    2.32  -530.6     5.3   -36.6   2.81   112472  1.59    33   -65  0  0  0.1999   1.54   -4.48    1.55    2.60  0.0326  -68.0
2018 239  0  0   -4.78    1.58    2.06  -527.5    11.4   -31.3   2.75    98372  1.54    29   -64  0  0  0.1894   1.49   -4.48    1.49    2.58  0.0300  -67.6
2018 239  0  5   -4.70    2.00    1.88  -525.7     9.5   -29.7   2.76   103754  1.53    33   -64  0  0  0.1825   1.48   -4.53    1.58    2.46  0.0374  -67.1
2018 239  0 10   -4.83    2.22    1.41  -524.0    11.6   -28.5   2.53    80898  1.39    55   -64  0  0  0.1779   1.35   -4.53    1.70    2.35  0.0502  -66.8
2018 239  0 15   -4.86    1.80    1.77  -525.0    14.7   -28.6   2.60    93572  1.44    42   -64  0  0  0.1759   1.39   -4.63    1.69    2.20  0.0539  -66.3
2018 239  0 20   -5.13    1.36    1.29  -523.3    16.6   -25.4   2.53    85305  1.39    62   -63  0  0  0.1676   1.35   -4.77    1.66    1.94  0.0589  -66.0
2018 239  0 25   -5.18    1.11    1.21  -522.2    17.8   -25.4   2.57    83094  1.41    32   -63  0  0  0.1649   1.36   -4.85    1.76    1.71  0.0644  -65.8
2018 239  0 30   -4.88    1.30    2.01  -518.7    22.9   -26.1   2.45    79613  1.32    45   -63  0  0  0.1654   1.28   -4.91    1.62    1.66  0.0583  -65.8
2018 239  0 35   -4.30    1.80    2.71  -520.1    14.9   -39.2   2.46    91167  1.34    32   -64  0  0  0.1833   1.30   -4.84    1.66    1.75  0.0575  -66.1
2018 239  0 40   -4.08    1.87    3.13  -524.1     8.4   -46.8   2.52   101651  1.40    34   -64  0  0  0.1908   1.35   -4.75    1.64    1.93  0.0516  -66.4
