#Avg Pressure across y-z plane in magnetotail
#FORMAT:
YEAR    DAY    HOUR    MIN    x:-12.00    -11.00      -10.00       -9.00       -8.00       -7.00       -6.00       -5.00       -4.00       -3.00      
2018      237        12       30               1818.           2862.           4745.           7775.          15726.          44592.         133796.         441343.        1889336.        9044101.  
2018      237        12       35               1862.           2941.           4862.           7919.          15896.          44714.         133261.         437732.        1873537.        8986613.  
2018      237        12       40               1929.           3058.           5032.           8120.          16126.          44862.         132440.         432444.        1850543.        8901859.  
2018      237        12       45               1833.           2886.           4780.           7818.          15776.          44650.         133821.         441228.        1889288.        9050312.  
2018      237        12       50               1891.           2993.           4940.           8019.          16030.          44882.         133241.         436523.        1867616.        8970241.  
2018      237        12       55               1963.           3121.           5126.           8239.          16289.          45089.         132491.         431115.        1843322.        8880265.  
2018      237        13        0               1933.           3068.           5052.           8158.          16211.          45087.         133032.         433950.        1855125.        8926117.  
2018      237        13        5               1904.           3018.           4982.           8081.          16137.          45090.         133566.         436709.        1866557.        8970576.  
2018      237        13       10               1901.           3014.           4978.           8080.          16150.          45150.         133789.         437420.        1868929.        8980909.  
2018      237        13       15               1935.           3074.           5064.           8182.          16266.          45233.         133430.         434971.        1858138.        8941645.  
2018      237        13       20               1876.           2972.           4920.           8022.          16113.          45229.         134439.         440177.        1879378.        9021610.  
2018      237        13       25               1870.           2965.           4913.           8021.          16134.          45311.         134676.         440730.        1880486.        9025003.  
2018      237        13       30               2065.           3309.           5405.           8590.          16793.          45829.         132701.         426543.        1816235.        8783379.  
2018      237        13       35               2536.           4111.           6483.           9731.          18004.          46733.         128992.         400674.        1701422.        8361858.  
2018      237        13       40               2380.           3850.           6141.           9384.          17664.          46550.         130333.         408830.        1735844.        8486112.  
2018      237        13       45               2784.           4527.           7025.          10291.          18616.          47307.         127716.         389853.        1651518.        8180019.  
2018      237        13       50               3323.           5406.           8143.          11420.          19793.          48314.         125304.         370738.        1566695.        7886764.  
2018      237        13       55               3233.           5262.           7964.          11243.          19628.          48232.         125880.         374076.        1580001.        7931119.  
2018      237        14        0               3296.           5363.           8092.          11373.          19767.          48370.         125723.         372353.        1571954.        7904353.  
2018      237        14        5               3529.           5737.           8562.          11848.          20262.          48809.         124941.         365569.        1541795.        7804627.  
2018      237        14       10               4133.           6697.           9760.          13066.          21541.          49979.         123387.         350496.        1474506.        7590870.  
2018      237        14       15               4123.           6681.           9741.          13051.          21544.          50049.         123672.         351308.        1476286.        7594995.  
2018      237        14       20               3996.           6483.           9496.          12804.          21303.          49891.         124199.         354714.        1489709.        7634892.  
2018      237        14       25               3875.           6291.           9256.          12562.          21054.          49684.         124587.         357871.        1503145.        7676660.  
2018      237        14       30               3876.           6294.           9261.          12568.          21072.          49740.         124739.         358164.        1503270.        7675690.  
2018      237        14       35               4010.           6506.           9526.          12841.          21375.          50071.         124619.         355343.        1489033.        7628530.  
2018      237        14       40               3964.           6436.           9438.          12755.          21310.          50093.         125022.         356949.        1493767.        7639518.  
2018      237        14       45               4123.           6686.           9749.          13076.          21669.          50497.         124927.         353742.        1477133.        7583503.  
2018      237        14       50               4182.           6779.           9864.          13194.          21800.          50641.         124907.         352658.        1471310.        7563523.  
2018      237        14       55               4342.           7031.          10177.          13517.          22156.          51026.         124793.         349553.        1455499.        7511297.  
2018      237        15        0               4797.           7738.          11051.          14413.          23084.          51846.         123937.         340606.        1416194.        7396790.  
2018      237        15        5               4194.           6801.           9891.          13232.          21900.          50929.         125558.         353389.        1468241.        7540421.  
2018      237        15       10               3710.           6038.           8943.          12275.          20935.          50160.         127072.         365310.        1518342.        7691991.  
2018      237        15       15               3401.           5547.           8329.          11659.          20314.          49670.         128232.         374035.        1555137.        7807996.  
2018      237        15       20               3741.           6089.           9005.          12341.          21033.          50339.         127293.         364901.        1513242.        7666997.  
2018      237        15       25               3287.           5365.           8100.          11432.          20097.          49535.         128811.         377624.        1569250.        7850788.  
2018      237        15       30               3423.           5585.           8376.          11713.          20422.          49925.         128668.         373906.        1548868.        7771903.  
2018      237        15       35               3608.           5880.           8744.          12083.          20806.          50270.         128111.         368815.        1525603.        7692605.  
2018      237        15       40               3770.           6137.           9064.          12407.          21150.          50598.         127719.         364680.        1506359.        7627704.  
2018      237        15       45               3724.           6067.           8975.          12323.          21105.          50682.         128228.         366142.        1508459.        7621726.  
2018      237        15       50               3672.           5985.           8873.          12226.          21049.          50764.         128768.         367742.        1510905.        7615626.  
2018      237        15       55               2957.           4837.           7434.          10783.          19546.          49426.         131231.         389045.        1606609.        7940126.  
2018      237        16        0               2861.           4681.           7236.          10584.          19338.          49247.         131661.         392408.        1621242.        7989175.  
2018      237        16        5               2541.           4156.           6564.           9915.          18678.          48789.         133576.         405152.        1675195.        8173644.  
2018      237        16       10               2444.           3995.           6355.           9706.          18477.          48672.         134280.         409373.        1691940.        8227174.  
2018      237        16       15               2348.           3837.           6150.           9501.          18284.          48576.         135042.         413785.        1709546.        8285263.  
2018      237        16       20               2231.           3638.           5888.           9234.          18004.          48362.         135898.         419838.        1736696.        8386356.  
2018      237        16       25               2224.           3627.           5874.           9219.          17994.          48371.         135976.         420004.        1736184.        8379264.  
2018      237        16       30               2614.           4282.           6726.          10087.          18928.          49199.         133639.         401298.        1648069.        8039797.  
2018      237        16       35               3177.           5199.           7886.          11248.          20157.          50326.         131306.         381118.        1553870.        7693869.  
2018      237        16       40               3536.           5772.           8600.          11960.          20889.          50959.         130076.         370735.        1507156.        7533864.  
2018      237        16       45               3093.           5064.           7715.          11078.          19993.          50218.         131681.         383349.        1561151.        7705649.  
2018      237        16       50               2908.           4767.           7342.          10711.          19642.          49987.         132609.         389304.        1585070.        7779330.  
2018      237        16       55               2935.           4811.           7397.          10764.          19694.          50025.         132462.         388212.        1579792.        7757774.  
2018      237        17        0               3112.           5097.           7754.          11119.          20073.          50384.         131786.         381931.        1548831.        7635775.  
2018      237        17        5               2950.           4837.           7427.          10796.          19752.          50137.         132509.         387153.        1571226.        7710514.  
2018      237        17       10               3144.           5149.           7818.          11184.          20159.          50506.         131754.         380585.        1540131.        7593759.  
2018      237        17       15               2184.           3575.           5808.           9177.          18105.          48856.         136865.         418165.        1705794.        8178021.  
2018      237        17       20               2837.           4656.           7196.          10568.          19557.          50060.         133086.         389602.        1575192.        7689362.  
2018      237        17       25               2778.           4561.           7075.          10449.          19446.          49993.         133373.         391227.        1580380.        7697131.  
2018      237        17       30               2285.           3747.           6034.           9409.          18373.          49114.         136117.         411635.        1671632.        8026842.  
2018      237        17       35               2275.           3727.           6005.           9374.          18306.          48985.         136054.         412606.        1679026.        8065043.  
2018      237        17       40               2699.           4432.           6909.          10280.          19271.          49828.         133569.         392837.        1584610.        7690879.  
2018      237        17       45               2451.           4025.           6389.           9762.          18740.          49387.         134817.         402144.        1624881.        7826908.  
2018      237        17       50               2321.           3810.           6111.           9481.          18448.          49141.         135511.         407276.        1646581.        7897149.  
2018      237        17       55               2155.           3528.           5743.           9106.          18050.          48810.         136642.         415695.        1685100.        8043080.  
2018      237        18        0               2126.           3481.           5681.           9043.          17991.          48772.         136760.         416198.        1684961.        8028637.  
2018      237        18        5               2515.           4134.           6525.           9895.          18900.          49532.         134156.         396479.        1592182.        7662247.  
2018      237        18       10               2222.           3645.           5895.           9259.          18221.          48937.         135850.         409724.        1653076.        7890465.  
2018      237        18       15               2011.           3289.           5424.           8776.          17717.          48540.         137301.         419840.        1696129.        8036632.  
2018      237        18       20               2113.           3464.           5655.           9013.          17971.          48721.         136323.         413026.        1663663.        7901325.  
2018      237        18       25               2456.           4040.           6402.           9768.          18784.          49414.         134011.         395338.        1580052.        7568960.  
2018      237        18       30               2416.           3974.           6315.           9679.          18681.          49294.         134090.         396519.        1585261.        7583242.  
2018      237        18       35               2132.           3499.           5700.           9055.          18016.          48708.         135745.         409327.        1643049.        7793599.  
2018      237        18       40               2273.           3735.           6007.           9364.          18338.          48947.         134636.         401559.        1606967.        7649471.  
2018      237        18       45               2398.           3944.           6274.           9628.          18609.          49136.         133665.         394876.        1575661.        7521863.  
2018      237        18       50               2307.           3792.           6077.           9427.          18386.          48909.         134065.         398573.        1592749.        7582977.  
2018      237        18       55               2399.           3944.           6272.           9619.          18573.          49025.         133371.         394084.        1572708.        7505760.  
2018      237        19        0               2590.           4260.           6672.          10013.          18982.          49336.         132085.         384829.        1528982.        7327992.  
2018      237        19        5               2068.           3392.           5552.           8885.          17787.          48302.         135085.         407817.        1632801.        7708469.  
2018      237        19       10               2486.           4090.           6453.           9788.          18730.          49029.         132125.         386755.        1536112.        7331675.  
2018      237        19       15               2376.           3909.           6221.           9553.          18475.          48771.         132518.         390473.        1552497.        7383907.  
2018      237        19       20               2449.           4029.           6372.           9697.          18609.          48803.         131705.         385717.        1530084.        7285008.  
2018      237        19       25               2359.           3879.           6179.           9501.          18389.          48571.         132035.         389049.        1545511.        7338832.  
2018      237        19       30               2090.           3432.           5599.           8915.          17769.          48020.         133483.         400257.        1594510.        7506558.  
2018      237        19       35               2093.           3438.           5605.           8918.          17763.          47964.         133181.         398868.        1587513.        7469390.  
2018      237        19       40               2230.           3668.           5903.           9212.          18054.          48116.         131864.         390679.        1550383.        7318794.  
2018      237        19       45               2173.           3569.           5773.           9077.          17890.          47947.         132258.         394243.        1568595.        7397380.  
2018      237        19       50               1979.           3240.           5339.           8626.          17391.          47463.         133292.         402951.        1607326.        7530680.  
2018      237        19       55               2055.           3370.           5509.           8794.          17547.          47479.         132199.         396837.        1579466.        7410855.  
2018      237        20        0               1844.           3009.           5024.           8283.          16978.          46976.         133714.         408367.        1631301.        7601338.  
2018      237        20        5               1470.           2344.           4067.           7157.          15647.          46057.         138697.         441232.        1778334.        8173609.  
2018      237        20       10               1456.           2319.           4026.           7097.          15548.          45894.         138535.         441350.        1778721.        8165426.  
2018      237        20       15               1519.           2434.           4203.           7324.          15817.          45962.         136914.         432243.        1738169.        7996435.  
2018      237        20       20               1578.           2541.           4360.           7515.          16031.          45992.         135452.         424108.        1701370.        7838810.  
2018      237        20       25               1626.           2625.           4482.           7653.          16176.          46016.         134509.         418936.        1678764.        7746401.  
2018      237        20       30               1668.           2700.           4586.           7766.          16281.          45979.         133540.         414011.        1657293.        7655465.  
2018      237        20       35               1631.           2634.           4490.           7650.          16129.          45784.         133614.         415658.        1664562.        7674318.  
2018      237        20       40               1481.           2366.           4091.           7155.          15509.          45295.         135554.         429160.        1724458.        7899579.  
2018      237        20       45               1448.           2305.           3994.           7018.          15311.          45066.         135769.         431767.        1736211.        7937494.  
2018      237        20       50               1433.           2277.           3947.           6946.          15186.          44828.         135397.         431290.        1734252.        7916410.  
2018      237        20       55               1469.           2346.           4056.           7087.          15333.          44707.         133651.         422748.        1696275.        7746849.  
2018      237        21        0               1515.           2425.           4174.           7238.          15533.          44941.         133509.         420694.        1688401.        7733252.  
2018      237        21        5               1324.           2072.           3589.           6369.          14303.          43951.         136994.         445015.        1795211.        8130630.  
2018      237        21       10               1286.           1998.           3422.           6010.          13730.          43723.         139752.         460577.        1863881.        8415674.  
2018      237        21       15               1285.           1995.           3416.           5996.          13688.          43576.         139254.         458854.        1856327.        8375719.  
2018      237        21       20               1511.           2417.           4156.           7192.          15382.          44393.         131689.         414654.        1663021.        7600235.  
2018      237        21       25               1447.           2302.           3978.           6954.          15060.          44074.         132315.         419983.        1686599.        7682081.  
2018      237        21       30               1361.           2138.           3702.           6543.          14495.          43750.         134645.         434286.        1750129.        7937234.  
2018      237        21       35               1410.           2230.           3858.           6775.          14792.          43780.         132703.         423996.        1705328.        7750278.  
2018      237        21       40               1359.           2134.           3693.           6520.          14427.          43521.         133920.         431971.        1740647.        7887646.  
2018      237        21       45               1374.           2162.           3741.           6593.          14509.          43434.         132889.         427167.        1719892.        7796029.  
2018      237        21       50               1386.           2184.           3776.           6642.          14558.          43376.         132240.         424210.        1707469.        7742659.  
2018      237        21       55               1371.           2156.           3727.           6562.          14431.          43217.         132300.         425531.        1713600.        7761571.  
2018      237        22        0               1360.           2136.           3691.           6502.          14331.          43076.         132266.         426249.        1717079.        7770240.  
2018      237        22        5               1330.           2079.           3589.           6330.          14070.          42855.         132906.         430880.        1737327.        7844374.  
2018      237        22       10               1307.           2034.           3499.           6159.          13799.          42645.         133662.         436018.        1759910.        7930344.  
2018      237        22       15               1297.           2017.           3464.           6091.          13677.          42473.         133589.         436637.        1762687.        7933584.  
2018      237        22       20               1284.           1991.           3406.           5965.          13470.          42333.         134250.         440779.        1780560.        8002103.  
2018      237        22       25               1304.           2029.           3487.           6134.          13725.          42383.         132806.         433250.        1748625.        7872110.  
2018      237        22       30               1270.           1966.           3344.           5818.          13205.          42071.         134637.         444180.        1795183.        8050837.  
2018      237        22       35               1272.           1970.           3354.           5842.          13240.          42044.         134278.         442569.        1788571.        8022917.  
2018      237        22       40               1266.           1958.           3320.           5751.          13071.          41882.         134550.         444850.        1798566.        8058193.  
2018      237        22       45               1269.           1962.           3329.           5776.          13107.          41864.         134226.         443373.        1792551.        8033300.  
2018      237        22       50               1262.           1950.           3292.           5674.          12909.          41615.         134235.         444803.        1798953.        8049518.  
2018      237        22       55               1262.           1948.           3289.           5665.          12884.          41536.         133993.         444056.        1796001.        8034310.  
2018      237        23        0               1257.           1941.           3255.           5557.          12676.          41357.         134418.         447116.        1809076.        8081203.  
2018      237        23        5               1260.           1945.           3273.           5616.          12777.          41348.         133733.         443860.        1795788.        8027196.  
2018      237        23       10               1262.           1949.           3293.           5683.          12878.          41244.         132544.         438623.        1774157.        7933877.  
2018      237        23       15               1266.           1955.           3313.           5738.          12963.          41221.         131876.         435478.        1761143.        7879682.  
2018      237        23       20               1259.           1942.           3271.           5620.          12748.          41056.         132423.         439093.        1776632.        7937396.  
2018      237        23       25               1257.           1939.           3261.           5590.          12685.          40954.         132311.         439134.        1777139.        7936112.  
2018      237        23       30               1253.           1932.           3206.           5381.          12286.          40714.         133627.         446794.        1809265.        8058946.  
2018      237        23       35               1252.           1932.           3196.           5338.          12194.          40597.         133609.         447331.        1811713.        8064709.  
2018      237        23       40               1252.           1930.           3199.           5363.          12236.          40548.         133100.         445176.        1803112.        8028367.  
2018      237        23       45               1255.           1941.           3170.           5173.          11838.          40281.         134239.         451973.        1831356.        8134034.  
2018      237        23       50               1252.           1934.           3173.           5225.          11944.          40267.         133507.         448589.        1817682.        8078041.  
2018      237        23       55               1250.           1928.           3174.           5263.          12014.          40214.         132794.         445479.        1805146.        8025163.  
2018      238         0        0               1246.           1922.           3172.           5275.          12034.          40137.         132270.         443369.        1796585.        7986933.  
2018      238         0        5               1292.           2034.           3206.           4810.          10958.          39843.         137415.         468673.        1897960.        8384442.  
2018      238         0       10               1278.           2000.           3179.           4882.          11149.          39830.         136189.         463190.        1876722.        8300438.  
2018      238         0       15               1268.           1977.           3162.           4933.          11272.          39753.         135042.         458292.        1857518.        8221083.  
2018      238         0       20               1275.           1994.           3171.           4873.          11119.          39662.         135515.         460885.        1867898.        8259566.  
2018      238         0       25               1265.           1970.           3156.           4942.          11290.          39677.         134551.         456415.        1850381.        8190691.  
2018      238         0       30               1268.           1978.           3158.           4903.          11190.          39573.         134636.         457306.        1854181.        8202901.  
2018      238         0       35               1274.           1994.           3166.           4849.          11053.          39487.         135035.         459535.        1863120.        8235907.  
2018      238         0       40               1271.           1986.           3159.           4864.          11089.          39451.         134631.         457878.        1856822.        8210289.  
2018      238         0       45               1274.           1996.           3165.           4830.          11002.          39391.         134861.         459205.        1862197.        8230102.  
2018      238         0       50               1283.           2018.           3181.           4780.          10864.          39341.         135435.         462031.        1873286.        8272465.  
2018      238         0       55               1281.           2014.           3177.           4780.          10864.          39290.         135184.         461160.        1870236.        8259934.  
2018      238         1        0               1284.           2021.           3183.           4763.          10818.          39265.         135334.         461955.        1873416.        8271977.  
2018      238         1        5               1291.           2043.           3202.           4722.          10698.          39228.         135869.         464494.        1883225.        8309353.  
2018      238         1       10               1294.           2051.           3209.           4709.          10657.          39214.         136045.         465332.        1886466.        8321661.  
2018      238         1       15               1287.           2030.           3188.           4739.          10748.          39179.         135327.         462366.        1875617.        8280122.  
2018      238         1       20               1291.           2040.           3198.           4720.          10689.          39156.         135566.         463537.        1880234.        8297911.  
2018      238         1       25               1283.           2022.           3180.           4745.          10762.          39098.         134847.         460689.        1870132.        8259894.  
2018      238         1       30               1295.           2052.           3208.           4697.          10619.          39107.         135743.         464577.        1884659.        8315439.  
2018      238         1       35               1295.           2054.           3210.           4691.          10598.          39065.         135665.         464481.        1884896.        8317535.  
2018      238         1       40               1287.           2032.           3187.           4720.          10684.          39006.         134868.         461351.        1874071.        8278118.  
2018      238         1       45               1269.           1986.           3149.           4810.          10934.          39025.         133457.         454996.        1849958.        8185952.  
2018      238         1       50               1270.           1989.           3151.           4799.          10904.          38988.         133463.         455303.        1852068.        8196939.  
2018      238         1       55               1280.           2015.           3172.           4744.          10751.          38945.         134181.         458799.        1866142.        8253141.  
2018      238         2        0               1296.           2060.           3215.           4676.          10541.          38948.         135458.         464449.        1887753.        8337737.  
2018      238         2        5               1307.           2096.           3260.           4652.          10443.          39099.         136767.         469263.        1904060.        8398328.  
2018      238         2       10               1301.           2074.           3232.           4662.          10489.          38970.         135891.         466288.        1894983.        8367906.  
2018      238         2       15               1308.           2103.           3271.           4655.          10439.          39139.         137000.         470149.        1907820.        8416400.  
2018      238         2       20               1307.           2098.           3264.           4653.          10436.          39074.         136717.         469388.        1906304.        8414114.  
2018      238         2       25               1307.           2098.           3264.           4653.          10435.          39059.         136666.         469349.        1907019.        8420139.  
2018      238         2       30               1307.           2102.           3270.           4657.          10434.          39084.         136814.         469995.        1910257.        8437197.  
2018      238         2       35               1307.           2097.           3263.           4655.          10433.          39028.         136557.         469280.        1908684.        8433929.  
2018      238         2       40               1307.           2097.           3263.           4655.          10433.          39017.         136521.         469305.        1909739.        8441825.  
2018      238         2       45               1308.           2105.           3277.           4663.          10439.          39107.         136937.         470696.        1914708.        8463250.  
2018      238         2       50               1308.           2106.           3278.           4663.          10440.          39118.         136975.         470792.        1914912.        8463696.  
2018      238         2       55               1308.           2105.           3277.           4663.          10438.          39106.         136935.         470714.        1914941.        8464789.  
2018      238         3        0               1307.           2108.           3284.           4672.          10453.          39161.         137142.         471511.        1918817.        8485684.  
2018      238         3        5               1307.           2110.           3291.           4684.          10475.          39219.         137337.         472353.        1923560.        8512977.  
2018      238         3       10               1307.           2110.           3291.           4685.          10477.          39225.         137354.         472413.        1923840.        8514525.  
2018      238         3       15               1306.           2111.           3294.           4691.          10490.          39256.         137448.         472781.        1925826.        8525939.  
2018      238         3       20               1306.           2111.           3297.           4700.          10509.          39298.         137570.         473247.        1928336.        8540469.  
2018      238         3       25               1306.           2112.           3298.           4700.          10506.          39290.         137573.         473502.        1930612.        8554595.  
2018      238         3       30               1307.           2112.           3296.           4694.          10490.          39248.         137477.         473398.        1931119.        8558900.  
2018      238         3       35               1308.           2113.           3297.           4695.          10489.          39242.         137503.         473869.        1935028.        8582972.  
2018      238         3       40               1307.           2113.           3300.           4703.          10508.          39294.         137641.         474206.        1935975.        8587085.  
2018      238         3       45               1308.           2114.           3301.           4704.          10507.          39291.         137657.         474448.        1937913.        8598833.  
2018      238         3       50               1307.           2115.           3305.           4714.          10530.          39347.         137827.         475094.        1941220.        8617332.  
2018      238         3       55               1308.           2116.           3306.           4713.          10525.          39338.         137838.         475385.        1943586.        8631526.  
2018      238         4        0               1311.           2117.           3302.           4702.          10497.          39264.         137692.         475488.        1946744.        8652938.  
2018      238         4        5               1313.           2118.           3303.           4704.          10499.          39269.         137758.         476118.        1951435.        8681092.  
2018      238         4       10               1313.           2120.           3308.           4712.          10515.          39323.         137962.         476967.        1955719.        8704104.  
2018      238         4       15               1313.           2121.           3313.           4720.          10530.          39371.         138135.         477663.        1959181.        8722691.  
2018      238         4       20               1312.           2122.           3318.           4732.          10556.          39444.         138367.         478500.        1963053.        8743160.  
2018      238         4       25               1311.           2122.           3319.           4736.          10567.          39469.         138419.         478550.        1962782.        8741007.  
2018      238         4       30               1313.           2124.           3320.           4735.          10562.          39468.         138489.         479181.        1967146.        8766173.  
2018      238         4       35               1316.           2124.           3315.           4722.          10534.          39393.         138311.         478964.        1968010.        8774075.  
2018      238         4       40               1316.           2127.           3323.           4736.          10560.          39481.         138651.         480424.        1975494.        8814323.  
2018      238         4       45               1315.           2129.           3330.           4753.          10598.          39588.         138988.         481577.        1980497.        8839945.  
2018      238         4       50               1317.           2131.           3333.           4756.          10604.          39615.         139129.         482333.        1984901.        8864370.  
2018      238         4       55               1318.           2132.           3335.           4758.          10607.          39638.         139262.         483099.        1989473.        8889847.  
2018      238         5        0               1320.           2134.           3334.           4752.          10593.          39609.         139241.         483410.        1992465.        8908127.  
2018      238         5        5               1310.           2125.           3345.           4818.          10759.          39954.         139975.         484915.        1996010.        8924262.  
2018      238         5       10               1295.           2105.           3340.           4892.          10966.          40298.         140424.         485144.        1994705.        8921481.  
2018      238         5       15               1323.           2138.           3342.           4765.          10622.          39721.         139693.         485373.        2002541.        8961645.  
2018      238         5       20               1324.           2129.           3321.           4747.          10598.          39567.         139060.         483509.        1997659.        8947181.  
2018      238         5       25               1324.           2142.           3352.           4784.          10664.          39858.         140196.         487397.        2012370.        9013047.  
2018      238         5       30               1327.           2144.           3350.           4776.          10644.          39820.         140149.         487616.        2014964.        9029294.  
2018      238         5       35               1327.           2146.           3354.           4782.          10659.          39873.         140363.         488518.        2019447.        9052778.  
2018      238         5       40               1328.           2148.           3359.           4791.          10679.          39942.         140614.         489472.        2023813.        9074871.  
2018      238         5       45               1329.           2149.           3360.           4791.          10678.          39951.         140685.         489919.        2026571.        9090289.  
2018      238         5       50               1329.           2151.           3365.           4802.          10704.          40032.         140958.         490883.        2030685.        9110547.  
