2015 173 12 30   -7.61    7.83    0.32  -430.5     0.5     5.9  17.82  301683.   -4.0    1    1  0.4730   6.42   0.47   0.34   0.28   0.38   0.10   0.76
2015 173 12 35   -8.60    5.82    0.39  -426.9   -10.7    13.7  17.50  323309.   -6.0    1    1  0.4765   6.19   0.46   0.32   0.28   0.36   0.09   0.71
2015 173 12 40   -8.43    5.93   -3.12  -416.4   -10.5    19.4  16.91  318186.   -5.0    1    1  0.4799   5.70   0.48   0.38   0.28   0.40   0.21   1.00
2015 173 12 45   -8.60    5.21   -2.01  -424.3    -8.1    22.1  16.30  271058.   -4.0    1    1  0.4832   5.71   0.49   0.41   0.28   0.40   0.29   1.20
2015 173 12 50   -7.30    7.92   -1.91  -421.4   -16.6    19.7  17.05  314243.   -3.0    1    1  0.4866   5.89   0.50   0.44   0.28   0.41   0.35   1.39
2015 173 12 55   -7.11    6.60   -4.08  -419.1    -5.7    41.1  16.98  305552.   -2.0    1    1  0.4899   5.84   0.53   0.51   0.28   0.46   0.48   1.70
2015 173 13  0   -8.95    2.74   -3.97  -412.4    -7.1    41.2  16.09  331560.   -3.0    1    1  0.4931   5.36   0.56   0.57   0.29   0.51   0.58   1.94
2015 173 13  5   -6.38    6.37   -2.01  -420.1    -9.6    18.8  15.93  286167.   -4.0    1    1  0.4963   5.47   0.56   0.59   0.29   0.51   0.62   2.06
2015 173 13 10   -6.07    6.84   -0.29  -424.0   -11.0     9.6  16.12  305337.   -2.0    1    1  0.4995   5.62   0.55   0.57   0.29   0.49   0.59   2.01
2015 173 13 15   -7.47    5.56   -3.46  -417.0    -4.2    29.7  16.26  317726.   -1.0    1    1  0.5027   5.51   0.57   0.62   0.29   0.52   0.67   2.22
2015 173 13 20   -6.51    7.02   -1.02  -421.4   -16.8     6.7  16.45  305368.   -3.0    1    1  0.5058   5.67   0.57   0.62   0.29   0.51   0.67   2.25
2015 173 13 25   -6.96    6.43   -1.12  -418.3    -0.5    21.1  16.56  342647.   -4.0    1    1  0.5088   5.63   0.56   0.61   0.29   0.50   0.67   2.29
2015 173 13 30   -7.72    4.98   -2.59  -415.8     1.9    30.7  15.94  342779.   -4.0    1    1  0.5118   5.37   0.58   0.64   0.29   0.51   0.72   2.42
2015 173 13 35   -9.00    3.97   -0.18  -410.7     7.9     3.3  14.12  244643.   -5.0    1    1  0.5148   4.62   0.56   0.62   0.29   0.49   0.67   2.31
2015 173 13 40   -9.75    4.47   -1.37  -406.1    -6.2    18.8  14.21  232217.   -5.0    1    1  0.5177   4.56   0.56   0.62   0.29   0.48   0.67   2.32
2015 173 13 45  -10.38    3.67   -1.20  -401.5     7.6    22.4  14.26  221984.   -5.0    1    2  0.5205   4.49   0.56   0.61   0.29   0.47   0.67   2.31
2015 173 13 50  -11.09   -0.42    1.25  -397.9    21.3    25.9  14.32  211887.   -9.0    1    1  0.5233   4.42   0.54   0.58   0.29   0.45   0.61   2.16
2015 173 13 55  -11.26    0.54   -0.70  -397.9    21.3    25.9  14.32  211887.  -11.0    1    1  0.5261   4.42   0.53   0.57   0.29   0.43   0.59   2.12
2015 173 14  0   -5.54   -6.84   -7.17  -429.6    42.2    52.2  14.73  199471.  -12.0    1    1  0.5288   5.40   0.59   0.69   0.30   0.56   0.77   2.47
2015 173 14  5   -5.22   -7.40   -7.29  -422.8    41.6    54.9  15.47  258708.  -14.0    1    1  0.5314   5.50   0.65   0.81   0.30   0.69   0.94   2.81
2015 173 14 10   -2.81   -6.32   -9.58  -428.1    42.1    56.2  13.68  200198.  -15.0    1    1  0.5340   4.99   0.73   0.95   0.31   0.87   1.13   3.14
2015 173 14 15   -1.87   -3.26  -10.98  -431.6    37.4    55.6  15.27  228128.  -18.0    1    1  0.5365   5.64   0.82   1.12   0.33   1.09   1.34   3.58
2015 173 14 20    2.71   -8.09   -8.66  -443.9    43.5    60.2  14.68  222653.  -21.0    1    1  0.5390   5.76   0.89   1.24   0.34   1.24   1.50   3.93
2015 173 14 25    1.37   -7.94   -8.50  -435.5    49.4    62.9  13.78  235317.  -24.0    1    1  0.5413   5.23   0.95   1.34   0.35   1.37   1.63   4.18
2015 173 14 30   -0.20   -8.71   -7.87  -427.3    50.0    52.4  14.96  230466.  -27.0    1    1  0.5437   5.44   1.01   1.44   0.36   1.47   1.73   4.42
2015 173 14 35   -2.61    1.68   -1.58  -425.4    30.5    48.3  14.28  218492.  -30.0    1    1  0.5459   5.11   0.99   1.40   0.36   1.42   1.65   4.32
2015 173 14 40   -4.47    3.31   -5.58  -422.7     4.8    38.5  15.88  270841.  -31.0    1    1  0.5481   5.55   1.03   1.45   0.36   1.46   1.69   4.48
2015 173 14 45   -1.89    8.49    0.61  -426.5     5.5    36.7  15.36  260096.  -30.0    1    2  0.5502   5.47   0.99   1.37   0.36   1.39   1.53   4.17
2015 173 14 50   -4.40    7.15   -3.11  -430.2     6.2    34.9  14.87  249000.  -28.0    1    1  0.5523   5.37   1.00   1.37   0.36   1.38   1.52   4.20
2015 173 14 55   -5.88    2.94   -6.97  -416.0    11.1    53.5  13.41  214994.  -26.0    1    1  0.5543   4.58   1.04   1.44   0.37   1.44   1.59   4.31
2015 173 15  0   -4.94    0.94   -7.80  -418.5    22.3    62.0  13.67  219376.  -26.0    1    1  0.5562   4.75   1.08   1.51   0.38   1.53   1.67   4.46
2015 173 15  5   -1.89   -1.81  -10.44  -428.0    33.5    66.0  13.11  177499.  -25.0    1    1  0.5580   4.79   1.15   1.63   0.39   1.69   1.81   4.67
2015 173 15 10    0.83   -2.87  -11.03  -433.9    34.5    70.1  12.77  186497.  -25.0    1    1  0.5597   4.81   1.23   1.75   0.40   1.87   1.95   4.89
2015 173 15 15   -1.22   -1.68  -10.73  -427.9    31.4    78.7  14.37  237691.  -28.0    1    1  0.5614   5.30   1.30   1.87   0.41   2.03   2.08   5.16
2015 173 15 20   -0.39   -2.16  -11.16  -429.1    32.2    73.4  13.92  212225.  -30.0    1    1  0.5630   5.14   1.37   1.99   0.43   2.20   2.20   5.39
2015 173 15 25   -1.26   -3.34   -9.98  -429.8    34.0    73.9  14.26  233394.  -33.0    1    1  0.5645   5.29   1.44   2.08   0.44   2.32   2.29   5.60
2015 173 15 30   -5.29   -5.80   -7.00  -416.8    46.9    63.0  12.40  195805.  -37.0    1    1  0.5660   4.32   1.46   2.10   0.44   2.34   2.28   5.59
2015 173 15 35   -3.44   -5.91   -8.06  -417.4    49.5    67.2  12.98  193396.  -42.0    1    1  0.5674   4.55   1.49   2.15   0.45   2.39   2.31   5.63
2015 173 15 40   -2.56   -7.55   -7.59  -421.5    57.6    67.8  12.09  180763.  -44.0    1    1  0.5686   4.35   1.52   2.17   0.46   2.43   2.32   5.64
2015 173 15 45   -2.84   -7.11   -7.62  -421.4    56.1    69.3  12.29  170427.  -45.0    1    1  0.5698   4.42   1.55   2.20   0.47   2.46   2.33   5.65
2015 173 15 50   -2.47   -7.52   -6.85  -424.7    57.4    70.6  12.63  186685.  -46.0    1    1  0.5710   4.61   1.57   2.22   0.47   2.47   2.32   5.66
2015 173 15 55   -2.44   -7.11   -6.77  -427.5    53.4    69.9  12.53  175830.  -46.0    1    1  0.5720   4.62   1.59   2.23   0.48   2.49   2.32   5.67
2015 173 16  0   -3.32   -7.03   -3.78  -425.3    55.3    62.2  12.70  172398.  -47.0    1    1  0.5730   4.63   1.58   2.19   0.48   2.43   2.25   5.57
2015 173 16  5   -5.46   -7.74   -2.15  -417.9    58.2    50.8  13.72  205407.  -49.0    1    1  0.5738   4.80   1.56   2.12   0.48   2.34   2.14   5.42
2015 173 16 10   -3.03   -8.88   -1.92  -429.7    61.6    52.1  13.24  191394.  -49.0    1    1  0.5746   4.90   1.53   2.05   0.48   2.25   2.03   5.26
2015 173 16 15   -2.80   -9.43    0.83  -431.5    68.8    41.0  13.44  196282.  -50.0    1    1  0.5753   5.01   1.48   1.95   0.48   2.15   1.85   4.91
2015 173 16 20   -2.31   -7.64    4.60  -432.9    67.5    36.0  13.37  183075.  -49.0    1    1  0.5759   5.01   1.43   1.84   0.48   2.05   1.68   4.57
2015 173 16 25   -2.98   -5.29    7.54  -431.7    55.9    23.8  13.35  174661.  -48.0    1    1  0.5764   4.92   1.39   1.75   0.48   1.95   1.52   4.26
2015 173 16 30    0.19   -9.83    4.17  -434.2    59.1    20.0  12.80  178352.  -46.0    1    2  0.5769   4.78   1.35   1.66   0.47   1.86   1.38   3.97
2015 173 16 35   -0.28   -8.12    6.57  -437.2    62.2    16.3  12.25  182144.  -46.0    1    1  0.5772   4.63   1.30   1.57   0.47   1.77   1.26   3.70
2015 173 16 40   -1.91   -7.77    5.38  -431.4    58.9    24.0  13.06  189340.  -46.0    1    1  0.5775   4.81   1.26   1.49   0.47   1.69   1.14   3.45
2015 173 16 45   -3.02   -8.35    4.66  -430.5    60.8    24.1  12.99  182514.  -45.0    1    1  0.5777   4.77   1.22   1.41   0.47   1.61   1.04   3.22
2015 173 16 50   -3.03   -7.39    6.61  -428.1    61.8    20.3  13.05  180162.  -43.0    1    1  0.5778   4.74   1.18   1.33   0.47   1.53   0.94   3.00
2015 173 16 55   -1.33   -6.12    7.73  -435.7    52.5    13.8  11.98  166172.  -41.0    1    1  0.5778   4.47   1.15   1.26   0.47   1.46   0.86   2.80
2015 173 17  0    0.01   -5.65    5.32  -456.7    58.0    12.3  12.30  173690.  -38.0    1    1  0.5777   5.05   1.11   1.20   0.47   1.39   0.78   2.61
2015 173 17  5   -2.77   -5.09    7.85  -435.4    53.1    15.3  12.80  176548.  -34.0    1    1  0.5775   4.78   1.08   1.13   0.47   1.32   0.71   2.43
2015 173 17 10   -2.91   -6.52    4.55  -426.9    65.7    20.2  13.08  182968.  -33.0    1    1  0.5772   4.74   1.04   1.07   0.46   1.26   0.64   2.27
2015 173 17 15   -0.16   -8.98    3.77  -438.1    71.8    27.0  13.46  197064.  -31.0    1    1  0.5769   5.16   1.01   1.02   0.46   1.20   0.58   2.11
2015 173 17 20   -0.64   -4.98   -1.40  -442.0    61.9    34.8  14.38  215043.  -28.0    1    1  0.5765   5.60   1.00   1.00   0.46   1.16   0.61   2.18
2015 173 17 25   -3.42   -5.75   -6.87  -432.1    60.5    64.7  13.25  209507.  -26.0    1    1  0.5759   4.99   1.04   1.08   0.47   1.24   0.77   2.47
2015 173 17 30   -1.91   -4.40   -8.90  -431.2    57.6    75.8  13.50  197849.  -27.0    1    1  0.5753   5.10   1.10   1.20   0.48   1.38   0.97   2.82
2015 173 17 35   -0.24   -6.83   -6.97  -437.8    66.9    65.4  12.74  184892.  -27.0    1    1  0.5746   4.95   1.14   1.27   0.49   1.46   1.11   3.06
2015 173 17 40    3.53   -5.13   -6.29  -447.2    73.7    63.4  12.86  200163.  -23.0    1    1  0.5739   5.22   1.17   1.33   0.49   1.51   1.22   3.29
2015 173 17 45    1.04   -9.53   -2.63  -451.4    62.8    73.5  13.02  201304.  -19.0    1    2  0.5730   5.39   1.16   1.32   0.49   1.48   1.23   3.35
2015 173 17 50    3.82   -2.43   -8.20  -455.8    52.0    83.7  13.18  201701.  -18.0    1    1  0.5720   5.55   1.21   1.41   0.50   1.60   1.39   3.67
2015 173 17 55   -3.16   -8.16   -4.02  -429.3    78.0    54.8  12.23  172798.  -16.0    1    1  0.5710   4.58   1.22   1.41   0.51   1.59   1.41   3.71
2015 173 18  0   -2.54   -8.79   -1.67  -432.3    77.3    40.9  13.27  192502.  -17.0    1    1  0.5699   5.00   1.20   1.38   0.51   1.53   1.37   3.66
2015 173 18  5   -2.60   -8.87   -0.19  -431.7    77.0    39.3  12.22  166640.  -18.0    1    1  0.5687   4.59   1.17   1.31   0.50   1.46   1.26   3.47
2015 173 18 10   -0.20   -9.41    0.76  -443.8    76.0    39.8  12.36  167556.  -15.0    1    1  0.5674   4.89   1.13   1.24   0.50   1.39   1.14   3.24
2015 173 18 15   -3.95   -8.10   -0.43  -424.7    60.7    38.8  12.01  202821.  -15.0    1    1  0.5661   4.32   1.10   1.19   0.50   1.33   1.07   3.10
2015 173 18 20   -3.90   -7.92   -0.39  -431.4    73.6    39.7  11.32  174076.  -20.0    1    1  0.5646   4.24   1.07   1.13   0.50   1.27   1.00   2.96
2015 173 18 25   -4.43   -7.60    1.72  -427.9    71.7    31.4  11.59  169012.  -23.0    1    1  0.5631   4.25   1.04   1.07   0.50   1.21   0.91   2.76
2015 173 18 30   -4.07   -8.02    0.28  -427.8    75.5    38.0  11.12  160808.  -17.0    1    1  0.5615   4.10   1.00   1.02   0.50   1.15   0.82   2.58
2015 173 18 35   -1.57  -10.15   -1.71  -455.7    69.1    39.8  16.01  201576.   77.0    1    1  0.5598   6.66   0.99   1.01   0.50   1.12   0.85   2.70
2015 173 18 40   -0.04  -11.39  -12.82  -513.6    53.1    62.3  30.78  500619.   74.0    1    1  0.5581  16.17   1.17   1.34   0.53   1.63   1.40   5.15
2015 173 18 45   -2.25   -9.17  -12.05  -529.4    42.7    55.4  28.47  549908.   66.0    1    1  0.5562  15.84   1.32   1.63   0.56   2.07   1.89   7.28
2015 173 18 50   -0.61  -12.62  -20.89  -667.9    -7.9    56.3  49.60 1073810.   58.0    1    1  0.5543  43.27   1.76   2.37   0.70   3.81   3.34  18.34
2015 173 18 55    5.35   -0.38  -24.94  -699.4   -46.2    39.7  53.00 1028023.   50.0    1    1  0.5524  50.82   2.31   3.25   0.90   6.17   5.07  32.60
2015 173 19  0   13.22  -15.21  -21.90  -693.1   -12.1    12.8  58.42  996999.   35.0    1    1  0.5503  54.53   2.79   4.03   1.07   8.07   6.51  46.20
2015 173 19  5    9.20  -10.10  -27.36  -679.0     9.4     9.0  55.09  909867.   27.0    1    1  0.5482  49.30   3.36   4.93   1.28  10.49   8.00  58.80
2015 173 19 10   -4.94    9.39  -32.26  -682.2    -6.9    47.4  48.50 1010664.   19.0    1    1  0.5460  43.99   3.97   5.88   1.53  13.32   9.52  69.69
2015 173 19 15   -4.02    7.31  -35.16  -685.1    -5.3    51.3  39.87  828815.    3.0    1    1  0.5438  36.47   4.57   6.74   1.79  16.13  10.88  77.25
2015 173 19 20   -0.10   12.94  -37.61  -684.9   -13.5    29.5  36.78  725739.  -28.0    1    1  0.5414  33.51   5.18   7.58   2.07  18.99  12.13  83.47
2015 173 19 25    5.41    1.39  -36.59  -682.6   -27.2    20.3  43.62  760675.  -40.0    1    1  0.5391  39.47   5.79   8.45   2.35  21.84  13.37  91.69
2015 173 19 30    7.94   -1.34  -34.07  -676.5   -28.7    13.8  44.16  575597.  -47.0    1    1  0.5366  39.24   6.34   9.21   2.60  24.20  14.36  98.75
2015 173 19 35    7.81   -0.93  -34.78  -670.4   -26.0    17.7  42.97  507882.  -58.0    1    1  0.5341  37.52   6.86   9.93   2.85  26.46  15.24 104.74
2015 173 19 40   15.48  -14.60  -25.89  -649.4   -38.6    -7.2  52.81  623189.  -59.0    1    1  0.5315  43.37   7.23  10.43   3.02  27.62  15.69 110.68
2015 173 19 45  -10.20    7.80   -2.93  -643.9   -49.2   -14.8  68.02  533492.  -61.0    1    1  0.5289  55.00   7.09  10.05   3.02  26.46  14.70 108.64
2015 173 19 50  -26.73   29.28    1.16  -634.9   -46.3     0.9  63.97  372266.  -60.0    1    1  0.5262  50.22   6.87   9.52   3.01  25.21  13.35 101.27
2015 173 19 55  -27.23   28.43    5.62  -636.1   -56.2   -13.2  56.77  342466.  -81.0    1    1  0.5235  44.89   6.65   9.02   3.01  24.02  12.13  94.40
2015 173 20  0  -27.41   31.36   10.70  -635.4   -41.9     0.7  52.89  322943. -102.0    1    1  0.5207  41.54   6.44   8.55   3.00  22.88  11.02  88.00
2015 173 20  5  -30.75   26.93   11.26  -635.6   -35.5    -9.8  45.40  321726. -121.0    1    1  0.5178  35.66   6.24   8.10   2.99  21.80  10.02  82.03
2015 173 20 10  -26.72   28.73    7.65  -630.3   -34.1   -12.9  52.97  319699. -134.0    1    1  0.5149  40.93   6.05   7.67   2.98  20.77   9.10  76.46
2015 173 20 15  -26.53   28.23   16.86  -631.6   -42.0   -20.4  49.48  281929. -135.0    1    1  0.5120  38.45   5.86   7.27   2.97  19.79   8.27  71.28
2015 173 20 20  -26.51   21.98   20.73  -626.7   -33.8   -19.5  48.21  320155. -132.0    1    1  0.5090  36.83   5.67   6.89   2.97  18.85   7.51  66.44
2015 173 20 25  -20.30   18.83   23.21  -625.3   -31.6   -28.6  54.22  350497. -118.0    1    1  0.5059  41.27   5.49   6.52   2.96  17.96   6.82  61.93
2015 173 20 30  -20.52   14.86   26.27  -621.9   -37.3   -16.5  49.46  322188. -110.0    1    1  0.5028  37.21   5.32   6.18   2.95  17.11   6.20  57.73
2015 173 20 35  -16.49   14.86   25.48  -622.8   -45.2   -20.0  47.09  277322.  -99.0    1    1  0.4997  35.62   5.15   5.86   2.94  16.30   5.63  53.81
2015 173 20 40  -23.94   28.28   21.76  -626.4   -28.2   -12.9  37.43  367192. -106.0    1    1  0.4965  28.52   4.99   5.55   2.94  15.53   5.12  50.16
2015 173 20 45  -15.03   24.14   12.64  -618.1   -30.1    -7.2  32.29  776142. -108.0    1    1  0.4933  23.95   4.83   5.26   2.93  14.80   4.65  46.76
2015 173 20 50  -11.31   19.78    8.85  -628.5   -43.1    10.0  35.54  844002. -108.0    1    1  0.4900  27.34   4.68   4.98   2.92  14.10   4.23  43.59
2015 173 20 55  -14.40   21.31   -1.77  -622.4   -70.6    15.1  42.75 1369200.  -99.0    1    1  0.4867  32.52   4.58   4.80   2.92  13.49   4.08  42.79
2015 173 21  0  -16.37   23.54   -7.23  -629.2   -86.5    11.8  37.50 2381435.  -99.0    1    1  0.4834  29.31   4.59   4.82   2.94  13.22   4.34  43.91
2015 173 21  5  -18.30   22.98   -9.41  -611.5   -73.8    38.7  34.99 1404717. -103.0    1    1  0.4800  26.02   4.64   4.89   2.97  13.09   4.65  44.92
2015 173 21 10  -18.02   23.33   -0.66  -597.1   -77.0    47.5  37.94 1432640.  -98.0    1    1  0.4766  26.93   4.51   4.66   2.96  12.48   4.34  42.88
2015 173 21 15   -6.31   25.16   -7.66  -647.0   -39.1    59.5  35.80 1336354.  -96.0    1    1  0.4732  29.46   4.53   4.70   2.98  12.30   4.62  44.14
2015 173 21 20  -11.07   23.19    1.36  -653.2   -29.7    34.4  34.44 1269029.  -92.0    1    1  0.4697  28.66   4.39   4.45   2.97  11.72   4.19  41.14
2015 173 21 25  -14.80   16.95    8.73  -633.5   -12.4    10.6  34.52 1396466.  -94.0    1    1  0.4663  26.87   4.25   4.22   2.97  11.16   3.81  38.35
2015 173 21 30  -14.32   13.20   21.20  -664.1    45.1     9.8  33.68 1145611.  -86.0    1    1  0.4628  28.97   4.12   3.99   2.96  10.63   3.46  35.75
2015 173 21 35  -11.10   22.47    8.36  -666.0     6.6    21.5  37.26 1284535.  -88.0    1    1  0.4592  32.15   3.99   3.78   2.95  10.13   3.15  33.32
2015 173 21 40  -16.79   23.34   12.91  -640.5   -77.1   -12.8  36.50 1451638.  -97.0    1    1  0.4557  29.44   3.86   3.59   2.94   9.65   2.86  31.06
2015 173 21 45  -15.11   10.28   22.65  -666.1    -9.6    42.3  38.55  996506.  -99.0    1    1  0.4521  33.28   3.74   3.40   2.94   9.20   2.60  28.96
2015 173 21 50  -10.33    6.61   19.61  -673.7     7.0    48.2  41.33 1031944.  -92.0    1    1  0.4485  36.53   3.62   3.22   2.93   8.76   2.36  26.99
2015 173 21 55   -8.40   19.17   12.23  -670.7    12.6    36.6  41.06  916022.  -85.0    1    1  0.4449  35.89   3.51   3.05   2.92   8.35   2.14  25.16
2015 173 22  0   15.26   20.74   -1.07  -686.9    14.1    42.1  42.33 1084492.  -84.0    1    1  0.4413  38.84   3.43   2.94   2.92   7.99   2.15  25.49
2015 173 22  5    1.90   11.69    7.53  -680.0    15.1    16.4  41.93  981234.  -86.0    1    1  0.4377  37.64   3.32   2.79   2.91   7.61   1.95  23.76
2015 173 22 10    1.18    3.04   20.58  -668.1    24.2     3.8  42.88  828747.  -86.0    1    1  0.4341  37.13   3.22   2.64   2.90   7.25   1.77  22.15
2015 173 22 15   -5.12  -10.90   19.37  -664.3    27.8     0.8  38.05  688912.  -84.0    1    1  0.4304  32.58   3.11   2.50   2.89   6.91   1.61  20.65
2015 173 22 20   -4.03  -11.86   20.34  -660.3    11.2     1.1  37.09  593333.  -90.0    1    1  0.4268  31.35   3.02   2.37   2.88   6.58   1.46  19.25
2015 173 22 25   -5.68   -4.85   17.48  -654.0     3.6    -7.6  41.98  705214.  -89.0    1    1  0.4231  34.79   2.92   2.25   2.88   6.27   1.33  17.94
2015 173 22 30   -6.60    3.05   14.24  -645.0   -24.6     2.4  44.11  964645.  -88.0    1    1  0.4194  35.68   2.83   2.13   2.87   5.97   1.21  16.72
2015 173 22 35   -6.16   -4.12   11.62  -645.0    12.9   -13.4  42.97 1095713.  -91.0    1    1  0.4158  34.67   2.74   2.02   2.86   5.69   1.10  15.59
2015 173 22 40   -6.71   -4.87   15.97  -645.5    18.2   -24.4  35.85  878384.  -92.0    1    1  0.4121  29.01   2.65   1.91   2.85   5.42   1.00  14.53
2015 173 22 45   -6.81   17.20   10.79  -646.7   -41.5     1.9  37.22 1028157.  -94.0    1    1  0.4084  30.29   2.57   1.81   2.85   5.16   0.91  13.55
2015 173 22 50   -7.82   22.05    5.39  -643.9   -29.9   -19.5  34.55 1389190.  -95.0    1    1  0.4048  27.86   2.49   1.71   2.84   4.92   0.82  12.63
2015 173 22 55   -5.75   26.52    5.27  -649.3   -22.9   -19.1  32.00 1336573. -100.0    1    1  0.4011  26.21   2.41   1.62   2.83   4.69   0.75  11.77
2015 173 23  0   -7.13   27.49    5.91  -652.7     3.5   -16.4  28.35 1296824. -100.0    1    1  0.3975  23.43   2.34   1.54   2.82   4.47   0.68  10.97
2015 173 23  5   -2.59   12.06   12.47  -660.5    12.1   -24.4  30.93 1078842. -101.0    1    1  0.3938  26.20   2.26   1.46   2.82   4.26   0.62  10.23
2015 173 23 10    3.98    3.32   22.19  -659.8     2.8   -28.2  32.24  878217.  -90.0    1    1  0.3902  27.24   2.19   1.38   2.81   4.05   0.56   9.53
2015 173 23 15    1.33   16.71   12.50  -657.5     7.9   -33.1  31.27  979021.  -92.0    1    1  0.3866  26.26   2.12   1.31   2.80   3.86   0.51   8.89
2015 173 23 20   -3.31   21.01    8.42  -655.5     0.6   -33.3  30.07 1001438.  -96.0    1    1  0.3830  25.10   2.06   1.24   2.79   3.68   0.46   8.28
2015 173 23 25   -5.84   20.66   10.20  -652.2     3.7   -38.1  28.51  828404.  -98.0    1    1  0.3794  23.58   1.99   1.17   2.79   3.51   0.42   7.72
2015 173 23 30   -5.10   19.42   11.66  -645.5    -2.2   -40.9  29.96  906583.  -98.0    1    1  0.3758  24.29   1.93   1.11   2.78   3.34   0.38   7.20
2015 173 23 35   -1.67    7.24   11.88  -657.5     5.8   -37.5  31.89  867282.  -98.0    1    1  0.3723  26.80   1.87   1.05   2.77   3.18   0.35   6.71
2015 173 23 40   -4.60    3.81   15.42  -644.0    12.1   -47.3  34.04  801933.  -91.0    1    1  0.3687  27.51   1.81   1.00   2.76   3.03   0.32   6.26
2015 173 23 45   -2.63    6.77   13.44  -642.1     9.0   -43.9  31.45  760629.  -92.0    1    1  0.3652  25.26   1.75   0.95   2.76   2.89   0.29   5.83
2015 173 23 50   -2.24   10.21   18.88  -644.9   -10.8   -45.6  30.00  816184.  -92.0    1    1  0.3617  24.32   1.70   0.90   2.75   2.75   0.26   5.44
2015 173 23 55    0.47    6.74   21.66  -647.7   -14.1   -40.9  27.29  737337.  -91.0    1    1  0.3582  22.29   1.64   0.85   2.74   2.62   0.24   5.07
2015 174  0  0    1.98    0.98   20.61  -657.6     0.8   -48.2  26.50  679217.  -79.0    1    1  0.3548  22.33   1.59   0.80   2.74   2.50   0.21   4.72
2015 174  0  5   -1.83   -2.03   19.86  -642.9    16.2   -54.5  29.79  833345.  -78.0    1    1  0.3514  24.04   1.54   0.76   2.73   2.38   0.20   4.40
2015 174  0 10    0.45    2.10   23.58  -645.5    25.0   -26.1  26.09 1168862.  -82.0    1    1  0.3480  21.13   1.49   0.72   2.72   2.27   0.18   4.10
2015 174  0 15   -0.28    3.70   15.06  -641.7    29.4   -16.9  30.44 1319821.  -83.0    1    1  0.3446  24.41   1.45   0.68   2.71   2.16   0.16   3.83
2015 174  0 20   -1.66   12.95   13.11  -649.9    33.8    -5.7  30.20 1233843.  -80.0    1    1  0.3413  24.79   1.40   0.65   2.71   2.06   0.15   3.57
2015 174  0 25    3.29    3.14   20.81  -639.4    25.2   -32.9  28.91 1206774.  -81.0    1    1  0.3380  22.99   1.36   0.61   2.70   1.96   0.13   3.32
2015 174  0 30    7.06   -6.58   29.95  -650.4    39.2   -31.2  21.30  826332.  -88.0    1    1  0.3347  17.56   1.31   0.58   2.69   1.87   0.12   3.10
2015 174  0 35    5.06   -4.49   31.61  -647.1    30.1   -35.5  21.21  942169.  -90.0    1    1  0.3315  17.29   1.27   0.55   2.68   1.78   0.11   2.89
2015 174  0 40    5.41   -6.06   27.87  -643.3    29.4   -26.4  21.89 1041955.  -90.0    1    1  0.3283  17.63   1.23   0.52   2.68   1.70   0.10   2.69
