2015 173 12  0   -5.41   -3.90    6.68  -430.2    44.5   -10.2  17.28  282330.  6.47   108     0
2015 173 12  5   -5.27   -5.50    3.20  -430.7    52.3    -6.9  17.21  267127.  6.48   104    -1
2015 173 12 10   -5.89   -7.23    0.48  -437.0    48.9     2.1  15.64  232818.  6.04    92    -1
2015 173 12 15   -6.73   -5.82    5.58  -433.2    52.7    -7.7  16.85  270349.  6.43   122    -2
2015 173 12 20   -4.07   -5.32    7.08  -438.9    47.2   -15.1  17.91  281438.  6.99   141    -3
2015 173 12 25   -5.74   -2.56    4.95  -432.6    27.2    -3.4  17.77  290599.  6.70   152    -3
2015 173 12 30   -7.61    7.64    1.71  -430.6     0.7     5.9  17.82  301469.  6.63   173    -4
2015 173 12 35   -8.60    5.66    1.41  -427.3   -10.5    13.9  17.46  318030.  6.38   240    -6
2015 173 12 40   -8.44    6.37   -2.02  -416.4   -10.4    19.4  16.91  318124.  5.88   270    -5
2015 173 12 45   -8.61    5.47   -1.08  -424.3    -8.1    22.1  16.30  271053.  5.89   261    -4
2015 173 12 50   -7.30    8.13   -0.52  -421.4   -16.5    19.7  17.04  313924.  6.08   155    -3
2015 173 12 55   -7.11    7.20   -2.90  -419.0    -5.7    41.5  17.05  307854.  6.05   140    -2
2015 173 13  0   -8.94    3.36   -3.46  -412.4    -7.1    41.2  16.09  331560.  5.52   151    -3
2015 173 13  5   -6.39    6.62   -0.92  -420.0    -9.6    18.8  15.93  286213.  5.65   173    -4
2015 173 13 10   -6.06    6.80    0.85  -424.0   -11.0     9.6  16.12  305389.  5.81   220    -2
2015 173 13 15   -7.46    6.06   -2.51  -417.0    -4.2    29.7  16.25  317685.  5.69   241    -1
2015 173 13 20   -6.51    7.10    0.12  -421.4   -16.8     6.8  16.45  305409.  5.86   241    -3
2015 173 13 25   -6.95    6.53   -0.10  -418.4    -0.5    21.0  16.55  342196.  5.81   258    -4
2015 173 13 30   -7.71    5.33   -1.79  -415.8     1.9    30.8  15.94  342918.  5.55   292    -4
2015 173 13 35   -9.00    3.96    0.42  -410.7     7.9     3.3  14.12  244643.  4.77   275    -5
2015 173 13 40   -9.75    4.63   -0.69  -406.1    -6.2    18.9  14.21  232218.  4.70   277    -5
2015 173 13 45  -10.38    3.81   -0.64 99999.9 99999.9 99999.9 999.99 9999999. 99.99   222    -5
2015 173 13 50  -11.09   -0.59    1.18  -397.9    21.3    25.9  14.32  211887.  4.57   208    -9
2015 173 13 55  -11.26    0.63   -0.62  -397.9    21.3    25.9  14.32  211887.  4.57   264   -11
2015 173 14  0   -5.52   -5.79   -8.05  -429.6    42.2    52.2  14.73  199471.  5.57   325   -12
2015 173 14  5   -5.23   -6.36   -8.20  -422.8    41.6    54.9  15.46  258486.  5.67   412   -14
2015 173 14 10   -2.81   -4.99  -10.33  -428.1    42.1    56.2  13.68  200217.  5.15   470   -15
2015 173 14 15   -1.88   -1.81  -11.31  -431.6    37.5    55.6  15.27  228093.  5.83   468   -18
2015 173 14 20    2.72   -6.92   -9.61  -443.8    43.5    60.2  14.68  222659.  5.95   497   -21
2015 173 14 25    1.38   -6.83   -9.41  -435.5    49.4    62.9  13.78  235317.  5.40   678   -24
2015 173 14 30   -0.19   -7.71   -8.85  -427.3    50.0    52.4  14.96  230466.  5.62   759   -27
2015 173 14 35   -2.62    1.85   -1.39  -425.4    30.5    48.3  14.29  218561.  5.26   773   -30
2015 173 14 40   -4.47    3.92   -5.17  -422.7     4.8    38.5  15.88  270834.  5.72   970   -31
2015 173 14 45   -1.88    8.37    1.55 99999.9 99999.9 99999.9 999.99 9999999. 99.99   849   -30
2015 173 14 50   -4.39    7.44   -2.31  -430.2     6.2    34.9  14.87  249000.  5.54   810   -28
2015 173 14 55   -5.88    3.64   -6.63  -416.0    11.1    53.5  13.41  214994.  4.72   865   -26
2015 173 15  0   -4.96    1.71   -7.66  -418.5    22.3    61.9  13.66  219281.  4.91   873   -26
2015 173 15  5   -1.90   -0.81  -10.57  -428.0    33.5    66.0  13.11  177535.  4.95   828   -25
2015 173 15 10    0.83   -1.86  -11.24  -433.9    34.5    70.1  12.77  186503.  4.97   830   -25
2015 173 15 15   -1.15   -0.77  -10.86  -427.9    31.4    78.7  14.37  237691.  5.47   934   -28
2015 173 15 20   -0.39   -1.21  -11.30  -429.1    32.2    73.4  13.92  212150.  5.31  1017   -30
2015 173 15 25   -1.24   -2.51  -10.22  -429.9    34.0    74.0  14.27  233705.  5.46  1079   -33
2015 173 15 30   -5.29   -5.27   -7.42  -416.8    46.9    63.0  12.40  195799.  4.46  1122   -37
2015 173 15 35   -3.43   -5.31   -8.46  -417.3    49.5    67.2  12.98  193408.  4.70  1121   -42
2015 173 15 40   -2.56   -7.03   -8.08  -421.5    57.6    67.8  12.09  180770.  4.49  1041   -44
2015 173 15 45   -2.84   -6.61   -8.05  -421.4    56.1    69.3  12.29  170411.  4.56  1178   -45
2015 173 15 50   -2.47   -7.09   -7.30  -424.6    57.4    70.6  12.63  186656.  4.76  1088   -46
2015 173 15 55   -2.44   -6.73   -7.14  -427.5    53.4    69.9  12.53  175830.  4.77  1208   -46
2015 173 16  0   -3.30   -6.83   -4.14  -425.3    55.3    62.2  12.69  172262.  4.77  1235   -47
2015 173 16  5   -5.45   -7.63   -2.53  -417.9    58.1    51.0  13.72  205366.  4.96  1260   -49
2015 173 16 10   -3.03   -8.79   -2.34  -429.7    61.5    52.2  13.23  191133.  5.06  1237   -49
2015 173 16 15   -2.79   -9.46    0.47  -431.5    68.8    41.0  13.44  196282.  5.18  1244   -50
2015 173 16 20   -2.32   -7.81    4.29  -432.9    67.5    36.0  13.37  183062.  5.17  1299   -49
2015 173 16 25   -2.98   -5.51    7.37  -431.7    55.9    23.8  13.35  174661.  5.08  1313   -48
2015 173 16 30    0.19   -9.93    3.91 99999.9 99999.9 99999.9 999.99 9999999. 99.99  1160   -46
2015 173 16 35   -0.29   -8.27    6.38  -437.2    62.2    16.3  12.25  182220.  4.78  1278   -46
2015 173 16 40   -1.92   -7.83    5.26  -431.4    58.9    24.0  13.05  189358.  4.96  1336   -46
2015 173 16 45   -3.03   -8.40    4.56  -430.5    60.8    24.1  12.99  182576.  4.92  1224   -45
2015 173 16 50   -3.04   -7.45    6.54  -428.1    61.8    20.3  13.05  180162.  4.89  1189   -43
2015 173 16 55   -1.36   -6.14    7.72  -435.6    52.5    13.8  11.98  166139.  4.62  1068   -41
2015 173 17  0    0.00   -5.65    5.33  -456.6    58.0    12.3  12.30  173723.  5.22   930   -38
2015 173 17  5   -2.77   -5.05    7.87  -435.4    53.1    15.3  12.80  176497.  4.93   874   -34
2015 173 17 10   -2.90   -6.45    4.64  -428.5    62.5    19.1  13.00  181411.  4.89   674   -33
2015 173 17 15   -0.16   -8.92    3.89  -438.1    71.8    27.1  13.46  197066.  5.33   670   -31
2015 173 17 20   -0.63   -5.02   -1.29  -442.0    61.9    34.7  14.38  214986.  5.78   605   -28
2015 173 17 25   -3.40   -5.91   -6.74  -432.1    60.4    64.7  13.25  209511.  5.16   614   -26
2015 173 17 30   -1.91   -4.63   -8.77  -431.1    57.6    75.8  13.50  197884.  5.26   619   -27
2015 173 17 35   -0.24   -7.06   -6.76  -437.8    66.8    65.4  12.75  185012.  5.12   563   -27
2015 173 17 40    3.50   -5.38   -6.10  -447.2    73.7    63.2  12.87  200174.  5.40   662   -23
2015 173 17 45    1.05   -9.62   -2.25 99999.9 99999.9 99999.9 999.99 9999999. 99.99   820   -19
2015 173 17 50    3.83   -2.78   -8.08  -455.8    52.0    83.7  13.18  201701.  5.73   913   -18
2015 173 17 55   -3.14   -8.33   -3.64  -429.3    78.0    54.9  12.22  172760.  4.72  1033   -16
2015 173 18  0   -2.53   -8.87   -1.20  -432.3    77.3    41.0  13.26  192427.  5.17  1227   -17
2015 173 18  5   -2.59   -8.86    0.32  -431.7    77.0    39.4  12.22  166624.  4.74  1378   -18
2015 173 18 10   -0.20   -9.34    1.33  -443.8    76.0    39.8  12.36  167548.  5.05  1429   -15
2015 173 18 15   -3.89   -8.13    0.12  -424.7    60.7    38.8  12.01  202821.  4.46  1746   -15
2015 173 18 20   -3.90   -7.92    0.14  -431.5    73.6    39.7  11.32  173858.  4.37  1649   -20
2015 173 18 25   -4.43   -7.45    2.27  -427.9    71.7    31.4  11.59  169079.  4.38  1281   -23
2015 173 18 30   -4.07   -7.97    0.88  -427.7    75.5    38.0  11.12  160782.  4.23  1212   -17
2015 173 18 35   -1.59  -10.22   -0.85  -455.7    69.1    39.8  15.99  201239.  7.53  1961    77
2015 173 18 40    0.01  -12.53  -11.91  -514.1    53.1    62.3  30.89  503029. 19.74  1787    74
2015 173 18 45   -2.25  -10.21  -11.22  -530.5    42.6    55.1  28.65  552943. 17.43  1943    66
2015 173 18 50   -0.59  -14.39  -19.62  -666.2    -7.5    56.3  49.32 1070391. 45.22  2058    58
2015 173 18 55    5.32   -2.80  -24.77  -699.5   -46.0    39.9  53.00 1027415. 52.50  1960    50
2015 173 19  0   13.22  -17.22  -20.35  -693.1   -12.0    12.9  58.42  997133. 56.30  1745    35
2015 173 19  5    9.25  -12.86  -26.15  -679.0     9.4     8.9  55.13  911856. 50.94  1291    27
2015 173 19 10   -4.89    5.94  -33.07  -682.2    -6.9    47.4  48.50 1010632. 45.43  1585    19
2015 173 19 15   -4.02    3.50  -35.74  -685.1    -5.3    51.4  39.89  829654. 37.65  1722     3
2015 173 19 20   -0.09    8.65  -38.81  -685.1   -13.0    29.0  36.95  723609. 34.77  1465   -28
2015 173 19 25    5.42   -2.80  -36.51  -682.5   -27.2    20.3  43.60  760678. 40.74  1168   -40
2015 173 19 30    7.94   -5.32  -33.67  -676.5   -28.6    13.8  44.16  575920. 40.52  1188   -47
2015 173 19 35    7.82   -5.12  -34.41  -670.4   -26.0    17.6  42.95  507796. 38.71   981   -58
2015 173 19 40   15.49  -17.67  -23.93  -649.5   -38.4    -7.1  52.79  621945. 44.54   667   -59
2015 173 19 45  -10.14    7.29   -3.88  -644.0   -49.2   -14.9  67.98  533974. 56.77   726   -61
2015 173 19 50  -26.71   29.20   -2.52  -634.9   -46.2     0.9  63.97  372241. 51.89   692   -60
2015 173 19 55  -27.22   28.93    1.80  -636.1   -56.2   -13.2  56.77  342504. 46.42   808   -81
2015 173 20  0  -27.40   32.51    6.41  -635.4   -42.0     0.7  52.90  322994. 42.90  1100  -102
2015 173 20  5  -30.76   28.20    7.45  -635.6   -35.5    -9.8  45.40  321713. 36.81  2137  -121
2015 173 20 10  -26.72   29.50    3.56  -630.4   -34.0   -13.0  52.95  319726. 42.20  2221  -134
2015 173 20 15  -26.53   30.34   12.68  -631.6   -42.0   -20.4  49.48  281967. 39.70  2002  -135
2015 173 20 20  -26.50   24.78   17.34  -626.7   -33.8   -19.4  48.21  320167. 38.01  1854  -132
2015 173 20 25  -20.30   22.02   20.20  -625.3   -31.6   -28.6  54.24  350745. 42.62  1662  -118
2015 173 20 30  -20.51   18.61   23.77  -621.8   -37.3   -16.5  49.47  322255. 38.42  1421  -110
2015 173 20 35  -16.50   18.50   22.96  -622.8   -45.1   -20.0  47.10  277273. 36.74  1078   -99
2015 173 20 40  -23.93   31.30   17.17  -626.4   -28.3   -12.9  37.43  367218. 29.45  1036  -106
2015 173 20 45  -15.04   25.81    8.76  -618.1   -30.1    -7.2  32.29  776204. 24.68   896  -108
2015 173 20 50  -11.31   20.93    5.66  -628.5   -43.1    10.0  35.53  844507. 28.23   921  -108
2015 173 20 55  -14.39   20.76   -5.09  -622.4   -70.5    15.2  42.79 1371933. 33.53   850   -99
2015 173 21  0  -16.37   22.09  -10.90  -629.2   -86.5    11.8  37.50 2381435. 30.26   865   -99
2015 173 21  5  -18.30   21.15  -12.99  -611.6   -73.8    39.1  34.98 1403975. 26.85   847  -103
2015 173 21 10  -18.05   22.90   -4.42  -596.8   -75.6    46.4  37.76 1424064. 27.64   950   -98
2015 173 21 15   -6.29   23.55  -11.72  -641.8   -44.6    58.1  36.18 1347013. 30.20  1280   -96
2015 173 21 20  -11.06   23.11   -2.54  -653.2   -29.7    34.4  34.44 1269029. 29.60  1275   -92
2015 173 21 25  -14.78   18.19    5.79  -633.5   -12.4    10.6  34.52 1396466. 27.73  1381   -94
2015 173 21 30  -14.32   16.54   18.70  -664.1    45.2     9.9  33.67 1145254. 29.91  1442   -86
2015 173 21 35  -11.09   23.56    4.47  -666.2    11.9    26.6  37.22 1312806. 33.21  1178   -88
2015 173 21 40  -16.78   25.20    8.75  -640.5   -77.1   -12.8  36.50 1451638. 30.40   955   -97
2015 173 21 45  -15.11   14.02   20.55  -666.1    -9.6    42.3  38.55  996531. 34.40   893   -99
2015 173 21 50  -10.34    9.85   18.20  -673.7     7.0    48.2  41.33 1031863. 37.72   806   -92
2015 173 21 55   -8.40   20.99    8.75  -670.7    12.6    36.6  41.06  916022. 37.07   683   -85
2015 173 22  0   15.27   20.24   -4.64  -686.9    14.1    42.1  42.33 1084492. 40.11   629   -84
2015 173 22  5    1.88   12.82    5.43  -680.0    15.1    16.3  41.94  981442. 38.82   605   -86
2015 173 22 10    1.20    6.64   19.73  -668.1    24.2     3.8  42.88  828490. 38.34   671   -86
2015 173 22 15   -5.10   -7.37   20.98  -664.3    27.8     0.7  38.05  690096. 33.65   590   -84
2015 173 22 20   -4.03   -8.11   22.10  -660.3    11.2     1.1  37.09  593319. 32.36   455   -90
2015 173 22 25   -5.68   -1.73   18.06  -654.0     3.6    -7.6  41.98  705214. 35.92   386   -89
2015 173 22 30   -6.62    5.47   13.52  -645.0   -24.6     2.4  44.11  964645. 36.83   399   -88
2015 173 22 35   -6.16   -2.03   12.16  -645.0    12.9   -13.4  42.97 1095747. 35.79   398   -91
2015 173 22 40   -6.71   -2.01   16.58  -645.4    18.2   -24.4  35.84  878334. 29.95   414   -92
2015 173 22 45   -6.82   18.81    7.65  -646.7   -41.5     1.9  37.22 1028301. 31.27   385   -94
2015 173 22 50   -7.82   22.65    1.47  -643.9   -30.0   -19.5  34.56 1389439. 28.66   362   -95
2015 173 22 55   -5.76   27.02    0.58  -649.3   -22.9   -19.2  32.00 1336853. 27.03   380  -100
2015 173 23  0   -7.13   28.10    1.06  -652.7     3.5   -16.4  28.35 1296821. 24.18   414  -100
2015 173 23  5   -2.59   14.03   10.19  -660.5    12.1   -24.4  30.93 1078842. 27.10   483  -101
2015 173 23 10    3.98    7.08   21.28  -659.8     2.8   -28.2  32.24  878217. 28.13   475   -90
2015 173 23 15    1.33   18.61    9.45  -657.5     7.9   -33.1  31.27  979021. 27.11   454   -92
2015 173 23 20   -3.31   22.14    4.70  -655.5     0.6   -33.3  30.07 1001438. 25.91   365   -96
2015 173 23 25   -5.84   22.09    6.53  -652.2     3.7   -38.2  28.51  828365. 24.34   270   -98
2015 173 23 30   -5.10   21.11    8.21  -645.5    -2.2   -40.9  29.96  906583. 25.09   297   -98
2015 173 23 35   -1.67    9.14   10.49  -657.5     5.8   -37.5  31.89  867282. 27.66   318   -98
2015 173 23 40   -4.60    6.33   14.56  -644.0    12.1   -47.3  34.04  801952. 28.42   327   -91
2015 173 23 45   -2.64    8.85   12.13  -642.1     8.9   -43.9  31.45  760597. 26.07   265   -92
2015 173 23 50   -2.24   13.21   16.92  -645.0   -10.9   -45.5  30.00  815974. 25.11   247   -92
2015 173 23 55    0.46   10.20   20.29  -647.6   -14.1   -40.9  27.29  737638. 23.01   243   -91
2015 174  0  0    2.03    4.39   20.17  -657.5     0.8   -48.2  26.51  679505. 23.05   219   -79
2015 174  0  5   -1.81    1.19   19.94  -642.8    16.2   -54.6  29.84  833762. 24.84   199   -78
2015 174  0 10    0.44    5.81   22.95  -645.4    25.0   -26.3  26.09 1168224. 21.80   192   -82
2015 174  0 15   -0.28    6.04   14.32  -641.6    29.4   -16.9  30.43 1320616. 25.16   248   -83
2015 174  0 20   -1.67   14.81   10.90  -649.8    33.7    -5.7  30.21 1234375. 25.59   293   -80
2015 174  0 25    3.27    6.37   20.01  -639.3    25.2   -32.8  28.94 1207847. 23.72   232   -81
2015 174  0 30    7.07   -1.94   30.60  -650.5    39.2   -31.3  21.31  827385. 18.14   256   -88
2015 174  0 35    5.06    0.31   31.92  -647.0    30.1   -35.5  21.23  943470. 17.87   269   -90
2015 174  0 40    5.42   -1.82   28.51  -643.3    29.4   -26.5  21.87 1041559. 18.17   277   -90
2015 174  0 45    3.64   -2.18   19.45  -652.6    27.5   -40.3  26.78 1102644. 22.97   257   -84
2015 174  0 50   -7.39   12.14  -10.47  -666.7    43.1   -17.9  20.00 1002460. 17.82   225   -81
2015 174  0 55   -7.44    6.77  -22.77  -690.5    48.8    19.0  10.31  828181.  9.89   281   -92
