2022 294  4 30    2.88   -3.43    1.49  -400.6    -7.5    19.1   7.03    21233  2.26    25    10  0  0 -0.3993   2.19    3.06   -2.63    1.03  0.1289  -12.2
2022 294  4 35    2.64   -3.40    1.64  -398.1    -6.6    17.6   7.47    25530  2.37    24     9  0  0 -0.3954   2.30    3.01   -2.79    1.13  0.1316  -12.2
2022 294  4 40    3.27   -2.30   -0.02  -392.7    -4.2    12.5   8.00    25788  2.47    25    10  0  0 -0.3817   2.39    3.05   -2.81    1.00  0.1442  -12.1
2022 294  4 45    3.53   -2.03    0.37  -391.4    -4.5    10.7   8.12    23915  2.49    29    10  0  0 -0.3777   2.41    3.17   -2.72    0.90  0.1469  -11.9
2022 294  4 50    2.71   -2.51    1.16  -390.8    -3.9    10.5   8.09    28222  2.47    29    10  0  0 -0.3766   2.40    3.08   -2.75    0.94  0.1448  -11.9
2022 294  4 55    3.06   -2.66    0.85  -388.1    -7.1    10.7   7.34    26492  2.22    33    10  0  0 -0.3800   2.14    3.04   -2.77    0.94  0.1447  -11.7
2022 294  5  0    3.98   -2.82    0.41  -380.5    -7.9     9.2   7.18    19349  2.08    31     9  0  0 -0.3775   2.02    3.15   -2.74    0.84  0.1494  -11.7
2022 294  5  5    4.42   -2.56   -0.38  -376.3    -4.6     6.0   6.75    19956  1.91    35     8  0  0 -0.3663   1.85    3.37   -2.61    0.58  0.1638  -11.8
2022 294  5 10    4.59   -2.11   -0.90  -375.5    -0.4     5.2   6.77    19407  1.91    35     7  0  0 -0.3596   1.85    3.65   -2.43    0.21  0.1866  -11.9
2022 294  5 15    3.85    0.45   -3.26  -372.5     8.6    -3.5   7.56    18225  2.10    39     7  0  0 -0.3282   2.03    3.73   -2.03   -0.25  0.2425  -11.9
2022 294  5 20    3.87    0.51   -3.29  -368.8     7.5    -2.9   7.55    17433  2.05    45     7  0  0 -0.3300   1.99    3.78   -1.67   -0.77  0.3064  -11.9
2022 294  5 25    3.86    0.00   -3.19  -368.9     5.2    -3.7   7.49    16931  2.04    43     9  0  0 -0.3297   1.97    3.95   -1.31   -1.39  0.3733  -11.9
2022 294  5 30    3.84   -0.41   -3.32  -368.7     3.4    -5.0   7.60    17281  2.07    44     9  0  0 -0.3275   2.00    4.06   -0.99   -1.99  0.4381  -11.8
2022 294  5 35    3.73   -0.36   -3.33  -368.9     7.6    -7.5   7.98    17663  2.17    49     9  0  0 -0.3159   2.11    4.02   -0.64   -2.52  0.4974  -11.6
2022 294  5 40    3.73   -0.46   -3.44  -369.3     6.1    -7.0   7.76    19341  2.12    59     9  0  0 -0.3178   2.05    3.92   -0.34   -2.96  0.5493  -11.6
2022 294  5 45    3.35   -0.37   -3.88  -372.7     9.3    -9.8   7.49    16828  2.08    71     9  0  0 -0.3066   2.02    3.75   -0.09   -3.39  0.6029  -12.1
2022 294  5 50    3.47   -0.53   -3.58  -371.5    10.8   -11.1   7.70    16782  2.13    70     7  0  0 -0.3005   2.06    3.69   -0.23   -3.43  0.6082  -12.6
2022 294  5 55    3.37   -1.03   -3.60  -372.0     9.2   -11.7   7.78    17031  2.16    72     6  0  0 -0.2996   2.09    3.62   -0.45   -3.48  0.6145  -13.0
2022 294  6  0    3.76   -1.55   -3.33  -371.4     6.0   -10.1   7.23    16616  2.00    80     5  0  0 -0.3058   1.93    3.61   -0.67   -3.50  0.6179  -13.5
2022 294  6  5    3.97   -1.82   -3.03  -370.6     5.5    -9.1   7.18    17379  1.98    80     5  0  0 -0.3074   1.91    3.63   -0.87   -3.46  0.6138  -14.1
2022 294  6 10    3.85   -2.28   -2.70  -371.0     2.4    -6.7   7.18    17747  1.98    67     4  0  0 -0.3154   1.91    3.64   -1.15   -3.37  0.6041  -14.4
2022 294  6 15    4.44   -2.52   -2.03  -369.7    -1.2    -3.5   6.64    16717  1.81    48     3  0  0 -0.3258   1.76    3.74   -1.44   -3.16  0.5805  -14.8
2022 294  6 20    4.33   -2.09   -2.40  -369.2     0.7    -4.4   6.74    17260  1.84    69     3  0  0 -0.3198   1.78    3.88   -1.69   -2.95  0.5542  -15.0
2022 294  6 25    3.31   -2.06   -2.91  -372.5    -2.0    -5.8   7.39    19499  2.05   149     3  0  0 -0.3180   1.99    3.86   -1.91   -2.86  0.5430  -15.2
2022 294  6 30    3.31   -2.22   -2.89  -372.3     0.5    -5.1   7.75    18910  2.15   160     4  0  0 -0.3152   2.08    3.85   -2.08   -2.76  0.5312  -15.3
2022 294  6 35    4.22   -2.93   -1.21  -368.6    -2.8     0.3   7.78    18914  2.11   173     4  0  0 -0.3304   2.05    3.92   -2.27   -2.45  0.4954  -15.7
2022 294  6 40    4.24   -3.15   -0.74  -367.5    -4.6     2.1   7.75    18419  2.09   180     4  0  0 -0.3351   2.03    3.96   -2.46   -2.13  0.4580  -16.0
2022 294  6 45    3.90   -2.38   -1.89  -368.0    -0.9    -3.0   8.35    20777  2.26   180     3  0  0 -0.3164   2.19    3.96   -2.48   -2.01  0.4429  -16.3
2022 294  6 50    3.72   -1.17   -3.05  -369.5     3.2    -4.5   8.62    20003  2.35   185     3  0  0 -0.3059   2.28    3.86   -2.29   -2.16  0.4598  -16.6
2022 294  6 55    3.41   -1.33   -3.23  -369.6     5.0    -6.2   8.67    20834  2.37   194     3  0  0 -0.2976   2.30    3.73   -2.18   -2.27  0.4742  -16.7
2022 294  7  0    3.18   -1.01   -3.49  -373.0    11.2    -6.5   8.60    20240  2.39   181     3  0  0 -0.2874   2.32    3.71   -2.03   -2.36  0.4843  -16.9
2022 294  7  5    3.98   -1.75   -2.64  -368.3     6.8    -6.7   8.43    19025  2.29   194     4  0  0 -0.2898   2.22    3.81   -1.96   -2.32  0.4785  -17.0
2022 294  7 10    3.62   -2.15   -2.47  -366.4     3.6    -6.8   8.89    20004  2.39   206     4  0  0 -0.2912   2.31    3.72   -1.85   -2.50  0.4983  -17.1
2022 294  7 15    3.21   -2.80   -2.38  -369.3    -3.1    -6.9   9.44    19212  2.57   246     4  0  0 -0.2970   2.49    3.57   -1.80   -2.74  0.5251  -17.2
2022 294  7 20    2.78   -2.75   -2.74  -369.2     1.0   -12.0   9.66    19518  2.64   263     4  0  0 -0.2774   2.55    3.41   -1.85   -2.86  0.5411  -17.5
2022 294  7 25    2.16   -3.49   -2.47  -373.8    -4.3   -13.9   9.39    17278  2.63   282     3  0  0 -0.2774   2.55    3.19   -2.18   -2.77  0.5351  -18.2
2022 294  7 30    1.87   -4.02   -1.56  -376.3    -7.6   -12.8   9.16    17500  2.60   305     2  0  0 -0.2818   2.52    2.97   -2.57   -2.54  0.5135  -18.8
2022 294  7 35    2.09   -3.55   -2.31  -373.5   -11.5    -8.5  10.38    21936  2.90   281     2  0  0 -0.2942   2.81    2.82   -2.93   -2.37  0.4959  -19.3
2022 294  7 40    1.58   -2.48   -3.36  -375.3    -1.5   -16.3   9.39    16171  2.65   281     1  0  0 -0.2611   2.57    2.47   -3.03   -2.47  0.5109  -19.6
2022 294  7 45    0.83   -1.63   -3.77  -379.2     3.7   -18.0   9.58    14770  2.76   255     1  0  0 -0.2486   2.67    2.07   -2.96   -2.66  0.5369  -19.8
2022 294  7 50    2.43   -2.67   -2.49  -371.7    -2.0   -14.4   9.66    18025  2.68   249     2  0  0 -0.2607   2.59    1.96   -2.94   -2.67  0.5392  -20.0
2022 294  7 55    3.23   -3.13   -1.62  -366.7    -5.1    -9.8   9.48    20633  2.55   262     1  0  0 -0.2726   2.47    2.03   -3.00   -2.51  0.5205  -20.0
2022 294  8  0    3.62   -2.86   -1.85  -363.7    -1.9    -9.9   9.61    21036  2.54   238     0  0  0 -0.2654   2.46    2.24   -2.91   -2.42  0.5060  -20.1
2022 294  8  5    3.13   -3.00   -2.30  -365.9    -2.4   -10.6   9.42    21676  2.52   224     0  0  0 -0.2617   2.45    2.42   -2.76   -2.53  0.5124  -20.3
2022 294  8 10    2.19   -3.50   -2.60  -371.7    -1.3   -11.8   9.22    20750  2.55   184     0  0  0 -0.2550   2.47    2.43   -2.75   -2.57  0.5167  -21.2
2022 294  8 15    1.86   -2.23   -2.72  -369.1     0.9   -12.6   9.76    18739  2.67   201    -1  0  0 -0.2472   2.58    2.47   -2.72   -2.48  0.5037  -22.2
2022 294  8 20    1.89   -2.03   -2.93  -372.5     4.6   -11.3  11.48    30874  3.19   192    -2  0  0 -0.2429   3.09    2.62   -2.77   -2.36  0.4874  -23.0
2022 294  8 25    1.44   -1.96   -2.85  -380.5     6.8   -15.9  12.43    18872  3.61   185    -2  0  0 -0.2272   3.49    2.48   -2.67   -2.41  0.4954  -23.8
2022 294  8 30    0.65   -1.95   -3.31  -381.6     5.2   -16.9  11.58    19418  3.38   168    -2  0  0 -0.2241   3.27    2.11   -2.50   -2.65  0.5269  -24.6
2022 294  8 35    1.91   -1.48   -3.24  -374.3     1.0    -9.8  11.53    20874  3.24   162    -3  0  0 -0.2422   3.13    1.87   -2.31   -2.85  0.5522  -25.4
2022 294  8 40    2.61   -1.21   -2.95  -369.4     9.0   -11.0  11.79    24776  3.22   169    -3  0  0 -0.2253   3.12    1.79   -2.05   -2.94  0.5626  -25.8
2022 294  8 45    2.41   -1.78   -2.89  -368.9     5.4   -13.2  12.05    24656  3.28   171    -4  0  0 -0.2218   3.18    1.82   -1.81   -2.98  0.5644  -26.1
2022 294  8 50    2.93   -1.14   -2.50  -369.5    10.7   -11.6  11.37    20459  3.11   167    -5  0  0 -0.2154   3.01    1.98   -1.65   -2.95  0.5599  -26.8
2022 294  8 55    2.23   -1.45   -3.15  -367.8     4.9   -16.7  11.93    20819  3.23   181    -6  0  0 -0.2077   3.13    2.03   -1.57   -2.98  0.5622  -27.4
2022 294  9  0    1.90   -1.08   -3.02  -371.5     7.0   -15.6  12.34    22222  3.41   124    -7  0  0 -0.2047   3.31    2.09   -1.44   -3.01  0.5623  -28.2
2022 294  9  5    2.65   -1.11   -2.13  -367.0     4.2   -10.2  12.22    25212  3.30   135    -7  0  0 -0.2175   3.19    2.38   -1.32   -2.84  0.5362  -28.7
2022 294  9 10    0.95   -0.44   -3.21  -370.6     7.4   -12.3  12.86    26058  3.54   134    -8  0  0 -0.2053   3.43    2.24   -1.17   -2.84  0.5346  -29.1
2022 294  9 15    0.70   -2.01   -4.06  -375.0     5.9   -18.0  11.85    23215  3.34    96    -7  0  0 -0.1912   3.24    1.97   -1.29   -2.99  0.5553  -29.3
2022 294  9 20   -0.27   -2.08   -3.32  -375.8     1.4   -16.9  12.03    22415  3.41    82    -7  0  0 -0.1965   3.30    1.58   -1.33   -3.06  0.5649  -29.9
2022 294  9 25   -0.24   -1.42   -2.91  -379.6     1.4   -15.2  12.57    22806  3.63   108    -6  0  0 -0.1975   3.51    1.13   -1.37   -3.11  0.5750  -29.9
2022 294  9 30   -0.68   -1.41   -2.95  -377.2     2.4   -18.6  15.84    31423  4.52    94    -7  0  0 -0.1848   4.38    0.72   -1.36   -3.09  0.5742  -29.7
2022 294  9 35    0.25   -1.64   -3.23  -378.9     2.9   -19.9  12.43    20998  3.58    85    -6  0  0 -0.1780   3.47    0.48   -1.44   -3.12  0.5802  -29.4
2022 294  9 40    0.39   -2.07   -3.09  -379.7    -0.4   -18.2  12.16    25153  3.52    73    -6  0  0 -0.1829   3.40    0.16   -1.58   -3.25  0.6018  -29.0
2022 294  9 45    2.69   -1.65   -2.74  -367.0     2.0   -21.0  11.64    20639  3.15    63    -6  0  0 -0.1682   3.05    0.41   -1.75   -3.19  0.5927  -28.3
2022 294  9 50    2.07   -2.12   -2.82  -367.7    -1.4   -20.4  11.56    21655  3.14    53    -5  0  0 -0.1709   3.04    0.60   -1.77   -3.01  0.5696  -26.7
2022 294  9 55    3.17   -2.37   -2.35  -362.3    -3.9   -17.8  10.79    18870  2.84    45    -4  0  0 -0.1764   2.75    1.09   -1.81   -2.87  0.5494  -25.7
2022 294 10  0    4.31   -1.62   -1.04  -355.4    -3.7    -5.1  10.72    18456  2.71    52    -3  0  0 -0.2029   2.62    1.74   -1.84   -2.60  0.5082  -24.5
2022 294 10  5    4.31    0.37   -0.15  -357.3     1.4     3.4  10.00    23814  2.56    45    -3  0  0 -0.2128   2.47    2.46   -1.59   -2.20  0.4395  -23.3
2022 294 10 10    4.17    0.82    0.08  -356.5     3.3     7.9   9.75    20004  2.48    49    -2  0  0 -0.2175   2.40    3.02   -1.23   -1.73  0.3642  -22.3
2022 294 10 15    5.09   -0.98   -1.21  -351.9    -0.8     3.4   8.78    16265  2.18    74    -2  0  0 -0.2091   2.11    3.69   -1.08   -1.46  0.3208  -21.8
2022 294 10 20    5.29   -0.62   -1.59  -350.0     0.4     0.9   8.78    16506  2.15    86    -2  0  0 -0.1977   2.08    4.06   -0.93   -1.30  0.2948  -21.6
2022 294 10 25    5.31   -0.13   -1.64  -350.8     5.5     4.0   9.33    18602  2.29    80    -3  0  0 -0.1945   2.22    4.52   -0.65   -1.13  0.2681  -21.5
2022 294 10 30    5.41   -0.59   -1.48  -350.6     1.7     2.1   9.08    19124  2.23    81    -4  0  0 -0.1918   2.16    4.84   -0.39   -1.00  0.2473  -21.6
2022 294 10 35    5.47   -1.03   -1.12  -350.2    -1.0     2.9   8.65    18283  2.12    74    -5  0  0 -0.1942   2.05    5.01   -0.31   -1.02  0.2467  -22.0
2022 294 10 40    5.49   -2.42   -0.72  -350.8    -8.9     1.9   7.96    17073  1.96    76    -5  0  0 -0.1996   1.90    5.18   -0.71   -1.10  0.2711  -22.4
2022 294 10 45    5.83   -1.46   -0.99  -351.4    -7.1     3.6   8.07    17030  1.99    76    -6  0  0 -0.1977   1.93    5.41   -1.03   -1.25  0.2973  -22.6
2022 294 10 50    5.65   -2.02   -0.70  -351.5    -9.5     2.7   8.11    16856  2.01    77    -6  0  0 -0.1954   1.94    5.49   -1.18   -1.18  0.2906  -22.7
2022 294 10 55    5.69   -1.99   -0.64  -351.1   -14.0    -1.0   8.00    15412  1.97    90    -6  0  0 -0.1892   1.91    5.55   -1.38   -1.04  0.2751  -22.9
2022 294 11  0    5.62   -1.45   -0.62  -352.3   -13.0     0.8   8.21    18206  2.04    87    -6  0  0 -0.1887   1.98    5.59   -1.57   -0.90  0.2554  -23.1
2022 294 11  5    5.53   -0.34   -0.42  -352.6    -5.9     6.9   9.16    21124  2.28    92    -6  0  0 -0.1901   2.21    5.61   -1.53   -0.74  0.2295  -22.9
2022 294 11 10    5.59   -0.48   -1.19  -354.0    -5.7     3.6   8.91    21313  2.23    78    -5  0  0 -0.1782   2.16    5.63   -1.45   -0.75  0.2310  -22.4
2022 294 11 15    5.74    0.24   -1.20  -351.5     1.0     5.7   8.34    20579  2.06    86    -4  0  0 -0.1705   2.00    5.66   -1.07   -0.82  0.2348  -21.8
2022 294 11 20    5.66    0.44   -0.99  -353.2     1.6     4.6   8.74    22577  2.19    94    -1  0  0 -0.1634   2.11    5.64   -0.80   -0.82  0.2332  -21.4
2022 294 11 25    5.44    0.53   -1.09  -355.5    -0.4     7.0  10.71    27841  2.71    95     2  0  0 -0.1687   2.62    5.61   -0.44   -0.88  0.2374  -21.1
2022 294 11 30    1.96    3.35    2.48  -369.5     0.2    14.6  11.83    24607  3.24    79     3  0  0 -0.1816   3.13    5.08    0.33   -0.43  0.2163  -20.9
2022 294 11 35    1.69    3.47    2.73  -370.4    -1.1    12.1  11.62    22146  3.19   103     1  0  0 -0.1741   3.09    4.52    1.03    0.05  0.1979  -21.0
2022 294 11 40    0.36    3.75    3.13  -373.8    -2.9    13.0  11.39    23013  3.19   105     1  0  0 -0.1750   3.09    3.78    1.61    0.55  0.1889  -21.8
2022 294 11 45    0.75    3.90    2.78  -374.5    -1.7    11.4  10.94    21423  3.07   101     0  0  0 -0.1663   2.97    3.09    2.24    1.12  0.1623  -22.8
2022 294 11 50    1.00    3.80    3.17  -375.6    -3.5    10.3  10.98    21902  3.10   117    -2  0  0 -0.1628   3.00    2.41    2.75    1.74  0.1335  -23.6
2022 294 11 55    0.49    3.54    3.18  -375.1    -3.1    10.8  11.63    24353  3.28   111    -3  0  0 -0.1602   3.17    1.67    3.19    2.34  0.1078  -24.2
2022 294 12  0    0.37    3.64    3.25  -375.5    -3.9    11.9  11.65    23046  3.29   101    -3  0  0 -0.1605   3.19    0.95    3.64    2.96  0.0797  -24.7
2022 294 12  5   -0.49    4.01    3.58  -374.7    -5.8     8.5  10.80    23168  3.04    92    -4  0  0 -0.1520   2.94    0.60    3.73    3.12  0.0789  -24.9
2022 294 12 10   -0.42    3.90    3.61  -374.5    -6.2     8.3  10.88    23846  3.06    76    -3  0  0 -0.1489   2.96    0.29    3.79    3.24  0.0779  -24.6
2022 294 12 15   -2.10    3.97    3.34  -370.2    -7.0     9.3  10.81    23055  2.96    91    -2  0  0 -0.1495   2.87   -0.06    3.82    3.27  0.0781  -23.9
2022 294 12 20   -1.81    4.08    3.85  -375.4    -6.5     6.0  10.50    23354  2.96    89    -1  0  0 -0.1376   2.87   -0.42    3.85    3.43  0.0747  -23.2
2022 294 12 25   -1.66    3.91    3.69  -373.1    -6.6     6.3  10.61    24461  2.96    80     1  0  0 -0.1355   2.86   -0.80    3.86    3.50  0.0733  -22.5
2022 294 12 30   -1.28    4.00    3.57  -374.7    -6.3     8.1  10.80    22181  3.04    66     1  0  0 -0.1361   2.94   -1.06    3.93    3.56  0.0742  -21.8
2022 294 12 35   -1.59    4.21    3.55  -372.3    -8.6     6.8  10.29    22039  2.85    63     1  0  0 -0.1332   2.77   -1.34    4.01    3.60  0.0758  -21.4
2022 294 12 40   -1.55    3.99    3.60  -372.6    -7.3     7.4  11.07    23229  3.08    58     2  0  0 -0.1300   2.98   -1.49    4.01    3.60  0.0756  -20.9
2022 294 12 45   -1.62    4.02    3.50  -372.5    -7.6     7.9  11.20    20798  3.11    71     2  0  0 -0.1286   3.01   -1.66    4.03    3.59  0.0765  -21.0
2022 294 12 50   -1.83    4.44    3.49  -371.2    -8.5     6.5  10.44    21258  2.88    66     2  0  0 -0.1236   2.79   -1.62    4.09    3.61  0.0784  -20.8
2022 294 12 55   -1.62    3.45    4.11  -373.8    -6.2     8.3  11.66    20448  3.26    42     2  0  0 -0.1219   3.16   -1.59    4.00    3.64  0.0748  -20.6
2022 294 13  0   -1.75    3.81    4.10  -372.8    -7.1     6.9  11.35    18560  3.15    43     3  0  0 -0.1170   3.06   -1.61    3.99    3.70  0.0731  -20.5
2022 294 13  5   -1.86    4.08    3.94  -370.7    -8.3     6.7  10.95    19145  3.01    42     3  0  0 -0.1154   2.92   -1.69    4.00    3.76  0.0721  -20.3
2022 294 13 10   -1.75    3.94    4.14  -370.2    -6.8     5.7  11.17    21166  3.07    45     3  0  0 -0.1084   2.97   -1.71    3.96    3.84  0.0688  -20.3
2022 294 13 15   -1.92    3.87    4.09  -372.2    -5.8     4.7  11.25    21203  3.12    45     3  0  0 -0.1020   3.02   -1.76    3.94    3.91  0.0667  -19.8
2022 294 13 20   -1.61    3.84    4.09  -374.0    -5.0     6.5  11.60    20431  3.25    41     4  0  0 -0.1025   3.14   -1.76    3.92    3.99  0.0640  -19.5
2022 294 13 25   -2.14    4.43    4.33  -374.2    -8.3     6.0  10.21    18578  2.86    42     4  0  0 -0.1029   2.77   -1.81    3.92    4.11  0.0611  -19.5
2022 294 13 30   -2.29    4.62    4.45  -372.7    -7.4     5.2   9.32    17955  2.59    39     2  0  0 -0.0974   2.51   -1.90    4.08    4.16  0.0652  -19.4
2022 294 13 35   -1.85    4.99    4.19  -373.8    -7.8     6.4   9.51    20702  2.66    41     2  0  0 -0.0982   2.58   -1.92    4.25    4.18  0.0704  -19.2
2022 294 13 40   -2.05    4.86    4.23  -373.2    -8.4     5.6   9.80    19169  2.73    33     2  0  0 -0.0946   2.65   -1.94    4.36    4.22  0.0732  -19.0
2022 294 13 45   -2.20    4.78    4.33  -370.6    -6.4     5.2  10.03    20283  2.76    31     3  0  0 -0.0890   2.67   -2.01    4.48    4.24  0.0765  -18.9
2022 294 13 50   -2.32    4.71    4.36  -369.5    -6.2     5.6  10.02    20729  2.74    31     3  0  0 -0.0875   2.65   -2.07    4.60    4.28  0.0793  -18.8
2022 294 13 55   -2.36    4.72    4.35  -369.6    -6.2     6.2  10.14    22586  2.78    33     4  0  0 -0.0867   2.68   -2.17    4.73    4.32  0.0824  -18.5
2022 294 14  0   -2.45    4.82    4.30  -369.6    -6.3     6.9  10.27    24443  2.81    31     4  0  0 -0.0863   2.72   -2.22    4.79    4.32  0.0841  -18.2
2022 294 14  5   -2.48    4.80    4.26  -369.0    -6.9     5.7   9.75    18975  2.66    29     4  0  0 -0.0820   2.57   -2.24    4.81    4.29  0.0853  -17.8
2022 294 14 10   -2.56    4.97    4.32  -367.5    -5.8     4.9   9.81    19094  2.65    29     4  0  0 -0.0767   2.57   -2.35    4.81    4.31  0.0845  -17.5
2022 294 14 15   -2.48    5.20    4.36  -364.9    -5.1     3.1   9.59    17055  2.56    29     5  0  0 -0.0696   2.47   -2.41    4.86    4.33  0.0853  -17.3
2022 294 14 20   -2.38    5.13    4.38  -366.5    -5.8     2.7   9.98    19156  2.68    27     5  0  0 -0.0674   2.60   -2.43    4.91    4.33  0.0865  -17.0
2022 294 14 25   -2.20    5.29    4.28  -364.9    -4.5     3.2   9.99    17080  2.66    27     5  0  0 -0.0652   2.58   -2.42    4.99    4.32  0.0893  -16.9
2022 294 14 30   -2.17    5.28    4.11  -364.9    -5.4     2.8  10.32    18385  2.75    25     6  0  0 -0.0635   2.66   -2.39    5.07    4.29  0.0926  -16.7
2022 294 14 35   -2.11    5.14    4.23  -363.9    -4.6     3.4  10.96    17053  2.91    25     6  0  0 -0.0623   2.81   -2.34    5.12    4.28  0.0941  -16.4
2022 294 14 40   -2.41    5.02    4.03  -364.1    -5.7     4.5  11.24    16451  2.98    24     7  0  0 -0.0646   2.89   -2.33    5.15    4.24  0.0957  -15.9
2022 294 14 45   -2.80    5.22    4.30  -360.8    -3.7     0.6   9.89    15676  2.58    23     7  0  0 -0.0510   2.49   -2.36    5.18    4.24  0.0966  -15.6
2022 294 14 50   -2.67    5.43    4.44  -359.1    -4.3    -2.4   8.93    16710  2.31    25     7  0  0 -0.0426   2.23   -2.39    5.22    4.25  0.0971  -15.0
2022 294 14 55   -3.23    4.83    4.61  -357.7     2.4     2.6   9.25    19123  2.37    24     6  0  0 -0.0459   2.29   -2.51    5.17    4.29  0.0947  -14.4
2022 294 15  0   -2.88    5.61    4.60  -359.6     1.1     6.2   7.64    19145  1.97    31     6  0  0 -0.0551   1.91   -2.61    5.22    4.33  0.0948  -13.6
2022 294 15  5   -0.67    7.04    3.81  -372.7    -7.8     6.4   7.72    23707  2.15    30     7  0  0 -0.0636   2.08   -2.40    5.47    4.29  0.1058  -12.9
2022 294 15 10    0.07    6.94    3.81  -378.2    -6.3     6.5   7.82    21836  2.24    38     9  0  0 -0.0606   2.17   -2.08    5.73    4.23  0.1179  -12.6
2022 294 15 15    0.37    6.88    3.75  -377.9    -7.2     9.0   8.15    21252  2.33    36    11  0  0 -0.0664   2.26   -1.69    5.99    4.19  0.1298  -12.0
2022 294 15 20    0.85    6.87    3.50  -376.8    -2.0     8.7   9.08    23608  2.58    30    11  0  0 -0.0590   2.50   -1.17    6.23    4.07  0.1432  -11.8
2022 294 15 25    1.56    6.66    3.48  -377.6    -0.8    10.3   9.33    22943  2.66    28    12  0  0 -0.0605   2.58   -0.56    6.40    3.94  0.1553  -11.8
2022 294 15 30    2.25    6.54    3.29  -380.3    -0.1     9.3   9.21    25264  2.66    28    11  0  0 -0.0562   2.58    0.22    6.65    3.75  0.1712  -12.2
2022 294 15 35    3.48    5.78    2.75  -378.8     3.9    15.9  11.11    20498  3.19    35    12  0  0 -0.0672   3.09    1.13    6.67    3.48  0.1824  -12.8
2022 294 15 40    3.96    5.54    2.64  -373.7     4.6    16.4  12.10    19015  3.39    30    12  0  0 -0.0675   3.28    1.79    6.46    3.32  0.1810  -12.9
2022 294 15 45    3.37    5.58    3.08  -374.2     5.0    17.3  12.39    19886  3.47    30    12  0  0 -0.0685   3.37    2.26    6.26    3.21  0.1772  -13.1
2022 294 15 50    3.50    5.83    3.25  -377.6     3.1    16.7  11.03    20494  3.15    33    13  0  0 -0.0681   3.05    2.71    6.11    3.14  0.1742  -13.1
2022 294 15 55    4.25    5.31    3.15  -376.1     2.8    14.7  10.94    20878  3.10    29    12  0  0 -0.0631   3.00    3.20    5.89    3.09  0.1673  -12.9
2022 294 16  0    2.57    6.09    3.41  -375.9     3.6    14.4  10.21    20785  2.89    30    12  0  0 -0.0611   2.80    3.34    5.81    3.08  0.1644  -12.4
2022 294 16  5    1.09    6.51    3.60  -380.2    -1.4    11.7   9.80    22920  2.84    31    12  0  0 -0.0588   2.75    3.17    5.81    3.13  0.1624  -11.6
2022 294 16 10    1.38    6.79    3.35  -376.0    -4.9     9.8   8.85    21040  2.51    42    12  0  0 -0.0575   2.43    2.87    5.95    3.21  0.1642  -11.3
2022 294 16 15    1.67    6.81    3.31  -376.9    -6.4     6.1   8.01    20610  2.28    55    12  0  0 -0.0495   2.21    2.55    6.13    3.31  0.1676  -10.7
2022 294 16 20    1.33    6.73    3.72  -373.2    -5.9     4.1   8.04    24057  2.24    46    11  0  0 -0.0439   2.17    2.26    6.30    3.40  0.1703  -10.4
2022 294 16 25    0.90    6.54    3.59  -372.5    -5.9     3.5   7.91    24510  2.20    37    12  0  0 -0.0422   2.13    1.88    6.40    3.45  0.1719   -9.9
2022 294 16 30    0.25    6.20    3.07  -368.4    -6.5     8.6   8.71    23782  2.36    33    12  0  0 -0.0558   2.29    1.31    6.52    3.44  0.1767   -9.8
2022 294 16 35   -0.84    6.46    2.53  -367.3    -7.8     5.8   7.84    24028  2.12    32    12  0  0 -0.0499   2.05    0.83    6.58    3.31  0.1833   -9.8
2022 294 16 40   -0.58    6.40    2.57  -365.1    -5.0     7.3   8.89    26227  2.37    31    12  0  0 -0.0512   2.30    0.59    6.56    3.16  0.1875   -9.8
2022 294 16 45   -0.36    6.36    2.53  -366.2    -4.0     7.3   8.76    24638  2.35    33    12  0  0 -0.0503   2.28    0.34    6.50    3.05  0.1892   -9.9
2022 294 16 50   -1.40    6.11    1.98  -365.6    -5.1     8.8   9.55    25173  2.56    61    13  0  0 -0.0554   2.47   -0.10    6.40    2.86  0.1929  -10.1
2022 294 16 55   -1.75    6.17    1.93  -365.0    -4.0     7.2   9.07    25006  2.42    83    12  0  0 -0.0506   2.34   -0.54    6.32    2.60  0.2004  -10.6
2022 294 17  0   -1.62    6.18    1.63  -362.4    -5.4     7.9   9.84    26438  2.59    90    12  0  0 -0.0542   2.50   -0.90    6.27    2.32  0.2103  -11.2
2022 294 17  5   -1.61    5.54    1.83  -363.3    -3.4     7.6  10.86    21484  2.87    75    12  0  0 -0.0519   2.78   -1.17    6.17    2.14  0.2143  -11.5
2022 294 17 10   -1.49    5.30    1.69  -364.9    -3.8     4.3  13.28    21079  3.54    60    13  0  0 -0.0442   3.43   -1.26    6.01    2.02  0.2133  -12.2
2022 294 17 15   -0.42    4.98    2.25  -364.1    -4.0     7.1  13.50    19037  3.58    49    15  0  0 -0.0522   3.47   -1.24    5.81    1.98  0.2071  -12.0
2022 294 17 20   -0.58    5.15    1.62  -363.8    -3.2     7.3  14.44    19791  3.82    44    14  0  0 -0.0527   3.70   -1.27    5.63    1.85  0.2063  -11.7
2022 294 17 25   -2.41    4.65    4.08  -364.6    -0.6     4.6  11.12    22587  2.96    35    16  0  0 -0.0440   2.86   -1.41    5.42    2.15  0.1867  -11.7
2022 294 17 30   -1.29    5.44    3.93  -365.0     0.5     4.7   9.34    22996  2.49    36    14  0  0 -0.0441   2.41   -1.35    5.32    2.43  0.1710  -11.5
2022 294 17 35   -0.60    5.42    4.34  -367.5     0.2     3.4   9.90    20786  2.68    48    11  0  0 -0.0418   2.59   -1.20    5.21    2.82  0.1515  -11.2
2022 294 17 40   -0.13    6.32    3.65  -369.6    -3.5     3.0  10.11    20804  2.76    40    11  0  0 -0.0449   2.68   -0.99    5.32    3.08  0.1451  -11.0
2022 294 17 45    1.07    7.31    2.31  -369.0    -4.4     6.0  10.05    20699  2.74    31    13  0  0 -0.0544   2.65   -0.62    5.61    3.17  0.1527  -11.6
2022 294 17 50    1.18    6.65    2.79  -369.9    -1.6     7.4  11.65    19120  3.19    33    13  0  0 -0.0567   3.09   -0.39    5.85    3.25  0.1594  -12.0
2022 294 17 55    1.44    6.87    2.52  -369.9    -2.3     6.0  12.07    21597  3.31    48    13  0  0 -0.0548   3.20   -0.11    6.09    3.37  0.1636  -11.9
2022 294 18  0    2.44    7.08    0.56  -371.0    -3.5     8.5  11.32    19062  3.12    87    14  0  0 -0.0634   3.02    0.59    6.44    2.87  0.2020  -11.9
2022 294 18  5    3.46    6.39   -0.49  -370.6    -3.7     8.7  10.75    19187  2.95    91    13  0  0 -0.0654   2.86    1.27    6.58    2.24  0.2433  -12.2
2022 294 18 10    3.73    5.84   -0.76  -365.3     1.5     6.8  11.85    14064  3.16    84    13  0  0 -0.0579   3.06    1.88    6.64    1.51  0.2856  -11.8
2022 294 18 15    3.72    5.47   -1.01  -360.9     1.5    -0.9  14.49    13298  3.77    40    15  0  0 -0.0392   3.66    2.43    6.52    0.85  0.3205  -10.9
2022 294 18 20    3.90    6.05    0.19  -364.4     0.5     5.1  12.79    12927  3.40    45    17  0  0 -0.0573   3.29    2.84    6.34    0.54  0.3314  -10.7
2022 294 18 25    1.74    8.02    2.26  -374.9    -7.3     7.7   8.07    29029  2.27    71    15  0  0 -0.0712   2.20    2.92    6.53    0.47  0.3434  -10.6
2022 294 18 30    1.47    8.05    2.39  -375.2   -12.6     3.6   6.12    30088  1.73    94     8  0  0 -0.0662   1.67    2.92    6.70    0.45  0.3516  -10.5
2022 294 18 35    1.72    7.93    2.34  -376.9   -12.1     1.8   5.79    47763  1.65    67     7  0  0 -0.0628   1.59    2.82    6.82    0.70  0.3419  -10.3
2022 294 18 40    1.62    7.93    2.24  -377.1    -8.9     3.9   6.87    28412  1.96    53     8  0  0 -0.0675   1.89    2.56    7.04    1.09  0.3256  -10.8
2022 294 18 45    1.56    7.77    2.21  -374.6    -9.3     6.1   8.16    21846  2.29    58     9  0  0 -0.0754   2.22    2.25    7.32    1.52  0.3089  -11.7
2022 294 18 50    1.10    7.63    2.35  -372.7    -7.2     8.9   9.51    18312  2.65    41    10  0  0 -0.0830   2.56    1.87    7.63    2.00  0.2898  -12.1
2022 294 18 55    1.17    7.49    2.56  -372.6    -7.7     9.4   9.38    18484  2.60    31    10  0  0 -0.0866   2.53    1.48    7.83    2.34  0.2785  -12.3
2022 294 19  0    1.31    7.39    2.69  -373.4    -9.4     9.0   9.10    18528  2.54    36    10  0  0 -0.0887   2.46    1.42    7.74    2.40  0.2717  -12.6
2022 294 19  5    1.02    7.36    2.78  -372.6    -7.5     7.4   9.03    15022  2.51    46    10  0  0 -0.0853   2.43    1.36    7.64    2.45  0.2648  -12.7
2022 294 19 10    1.41    7.65    2.47  -372.4    -5.4     9.4  10.17    15494  2.82    46    10  0  0 -0.0912   2.73    1.31    7.60    2.47  0.2617  -12.9
2022 294 19 15    1.44    7.69    2.65  -372.2    -5.9     9.6  10.16    14183  2.82    28    11  0  0 -0.0943   2.73    1.29    7.57    2.53  0.2567  -12.9
2022 294 19 20    1.69    7.46    2.78  -371.9    -6.2     9.2  11.46    13102  3.17    35    11  0  0 -0.0957   3.07    1.31    7.52    2.61  0.2506  -13.0
2022 294 19 25    1.65    7.61    2.69  -370.9    -6.1     8.9  10.99    14726  3.03    49    12  0  0 -0.0972   2.93    1.38    7.52    2.66  0.2479  -13.1
2022 294 19 30    2.20    7.61    2.68  -371.0    -6.9     8.9  11.03    12358  3.04    38    12  0  0 -0.1001   2.94    1.53    7.54    2.68  0.2475  -13.3
2022 294 19 35    3.01    7.27    2.53  -371.3    -3.8     9.8  10.82    13791  2.99    35    11  0  0 -0.1028   2.89    1.77    7.52    2.65  0.2477  -13.5
2022 294 19 40    2.57    7.47    2.55  -368.0    -3.3    11.1  12.06    12765  3.27    39    11  0  0 -0.1086   3.17    2.00    7.54    2.62  0.2494  -13.6
2022 294 19 45    3.02    7.45    2.44  -366.9    -4.9    10.3  11.92    11396  3.21    31    11  0  0 -0.1102   3.11    2.23    7.51    2.62  0.2478  -13.6
2022 294 19 50    2.88    7.48    2.54  -366.4    -5.7     9.9  12.14    13934  3.26    35    11  0  0 -0.1123   3.16    2.43    7.48    2.60  0.2466  -13.8
2022 294 19 55    3.19    7.18    2.69  -367.4    -9.1     9.2  11.28    11792  3.05    28    12  0  0 -0.1152   2.95    2.65    7.44    2.59  0.2451  -13.8
2022 294 20  0    3.18    6.92    2.44  -367.0    -7.4    10.9  12.82    12940  3.46    29    12  0  0 -0.1213   3.35    2.86    7.34    2.55  0.2425  -13.7
2022 294 20  5    3.24    6.72    2.34  -365.5    -7.7    13.0  13.62    13184  3.65    32    14  0  0 -0.1299   3.53    3.01    7.21    2.50  0.2392  -13.6
2022 294 20 10    3.43    6.71    2.20  -366.2    -6.3    12.6  13.69    12807  3.67    20    14  0  0 -0.1307   3.56    3.07    7.13    2.46  0.2378  -13.6
2022 294 20 15    3.37    6.35    2.12  -364.6    -4.2    15.0  15.35    12457  4.09    24    15  0  0 -0.1387   3.96    3.19    6.97    2.40  0.2341  -13.8
2022 294 20 20    3.62    6.12    1.84  -364.7    -3.5    15.2  15.83    13434  4.21    22    15  0  0 -0.1417   4.09    3.27    6.78    2.31  0.2307  -13.7
2022 294 20 25    3.15    6.45    1.71  -362.5    -3.2    16.4  16.44    13693  4.33    26    16  0  0 -0.1479   4.19    3.31    6.64    2.19  0.2306  -13.6
2022 294 20 30    2.45    6.90    2.01  -365.3    -5.1    14.4  15.84    11955  4.23    30    16  0  0 -0.1464   4.10    3.21    6.60    2.09  0.2337  -13.3
2022 294 20 35    2.11    7.10    2.07  -363.7    -6.7    14.6  15.73    12217  4.17    28    17  0  0 -0.1510   4.04    3.05    6.62    2.04  0.2370  -13.0
2022 294 20 40    2.51    6.61    2.05  -362.0    -4.9    16.3  17.06    14367  4.48    35    19  0  0 -0.1578   4.34    2.95    6.61    2.00  0.2381  -12.4
2022 294 20 45    2.73    6.58    2.06  -360.6    -2.5    17.6  17.31    13324  4.51    41    19  0  0 -0.1631   4.37    2.85    6.59    1.98  0.2377  -12.1
2022 294 20 50    3.03    6.72    1.63  -358.8    -3.8    16.4  15.91    12784  4.11    42    19  0  0 -0.1640   3.98    2.80    6.64    1.91  0.2429  -11.9
2022 294 20 55    2.65    6.85    0.94  -360.3    -0.3    13.1  17.38    13644  4.52    38    19  0  0 -0.1559   4.38    2.66    6.74    1.78  0.2540  -11.9
2022 294 21  0    1.83    7.15    1.32  -364.0    -6.7     9.9  17.24    11555  4.57    42    19  0  0 -0.1539   4.43    2.47    6.84    1.73  0.2613  -12.0
2022 294 21  5    2.11    7.07    1.02  -362.8    -6.7     7.9  19.29    12268  5.08    45    20  0  0 -0.1518   4.92    2.42    6.87    1.58  0.2700  -11.6
2022 294 21 10    1.55    7.02    1.82  -363.5    -6.8    11.8  18.68    14706  4.95    52    20  0  0 -0.1656   4.79    2.34    6.86    1.55  0.2714  -11.2
2022 294 21 15    0.87    6.50    2.75  -364.7    -6.6    12.3  15.92    14582  4.25    56    21  0  0 -0.1699   4.11    2.11    6.84    1.65  0.2663  -11.2
2022 294 21 20   -1.24    5.54    4.53  -361.5    -3.5    11.6  12.51    20387  3.27    55    19  0  0 -0.1699   3.17    1.54    6.69    2.00  0.2475  -11.2
2022 294 21 25   -0.36    5.88    4.16  -361.4    -1.3    10.0  13.51    24792  3.53    57    15  0  0 -0.1676   3.42    1.06    6.57    2.36  0.2280  -11.4
2022 294 21 30    0.49    6.86    3.03  -362.2    -2.6    11.5  13.58    20818  3.57    41    15  0  0 -0.1757   3.45    0.75    6.57    2.66  0.2126  -11.4
2022 294 21 35    1.31    7.39    1.78  -363.0    -1.7    17.8  16.73    16119  4.42    37    16  0  0 -0.1955   4.28    0.68    6.61    2.73  0.2102  -11.4
2022 294 21 40    1.97    7.35    0.97  -361.7    -0.0    15.6  18.01    20166  4.72    38    19  0  0 -0.1922   4.57    0.66    6.65    2.72  0.2121  -11.8
2022 294 21 45    1.73    7.47    1.36  -362.0    -3.0    13.7  15.24    19496  4.00    40    20  0  0 -0.1921   3.87    0.68    6.71    2.65  0.2181  -11.4
2022 294 21 50    2.16    7.53    0.57  -362.4     1.2    17.7  15.30    19250  4.03    38    19  0  0 -0.2039   3.90    0.87    6.86    2.34  0.2410  -11.2
2022 294 21 55    1.44    8.35    1.65  -360.9     1.0    15.4  13.45    20765  3.51    48    18  0  0 -0.2015   3.40    1.25    7.26    1.93  0.2725  -10.7
2022 294 22  0    2.18    8.27    1.22  -360.7     1.2    15.5  13.39    20054  3.49    50    16  0  0 -0.2051   3.38    1.61    7.60    1.51  0.3040  -10.3
2022 294 22  5    2.28    8.16    1.14  -361.2     1.9    17.2  14.20    20814  3.71    47    17  0  0 -0.2128   3.60    1.87    7.79    1.24  0.3249  -10.4
2022 294 22 10    1.82    8.33    0.82  -358.6     0.5    17.6  13.14    22098  3.39    61    17  0  0 -0.2185   3.28    1.94    7.92    1.10  0.3371  -10.3
2022 294 22 15    2.19    8.19    0.72  -360.0     0.1    19.1  13.12    20345  3.41    50    17  0  0 -0.2261   3.30    1.97    8.04    1.07  0.3435  -10.7
2022 294 22 20    2.47    8.14    0.69  -360.2     1.2    19.2  13.23    20565  3.44    53    17  0  0 -0.2293   3.33    2.08    8.14    0.97  0.3526  -10.7
2022 294 22 25    2.64    7.73    0.53  -360.5     1.5    18.4  15.05    23171  3.92    66    17  0  0 -0.2304   3.80    2.15    8.17    0.97  0.3536  -10.5
2022 294 22 30    2.69    7.83    0.74  -359.3     1.0    17.6  14.41    20100  3.73   106    17  0  0 -0.2322   3.61    2.32    8.09    0.84  0.3583  -10.8
2022 294 22 35    2.23    7.75    0.96  -357.8     1.3    17.7  14.60    20187  3.75   112    18  0  0 -0.2361   3.63    2.33    8.02    0.80  0.3574  -11.3
2022 294 22 40    1.65    7.53    1.45  -358.0     1.0    18.3  15.25    23730  3.92    99    17  0  0 -0.2414   3.80    2.24    7.93    0.84  0.3509  -11.8
2022 294 22 45    1.56    6.92    1.15  -357.6     2.5    19.0  16.82    23119  4.31    94    17  0  0 -0.2460   4.18    2.20    7.73    0.89  0.3405  -11.9
2022 294 22 50    1.52    6.37    1.04  -356.5     4.7    16.2  17.63    24650  4.49    96    18  0  0 -0.2408   4.35    2.11    7.47    0.94  0.3275  -11.7
2022 294 22 55    1.84    7.00    0.38  -356.6     4.1    15.5  17.24    23435  4.39    96    18  0  0 -0.2427   4.26    2.02    7.30    0.89  0.3238  -12.1
2022 294 23  0    2.13    7.80    0.42  -357.0     2.0    19.7  14.10    22367  3.60   113    18  0  0 -0.2589   3.49    1.95    7.31    0.88  0.3245  -12.3
2022 294 23  5    1.94    7.81    0.67  -357.5     2.5    20.6  13.81    21785  3.54    81    14  0  0 -0.2645   3.43    1.84    7.31    0.87  0.3248  -12.3
2022 294 23 10    1.75    7.88    0.73  -357.6     2.7    19.9  14.16    22359  3.63    71    14  0  0 -0.2660   3.52    1.77    7.33    0.83  0.3275  -12.2
2022 294 23 15    1.68    7.99    0.41  -358.4     2.1    20.5  14.23    23544  3.67    73    15  0  0 -0.2713   3.55    1.77    7.40    0.69  0.3390  -12.2
2022 294 23 20    1.70    7.93   -0.06  -358.2     1.8    19.5  14.34    22428  3.69    68    15  0  0 -0.2723   3.57    1.79    7.54    0.51  0.3555  -12.7
2022 294 23 25    1.53    8.11    0.22  -357.6     3.1    19.6  13.94    22327  3.58    68    15  0  0 -0.2754   3.46    1.80    7.79    0.40  0.3724  -12.8
2022 294 23 30    1.49    8.07    0.29  -357.3     3.7    20.8  14.45    23742  3.70    78    15  0  0 -0.2818   3.59    1.75    7.94    0.38  0.3788  -12.8
2022 294 23 35    1.63    7.54    0.52  -358.0     4.2    20.9  15.59    24497  4.01    76    15  0  0 -0.2851   3.88    1.67    7.90    0.40  0.3768  -13.1
2022 294 23 40    1.45    7.77    0.41  -357.9     3.6    20.7  16.05    25130  4.12    96    16  0  0 -0.2884   4.00    1.60    7.90    0.36  0.3791  -13.4
2022 294 23 45    1.60    7.47    0.42  -357.9     3.3    22.2  16.90    28045  4.35    98    15  0  0 -0.2960   4.21    1.58    7.84    0.32  0.3799  -13.6
2022 294 23 50    1.46    7.72    0.54  -357.5     3.3    22.9  16.41    25302  4.22    99    15  0  0 -0.3014   4.08    1.55    7.80    0.33  0.3772  -13.9
2022 294 23 55    1.27    8.26    0.70  -357.6     2.6    24.7  15.12    24758  3.89   146    15  0  0 -0.3100   3.76    1.49    7.85    0.44  0.3718  -14.1
2022 295  0  0    1.50    8.24    0.90  -358.0     2.2    25.4  15.49    26285  3.99   133    14  0  0 -0.3154   3.86    1.49    7.87    0.54  0.3664  -14.2
2022 295  0  5    1.52    8.10    1.07  -358.1     1.0    25.6  15.82    25622  4.08   114    14  0  0 -0.3200   3.95    1.49    7.87    0.65  0.3597  -14.1
2022 295  0 10    1.23    8.37    1.25  -357.7    -0.7    26.4  15.18    24798  3.91   106    14  0  0 -0.3265   3.78    1.43    7.99    0.76  0.3576  -14.1
2022 295  0 15    1.27    8.30    1.12  -358.6    -1.7    28.6  15.35    25967  3.97    97    14  0  0 -0.3361   3.85    1.41    8.07    0.86  0.3541  -14.3
2022 295  0 20    1.60    8.23    1.25  -358.7    -1.3    30.9  15.28    26036  3.96    72    14  0  0 -0.3453   3.84    1.41    8.17    0.98  0.3509  -14.2
2022 295  0 25    1.56    8.10    1.69  -357.5    -2.2    30.9  15.33    27048  3.95    68    14  0  0 -0.3493   3.82    1.42    8.23    1.14  0.3431  -13.8
2022 295  0 30    1.54    8.46    1.02  -357.2    -2.9    32.3  15.00    27699  3.86    62    14  0  0 -0.3568   3.74    1.46    8.26    1.19  0.3413  -13.5
2022 295  0 35    1.24    8.89    2.24  -361.8   -13.1    34.2  11.45    22070  3.03    62    13  0  0 -0.3699   2.93    1.42    8.35    1.38  0.3346  -13.2
2022 295  0 40    1.08    8.56    3.45  -360.9   -14.9    27.6  10.70    25296  2.81    68    11  0  0 -0.3566   2.72    1.36    8.42    1.72  0.3202  -13.0
2022 295  0 45    1.30    9.40    2.18  -358.3   -11.9    22.8   8.89    21533  2.29    47     9  0  0 -0.3455   2.22    1.37    8.56    1.85  0.3182  -12.7
2022 295  0 50    0.26    8.56    4.42  -361.6   -22.7    22.8   8.72    23382  2.29    41     8  0  0 -0.3542   2.23    1.23    8.60    2.32  0.2979  -12.2
2022 295  0 55    0.04    8.31    4.91  -355.8   -17.4    10.5   9.48    19309  2.41    31     9  0  0 -0.3217   2.33    1.00    8.61    2.84  0.2748  -12.1
2022 295  1  0   -0.53    7.47    6.31  -353.8   -10.1     5.4   8.55    22048  2.14    33    10  0  0 -0.3065   2.08    0.70    8.52    3.50  0.2473  -12.0
2022 295  1  5   -0.86    6.71    7.18  -353.5    -8.6     4.9   9.22    22657  2.31    29    10  0  0 -0.3071   2.23    0.36    8.27    4.38  0.2076  -12.1
2022 295  1 10   -0.99    6.36    7.01  -351.9    -8.0     3.6   9.61    23038  2.38    25    10  0  0 -0.3061   2.31    0.04    7.91    5.07  0.1737  -11.8
2022 295  1 15   -2.50    4.67    7.43  -344.5     3.7     2.9  11.42    27904  2.72    30    10  0  0 -0.2995   2.63   -0.47    7.35    5.63  0.1440  -11.6
2022 295  1 20   -4.68    3.44    7.58  -334.1    13.4     6.3  11.78    27294  2.63    35    12  0  0 -0.3052   2.55   -1.32    6.50    6.41  0.0995  -11.6
2022 295  1 25   -4.51    3.76    7.64  -348.2     6.2     4.8  11.80    27063  2.86    32    13  0  0 -0.3084   2.77   -2.00    5.82    6.87  0.0731  -11.5
2022 295  1 30   -3.53    5.18    7.24  -347.8     0.3     9.0  11.74    28726  2.84    33    13  0  0 -0.3269   2.75   -2.51    5.37    7.20  0.0543  -11.3
2022 295  1 35   -3.99    5.41    6.86  -345.8     2.5     9.7  12.04    26392  2.88    33    14  0  0 -0.3300   2.79   -3.01    5.08    7.28  0.0455  -10.7
2022 295  1 40   -3.76    5.20    7.40  -345.2     1.4     7.0  12.03    28306  2.87    34    14  0  0 -0.3258   2.78   -3.42    4.86    7.31  0.0404  -10.5
2022 295  1 45   -3.69    6.16    6.79  -345.8     1.9     6.5  12.28    27141  2.94    28    15  0  0 -0.3265   2.85   -3.81    4.83    7.28  0.0399  -10.2
2022 295  1 50   -3.10    6.59    7.16  -347.6    -0.0     5.1  11.85    27515  2.87    27    15  0  0 -0.3263   2.77   -3.89    5.11    7.24  0.0459   -9.8
2022 295  1 55   -2.41    8.10    5.89  -350.2    -4.0     7.6  12.04    27516  2.96    24    16  0  0 -0.3383   2.86   -3.57    5.77    7.00  0.0637   -9.4
2022 295  2  0   -2.20    8.58    5.03  -348.4    -3.7     9.0  12.01    26439  2.92    23    16  0  0 -0.3444   2.83   -3.24    6.46    6.62  0.0861   -9.0
2022 295  2  5   -1.16    8.68    4.11  -348.8    -0.9     4.4  12.00    27783  2.92    19    17  0  0 -0.3319   2.83   -2.90    6.96    6.18  0.1098   -8.8
2022 295  2 10    2.28    9.75   -0.18  -349.3    -4.9     7.4  11.85    27182  2.89    18    17  0  0 -0.3453   2.80   -2.01    7.58    5.17  0.1677   -8.7
2022 295  2 15    1.54    9.83    0.38  -348.6    -4.8     4.4  12.51    28438  3.05    14    17  0  0 -0.3392   2.95   -1.25    8.24    4.17  0.2223   -8.8
2022 295  2 20    1.68    9.74    0.72  -348.1    -5.9    10.0  12.95    30252  3.14    18    17  0  0 -0.3576   3.04   -0.48    8.75    3.30  0.2698   -8.6
2022 295  2 25    2.72    9.34    1.98  -352.4    -4.4     7.4  12.91    28962  3.21    15    17  0  0 -0.3510   3.11    0.35    9.15    2.56  0.3058   -8.5
2022 295  2 30    2.41    9.26   -0.03  -352.0    -6.4    20.2  12.43    27655  3.09    19    18  0  0 -0.3895   2.99    1.04    9.31    1.72  0.3485   -8.6
2022 295  2 35    2.22    9.48   -0.26  -352.3    -6.6    14.8  12.12    29364  3.01    29    18  0  0 -0.3768   2.92    1.67    9.44    0.96  0.3890   -8.4
2022 295  2 40    2.63    9.28    1.95  -352.9    -5.4     8.4  12.70    31461  3.17    24    18  0  0 -0.3602   3.07    2.21    9.53    0.65  0.4058   -8.5
2022 295  2 45    1.62    8.64    4.26  -351.7    -4.4     7.6  11.05    25535  2.74    24    17  0  0 -0.3591   2.65    2.12    9.37    1.29  0.3697   -8.6
2022 295  2 50    1.22    8.39    4.79  -351.6    -1.7     8.8  12.54    27548  3.10    33    16  0  0 -0.3619   3.00    2.07    9.16    1.92  0.3346   -8.9
2022 295  2 55    1.18    8.91    3.89  -350.8    -5.9    10.2  12.14    25664  2.99    43    15  0  0 -0.3708   2.90    2.00    9.04    2.37  0.3096   -9.2
2022 295  3  0    1.46    9.23    2.90  -352.1   -10.1    13.7  11.41    23163  2.83    37    15  0  0 -0.3852   2.75    1.82    9.03    2.50  0.3027   -9.7
2022 295  3  5    1.37    9.52    2.93  -351.1   -10.5    11.0  11.14    23507  2.75    23    14  0  0 -0.3798   2.66    1.67    9.06    2.92  0.2810  -10.3
2022 295  3 10    0.76    9.66    2.63  -350.5   -11.8    12.5  11.67    26190  2.87    17    13  0  0 -0.3865   2.78    1.46    9.09    3.34  0.2586  -10.5
2022 295  3 15    0.11    9.78    1.93  -348.8   -11.4    13.6  11.49    25555  2.80    23    13  0  0 -0.3907   2.71    1.10    9.16    3.33  0.2604  -10.6
2022 295  3 20   -0.02    9.83   -0.06  -348.8   -11.3    13.3  11.75    27534  2.87    21    13  0  0 -0.3911   2.78    0.87    9.33    2.72  0.2956  -10.9
2022 295  3 25    0.53    9.78   -0.23  -349.1   -12.0    14.9  10.82    27775  2.65    24    13  0  0 -0.3973   2.56    0.77    9.53    2.00  0.3358  -11.1
2022 295  3 30    0.82    9.52    1.89  -352.0   -10.1    10.0  10.75    24935  2.67    23    12  0  0 -0.3832   2.58    0.72    9.62    1.71  0.3516  -11.1
2022 295  3 35    0.38    9.78    1.17  -350.4   -13.9    11.4  10.82    25595  2.66    28    12  0  0 -0.3915   2.58    0.56    9.70    1.47  0.3661  -11.2
2022 295  3 40    0.69    9.23    1.11  -348.1   -15.6    18.5  10.86    28097  2.64    43    12  0  0 -0.4137   2.56    0.47    9.65    1.21  0.3771  -11.2
2022 295  3 45    1.75    9.13    2.43  -355.1    -9.7    10.5  11.11    26042  2.81    45    12  0  0 -0.3868   2.72    0.61    9.58    1.18  0.3766  -11.2
2022 295  3 50    1.43    9.59    1.78  -350.7   -12.6    12.1  10.54    24774  2.60    53    12  0  0 -0.3951   2.52    0.80    9.55    1.16  0.3771  -11.2
2022 295  3 55    1.63    9.78    1.35  -352.3   -13.5    12.8  10.24    24335  2.55    59    12  0  0 -0.3983   2.47    1.03    9.54    1.36  0.3660  -11.4
2022 295  4  0    2.30    9.94    0.32  -353.5   -14.8    13.9  10.08    23216  2.53    79    12  0  0 -0.4030   2.45    1.29    9.57    1.44  0.3630  -11.8
2022 295  4  5    1.25    8.97    1.46  -349.0    -6.1    11.1  11.50    26564  2.80   104    11  0  0 -0.3886   2.72    1.35    9.49    1.37  0.3630  -11.7
2022 295  4 10    0.39    7.94    2.77  -345.1     5.7    -0.7  14.21    38904  3.39   103    12  0  0 -0.3457   3.28    1.35    9.23    1.60  0.3421  -11.7
2022 295  4 15    1.47    9.05    1.04  -347.3    -0.0     2.4  13.44    34272  3.24   136    15  0  0 -0.3601   3.14    1.46    9.20    1.59  0.3417  -11.9
2022 295  4 20    2.23    9.15    0.57  -350.4    -3.6     1.9  12.83    33842  3.15   168    15  0  0 -0.3626   3.05    1.53    9.20    1.33  0.3553  -12.2
2022 295  4 25    2.68    9.05    0.89  -351.8    -2.9     0.9  12.91    33129  3.20   150    13  0  0 -0.3594   3.10    1.71    9.13    1.20  0.3599  -12.2
2022 295  4 30    2.22    9.21    0.81  -348.3    -4.1     1.6  13.05    33672  3.17   150    13  0  0 -0.3627   3.07    1.79    9.04    1.12  0.3608  -11.7
2022 295  4 35    1.87    9.35    0.86  -349.4    -3.4     1.8  13.00    32729  3.18   128    13  0  0 -0.3626   3.07    1.73    8.96    1.20  0.3528  -11.9
2022 295  4 40    1.39    9.36    0.85  -347.6    -5.0     3.4  12.72    33961  3.07   111    14  0  0 -0.3686   2.98    1.75    9.02    1.11  0.3591  -12.2
2022 295  4 45    1.74    8.72    0.36  -348.6     0.5     3.7  13.86    37520  3.37   103    14  0  0 -0.3636   3.26    1.94    9.13    0.77  0.3816  -12.0
2022 295  4 50    1.17    8.63    1.04  -345.3     3.1    -1.8  14.54    38187  3.47    84    14  0  0 -0.3459   3.36    1.90    9.07    0.77  0.3793  -12.0
2022 295  4 55    1.32    8.96    0.42  -346.7    -2.6     2.3  13.79    39772  3.31    78    15  0  0 -0.3628   3.21    1.77    9.04    0.75  0.3789  -12.0
2022 295  5  0    0.83    8.77    1.39  -342.4     3.2    -3.7  14.55    40215  3.41    76    14  0  0 -0.3400   3.30    1.51    9.00    0.82  0.3719  -12.3
2022 295  5  5    0.80    9.07    1.61  -342.7     3.1    -4.7  14.30    35445  3.36    67    14  0  0 -0.3370   3.25    1.30    8.98    0.93  0.3641  -12.3
2022 295  5 10    0.99    9.32    0.92  -345.5     1.8     1.1  14.95    36460  3.57    75    14  0  0 -0.3535   3.46    1.18    8.98    0.94  0.3628  -12.3
2022 295  5 15    1.37    9.52    0.97  -345.7    -1.0    -0.8  13.94    34994  3.33    66    14  0  0 -0.3510   3.23    1.17    9.00    0.96  0.3622  -12.6
2022 295  5 20    1.23    9.53    1.05  -345.0    -0.1    -1.9  13.77    36226  3.28    80    13  0  0 -0.3464   3.17    1.10    9.11    1.06  0.3595  -12.5
2022 295  5 25    1.06    9.56    0.26  -345.2    -1.5     0.9  14.07    35017  3.35    69    13  0  0 -0.3547   3.25    1.09    9.25    0.95  0.3701  -12.4
2022 295  5 30    0.22    9.65   -0.39  -339.4    -2.3     4.9  14.09    43680  3.25    66    14  0  0 -0.3657   3.14    0.93    9.35    0.83  0.3784  -12.2
2022 295  5 35    0.73    9.64    0.40  -340.4    -3.4     0.8  13.89    36556  3.22    68    14  0  0 -0.3550   3.12    0.91    9.47    0.69  0.3896  -12.1
2022 295  5 40    0.89    9.64    0.02  -340.5    -1.6    -0.2  13.93    37722  3.23    64    14  0  0 -0.3493   3.13    0.93    9.55    0.46  0.4043  -12.0
2022 295  5 45    1.68    9.67   -0.77  -351.4    -3.7     6.3  13.37    31147  3.30    70    15  0  0 -0.3676   3.20    1.03    9.60    0.22  0.4218  -11.5
2022 295  5 50    1.84    9.59   -1.64  -349.0    -0.6     8.7  14.76    33800  3.60    62    15  0  0 -0.3693   3.48    1.09    9.61   -0.15  0.4464  -11.5
2022 295  5 55    2.38    9.73   -1.53  -354.7    -4.1     8.2  12.45    26814  3.13    55    16  0  0 -0.3704   3.04    1.26    9.64   -0.52  0.4727  -11.4
2022 295  6  0    2.49    9.46   -1.81  -357.1    -3.9    11.1  13.91    32119  3.56    87    15  0  0 -0.3761   3.44    1.46    9.63   -0.82  0.4949  -11.1
2022 295  6  5    1.81    9.69   -1.84  -354.6    -6.1    12.9  13.76    35360  3.47   102    16  0  0 -0.3822   3.36    1.69    9.63   -1.02  0.5130  -11.0
2022 295  6 10    1.55    9.83   -1.85  -351.3    -6.9    10.4  13.25    31684  3.27   105    16  0  0 -0.3757   3.17    1.81    9.66   -1.35  0.5371  -10.7
2022 295  6 15    1.57    9.69   -1.75  -357.1    -4.4    11.7  13.54    34012  3.46   123    17  0  0 -0.3740   3.35    1.90    9.67   -1.60  0.5584  -10.9
2022 295  6 20    0.62    9.72   -2.02  -350.2    -9.7    18.8  14.29    41590  3.52   130    17  0  0 -0.3978   3.41    1.75    9.67   -1.78  0.5704  -10.8
2022 295  6 25    1.75    9.42   -2.83  -354.4    -8.0    19.2  13.80    39495  3.48   144    16  0  0 -0.3945   3.37    1.74    9.65   -1.95  0.5837  -10.8
2022 295  6 30    1.38    9.72   -1.95  -353.2    -5.6    16.0  14.48    41928  3.63   144    16  0  0 -0.3819   3.51    1.60    9.65   -2.01  0.5875  -10.9
2022 295  6 35    1.47    9.73   -2.26  -351.7    -6.4    16.9  14.09    40230  3.50   135    16  0  0 -0.3836   3.38    1.45    9.69   -2.07  0.5914  -11.3
2022 295  6 40    1.77   10.01   -1.87  -354.4    -7.0    11.2  14.04    39472  3.53   143    16  0  0 -0.3676   3.42    1.44    9.73   -2.08  0.5928  -11.7
2022 295  6 45    1.97   10.03   -2.13  -356.5    -5.9    13.9  14.58    34682  3.71   130    15  0  0 -0.3710   3.60    1.50    9.76   -2.12  0.5980  -11.8
2022 295  6 50    1.92    9.96   -2.56  -357.2    -7.0    18.7  14.21    33026  3.64   117    15  0  0 -0.3823   3.52    1.55    9.80   -2.23  0.6074  -12.0
2022 295  6 55    1.35    9.87   -3.23  -353.6    -6.8    17.7  13.66    31764  3.43   128    15  0  0 -0.3780   3.32    1.66    9.82   -2.40  0.6216  -12.4
2022 295  7  0    0.99    9.85   -3.50  -350.3    -7.6    20.9  14.16    32579  3.49   141    14  0  0 -0.3856   3.38    1.55    9.88   -2.50  0.6286  -12.9
2022 295  7  5    1.14    9.95   -3.54  -349.4    -8.0    18.7  14.67    32558  3.60   145    13  0  0 -0.3785   3.48    1.52    9.91   -2.73  0.6444  -13.2
2022 295  7 10    1.26    9.66   -4.19  -349.0    -7.4    20.8  15.03    34406  3.68   148    13  0  0 -0.3809   3.56    1.49    9.90   -3.00  0.6635  -13.4
2022 295  7 15    1.39    9.08   -5.11  -350.4    -7.7    24.4  15.18    33253  3.75   141    13  0  0 -0.3878   3.63    1.43    9.77   -3.47  0.6940  -14.1
2022 295  7 20    1.86    9.51   -4.44  -353.5    -8.1    23.7  14.43    34987  3.62   115    13  0  0 -0.3836   3.51    1.42    9.70   -3.80  0.7160  -14.6
2022 295  7 25    1.91    9.47   -4.73  -353.0   -10.2    23.7  14.43    37410  3.62   119    11  0  0 -0.3840   3.50    1.41    9.63   -4.11  0.7363  -15.0
2022 295  7 30    1.59    9.49   -4.96  -351.6   -11.2    23.2  13.90    34639  3.45   118    10  0  0 -0.3819   3.35    1.45    9.57   -4.35  0.7531  -15.5
2022 295  7 35    0.93    9.19   -5.34  -349.6    -9.5    25.2  14.48    36127  3.56   114    10  0  0 -0.3825   3.45    1.44    9.48   -4.62  0.7711  -16.0
2022 295  7 40    0.54   10.00   -3.67  -349.8    -7.2    10.8  14.64    32469  3.58   114     9  0  0 -0.3406   3.47    1.35    9.49   -4.63  0.7726  -16.2
2022 295  7 45    1.78   10.18   -4.12  -351.1    -7.4    20.7  14.91    27649  3.69   118     9  0  0 -0.3629   3.57    1.43    9.56   -4.62  0.7741  -16.3
2022 295  7 50    1.40   10.10   -5.64  -351.4   -13.2    21.4  12.61    24183  3.13   147     9  0  0 -0.3697   3.03    1.43    9.71   -4.70  0.7823  -16.6
2022 295  7 55    1.52   10.22   -5.75  -351.5   -14.6    22.2  12.61    24793  3.13   189     8  0  0 -0.3708   3.04    1.38    9.81   -4.89  0.7970  -17.1
2022 295  8  0    0.69   10.49   -5.37  -350.4   -13.6    19.8  11.99    22966  2.96   216     6  0  0 -0.3610   2.86    1.21    9.95   -4.98  0.8050  -17.6
2022 295  8  5    1.16   10.07   -6.18  -351.1   -11.4    20.6  13.41    31050  3.32   334     5  0  0 -0.3571   3.22    1.15   10.04   -5.15  0.8191  -18.0
2022 295  8 10    1.78    9.29   -7.53  -352.7   -10.1    23.4  14.16    36467  3.54   335     5  0  0 -0.3591   3.43    1.27   10.05   -5.47  0.8446  -18.8
2022 295  8 15    1.73    8.64   -8.50  -354.1   -11.1    25.7  13.50    36511  3.41   381     5  0  0 -0.3629   3.30    1.44    9.86   -6.16  0.8969  -20.0
2022 295  8 20    1.53    9.26   -7.70  -354.3   -11.2    25.6  13.71    35098  3.47   449     4  0  0 -0.3598   3.35    1.40    9.72   -6.67  0.9354  -21.2
2022 295  8 25    1.52   10.87   -5.58  -357.6   -13.4    15.3  14.37    42486  3.69   522     2  0  0 -0.3339   3.57    1.42    9.83   -6.66  0.9392  -22.4
2022 295  8 30    1.22   10.71   -6.00  -356.8   -15.3    15.9  14.28    42596  3.65   643     0  0  0 -0.3351   3.53    1.38    9.90   -6.69  0.9453  -24.3
2022 295  8 35    0.81   10.04   -5.64  -356.6   -12.2    15.7  15.47    49988  3.95   653    -2  0  0 -0.3274   3.82    1.39    9.84   -6.73  0.9499  -26.1
2022 295  8 40    0.21   10.37   -1.85  -357.8    -7.8     9.8  18.32    70232  4.70   601    -4  0  0 -0.3038   4.55    1.26    9.88   -6.11  0.9079  -28.0
2022 295  8 45    0.53   10.32   -1.23  -358.2    -8.6     4.0  18.10    66361  4.65   610    -4  0  0 -0.2876   4.50    1.08   10.03   -5.21  0.8454  -29.9
2022 295  8 50    0.74   10.34   -1.62  -360.1    -9.7     3.0  18.49    68177  4.80   581    -5  0  0 -0.2834   4.65    0.94   10.27   -4.23  0.7768  -31.8
2022 295  8 55    0.78   10.60   -1.48  -358.4   -11.4     2.5  18.43    71150  4.74   594    -8  0  0 -0.2814   4.59    0.83   10.46   -3.34  0.7151  -33.3
2022 295  9  0    0.15   10.32   -3.41  -356.7   -12.1     5.1  18.36    72390  4.68   584   -10  0  0 -0.2856   4.53    0.63   10.39   -3.03  0.6902  -34.3
2022 295  9  5   -0.34    9.54   -5.37  -353.5   -12.7    10.9  18.53    72895  4.64   579   -11  0  0 -0.2978   4.50    0.41   10.22   -2.94  0.6793  -35.4
2022 295  9 10   -0.51    9.16   -5.62  -353.2   -12.7    12.8  19.23    74781  4.81   595   -11  0  0 -0.2992   4.66    0.22   10.09   -2.94  0.6756  -36.4
2022 295  9 15   -0.73    8.75   -6.47  -352.0   -12.2    13.0  18.69    72045  4.64   613   -12  0  0 -0.2959   4.50    0.09    9.86   -3.60  0.7187  -37.2
2022 295  9 20   -0.24    8.57   -5.47  -353.2   -11.0    15.1  19.53    70982  4.89   588   -12  0  0 -0.2959   4.73   -0.02    9.61   -4.21  0.7571  -37.6
2022 295  9 25    0.27    8.89   -2.64  -356.1   -12.5     7.4  20.82    87276  5.29   608   -12  0  0 -0.2754   5.12   -0.09    9.40   -4.35  0.7611  -37.8
2022 295  9 30    0.85    8.63   -4.03  -359.3   -11.9    11.9  20.50    86875  5.30   555   -11  0  0 -0.2818   5.14   -0.08    9.12   -4.72  0.7820  -38.3
2022 295  9 35    0.44    7.04   -6.71  -357.7   -16.6    20.4  19.77    97936  5.09   567   -11  0  0 -0.3057   4.93   -0.04    8.65   -5.19  0.8130  -38.9
2022 295  9 40    0.51    5.89   -7.70  -356.2   -15.3    26.2  19.71    96225  5.04   592   -14  0  0 -0.3148   4.88    0.08    8.13   -5.52  0.8364  -39.7
2022 295  9 45    0.03    5.14   -7.92  -355.6   -17.3    21.4  18.75    95076  4.77   561   -16  0  0 -0.3027   4.62    0.16    7.56   -5.85  0.8595  -40.4
2022 295  9 50   -0.66    7.77   -6.43  -354.3   -22.4    19.3  19.04   103488  4.81   551   -18  0  0 -0.3015   4.66    0.17    7.42   -5.84  0.8586  -41.4
2022 295  9 55   -1.48    7.63   -6.61  -353.4   -22.2    20.3  18.32    96929  4.61   594   -20  0  0 -0.3004   4.46   -0.01    7.28   -6.01  0.8702  -42.7
2022 295 10  0   -1.60    6.46   -7.60  -351.1   -18.0    21.7  19.66    94555  4.87   545   -20  0  0 -0.2950   4.72   -0.27    6.94   -6.71  0.9207  -43.7
2022 295 10  5   -0.24    5.24   -8.63  -352.1   -18.7    27.2  19.03    98271  4.76   498   -22  0  0 -0.3057   4.61   -0.43    6.45   -7.37  0.9671  -44.4
2022 295 10 10    0.33    4.82   -8.74  -355.4   -21.4    23.7  18.97   101020  4.83   506   -22  0  0 -0.2967   4.68   -0.44    6.14   -7.66  0.9882  -44.7
2022 295 10 15   -0.13    3.17   -9.74  -354.4   -19.2    28.3  18.85    99667  4.78   470   -21  0  0 -0.3015   4.63   -0.54    5.75   -7.95  1.0099  -45.1
2022 295 10 20    0.18    5.22   -8.89  -354.3   -19.2    28.3  18.82    97100  4.77   497   -21  0  0 -0.2981   4.62   -0.51    5.76   -8.09  1.0207  -45.4
2022 295 10 25   -0.15    5.78   -8.54  -355.8   -22.6    24.7  19.10   101087  4.88   493   -22  0  0 -0.2902   4.73   -0.44    5.47   -8.39  1.0442  -45.8
2022 295 10 30   -0.44    4.78   -9.31  -354.8   -20.4    28.8  18.39    92860  4.68   449   -23  0  0 -0.2938   4.53   -0.29    5.07   -8.78  1.0743  -46.0
2022 295 10 35   -1.56    6.40   -8.51  -353.3   -24.2    20.4  18.37    96923  4.63   460   -25  0  0 -0.2756   4.48   -0.29    5.06   -8.91  1.0857  -46.4
2022 295 10 40   -1.35    5.58   -9.09  -353.0   -24.0    24.4  17.80    93115  4.48   636   -25  0  0 -0.2817   4.34   -0.45    5.11   -8.97  1.0914  -46.7
2022 295 10 45   -1.13    6.21   -8.66  -355.4   -26.2    20.7  17.37    84576  4.43   826   -25  0  0 -0.2716   4.29   -0.65    5.31   -8.96  1.0910  -46.8
2022 295 10 50   -0.96    6.96   -8.22  -355.7   -25.5    22.3  18.30    91248  4.67   701   -24  0  0 -0.2710   4.53   -0.77    5.85   -8.75  1.0755  -46.7
2022 295 10 55   -1.86    5.96   -8.71  -352.8   -23.9    22.0  18.57    88581  4.67   783   -23  0  0 -0.2653   4.52   -1.06    5.95   -8.72  1.0726  -46.1
2022 295 11  0   -0.17    5.17   -9.51  -357.5   -22.5    27.3  18.58    95784  4.80   914   -22  0  0 -0.2715   4.64   -1.07    5.87   -8.86  1.0846  -46.0
2022 295 11  5   -0.93    5.39   -9.56  -355.1   -23.5    26.6  18.14    87925  4.62   870   -21  0  0 -0.2684   4.47   -1.14    5.95   -8.89  1.0876  -46.0
2022 295 11 10   -0.92    4.47  -10.03  -355.9   -23.1    29.8  18.36    91291  4.70   890   -23  0  0 -0.2719   4.56   -1.05    5.68   -9.11  1.1059  -46.0
2022 295 11 15   -0.81    4.55   -9.87  -354.6   -23.6    29.3  18.41    86996  4.68  1119   -24  0  0 -0.2683   4.53   -0.97    5.53   -9.22  1.1155  -46.3
2022 295 11 20   -0.31    4.71   -9.83  -354.9   -24.0    28.5  18.66    88575  4.75  1215   -24  0  0 -0.2634   4.60   -0.85    5.32   -9.39  1.1281  -46.6
2022 295 11 25   -0.07    4.72   -9.83  -354.7   -24.1    29.1  18.40    89062  4.68  1130   -25  0  0 -0.2616   4.53   -0.72    5.00   -9.62  1.1450  -47.5
2022 295 11 30   -0.14    4.64   -9.84  -354.4   -24.5    28.0  18.52    86724  4.70  1136   -25  0  0 -0.2562   4.56   -0.48    4.81   -9.78  1.1584  -48.4
2022 295 11 35   -0.24    4.62   -9.82  -354.1   -24.9    28.2  18.58    87686  4.72  1035   -27  0  0 -0.2539   4.56   -0.49    4.73   -9.83  1.1596  -49.4
2022 295 11 40   -0.46    4.40   -9.97  -354.7   -24.8    29.5  18.55    88027  4.72  1006   -30  0  0 -0.2534   4.57   -0.42    4.59   -9.88  1.1638  -50.7
2022 295 11 45   -1.21    3.82  -10.15  -353.0   -24.5    30.2  18.16    86228  4.58   953   -32  0  0 -0.2519   4.44   -0.46    4.49   -9.90  1.1632  -52.3
2022 295 11 50   -1.16    3.35  -10.28  -353.1   -24.3    30.6  18.10    85524  4.57  1055   -34  0  0 -0.2493   4.42   -0.51    4.32   -9.96  1.1667  -53.9
2022 295 11 55   -1.21    3.00  -10.29  -353.8   -23.2    31.1  18.32    86627  4.64   908   -37  0  0 -0.2455   4.50   -0.64    4.08  -10.03  1.1710  -55.6
2022 295 12  0   -1.29    2.57  -10.31  -353.5   -22.7    31.2  18.15    85709  4.59   845   -38  0  0 -0.2419   4.45   -0.82    3.77  -10.09  1.1755  -57.2
2022 295 12  5   -1.15    2.48  -10.42  -353.3   -24.6    30.3  18.02    85011  4.56   882   -40  0  0 -0.2391   4.41   -0.96    3.46  -10.18  1.1811  -58.7
2022 295 12 10   -1.30    1.56  -10.48  -353.3   -22.9    30.9  18.49    87887  4.67   934   -42  0  0 -0.2350   4.52   -1.11    3.03  -10.27  1.1878  -60.0
2022 295 12 15   -1.48    1.16  -10.77  -353.2   -23.0    29.3  18.27    80679  4.61   926   -43  0  0 -0.2281   4.46   -1.26    2.56  -10.39  1.1954  -61.2
2022 295 12 20   -1.36    2.06  -10.68  -353.9   -25.2    28.3  18.45    80328  4.68   859   -44  0  0 -0.2253   4.53   -1.28    2.31  -10.46  1.2015  -62.4
2022 295 12 25   -0.69    2.99  -10.40  -356.4   -28.0    26.2  18.70    82314  4.81   905   -45  0  0 -0.2201   4.65   -1.21    2.26  -10.48  1.2047  -63.9
2022 295 12 30   -1.01    1.77  -10.73  -355.5   -23.5    27.7  18.49    77690  4.72   751   -47  0  0 -0.2149   4.57   -1.18    2.08  -10.54  1.2104  -65.0
2022 295 12 35   -0.82    3.50   -9.96  -358.6   -27.2    19.2  19.43    73481  5.04   699   -49  0  0 -0.1952   4.88   -1.12    2.22  -10.49  1.2092  -66.2
2022 295 12 40   -0.90    1.42  -10.17  -357.4   -24.8    25.6  19.58    79443  5.05   722   -49  0  0 -0.2049   4.89   -1.08    2.07  -10.46  1.2088  -67.5
2022 295 12 45   -0.16    1.30  -10.31  -359.2   -21.6    30.3  19.55    78771  5.10   701   -50  0  0 -0.2087   4.94   -0.92    2.03  -10.43  1.2107  -68.9
2022 295 12 50   -0.34    1.93  -10.22  -358.6   -21.5    24.0  20.19    78123  5.23   842   -52  0  0 -0.1905   5.07   -0.75    2.14  -10.35  1.2079  -70.0
2022 295 12 55   -0.20    1.58  -10.18  -358.6   -21.6    27.2  20.98    90729  5.45   741   -53  0  0 -0.1955   5.27   -0.59    2.07  -10.28  1.2053  -70.9
2022 295 13  0   -0.81    2.43   -9.92  -356.3   -25.3    23.8  19.73    77117  5.05   910   -54  0  0 -0.1898   4.90   -0.61    1.99  -10.21  1.1998  -71.9
2022 295 13  5   -1.00    2.17   -9.74  -355.0   -24.7    25.7  19.43    79192  4.95  1065   -56  0  0 -0.1912   4.79   -0.60    2.05  -10.07  1.1884  -73.0
2022 295 13 10   -1.41    1.90   -9.58  -353.2   -22.2    27.1  20.04    92048  5.05   748   -57  0  0 -0.1891   4.89   -0.69    1.82  -10.02  1.1811  -73.7
2022 295 13 15   -0.98    2.38   -9.48  -352.9   -24.3    27.3  20.13    90202  5.07   788   -58  0  0 -0.1897   4.91   -0.70    1.96   -9.92  1.1707  -74.4
2022 295 13 20   -1.40    0.10  -10.98  -353.0   -21.5    29.3  18.69    72965  4.71   745   -59  0  0 -0.1884   4.56   -0.88    1.78  -10.01  1.1739  -75.3
2022 295 13 25   -1.34   -0.76  -11.11  -353.4   -21.1    30.6  19.11    70700  4.83   911   -61  0  0 -0.1884   4.67   -1.02    1.40  -10.14  1.1806  -76.0
2022 295 13 30   -1.15   -2.48  -11.46  -353.9   -22.9    30.6  18.39    61147  4.66   831   -62  0  0 -0.1880   4.51   -1.16    0.82  -10.32  1.1917  -77.0
2022 295 13 35   -1.36   -4.10  -11.14  -353.4   -13.5    34.2  17.64    58589  4.45   747   -63  0  0 -0.1826   4.31   -1.23   -0.11  -10.50  1.2041  -78.2
2022 295 13 40   -1.60   -5.59   -9.98  -355.7   -12.8    32.8  19.01    64254  4.86   700   -65  0  0 -0.1752   4.70   -1.32   -1.22  -10.53  1.2083  -79.7
2022 295 13 45   -0.84   -5.46   -9.04  -359.0    -8.1    29.1  20.00    72614  5.19   668   -67  0  0 -0.1570   5.03   -1.24   -2.27  -10.46  1.2066  -81.1
2022 295 13 50   -1.68    2.07   -7.92  -354.7    -9.7    32.9  21.96    95013  5.58   704   -67  0  0 -0.1672   5.40   -1.34   -2.32  -10.23  1.1900  -82.6
2022 295 13 55   -1.64    5.60   -8.29  -353.9   -23.6    33.3  21.85    90552  5.55   763   -69  0  0 -0.1837   5.37   -1.37   -1.53   -9.85  1.1613  -83.8
2022 295 14  0   -2.39    1.97   -9.95  -353.3   -24.0    33.4  22.00    86964  5.57   706   -70  0  0 -0.1824   5.39   -1.52   -1.14   -9.68  1.1488  -84.7
2022 295 14  5   -3.14    1.23   -9.50  -353.4   -20.7    32.1  21.04    87104  5.32   741   -69  0  0 -0.1729   5.15   -1.81   -0.61   -9.40  1.1271  -85.1
2022 295 14 10   -2.34    0.79  -10.07  -352.0   -25.8    32.0  20.96    80912  5.26   667   -70  0  0 -0.1772   5.10   -1.95    0.09   -9.25  1.1140  -85.6
2022 295 14 15   -2.79    1.36   -9.05  -353.9   -23.7    28.7  20.76    85391  5.26   600   -70  0  0 -0.1637   5.09   -2.12    1.08   -9.12  1.1014  -85.7
2022 295 14 20   -2.27    1.91   -8.81  -354.7   -29.4    20.9  22.40    86993  5.70   651   -70  0  0 -0.1487   5.52   -2.32    2.13   -9.08  1.0949  -85.8
2022 295 14 25   -1.85   -2.30   -9.39  -357.5   -21.8    25.4  21.74    87146  5.61   740   -70  0  0 -0.1482   5.43   -2.35    1.51   -9.29  1.1132  -85.9
2022 295 14 30   -1.09   -4.66   -8.88  -356.9   -22.5    26.9  21.90    76993  5.64   628   -70  0  0 -0.1511   5.46   -2.27    0.04   -9.38  1.1211  -86.0
2022 295 14 35   -2.05   -0.45   -9.75  -354.1   -22.3    26.3  22.60    80606  5.72   669   -69  0  0 -0.1483   5.54   -2.22   -0.30   -9.35  1.1190  -85.7
2022 295 14 40   -2.49    1.77   -9.25  -355.3   -25.8    23.9  22.20    80424  5.66   689   -69  0  0 -0.1443   5.48   -2.13   -0.23   -9.31  1.1168  -84.9
2022 295 14 45   -2.95    2.85   -8.89  -355.1   -26.2    18.6  23.15    84329  5.89   728   -66  0  0 -0.1296   5.70   -2.21    0.07   -9.15  1.1048  -83.8
2022 295 14 50   -2.81   -1.83   -9.79  -355.4   -20.6    25.3  21.59    72756  5.50   709   -64  0  0 -0.1384   5.33   -2.22   -0.39   -9.25  1.1140  -82.6
2022 295 14 55   -3.24    0.99  -10.12  -352.4   -27.8    20.9  21.34    67529  5.35   657   -63  0  0 -0.1346   5.18   -2.35   -0.52   -9.44  1.1274  -81.3
2022 295 15  0   -3.51    1.76  -10.35  -354.1   -28.1    23.5  20.65    64407  5.24   563   -62  0  0 -0.1397   5.07   -2.59    0.06   -9.58  1.1360  -80.2
2022 295 15  5   -3.53    2.01  -10.35  -351.8   -31.5    22.0  20.07    63886  5.03   598   -62  0  0 -0.1388   4.87   -2.94    1.01   -9.79  1.1488  -79.5
2022 295 15 10   -3.24    3.94   -9.48  -354.5   -34.7    14.0  21.12    65660  5.37   572   -62  0  0 -0.1197   5.20   -3.11    1.64   -9.75  1.1457  -79.0
2022 295 15 15   -2.76    2.63   -9.89  -357.0   -32.0    16.4  21.43    63969  5.52   638   -62  0  0 -0.1209   5.34   -3.15    1.76   -9.84  1.1538  -78.6
2022 295 15 20   -2.56    1.63  -10.48  -356.3   -33.1    17.8  18.99    62985  4.88   801   -62  0  0 -0.1245   4.72   -3.09    1.59  -10.07  1.1724  -78.4
2022 295 15 25   -2.91    0.74  -10.52  -356.0   -34.1    17.8  17.57    61894  4.51   992   -63  0  0 -0.1244   4.36   -3.11    1.96  -10.17  1.1805  -78.5
2022 295 15 30   -2.53    1.04  -10.24  -356.7   -32.9    18.0  17.57    63136  4.53   904   -63  0  0 -0.1223   4.38   -3.01    1.96  -10.19  1.1845  -78.7
2022 295 15 35   -1.84    1.47  -10.19  -359.0   -39.8    17.1  19.15    64145  5.01  1024   -63  0  0 -0.1256   4.85   -2.77    1.92  -10.16  1.1857  -78.8
2022 295 15 40   -2.48    1.31  -10.03  -357.8   -38.3    16.2  19.95    67118  5.18  1062   -64  0  0 -0.1209   5.01   -2.62    1.82  -10.12  1.1858  -79.4
2022 295 15 45   -2.66    1.41  -10.07  -356.1   -38.9    17.0  19.67    63348  5.06  1247   -65  0  0 -0.1229   4.90   -2.53    1.46  -10.20  1.1934  -80.3
2022 295 15 50   -3.21    1.17   -9.99  -353.7   -38.1    18.0  19.38    62492  4.92   768   -66  0  0 -0.1243   4.76   -2.60    1.25  -10.22  1.1925  -81.3
2022 295 15 55   -3.11    0.84  -10.10  -353.1   -35.6    19.2  19.51    64511  4.93   613   -68  0  0 -0.1241   4.77   -2.68    1.14  -10.16  1.1863  -82.4
2022 295 16  0   -2.99    1.05  -10.20  -354.3   -38.3    16.9  19.73    62197  5.02   839   -69  0  0 -0.1198   4.86   -2.69    1.18  -10.12  1.1817  -83.6
2022 295 16  5   -3.34    0.33  -10.15  -353.6   -37.6    17.9  19.47    60128  4.94   813   -71  0  0 -0.1211   4.78   -2.80    1.08  -10.10  1.1788  -85.1
2022 295 16 10   -3.55    0.39  -10.17  -353.2   -36.9    18.4  19.38    64191  4.90   939   -74  0  0 -0.1211   4.75   -3.05    0.93  -10.10  1.1749  -86.8
2022 295 16 15   -3.58   -0.10  -10.37  -354.0   -35.5    20.0  19.27    63969  4.89   829   -77  0  0 -0.1231   4.74   -3.21    0.73  -10.15  1.1764  -88.2
2022 295 16 20   -3.63    0.26  -10.24  -352.9   -36.2    20.3  19.10    64634  4.82   922   -79  0  0 -0.1244   4.67   -3.34    0.56  -10.17  1.1763  -89.8
2022 295 16 25   -4.50   -0.90   -9.94  -349.9   -33.9    24.4  18.41    65430  4.57  1084   -80  0  0 -0.1333   4.43   -3.53    0.27  -10.17  1.1736  -91.6
2022 295 16 30   -5.05   -1.20   -9.75  -348.1   -30.7    22.4  18.56    64782  4.55  1294   -83  0  0 -0.1249   4.41   -3.81   -0.02  -10.12  1.1667  -93.0
2022 295 16 35   -4.74   -0.40   -9.93  -349.0   -32.7    23.2  19.11    66178  4.72  1085   -85  0  0 -0.1286   4.57   -4.06   -0.23  -10.08  1.1606  -93.7
2022 295 16 40   -4.61    0.88   -9.89  -351.9   -39.9    16.0  20.01    73058  5.03  1059   -84  0  0 -0.1155   4.87   -4.24   -0.15  -10.04  1.1567  -93.9
2022 295 16 45   -4.03    0.28  -10.38  -352.5   -37.9    20.0  19.91    69007  5.02  1397   -82  0  0 -0.1239   4.86   -4.31   -0.17  -10.07  1.1586  -94.4
2022 295 16 50   -4.01   -1.69  -10.29  -353.3   -30.3    24.1  18.24    55268  4.61   638   -81  0  0 -0.1273   4.46   -4.37   -0.40  -10.06  1.1574  -94.8
2022 295 16 55   -4.79   -1.11  -10.10  -351.8   -32.6    20.0  20.36    53080  5.10   495   -82  0  0 -0.1190   4.94   -4.53   -0.59  -10.04  1.1551  -95.1
2022 295 17  0   -5.29   -0.51   -9.95  -349.8   -33.6    18.9  20.64    53383  5.11   483   -84  0  0 -0.1176   4.95   -4.65   -0.54  -10.04  1.1550  -95.1
2022 295 17  5   -5.16   -0.04   -9.79  -352.0   -32.0    20.4  21.49    53950  5.39   505   -85  0  0 -0.1198   5.22   -4.66   -0.37  -10.05  1.1577  -95.1
2022 295 17 10   -5.94    0.70   -9.27  -351.5   -33.0    19.8  22.19    55403  5.55   727   -82  0  0 -0.1195   5.37   -4.83   -0.21   -9.95  1.1518  -95.3
2022 295 17 15   -5.68    0.63   -9.40  -351.0   -33.6    19.9  23.41    54064  5.84   813   -79  0  0 -0.1208   5.66   -4.99   -0.25   -9.88  1.1458  -94.9
2022 295 17 20   -5.65    0.46   -9.35  -351.2   -34.7    20.7  23.61    54758  5.90   817   -78  0  0 -0.1242   5.72   -5.22   -0.22   -9.74  1.1336  -94.0
2022 295 17 25   -5.70    0.25   -9.27  -352.5   -33.5    23.4  23.59    55003  5.94  1164   -76  0  0 -0.1305   5.75   -5.46    0.05   -9.59  1.1218  -92.9
2022 295 17 30   -6.04    0.28   -9.08  -349.5   -33.5    22.8  22.71    53028  5.62  1408   -76  0  0 -0.1303   5.45   -5.64    0.25   -9.44  1.1091  -92.0
2022 295 17 35   -5.91   -0.10   -9.28  -348.0   -33.8    21.8  22.56    51893  5.53  1432   -76  0  0 -0.1288   5.36   -5.73    0.31   -9.35  1.1008  -91.3
2022 295 17 40   -5.54   -0.62   -9.39  -347.9   -31.9    19.7  22.89    53971  5.61  1421   -75  0  0 -0.1222   5.43   -5.78    0.23   -9.29  1.0938  -90.5
2022 295 17 45   -4.92   -1.04   -9.44  -350.2   -35.5    21.2  23.27    56059  5.79  1449   -74  0  0 -0.1296   5.60   -5.63   -0.02   -9.32  1.0950  -90.6
2022 295 17 50   -5.49    0.55   -9.15  -351.3   -38.3    19.9  22.73    50193  5.69  1231   -73  0  0 -0.1290   5.52   -5.61   -0.03   -9.28  1.0924  -90.5
2022 295 17 55   -4.72   -1.08   -9.08  -353.4   -40.4    15.0  26.05    47731  6.61  1068   -74  0  0 -0.1179   6.40   -5.47   -0.25   -9.24  1.0906  -91.5
2022 295 18  0   -4.81    1.10   -9.20  -351.9   -43.5    17.1  23.21    42129  5.85  1014   -75  0  0 -0.1273   5.67   -5.35   -0.13   -9.23  1.0894  -92.5
2022 295 18  5   -3.49   -2.37   -8.14  -350.7   -38.0    25.1  31.44    39113  7.86   910   -76  0  0 -0.1457   7.62   -4.98   -0.51   -9.10  1.0794  -93.0
2022 295 18 10   -3.03   -3.57   -7.87  -350.3   -38.8    24.1  31.39    36656  7.83   908   -76  0  0 -0.1449   7.59   -4.57   -1.00   -8.90  1.0648  -94.0
2022 295 18 15   -2.20   -8.20   -6.10  -350.4   -29.4    30.4  22.54    42577  5.62   799   -78  0  0 -0.1557   5.44   -4.09   -2.09   -8.43  1.0326  -94.8
2022 295 18 20   -2.65   -8.77   -6.25  -352.7   -35.4    25.3  18.97    45873  4.79   686   -84  0  0 -0.1472   4.64   -3.77   -3.19   -7.97  1.0020  -95.6
2022 295 18 25   -2.42   -9.88   -5.76  -350.6   -37.9    28.1  16.77    48931  4.20   817   -88  0  0 -0.1586   4.07   -3.33   -4.68   -7.49  0.9698  -95.7
2022 295 18 30   -2.30  -10.16   -5.19  -349.9   -34.7    31.1  14.99    49261  3.74   865   -89  0  0 -0.1660   3.62   -2.99   -5.98   -6.93  0.9316  -95.9
2022 295 18 35   -1.62   -9.35   -5.14  -349.4   -38.9    29.2  17.12    46326  4.26   892   -88  0  0 -0.1656   4.13   -2.53   -7.47   -6.35  0.8902  -96.2
2022 295 18 40   -1.28   -8.97   -4.74  -349.2   -40.0    29.8  21.23    46267  5.28   979   -86  0  0 -0.1696   5.12   -2.21   -8.41   -5.86  0.8561  -95.6
2022 295 18 45   -0.37   -9.67   -4.07  -347.3   -37.4    32.2  19.27    49976  4.74   719   -83  0  0 -0.1764   4.59   -1.83   -9.29   -5.32  0.8192  -95.0
2022 295 18 50   -1.42   -9.33   -5.25  -351.9   -34.9    29.4  16.71    49995  4.21   755   -82  0  0 -0.1672   4.08   -1.72   -9.45   -5.20  0.8125  -94.5
2022 295 18 55    0.97   -9.64   -3.84  -340.7   -28.5    39.2  16.88    52850  4.01   969   -84  0  0 -0.1951   3.87   -1.21   -9.57   -4.86  0.7837  -93.6
2022 295 19  0    2.90   -9.70   -3.65  -332.9   -22.6    42.2  15.78    51069  3.57  1066   -86  0  0 -0.2041   3.46   -0.45   -9.55   -4.55  0.7546  -91.8
2022 295 19  5    1.66   -9.77   -4.89  -329.8   -19.2    46.5  15.19    56720  3.38  1228   -85  0  0 -0.2172   3.27    0.12   -9.49   -4.51  0.7428  -90.6
2022 295 19 10   -0.64   -9.83   -5.86  -338.0   -23.1    39.6  11.80    52090  2.74   825   -83  0  0 -0.1992   2.66    0.26   -9.56   -4.61  0.7467  -89.7
2022 295 19 15    1.29   -9.53   -5.37  -335.0   -22.9    40.8  12.10    49268  2.77   665   -82  0  0 -0.2057   2.68    0.63   -9.64   -4.70  0.7490  -88.7
2022 295 19 20    2.22   -9.76   -4.00  -332.1   -23.6    43.4  12.43    52197  2.80   837   -81  0  0 -0.2170   2.71    1.00   -9.65   -4.69  0.7431  -87.7
2022 295 19 25    1.56   -9.31   -2.79  -332.2   -27.8    43.3  14.20    56141  3.21   605   -80  0  0 -0.2219   3.11    1.42   -9.65   -4.34  0.7102  -86.9
2022 295 19 30   -0.39   -8.27   -4.01  -336.7   -33.9    36.0  16.03    51305  3.71   630   -78  0  0 -0.2057   3.60    1.23   -9.45   -4.37  0.7068  -86.7
2022 295 19 35   -1.04   -7.78   -3.65  -338.2   -34.0    41.3  17.20    55046  4.03   505   -76  0  0 -0.2224   3.91    0.67   -9.18   -4.37  0.7036  -86.0
2022 295 19 40   -0.85   -8.37   -2.33  -336.9   -34.3    43.6  18.40    54360  4.29   453   -75  0  0 -0.2319   4.15    0.31   -8.98   -4.00  0.6759  -85.2
2022 295 19 45    1.23   -9.20   -0.44  -337.8   -25.1    50.3  15.24    65115  3.58   387   -73  0  0 -0.2467   3.46    0.57   -8.89   -3.23  0.6205  -84.3
2022 295 19 50    1.28   -8.67   -0.63  -338.9   -27.5    47.5  15.28    62932  3.60   433   -72  0  0 -0.2424   3.49    0.57   -8.77   -2.55  0.5716  -83.3
2022 295 19 55   -1.10   -8.51   -1.74  -339.5   -37.4    44.3  16.49    68665  3.91   409   -70  0  0 -0.2420   3.79    0.10   -8.59   -2.23  0.5475  -81.7
2022 295 20  0   -1.63   -7.95   -2.83  -341.9   -29.5    44.3  15.77    76179  3.78   327   -70  0  0 -0.2386   3.66   -0.36   -8.39   -2.23  0.5469  -79.7
2022 295 20  5    1.93   -8.73   -0.26  -327.4    -9.5    66.7  12.92    94627  2.90   288   -69  0  0 -0.2987   2.80   -0.03   -8.46   -1.70  0.5099  -77.7
2022 295 20 10    4.91   -7.06    3.40  -321.3    -4.9    69.9  12.24   112538  2.64   292   -67  0  0 -0.3113   2.56    0.82   -8.36   -0.69  0.4430  -75.8
2022 295 20 15    5.71   -6.65    3.46  -340.5    16.4    68.4   8.80   137682  2.13   459   -65  0  0 -0.2838   2.06    1.76   -8.11    0.14  0.3885  -73.8
2022 295 20 20    6.32   -5.96    3.55  -351.0     1.7    52.2   8.31   152798  2.10   534   -65  0  0 -0.2478   2.03    2.49   -7.65    0.71  0.3452  -71.4
2022 295 20 25    6.75   -6.26    2.81  -366.9    13.9    48.8   7.20   118848  1.97   494   -64  0  0 -0.2282   1.91    3.27   -7.30    1.20  0.3094  -69.4
2022 295 20 30    6.30   -6.76    1.31  -368.9    18.2    65.4   6.25   127341  1.75   505   -62  0  0 -0.2707   1.70    4.33   -7.05    1.63  0.2785  -67.7
2022 295 20 35    7.25   -5.07    2.55  -363.9    13.7    56.8   7.94   146111  2.15   449   -58  0  0 -0.2565   2.09    5.60   -6.64    2.40  0.2167  -66.2
2022 295 20 40    6.53   -6.04    1.58  -360.4     1.9    58.0   8.47   119521  2.26   423   -56  0  0 -0.2716   2.19    6.25   -6.26    2.67  0.1927  -64.9
2022 295 20 45    6.84   -5.71    1.66  -361.1    13.1    53.3   7.86   123923  2.10   326   -54  0  0 -0.2551   2.03    6.53   -6.06    2.42  0.2005  -63.7
2022 295 20 50    7.99   -5.33    1.13  -347.0    -9.2    44.9   9.28   117629  2.27   277   -54  0  0 -0.2546   2.20    6.85   -5.88    2.08  0.2088  -62.8
2022 295 20 55    4.61   -7.40    3.45  -347.1   -10.9    40.3   9.65   102630  2.36   251   -53  0 -1 -0.2460   2.28    6.61   -6.08    2.07  0.2161  -62.3
2022 295 21  0    4.21   -8.86    1.70  -347.2   -12.7    35.8  10.03    87630  2.45   236   -52  0  0 -0.2377   2.37    6.25   -6.45    1.91  0.2347  -62.2
2022 295 21  5    3.97   -8.88    1.36  -349.3   -11.4    37.1  10.23   101804  2.53   266   -52  0  0 -0.2431   2.45    5.91   -6.76    1.92  0.2412  -62.1
2022 295 21 10    3.56   -8.38    1.10  -350.8   -15.9    42.5  11.41   106966  2.86   229   -52  0  0 -0.2633   2.77    5.39   -7.23    1.71  0.2684  -62.0
2022 295 21 15    4.67   -5.69    2.22  -346.5     5.4    51.4   8.80   131379  2.16   204   -53  0  0 -0.2801   2.09    5.12   -7.18    1.80  0.2600  -62.1
2022 295 21 20    5.44   -4.66    2.11  -395.4    39.5    39.6   6.22   148696  1.97   212   -55  0  0 -0.2186   1.92    4.92   -7.03    1.87  0.2530  -62.4
2022 295 21 25    8.56   -5.65    3.71  -403.6    49.6    44.2   5.72    96537  1.91   187   -56  0  0 -0.2257   1.85    5.00   -7.07    2.24  0.2428  -62.5
2022 295 21 30    8.90   -4.94    3.89  -404.9    54.5    47.0   5.62    90814  1.90   161   -57  0  0 -0.2328   1.84    5.62   -6.72    2.30  0.2322  -62.6
2022 295 21 35    8.76   -5.06    3.94  -404.7    57.1    51.7   5.53    91706  1.88   153   -57  0  0 -0.2458   1.82    6.27   -6.18    2.62  0.2035  -62.9
2022 295 21 40    8.74   -5.06    3.90  -402.2    60.0    52.4   5.74    97479  1.93   149   -57  0  0 -0.2499   1.87    6.95   -5.63    2.98  0.1719  -63.1
2022 295 21 45    8.57   -4.98    3.80  -400.0    56.8    49.6   5.78   102462  1.92   139   -57  0  0 -0.2491   1.86    7.66   -5.15    3.37  0.1401  -63.1
2022 295 21 50    7.27   -6.59    0.82  -396.4    55.7    47.5   6.11   164571  1.99   127   -56  0  0 -0.2490   1.92    8.03   -5.28    3.17  0.1652  -62.9
2022 295 21 55    6.34   -6.19   -0.30  -400.4    52.1    39.0   5.91   133205  1.94   130   -56  0  0 -0.2335   1.88    8.16   -5.50    2.82  0.2026  -62.8
2022 295 22  0    4.44   -7.65   -3.49  -376.9    34.7    57.0   7.42   145843  2.17   101   -54  0  0 -0.2971   2.11    7.57   -5.78    1.79  0.2859  -62.5
2022 295 22  5    6.67   -7.24    1.36  -383.6    38.8    53.1   6.74   130490  2.04   123   -55  0  0 -0.2864   1.98    7.26   -6.11    1.43  0.3164  -62.1
2022 295 22 10    6.14   -7.60    0.71  -384.8    46.7    50.7   6.81   125475  2.08   113   -54  0  0 -0.2790   2.02    6.88   -6.47    0.97  0.3553  -61.6
2022 295 22 15    4.58   -8.53   -0.28  -389.1    32.2    44.5   6.92   129814  2.14   129   -53  0  0 -0.2746   2.07    6.29   -6.97    0.37  0.4101  -61.1
2022 295 22 20    3.81   -8.82   -2.08  -383.3    32.6    45.8   6.38   130290  1.91   141   -53  0  0 -0.2825   1.85    5.61   -7.52   -0.47  0.4859  -61.0
2022 295 22 25    3.21   -8.91   -3.26  -383.8    36.8    46.2   5.94   124228  1.79    96   -53  0  0 -0.2845   1.73    5.03   -7.85   -1.05  0.5432  -60.8
2022 295 22 30    2.85   -9.08   -2.48  -383.6    30.4    44.8   6.62   124794  1.99    96   -54  0  0 -0.2883   1.92    4.53   -8.26   -1.36  0.5797  -60.6
2022 295 22 35    1.86   -9.33   -2.60  -387.6    35.0    43.0   6.55   117657  2.01   100   -54  0  0 -0.2838   1.95    4.16   -8.50   -1.23  0.5774  -60.4
2022 295 22 40    3.54   -9.11   -1.66  -381.3    34.6    43.9   6.62   131196  1.97   101   -53  0  0 -0.2912   1.90    3.71   -8.77   -1.66  0.6188  -60.4
2022 295 22 45    3.77   -9.27   -0.93  -378.2    38.9    48.3   6.49   124256  1.91    99   -53  0  0 -0.3040   1.85    3.37   -9.01   -1.90  0.6432  -60.5
2022 295 22 50    3.07   -9.59   -0.06  -378.2    36.0    51.4   6.40   120268  1.89   119   -53  0  0 -0.3171   1.82    3.16   -9.16   -1.87  0.6441  -60.2
2022 295 22 55    3.83   -8.96    1.67  -368.9    35.5    56.4   6.70   127725  1.88   126   -53  0  0 -0.3365   1.82    3.16   -9.18   -1.33  0.6031  -60.2
2022 295 23  0    4.04   -7.88    1.04  -370.9    30.5    54.8   7.07   162892  2.01   116   -52  0  0 -0.3383   1.94    3.28   -9.03   -0.72  0.5464  -59.8
2022 295 23  5    1.10   -8.17   -2.35  -376.2    32.6    57.5   7.85   159979  2.29    97   -52  0  0 -0.3456   2.22    3.03   -8.90   -0.70  0.5395  -59.4
2022 295 23 10    3.54   -8.08   -2.06  -371.0    20.4    47.5   6.99   168692  1.96   120   -50  0  0 -0.3325   1.90    3.27   -8.72   -0.62  0.5222  -59.2
2022 295 23 15    3.65   -8.15   -3.80  -372.0    18.3    41.1   7.08   154713  1.99   106   -50  0  0 -0.3203   1.93    3.29   -8.59   -0.93  0.5407  -59.1
2022 295 23 20    3.34   -6.99   -5.13  -370.8    18.3    30.7   7.08   151426  1.97   101   -51  0  0 -0.2970   1.90    3.22   -8.26   -1.53  0.5805  -58.7
2022 295 23 25    3.54   -5.58   -6.46  -375.6    30.8    42.1   7.84   170550  2.26   122   -50  0  0 -0.3214   2.18    3.29   -7.69   -2.44  0.6472  -58.1
2022 295 23 30    2.00   -3.99   -8.29  -377.0    38.9    39.6   7.38   144027  2.15   100   -48  0  0 -0.3132   2.08    3.03   -6.98   -3.86  0.7597  -58.0
2022 295 23 35    3.36   -2.19   -7.81  -374.0    35.5    44.1   7.83   199482  2.25   157   -48  0  0 -0.3308   2.17    2.93   -6.16   -5.13  0.8642  -57.7
2022 295 23 40    4.97   -7.81   -2.32  -373.4    44.0    45.2   7.60   139384  2.19   239   -48  0  0 -0.3316   2.11    3.49   -6.11   -5.12  0.8617  -57.3
