2018 237 12 30    2.81   -1.75    8.42  -402.5     3.1     5.9  10.64   29763.   19.0    1    1  0.2509   3.34   0.00   0.00   0.06   0.00   0.00   0.00
2018 237 12 35    2.86   -1.62    8.52  -402.5     2.2     4.4  10.38   29234.   19.0    1    1  0.2542   3.26   0.00   0.00   0.06   0.00   0.00   0.00
2018 237 12 40    2.60   -1.82    8.65  -402.6     0.5     1.5   9.86   28175.   17.0    1    1  0.2575   3.10   0.00   0.00   0.06   0.00   0.00   0.00
2018 237 12 45    1.51   -0.52    7.53  -398.4    -7.4     3.8  13.75   42358.   12.0    1    1  0.2607   4.23   0.00   0.00   0.06   0.00   0.00   0.00
2018 237 12 50    1.80   -1.32    7.17  -402.0    -3.6     4.0  14.81   46687.   15.0    1    1  0.2639   4.64   0.00   0.00   0.06   0.00   0.00   0.00
2018 237 12 55    1.88   -1.68    7.65  -403.8    -2.5     2.4  13.60   38768.   17.0    1    1  0.2671   4.30   0.00   0.00   0.06   0.00   0.00   0.00
2018 237 13  0    1.61   -1.42    7.79  -404.7    -4.6     4.0  15.47   37544.   19.0    1    2  0.2702   4.92   0.00   0.00   0.06   0.00   0.00   0.00
2018 237 13  5    2.23   -1.77    6.60  -405.5    -6.8     5.6  17.31   36343.   19.0    1    1  0.2733   5.52   0.00   0.00   0.06   0.00   0.00   0.00
2018 237 13 10    2.54   -0.96    6.34  -404.6    -7.3     6.8  20.08   35997.   21.0    1    1  0.2764   6.37   0.00   0.00   0.06   0.00   0.00   0.00
2018 237 13 15    3.04   -1.34    6.06  -403.8    -9.4     5.3  21.26   37869.   21.0    1    1  0.2794   6.72   0.00   0.00   0.06   0.00   0.00   0.00
2018 237 13 20    2.93   -0.14    7.10  -408.6   -12.0     8.1  21.97   51601.   19.0    1    1  0.2823   7.12   0.00   0.00   0.06   0.00   0.00   0.00
2018 237 13 25    6.74    3.90    7.24  -415.8   -15.4     7.8  12.70   29460.   14.0    1    1  0.2853   4.26   0.00   0.00   0.06   0.00   0.00   0.00
2018 237 13 30    5.68    2.95    8.31  -413.7    -3.3     6.2  14.08   17170.   14.0    1    1  0.2881   4.67   0.00   0.00   0.06   0.00   0.00   0.00
2018 237 13 35    6.49    5.12    7.13  -409.2     5.8    -3.8   7.78   18446.   11.0    1    1  0.2910   2.52   0.00   0.00   0.06   0.00   0.00   0.00
2018 237 13 40    4.54    3.54    8.15  -409.7     4.9     1.5   9.74   32656.    6.0    1    1  0.2937   3.17   0.00   0.00   0.06   0.00   0.00   0.00
2018 237 13 45   -0.45   -2.40    9.94  -430.1    -8.1   -16.4   6.85   28034.    9.0    1    1  0.2964   2.46   0.00   0.00   0.06   0.00   0.00   0.00
2018 237 13 50   -2.07   -3.81    9.91  -443.3   -15.9   -32.8   5.98   22537.    9.0    1    1  0.2991   2.29   0.00   0.00   0.06   0.00   0.00   0.00
2018 237 13 55   -2.08   -3.47    9.94  -441.9   -15.6   -29.3   6.77   21951.    8.0    1    1  0.3017   2.58   0.00   0.00   0.06   0.00   0.00   0.00
2018 237 14  0   -2.04   -3.24   10.12  -441.4   -18.5   -30.9   6.56   23181.    8.0    1    1  0.3043   2.49   0.00   0.00   0.06   0.00   0.00   0.00
2018 237 14  5   -2.25   -4.32    9.93  -442.6   -22.2   -36.5   5.95   25374.    9.0    1    1  0.3068   2.28   0.00   0.00   0.06   0.00   0.00   0.00
2018 237 14 10   -2.10   -4.15   10.12  -447.9   -20.9   -46.0   6.22   27906.    8.0    1    1  0.3092   2.45   0.00   0.00   0.06   0.00   0.00   0.00
2018 237 14 15   -3.87   -6.31    8.32  -444.9   -18.5   -43.0   6.84   26303.    9.0    1    1  0.3116   2.65   0.00   0.00   0.06   0.00   0.00   0.00
2018 237 14 20   -4.33   -6.17    8.28  -443.6   -18.5   -39.6   7.25   27880.   10.0    1    1  0.3140   2.79   0.00   0.00   0.06   0.00   0.00   0.00
2018 237 14 25   -4.69   -5.91    8.35  -441.6   -23.3   -38.7   7.91   33599.   10.0    1    1  0.3162   3.02   0.00   0.00   0.06   0.00   0.00   0.00
2018 237 14 30   -5.07   -5.75    8.33  -440.4   -24.4   -38.1   7.97   31704.   10.0    1    1  0.3184   3.03   0.00   0.00   0.06   0.00   0.00   0.00
2018 237 14 35   -4.65   -6.14    8.43  -440.5   -22.6   -38.4   8.15   31866.   10.0    1    1  0.3206   3.10   0.00   0.00   0.06   0.00   0.00   0.00
2018 237 14 40   -4.57   -6.90    8.15  -438.2   -19.6   -34.9   7.85   32158.   10.0    1    1  0.3226   2.94   0.00   0.00   0.06   0.00   0.00   0.00
2018 237 14 45   -4.80   -7.24    7.99  -438.6   -15.9   -34.7   7.97   29201.   10.0    1    1  0.3246   2.99   0.00   0.00   0.06   0.00   0.00   0.00
2018 237 14 50   -5.09   -7.38    7.97  -435.5   -16.6   -34.8   7.66   31906.   10.0    1    1  0.3266   2.84   0.00   0.00   0.06   0.00   0.00   0.00
2018 237 14 55   -5.37   -7.68    7.75  -436.6   -14.2   -35.3   7.09   31392.   10.0    1    1  0.3284   2.64   0.00   0.00   0.06   0.00   0.00   0.00
2018 237 15  0   -5.54   -7.19    8.09  -437.7   -15.8   -41.8   7.85   33715.    8.0    1    1  0.3302   2.94   0.00   0.00   0.06   0.00   0.00   0.00
2018 237 15  5   -6.10   -8.16    7.16  -436.0   -15.3   -31.9   6.79   37923.   10.0    1    1  0.3320   2.52   0.00   0.00   0.06   0.00   0.00   0.00
2018 237 15 10   -7.59   -8.59    5.29  -437.7   -18.9   -25.0   6.44   43976.    8.0    1    1  0.3336   2.40   0.00   0.00   0.06   0.00   0.00   0.00
2018 237 15 15   -7.38   -8.73    5.59  -433.8   -20.4   -19.1   7.12   45071.    8.0    1    1  0.3352   2.61   0.00   0.00   0.06   0.00   0.00   0.00
2018 237 15 20   -7.73   -9.09    4.61  -435.8   -20.3   -24.7   6.44   40057.    8.0    1    1  0.3367   2.38   0.00   0.00   0.06   0.00   0.00   0.00
2018 237 15 25   -7.41   -9.83    3.90  -437.5   -30.5   -20.4   6.43   36999.    8.0    1    1  0.3382   2.40   0.00   0.00   0.05   0.00   0.00   0.00
2018 237 15 30   -7.47  -10.01    3.39  -431.5   -20.9   -17.8   7.74   50607.    7.0    1    1  0.3395   2.81   0.00   0.00   0.05   0.00   0.00   0.00
2018 237 15 35   -7.48  -10.07    2.92  -431.4   -23.0   -21.6   8.93   39078.    7.0    1    1  0.3408   3.24   0.00   0.00   0.05   0.00   0.00   0.00
2018 237 15 40   -8.11   -9.52    3.71  -433.7   -27.0   -25.8   8.47   44301.    8.0    1    1  0.3420   3.11   0.00   0.00   0.05   0.00   0.00   0.00
2018 237 15 45   -8.66   -9.47    3.03  -433.4   -19.8   -21.3   7.30   44576.    7.0    1    2  0.3432   2.67   0.00   0.00   0.05   0.00   0.00   0.00
2018 237 15 50   -8.45   -9.92    2.37  -432.1   -12.7   -16.8   6.13   44781.    6.0    1    1  0.3442   2.22   0.00   0.00   0.05   0.00   0.00   0.00
2018 237 15 55   -8.93   -9.93    0.69  -426.8   -25.5    -7.9   6.55   52152.    6.0    1    1  0.3452   2.32   0.00   0.00   0.05   0.00   0.00   0.00
2018 237 16  0   -9.27   -9.56    0.84  -422.5   -29.8    -7.2  10.41   34085.    5.0    1    1  0.3461   3.62   0.00   0.00   0.05   0.00   0.00   0.00
2018 237 16  5   -9.71   -9.25   -0.02  -423.2   -30.1     0.9   9.26   44426.    6.0    1    1  0.3469   3.23   0.00   0.00   0.05   0.00   0.00   0.01
2018 237 16 10   -9.56   -9.41   -0.09  -419.6   -28.6     4.4   8.75   44225.    6.0    1    1  0.3476   3.00   0.00   0.00   0.05   0.00   0.01   0.03
2018 237 16 15   -9.35   -9.14   -1.28  -420.9   -29.8     6.9   9.09   39363.    4.0    1    1  0.3483   3.14   0.01   0.03   0.05   0.01   0.06   0.13
2018 237 16 20   -9.33   -8.54   -1.88  -422.6   -39.4     6.9   7.05   51999.    6.0    1    1  0.3489   2.46   0.03   0.06   0.06   0.03   0.12   0.21
2018 237 16 25  -10.45   -7.10   -3.03  -420.0   -40.1     6.9   6.63   57242.    6.0    1    1  0.3494   2.29   0.05   0.10   0.06   0.06   0.20   0.30
2018 237 16 30  -10.17   -8.04   -0.85  -417.3   -27.7     0.8   6.70   57001.    5.0    1    1  0.3498   2.27   0.06   0.11   0.06   0.06   0.22   0.33
2018 237 16 35  -10.06   -8.34   -1.33  -419.5   -18.3    -7.8   6.69   69279.    4.0    1    1  0.3501   2.29   0.07   0.12   0.06   0.07   0.25   0.38
2018 237 16 40   -9.84   -8.79   -0.26  -418.6   -20.5   -15.1   5.88   56281.    4.0    1    1  0.3504   2.00   0.07   0.12   0.06   0.07   0.24   0.38
2018 237 16 45  -10.11   -8.44   -1.20  -414.6   -21.3    -7.2   5.82   45146.    4.0    1    1  0.3506   1.94   0.08   0.13   0.06   0.07   0.26   0.40
2018 237 16 50  -10.19   -8.09   -1.45  -421.0   -22.8    -4.1   7.12   54375.    4.0    1    1  0.3506   2.45   0.09   0.15   0.06   0.08   0.29   0.45
2018 237 16 55   -9.94   -8.50   -1.41  -419.3   -27.2    -6.4   6.83   57708.    4.0    1    1  0.3506   2.34   0.10   0.16   0.06   0.09   0.32   0.49
2018 237 17  0  -10.13   -8.53    0.36  -413.4   -20.0    -7.3   6.16   53290.    4.0    1    1  0.3506   2.05   0.10   0.15   0.06   0.09   0.29   0.46
2018 237 17  5   -9.90   -8.55   -1.92  -419.2   -27.4    -7.0   6.68   62004.    4.0    1    1  0.3504   2.28   0.11   0.17   0.06   0.10   0.32   0.51
2018 237 17 10   -9.73   -8.40   -3.44  -417.6   -25.7   -10.4   5.99   62117.    4.0    1    1  0.3502   2.03   0.13   0.21   0.06   0.13   0.38   0.57
2018 237 17 15   -9.24   -8.19   -5.39  -419.4   -29.1    11.7   6.59   59912.    5.0    1    1  0.3498   2.26   0.17   0.27   0.07   0.19   0.48   0.68
2018 237 17 20   -9.35   -8.48   -4.79  -415.2   -20.8    -2.8   6.12   51601.    4.0    1    1  0.3494   2.05   0.20   0.32   0.07   0.24   0.55   0.75
2018 237 17 25   -9.32   -8.05   -5.61  -416.4   -20.2    -1.6   6.46   47918.    5.0    1    1  0.3490   2.18   0.24   0.38   0.07   0.30   0.63   0.83
2018 237 17 30   -9.54   -5.89   -7.43  -420.7   -30.2     7.3   6.62   60157.    4.0    1    1  0.3484   2.28   0.29   0.46   0.08   0.39   0.74   0.95
2018 237 17 35   -9.97   -5.69   -6.84  -416.3   -46.7     1.4   7.52   59286.    2.0    1    1  0.3477   2.56   0.33   0.53   0.08   0.47   0.83   1.07
2018 237 17 40   -9.63   -6.74   -6.41  -411.3   -25.0    -2.5   6.32   47120.    1.0    1    1  0.3470   2.08   0.37   0.59   0.09   0.53   0.90   1.14
2018 237 17 45   -9.72   -6.05   -6.92  -410.2   -26.2     2.7   6.10   41952.   -1.0    1    1  0.3462   2.00   0.41   0.65   0.09   0.60   0.96   1.20
2018 237 17 50   -9.67   -5.70   -7.25  -408.6   -26.3     5.7   6.20   40970.   -3.0    1    1  0.3453   2.01   0.45   0.71   0.10   0.67   1.02   1.26
2018 237 17 55   -9.56   -5.29   -7.68  -411.6   -37.5     6.6   6.76   50231.   -2.0    1    1  0.3444   2.24   0.49   0.77   0.10   0.74   1.09   1.35
2018 237 18  0   -9.55   -5.83   -7.25  -411.4   -33.3     8.4   6.41   44382.   -4.0    1    1  0.3433   2.12   0.53   0.83   0.11   0.81   1.14   1.41
2018 237 18  5   -9.76   -6.53   -6.45  -409.3   -19.0     1.4   6.15   38482.   -7.0    1    1  0.3422   2.00   0.56   0.86   0.11   0.85   1.18   1.45
2018 237 18 10   -9.36   -5.34   -8.03  -410.1   -31.6     4.8   6.15   39800.   -9.0    1    1  0.3410   2.02   0.60   0.92   0.12   0.92   1.23   1.50
2018 237 18 15   -9.53   -5.59   -7.77  -412.1   -27.6    12.4   6.07   40500.  -10.0    1    1  0.3397   2.01   0.64   0.97   0.12   0.98   1.28   1.55
2018 237 18 20   -9.47   -5.62   -7.87  -411.6   -23.5     9.5   6.00   37759.  -11.0    1    1  0.3383   1.98   0.68   1.02   0.13   1.04   1.32   1.59
2018 237 18 25   -9.41   -7.04   -6.78  -415.5   -11.0     2.7   7.04   45420.  -13.0    1    1  0.3369   2.36   0.71   1.06   0.13   1.09   1.35   1.65
2018 237 18 30   -9.66   -6.48   -7.05  -414.0   -14.8     1.9   6.79   49945.  -13.0    1    1  0.3354   2.26   0.74   1.10   0.14   1.13   1.38   1.70
2018 237 18 35   -9.39   -6.54   -7.69  -415.3   -21.1     7.5   6.20   39813.  -14.0    1    1  0.3338   2.08   0.77   1.14   0.14   1.19   1.42   1.74
2018 237 18 40   -9.39   -6.73   -7.71  -415.5   -19.6     2.9   6.64   44388.  -15.0    1    1  0.3322   2.23   0.81   1.18   0.15   1.24   1.45   1.79
2018 237 18 45   -9.63   -6.91   -7.25  -412.2   -16.0    -0.3   6.25   39424.  -18.0    1    1  0.3305   2.06   0.84   1.21   0.15   1.28   1.47   1.82
2018 237 18 50  -10.09   -6.13   -7.19  -411.3   -22.5    -0.5   6.40   40567.  -20.0    1    1  0.3287   2.10   0.86   1.24   0.16   1.31   1.49   1.84
2018 237 18 55  -10.11   -5.96   -7.23  -409.8   -26.0    -4.8   5.66   34023.  -21.0    1    1  0.3268   1.85   0.89   1.26   0.16   1.34   1.50   1.85
2018 237 19  0   -9.97   -6.23   -7.42  -410.0   -16.9    -7.8   5.92   37582.  -24.0    1    1  0.3249   1.93   0.91   1.29   0.17   1.38   1.51   1.86
2018 237 19  5  -10.54   -6.31   -6.46  -411.0   -26.9     2.9   6.64   41950.  -25.0    1    1  0.3229   2.18   0.93   1.31   0.17   1.40   1.52   1.88
2018 237 19 10  -10.63   -6.54   -6.06  -409.7   -15.0    -6.6   7.23   48049.  -26.0    1    1  0.3208   2.36   0.95   1.32   0.18   1.41   1.52   1.91
2018 237 19 15  -10.42   -6.73   -6.37  -410.9   -17.3    -5.4   6.65   45815.  -27.0    1    1  0.3187   2.18   0.97   1.34   0.18   1.43   1.52   1.93
2018 237 19 20  -10.99   -6.58   -5.76  -408.7    -9.7    -6.2   6.15   39472.  -28.0    1    1  0.3164   1.99   0.98   1.34   0.18   1.43   1.51   1.93
2018 237 19 25  -10.51   -5.85   -7.06  -408.0   -15.6    -6.4   6.36   44124.  -28.0    1    1  0.3142   2.06   1.00   1.37   0.19   1.46   1.52   1.94
2018 237 19 30   -9.49   -7.46   -7.02  -415.8   -14.4     0.6   7.10   47364.  -29.0    1    1  0.3119   2.38   1.03   1.39   0.19   1.49   1.54   1.98
2018 237 19 35   -9.37   -7.31   -7.51  -420.4   -12.4    -0.1   7.49   47288.  -30.0    1    1  0.3095   2.57   1.05   1.42   0.20   1.53   1.57   2.05
2018 237 19 40   -9.99   -7.50   -6.45  -415.9    -7.3    -4.1   7.69   52330.  -31.0    1    1  0.3070   2.58   1.07   1.44   0.20   1.55   1.58   2.09
2018 237 19 45  -10.59   -5.24   -7.19  -407.5   -24.0    -7.5   6.96   37647.  -30.0    1    1  0.3045   2.25   1.09   1.47   0.21   1.58   1.59   2.11
2018 237 19 50   -9.96   -5.49   -8.40  -409.2   -22.7    -2.0   7.08   35567.  -30.0    1    1  0.3020   2.31   1.12   1.50   0.22   1.63   1.62   2.16
2018 237 19 55  -10.55   -6.38   -7.07  -405.7   -15.5    -3.9   7.46   37797.  -32.0    1    1  0.2993   2.38   1.14   1.52   0.22   1.65   1.63   2.18
2018 237 20  0   -9.71   -5.00   -8.96  -408.7   -19.9     1.5   7.45   32826.  -31.0    1    1  0.2967   2.42   1.18   1.57   0.23   1.71   1.67   2.24
2018 237 20  5   -7.61   -3.48  -11.51  -421.5   -34.9    18.0   7.24   35550.  -30.0    1    1  0.2939   2.51   1.23   1.64   0.24   1.83   1.75   2.33
2018 237 20 10   -8.30   -4.45  -10.63  -420.1   -32.6    18.4   7.80   40042.  -30.0    1    1  0.2911   2.69   1.27   1.70   0.25   1.92   1.81   2.42
2018 237 20 15   -9.01   -4.85   -9.81  -414.7   -28.7    12.9   6.94   35912.  -32.0    1    1  0.2883   2.33   1.31   1.74   0.25   1.99   1.85   2.46
2018 237 20 20   -9.50   -4.75   -9.10  -414.7   -21.2     9.5   7.15   34401.  -33.0    1    1  0.2854   2.39   1.34   1.77   0.26   2.03   1.87   2.50
2018 237 20 25  -11.21   -5.65   -7.31  -409.9   -22.9     5.0   7.28   32344.  -34.0    1    1  0.2825   2.38   1.35   1.78   0.27   2.04   1.86   2.51
2018 237 20 30  -11.20   -5.74   -7.67  -405.0   -21.0     1.9   6.68   31701.  -37.0    1    1  0.2795   2.13   1.37   1.79   0.27   2.05   1.85   2.49
2018 237 20 35  -10.70   -5.79   -8.30  -405.9   -19.6     2.9   6.74   31484.  -38.0    1    1  0.2765   2.16   1.38   1.80   0.28   2.07   1.85   2.49
2018 237 20 40   -9.61   -5.89   -9.89  -412.2   -21.4    10.8   7.55   31999.  -38.0    1    1  0.2735   2.49   1.42   1.85   0.28   2.13   1.88   2.55
2018 237 20 45   -9.00   -5.48  -10.82  -413.3   -20.4    12.4   7.20   31803.  -35.0    1    1  0.2704   2.39   1.45   1.89   0.29   2.21   1.92   2.59
2018 237 20 50  -10.70   -5.52   -8.72  -411.0   -12.8    13.9   7.38   36064.  -33.0    1    1  0.2672   2.42   1.48   1.91   0.30   2.24   1.93   2.62
2018 237 20 55  -12.30   -6.57   -5.96  -411.0     4.8    12.9   8.72   37285.  -30.0    1    1  0.2640   2.86   1.48   1.91   0.30   2.22   1.91   2.64
2018 237 21  0  -12.29   -5.79   -6.95  -402.8   -21.4     2.9   8.38   54959.  -27.0    1    1  0.2608   2.64   1.49   1.91   0.31   2.22   1.89   2.66
2018 237 21  5  -11.74   -4.82   -8.51  -412.7    -7.2    23.8   7.78   34040.  -28.0    1    1  0.2576   2.58   1.51   1.93   0.31   2.24   1.91   2.69
2018 237 21 10  -11.12   -4.22   -9.55  -414.6   -32.6    27.0   6.56   37261.  -29.0    1    1  0.2543   2.21   1.53   1.95   0.32   2.28   1.92   2.70
2018 237 21 15  -11.42   -4.53   -8.56  -412.6   -28.3    26.5   6.63   36870.  -27.0    1    1  0.2509   2.21   1.55   1.96   0.33   2.30   1.92   2.69
2018 237 21 20  -12.61   -4.82   -7.16  -398.7   -10.5    -0.1   6.74   35430.  -27.0    1    1  0.2476   2.08   1.55   1.95   0.33   2.29   1.89   2.66
2018 237 21 25  -12.67   -3.09   -7.94  -403.3    -7.0     3.8   6.09   28692.  -27.0    1    1  0.2442   1.92   1.56   1.95   0.34   2.28   1.88   2.62
2018 237 21 30  -11.44   -4.90   -9.10  -399.5   -24.1     7.7   6.41   37360.  -28.0    1    1  0.2408   1.99   1.58   1.96   0.34   2.30   1.88   2.60
2018 237 21 35  -11.71   -4.24   -9.15  -399.7   -15.8     2.6   6.32   37954.  -30.0    1    1  0.2374   1.96   1.59   1.98   0.35   2.32   1.87   2.58
2018 237 21 40  -11.82   -3.64   -9.42  -399.5   -23.1     5.2   7.00   28458.  -32.0    1    1  0.2339   2.17   1.61   2.00   0.35   2.35   1.89   2.59
2018 237 21 45  -11.73   -4.49   -9.28  -399.2   -16.7     3.2   7.25   31812.  -34.0    1    1  0.2304   2.24   1.63   2.02   0.36   2.38   1.90   2.60
2018 237 21 50  -12.02   -4.40   -9.06  -397.4   -17.1     0.4   7.17   33314.  -34.0    1    1  0.2269   2.20   1.65   2.03   0.37   2.40   1.90   2.61
2018 237 21 55  -12.04   -4.10   -9.27  -396.5   -17.9     0.4   7.13   29007.  -33.0    1    1  0.2234   2.18   1.66   2.05   0.37   2.42   1.90   2.61
2018 237 22  0  -12.02   -4.21   -9.35  -397.4   -18.6     0.0   7.53   30121.  -33.0    1    1  0.2199   2.31   1.68   2.07   0.38   2.45   1.91   2.63
2018 237 22  5  -11.35   -4.13  -10.03  -401.6   -19.8     2.2   8.00   32281.  -32.0    1    1  0.2163   2.51   1.70   2.10   0.39   2.49   1.94   2.68
2018 237 22 10  -11.44   -4.02  -10.18  -401.1   -24.2     3.9   7.80   29963.  -32.0    1    1  0.2128   2.44   1.73   2.14   0.39   2.54   1.97   2.72
2018 237 22 15  -11.33   -4.23  -10.31  -402.8   -20.9     4.7   7.98   31698.  -32.0    1    1  0.2092   2.52   1.75   2.17   0.40   2.59   1.99   2.76
2018 237 22 20  -10.12   -3.71  -11.45  -408.5   -26.9     5.4   9.30   40827.  -30.0    1    1  0.2056   3.02   1.79   2.23   0.41   2.68   2.05   2.88
2018 237 22 25  -10.49   -2.23  -10.71  -406.6   -25.9    -0.7   9.10   36227.  -31.0    1    1  0.2020   2.93   1.82   2.27   0.42   2.74   2.09   2.97
2018 237 22 30   -6.53    0.61  -14.11  -421.7   -30.0     6.0  10.33   44167.  -32.0    1    1  0.1984   3.58   1.89   2.38   0.43   2.91   2.21   3.19
2018 237 22 35   -6.87    3.40  -13.56  -418.7   -34.4     2.6  10.94   43488.  -29.0    1    1  0.1948   3.74   1.95   2.48   0.45   3.07   2.31   3.41
2018 237 22 40   -6.80    3.09  -13.60  -418.6   -35.9     3.3  12.01   52733.  -30.0    1    1  0.1912   4.11   2.01   2.58   0.46   3.23   2.42   3.67
2018 237 22 45   -7.33    1.88  -13.50  -418.0   -41.3    -0.3  10.19   36011.  -32.0    1    1  0.1876   3.48   2.07   2.66   0.48   3.36   2.49   3.82
2018 237 22 50   -8.35    0.77  -12.93  -414.7   -33.6     2.5  11.12   41359.  -35.0    1    1  0.1839   3.73   2.12   2.74   0.49   3.47   2.56   3.99
2018 237 22 55   -8.67    2.07  -12.33  -415.8   -34.8     0.8  11.41   45541.  -37.0    1    1  0.1803   3.85   2.16   2.80   0.50   3.57   2.61   4.15
2018 237 23  0   -7.42    2.23  -13.02  -416.6   -35.1     2.6  11.82   44962.  -39.0    1    1  0.1767   4.00   2.21   2.88   0.52   3.68   2.67   4.34
2018 237 23  5   -8.30    2.38  -12.34  -412.3   -38.2    -1.9  11.39   42924.  -40.0    1    1  0.1731   3.78   2.25   2.94   0.53   3.77   2.71   4.46
2018 237 23 10  -12.01    0.32   -9.48  -403.9   -27.7    -3.8  10.20   42740.  -42.0    1    1  0.1695   3.24   2.26   2.94   0.54   3.76   2.68   4.46
2018 237 23 15  -12.68    0.11   -8.91  -404.7   -28.0    -7.2  10.66   40973.  -43.0    1    1  0.1659   3.40   2.27   2.93   0.54   3.74   2.65   4.47
2018 237 23 20  -12.46   -0.43   -9.24  -405.0   -30.1    -5.7   9.94   38737.  -46.0    1    1  0.1623   3.18   2.28   2.93   0.55   3.72   2.62   4.46
2018 237 23 25  -11.72    0.22  -10.10  -403.0   -30.3    -6.5  10.59   42168.  -46.0    1    1  0.1587   3.35   2.29   2.94   0.56   3.73   2.61   4.48
2018 237 23 30  -11.09    0.47  -10.88  -405.4   -33.1    -1.6  10.71   43556.  -46.0    1    1  0.1552   3.43   2.32   2.97   0.57   3.76   2.61   4.53
2018 237 23 35  -11.93   -1.23   -9.92  -406.4   -31.8    -1.5  10.34   41450.  -49.0    1    1  0.1516   3.33   2.33   2.97   0.58   3.77   2.60   4.54
2018 237 23 40  -12.48   -1.20   -9.42  -400.2   -31.9    -4.2  10.61   47647.  -52.0    1    1  0.1481   3.31   2.34   2.97   0.58   3.76   2.58   4.54
2018 237 23 45  -11.94   -1.15  -10.20  -398.8   -28.6     2.2  10.38   45227.  -53.0    1    1  0.1446   3.22   2.35   2.98   0.59   3.76   2.57   4.55
2018 237 23 50  -11.84   -0.56  -10.30  -398.7   -28.2    -1.6  10.54   46758.  -54.0    1    1  0.1411   3.26   2.37   2.99   0.60   3.77   2.56   4.56
2018 237 23 55  -12.30   -0.38   -9.77  -396.3   -23.4    -3.8  10.24   46429.  -55.0    1    1  0.1376   3.13   2.37   3.00   0.61   3.76   2.54   4.54
2018 238  0  0  -11.53   -2.50  -10.07  -398.5   -15.2    -4.2   9.50   39413.  -55.0    1    1  0.1342   2.93   2.38   2.99   0.61   3.76   2.53   4.51
2018 238  0  5  -10.64   -1.41  -10.90  -415.3   -41.0    15.3  13.70   46086.  -56.0    1    1  0.1307   4.63   2.41   3.04   0.62   3.82   2.58   4.71
2018 238  0 10   -9.48    0.44  -12.16  -411.5   -40.7     7.4  12.27   48390.  -57.0    1    1  0.1273   4.07   2.45   3.10   0.64   3.90   2.63   4.85
2018 238  0 15  -10.35   -0.24  -11.57  -408.3   -28.8     4.5  11.52   46578.  -58.0    1    1  0.1239   3.74   2.48   3.13   0.65   3.95   2.66   4.93
2018 238  0 20   -9.75   -0.53  -12.17  -409.8   -29.8     6.6  11.67   43663.  -59.0    1    1  0.1206   3.82   2.51   3.18   0.66   4.02   2.69   5.02
2018 238  0 25  -10.40   -0.54  -11.73  -405.5   -32.0    -0.1  11.81   46831.  -61.0    1    1  0.1173   3.79   2.54   3.22   0.67   4.07   2.72   5.09
2018 238  0 30  -10.58   -0.90  -11.68  -403.7   -26.8     1.7  11.60   46255.  -63.0    1    1  0.1140   3.68   2.56   3.25   0.68   4.11   2.73   5.14
2018 238  0 35  -10.55   -1.45  -11.74  -404.9   -25.3     4.1  11.12   40834.  -64.0    1    1  0.1107   3.55   2.58   3.27   0.69   4.15   2.74   5.17
2018 238  0 40  -10.21   -0.82  -12.09  -405.5   -23.7     1.8  11.62   40681.  -64.0    1    1  0.1075   3.71   2.61   3.31   0.70   4.20   2.77   5.23
2018 238  0 45   -9.71   -2.11  -12.47  -408.9   -23.1     2.9  12.58   42710.  -65.0    1    1  0.1043   4.09   2.64   3.36   0.71   4.27   2.80   5.35
2018 238  0 50   -9.83   -0.72  -13.10  -408.9   -26.9     4.8  11.11   40222.  -66.0    1    1  0.1012   3.61   2.67   3.40   0.72   4.34   2.84   5.40
2018 238  0 55  -10.01   -1.04  -12.83  -409.2   -23.4     3.9  10.91   38858.  -67.0    1    1  0.0981   3.55   2.70   3.43   0.73   4.40   2.86   5.43
2018 238  1  0   -9.07   -0.69  -13.40  -410.1   -27.4     3.1  11.99   36615.  -67.0    1    1  0.0950   3.93   2.74   3.48   0.75   4.48   2.90   5.52
2018 238  1  5   -7.42   -0.85  -14.41  -418.3   -26.1     6.8  13.22   45237.  -70.0    1    1  0.0920   4.50   2.79   3.56   0.76   4.61   2.97   5.72
2018 238  1 10   -8.74   -0.11  -13.85  -413.4   -31.6     5.7  12.39   40721.  -71.0    1    1  0.0890   4.13   2.83   3.61   0.78   4.71   3.02   5.83
2018 238  1 15   -9.24    0.69  -13.44  -408.8   -33.5    -0.4  12.07   39682.  -73.0    1    1  0.0860   3.93   2.86   3.66   0.79   4.78   3.05   5.90
2018 238  1 20   -9.13    1.58  -13.23  -409.4   -36.0    -0.1  12.64   42395.  -76.0    1    1  0.0831   4.14   2.89   3.70   0.80   4.85   3.07   5.99
2018 238  1 25  -10.30    0.51  -12.66  -404.7   -26.2    -2.3  12.62   44279.  -79.0    1    1  0.0803   4.02   2.92   3.73   0.82   4.89   3.08   6.05
2018 238  1 30  -10.22    1.39  -13.00  -403.7   -37.5    -0.4  11.05   38086.  -82.0    1    1  0.0775   3.52   2.94   3.75   0.83   4.92   3.08   6.04
2018 238  1 35  -11.47    0.04  -12.27  -400.4   -31.4     0.5  10.68   39181.  -82.0    1    1  0.0747   3.34   2.95   3.75   0.84   4.93   3.06   5.99
2018 238  1 40  -12.28   -1.55  -11.48  -395.5   -22.1    -2.6  10.90   38879.  -83.0    1    1  0.0720   3.31   2.95   3.74   0.85   4.91   3.03   5.93
2018 238  1 45  -12.33   -2.35  -11.30  -395.7   -19.5   -11.4  10.47   33383.  -86.0    1    1  0.0694   3.19   2.96   3.73   0.85   4.89   2.99   5.85
2018 238  1 50  -12.99   -3.81  -10.04  -390.3   -12.2    -9.8  11.00   37321.  -87.0    1    1  0.0668   3.25   2.95   3.70   0.86   4.84   2.94   5.77
2018 238  1 55  -12.96   -3.14  -10.80  -390.5   -14.4    -6.7  10.24   37708.  -88.0    1    1  0.0642   3.03   2.95   3.68   0.87   4.80   2.89   5.68
2018 238  2  0  -12.60   -2.15  -11.36  -392.9   -18.8     0.0  11.23   40298.  -87.0    1    1  0.0617   3.37   2.95   3.68   0.88   4.79   2.87   5.64
2018 238  2  5  -10.90   -0.97  -13.50  -401.2   -31.3     6.1  10.71   39780.  -87.0    1    1  0.0593   3.36   2.97   3.70   0.89   4.83   2.89   5.65
2018 238  2 10   -7.49    3.13  -15.68  -403.8   -25.5     0.0  11.94   22416.  -88.0    1    1  0.0569   3.79   3.02   3.77   0.90   4.96   2.95   5.75
2018 238  2 15   -9.19    1.60  -15.25  -403.9   -31.9     7.1  10.93   23839.  -89.0    1    1  0.0546   3.47   3.05   3.82   0.92   5.05   3.00   5.78
2018 238  2 20   -5.88    4.48  -16.26  -409.1   -30.1     4.6  13.45   19628.  -92.0    1    1  0.0524   4.38   3.11   3.91   0.93   5.21   3.08   5.98
2018 238  2 25   -6.97    3.23  -16.12  -405.7   -28.0     4.1  13.21   21473.  -94.0    1    1  0.0502   4.23   3.16   4.00   0.95   5.34   3.15   6.14
2018 238  2 30   -8.07    1.39  -15.79  -402.4   -22.2     6.6  11.96   23618.  -98.0    1    1  0.0480   3.76   3.19   4.05   0.97   5.44   3.19   6.20
2018 238  2 35   -9.20    2.08  -15.12  -399.9   -23.5     3.0  13.86   19667. -102.0    1    1  0.0460   4.31   3.23   4.12   0.98   5.54   3.24   6.34
2018 238  2 40   -9.47    2.26  -14.99  -397.3   -21.8     2.4  13.62   24348. -104.0    1    1  0.0439   4.18   3.27   4.17   1.00   5.62   3.27   6.44
2018 238  2 45   -8.90    2.87  -15.34  -399.7   -23.2     5.4  13.58   19488. -104.0    1    1  0.0420   4.22   3.31   4.23   1.01   5.71   3.30   6.55
2018 238  2 50   -8.64    4.48  -15.23  -401.0   -31.6     2.5  13.36   19264. -105.0    1    1  0.0401   4.19   3.34   4.28   1.03   5.79   3.33   6.65
2018 238  2 55   -8.12    5.19  -15.27  -402.0   -37.4    -0.4  13.84   20787. -109.0    1    1  0.0383   4.37   3.38   4.34   1.04   5.88   3.37   6.77
2018 238  3  0   -8.45    3.19  -15.55  -403.1   -31.6     2.9  12.96   18201. -112.0    1    1  0.0366   4.11   3.41   4.39   1.06   5.96   3.40   6.84
2018 238  3  5   -8.67    1.56  -15.81  -399.6   -20.4     7.5  13.28   19441. -114.0    1    1  0.0349   4.12   3.45   4.44   1.07   6.05   3.43   6.92
2018 238  3 10   -7.39    2.98  -16.32  -405.2   -27.5     5.0  14.37   16026. -116.0    1    1  0.0333   4.59   3.49   4.51   1.09   6.17   3.48   7.07
2018 238  3 15   -6.98    3.07  -16.51  -407.0   -28.0     5.2  15.18   15812. -117.0    1    1  0.0317   4.89   3.54   4.59   1.11   6.30   3.54   7.28
2018 238  3 20   -6.84    2.54  -16.67  -407.4   -26.6     6.3  15.48   15871. -119.0    1    1  0.0303   5.00   3.60   4.67   1.13   6.43   3.60   7.49
2018 238  3 25   -8.02    1.60  -16.23  -402.4   -24.8     5.6  14.84   17408. -122.0    1    1  0.0289   4.67   3.64   4.73   1.14   6.53   3.64   7.63
2018 238  3 30   -7.12    2.73  -16.40  -406.5   -29.1     2.3  17.01   17273. -124.0    1    1  0.0276   5.47   3.69   4.82   1.16   6.66   3.70   7.89
2018 238  3 35   -8.28    1.26  -15.94  -401.8   -21.6     3.4  16.54   17066. -125.0    1    1  0.0263   5.19   3.73   4.89   1.18   6.76   3.74   8.08
2018 238  3 40   -7.52    2.77  -16.22  -402.8   -28.4     2.3  15.72   17096. -128.0    1    1  0.0251   4.96   3.77   4.95   1.20   6.85   3.77   8.23
2018 238  3 45   -7.56    3.14  -16.11  -403.4   -29.3     1.1  14.72   16954. -134.0    1    1  0.0240   4.67   3.80   4.99   1.21   6.93   3.79   8.31
2018 238  3 50   -7.75    2.60  -16.12  -401.3   -27.6     2.5  15.18   19326. -138.0    1    1  0.0230   4.76   3.84   5.04   1.23   7.00   3.81   8.40
2018 238  3 55   -7.86    3.10  -15.82  -400.1   -27.5     1.3  16.25   17957. -139.0    1    1  0.0220   5.06   3.87   5.09   1.25   7.07   3.83   8.53
2018 238  4  0   -7.81    2.18  -15.46  -399.1   -21.6    -0.5  21.36   21379. -141.0    1    1  0.0211   6.61   3.92   5.18   1.26   7.18   3.88   8.92
2018 238  4  5   -8.25    1.47  -15.45  -395.3   -14.5     0.5  20.04   22234. -143.0    1    1  0.0203   6.07   3.96   5.26   1.28   7.26   3.92   9.18
2018 238  4 10   -7.58    1.84  -15.45  -397.0   -12.9     2.0  22.45   23354. -146.0    1    1  0.0196   6.86   4.01   5.35   1.30   7.36   3.97   9.57
2018 238  4 15   -7.75   -0.81  -15.80  -398.5   -13.2     2.7  20.56   20897. -149.0    1    1  0.0189   6.33   4.05   5.43   1.32   7.45   4.00   9.85
2018 238  4 20   -6.84   -0.44  -16.48  -399.5   -13.1     4.3  17.96   18243. -151.0    1    1  0.0184   5.56   4.09   5.49   1.33   7.54   4.03   9.99
2018 238  4 25   -6.66    1.98  -16.15  -400.5   -22.4     1.6  18.35   20162. -151.0    1    1  0.0179   5.72   4.13   5.55   1.35   7.62   4.06  10.14
2018 238  4 30   -7.32    2.17  -16.01  -397.5   -18.7     1.5  18.64   21359. -152.0    1    1  0.0174   5.72   4.16   5.60   1.37   7.69   4.07  10.27
2018 238  4 35   -7.14    1.56  -15.79  -395.9   -20.3    -2.8  22.03   22557. -154.0    1    1  0.0171   6.71   4.21   5.68   1.39   7.78   4.11  10.57
2018 238  4 40   -6.27   -0.25  -16.02  -401.7   -12.8     1.5  22.39   20786. -156.0    1    1  0.0168   7.01   4.25   5.76   1.41   7.88   4.16  10.92
2018 238  4 45   -6.83   -0.03  -16.00  -401.1   -12.0     4.4  23.48   22314. -157.0    1    1  0.0166   7.32   4.30   5.85   1.43   7.99   4.21  11.30
2018 238  4 50   -4.40    0.44  -16.66  -401.7   -10.0     4.8  24.93   26760. -158.0    1    1  0.0165   7.80   4.36   5.96   1.45   8.13   4.28  11.77
2018 238  4 55   -5.15    0.22  -16.70  -403.6    -7.6     5.2  20.43   22248. -158.0    1    1  0.0164   6.45   4.40   6.02   1.47   8.23   4.32  11.95
2018 238  5  0   -3.86    0.87  -16.99  -407.7    -6.6     3.2  22.20   24339. -161.0    1    1  0.0165   7.15   4.45   6.11   1.49   8.36   4.37  12.26
2018 238  5  5   -4.32    1.61  -17.65  -418.4   -10.1    13.1  18.71   20850. -163.0    1    1  0.0166   6.36   4.50   6.17   1.51   8.49   4.43  12.42
2018 238  5 10   -8.47    2.01  -16.26  -417.0   -12.3    19.8  16.68   17137. -166.0    1    1  0.0168   5.64   4.53   6.17   1.53   8.53   4.43  12.38
2018 238  5 15   -9.23    1.96  -16.02  -389.5   -11.4     1.9  15.63   15878. -175.0    1    1  0.0170   4.60   4.54   6.16   1.54   8.52   4.37  12.17
2018 238  5 20   -0.62    2.49  -17.60  -392.1   -13.0    -7.2  21.22   21863. -177.0    1    1  0.0174   6.33   4.58   6.24   1.56   8.62   4.40  12.33
2018 238  5 25    2.22    3.16  -17.31  -391.8    -9.7     4.7  21.76   21429. -176.0    1    1  0.0178   6.47   4.62   6.31   1.58   8.71   4.42  12.50
2018 238  5 30    2.06    2.89  -17.13  -391.7    -9.9     2.1  24.37   22699. -174.0    1    1  0.0183   7.25   4.67   6.40   1.60   8.82   4.46  12.80
2018 238  5 35    2.84    2.92  -17.06  -392.4    -9.9     2.8  24.06   21222. -177.0    1    1  0.0188   7.18   4.71   6.48   1.62   8.92   4.50  13.07
2018 238  5 40    3.36    3.03  -16.96  -387.0   -11.0     3.5  25.86   30275. -181.0    1    1  0.0195   7.51   4.76   6.57   1.64   9.01   4.53  13.38
2018 238  5 45    2.85    3.03  -16.98  -388.4   -12.9     2.2  24.30   21714. -184.0    1    1  0.0202   7.11   4.80   6.65   1.66   9.09   4.55  13.59
2018 238  5 50   -0.40    3.31  -16.82  -386.0   -14.9     3.1  22.50   21573. -185.0    1    1  0.0210   6.50   4.83   6.69   1.68   9.14   4.54  13.66
2018 238  5 55   -2.77    3.66  -16.78  -384.3   -14.2     2.4  21.93   22452. -188.0    1    1  0.0219   6.28   4.85   6.73   1.70   9.18   4.53  13.69
2018 238  6  0   -3.68    3.71  -16.90  -380.5   -14.2     2.3  20.97   19486. -190.0    1    1  0.0228   5.89   4.88   6.76   1.71   9.21   4.51  13.64
2018 238  6  5   -4.58    4.24  -16.82  -388.0   -16.4     5.8  18.32   16601. -190.0    1    1  0.0239   5.35   4.89   6.76   1.73   9.21   4.48  13.50
2018 238  6 10   -4.19    4.86  -16.61  -385.0   -13.9     5.6  18.79   18352. -190.0    1    1  0.0249   5.40   4.90   6.76   1.75   9.21   4.45  13.36
2018 238  6 15   -1.99    6.52  -15.91  -385.7    -9.1     4.4  22.00   20214. -189.0    1    1  0.0261   6.34   4.92   6.78   1.76   9.22   4.44  13.39
2018 238  6 20   -3.07    5.77  -15.60  -390.4   -15.9     4.7  22.50   18076. -187.0    1    1  0.0274   6.66   4.93   6.79   1.78   9.22   4.43  13.47
2018 238  6 25   -6.37    3.87  -15.39  -385.5   -14.2     7.5  24.07   19378. -187.0    1    1  0.0287   6.94   4.95   6.82   1.79   9.22   4.43  13.58
2018 238  6 30   -7.66    2.73  -15.13  -384.8   -13.7     7.6  22.25   16536. -188.0    1    1  0.0301   6.39   4.96   6.82   1.81   9.20   4.40  13.58
2018 238  6 35   -8.91    1.65  -14.63  -382.5   -11.7     6.0  22.43   16720. -189.0    1    1  0.0315   6.36   4.96   6.81   1.82   9.16   4.37  13.56
2018 238  6 40   -7.29    2.89  -15.04  -380.1    -7.7     4.7  27.09   14525. -189.0    1    1  0.0330   7.59   4.98   6.84   1.84   9.16   4.37  13.78
2018 238  6 45   -5.91    3.92  -15.44  -374.9    -4.6     4.6  27.03   15793. -185.0    1    1  0.0346   7.36   5.00   6.89   1.85   9.18   4.37  13.96
2018 238  6 50   -6.26    4.10  -15.23  -371.6    -2.4     5.0  29.03   15507. -183.0    1    1  0.0363   7.76   5.02   6.94   1.87   9.19   4.37  14.20
2018 238  6 55   -6.63    3.75  -15.36  -373.6    -5.8     4.5  29.18   15627. -187.0    1    1  0.0380   7.89   5.04   7.00   1.88   9.21   4.38  14.45
2018 238  7  0   -6.56    3.78  -15.81  -377.9    -7.1     4.7  28.53   16640. -194.0    1    1  0.0398   7.90   5.06   7.05   1.90   9.25   4.40  14.70
2018 238  7  5   -6.28    4.80  -15.94  -379.8    -8.9     3.5  23.65   15762. -201.0    1    1  0.0417   6.61   5.08   7.07   1.91   9.26   4.40  14.70
2018 238  7 10   -6.61    4.63  -15.94  -379.1    -5.5     3.9  23.11   17877. -205.0    1    1  0.0436   6.44   5.09   7.08   1.93   9.27   4.38  14.66
2018 238  7 15   -6.42    4.26  -16.07  -378.9    -5.9     4.1  22.29   18017. -197.0    1    1  0.0456   6.20   5.10   7.09   1.94   9.27   4.37  14.58
2018 238  7 20   -8.75    3.54  -15.13  -379.2    -4.7     4.0  23.57   16464. -188.0    1    1  0.0476   6.57   5.10   7.08   1.96   9.24   4.35  14.54
2018 238  7 25   -9.34    3.17  -15.10  -373.6     0.2     4.5  19.91   19277. -185.0    1    1  0.0498   5.38   5.10   7.05   1.97   9.18   4.30  14.30
2018 238  7 30   -8.10    4.45  -15.01  -377.1    -3.6     1.4  22.16   21201. -188.0    1    1  0.0519   6.11   5.10   7.03   1.98   9.15   4.27  14.20
2018 238  7 35   -6.41    7.25  -14.98  -379.0    -5.2     5.0  20.91   19404. -189.0    1    1  0.0542   5.82   5.09   7.00   2.00   9.10   4.24  14.05
2018 238  7 40   -6.46    7.21  -14.90  -377.7    -2.7     5.2  20.17   17321. -189.0    1    1  0.0565   5.58   5.08   6.97   2.01   9.05   4.20  13.87
2018 238  7 45   -8.15    4.31  -15.49  -373.2     0.5     9.2  19.93   19530. -186.0    1    1  0.0588   5.38   5.08   6.94   2.02   9.01   4.17  13.68
2018 238  7 50   -7.08    3.46  -15.66  -378.9     7.0    10.1  23.11   17481. -179.0    1    1  0.0613   6.44   5.09   6.96   2.03   9.02   4.17  13.70
2018 238  7 55   -6.83    3.28  -15.70  -380.6     5.4     6.7  24.71   17067. -173.0    1    1  0.0637   6.94   5.10   6.98   2.05   9.04   4.19  13.81
2018 238  8  0   -6.79    4.02  -15.52  -377.3     1.6     9.5  22.60   20359. -164.0    1    1  0.0662   6.24   5.11   6.98   2.06   9.03   4.19  13.78
2018 238  8  5   -6.31    5.32  -15.13  -373.2     9.5    21.5  22.13   23640. -158.0    1    1  0.0688   6.00   5.10   6.97   2.08   9.00   4.17  13.70
2018 238  8 10   -6.76    4.59  -13.48  -371.4    12.2    27.3  26.93   30348. -156.0    1    1  0.0715   7.24   5.10   6.96   2.09   8.94   4.14  13.79
2018 238  8 15   -5.72    4.49  -14.25  -370.9    14.9    31.1  28.56   35464. -157.0    1    1  0.0741   7.68   5.10   6.98   2.10   8.93   4.15  13.98
2018 238  8 20   -6.08    3.59  -14.53  -374.7    31.6    25.3  25.54   30933. -154.0    1    1  0.0769   7.03   5.11   6.99   2.11   8.91   4.15  14.05
2018 238  8 25   -5.27    5.68  -14.29  -370.9    12.9    28.8  28.97   38655. -149.0    1    1  0.0796   7.78   5.11   7.01   2.12   8.90   4.15  14.24
2018 238  8 30   -5.44    6.84  -14.93  -374.1     3.4    24.1  22.04   36467. -148.0    1    1  0.0825   6.00   5.11   6.99   2.14   8.87   4.13  14.12
2018 238  8 35   -5.04    8.96  -14.17  -378.2    -2.1    15.2  22.02   39541. -147.0    1    1  0.0854   6.11   5.10   6.96   2.15   8.82   4.11  14.00
2018 238  8 40   -3.92   11.48  -12.85  -381.4    -5.2     9.1  21.12   39858. -150.0    1    1  0.0883   5.96   5.08   6.89   2.16   8.72   4.06  13.83
2018 238  8 45   -2.83   13.77  -11.43  -383.8   -12.3     2.4  19.51   45548. -149.0    1    1  0.0912   5.58   5.04   6.79   2.16   8.58   3.98  13.56
2018 238  8 50   -1.63   13.40  -11.67  -387.6    -4.6     5.3  21.57   51888. -149.0    1    1  0.0942   6.28   5.00   6.71   2.17   8.46   3.93  13.42
2018 238  8 55   -1.75   13.92  -11.32  -387.1    -9.2     0.3  20.92   52867. -150.0    1    1  0.0973   6.08   4.97   6.63   2.18   8.34   3.88  13.25
2018 238  9  0   -0.15   15.39   -9.82  -390.1   -10.3    -1.6  19.85   53097. -147.0    1    1  0.1004   5.86   4.92   6.51   2.18   8.17   3.80  13.00
2018 238  9  5    0.66   15.99   -8.80  -392.0   -21.2    -2.8  18.80   59311. -146.0    1    1  0.1035   5.61   4.86   6.37   2.19   7.97   3.70  12.70
2018 238  9 10    1.66   17.65   -5.86  -388.9   -24.6     0.1  16.20   45440. -147.0    1    1  0.1067   4.77   4.77   6.16   2.19   7.70   3.54  12.22
2018 238  9 15    2.58   18.10   -5.18  -392.8   -20.0    -8.7  16.48   34499. -149.0    1    1  0.1098   4.94   4.67   5.95   2.19   7.43   3.38  11.77
2018 238  9 20    1.61   17.58   -7.16  -393.2   -17.8   -11.3  16.08   31280. -149.0    1    1  0.1131   4.83   4.60   5.79   2.19   7.21   3.28  11.40
2018 238  9 25    2.06   17.12   -2.82  -399.5   -10.1   -27.5  16.36   55383. -149.0    1    1  0.1163   5.09   4.49   5.56   2.18   6.91   3.09  10.91
2018 238  9 30    1.28   14.39  -10.32  -403.0   -14.9   -27.1  13.68   89382. -147.0    1    1  0.1196   4.33   4.44   5.46   2.19   6.80   3.06  10.62
2018 238  9 35    1.72   15.15   -8.77  -401.9   -21.7   -16.9  14.01  114367. -147.0    1    1  0.1230   4.41   4.39   5.34   2.19   6.65   3.02  10.33
2018 238  9 40    3.98   17.04   -2.10  -401.4   -13.2   -21.7  14.38  110898. -145.0    1    1  0.1263   4.51   4.28   5.11   2.19   6.36   2.83   9.83
2018 238  9 45    4.04   17.06   -0.79  -399.1   -12.6   -24.0  13.78   91785. -141.0    1    1  0.1297   4.27   4.15   4.86   2.18   6.07   2.61   9.28
2018 238  9 50    4.28   16.76    0.61  -400.4    -6.1   -30.7  14.25   89377. -135.0    1    1  0.1331   4.45   4.02   4.61   2.18   5.78   2.37   8.65
2018 238  9 55    4.75   16.29    1.81  -397.2   -12.4   -22.1  13.89   94881. -132.0    1    1  0.1365   4.26   3.89   4.36   2.17   5.51   2.15   8.06
2018 238 10  0    2.64   16.32   -4.63  -396.7   -22.5   -15.6  12.85   98066. -133.0    1    1  0.1399   3.93   3.82   4.23   2.17   5.32   2.10   7.78
2018 238 10  5    0.96   15.97   -6.17  -395.1   -20.1   -14.4  12.04  100905. -137.0    1    1  0.1434   3.66   3.75   4.12   2.17   5.16   2.07   7.53
2018 238 10 10   -0.56   15.04   -8.10  -397.2   -16.2   -18.9  11.23  109574. -138.0    1    1  0.1469   3.45   3.71   4.04   2.17   5.06   2.08   7.32
2018 238 10 15   -1.40   15.33   -8.51  -397.3   -14.8   -18.2   8.95  132976. -139.0    1    1  0.1504   2.75   3.66   3.96   2.17   4.95   2.07   7.06
2018 238 10 20   -1.75   15.15   -8.63  -398.1   -15.7   -25.6   8.32  127626. -138.0    1    1  0.1539   2.57   3.61   3.88   2.17   4.85   2.07   6.79
2018 238 10 25   -0.36   14.29   -7.00  -404.9    -8.3   -29.4   9.38  133956. -136.0    1    1  0.1574   3.00   3.56   3.79   2.17   4.73   2.05   6.56
2018 238 10 30   -2.25   12.06  -10.01  -401.0    -3.5   -27.6   8.84  176429. -131.0    1    1  0.1610   2.77   3.53   3.74   2.17   4.68   2.07   6.37
2018 238 10 35   -3.20   11.52  -10.77  -403.0   -12.0   -31.8   8.21  205483. -129.0    1    1  0.1645   2.60   3.50   3.70   2.18   4.64   2.10   6.19
2018 238 10 40   -4.32    9.20  -12.76  -408.6   -11.3   -45.1   8.04  236374. -128.0    1    1  0.1681   2.64   3.49   3.68   2.18   4.65   2.16   6.04
2018 238 10 45   -3.81    7.66  -14.15  -412.7    -0.3   -58.6   6.01  252837. -128.0    1    1  0.1716   2.02   3.48   3.65   2.19   4.66   2.20   5.84
2018 238 10 50   -4.03    8.78  -13.36  -416.0    -3.9   -61.2   5.92  267157. -128.0    1    1  0.1752   2.03   3.46   3.62   2.20   4.66   2.24   5.64
2018 238 10 55   -4.20    8.59  -13.55  -416.0    -4.8   -57.4   6.25  239150. -128.0    1    1  0.1788   2.13   3.45   3.59   2.20   4.67   2.27   5.48
2018 238 11  0   -5.14    9.30  -13.28  -417.1    -2.2   -60.7   5.70  234673. -126.0    1    1  0.1824   1.96   3.43   3.56   2.21   4.66   2.30   5.30
2018 238 11  5   -5.22    8.70  -13.79  -416.5    -0.1   -57.2   5.56  239746. -125.0    1    1  0.1859   1.90   3.42   3.52   2.22   4.67   2.32   5.12
2018 238 11 10   -5.44    8.01  -13.79  -416.2     1.2   -48.5   5.82  232769. -124.0    1    1  0.1895   1.98   3.41   3.50   2.22   4.67   2.35   4.98
2018 238 11 15   -5.51    9.19  -13.43  -417.8     0.1   -51.2   6.45  200269. -124.0    1    1  0.1931   2.21   3.40   3.48   2.23   4.68   2.38   4.86
2018 238 11 20   -5.62    9.67  -13.28  -417.4    -1.1   -59.0   6.75  189793. -122.0    1    1  0.1966   2.32   3.39   3.47   2.24   4.69   2.41   4.77
2018 238 11 25   -5.05    9.62  -13.27  -414.4    -4.5   -58.4   7.12  203169. -122.0    1    1  0.2002   2.42   3.38   3.46   2.24   4.70   2.44   4.70
2018 238 11 30   -4.74   10.87  -12.11  -411.2    -5.3   -47.3   7.77  202205. -123.0    1    1  0.2038   2.58   3.37   3.44   2.25   4.69   2.45   4.64
2018 238 11 35   -4.95   10.41  -13.00  -408.4    -8.5   -58.4   6.69  186125. -122.0    1    1  0.2073   2.21   3.35   3.42   2.25   4.69   2.46   4.54
2018 238 11 40   -4.78   10.90  -12.69  -404.8    -2.3   -47.9   6.57  193062. -122.0    1    1  0.2108   2.12   3.34   3.40   2.26   4.68   2.46   4.44
2018 238 11 45   -5.66   10.99  -12.20  -409.8     0.0   -36.0   7.09  178905. -116.0    1    1  0.2143   2.32   3.32   3.38   2.26   4.66   2.47   4.37
2018 238 11 50   -6.54    9.51  -13.12  -415.2     1.9   -32.4   7.12  193628. -114.0    1    1  0.2179   2.39   3.32   3.37   2.27   4.67   2.49   4.31
2018 238 11 55   -6.69   10.06  -12.86  -415.7     3.7   -32.9   7.00  180387. -117.0    1    1  0.2213   2.36   3.31   3.36   2.28   4.67   2.50   4.26
2018 238 12  0   -6.44   10.08  -12.99  -416.3     1.3   -30.6   6.97  176118. -117.0    1    1  0.2248   2.35   3.30   3.35   2.28   4.67   2.52   4.21
2018 238 12  5   -6.07    9.81  -13.56  -416.6    -4.4   -34.4   7.19  183492. -115.0    1    1  0.2283   2.43   3.30   3.35   2.29   4.70   2.54   4.18
2018 238 12 10   -6.74   10.66  -11.96  -413.7    -9.7   -38.4   8.12  175432. -113.0    1    1  0.2317   2.72   3.29   3.35   2.29   4.69   2.55   4.17
2018 238 12 15   -6.89   10.06  -12.42  -411.2   -20.3   -36.0   8.95  177393. -110.0    1    1  0.2351   2.96   3.29   3.35   2.30   4.70   2.58   4.20
2018 238 12 20   -6.58   11.24  -10.26  -409.1   -21.5   -23.1  10.49  165744. -109.0    1    1  0.2385   3.42   3.27   3.35   2.30   4.67   2.58   4.25
2018 238 12 25   -6.56   12.59   -9.44  -412.3   -22.3   -31.2  12.16  144208. -105.0    1    1  0.2418   4.04   3.26   3.34   2.31   4.63   2.58   4.36
2018 238 12 30   -7.18   10.97  -11.61  -410.0   -23.5   -26.8  11.79  129061. -103.0    1    1  0.2451   3.87   3.26   3.37   2.31   4.65   2.62   4.48
2018 238 12 35   -6.86   12.67   -9.73  -414.4   -21.8   -23.7  12.41  125236. -102.0    1    1  0.2484   4.15   3.25   3.37   2.32   4.63   2.63   4.60
2018 238 12 40   -6.75   13.10   -9.29  -413.7   -19.7   -24.5  12.50  126667. -102.0    1    1  0.2517   4.17   3.24   3.36   2.32   4.60   2.63   4.70
2018 238 12 45   -6.97   12.90   -9.26  -413.6   -20.3   -27.1  12.65  122437. -101.0    1    1  0.2549   4.22   3.22   3.36   2.32   4.56   2.63   4.79
2018 238 12 50   -6.46   14.98   -2.92  -411.5   -28.1   -16.9  12.58  114149.  -98.0    1    1  0.2581   4.15   3.15   3.24   2.32   4.39   2.50   4.69
2018 238 12 55   -6.38   15.26   -2.10  -409.4   -26.3   -12.1  13.60  117788.  -96.0    1    1  0.2613   4.44   3.08   3.12   2.32   4.21   2.36   4.57
2018 238 13  0   -7.02   13.20   -4.84  -412.1   -25.1   -13.0  14.15  119884.  -94.0    1    1  0.2644   4.68   3.03   3.05   2.31   4.09   2.30   4.59
2018 238 13  5    0.12    6.58   13.66  -418.7   -15.2   -38.8  13.70  114869.  -92.0    1    1  0.2675   4.70   2.94   2.89   2.31   3.90   2.09   4.28
2018 238 13 10    3.71    0.65   14.90  -422.0    -7.9   -39.3  12.47   88959.  -92.0    1    1  0.2706   4.34   2.84   2.74   2.30   3.71   1.90   3.99
2018 238 13 15   -4.55    7.67   -1.37  -416.8   -20.8   -64.9  18.58  186849.  -91.0    1    1  0.2736   6.42   2.77   2.64   2.30   3.55   1.80   3.97
2018 238 13 20   -7.49    8.70   -2.35  -422.0   -20.7   -67.6  20.27  229173.  -87.0    1    1  0.2765   7.19   2.72   2.56   2.29   3.42   1.76   4.09
2018 238 13 25   -7.76    9.74    1.50  -425.6   -16.7   -59.9  18.25  210587.  -80.0    1    1  0.2794   6.54   2.63   2.43   2.29   3.26   1.60   3.82
2018 238 13 30   -8.44    9.90    0.10  -433.0   -19.6   -57.1  17.40  181863.  -81.0    1    1  0.2823   6.44   2.55   2.30   2.28   3.11   1.45   3.56
2018 238 13 35   -7.98    8.38   -4.45  -426.3   -25.1   -55.0  19.97  218562.  -79.0    1    1  0.2851   7.17   2.52   2.29   2.28   3.05   1.50   3.86
2018 238 13 40   -7.65    8.85   -2.82  -426.7   -16.2   -51.3  19.07  229960.  -77.0    1    1  0.2879   6.84   2.48   2.25   2.28   2.95   1.50   4.00
2018 238 13 45   -6.90    8.70    1.49  -432.0    -5.6   -52.6  17.21  244872.  -75.0    1    1  0.2906   6.33   2.40   2.13   2.27   2.81   1.36   3.73
2018 238 13 50   -7.31    7.65    2.30  -434.1   -10.3   -53.5  16.93  213316.  -76.0    1    1  0.2933   6.28   2.33   2.02   2.26   2.68   1.24   3.48
2018 238 13 55  -10.64    3.08    3.85  -448.8     9.8   -43.1  14.58  382158.  -75.0    1    1  0.2959   5.74   2.25   1.91   2.26   2.55   1.12   3.24
2018 238 14  0  -10.32    3.29    4.73  -453.2    10.9   -55.4  14.96  415331.  -75.0    1    1  0.2984   6.05   2.18   1.81   2.25   2.43   1.02   3.02
2018 238 14  5  -11.62    6.49    4.75  -455.7    14.5   -47.2  13.60  313818.  -74.0    1    1  0.3009   5.54   2.11   1.71   2.25   2.32   0.93   2.82
2018 238 14 10   -7.37   13.18   -3.31  -443.8    30.4   -52.9  14.50  283671.  -73.0    1    1  0.3034   5.63   2.09   1.70   2.24   2.26   0.98   2.97
2018 238 14 15   -7.29   12.98   -4.39  -447.1    28.1   -51.2  13.61  231812.  -70.0    1    1  0.3057   5.36   2.07   1.70   2.24   2.23   1.06   3.14
2018 238 14 20   -6.50   13.36   -3.31  -448.9    26.4   -50.5  15.21  273452.  -69.0    1    1  0.3081   6.03   2.05   1.69   2.24   2.19   1.11   3.30
2018 238 14 25   -5.62   13.49   -3.87  -451.1    32.2   -50.1  15.30  267707.  -68.0    1    1  0.3103   6.14   2.03   1.69   2.24   2.15   1.18   3.49
2018 238 14 30   -5.52   12.40   -4.66  -451.1    32.2   -50.1  15.30  267707.  -69.0    1    1  0.3125   6.14   2.02   1.70   2.24   2.14   1.26   3.71
2018 238 14 35   -7.65   10.14   -5.47  -445.1     4.7   -58.3  14.56  346918.  -68.0    1    1  0.3146   5.69   2.02   1.73   2.24   2.15   1.34   3.91
2018 238 14 40   -6.70    7.85   -8.69  -445.1     5.3   -57.0  13.59  310747.  -66.0    1    1  0.3167   5.31   2.05   1.81   2.24   2.24   1.49   4.18
2018 238 14 45   -5.57    7.91  -10.70  -442.0    -3.6   -61.2  13.33  334740.  -68.0    1    1  0.3187   5.14   2.09   1.92   2.25   2.39   1.66   4.47
2018 238 14 50   -4.98    8.12   -9.16  -448.4    -2.6   -68.1  13.44  315116.  -71.0    1    1  0.3206   5.36   2.12   2.00   2.26   2.48   1.80   4.72
2018 238 14 55   -6.41   10.25   -6.24  -446.9    -4.3   -81.6  14.36  313012.  -71.0    1    1  0.3225   5.74   2.13   2.02   2.26   2.49   1.86   4.89
2018 238 15  0   -3.77    5.37  -12.54  -453.1    -5.5   -42.9  12.92  313243.  -70.0    1    1  0.3243   5.19   2.19   2.15   2.27   2.69   2.04   5.19
2018 238 15  5   -3.67    4.52  -12.89  -455.3     0.9   -29.8  11.97  314974.  -71.0    1    1  0.3260   4.83   2.25   2.26   2.28   2.88   2.20   5.42
2018 238 15 10   -3.23    2.65  -12.93  -457.9    12.2   -26.1  11.00  318636.  -74.0    1    1  0.3277   4.49   2.30   2.36   2.29   3.05   2.34   5.58
2018 238 15 15   -4.17    5.07  -12.21  -453.8    -6.9   -33.7  11.77  310072.  -79.0    1    1  0.3293   4.72   2.35   2.45   2.30   3.20   2.46   5.76
2018 238 15 20   -3.89    3.40  -12.66  -451.1    -8.8   -31.2  12.05  324460.  -81.0    1    1  0.3308   4.77   2.40   2.55   2.32   3.35   2.57   5.93
2018 238 15 25   -3.21    7.90  -10.83  -447.3   -10.8   -41.4  10.64  330233.  -83.0    1    1  0.3322   4.16   2.42   2.59   2.32   3.43   2.62   5.97
2018 238 15 30   -4.32   10.60  -10.92  -450.4    -1.9   -39.0   9.30  276862.  -86.0    1    1  0.3335   3.68   2.45   2.63   2.33   3.49   2.66   5.95
2018 238 15 35   -2.85   11.38   -9.34  -447.9    -2.2   -40.2  10.87  314526.  -89.0    1    1  0.3348   4.26   2.46   2.65   2.33   3.52   2.68   5.96
2018 238 15 40   -3.02   11.50   -9.62  -448.1    -1.4   -43.1  10.97  281149.  -88.0    1    1  0.3360   4.31   2.48   2.68   2.34   3.56   2.70   5.99
2018 238 15 45   -3.21   11.39   -9.59  -442.5     1.5   -54.9  11.12  307525.  -89.0    1    1  0.3372   4.28   2.49   2.70   2.35   3.59   2.72   6.01
2018 238 15 50   -4.05    9.94  -11.00  -442.1    -4.9   -34.2   9.93  261918.  -88.0    1    1  0.3382   3.78   2.51   2.74   2.35   3.65   2.75   6.00
2018 238 15 55   -3.17    8.90  -12.33  -439.3    -9.4   -37.2  10.68  304220.  -86.0    1    1  0.3392   4.03   2.55   2.80   2.36   3.75   2.80   6.05
2018 238 16  0   -1.96    5.03  -14.08  -444.9     1.0   -24.5  10.57  305886.  -84.0    1    1  0.3401   4.07   2.60   2.88   2.37   3.90   2.88   6.13
2018 238 16  5   -1.80    2.32  -14.34  -447.0    12.9   -12.1  11.20  305421.  -83.0    1    1  0.3409   4.34   2.65   2.97   2.39   4.06   2.97   6.25
2018 238 16 10   -1.88    9.30  -11.28  -446.9    -8.0   -42.0   9.61  273952.  -85.0    1    1  0.3416   3.76   2.67   2.99   2.39   4.10   2.99   6.23
2018 238 16 15   -2.82   10.37  -10.23  -441.2   -13.9   -55.6  10.16  325218.  -87.0    1    1  0.3423   3.90   2.68   3.00   2.40   4.12   2.98   6.20
2018 238 16 20   -1.95   12.37   -7.34  -443.7    -5.9   -67.3  10.86  278930.  -89.0    1    1  0.3428   4.24   2.67   2.97   2.40   4.06   2.93   6.14
2018 238 16 25   -0.28    7.52  -12.19  -447.8    -1.8   -36.3  10.78  332476.  -89.0    1    1  0.3433   4.21   2.70   3.02   2.41   4.14   2.97   6.20
2018 238 16 30   -1.78    9.64  -10.35  -449.7    -9.1   -45.2  11.01  274291.  -84.0    1    1  0.3438   4.36   2.71   3.04   2.42   4.17   2.98   6.24
2018 238 16 35   -1.77   10.48   -9.61  -447.7    -0.8   -46.8  10.44  229514.  -84.0    1    1  0.3441   4.10   2.72   3.04   2.42   4.17   2.97   6.22
2018 238 16 40   -1.70   10.91   -9.56  -457.5     0.5   -36.8  10.69  256208.  -88.0    1    1  0.3443   4.36   2.72   3.05   2.43   4.18   2.98   6.24
2018 238 16 45   -3.15   12.01   -8.47  -447.5    -3.7   -48.1  10.01  248080.  -88.0    1    1  0.3445   3.93   2.72   3.03   2.43   4.15   2.94   6.17
2018 238 16 50   -3.26   12.29   -6.94  -443.3     4.7   -49.5  10.04  238265.  -85.0    1    1  0.3446   3.88   2.70   2.99   2.43   4.08   2.87   6.07
2018 238 16 55   -1.78   13.75   -4.70  -454.7     5.7   -51.7   9.80  238013.  -83.0    1    1  0.3446   3.98   2.66   2.91   2.43   3.96   2.77   5.93
2018 238 17  0   -4.02   14.34   -1.72  -449.0    12.4   -82.2   9.56  218754.  -82.0    1    1  0.3445   3.86   2.60   2.79   2.42   3.79   2.60   5.67
2018 238 17  5   -3.31   12.33   -7.01  -445.0    13.2   -48.8  10.15  256614.  -82.0    1    1  0.3443   3.95   2.58   2.76   2.42   3.74   2.56   5.62
2018 238 17 10   -3.32   13.17   -5.12  -456.1     7.8   -50.4  10.78  231567.  -79.0    1    1  0.3441   4.40   2.55   2.71   2.42   3.65   2.51   5.55
2018 238 17 15   -4.25   14.03   -1.58  -455.8    13.7   -54.6  11.79  242516.  -77.0    1    1  0.3438   4.82   2.49   2.60   2.42   3.50   2.36   5.36
2018 238 17 20   -4.81   13.75   -0.21  -452.4    12.8   -61.2  11.31  220153.  -75.0    1    1  0.3434   4.57   2.42   2.47   2.41   3.34   2.16   5.06
2018 238 17 25   -4.75   13.12    1.69  -453.0    21.0   -62.3  11.66  221067.  -74.0    1    1  0.3429   4.73   2.34   2.34   2.41   3.18   1.96   4.71
2018 238 17 30   -4.49   12.93    0.71  -454.2    18.4   -54.7  10.92  205451.  -72.0    1    1  0.3423   4.44   2.27   2.22   2.40   3.03   1.78   4.39
2018 238 17 35   -4.20   12.96    0.91  -452.2    19.0   -49.2  11.16  241962.  -70.0    1    1  0.3416   4.49   2.20   2.10   2.39   2.88   1.62   4.10
2018 238 17 40   -5.53   12.48    2.20  -447.8    23.1   -63.4  10.72  208407.  -70.0    1    1  0.3409   4.26   2.13   1.99   2.39   2.75   1.47   3.82
2018 238 17 45   -5.04   12.02    4.04  -445.7    29.6   -65.5  10.94  219402.  -67.0    1    1  0.3401   4.32   2.06   1.89   2.38   2.62   1.34   3.56
2018 238 17 50   -4.19   12.57    3.63  -445.3    28.5   -63.0  10.15  237635.  -65.0    1    1  0.3392   3.99   1.99   1.79   2.37   2.49   1.22   3.32
2018 238 17 55   -3.66   12.46    3.80  -446.3    30.0   -68.2   9.72  237312.  -66.0    1    1  0.3382   3.86   1.93   1.69   2.37   2.38   1.10   3.09
2018 238 18  0   -5.18   11.55    2.98  -444.2    30.7   -62.3  11.14  207864.  -65.0    1    1  0.3372   4.36   1.87   1.60   2.36   2.26   1.00   2.88
2018 238 18  5   -2.53   10.26    6.50  -452.2    31.2   -67.8  11.05  237655.  -62.0    1    1  0.3361   4.50   1.81   1.52   2.35   2.16   0.91   2.69
2018 238 18 10   -0.75    8.03    9.38  -460.1    37.6   -76.9  12.04  251039.  -60.0    1    1  0.3348   5.11   1.76   1.44   2.35   2.05   0.83   2.50
2018 238 18 15    0.00    9.18    7.89  -458.2    29.5   -75.4  11.83  238724.  -58.0    1    1  0.3336   4.96   1.70   1.36   2.34   1.96   0.75   2.33
2018 238 18 20   -3.11    9.70    4.71  -458.0    29.8   -74.6  11.38  252934.  -58.0    1    1  0.3322   4.77   1.65   1.29   2.34   1.87   0.68   2.18
2018 238 18 25   -3.82    9.80    3.47  -461.3    26.3   -68.0  10.61  235420.  -59.0    1    1  0.3308   4.49   1.59   1.22   2.33   1.78   0.62   2.03
2018 238 18 30   -1.88    2.67    4.36  -462.0    26.5   -55.2  10.45  262275.  -60.0    1    1  0.3293   4.41   1.54   1.16   2.32   1.69   0.56   1.89
2018 238 18 35   -4.84    6.72    2.92  -464.1    29.3   -52.2  10.32  309507.  -59.0    1    1  0.3277   4.39   1.50   1.10   2.32   1.61   0.51   1.76
2018 238 18 40   -5.20    9.24   -0.46  -470.8    15.6   -48.0   8.64  378019.  -57.0    1    1  0.3260   3.75   1.45   1.05   2.31   1.54   0.50   1.71
2018 238 18 45   -4.73    9.20   -2.53  -469.9     1.2   -44.0   9.32  425012.  -57.0    1    1  0.3243   4.02   1.44   1.04   2.31   1.50   0.56   1.79
2018 238 18 50   -4.69    8.19   -4.17  -470.6     1.0   -31.1   8.61  378715.  -59.0    1    1  0.3225   3.71   1.43   1.06   2.31   1.49   0.65   1.90
2018 238 18 55   -2.23    7.92   -6.08  -478.4     1.9   -22.0   8.16  330107.  -61.0    1    1  0.3206   3.63   1.44   1.10   2.31   1.53   0.78   2.04
2018 238 19  0   -3.29    1.68   -7.98  -478.6    27.5     5.0   7.47  298370.  -60.0    1    1  0.3187   3.34   1.47   1.15   2.31   1.60   0.94   2.18
2018 238 19  5   -0.67    1.26   -8.48  -502.2    28.9     8.9   6.92  274912.  -60.0    1    1  0.3167   3.40   1.50   1.21   2.31   1.69   1.10   2.33
2018 238 19 10   -0.02    5.69   -7.39  -506.4   -27.3    -2.8   6.18  302524.  -60.0    1    1  0.3146   3.08   1.52   1.24   2.32   1.74   1.21   2.41
2018 238 19 15    0.51    4.29   -8.23  -516.8     3.8     5.9   6.13  308147.  -58.0    1    1  0.3125   3.18   1.54   1.29   2.32   1.81   1.34   2.52
2018 238 19 20    0.43    2.85   -8.82  -517.2    18.4     9.3   6.19  347363.  -59.0    1    1  0.3103   3.21   1.57   1.33   2.33   1.89   1.47   2.63
2018 238 19 25   -1.41    2.04   -8.92  -506.0    18.9    21.6   5.72  311170.  -62.0    1    1  0.3080   2.85   1.59   1.37   2.33   1.96   1.57   2.69
2018 238 19 30   -1.00    5.08   -7.25  -507.3    -2.6     1.4   5.78  308514.  -64.0    1    1  0.3057   2.88   1.61   1.39   2.33   1.99   1.63   2.73
2018 238 19 35   -1.68    1.16   -7.54  -511.9    16.1     5.8   5.59  287341.  -66.0    1    1  0.3033   2.85   1.62   1.42   2.33   2.03   1.69   2.77
2018 238 19 40   -1.59   -3.43   -5.48  -513.0    41.0    -7.2   6.04  258117.  -70.0    1    1  0.3009   3.11   1.62   1.41   2.33   2.02   1.72   2.79
2018 238 19 45   -1.95   -7.00   -1.84  -509.9    77.0   -12.6   6.49  234349.  -69.0    1    1  0.2983   3.34   1.59   1.37   2.33   1.94   1.64   2.73
2018 238 19 50   -3.70   -2.01   -4.67  -498.5    59.2    -6.9   6.12  252549.  -68.0    1    1  0.2958   2.99   1.58   1.36   2.33   1.92   1.65   2.72
2018 238 19 55   -1.86   -4.44   -4.14  -510.0    57.3    -6.5   6.47  321968.  -72.0    1    1  0.2932   3.30   1.57   1.35   2.33   1.89   1.64   2.73
2018 238 20  0   -0.74   -4.13   -4.19  -512.6    56.7     6.7   6.50  340507.  -75.0    1    1  0.2905   3.35   1.56   1.34   2.32   1.87   1.65   2.75
2018 238 20  5   -2.08   -0.61   -4.00  -514.6    23.7   -18.9   7.09  353739.  -75.0    1    1  0.2878   3.66   1.55   1.33   2.32   1.84   1.65   2.78
2018 238 20 10   -2.41    0.21   -4.40  -503.2    19.1    -2.4   7.03  383475.  -75.0    1    1  0.2850   3.46   1.54   1.33   2.32   1.82   1.65   2.80
2018 238 20 15   -3.08    1.07   -3.31  -503.1    23.8   -11.6   6.62  371677.  -75.0    1    1  0.2821   3.25   1.52   1.30   2.32   1.78   1.63   2.78
2018 238 20 20   -3.38    2.56   -3.49  -499.8    25.0    -3.6   6.41  355649.  -77.0    1    1  0.2793   3.11   1.51   1.29   2.32   1.74   1.60   2.76
2018 238 20 25   -2.99    4.53   -0.03  -507.5    16.0   -22.6   5.97  327506.  -78.0    1    1  0.2763   2.99   1.46   1.22   2.31   1.66   1.46   2.58
2018 238 20 30   -2.92    6.56    0.85  -511.1     2.2   -29.2   5.76  282120.  -77.0    1    1  0.2734   2.93   1.42   1.16   2.30   1.58   1.33   2.41
2018 238 20 35   -3.60    5.37    0.28  -511.4   -10.4   -20.5   5.21  258033.  -77.0    1    1  0.2703   2.65   1.37   1.09   2.30   1.51   1.21   2.24
2018 238 20 40   -3.33    5.03    1.95  -509.2    -0.9   -29.8   5.18  256808.  -76.0    1    2  0.2673   2.61   1.33   1.04   2.29   1.44   1.10   2.09
2018 238 20 45   -4.63    4.08    1.22  -505.9     8.5   -39.1   5.18  255691.  -76.0    1    1  0.2642   2.58   1.29   0.98   2.28   1.37   1.00   1.95
2018 238 20 50   -5.33    3.23   -0.28  -485.9    10.7   -18.0   5.61  239470.  -76.0    1    1  0.2610   2.57   1.25   0.94   2.28   1.30   0.92   1.85
2018 238 20 55   -5.52    2.31   -1.01  -489.7    12.3   -21.6   5.49  229694.  -77.0    1    1  0.2578   2.56   1.22   0.90   2.27   1.25   0.89   1.79
2018 238 21  0   -3.72   -0.50   -2.83  -490.0    10.0   -12.1   5.35  287811.  -78.0    1    1  0.2546   2.49   1.20   0.89   2.27   1.22   0.90   1.78
2018 238 21  5   -2.32   -1.97   -5.19  -504.0    12.0    -5.2   5.58  322994.  -77.0    1    1  0.2514   2.75   1.21   0.91   2.27   1.24   0.98   1.83
2018 238 21 10   -3.34   -3.13   -4.80  -499.1    42.2   -10.3   5.11  250818.  -76.0    1    1  0.2481   2.48   1.21   0.92   2.27   1.25   1.03   1.86
2018 238 21 15   -2.89   -3.37   -3.95  -499.3    41.3    -9.5   5.36  304201.  -75.0    1    1  0.2448   2.61   1.21   0.93   2.26   1.24   1.07   1.87
2018 238 21 20   -4.72   -1.79   -2.38  -494.6    32.0   -16.7   5.18  249340.  -75.0    1    1  0.2414   2.47   1.19   0.91   2.26   1.21   1.06   1.84
2018 238 21 25   -4.85   -0.46   -0.60  -497.5    29.7   -29.2   5.30  245711.  -75.0    1    1  0.2380   2.56   1.16   0.87   2.25   1.16   1.00   1.77
2018 238 21 30   -5.66    1.48    2.00  -512.7    28.7   -28.5   4.54  212244.  -76.0    1    1  0.2346   2.33   1.12   0.83   2.25   1.10   0.90   1.65
2018 238 21 35   -4.94    1.81    1.75  -501.7    25.8   -38.6   4.58  239188.  -74.0    1    1  0.2312   2.25   1.09   0.78   2.24   1.05   0.82   1.54
2018 238 21 40   -4.44    1.94    1.47  -500.4    20.2   -41.2   4.62  242922.  -73.0    1    1  0.2277   2.26   1.05   0.74   2.24   1.00   0.75   1.43
2018 238 21 45   -3.38    4.00    2.05  -508.9    14.4   -44.0   4.40  240430.  -73.0    1    1  0.2243   2.23   1.02   0.70   2.23   0.95   0.68   1.34
2018 238 21 50   -3.23    3.95    2.08  -509.9     8.9   -44.9   4.10  198986.  -73.0    1    1  0.2208   2.08   0.99   0.67   2.22   0.91   0.62   1.25
2018 238 21 55   -3.68    3.88    2.23  -517.0    15.1   -35.1   3.75  179182.  -73.0    1    1  0.2172   1.95   0.96   0.63   2.22   0.87   0.56   1.16
2018 238 22  0   -3.02    3.16    1.59  -509.3     7.2   -43.0   4.36  230027.  -74.0    1    1  0.2137   2.21   0.93   0.60   2.21   0.82   0.51   1.08
2018 238 22  5   -4.68    1.34    1.28  -506.1    23.5   -30.9   4.12  225840.  -71.0    1    1  0.2101   2.06   0.90   0.57   2.21   0.79   0.46   1.01
2018 238 22 10   -5.05    1.66    1.31  -514.9    25.1   -29.1   3.68  179573.  -70.0    1    1  0.2066   1.90   0.87   0.54   2.20   0.75   0.42   0.94
2018 238 22 15   -5.22    1.23    0.83  -518.2    21.3   -27.0   3.78  175513.  -71.0    1    1  0.2030   1.98   0.84   0.51   2.20   0.71   0.38   0.88
2018 238 22 20   -5.15    1.25    0.89  -521.2    26.1   -18.8   3.47  143511.  -70.0    1    1  0.1994   1.83   0.82   0.48   2.19   0.68   0.35   0.82
2018 238 22 25   -5.28    1.54    1.69  -540.5    17.1   -23.4   3.02  116535.  -69.0    1    1  0.1958   1.71   0.79   0.46   2.18   0.65   0.31   0.76
2018 238 22 30   -5.09    2.11    1.86  -543.8    16.9   -28.7   2.68   97127.  -70.0    1    1  0.1922   1.54   0.77   0.43   2.18   0.62   0.29   0.71
2018 238 22 35   -4.67    2.52    1.93  -542.9    18.4   -28.6   2.54   90969.  -71.0    1    1  0.1886   1.46   0.74   0.41   2.17   0.59   0.26   0.66
2018 238 22 40   -4.45    1.86    1.76  -523.3    10.8   -38.0   3.30  124993.  -70.0    1    1  0.1850   1.76   0.72   0.39   2.17   0.56   0.24   0.62
2018 238 22 45   -4.65    1.59    2.33  -530.8    16.6   -37.4   2.96  124249.  -71.0    1    1  0.1814   1.63   0.70   0.37   2.16   0.53   0.21   0.57
2018 238 22 50   -5.25    0.40    2.04  -534.8    21.9   -35.2   2.59   95241.  -71.0    1    1  0.1778   1.44   0.67   0.35   2.16   0.51   0.19   0.54
2018 238 22 55   -5.56   -0.33    1.82  -539.3    26.4   -32.4   2.43   83146.  -71.0    1    1  0.1741   1.38   0.65   0.33   2.15   0.48   0.18   0.50
2018 238 23  0   -5.36    0.35    1.83  -540.6    28.5   -24.0   2.35   90610.  -70.0    1    1  0.1705   1.34   0.63   0.31   2.14   0.46   0.16   0.47
2018 238 23  5   -5.19    1.01    1.47  -540.9    24.2   -29.4   2.52   89759.  -70.0    1    1  0.1669   1.44   0.61   0.30   2.14   0.44   0.15   0.43
2018 238 23 10   -4.74    2.80    1.64  -545.6     7.3   -30.5   2.51   90450.  -68.0    1    1  0.1633   1.45   0.59   0.28   2.13   0.42   0.13   0.40
2018 238 23 15   -5.24    1.96    0.89  -542.6    12.5   -26.5   2.56   88822.  -67.0    1    1  0.1597   1.46   0.57   0.27   2.13   0.40   0.12   0.38
2018 238 23 20   -4.99    2.60    1.49  -542.6     6.4   -31.6   2.62   93485.  -67.0    1    1  0.1561   1.50   0.56   0.25   2.12   0.38   0.11   0.35
2018 238 23 25   -4.87    2.02    1.91  -536.4    13.3   -29.5   2.47   79439.  -68.0    1    1  0.1525   1.38   0.54   0.24   2.12   0.36   0.10   0.33
2018 238 23 30   -4.54    1.47    2.38  -529.9    15.6   -37.9   2.83  103949.  -67.0    1    1  0.1490   1.55   0.52   0.23   2.11   0.34   0.09   0.31
2018 238 23 35   -4.91    1.40    1.81  -530.6    14.7   -33.1   2.78  100575.  -66.0    1    1  0.1454   1.52   0.51   0.21   2.10   0.33   0.08   0.28
2018 238 23 40   -4.37    1.97    2.50  -529.1    14.5   -40.8   2.80  105909.  -66.0    1    1  0.1419   1.53   0.49   0.20   2.10   0.31   0.07   0.27
2018 238 23 45   -4.35    1.57    2.75  -535.2    16.0   -44.4   2.89  124988.  -66.0    1    1  0.1384   1.62   0.47   0.19   2.09   0.30   0.07   0.25
2018 238 23 50   -4.88    0.64    2.42  -528.9    30.0   -39.9   2.70  103703.  -65.0    1    1  0.1349   1.48   0.46   0.18   2.09   0.28   0.06   0.23
2018 238 23 55   -4.60    2.21    2.01  -530.6     5.3   -36.6   2.81  112472.  -65.0    1    1  0.1314   1.54   0.44   0.17   2.08   0.27   0.06   0.21
2018 239  0  0   -4.89    1.62    1.76  -527.5    11.4   -31.3   2.75   98372.  -64.0    1    1  0.1280   1.49   0.43   0.16   2.08   0.26   0.05   0.20
2018 239  0  5   -4.79    2.02    1.61  -525.7     9.5   -29.7   2.76  103754.  -64.0    1    1  0.1245   1.48   0.42   0.15   2.07   0.25   0.05   0.19
2018 239  0 10   -4.88    2.27    1.14  -524.0    11.6   -28.5   2.53   80898.  -64.0    1    1  0.1211   1.35   0.40   0.15   2.07   0.23   0.04   0.17
2018 239  0 15   -4.93    1.87    1.48  -525.0    14.7   -28.6   2.60   93572.  -64.0    1    1  0.1177   1.39   0.39   0.14   2.06   0.22   0.04   0.16
2018 239  0 20   -5.16    1.47    1.01  -523.3    16.6   -25.4   2.53   85305.  -63.0    1    1  0.1144   1.35   0.38   0.13   2.05   0.21   0.03   0.15
2018 239  0 25   -5.21    1.23    0.93  -522.2    17.8   -25.4   2.57   83094.  -63.0    1    1  0.1111   1.36   0.37   0.12   2.05   0.20   0.03   0.14
2018 239  0 30   -4.94    1.46    1.72  -518.7    22.9   -26.1   2.45   79613.  -63.0    1    1  0.1078   1.28   0.36   0.12   2.04   0.19   0.03   0.13
2018 239  0 35   -4.48    1.85    2.36  -520.1    14.9   -39.2   2.46   91167.  -64.0    1    1  0.1045   1.30   0.34   0.11   2.04   0.18   0.03   0.12
2018 239  0 40   -4.35    1.85    2.75  -524.1     8.4   -46.8   2.52  101651.  -64.0    1    1  0.1013   1.35   0.33   0.11   2.03   0.17   0.02   0.11
