2024 130  0  0   -1.81    1.02    0.51  -458.0     8.3   -16.3   2.96   108203  1.24    68     5
2024 130  0  5   -1.81    0.20    0.43  -456.6    17.7   -15.4   3.34    82278  1.40    64     5
2024 130  0 10   -1.58    0.29   -0.03  -458.2    17.9   -12.6   2.88   128373  1.21    64     5
2024 130  0 15   -1.51    0.18   -0.37  -458.7    19.0    -7.3   2.77   121172  1.17    67     4
2024 130  0 20   -1.25    0.09   -0.50  -457.8    17.4   -10.4   2.89   120314  1.21    71     4
2024 130  0 25   -1.29    2.09   -0.11  -461.2     1.9    -9.6   2.83    86214  1.20    75     4
2024 130  0 30   -1.40    2.01    0.35  -459.4     1.7   -18.2   2.78    92909  1.18    75     4
2024 130  0 35   -1.62    1.80    0.12  -459.4     1.4   -23.1   2.95   110257  1.25    78     4
2024 130  0 40   -1.10    2.02    0.67  -461.1     1.6   -10.9   2.81    96156  1.20    78     4
2024 130  0 45   -1.50    1.93   -0.24  -459.4     0.4   -10.9   2.93   100818  1.24    81     4
2024 130  0 50   -1.41    1.81    0.14  -459.3     0.7   -11.6   3.07    97250  1.29    80     4
2024 130  0 55   -1.08    2.09    0.21  -458.1     1.6   -17.9   2.86    93062  1.20    82     4
2024 130  1  0   -1.01    2.24   -0.13  -459.8    -1.1   -14.9   2.96    92991  1.25    95     4
2024 130  1  5   -0.94    2.40   -0.50 99999.9 99999.9 99999.9 999.99  9999999 99.99    80     3
2024 130  1 10   -0.68    2.56   -0.57  -464.0     3.9    -6.4   2.64    78447  1.14    77     3
2024 130  1 15   -1.09    2.75   -0.07  -462.6     5.8    -7.9   2.60    73026  1.12    80     3
2024 130  1 20   -1.03    2.68    0.11  -461.8     4.7   -12.4   2.78    78355  1.19    80     3
2024 130  1 25   -0.92    2.34   -0.17  -462.4    -3.4    -7.5   2.83    92302  1.21    85     3
2024 130  1 30   -1.52    2.36    0.28  -460.4     2.2   -15.1   2.85    92639  1.21    84     3
2024 130  1 35   -1.28    2.46    0.00  -461.4     1.5    -6.1   2.81    85624  1.20    83     3
2024 130  1 40   -1.16    1.93   -0.45  -464.4     3.0    -6.2   2.95    86772  1.27    86     4
2024 130  1 45   -1.00    1.85   -1.04  -463.5     3.1    -3.5   2.86    95643  1.23    87     3
2024 130  1 50   -0.92    1.73   -1.24  -455.8    -2.7     0.2   3.12    93276  1.30    89     3
2024 130  1 55   -1.13    2.10   -0.63  -459.5    -1.1    -5.8   2.65    83839  1.11    85     3
2024 130  2  0   -1.73    1.84   -0.50  -460.6     3.5    -3.9   2.76    77399  1.17    86     3
2024 130  2  5   -1.94    1.77   -0.41  -454.5     2.9    -9.7   3.20    79836  1.32    85     3
2024 130  2 10   -1.57    1.64   -0.72  -458.0    -0.6    -9.3   3.00    88422  1.26    82     4
2024 130  2 15   -1.58    0.57   -1.80  -449.5    11.6     5.3   3.17    70210  1.28    75     4
2024 130  2 20   -1.54    0.23   -1.89  -455.4    13.3     8.2   3.04   111449  1.26    77     4
2024 130  2 25   -1.32    0.99   -1.36  -455.3     5.4    -1.2   2.96    92821  1.23    76     4
2024 130  2 30   -0.85    1.05   -1.43  -458.6     4.2    -2.4   2.80    86755  1.18    80     3
2024 130  2 35   -0.72    2.81   -0.22  -459.5    -2.4    -8.8   2.67    75480  1.13    81     4
2024 130  2 40   -0.53    2.81   -0.17  -460.3    -2.4    -5.1   2.67    73309  1.13    78     4
2024 130  2 45   -0.36    1.59   -0.74  -460.1     2.8     2.1   2.78    84017  1.18    78     4
2024 130  2 50    0.01    1.76   -0.48  -463.4     0.0    -7.9   2.54    72636  1.09    80     4
2024 130  2 55   -0.52    0.64   -2.27  -458.8     5.1    -2.9   2.75    80766  1.16    75     3
2024 130  3  0    0.16    1.44   -2.23  -461.5     6.5     8.3   2.62    78438  1.12    73     3
2024 130  3  5    0.59    1.98   -2.11  -461.8     6.0     4.3   2.62    83902  1.12    72     2
2024 130  3 10   -0.88    1.99   -1.85  -454.6     3.1     4.7   2.75    88238  1.14    73     2
2024 130  3 15   -0.86    1.98   -1.71  -460.1     5.5     1.7   2.58    81023  1.09    79     2
2024 130  3 20   -1.13    1.97   -1.67 99999.9 99999.9 99999.9 999.99  9999999 99.99    80     2
2024 130  3 25   -1.14    0.91   -2.13  -458.8     1.1     4.7   2.74    77867  1.15    83     2
2024 130  3 30   -1.00    0.80   -2.25  -456.6     8.2     5.1   2.98    91324  1.24    79     1
2024 130  3 35   -1.02   -0.16   -2.26  -456.5    13.6     5.4   2.90    89336  1.21    87     1
2024 130  3 40   -0.49    1.98   -0.88  -458.6     2.6    -2.4   2.80    80934  1.18    93     0
2024 130  3 45    0.46    2.66    0.12  -462.6    -2.4    -7.0   2.74    75151  1.17    96     1
2024 130  3 50    0.53    2.49   -0.22  -464.2    -4.0    -6.6   2.67    76620  1.15    73     3
2024 130  3 55    0.26    2.61    0.24  -464.4    -8.0   -14.9   2.79    74494  1.21   107     4
2024 130  4  0   -0.70    2.71    0.25  -454.0    -0.6    -7.1   2.89    88469  1.19   114     4
2024 130  4  5   -0.37    2.56   -0.81  -458.8    -0.3    -7.9   2.71    70998  1.14    98     4
2024 130  4 10   -0.27    1.80   -2.38  -457.8    -1.1     1.0   2.85    73976  1.19    82     3
2024 130  4 15   -0.21    1.74   -2.49  -458.9     2.7     4.1   2.94    77667  1.23    67     2
2024 130  4 20   -0.43    0.84   -3.01  -458.0     3.8     2.1   2.69    72955  1.13    54     2
2024 130  4 25   -0.77    0.72   -2.89  -453.3    19.8     3.6   2.93    89350  1.21    57     3
2024 130  4 30   -1.60   -0.07   -2.28  -452.6    15.2     4.8   2.94    99726  1.21    67     2
2024 130  4 35   -1.38    1.12   -1.88  -457.9    -4.2    -1.9   2.98    81130  1.25   102     4
2024 130  4 40   -0.91    1.56   -1.67  -455.8    -0.4    -1.4   2.76    79476  1.15   116     4
2024 130  4 45   -0.36    2.16   -0.38  -465.5    -1.7    -7.2   2.81   101305  1.22   122     3
2024 130  4 50   -0.10    2.59   -0.62  -464.6    -0.7    -9.0   2.81    92718  1.21   102     2
2024 130  4 55    0.05    3.01   -0.58 99999.9 99999.9 99999.9 999.99  9999999 99.99    79     0
2024 130  5  0   -0.12    3.03   -0.54  -462.3    -7.8    -7.6   2.75    71427  1.18    69    -1
2024 130  5  5   -0.47    3.19   -0.55  -461.4    -6.7    -8.2   2.81    69180  1.20    75    -1
2024 130  5 10   -1.23    3.06    0.17  -458.9    -8.3   -10.3   2.90    82735  1.22    81     0
2024 130  5 15   -1.05    2.91    0.13  -458.3    -9.8   -10.2   2.95    82738  1.24    77     0
2024 130  5 20   -2.05    1.34    1.20  -453.1    -3.1   -13.8   2.98    76423  1.22    74    -1
2024 130  5 25   -1.89    1.68    0.98  -457.6   -18.9    -3.9   2.92    77148  1.23    64    -1
2024 130  5 30   -1.51    1.90    1.00  -453.0    -8.2    -9.7   3.18    85336  1.31    60    -2
2024 130  5 35   -1.56    1.92    1.10  -453.8    -5.1   -14.9   3.12    78775  1.28    64    -2
2024 130  5 40   -1.77    1.83    1.17  -454.2    -7.4   -10.4   3.16    75146  1.31    63    -2
2024 130  5 45   -2.06    1.75    0.93  -452.0    -4.6   -12.8   3.12    85810  1.27    59    -2
2024 130  5 50   -2.23    2.03    0.20  -450.4   -12.6    -6.4   3.07   102117  1.25    61    -2
2024 130  5 55   -0.93    2.43    0.75  -456.7   -11.1   -12.9   2.93    91996  1.22    65    -1
2024 130  6  0   -0.32    2.59    0.21  -460.6    -7.8   -10.3   2.97    74974  1.26    68    -1
2024 130  6  5   -0.73    2.59    0.61  -462.0   -14.7    -3.4   2.75    73485  1.17    67    -1
2024 130  6 10   -1.26    2.16    1.05  -459.0   -11.7    -7.8   2.70    76232  1.14    70     0
2024 130  6 15   -1.63    2.08    1.43  -454.5   -13.3   -12.8   2.74    78673  1.13    74     1
2024 130  6 20   -1.53    2.33    1.22  -454.3   -15.3   -13.6   2.78    80577  1.15    73     1
2024 130  6 25   -1.83    2.15    1.02  -453.3   -17.6    -7.3   2.95    77323  1.21    66     1
2024 130  6 30   -1.57    2.48    0.61  -456.8   -18.1    -5.0   2.86    72738  1.19    78     1
2024 130  6 35   -1.50    2.43    0.16 99999.9 99999.9 99999.9 999.99  9999999 99.99    90     0
2024 130  6 40   -1.20    2.53    0.28  -456.2   -14.4    -9.7   2.84    84674  1.19    82     0
2024 130  6 45   -1.74    2.09   -0.47  -453.3   -11.2    -1.7   3.00    95071  1.23    77     1
2024 130  6 50   -1.58    2.33   -0.48  -453.8   -12.7     1.2   3.06    79790  1.27    74     1
2024 130  6 55   -1.27    2.56    0.07  -456.5   -13.2    -4.7   2.87    77254  1.20    72     0
2024 130  7  0   -0.29    3.07   -0.22  -456.1    -9.0    -5.4   2.73    58718  1.14    66     0
2024 130  7  5   -1.28    2.90    0.55  -450.9   -12.3    -3.8   2.89    69991  1.17    65     0
2024 130  7 10   -2.09    2.07    1.31  -446.9   -14.1    -7.1   3.06    80611  1.22    62     0
2024 130  7 15   -2.49    1.80    1.07  -442.1   -18.4    -1.3   3.27    81486  1.29    65    -1
2024 130  7 20   -2.50    1.56    1.23  -445.5   -21.6    -6.9   3.21    84670  1.28    65    -1
2024 130  7 25   -2.48    1.72    1.10  -445.0   -22.4    -2.3   3.29    84480  1.31    59    -1
2024 130  7 30   -2.68    0.88    1.49 99999.9 99999.9 99999.9 999.99  9999999 99.99    60    -1
2024 130  7 35   -2.64    0.79    1.62  -440.9    -3.8    -9.0   3.16    86293  1.23    60    -1
2024 130  7 40   -2.65    0.42    1.83  -442.1     2.1   -14.1   3.07    84702  1.20    53    -1
2024 130  7 45   -2.71   -0.10    1.98  -443.0     4.9   -13.7   3.06    82869  1.20    54    -1
2024 130  7 50   -2.72   -0.24    1.92  -439.6     3.6    -8.8   3.16    87269  1.23    54    -1
2024 130  7 55   -2.75   -0.09    1.78  -439.0     7.8   -11.0   3.15    83970  1.22    57    -1
2024 130  8  0   -2.92    0.67    1.41  -438.3    -3.0    -7.0   3.11    84497  1.20    58     0
2024 130  8  5   -2.99    0.05    1.73  -436.7     5.5    -6.8   3.20    88482  1.22    55     0
2024 130  8 10   -3.05   -0.05    1.83  -436.4     8.3    -4.5   3.26    88673  1.24    56     0
2024 130  8 15   -2.81    0.01    2.06  -438.2     4.8   -10.0   3.21    77020  1.23    54     0
2024 130  8 20   -2.80    0.51    1.69  -437.6   -17.6    -9.6   2.91    64494  1.12    58     0
2024 130  8 25   -2.72    0.79    1.48  -436.7    -8.4   -10.6   2.98    84525  1.14    57     0
2024 130  8 30   -2.89    0.59    1.15  -433.9     3.6   -14.6   3.40   119536  1.28    61     1
2024 130  8 35   -2.61    1.20    1.14  -435.3     0.2   -13.6   3.19    97056  1.21    60     0
2024 130  8 40   -2.51    1.58    1.25  -436.0   -10.4   -10.7   3.07    87170  1.17    60     1
2024 130  8 45   -2.90    1.24    0.83  -434.3    -4.9   -10.5   3.29   108584  1.24    61     2
2024 130  8 50   -2.45    1.63    1.33  -436.3   -10.6   -11.0   2.95    78199  1.12    78     3
2024 130  8 55   -2.50    0.53    1.67  -434.1    -3.8   -16.3   3.13    93831  1.18    76     3
2024 130  9  0   -1.73   -1.01    2.75  -442.6    11.8   -20.4   2.93    63393  1.15    90     3
2024 130  9  5   -2.27   -0.33    2.50 99999.9 99999.9 99999.9 999.99  9999999 99.99    83     4
2024 130  9 10   -2.51   -0.52    2.29  -434.4    13.8   -16.9   2.88    78879  1.09    91     6
2024 130  9 15   -2.48   -0.60    2.25  -435.4     5.2   -23.1   2.86    84083  1.09   103     6
2024 130  9 20   -2.39   -0.64    2.16 99999.9 99999.9 99999.9 999.99  9999999 99.99   111     6
2024 130  9 25   -2.66    0.64    1.45  -429.5     8.4   -20.1   3.22   106367  1.19   105     5
2024 130  9 30   -2.78    1.02    1.28  -431.7    -0.6   -14.5   3.26    59120  1.22   100     5
2024 130  9 35   -2.98    0.67    1.07  -431.9    -0.4   -14.9   3.32    65217  1.24    98     6
2024 130  9 40   -3.07    0.56    1.09 99999.9 99999.9 99999.9 999.99  9999999 99.99   103     5
2024 130  9 45   -3.03    0.61    1.15  -431.6     1.2   -15.7   3.46    68465  1.29   106     4
2024 130  9 50   -2.86    0.70    1.42 99999.9 99999.9 99999.9 999.99  9999999 99.99   102     3
2024 130  9 55   -2.79    0.54    1.30  -430.7    -0.9   -12.1   3.17    94109  1.18   108     2
2024 130 10  0   -2.64    1.35   -0.11 99999.9 99999.9 99999.9 999.99  9999999 99.99   104     1
2024 130 10  5   -2.71    1.19    0.36 99999.9 99999.9 99999.9 999.99  9999999 99.99   105     1
2024 130 10 10   -2.61    1.21   -0.10 99999.9 99999.9 99999.9 999.99  9999999 99.99   111     2
2024 130 10 15   -2.49    1.55   -0.45 99999.9 99999.9 99999.9 999.99  9999999 99.99   112     2
2024 130 10 20   -2.37    1.37   -0.43  -435.8     0.6    -9.7   3.41    86046  1.30   109     4
2024 130 10 25   -2.42    1.28   -0.51  -436.3    -0.4    -9.2   3.35   107586  1.28   107     3
2024 130 10 30   -2.23    1.49   -0.64  -436.8    -3.5    -2.9   3.39   116240  1.29   103     4
2024 130 10 35   -1.72    1.57   -1.73  -438.4    -3.5     1.2   3.17    86771  1.22   105     4
2024 130 10 40   -1.79    0.82   -2.24  -439.8     4.2     0.6   3.18    85645  1.23   105     4
2024 130 10 45   -2.06    0.82   -1.80  -439.2     4.1     0.9   3.30    91643  1.27   138     5
2024 130 10 50   -2.34    0.76   -1.65  -432.1     2.2    13.5   3.45    81265  1.29   119     6
2024 130 10 55   -1.86    0.52   -2.31  -438.7     4.7     3.8   3.24    75303  1.25   114     5
2024 130 11  0   -2.31    0.76   -1.11  -438.1     2.8    -5.4   3.55    88284  1.36   114     5
2024 130 11  5   -2.44    0.82   -0.24  -429.5     2.4   -12.6   3.23    66645  1.19   112     5
2024 130 11 10   -2.55    1.23    0.75  -431.2     0.8   -14.8   3.37    71488  1.25   110     4
2024 130 11 15   -2.25    1.63    0.89  -433.2    -1.7   -19.2   3.19    80867  1.20   143     4
2024 130 11 20   -2.44    1.43    0.69  -432.1     0.1   -18.2   3.47    81937  1.30   126     4
2024 130 11 25   -2.36    1.64    0.49  -430.9     0.7   -15.4   3.40    94558  1.27   120     4
2024 130 11 30   -2.34    1.61    0.61  -432.5    -5.3   -24.3   3.20    90814  1.20   127     5
2024 130 11 35   -2.15    2.17    0.52  -432.0    -1.5   -20.6   3.32   105544  1.25   123     5
2024 130 11 40   -2.48    1.34   -0.52  -430.2    -9.3   -11.4   3.13    77212  1.16   123     5
2024 130 11 45   -2.69    1.15   -1.07  -426.8     1.8    -9.7   3.30    85343  1.21   125     5
2024 130 11 50   -2.76    1.28   -0.94  -424.5    -4.3    -9.8   3.29    69800  1.19   125     5
2024 130 11 55   -2.74    1.31   -1.20  -423.6     1.1    -6.9   3.48    55252  1.25   119     5
2024 130 12  0   -2.88    0.97   -1.16  -427.8    -6.9   -10.5   3.18    60796  1.17   132     4
2024 130 12  5   -3.23    0.42   -1.46  -423.8    -4.5   -10.5   3.42    55533  1.23   138     4
2024 130 12 10   -3.03    1.47   -0.86  -424.3    -9.4    -9.7   3.18    64514  1.15   132     4
2024 130 12 15   -2.82    1.80   -0.82  -425.1    -8.5   -14.0   3.26    75840  1.18   132     4
2024 130 12 20   -2.95    1.49   -1.00  -421.2     4.9    -4.7   3.59    65425  1.27   132     3
2024 130 12 25   -3.08    1.33   -0.86  -423.4    -0.8    -8.2   3.86    85840  1.38   149     3
2024 130 12 30   -3.15    1.29   -0.69  -423.8    -1.2    -6.5   3.53    65102  1.27   172     3
2024 130 12 35   -3.19    1.21   -0.81  -425.6    -3.3   -10.1   3.99   100365  1.45   244     3
2024 130 12 40   -3.21    1.18   -0.69  -424.3    -2.7   -11.7   4.00    99265  1.44   231     4
2024 130 12 45   -3.19    1.08   -0.77  -425.2    -4.1   -10.3   4.04   102386  1.46   209     4
2024 130 12 50   -3.21    1.06   -0.89  -422.7    -0.9    -8.6   3.75    78114  1.34   190     4
2024 130 12 55   -3.24    0.97   -0.97  -423.1    -5.3    -6.9   3.53    49064  1.26   181     4
2024 130 13  0   -3.33    0.94   -0.96  -421.9    -0.3    -7.4   3.53    49298  1.26   179     5
2024 130 13  5   -3.38    0.93   -1.03  -421.5    -0.5    -7.1   3.48    46978  1.24   169     5
2024 130 13 10   -3.34    0.95   -1.10  -421.2    -2.2    -7.0   3.38    48988  1.21   167     6
2024 130 13 15   -3.47    0.77   -0.85  -416.7    -7.2    -7.7   3.47    70865  1.21   152     6
2024 130 13 20   -3.44    0.81   -0.99  -417.0    -1.7     3.9   3.45    56465  1.20   171     6
2024 130 13 25   -3.37    0.87   -1.08  -421.3    -4.4    -4.1   3.63    54243  1.29   161     7
2024 130 13 30   -3.43    0.84   -1.15  -419.4    -6.3     3.7   3.73    59616  1.32   152     7
2024 130 13 35   -3.49    0.51   -1.21  -419.4    -1.9     3.9   3.76    58987  1.32   148     7
2024 130 13 40   -3.40    0.84   -1.11  -420.0    -3.5     3.3   3.83    60732  1.35   151     7
2024 130 13 45   -3.46    1.04   -1.14  -421.4    -3.2    -4.5   3.82    57576  1.36   163     7
2024 130 13 50   -3.39    1.04   -1.12  -421.4    -3.7    -3.5   3.86    47872  1.37   178     6
2024 130 13 55   -3.43    0.97   -1.10  -421.9    -5.8    -4.5   3.83    55614  1.36   170     6
2024 130 14  0   -3.41    1.01   -1.14  -419.8    -0.2     0.7   3.90    58045  1.38   190     7
2024 130 14  5   -3.40    1.13   -1.02  -423.1    -9.2    -9.5   3.88    70497  1.39   200     6
2024 130 14 10   -3.41    1.09   -1.10  -421.8    -7.8    -5.5   4.00    52742  1.42   204     6
2024 130 14 15   -3.47    0.90   -1.11  -423.3    -5.3    -4.4   3.91    55999  1.40   165     6
2024 130 14 20   -3.44    0.88   -1.09  -422.2    -3.7    -0.4   3.96    56228  1.41   181     6
2024 130 14 25   -3.33    0.81   -1.11  -421.3    -2.9    -1.5   4.09    48690  1.45   206     6
2024 130 14 30   -2.44    0.42   -1.62  -421.0     3.4     5.1   3.69    67539  1.31   221     6
2024 130 14 35   -0.13    1.40   -0.43  -430.2    -3.2    -7.2   3.60    69939  1.33   221     7
2024 130 14 40   -0.86    1.50   -0.47  -428.2    -6.7    -3.9   3.69    53040  1.36   190     7
2024 130 14 45   -1.66    1.10   -0.42  -425.8    -3.1    -2.5   3.73    55491  1.35   162     7
2024 130 14 50   -0.23    1.42   -0.33  -434.7    -0.5    -4.5   3.64    65486  1.38   187     6
2024 130 14 55   -1.22    1.56   -0.40  -419.0    -5.8    -3.4   3.92    59777  1.38   201     5
2024 130 15  0   -1.48    1.22   -0.70  -424.0    -8.8    -1.1   3.63    55520  1.31   167     5
2024 130 15  5   -0.15    1.33   -0.53  -425.6    -2.3    -0.3   3.59    71688  1.30   138     4
2024 130 15 10   -0.60    1.28   -0.61  -420.2    -3.8    -6.0   3.86    64793  1.36   132     4
2024 130 15 15   -0.69    1.71   -0.44  -418.6    -9.1    -0.5   3.60    63473  1.26   159     3
2024 130 15 20   -0.62    1.83   -0.70  -422.3   -11.8    -0.9   3.63    66749  1.30   151     3
2024 130 15 25   -1.60    1.55   -0.90  -411.1    -9.0     1.1   3.91    69198  1.32   193     3
2024 130 15 30   -2.06    0.97   -0.25  -399.7     3.5    -2.7   4.15    88244  1.33   193     2
2024 130 15 35   -2.43    0.98   -0.66  -415.2   -11.2     8.2   3.46    97760  1.19   181     2
2024 130 15 40   -1.42    1.32    0.02  -399.5    -7.0     2.3   4.18    88244  1.33   163     2
2024 130 15 45    0.07    2.55   -0.29  -419.7   -11.3   -12.6   3.71    48557  1.31   148     3
2024 130 15 50   -0.64    2.07   -0.77  -423.7   -12.5    -4.5   3.32    52805  1.19   106     4
2024 130 15 55    0.43    2.88   -0.31  -421.7   -12.6    -1.2   3.57    60785  1.27    91     5
2024 130 16  0    0.99    3.51   -0.48  -421.9   -16.7    -2.5   3.51    34976  1.25    86     4
2024 130 16  5    1.31    3.45   -0.19  -425.1   -17.3    -5.2   3.46    34134  1.25    84     4
2024 130 16 10    0.87    3.47    0.10  -421.7   -17.2    -9.1   3.81    41364  1.36    86     3
2024 130 16 15    0.11    3.44    0.11  -415.4   -15.3    -6.3   3.61    38703  1.25    94     3
2024 130 16 20    1.00    3.34   -0.04  -422.5   -16.6    -8.5   3.70    38892  1.32    93     3
2024 130 16 25    1.69    3.31   -0.01  -424.3   -16.4    -5.7   3.53    38385  1.27    88     3
2024 130 16 30    0.17    3.47    0.34  -414.2   -16.5   -10.8   3.70    41293  1.27    83     3
2024 130 16 35   -0.11    3.55    0.44  -413.2   -16.5   -10.5   3.62    38447  1.24    82     3
2024 130 16 40   -0.89    3.31    0.67  -411.5   -18.3    -9.5   3.72    38940  1.26    83     3
2024 130 16 45    0.04    3.50    0.51  -413.5   -16.5    -7.7   3.98    44943  1.36    82     3
2024 130 16 50   -0.22    3.59    0.61  -414.5   -16.0   -11.3   3.75    30219  1.29    78     3
2024 130 16 55   -0.17    3.72    0.33  -412.6   -15.2    -4.6   3.73    33338  1.28    77     3
2024 130 17  0   -0.33    3.71   -0.23  -410.8   -16.7    -4.9   3.72    36504  1.26    77     3
2024 130 17  5   -0.21    3.71    0.08  -414.0   -17.4    -2.3   3.78    39202  1.30    79     4
2024 130 17 10   -0.46    3.63   -0.25  -413.0   -19.1     0.7   3.86    39496  1.32    82     4
2024 130 17 15    0.10    3.65    0.08  -416.6   -15.2    -1.1   3.72    40467  1.29    84     3
2024 130 17 20    0.29    3.69    0.13  -416.9   -14.6    -5.7   3.75    41668  1.30    83     3
2024 130 17 25   -0.09    3.78   -0.61  -412.4   -16.5     1.9   3.74    34576  1.27    86     3
2024 130 17 30    0.40    3.76   -0.62  -414.3   -16.6     0.8   3.77    34664  1.29    87     3
2024 130 17 35    0.31    3.74   -0.50  -411.4   -16.8     2.5   4.07    44530  1.38    88     3
2024 130 17 40   -1.23    4.63   -1.54 99999.9 99999.9 99999.9 999.99  9999999 99.99    89     3
2024 130 17 45   -2.29    2.08   -3.99 99999.9 99999.9 99999.9 999.99  9999999 99.99    88     3
2024 130 17 50   -1.69    2.68   -3.78 99999.9 99999.9 99999.9 999.99  9999999 99.99    86     4
2024 130 17 55   -2.28    4.51   -1.46 99999.9 99999.9 99999.9 999.99  9999999 99.99    83     4
2024 130 18  0   -1.15    5.60    1.30 99999.9 99999.9 99999.9 999.99  9999999 99.99    80     4
2024 130 18  5   -1.04    5.50   -1.00 99999.9 99999.9 99999.9 999.99  9999999 99.99    80     4
2024 130 18 10   -3.84    0.38   -4.24 99999.9 99999.9 99999.9 999.99  9999999 99.99    81     5
2024 130 18 15   -4.38   -0.15   -3.51 99999.9 99999.9 99999.9 999.99  9999999 99.99    76     4
2024 130 18 20   -3.65    2.69   -4.27 99999.9 99999.9 99999.9 999.99  9999999 99.99    71     7
2024 130 18 25   -3.51    2.75   -3.93 99999.9 99999.9 99999.9 999.99  9999999 99.99    91    12
2024 130 18 30    1.61    5.63    1.25 99999.9 99999.9 99999.9 999.99  9999999 99.99   100    13
2024 130 18 35    1.92    5.73    0.66 99999.9 99999.9 99999.9 999.99  9999999 99.99   110    13
2024 130 18 40    0.30    5.91   -1.12 99999.9 99999.9 99999.9 999.99  9999999 99.99   109    14
2024 130 18 45   -0.36    5.17   -3.08 99999.9 99999.9 99999.9 999.99  9999999 99.99   109    13
2024 130 18 50   -1.57    5.36   -2.75 99999.9 99999.9 99999.9 999.99  9999999 99.99   118    12
2024 130 18 55   -2.63    2.56   -4.62 99999.9 99999.9 99999.9 999.99  9999999 99.99   123    12
2024 130 19  0   -2.21    1.59   -5.09 99999.9 99999.9 99999.9 999.99  9999999 99.99   124    13
2024 130 19  5   -1.97    3.70   -4.20 99999.9 99999.9 99999.9 999.99  9999999 99.99   110    12
2024 130 19 10    0.54    5.68   -1.76 99999.9 99999.9 99999.9 999.99  9999999 99.99    94    11
2024 130 19 15   -3.67    3.47   -4.77  -408.1    -7.9    32.0   6.35    54269  2.13   105     9
2024 130 19 20    0.37    5.59   -0.92  -415.0    -0.9    27.4   6.95    49304  2.41   138    10
2024 130 19 25    2.06    5.85    1.04  -435.6   -13.4     0.8   7.69    38799  2.92   168    13
2024 130 19 30    0.37    6.15   -0.42  -426.7   -17.6     8.7   7.31    47282  2.67   202    13
2024 130 19 35   -0.16    5.99   -1.87  -419.6   -17.4    20.3   7.35    52799  2.60   182    12
2024 130 19 40   -1.22    5.36   -3.15  -413.2   -15.2    27.2   7.18    44386  2.47   127     9
2024 130 19 45   -0.16    5.83   -1.63  -417.5   -15.0    22.6   7.06    42352  2.47    91     9
2024 130 19 50   -2.30    2.39   -4.33  -410.3    -7.7    32.4   7.44    54126  2.53   109     8
2024 130 19 55   -3.43    1.71   -4.54  -404.6    -1.4    36.3   7.27    47285  2.40   210     8
2024 130 20  0   -0.80    5.85   -0.12  -408.9   -13.9    17.5   7.40    48550  2.48   214     7
2024 130 20  5   -1.01    4.10   -3.01  -430.4   -16.7    18.9   7.95    28831  2.95   224     9
2024 130 20 10    1.80    5.68   -1.56  -428.4   -16.2    16.5   7.88    31625  2.90   285    10
2024 130 20 15    1.67    6.00   -0.25  -427.0   -17.4    12.3   7.88    30873  2.88   279    11
2024 130 20 20    1.97    5.86    1.47  -426.3   -18.1     6.7   7.40    28522  2.69   253    11
2024 130 20 25    2.02    5.95    1.30  -425.9   -20.7     6.9   7.43    28355  2.70   202    11
2024 130 20 30    0.30    5.45    0.45  -423.8   -18.6     6.4   7.63    30387  2.75   187    10
2024 130 20 35   -0.20    5.34   -0.66  -422.7   -17.2    10.1   7.80    31974  2.80   189    11
2024 130 20 40   -0.35    5.41   -0.41  -422.2   -18.6     8.6   7.50    28676  2.68   175    12
2024 130 20 45   -0.69    5.27   -0.65  -419.6   -20.9    11.0   7.72    27310  2.73   156    11
2024 130 20 50    0.45    5.74    0.59  -419.1   -22.1    13.1   7.65    27709  2.70   132    12
2024 130 20 55    0.12    5.68   -0.46  -415.4   -19.6    15.5   7.51    29061  2.61   111    13
2024 130 21  0   -4.08    3.46   -3.23  -409.1   -19.2    24.8   5.24    36892  1.76    96    13
2024 130 21  5   -1.87    4.74   -2.94 99999.9 99999.9 99999.9 999.99  9999999 99.99   101     8
2024 130 21 10   -1.85    4.66   -3.01 99999.9 99999.9 99999.9 999.99  9999999 99.99   106     8
2024 130 21 15   -1.65    4.48   -3.43 99999.9 99999.9 99999.9 999.99  9999999 99.99    74    10
2024 130 21 20   -1.72    4.56   -3.48 99999.9 99999.9 99999.9 999.99  9999999 99.99    99    12
2024 130 21 25   -2.68    4.61   -2.36 99999.9 99999.9 99999.9 999.99  9999999 99.99   120    13
2024 130 21 30   -3.98    4.55   -1.17 99999.9 99999.9 99999.9 999.99  9999999 99.99   111    13
2024 130 21 35   -3.90    4.44   -1.36 99999.9 99999.9 99999.9 999.99  9999999 99.99    93    13
2024 130 21 40   -2.64    4.55   -2.27  -413.6   -14.3    22.1   5.49    62599  1.89    90    12
2024 130 21 45   -1.68    5.08   -1.58  -419.5   -21.9     9.8   6.42    56984  2.27    94    12
2024 130 21 50   -1.66    5.11   -1.82 99999.9 99999.9 99999.9 999.99  9999999 99.99    91    11
2024 130 21 55   -1.22    5.06   -1.48  -445.6   -13.2   -23.4   5.71    51408  2.28    88    11
2024 130 22  0   -0.90    4.89   -1.11  -430.5   -13.5     1.4   5.94    57177  2.21    87    11
2024 130 22  5    0.25    4.85    0.07  -437.1   -18.0     0.1   5.70    49780  2.19    76    12
2024 130 22 10    0.06    5.41    0.26  -413.9   -20.5    16.1   5.09    56604  1.75    61    12
2024 130 22 15   -0.54    5.54    1.48  -427.9   -22.0   -23.4   5.67    46287  2.09    63    13
2024 130 22 20   -0.61    5.58    1.70 99999.9 99999.9 99999.9 999.99  9999999 99.99    56    12
2024 130 22 25   -0.31    5.14    2.48 99999.9 99999.9 99999.9 999.99  9999999 99.99    53    12
2024 130 22 30   -0.36    5.00    1.45 99999.9 99999.9 99999.9 999.99  9999999 99.99    60    12
2024 130 22 35   -1.90    4.92   -3.78  -416.5   -25.1     2.7   4.69    40929  1.63    69    11
2024 130 22 40   -3.39    4.25   -3.66 99999.9 99999.9 99999.9 999.99  9999999 99.99    62     9
2024 130 22 45   -1.65    4.34   -4.54 99999.9 99999.9 99999.9 999.99  9999999 99.99    67     8
2024 130 22 50   -2.20    4.51   -4.15 99999.9 99999.9 99999.9 999.99  9999999 99.99    80    11
2024 130 22 55   -1.65    3.94   -4.41 99999.9 99999.9 99999.9 999.99  9999999 99.99    76    11
2024 130 23  0   -5.11    3.04   -0.05 99999.9 99999.9 99999.9 999.99  9999999 99.99    74    10
2024 130 23  5   -5.27    2.01   -1.65 99999.9 99999.9 99999.9 999.99  9999999 99.99    78     9
2024 130 23 10   -5.24   -0.50   -0.99 99999.9 99999.9 99999.9 999.99  9999999 99.99    78     9
2024 130 23 15   -5.30    2.01   -1.68 99999.9 99999.9 99999.9 999.99  9999999 99.99    77     8
2024 130 23 20   -5.05    2.03   -2.17 99999.9 99999.9 99999.9 999.99  9999999 99.99   100     8
2024 130 23 25   -4.87    0.02   -0.57 99999.9 99999.9 99999.9 999.99  9999999 99.99   110     8
2024 130 23 30   -5.06    1.17   -2.19 99999.9 99999.9 99999.9 999.99  9999999 99.99   113     9
2024 130 23 35   -5.15   -0.25   -1.53 99999.9 99999.9 99999.9 999.99  9999999 99.99   123     8
2024 130 23 40   -3.76    1.19   -3.44 99999.9 99999.9 99999.9 999.99  9999999 99.99   105     8
2024 130 23 45   -4.19    2.03   -3.72 99999.9 99999.9 99999.9 999.99  9999999 99.99   103     7
2024 130 23 50   -3.81   -0.40   -4.37 99999.9 99999.9 99999.9 999.99  9999999 99.99   117     8
2024 130 23 55   -4.03    0.59   -4.29 99999.9 99999.9 99999.9 999.99  9999999 99.99   118     7
2024 131  0  0   -3.36    0.30   -4.62 99999.9 99999.9 99999.9 999.99  9999999 99.99   117     6
2024 131  0  5   -3.78    1.88   -4.15 99999.9 99999.9 99999.9 999.99  9999999 99.99   123     5
2024 131  0 10   -4.00    0.13   -3.97 99999.9 99999.9 99999.9 999.99  9999999 99.99   131     4
2024 131  0 15   -3.29    2.50   -3.82 99999.9 99999.9 99999.9 999.99  9999999 99.99   152     3
2024 131  0 20   -3.86    0.43   -4.11 99999.9 99999.9 99999.9 999.99  9999999 99.99   165     2
2024 131  0 25   -4.12   -0.68   -3.65 99999.9 99999.9 99999.9 999.99  9999999 99.99   141     1
2024 131  0 30   -3.99   -1.48   -3.40 99999.9 99999.9 99999.9 999.99  9999999 99.99   145     0
2024 131  0 35   -3.70   -2.21   -3.02 99999.9 99999.9 99999.9 999.99  9999999 99.99   146    -1
2024 131  0 40   -3.27   -2.18   -3.36 99999.9 99999.9 99999.9 999.99  9999999 99.99   171     2
2024 131  0 45   -4.23    1.72   -2.15 99999.9 99999.9 99999.9 999.99  9999999 99.99   209     1
2024 131  0 50   -1.55   -4.17    0.08 99999.9 99999.9 99999.9 999.99  9999999 99.99   243     0
2024 131  0 55    2.98   -3.88   -0.29 99999.9 99999.9 99999.9 999.99  9999999 99.99   274    -1
2024 131  1  0   -3.15   -3.36    0.07 99999.9 99999.9 99999.9 999.99  9999999 99.99   301    -2
2024 131  1  5   -4.36   -1.56   -0.85 99999.9 99999.9 99999.9 999.99  9999999 99.99   332    -2
2024 131  1 10   -3.77    2.83   -0.91 99999.9 99999.9 99999.9 999.99  9999999 99.99   356    -3
2024 131  1 15   -2.67    3.33   -2.34 99999.9 99999.9 99999.9 999.99  9999999 99.99   400    -2
2024 131  1 20   -2.50    3.16   -2.76 99999.9 99999.9 99999.9 999.99  9999999 99.99   447    -3
2024 131  1 25   -2.40    4.78   -0.23 99999.9 99999.9 99999.9 999.99  9999999 99.99   480    -3
2024 131  1 30   -2.77    5.97   -0.35 99999.9 99999.9 99999.9 999.99  9999999 99.99   529    -3
2024 131  1 35   -1.77    5.95   -1.07 99999.9 99999.9 99999.9 999.99  9999999 99.99   609    -3
2024 131  1 40   -2.22    6.31   -0.42 99999.9 99999.9 99999.9 999.99  9999999 99.99   641    -3
2024 131  1 45   -2.59    5.96    0.55 99999.9 99999.9 99999.9 999.99  9999999 99.99   621    -3
2024 131  1 50   -2.73    5.67    0.77 99999.9 99999.9 99999.9 999.99  9999999 99.99   547    -3
2024 131  1 55   -1.93    6.23    0.89 99999.9 99999.9 99999.9 999.99  9999999 99.99   481    -3
2024 131  2  0   -1.66    6.09    1.50 99999.9 99999.9 99999.9 999.99  9999999 99.99   422    -5
2024 131  2  5   -1.64    6.06    1.41 99999.9 99999.9 99999.9 999.99  9999999 99.99   359    -5
2024 131  2 10   -2.31    6.06    1.46 99999.9 99999.9 99999.9 999.99  9999999 99.99   303    -6
2024 131  2 15   -1.81    4.90    1.80 99999.9 99999.9 99999.9 999.99  9999999 99.99   275    -5
2024 131  2 20   -1.31    4.82    1.96 99999.9 99999.9 99999.9 999.99  9999999 99.99   234    -5
2024 131  2 25   -3.11    5.10    0.73 99999.9 99999.9 99999.9 999.99  9999999 99.99   179    -5
2024 131  2 30   -1.20    3.80    0.13 99999.9 99999.9 99999.9 999.99  9999999 99.99   136    -4
2024 131  2 35   -2.38   -2.78   -2.52 99999.9 99999.9 99999.9 999.99  9999999 99.99   126    -1
2024 131  2 40   -1.67   -4.38   -3.08 99999.9 99999.9 99999.9 999.99  9999999 99.99    93     0
2024 131  2 45   -3.94   -1.81   -4.45 99999.9 99999.9 99999.9 999.99  9999999 99.99    93     1
2024 131  2 50   -2.14   -4.64   -4.13 99999.9 99999.9 99999.9 999.99  9999999 99.99    82    -1
2024 131  2 55   -0.67   -5.29   -3.28 99999.9 99999.9 99999.9 999.99  9999999 99.99    70    -1
2024 131  3  0   -1.10   -4.75   -3.79 99999.9 99999.9 99999.9 999.99  9999999 99.99    66     0
2024 131  3  5   -0.59   -4.73   -3.25 99999.9 99999.9 99999.9 999.99  9999999 99.99    55     0
2024 131  3 10   -1.12   -4.28   -3.15 99999.9 99999.9 99999.9 999.99  9999999 99.99    80     8
2024 131  3 15   -0.72   -2.27   -1.73 99999.9 99999.9 99999.9 999.99  9999999 99.99    70    16
2024 131  3 20    0.11   -2.89   -2.24 99999.9 99999.9 99999.9 999.99  9999999 99.99   148    14
2024 131  3 25   -0.30   -2.94   -2.75 99999.9 99999.9 99999.9 999.99  9999999 99.99   208    14
2024 131  3 30   -2.44    0.28   -1.80 99999.9 99999.9 99999.9 999.99  9999999 99.99   262    19
2024 131  3 35   -0.54   -1.03   -1.67 99999.9 99999.9 99999.9 999.99  9999999 99.99   261    14
2024 131  3 40    0.20   -1.29   -1.86 99999.9 99999.9 99999.9 999.99  9999999 99.99   241    12
2024 131  3 45   -0.76   -1.28   -1.98 99999.9 99999.9 99999.9 999.99  9999999 99.99   290    10
2024 131  3 50   -1.07   -0.79   -2.12 99999.9 99999.9 99999.9 999.99  9999999 99.99   355    10
2024 131  3 55   -1.09   -1.01   -1.96 99999.9 99999.9 99999.9 999.99  9999999 99.99   400    10
2024 131  4  0   -0.79   -1.26   -2.06 99999.9 99999.9 99999.9 999.99  9999999 99.99   415    10
2024 131  4  5   -0.86   -1.62   -2.00 99999.9 99999.9 99999.9 999.99  9999999 99.99   426     9
2024 131  4 10   -0.80   -1.38   -1.39 99999.9 99999.9 99999.9 999.99  9999999 99.99   444     9
2024 131  4 15    1.53   -0.95    1.26 99999.9 99999.9 99999.9 999.99  9999999 99.99   449     8
2024 131  4 20    1.20   -0.67   -0.34 99999.9 99999.9 99999.9 999.99  9999999 99.99   388     7
2024 131  4 25    0.30   -1.00    0.67 99999.9 99999.9 99999.9 999.99  9999999 99.99   367     6
2024 131  4 30    0.27   -1.51   -0.09 99999.9 99999.9 99999.9 999.99  9999999 99.99   354     5
2024 131  4 35    0.01   -1.09   -0.96 99999.9 99999.9 99999.9 999.99  9999999 99.99   323     3
2024 131  4 40   -0.10   -0.47   -0.90 99999.9 99999.9 99999.9 999.99  9999999 99.99   294     2
2024 131  4 45   -0.17   -0.64   -0.97 99999.9 99999.9 99999.9 999.99  9999999 99.99   275     2
2024 131  4 50   -0.14   -0.35   -0.72 99999.9 99999.9 99999.9 999.99  9999999 99.99   324     0
2024 131  4 55    0.15   -0.33   -1.04 99999.9 99999.9 99999.9 999.99  9999999 99.99   308     0
2024 131  5  0    0.16   -0.30   -0.76 99999.9 99999.9 99999.9 999.99  9999999 99.99   317     0
2024 131  5  5    0.38   -0.45   -0.56 99999.9 99999.9 99999.9 999.99  9999999 99.99   281    -2
2024 131  5 10   -0.15   -0.67    0.02 99999.9 99999.9 99999.9 999.99  9999999 99.99   291    -2
2024 131  5 15    0.39   -0.23    1.12 99999.9 99999.9 99999.9 999.99  9999999 99.99   255    -3
2024 131  5 20    0.97   -0.37   -1.24 99999.9 99999.9 99999.9 999.99  9999999 99.99   245    -5
2024 131  5 25    1.45    0.52   -1.11 99999.9 99999.9 99999.9 999.99  9999999 99.99   248    -7
2024 131  5 30    1.04    0.36   -0.87 99999.9 99999.9 99999.9 999.99  9999999 99.99   230    -8
2024 131  5 35    0.76   -0.12   -1.29 99999.9 99999.9 99999.9 999.99  9999999 99.99   181    -9
2024 131  5 40   -0.69   -1.45   -1.39 99999.9 99999.9 99999.9 999.99  9999999 99.99   165    -9
2024 131  5 45   -0.28   -1.34   -1.33 99999.9 99999.9 99999.9 999.99  9999999 99.99   158    -7
2024 131  5 50   -1.20   -2.01   -1.48 99999.9 99999.9 99999.9 999.99  9999999 99.99   164    -7
2024 131  5 55   -1.17   -2.43   -2.19 99999.9 99999.9 99999.9 999.99  9999999 99.99   166    -7
2024 131  6  0   -0.12   -2.36   -1.44 99999.9 99999.9 99999.9 999.99  9999999 99.99   145    -6
2024 131  6  5   -1.21   -3.29   -2.60 99999.9 99999.9 99999.9 999.99  9999999 99.99   134    -5
2024 131  6 10   -1.16   -2.90   -4.02 99999.9 99999.9 99999.9 999.99  9999999 99.99   154    -4
2024 131  6 15   -1.10   -2.45   -4.15 99999.9 99999.9 99999.9 999.99  9999999 99.99   165    -4
2024 131  6 20   -0.98   -1.58   -3.10 99999.9 99999.9 99999.9 999.99  9999999 99.99   145    -4
2024 131  6 25   -0.80   -1.87   -3.87 99999.9 99999.9 99999.9 999.99  9999999 99.99   138    -5
2024 131  6 30   -0.48   -1.24   -3.17 99999.9 99999.9 99999.9 999.99  9999999 99.99   144    -4
2024 131  6 35    2.32   -1.43   -1.41 99999.9 99999.9 99999.9 999.99  9999999 99.99   145    -2
2024 131  6 40    1.96   -1.57   -0.67 99999.9 99999.9 99999.9 999.99  9999999 99.99   134     1
2024 131  6 45    1.18   -1.98   -0.33 99999.9 99999.9 99999.9 999.99  9999999 99.99   130     4
2024 131  6 50    1.61   -1.33   -0.79 99999.9 99999.9 99999.9 999.99  9999999 99.99   153     7
2024 131  6 55    1.27   -1.37   -1.21 99999.9 99999.9 99999.9 999.99  9999999 99.99   186     8
2024 131  7  0    0.71   -1.28   -1.35 99999.9 99999.9 99999.9 999.99  9999999 99.99   174     9
2024 131  7  5    1.01   -1.07   -0.86 99999.9 99999.9 99999.9 999.99  9999999 99.99   145     9
2024 131  7 10    0.70   -0.55   -1.54 99999.9 99999.9 99999.9 999.99  9999999 99.99   144     8
2024 131  7 15    0.98   -0.20   -1.66 99999.9 99999.9 99999.9 999.99  9999999 99.99   186     5
2024 131  7 20    1.07   -1.30    0.40 99999.9 99999.9 99999.9 999.99  9999999 99.99   233     8
2024 131  7 25    1.13   -1.17   -0.09 99999.9 99999.9 99999.9 999.99  9999999 99.99   269    10
2024 131  7 30    1.48   -0.91    0.35 99999.9 99999.9 99999.9 999.99  9999999 99.99   271     8
2024 131  7 35    1.19   -1.35    0.36 99999.9 99999.9 99999.9 999.99  9999999 99.99   288     7
2024 131  7 40    2.46   -0.97    0.72 99999.9 99999.9 99999.9 999.99  9999999 99.99   314     6
2024 131  7 45    1.43    0.64   -0.05 99999.9 99999.9 99999.9 999.99  9999999 99.99   322     6
2024 131  7 50    1.31   -0.94   -0.11 99999.9 99999.9 99999.9 999.99  9999999 99.99   318     4
2024 131  7 55    1.61   -1.00   -0.16 99999.9 99999.9 99999.9 999.99  9999999 99.99   303     3
2024 131  8  0    1.50   -0.37    0.12  -414.3    -2.0   -32.1   8.75    64179  3.02   334     2
2024 131  8  5    1.60   -0.81    0.12  -412.5    -1.7   -24.5   9.05    56105  3.09   358     2
2024 131  8 10    1.29   -0.13    0.17  -412.3    -0.3   -17.6  10.09    52551  3.44   310     1
2024 131  8 15    1.36   -0.39   -0.06  -411.8     5.4   -17.7   8.52    57863  2.90   282     2
2024 131  8 20    1.38   -0.87   -0.52  -410.4    -0.9   -21.7   8.96    49406  3.02   406     3
2024 131  8 25    1.17   -0.89   -1.04  -412.2     0.9   -19.4   9.13    47344  3.11   399     2
2024 131  8 30    1.46   -0.56   -0.34  -413.2     5.2   -15.3   8.61    54943  2.95   363     2
2024 131  8 35    1.55   -0.20    0.24  -413.5    10.9   -13.5   7.94    59548  2.72   320     3
2024 131  8 40    1.81   -0.82    0.02  -412.4     6.8   -16.5   8.53    55430  2.91   231     3
2024 131  8 45    1.85   -0.73    0.21  -410.5     2.7   -16.1   8.33    51503  2.81   173     3
2024 131  8 50    1.51    0.02    0.32  -412.8    12.8   -15.7   8.20    56364  2.80   163     3
2024 131  8 55    1.56   -0.19    0.30  -409.6     3.1   -14.8   8.04    48533  2.71   158     2
2024 131  9  0    1.96   -0.79    0.60  -406.4     9.0   -12.6   8.03    47066  2.65   134     2
2024 131  9  5    2.08   -0.43    0.71  -412.7     7.4   -16.6   6.92    65551  2.36   143     3
2024 131  9 10    1.68   -1.19    0.35  -407.8     8.1   -13.7   8.37    55352  2.79   134     2
2024 131  9 15    0.83   -1.29   -1.06  -410.8     6.8   -11.5   8.82    63432  2.98   118     3
2024 131  9 20    0.80   -1.33   -0.93  -410.6    10.4   -14.8   8.17    57485  2.75    92     5
2024 131  9 25    0.43   -1.92   -1.06  -424.0     4.6   -26.8   6.50    66950  2.35    87     3
2024 131  9 30    0.17   -2.03   -0.94  -426.6     2.7   -29.2   6.39    75582  2.34    73     1
2024 131  9 35   -0.17   -1.33   -0.87  -421.8    -1.1   -26.6   7.13    64366  2.54    60     3
2024 131  9 40   -0.07   -2.16   -2.37  -422.3     7.7   -23.0   6.09    62710  2.18    65     5
2024 131  9 45   -0.17   -2.28   -2.90  -423.0     7.1   -22.0   5.48    53512  1.97    62     6
2024 131  9 50   -0.34   -2.17   -3.11  -420.2     6.9   -21.1   5.09    57327  1.80    69     5
2024 131  9 55   -0.23   -2.25   -3.33  -422.8     8.0   -22.0   4.56    60298  1.64    74     5
2024 131 10  0   -0.19   -2.21   -3.37 99999.9 99999.9 99999.9 999.99  9999999 99.99    96     2
2024 131 10  5   -0.20   -2.11   -3.43  -422.1    13.0   -15.4   4.38    54232  1.56    91     3
2024 131 10 10   -0.25   -1.91   -3.38 99999.9 99999.9 99999.9 999.99  9999999 99.99    90     1
2024 131 10 15   -0.24   -1.95   -3.32 99999.9 99999.9 99999.9 999.99  9999999 99.99   115     1
2024 131 10 20   -0.04   -2.04   -3.35 99999.9 99999.9 99999.9 999.99  9999999 99.99   160     2
2024 131 10 25    0.07   -2.05   -3.37 99999.9 99999.9 99999.9 999.99  9999999 99.99   192     1
2024 131 10 30   -0.28   -2.08   -3.37  -418.2    11.5   -14.6   4.53    64930  1.59   215     0
2024 131 10 35   -0.28   -1.92   -3.47  -417.8    10.0   -15.6   4.39    62118  1.54   230     0
2024 131 10 40   -0.23   -1.96   -3.32 99999.9 99999.9 99999.9 999.99  9999999 99.99   287     1
2024 131 10 45   -0.12   -2.01   -3.30  -420.8     8.2   -15.8   4.28    59589  1.52   318     1
2024 131 10 50   -0.07   -2.19   -3.09  -418.2    14.5   -11.1   3.58    56015  1.25   365    -1
2024 131 10 55    0.29   -2.23   -2.50  -418.2    13.8    -7.9   3.85    64552  1.35   364    -4
2024 131 11  0    0.55   -2.59   -2.84  -423.3    17.8    -6.7   3.38    60616  1.21   343    -6
2024 131 11  5    0.76   -2.65   -2.61  -423.7    21.3    -6.6   3.28    57374  1.18   306    -5
2024 131 11 10   -0.02   -1.93   -3.36  -415.8    15.4     2.5   2.81    52793  0.97   353    -6
2024 131 11 15   -0.53   -0.98   -2.53  -417.1    10.7    -9.4   3.74    73894  1.30   315    -6
2024 131 11 20    0.12   -1.54   -2.54  -424.1    15.2    -8.2   4.07    71572  1.47   343    -6
2024 131 11 25   -0.47   -1.76   -3.04  -421.1    17.3    -8.1   4.15    71206  1.47   343    -6
2024 131 11 30   -0.22   -2.20   -2.63  -421.7    14.9    -9.9   4.15    74749  1.48   359    -7
2024 131 11 35    0.08   -2.40   -2.70  -421.4    19.2    -8.9   3.74    67486  1.33   374    -8
2024 131 11 40   -0.46   -2.28   -2.97  -423.2    21.3    -7.4   3.23    59511  1.16   391    -9
2024 131 11 45   -0.53   -2.49   -2.82  -422.6    22.5   -10.7   3.26    57303  1.17   437    -9
2024 131 11 50   -0.86   -2.30   -2.72  -418.6    19.0   -14.2   3.24    75522  1.14   534    -9
2024 131 11 55   -1.00   -1.81   -2.86  -417.1    21.2    -9.4   3.19    81534  1.11   559    -9
2024 131 12  0   -0.45   -1.53   -2.82  -424.4    23.4    -6.5   2.94    56958  1.06   515    -9
2024 131 12  5   -0.35   -2.08   -2.90  -425.3    18.0   -14.5   3.62    77377  1.31   525    -8
2024 131 12 10   -0.91   -1.68   -2.48  -429.9    23.1    -3.5   2.44    42872  0.90   551    -9
2024 131 12 15   -0.28   -2.19   -2.86  -425.2    21.4    -8.3   2.70    49952  0.97   543    -9
2024 131 12 20   -0.50   -2.11   -2.67  -432.2    21.8   -10.0   2.29    41033  0.86   532   -10
2024 131 12 25   -0.89   -1.06   -2.40  -421.0    12.3    -4.5   3.25    69501  1.15   497    -9
2024 131 12 30   -1.09   -1.46   -2.87  -422.0    16.9    -4.3   3.14    55360  1.13   507    -9
2024 131 12 35   -1.55   -1.48   -2.99  -410.7    10.2    -2.7   2.81    67662  0.95   501    -9
2024 131 12 40   -1.70   -1.69   -3.19  -409.0    10.6    -1.2   2.79    68845  0.93   498    -9
2024 131 12 45   -1.95   -1.46   -3.11 99999.9 99999.9 99999.9 999.99  9999999 99.99   506    -9
2024 131 12 50   -2.45   -1.39   -2.81 99999.9 99999.9 99999.9 999.99  9999999 99.99   505    -9
2024 131 12 55   -2.80   -0.73   -2.67 99999.9 99999.9 99999.9 999.99  9999999 99.99   476    -9
2024 131 13  0   -2.69   -0.64   -2.74 99999.9 99999.9 99999.9 999.99  9999999 99.99   453    -8
2024 131 13  5   -2.79   -0.58   -2.71 99999.9 99999.9 99999.9 999.99  9999999 99.99   417    -6
2024 131 13 10   -2.91   -0.23   -2.25  -404.8    11.3     0.6   2.80   107894  0.92   416    -6
2024 131 13 15   -2.92    0.33   -2.12  -404.8    -2.2   -12.4   3.12   118088  1.02   485    -5
2024 131 13 20   -3.05    0.16   -1.95 99999.9 99999.9 99999.9 999.99  9999999 99.99   376    -5
2024 131 13 25   -2.72   -0.51   -2.25  -407.7     2.2     7.7   3.45   132000  1.15   356    -5
2024 131 13 30   -3.12    0.12   -1.81 99999.9 99999.9 99999.9 999.99  9999999 99.99   344    -4
2024 131 13 35   -3.06   -0.27   -1.63  -403.5     3.2    -4.3   3.15   121747  1.02   355    -3
2024 131 13 40   -3.23    0.66   -0.76  -402.4    -4.3    -3.9   3.27   152551  1.06   339    -2
2024 131 13 45   -3.29    0.58   -0.64  -400.4    -3.6   -19.6   3.21    82514  1.03   328    -2
2024 131 13 50   -3.11    0.01   -0.69  -401.3     2.9   -14.1   3.15   109280  1.01   309     1
2024 131 13 55   -3.03   -0.23   -0.22  -406.5    -8.1   -41.4   3.22    93752  1.07   327     3
2024 131 14  0   -2.73    0.07    0.89  -404.9     4.3   -15.4   3.03    94845  1.00   372     3
2024 131 14  5   -2.94   -0.23    0.85  -408.6     1.3   -27.5   3.26   104433  1.09   395     4
2024 131 14 10   -3.10    0.87    1.02  -408.3     4.0   -15.7   3.64   113655  1.22   432     4
2024 131 14 15   -3.16    1.40    0.54  -409.2    -5.3   -25.3   3.68    98857  1.24   415     4
2024 131 14 20   -3.45    0.35    1.03 99999.9 99999.9 99999.9 999.99  9999999 99.99   415     4
2024 131 14 25   -3.35    1.15    0.39  -407.6   -16.4   -17.7   3.58   111864  1.19   421     3
2024 131 14 30   -3.12    1.36    0.34  -408.4   -11.8   -21.0   3.72   127776  1.24   373     3
2024 131 14 35   -2.19    1.51    0.92  -414.3    -8.6     3.0   3.59   149458  1.24   406     4
2024 131 14 40   -2.48    1.31    0.12  -429.0   -11.4    26.1   3.82   244874  1.41   439     3
2024 131 14 45   -1.92    1.13   -0.59 99999.9 99999.9 99999.9 999.99  9999999 99.99   489     4
2024 131 14 50   -2.31    1.22    0.47  -417.6    -3.2   -11.8   3.98   146590  1.40   351     8
2024 131 14 55   -1.82    0.17   -0.62  -432.7     8.4    -1.0   5.87    98216  2.26   309    14
2024 131 15  0   -1.99   -0.11   -0.93  -433.1    -0.1    -1.5   4.85   128838  1.85   239    17
2024 131 15  5   -2.33    0.49   -0.80  -443.7    11.6    -6.3   6.39   100922  2.56   243    17
2024 131 15 10   -2.07    0.58    0.03  -443.4     9.8    -6.1   9.43    92240  3.73   347    15
2024 131 15 15   -1.81   -0.02   -0.91  -450.2     8.9    -4.5  10.47    82852  4.27   378    14
2024 131 15 20   -2.31    0.22   -0.91  -450.0    11.7    -3.5  10.06   103017  4.12   282    14
2024 131 15 25   -2.18   -0.12    0.20  -455.1     9.9     0.7  12.42    57309  5.15   323    12
2024 131 15 30   -1.72   -0.50   -0.62  -454.6     7.3    -3.4  12.67    52186  5.24   322    12
2024 131 15 35   -1.27    0.91    1.35  -454.0    11.6    -2.1  14.01    49930  5.78   251    11
2024 131 15 40   -1.44    1.35    1.84  -452.3    16.2     2.5  15.03    47432  6.16   174    12
2024 131 15 45   -1.27    1.28    1.66  -449.8    16.6     3.5  15.00    48323  6.08   189    13
2024 131 15 50   -1.04    1.48    1.77  -448.7    15.4     3.6  14.59    49263  5.88   198    13
2024 131 15 55   -0.98    0.81    1.66  -451.5    15.5     0.5  15.26    42346  6.24   201    14
2024 131 16  0   -1.09    0.98    1.48  -448.5    18.1     6.2  15.55    49001  6.27   224    14
2024 131 16  5   -1.46    1.06    1.40  -448.1    17.3     3.7  15.56    46613  6.26   270    14
2024 131 16 10   -1.60    1.52    1.41  -447.9    20.5     4.3  15.13    45284  6.09   215    13
2024 131 16 15   -0.85    1.63    2.12  -450.6    17.4     1.5  16.10    52646  6.54   206    11
2024 131 16 20   -1.25    1.97    1.56  -448.0    13.7     7.2  15.69    49489  6.31   200     9
2024 131 16 25   -1.37    2.20    1.86  -446.1    17.3     3.5  15.80    49482  6.31   237     8
2024 131 16 30   -1.23    2.30    1.69  -445.9    16.5     4.8  15.25    48454  6.08   213     8
2024 131 16 35   -1.32    2.05    1.91  -448.4    17.8     1.6  17.04    45406  6.86   137    11
2024 131 16 40   -1.23    2.20    2.21  -447.9    16.1     1.1  15.60    41688  6.27   125    14
2024 131 16 45   -1.35    2.14    2.40  -448.5    19.4     2.9  17.78    50810  7.17   104    18
2024 131 16 50   -1.37    3.23    2.44  -448.5    19.4     2.9  17.78    50810  7.17   147    13
2024 131 16 55   -1.52    2.91    2.73  -447.2    16.4    -1.3  17.40    44104  6.97   108    16
2024 131 17  0    0.88    2.09   -0.84  -446.8    23.8     0.4  14.88    45156  5.96    92    12
2024 131 17  5   -3.08   -6.96   -8.37  -604.4     7.1    46.0  35.13   554578 30.62   575    46
2024 131 17 10   -2.89   -3.73   -3.73  -557.2    20.0    30.1  31.53   320452 23.30   640    79
2024 131 17 15   -2.61    2.16   -1.99  -568.2    18.7    42.8  34.68   354356 28.26   593    79
2024 131 17 20   -2.84   -5.33   -5.37  -546.9    47.1    39.9  26.56   335738 18.74  1234    67
2024 131 17 25   -5.74   -6.83   -2.65  -486.1    22.9    13.4  24.56   130478 13.81  2177    55
2024 131 17 30   -4.84  -10.65  -13.72  -536.1    61.1     7.4  21.98   405563 14.08  1658    40
2024 131 17 35   -8.71  -15.10  -22.51 99999.9 99999.9 99999.9 999.99  9999999 99.99  1983    38
2024 131 17 40   -8.57  -13.64  -18.96 99999.9 99999.9 99999.9 999.99  9999999 99.99  1976    41
2024 131 17 45  -10.29  -18.66  -20.87 99999.9 99999.9 99999.9 999.99  9999999 99.99  1583    22
2024 131 17 50    0.66   -8.38    1.05  -687.7    40.5    47.2  34.54   891213 32.96  1694     6
2024 131 17 55    1.84  -12.99    2.51  -670.8    37.3    72.4  38.05   948703 34.72  1223    -9
2024 131 18  0  -12.21  -29.02  -22.68  -692.9    37.0    70.7  29.23   477126 28.44  1712    -2
2024 131 18  5  -16.74  -17.00  -35.07  -702.0    57.5    36.2  35.74   374508 35.58  1793   -18
2024 131 18 10  -16.27  -43.84  -16.94  -709.2    19.4    38.4  18.55   594015 18.84  1077   -39
2024 131 18 15  -14.46  -45.67  -12.20  -696.9    -3.1    49.6  17.68   830957 17.27  1219   -72
2024 131 18 20  -14.43  -47.16  -11.70  -688.3     3.7    34.8  16.03   998444 15.25   852   -76
2024 131 18 25   -6.63  -29.78   -5.18  -696.0    40.1     4.9  23.02   969805 22.64  1074   -46
2024 131 18 30   -4.55   -8.19   -0.98  -692.3   116.9   -20.2  54.97  1774759 54.34  1241   -50
2024 131 18 35  -10.91   -2.61  -13.38  -711.5    77.8   -20.5  48.23  1244153 49.46   754   -81
2024 131 18 40  -10.03    7.18  -13.99 99999.9 99999.9 99999.9 999.99  9999999 99.99   761   -84
2024 131 18 45  -11.71    2.26  -18.97  -696.9    93.4   -35.6  50.47  1413713 50.03   794   -82
2024 131 18 50  -14.48   -2.65  -20.34  -704.2    76.4   -59.1  50.53  1252558 51.07   961   -82
2024 131 18 55    0.66  -16.51    0.25  -665.3    42.2     7.5  41.53  1053194 37.59   985  -104
2024 131 19  0   12.51  -16.25   19.21  -631.6    51.9    48.0  41.68  1028828 33.86   388  -148
2024 131 19  5   -7.53  -29.77   10.66  -656.5    17.9    48.1  38.45  1008498 33.17   352  -166
2024 131 19 10   -3.63  -30.41   10.75  -667.2   -28.5    48.9  38.98  1024024 34.94  1290  -158
2024 131 19 15   -1.37  -29.69    7.13  -658.8   -25.8    41.0  36.87  1044740 32.19  2618  -170
2024 131 19 20   -5.44  -20.37    3.44  -686.4    -2.7     0.6  44.42   862953 42.16  2234  -178
2024 131 19 25   -4.63  -21.05   -0.86  -670.6   -11.7     7.3  38.21   901485 34.78  1755  -171
2024 131 19 30    0.57  -18.23   -5.82  -673.1    10.6    -6.1  39.30   784458 36.04  1423  -176
2024 131 19 35    3.59  -21.72    4.36  -676.2   -12.8   -10.3  35.14   919094 32.49  1850  -169
2024 131 19 40   -2.65  -15.12   -7.66  -713.1    31.4   -12.3  50.49   358925 51.58  2830  -140
2024 131 19 45   -9.80  -15.11  -19.52  -717.4    33.9   -21.6  43.55   272789 44.99  3540  -120
2024 131 19 50   -8.96  -11.10  -23.07  -711.2    36.6   -15.6  51.36   187761 52.10  2389  -108
2024 131 19 55  -14.81  -19.65  -23.13  -711.0    40.1   -25.9  52.89   179482 53.77  1020  -103
2024 131 20  0  -15.98   -4.62  -31.84  -692.9    58.1    15.7  53.41   200722 51.66   657  -149
2024 131 20  5  -13.59   -1.42  -28.38  -707.5    48.0    14.5  56.98   206753 57.38   700  -158
2024 131 20 10  -16.57    3.71  -27.62  -700.9    43.9    28.4  53.00   158102 52.37   720  -144
2024 131 20 15  -15.51   -2.09  -25.98  -711.3    41.9    11.8  56.83   227093 57.73   672  -126
2024 131 20 20  -17.34   -2.10  -22.06 99999.9 99999.9 99999.9 999.99  9999999 99.99   690  -132
2024 131 20 25  -12.22   -0.56  -20.96 99999.9 99999.9 99999.9 999.99  9999999 99.99   874  -123
2024 131 20 30  -13.22   -1.13  -22.16 99999.9 99999.9 99999.9 999.99  9999999 99.99  1006  -125
2024 131 20 35  -12.93   -1.92  -24.86 99999.9 99999.9 99999.9 999.99  9999999 99.99  1001  -141
2024 131 20 40  -15.62   -8.84  -26.80  -694.9    45.6    -9.7  51.53   244542 49.98  1066  -149
2024 131 20 45  -13.12   -7.18  -29.26  -704.1    39.4   -12.8  45.42   290156 45.16  1008  -147
2024 131 20 50  -14.72  -13.58  -25.53  -704.3    33.2   -10.9  46.14   286580 45.87  1043  -143
2024 131 20 55  -14.21  -11.49  -25.48  -700.7    40.0    -3.8  53.83   264551 53.00   972  -159
2024 131 21  0  -18.87  -14.20  -29.88  -698.1    41.9    -6.0  40.92   216411 40.00   820  -182
2024 131 21  5  -18.94  -11.47  -31.39  -700.0    38.4   -15.0  38.06   200586 37.29   850  -188
2024 131 21 10  -17.37    1.78  -33.35  -689.8    52.5    -7.4  34.40   177475 33.04   840  -204
2024 131 21 15  -17.59  -12.00  -33.07  -686.0    37.2   -12.2  36.99   178298 35.04   768  -216
2024 131 21 20  -17.94  -20.44  -31.59  -683.3    -4.8   -17.8  37.49   153353 35.06   777  -204
2024 131 21 25  -19.44  -21.31  -32.52  -689.0     0.1   -26.2  35.87   129938 34.12   968  -197
2024 131 21 30  -19.51  -20.69  -32.59  -689.4    -2.5   -24.5  37.60   142235 35.79   611  -217
2024 131 21 35  -20.57  -19.13  -32.96  -687.4     3.6   -27.9  37.63   150975 35.63   755  -211
2024 131 21 40  -22.28  -13.67  -34.77  -694.0    21.6   -21.9  38.61   167412 37.26   500  -242
2024 131 21 45  -25.23   -5.69  -37.22  -696.4    43.1   -22.1  24.55   158182 23.94   400  -292
2024 131 21 50  -25.47  -20.60  -35.53  -686.2     9.9    -5.3  15.14   153173 14.30   665  -280
2024 131 21 55  -21.04  -37.22  -23.63  -678.9   -10.9    14.2  13.46   146311 12.42   610  -276
2024 131 22  0  -14.12  -48.07   -6.09  -668.8   -20.5    37.0  14.68   143882 13.20   803  -280
2024 131 22  5  -14.51  -52.04   -9.35  -672.1    -0.0    34.6  15.70   215071 14.27   635  -232
2024 131 22 10  -17.21  -65.52  -11.02  -717.0    -6.0    65.0  26.82   256918 27.84   607  -270
2024 131 22 15  -17.20  -67.17   -6.06  -717.8     0.3    67.3  21.37   255276 22.20   859  -295
2024 131 22 20  -14.53  -66.92   -2.37  -745.7    -5.8    57.1  23.25   342312 26.01  1046  -307
2024 131 22 25  -11.64  -65.76    8.31  -759.7   -17.1    32.4  23.32   374112 27.01   835  -290
2024 131 22 30    0.83  -14.52   25.89  -773.1    -1.4    14.9  21.62   407808 25.86   567  -271
2024 131 22 35   15.42   62.46   18.61  -759.0    24.0     8.0  25.27    83143 29.14  1223  -257
2024 131 22 40    6.02   65.27   -3.06  -757.4    26.9    10.8  26.68   106453 30.67  1488  -315
2024 131 22 45   -3.84   63.64  -18.64  -762.9    13.1    -4.0  32.52   101637 37.96  1186  -320
2024 131 22 50    3.21   63.63  -26.28  -734.5    23.3    19.1  21.98    68540 23.66  1905  -324
2024 131 22 55    3.58   66.10  -18.35  -723.3    15.9    26.2  27.51    60260 28.83  1716  -328
2024 131 23  0    3.22   67.74  -15.81  -738.8    19.8    34.2  39.94    69938 43.72  1482  -292
2024 131 23  5    1.94   65.41  -22.23  -752.0     2.4    -1.2  35.02    76296 39.62  1692  -283
2024 131 23 10   -9.10   56.68  -42.48  -755.1   -12.4   -12.5  34.93    73268 39.85  1316  -335
2024 131 23 15  -14.46   53.89  -45.06 99999.9 99999.9 99999.9 999.99  9999999 99.99  1772  -328
2024 131 23 20  -14.19   48.93  -48.36 99999.9 99999.9 99999.9 999.99  9999999 99.99  1559  -318
2024 131 23 25  -15.90   38.55  -56.73 99999.9 99999.9 99999.9 999.99  9999999 99.99  1330  -294
2024 131 23 30  -11.59   39.83  -54.41 99999.9 99999.9 99999.9 999.99  9999999 99.99  1030  -303
2024 131 23 35   -3.42   42.35  -47.36 99999.9 99999.9 99999.9 999.99  9999999 99.99  1002  -308
2024 131 23 40    1.29   62.26  -28.74  -724.1    17.0   -16.0  35.99    95834 37.78  1061  -306
2024 131 23 45   -5.83   57.60  -35.53  -730.1   -12.0   -30.2  33.47    90610 35.75  1198  -340
2024 131 23 50   -8.55   16.73  -40.31 99999.9 99999.9 99999.9 999.99  9999999 99.99  1351  -341
2024 131 23 55   -4.17   29.82  -15.64 99999.9 99999.9 99999.9 999.99  9999999 99.99   861  -330
2024 132  0  0  -16.59   41.88  -53.49  -739.5     1.9    23.1   9.00   211029  9.85   622  -315
2024 132  0  5  -16.84   39.76  -54.64  -740.1   -59.7   -55.6   6.65   252789  7.37   465  -309
2024 132  0 10  -16.93   36.98  -54.52  -726.7   -68.1   -51.7   8.08   198350  8.64   306  -300
2024 132  0 15  -14.62   29.20  -54.39  -717.0   -34.8   -34.4  11.79   225118 12.27   675  -296
2024 132  0 20   -5.78   21.38  -42.18  -761.5   -22.2   -21.7  23.34   400033 27.47   930  -286
2024 132  0 25   -7.17   13.40  -45.77  -773.1    37.9   -12.9  25.70   467879 30.61   942  -271
2024 132  0 30  -18.46    1.99  -47.26  -754.5    34.9   -22.9  27.88   398535 31.87  1162  -265
2024 132  0 35  -23.80    1.01  -46.39  -770.1    35.3   -49.6  27.05   313981 32.28  1162  -287
2024 132  0 40  -26.52   -6.11  -45.67  -741.9    57.2   -24.4  24.61   326392 27.28  1368  -300
2024 132  0 45  -25.51   -1.98  -44.08  -758.9    35.9   -19.6  25.58   319914 29.41   971  -298
2024 132  0 50  -28.57    0.24  -41.07  -752.4    53.5   -39.9  27.25   430901 31.08   873  -311
2024 132  0 55  -32.66   14.50  -35.17  -780.2    37.5   -17.8  26.49   343861 32.34  1012  -324
2024 132  1  0  -30.48   17.03  -35.49  -726.1    34.0     6.8  28.96   549812 30.60  1032  -336
2024 132  1  5  -32.34   -2.51  -38.56  -749.8    44.4   -34.6  26.26   183518 29.69   866  -345
2024 132  1 10  -26.72   -5.12  -41.03  -745.7    58.1   -39.9  28.43   275597 31.94   647  -360
2024 132  1 15  -21.84  -19.72  -34.61  -739.8    63.6   -52.6  29.46   320044 32.68   916  -357
2024 132  1 20  -21.75  -30.30  -30.75  -732.2    46.7   -82.8  21.58   290898 23.54   933  -360
2024 132  1 25  -20.30  -26.13  -27.58  -733.0    49.6    -8.9  29.36   312982 31.84   879  -388
2024 132  1 30  -22.75  -32.20  -15.14  -729.2    61.6   -21.3  32.97   266935 35.37  1057  -383
2024 132  1 35  -23.29  -36.37   -3.15  -732.0    37.0     4.7  29.13   276209 31.32  1092  -397
2024 132  1 40  -21.02  -24.29   -2.17  -722.2    29.6    38.6  33.89   397458 35.66   909  -413
2024 132  1 45  -10.99   -0.06  -17.65  -759.8    -5.0    44.5  42.76   528660 49.48   881  -417
2024 132  1 50    5.88    4.51  -33.99  -726.2    23.3    38.3  44.17   372152 46.77   964  -419
2024 132  1 55    6.05    3.96  -34.00  -749.2    11.0    27.3  37.66   182414 42.34   940  -431
2024 132  2  0    4.80    3.24  -34.66 99999.9 99999.9 99999.9 999.99  9999999 99.99   835  -432
2024 132  2  5    4.75    2.92  -34.66 99999.9 99999.9 99999.9 999.99  9999999 99.99   876  -431
2024 132  2 10    3.10    2.04  -33.10  -744.1     5.9    23.6  38.91   177596 43.13  1063  -489
2024 132  2 15   -1.89   -2.25  -28.26  -737.5     7.6    20.1  40.78   353682 44.39  1134  -497
2024 132  2 20   -3.36   -6.99  -31.34  -734.6    -9.9    -5.4  38.72   220494 41.80  1082  -485
2024 132  2 25    0.01   -0.15  -33.33  -734.6    -9.9    -5.4  38.72   220494 41.80  1003  -468
2024 132  2 30    1.91    3.31  -33.53  -729.6    22.5    17.8  33.88   324085 36.12   993  -439
2024 132  2 35   -1.18   -4.38  -32.85  -729.6    22.5    17.8  33.88   324085 36.12  1096  -428
2024 132  2 40    2.49   -3.80  -27.28  -720.7     7.9     1.6  41.50   198801 43.10  1157  -422
2024 132  2 45    2.10   -7.96  -26.99  -731.5    -3.9     9.3  40.37   218363 43.22  1160  -386
2024 132  2 50  -12.78  -15.93   -9.92  -761.8   -16.6     9.6  31.26   177695 36.04  1006  -369
2024 132  2 55  -12.22  -14.99  -15.86  -760.5   -10.5     6.0  36.00   171047 41.47   759  -386
2024 132  3  0  -13.05  -16.91  -15.41  -754.0   -17.1    -9.4  34.44   165589 39.12   711  -392
2024 132  3  5   -9.40  -14.11  -24.21  -753.8   -18.1   -11.0  23.77   181455 27.02   980  -390
2024 132  3 10  -14.33  -20.92  -22.17  -728.9    -8.1   -25.9  15.96   210691 17.04  1045  -375
2024 132  3 15  -20.78  -16.05  -18.30  -757.1    -4.3   -27.9  18.57   151339 22.07   722  -383
2024 132  3 20  -22.87   -7.94  -15.93  -790.7    14.7   -10.5  33.53    84670 41.95   606  -426
2024 132  3 25  -18.65  -13.96  -19.87  -757.6    18.5    -6.5  23.71   150521 29.01   507  -416
2024 132  3 30  -13.10  -29.76  -23.21  -702.5    -1.4   -55.5   5.86   202250  5.81   492  -394
2024 132  3 35  -16.61  -29.85  -20.05  -703.1    -5.3   -61.2   7.00   215752  6.99   669  -388
2024 132  3 40  -15.62  -29.41  -21.85  -708.4   -11.7   -59.1   7.08   182606  7.16   720  -384
2024 132  3 45  -14.13  -30.94  -20.65  -713.2   -11.7   -58.7   7.00   181735  7.17   802  -382
2024 132  3 50  -12.75  -30.08  -23.62  -698.4     8.7   -53.7   6.00   154652  5.90   666  -385
2024 132  3 55  -12.62  -30.22  -23.75  -693.5     6.8   -48.6   6.35   194824  6.14   682  -389
2024 132  4  0  -13.76  -30.52  -22.43  -691.5    -4.3   -39.3   6.28   154086  6.03   718  -391
2024 132  4  5  -16.07  -31.90  -17.01  -704.3   -31.5   -19.5   8.47   182064  8.47   541  -388
2024 132  4 10  -18.18  -33.26  -12.33  -705.6   -24.6   -10.4   8.32   205954  8.31   587  -388
2024 132  4 15  -18.18  -33.82   -9.99  -700.8   -25.3    -6.3   7.22   204985  7.10   646  -392
2024 132  4 20  -17.46  -34.28   -6.58  -696.8   -32.9    -3.6   8.61   211662  8.44   671  -391
2024 132  4 25  -15.15  -33.97    8.21  -707.1   -46.0    33.3  17.99   209417 18.13   620  -403
2024 132  4 30  -16.70  -34.69    8.80  -704.1   -46.0    26.1  12.50   214247 12.46   769  -396
2024 132  4 35  -16.56  -33.67    7.94  -707.2   -53.0    53.7  13.84   191782 13.95   864  -425
2024 132  4 40  -12.91  -26.26   20.63  -702.1   -38.3    49.4  24.29   191878 24.14   906  -388
2024 132  4 45  -14.24  -27.60   18.42  -697.7   -26.2    55.6  25.79   180206 25.33  1277  -399
2024 132  4 50  -14.95  -30.83   16.41  -700.1   -34.4    53.3  19.78   201578 19.46  1362  -412
2024 132  4 55  -14.77  -31.27   18.35  -707.5   -31.3    42.1  13.08   228528 13.17  1179  -408
2024 132  5  0  -14.66  -31.97   17.01  -703.7   -22.8    43.9  14.00   207331 13.94  1365  -394
2024 132  5  5  -16.69  -31.85   14.74  -695.5   -23.2    45.7  15.01   187759 14.61  1725  -383
2024 132  5 10  -14.34  -30.37   15.13  -700.3   -39.0    56.2  34.80   156292 34.53  1242  -370
2024 132  5 15  -12.19  -31.00   18.75  -702.6   -37.7    49.9  30.84   169563 30.70  1023  -351
2024 132  5 20  -14.56  -32.48   14.03  -693.5   -37.4    58.5  25.59   183997 24.88   705  -368
2024 132  5 25  -15.11  -33.98   11.51  -703.4   -43.0    58.0  23.83   202989 23.86   587  -361
2024 132  5 30  -14.05  -36.49    7.40  -695.3   -42.5    68.7  23.88   209588 23.43   589  -352
2024 132  5 35  -15.71  -36.79   -2.25  -683.5    -9.0    62.5  22.51   201773 21.21   572  -342
2024 132  5 40  -18.89  -34.98    0.97  -686.0   -26.3    56.9  20.83   243232 19.77   656  -351
2024 132  5 45  -17.36  -29.61    6.62  -696.4   -37.4    47.0  33.06   263656 32.50   693  -333
2024 132  5 50  -20.37  -21.87   15.49  -702.6   -45.7    48.0  32.63   322691 32.50   759  -305
2024 132  5 55  -26.52  -25.10   14.52  -709.3   -42.9    33.8  28.34   243287 28.69   832  -304
2024 132  6  0  -24.07  -26.80    2.14  -704.7   -53.2    24.7  31.27   259014 31.23   893  -312
2024 132  6  5  -20.01  -15.07   -7.30  -681.3   -28.3    22.0  37.92   358132 35.32   816  -311
2024 132  6 10  -18.54   -8.27  -29.03  -674.7    -6.0    30.6  40.52   535120 37.03   673  -307
2024 132  6 15  -13.10   -4.51  -34.96  -686.3    -1.1    36.1  37.10   467767 35.04   568  -296
2024 132  6 20  -21.40   -1.58  -26.80  -682.6   -10.7    42.8  38.51   466424 36.03   702  -299
2024 132  6 25  -25.66   -7.32  -18.45  -662.2     5.6    13.9  39.66   722112 34.81   765  -302
2024 132  6 30  -23.30   -4.97  -31.19  -678.0    -0.2    37.0  42.95   524750 39.70   581  -317
2024 132  6 35  -23.53   -0.84  -38.41  -676.3     6.9    31.6  38.18   541539 35.01   554  -315
2024 132  6 40  -19.91    4.18  -38.57  -686.3   -10.1    33.2  29.79   225194 28.14   553  -306
2024 132  6 45  -19.03    6.52  -39.54 99999.9 99999.9 99999.9 999.99  9999999 99.99   737  -289
2024 132  6 50  -17.68   10.15  -39.25  -693.1   -21.7    33.5  29.17   241499 28.11  1389  -301
2024 132  6 55  -16.27   12.17  -36.86  -692.7   -23.0    43.0  32.39   221176 31.22  2138  -340
2024 132  7  0  -15.43   14.84  -33.83  -691.2   -30.9    32.1  36.43   264901 34.97  1226  -372
2024 132  7  5  -15.38   15.09  -32.10  -683.9   -19.0    30.0  39.00   277244 36.57  1191  -362
2024 132  7 10  -10.54   19.22  -31.49  -688.2   -23.6    32.4  39.05   273822 37.11  1332  -360
2024 132  7 15   -9.61   24.66  -28.40  -689.3   -33.4    28.1  38.43   278177 36.67  1559  -367
2024 132  7 20   -7.55   28.32  -23.77  -690.8   -46.4    24.2  40.11   280271 38.52  1664  -380
2024 132  7 25   -4.39   33.09  -16.17  -693.8   -51.3    12.6  40.90   237958 39.61  1630  -388
2024 132  7 30   -4.66   32.53  -20.03  -694.7   -56.1     9.4  40.23   232146 39.10  1645  -381
2024 132  7 35   -1.12   37.34   -5.10  -698.3   -58.8     0.3  31.25   244239 30.65  1420  -400
2024 132  7 40    0.50   34.62    0.52  -707.5   -46.5    -0.0  27.67   308345 27.79  1723  -403
2024 132  7 45   -2.58   32.49    3.86  -704.0   -12.2    -1.1  38.53   191289 38.21  1721  -374
2024 132  7 50   -2.50   32.68    8.46  -703.3     9.3    17.3  35.87   205380 35.50  1536  -399
2024 132  7 55    0.84   18.85  -10.65  -698.4   -18.3    -3.9  32.78   412361 31.97  1535  -384
2024 132  8  0   11.61  -11.09  -13.86  -707.8    23.6   -27.7  25.07   393048 25.24  1632  -407
2024 132  8  5    4.20   -4.62   -6.80  -719.3     9.0   -40.2  24.40   885532 25.38  1332  -399
2024 132  8 10    0.04   13.67  -18.95  -704.4    26.2   -38.5  24.89   585800 24.82  1064  -408
2024 132  8 15   -2.36   20.09  -15.68  -712.0    21.4   -45.8  29.72   591683 30.32   887  -379
2024 132  8 20    3.70   28.97  -11.68  -727.1   -24.3   -37.3  31.73   383985 33.78  1079  -346
2024 132  8 25   -5.34   23.25  -27.78  -714.7   -22.5   -28.7  30.24   174068 30.97  1107  -356
2024 132  8 30   -6.05   19.47  -34.38  -709.8     8.7   -30.9  15.38   133237 15.66   910  -355
2024 132  8 35   -8.49   22.05  -35.25  -728.3    27.0   -25.6   7.42   104220  7.89   794  -397
2024 132  8 40   -7.49   19.93  -36.27  -723.5    22.5   -51.5   9.62   105793 10.14   702  -383
2024 132  8 45   -5.12   17.33  -37.82  -713.5    20.5   -41.5   9.20   118469  9.40   555  -378
2024 132  8 50   -6.73   15.72  -37.59  -704.6    25.8   -45.5  10.59   149025 10.57  1124  -375
2024 132  8 55    1.46   16.76  -37.58  -697.6    25.1   -45.8  11.24   161779 11.00  3077  -370
2024 132  9  0   -1.57   13.78  -38.70  -701.1    32.6   -35.0  11.75   151947 11.66  3429  -358
2024 132  9  5   -2.76   13.36  -38.90  -675.2     0.9   -31.8   6.65   220944  6.07  1795  -354
2024 132  9 10   -1.50   11.77  -39.33  -677.1    -0.5   -23.9   5.91   156385  5.43  1045  -339
2024 132  9 15   -1.82    8.82  -38.33  -680.2    -1.2   -15.8  16.87   132334 15.97  1076  -330
2024 132  9 20   -5.36    8.99  -39.27  -673.1     2.1   -20.2   4.97   161325  4.51  1325  -329
2024 132  9 25   -6.43    9.00  -39.48  -684.2   -20.7   -23.2  13.04   106660 12.43  1390  -332
2024 132  9 30   -5.95    4.72  -35.44  -700.5    -1.1   -12.9  24.42   130525 24.00  1133  -337
2024 132  9 35    2.95    4.22  -30.02  -697.2     2.9   -34.0  28.06   135417 27.46  1779  -300
2024 132  9 40   -3.62    1.35  -32.41  -698.9     5.9   -31.3  41.31   141125 40.66  3171  -259
2024 132  9 45   -4.95    0.54  -31.75  -697.2     3.8   -19.2  21.72   133689 21.14  2584  -262
2024 132  9 50   -4.30   -1.20  -33.39  -699.2     8.2   -17.3  22.77   112563 22.27  2596  -276
2024 132  9 55   -6.23    4.59  -24.34 99999.9 99999.9 99999.9 999.99  9999999 99.99  2151  -287
2024 132 10  0   -6.41    4.85  -24.40 99999.9 99999.9 99999.9 999.99  9999999 99.99  1904  -317
2024 132 10  5   -6.28    0.93  -24.73 99999.9 99999.9 99999.9 999.99  9999999 99.99  1584  -326
2024 132 10 10   -5.90    1.45  -24.21 99999.9 99999.9 99999.9 999.99  9999999 99.99  1631  -341
2024 132 10 15   -5.49    2.48  -24.40 99999.9 99999.9 99999.9 999.99  9999999 99.99  1527  -345
2024 132 10 20   -6.67    5.29  -22.62 99999.9 99999.9 99999.9 999.99  9999999 99.99  1523  -330
2024 132 10 25   -4.53    2.12  -23.26 99999.9 99999.9 99999.9 999.99  9999999 99.99  1449  -311
2024 132 10 30    3.42   -1.57  -15.12  -681.3     6.4   -20.1  20.07   462746 18.67  1525  -346
2024 132 10 35    5.40    4.12   -9.99  -673.3    -3.2   -29.3  32.71   274564 29.73  1462  -331
2024 132 10 40    7.54   -1.23  -13.66  -711.2     4.7   -42.3  44.32   162506 45.18  1428  -337
2024 132 10 45    1.89    1.74  -15.58  -701.0    19.6    -3.4  20.18   357400 19.76  1401  -343
2024 132 10 50    3.48    5.92  -11.05  -733.5    -8.8   -26.2  25.08   352223 27.26  1283  -353
2024 132 10 55   -0.26   10.09   -3.76  -707.9    -8.9    -8.1  20.25   350863 20.35  1358  -344
2024 132 11  0   -0.22    6.45   -0.99  -718.3   -19.8   -25.4  18.65   534363 19.50  1137  -318
2024 132 11  5   -2.94    3.26   -2.72  -727.8   -22.8   -37.0  17.48   556348 18.61  1157  -330
2024 132 11 10   -2.64    3.88   -8.41  -744.6   -36.9   -47.8  18.69   386667 20.94   968  -324
2024 132 11 15    2.46   -0.04   -5.22  -770.2   -23.7   -46.9  20.46   474808 24.62   743  -326
2024 132 11 20   12.28    5.96    7.13  -811.4   -67.8   -63.5  20.25   263605 27.02   642  -320
2024 132 11 25    8.44    0.34    6.28  -806.1   -54.0   -48.1  21.16   177800 27.63   758  -299
2024 132 11 30  -14.64   -4.55   -8.83  -799.4   -38.2   -40.1  18.09   104390 23.36   933  -276
2024 132 11 35  -16.97   -3.98  -11.67  -803.0   -57.3   -50.1  17.30    85486 22.54   791  -275
2024 132 11 40  -16.44   -1.11  -16.40  -806.1   -62.3   -46.0  11.30   104061 14.83   957  -265
2024 132 11 45  -16.50   -1.29  -16.47  -807.0   -68.2   -47.1  11.75   101321 15.47  1370  -261
2024 132 11 50   -6.04    7.52  -17.73  -798.7   -49.8   -59.5  13.81   131506 17.79  1250  -271
2024 132 11 55    0.98   15.76  -18.29  -801.3   -55.1   -58.9  15.32   143953 19.90  1272  -274
2024 132 12  0    2.38   16.11  -17.77  -806.7   -52.3   -58.4  14.27   119319 18.75  1192  -278
2024 132 12  5    1.60   14.86  -20.17  -801.9   -49.8   -53.7  13.22   113653 17.14  1470  -280
2024 132 12 10    2.50   15.41  -19.08  -803.2   -58.0   -58.2  11.36   159026 14.78  1659  -290
2024 132 12 15   -0.43   14.07  -19.87  -836.0   -76.7   -62.3  10.44    84382 14.80  1310  -287
2024 132 12 20  -10.73   10.60  -22.37  -817.6   -72.0   -55.8  10.87    95417 14.70  1351  -283
2024 132 12 25  -11.98    9.87  -22.07  -817.1   -73.4   -52.9  10.36    93394 14.00  1451  -284
2024 132 12 30  -12.09    9.11  -21.78  -814.4   -64.2   -51.4  10.84   147702 14.52  1253  -290
2024 132 12 35  -13.53    7.43  -21.82  -804.3   -59.5   -51.5  10.72   124088 14.01  1159  -296
2024 132 12 40  -12.77    8.07  -22.95  -811.2   -65.0   -49.4   7.94   119214 10.56  2320  -290
2024 132 12 45  -13.73    7.73  -22.74  -809.3   -66.0   -53.0   9.52    92622 12.61  2261  -286
2024 132 12 50  -15.73    3.97  -22.79  -806.4   -67.7   -47.8   8.87    95014 11.66  1987  -288
2024 132 12 55  -15.68    3.65  -22.97  -804.5   -88.2   -33.6   7.69    84377 10.09  1864  -291
2024 132 13  0  -13.97    5.98  -23.96  -804.0   -74.4   -43.0   7.32   104113  9.58  1804  -289
2024 132 13  5  -13.89    3.02  -24.67  -801.8   -68.9   -40.3   9.24    90945 12.00  1741  -292
2024 132 13 10  -14.40    3.14  -24.10  -803.6   -87.2   -39.8   7.21    78372  9.46  1398  -298
2024 132 13 15  -14.20    4.49  -23.50  -798.8   -79.7   -38.2   8.80    83676 11.37  1695  -302
2024 132 13 20  -14.25    1.06  -22.83  -790.5   -82.6   -44.8   9.75    79077 12.34  2143  -303
2024 132 13 25  -12.17    4.31  -24.35  -788.3   -76.4   -32.2  11.83    65040 14.86  2206  -304
2024 132 13 30  -11.46    6.72  -23.73  -791.6   -80.0   -40.1  11.95    75496 15.18  2416  -306
2024 132 13 35  -11.87    8.00  -22.79  -787.2   -83.8   -43.0  11.35    66469 14.26  2342  -306
2024 132 13 40  -11.03    9.50  -22.27  -782.5   -84.4   -51.5  11.47    68225 14.28  1963  -306
2024 132 13 45   -9.24   10.08  -22.39  -791.9   -77.3   -46.0  12.12    59874 15.40  2016  -308
2024 132 13 50   -8.55    9.59  -22.45  -786.6   -62.8   -48.2  10.12    57136 12.69  1818  -307
2024 132 13 55   -7.15   11.97  -20.59  -782.8   -50.6   -48.9  10.00    76755 12.44  2051  -306
2024 132 14  0   -6.84   10.06  -21.69  -781.8   -67.0   -51.1   9.78    82038 12.12  2008  -306
2024 132 14  5   -9.44    6.63  -20.81  -756.9   -17.1   -36.8   8.31    71000  9.56  1512  -310
2024 132 14 10   -7.06    9.57  -20.17  -769.6   -41.5   -56.2   7.30    80023  8.71  1542  -314
2024 132 14 15   -7.14   10.88  -19.72  -769.6   -35.0   -39.9   9.81    85406 11.68  1173  -314
2024 132 14 20   -9.38    9.04  -19.47  -767.8   -25.2   -40.1  10.35    86123 12.26  1006  -303
2024 132 14 25   -8.96    9.97  -19.11  -762.4   -38.9   -55.6  10.71    78670 12.55  1067  -303
2024 132 14 30   -8.36    9.83  -20.34  -765.3   -27.4   -34.1   9.94    78277 11.68  2021  -303
2024 132 14 35   -7.09    7.09  -21.47  -766.1   -49.6   -29.4   8.58    76835 10.14  2434  -297
2024 132 14 40   -6.24    6.70  -22.31  -760.8   -62.0   -27.2   9.98    78966 11.65  2544  -291
2024 132 14 45  -10.53    2.78  -20.35  -757.9   -59.6   -38.1   9.84    73166 11.39  2019  -286
2024 132 14 50  -10.88    2.28  -20.50  -765.3   -74.0   -33.1  11.03    78836 13.06  1708  -283
2024 132 14 55  -11.07    2.25  -20.17  -770.9   -82.3   -24.8  12.72    72605 15.34  1630  -277
2024 132 15  0  -11.39    0.55  -20.04  -768.9   -80.6   -13.3  12.92    59385 15.45  1439  -274
2024 132 15  5  -10.31   -3.38  -16.31  -779.9   -58.3     3.3  11.01    54960 13.36  1613  -282
2024 132 15 10   -7.70   -3.42  -11.87  -812.5   -24.1     7.7   7.25    65017  9.61  1763  -281
2024 132 15 15   -7.32   -2.58  -11.58  -811.6   -37.2    10.7   6.94    56022  9.18  1620  -281
2024 132 15 20   -8.71   -4.15   -9.91  -808.2   -24.4    12.4   6.76    56485  8.87  1474  -280
2024 132 15 25   -8.52   -3.85  -10.46  -802.2   -32.6     3.3   5.18    65975  6.69  1334  -278
2024 132 15 30   -8.72   -1.37  -10.82  -810.0   -16.6     4.6   6.08    74664  7.98  1438  -283
2024 132 15 35   -8.22   -4.42  -10.21  -810.9   -27.7     1.6   6.85    96897  9.02  1683  -283
2024 132 15 40   -8.36   -4.89   -9.63  -814.2    -9.1    -3.9   7.01    77713  9.30  2216  -285
2024 132 15 45   -8.75   -2.11  -10.41  -797.6   -14.8    17.0   8.19   117181 10.43  1970  -287
2024 132 15 50   -8.41   -0.66  -11.15  -792.4   -60.8     4.7   4.76    56946  6.01  1595  -285
2024 132 15 55   -8.46   -3.21   -9.38  -788.6     3.5     3.4   6.11    57790  7.60  1127  -288
2024 132 16  0   -7.31   -4.13   -9.62  -779.8   -43.2    22.9   5.75    61404  7.02  1057  -289
2024 132 16  5   -6.69   -4.58   -9.91  -793.5   -33.5    13.0   5.46    70231  6.88  1285  -291
2024 132 16 10   -6.50   -4.40   -9.79  -791.1   -22.8    12.6   6.40    57308  8.02   938  -292
2024 132 16 15   -7.79   -6.15   -6.77  -790.5   -15.3    13.8   6.30    55060  7.87   976  -295
2024 132 16 20   -7.32   -8.08   -4.65  -782.6   -14.1    19.5   7.97    50365  9.77  1564  -294
2024 132 16 25   -7.48   -8.07   -3.88  -780.2   -11.5    18.9   6.21    50824  7.56  1495  -293
2024 132 16 30   -6.03  -10.38   -2.83  -787.4   -10.6    22.1   4.61    66916  5.72  1491  -293
2024 132 16 35   -6.95   -8.95   -3.74  -785.5    -8.6    14.8   4.56    49920  5.62  1269  -291
2024 132 16 40   -7.37   -8.70   -3.56  -789.2   -10.4     7.9   3.63    58311  4.52  1060  -295
2024 132 16 45   -7.81   -8.38   -4.10  -788.8   -11.7     7.4   2.88    66177  3.59  1096  -289
2024 132 16 50   -7.40   -8.40   -4.87  -785.5     1.0    10.7   3.19    55009  3.94  1251  -286
2024 132 16 55   -7.19   -8.95   -4.38  -783.5    -3.1     9.4   2.41    51946  2.96  1140  -283
2024 132 17  0   -7.03   -9.14   -3.84  -775.8    -7.8    15.0   2.60    52596  3.13  1085  -279
2024 132 17  5   -5.87   -9.33   -2.95  -779.9    -6.1     7.3   3.95    45500  4.80   848  -271
2024 132 17 10   -4.16   -5.36   -2.94  -795.8   -16.3     3.5   5.78    81198  7.39   815  -265
2024 132 17 15   -5.80   -5.22   -2.75  -787.2   -20.8     5.7   4.76   111128  5.93   938  -263
2024 132 17 20   -5.75   -2.78   -2.29  -809.5   -21.5    -7.0   5.64   127180  7.44   952  -261
2024 132 17 25   -6.75   -2.16   -0.64  -807.6   -13.4    -4.5   5.32   179957  6.94  1242  -250
2024 132 17 30   -5.93   -3.38    0.42  -801.2   -22.9    -8.8   5.46   183347  7.02   930  -252
2024 132 17 35   -6.84   -2.82    0.56  -804.6   -22.3    -7.9   5.56   172796  7.21   850  -250
2024 132 17 40   -6.24   -4.64    0.98  -810.9   -25.6   -13.4   4.93   120200  6.49   844  -239
2024 132 17 45   -7.47   -2.61    1.15  -809.9   -15.9    -5.4   4.83   136963  6.34   944  -237
2024 132 17 50   -6.14   -4.77    1.75  -815.3   -38.3    -2.3   4.33   108553  5.77   765  -242
2024 132 17 55   -4.24   -0.93    1.41  -813.9   -23.6   -16.8   4.04   113486  5.35   540  -233
2024 132 18  0   -6.16    7.35    0.27  -825.6   -29.7   -14.8   4.07   103998  5.56   548  -223
2024 132 18  5   -6.67    6.91    1.25  -832.6   -49.6   -12.8   3.70    91955  5.15   655  -222
2024 132 18 10   -7.49    6.48    0.67  -832.2   -47.2    -5.4   4.20    91990  5.83   615  -220
2024 132 18 15    0.18    8.02   -0.26  -846.9   -49.1   -16.5   7.29   115365 10.72   395  -218
2024 132 18 20    2.48   10.14   -0.30  -852.6   -37.4   -30.6   9.05   114220 13.42   634  -200
2024 132 18 25    7.16   13.05   -2.07  -889.2   -30.8   -44.0  12.98   111376 20.77   854  -190
2024 132 18 30    9.07   15.69   -3.90  -909.1   -29.0   -51.0  12.59   151602 20.94   622  -193
2024 132 18 35    8.02   14.27   -3.22  -912.8   -10.5   -47.2   9.66   131091 16.08   421  -198
2024 132 18 40    9.28   12.98   -2.85  -916.0   -18.1   -58.9  14.29   200712 23.96   429  -177
2024 132 18 45   -2.51   -1.94   -0.35  -869.7    32.7   -61.8   8.95   560561 13.77   544  -178
2024 132 18 50   -9.94   -9.45   -0.25  -846.7    75.0   -69.7   7.04   598166 10.25   582  -200
2024 132 18 55   -9.84   -7.45   -1.80  -847.0    59.0   -71.3   6.95   571419 10.10   457  -195
2024 132 19  0   -4.56   -7.44   -6.62  -862.2    76.4   -60.5   7.59   694093 11.43   521  -190
2024 132 19  5    0.65   -5.09   -9.95  -891.2    69.4   -49.7   6.83   537203 10.95   503  -187
2024 132 19 10    7.61    6.78   -3.44  -910.6    28.5   -53.6  10.24   315179 17.04   685  -198
2024 132 19 15    9.93   11.19    3.66  -898.4     5.3  -106.6   8.35   449427 13.67  1139  -188
2024 132 19 20    6.89   11.81    5.34  -887.2     2.9  -116.8   9.36   342992 14.98  1773  -178
2024 132 19 25    1.76   10.52    6.86  -884.8     1.0  -107.1  11.57   336114 18.39  1244  -202
2024 132 19 30    0.03   10.96    6.87  -883.9     4.5  -110.0  11.28   311988 17.88   681  -209
2024 132 19 35   -0.85    9.43    6.63  -872.6     9.6  -110.4  10.07   283553 15.60   500  -225
2024 132 19 40   -1.33    9.99    4.78  -874.7     7.3  -112.1  10.00   299061 15.56   546  -206
2024 132 19 45    0.79    6.43    8.60  -863.3    14.5  -114.2   8.47   277371 12.85   302  -216
2024 132 19 50    1.01    6.15    8.38  -874.7    21.4   -73.4   4.54   393264  7.02   344  -218
2024 132 19 55    0.85    1.81    5.66 99999.9 99999.9 99999.9 999.99  9999999 99.99   185  -219
2024 132 20  0    1.54   -3.25   -2.10 99999.9 99999.9 99999.9 999.99  9999999 99.99   201  -208
2024 132 20  5    1.42    1.53   -3.55  -891.7    60.2   -69.8   7.34   534806 11.80   256  -240
2024 132 20 10    0.87    2.49    2.67 99999.9 99999.9 99999.9 999.99  9999999 99.99   341  -225
2024 132 20 15   -0.09    2.37    1.36  -878.1    23.5   -98.3   6.81   356245 10.65   551  -190
2024 132 20 20    4.20   -5.30   -6.88  -906.6    93.7   -37.5   5.11   474808  8.47   361  -191
2024 132 20 25    4.37    1.50   -6.16  -909.0    46.6   -13.8   6.25   323161 10.34   653  -184
2024 132 20 30    5.71   -0.28   -5.21  -918.4     5.6   -41.7   8.29   259639 14.02   784  -176
2024 132 20 35    6.39    0.36   -4.75  -909.0    32.4   -37.3   7.09   302316 11.77   741  -187
2024 132 20 40    5.83    1.72   -4.83  -913.8    36.4   -23.4   6.33   294762 10.60   959  -191
2024 132 20 45    5.85    2.33   -2.64  -908.0    14.6   -44.8   8.57   207623 14.15  1340  -180
2024 132 20 50    5.25    2.27   -0.96  -905.7    29.9   -61.7  10.00   209633 16.56  1731  -173
2024 132 20 55    6.23    2.86   -5.61  -898.8    12.2   -38.2   8.35   176990 13.53  1176  -176
2024 132 21  0    7.95    2.03    0.97  -897.9     2.2   -46.9   8.65   165941 14.01   883  -179
2024 132 21  5    6.46   -4.87   -3.25  -902.0    -6.6   -60.7  10.59   157872 17.33  1068  -164
2024 132 21 10    3.76   -2.68   -6.61  -891.5   -28.0   -62.7   8.06   266427 12.89  1187  -148
2024 132 21 15   -6.58    3.45   12.10  -892.1   -17.1   -66.3   5.11   231433  8.19  1117  -172
2024 132 21 20   -9.35   -0.13    9.42  -893.3     2.0   -51.5   7.02   128300 11.21  1344  -169
2024 132 21 25   -9.84    1.02    8.26  -894.1     1.0   -16.4   7.78   206350 12.45  1139  -174
2024 132 21 30   -2.96    0.11   10.06  -886.9     7.7   -48.0   6.28   249383  9.91   941  -169
2024 132 21 35   -1.63    1.47    8.04  -873.9   -20.6   -69.0   6.43   531339  9.84  1008  -160
2024 132 21 40  -10.54    0.91   10.85  -896.1   -19.2   -54.9   8.86    68383 14.29   764  -176
2024 132 21 45  -10.86   -2.38   10.24  -891.8   -28.1   -65.5   8.10    79900 12.96   528  -182
2024 132 21 50  -10.29   -2.42   10.70  -890.9   -33.0   -64.3   7.46    92520 11.92   421  -183
2024 132 21 55   -9.61    1.24   11.21  -893.5   -25.3   -52.5   8.49    67974 13.62   432  -177
2024 132 22  0  -10.39   -0.17   10.65  -882.9   -10.9   -57.8   7.32    72675 11.47   458  -169
2024 132 22  5  -10.04    0.04   10.83  -880.6   -11.1   -63.2   6.54    78844 10.20   481  -159
2024 132 22 10  -10.20   -0.17   10.49  -883.2   -21.7   -60.0   7.77    84755 12.19   512  -150
2024 132 22 15   -9.95    2.19    9.03  -889.2   -32.8   -42.5   9.07   141903 14.41   420  -159
2024 132 22 20   -0.16    5.60   -0.12  -889.6    17.5   -22.3   7.15   221219 11.34   311  -158
2024 132 22 25   -0.43    9.08    2.49  -889.1    15.9   -18.1   7.62   167588 12.06   434  -156
2024 132 22 30   -5.28    6.65    6.90  -885.0     6.6   -34.6   8.28   178837 13.01   504  -153
2024 132 22 35   -6.13    6.76    8.07  -876.5    -3.6    -2.7   1.51   438554  2.32   458  -144
2024 132 22 40   -5.91    5.82    8.47  -866.9    22.4    -3.7   1.56   412377  2.35   531  -146
2024 132 22 45   -6.06    6.10    7.71  -871.7     1.3   -14.2   2.94   325335  4.54   495  -161
2024 132 22 50   -5.59    5.86    7.05  -874.4   -34.4   -22.8   2.41   380374  3.77   356  -165
2024 132 22 55    1.45    8.74    2.58  -842.1    -0.7   -69.8   2.81   656723  4.18   362  -174
2024 132 23  0    4.40    9.64    1.11  -810.8   -61.8  -102.6   1.11  1128057  1.49   312  -186
2024 132 23  5    4.94   10.58   -1.34  -821.3    -1.7   -89.7   0.93  1094323  1.27   270  -184
2024 132 23 10    6.73    7.84   -4.56  -866.1   -12.9   -50.3   0.91  1070184  1.37   159  -180
2024 132 23 15    6.52    7.94   -5.87 99999.9 99999.9 99999.9 999.99  9999999 99.99   179  -181
2024 132 23 20    3.60    7.98   -2.21  -887.9   -31.2   -17.7   2.31   569887  3.66   263  -176
2024 132 23 25    4.80    6.93   -1.24  -897.0   -36.4    11.6   1.34   833419  2.18   234  -169
2024 132 23 30    5.67    6.44   -2.99  -906.5     4.6    32.2   1.26   885611  2.08   214  -167
2024 132 23 35    5.66    5.77   -1.40  -906.3     8.4    24.4   1.33   838388  2.20   316  -169
2024 132 23 40    5.13    5.33   -1.66  -929.8    29.5    20.2   1.51   745422  2.61   206  -162
2024 132 23 45    4.67    5.38   -1.80  -939.4    19.6    57.8   1.78   703086  3.16   224  -160
2024 132 23 50    4.19    5.35   -0.83  -948.5    17.0    53.6   1.90   597222  3.44   228  -156
2024 132 23 55    3.90    6.06   -1.33  -928.2     7.9    23.1   1.74   699712  3.00   196  -158
