2024  84  8  0    4.89   -1.88   -3.42  -502.4    12.6   -19.5   5.81  133367.  2.94   494   -49
2024  84  8  5    4.81   -0.74   -3.71  -499.5    22.7   -29.9   6.14  136517.  3.08   595   -49
2024  84  8 10    4.05   -0.17   -4.85  -502.8    22.7   -35.3   5.98  140950.  3.04   708   -48
2024  84  8 15    4.46   -0.49   -4.58  -500.7    21.4   -35.5   6.05  145154.  3.06   721   -47
2024  84  8 20    4.04   -1.15   -4.59  -499.3    22.7   -33.7   5.96  145948.  2.99   729   -46
2024  84  8 25    4.49   -1.59   -3.65  -499.3    12.2   -30.5   5.99  140608.  3.00   773   -50
2024  84  8 30    4.67   -2.81   -3.08  -499.9     7.0   -28.1   6.05  147896.  3.04   840   -51
2024  84  8 35    4.56   -1.62   -4.15  -494.9    23.6   -27.2   6.27  158178.  3.09   919   -52
2024  84  8 40    4.46   -0.02   -4.49  -499.2    24.8   -33.9   5.72  134106.  2.87   966   -51
2024  84  8 45    4.25    1.42   -4.35  -497.8    35.4   -30.3   5.85  145504.  2.93   944   -52
2024  84  8 50    4.89    0.50   -2.10  -495.4    35.4   -12.6   6.05  144079.  2.99   964   -53
2024  84  8 55    2.98   -4.97    0.67  -505.9   -20.9     2.8   5.80  162632.  2.98   955   -55
2024  84  9  0    3.73   -4.32   -0.78  -501.8   -18.1     1.7   5.52  151034.  2.79   857   -56
2024  84  9  5    2.41   -4.91    2.21  -511.8   -16.0    12.3   5.32  129070.  2.79   864   -57
2024  84  9 10    4.75   -3.14   -1.10  -498.6   -27.7    -3.8   6.07  163070.  3.03   817   -56
2024  84  9 15    4.47   -1.87   -3.27  -491.4     3.5   -22.9   6.21  150468.  3.01   938   -57
2024  84  9 20    5.05   -0.66   -2.93  -494.5     6.6   -30.6   5.96  152584.  2.93   933   -55
2024  84  9 25    3.08   -3.32   -1.98  -504.3    -5.5    -9.1   6.16  146118.  3.15   990   -53
2024  84  9 30    3.02   -4.84   -0.74  -505.7   -12.8    -5.9   5.77  165129.  2.96   882   -51
2024  84  9 35   -0.79   -5.49    0.83  -524.1   -19.3     1.7   5.57  148143.  3.06   819   -51
2024  84  9 40    1.69   -3.84    0.63  -521.0   -17.2    15.6   5.67  135595.  3.09   761   -51
2024  84  9 45    3.45   -2.15   -4.12  -500.8     4.2   -37.1   6.22  149516.  3.14   729   -53
2024  84  9 50    2.90   -1.99   -4.82  -507.4    -0.6   -37.0   5.71  148267.  2.96   719   -55
2024  84  9 55    2.36   -0.20   -5.34  -508.2    16.0   -37.0   5.20  128115.  2.70   654   -54
2024  84 10  0    2.59   -1.22   -3.13  -514.7    10.7   -23.2   5.52  130723.  2.95   669   -53
2024  84 10  5    3.70   -5.95    0.09  -522.7   -19.9     3.4   7.43  178123.  4.07   730   -52
2024  84 10 10    4.78   -4.79   -1.95  -521.7   -19.3    -1.8   8.17  190627.  4.46   868   -49
2024  84 10 15    3.50   -6.56   -2.07  -516.1   -26.2   -15.2   8.44  244574.  4.50   806   -51
2024  84 10 20    3.58   -4.09   -5.30  -525.5   -23.9   -35.6   7.19  157365.  4.00   740   -52
2024  84 10 25    2.27   -2.99   -6.07  -525.7    -9.7   -43.1   6.73  149613.  3.75   754   -52
2024  84 10 30    5.46   -4.13   -2.47  -505.8   -13.4   -21.9   5.72  117056.  2.95   719   -53
2024  84 10 35    6.91   -3.08   -0.75  -496.8   -22.1    -2.4   6.28  107445.  3.10   683   -54
2024  84 10 40    6.09   -4.08    2.23  -499.7   -10.5     0.1   6.29  118286.  3.14   691   -55
2024  84 10 45    4.18   -4.47    4.69  -522.0   -18.3    31.4   7.22  145913.  3.95   720   -56
2024  84 10 50    5.48   -1.77    5.46  -508.0    -4.1    26.3   6.06  122186.  3.14   737   -57
2024  84 10 55    4.74   -3.71    4.84  -521.6    -8.2    24.3   6.33  137358.  3.46   615   -58
2024  84 11  0    0.85   -4.76   -5.41  -546.2    -0.2   -28.0   6.15  143753.  3.69   565   -60
2024  84 11  5    3.31   -6.68   -3.89  -537.1   -20.2   -34.1   6.38  166837.  3.70   483   -60
2024  84 11 10    4.91   -5.18    2.24  -525.5   -14.3    -8.2   6.40  157145.  3.55   602   -59
2024  84 11 15    4.39   -4.54    6.03  -527.2   -15.6    34.8   5.44  138256.  3.04   710   -59
2024  84 11 20    4.23   -5.33    4.40  -527.3   -21.8    20.8   5.79  153221.  3.24   656   -62
2024  84 11 25    3.14   -3.01    6.73  -536.9    -4.7    33.6   6.42  174463.  3.73   661   -61
2024  84 11 30    2.64   -3.88    4.66  -543.7    -0.6    31.0   5.70  161271.  3.39   494   -62
2024  84 11 35    2.26   -2.66   -0.13  -532.1     4.9   -10.8   7.12  189600.  4.04   457   -62
2024  84 11 40    5.05   -1.97   -3.72  -539.1    11.4   -29.5   6.93  166689.  4.05   484   -59
2024  84 11 45    5.19   -1.53   -3.63  -529.7     7.6   -11.2   7.25  152440.  4.08   423   -57
2024  84 11 50    3.29   -1.80   -5.52  -540.5     8.7   -31.2   7.95  238978.  4.66   398   -56
2024  84 11 55    5.50   -0.78   -3.64  -532.8    11.8   -32.2   6.90  150442.  3.93   467   -55
2024  84 12  0    5.04    0.65   -3.79  -527.1    42.9   -19.0   7.81  150465.  4.37   627   -55
2024  84 12  5    4.43   -1.27   -4.96  -534.9    12.8   -29.3   6.92  160976.  3.98   664   -55
2024  84 12 10    5.63   -3.05   -4.12  -532.8     5.0   -20.8   6.56  156659.  3.73   628   -54
2024  84 12 15    5.08   -4.11   -3.25  -532.0    -9.1   -18.3   6.64  164413.  3.76   552   -54
2024  84 12 20    5.47   -3.97   -2.29  -526.9   -12.8   -10.4   6.96  162803.  3.87   671   -54
2024  84 12 25    6.47   -3.07   -0.80  -522.4    -3.0    -6.0   7.24  144555.  3.96   651   -53
2024  84 12 30    6.62   -3.24    0.87  -518.6    -1.8    -2.8   7.44  177658.  4.01   720   -52
2024  84 12 35    6.16   -2.41    3.12  -521.1     5.7    17.9   7.30  169532.  3.97   785   -52
2024  84 12 40    5.89   -3.32    2.95  -521.2    -3.3     8.1   6.93  167287.  3.77   722   -51
2024  84 12 45    6.65   -3.15    2.12  -518.5    -7.7     5.4   7.47  181537.  4.02   701   -50
2024  84 12 50    5.65   -3.67    3.29  -523.3   -21.7    15.3   7.02  209627.  3.86   660   -50
2024  84 12 55    5.52   -2.83    4.11  -522.3   -20.3    12.1   6.96  165427.  3.81   590   -48
2024  84 13  0    5.17   -3.02    4.34  -520.7   -10.9    28.1   7.09  184680.  3.86   494   -48
2024  84 13  5    4.78   -2.87    4.88  -525.3   -14.5    15.7   6.47  202864.  3.58   469   -48
2024  84 13 10    4.00   -2.06    5.76  -521.4   -10.4    22.7   5.49  183929.  3.00   399   -48
2024  84 13 15    3.30   -2.32   -0.22  -529.4    -6.6     3.2   5.13  157493.  2.89   400   -51
2024  84 13 20    4.73   -3.67   -2.22  -527.5   -15.4   -27.1   6.25  200408.  3.49   343   -50
2024  84 13 25    4.74   -2.74   -2.44  -528.9    -4.5   -31.9   6.43  147283.  3.60   403   -49
2024  84 13 30    3.77   -1.87    1.60  -529.9   -12.9   -14.8   6.39  172750.  3.60   497   -48
2024  84 13 35   -2.17    1.18    4.48  -574.0    15.1    24.7   6.15  192556.  4.05   495   -48
2024  84 13 40 9999.99 9999.99 9999.99 99999.9 99999.9 99999.9 999.99 9999999. 99.99   586   -47
2024  84 13 45   -1.13   -1.09    5.25  -556.5    -1.4    29.9   5.26  161399.  3.27   401   -48
2024  84 13 50   -4.06   -0.79    4.12  -596.3    11.4     4.4   4.70  153253.  3.34   372   -48
2024  84 13 55   -1.89   -1.51    5.16 99999.9 99999.9 99999.9 999.99 9999999. 99.99   280   -47
2024  84 14  0   -0.94   -0.67    5.74  -573.0     3.7    24.2   5.33  166447.  3.51   264   -47
2024  84 14  5    0.70   -2.07    5.37  -570.3     0.2    30.7   4.79  136019.  3.10   247   -47
2024  84 14 10   -0.10   -1.96    5.33  -563.8    -1.7    26.4   5.43  154271.  3.46   241   -46
2024  84 14 15    0.52   -4.60    4.16  -563.0   -14.5    25.2   6.03  163254.  3.83   281   -46
2024  84 14 20    2.85    2.04    1.03  -552.5    13.8     5.5   6.61  248175.  4.04   250   -44
2024  84 14 25    1.47    3.90    2.26  -576.8    41.6   -17.0   5.04  161542.  3.36   280   -48
2024  84 14 30    3.11    0.17    2.24  -575.7    -2.3    26.5   4.68  151658.  3.11   369   -49
2024  84 14 35    1.48   -1.53    3.92  -611.8     8.8    -7.7   9.46  496673.  8.00   535   -20
2024  84 14 40    3.07   -2.34    2.39  -607.2    -6.3    -2.8   8.16  399532.  6.46   838     0
2024  84 14 45   -2.09   -0.37    4.05  -725.8    33.3   -52.3  14.71  804877. 18.09   629     7
2024  84 14 50    7.62    6.80    0.01  -774.1    55.9   -68.2  21.68 1617427. 26.29   390     4
2024  84 14 55    5.12   11.35  -11.62  -766.3    40.4  -162.0  20.62 1132212. 25.37   259     1
2024  84 15  0    8.21    6.97   -2.57  -779.4    82.8  -129.9  20.94 1037725. 26.48   337    -1
2024  84 15  5    8.57   -3.87   -3.00  -745.5    -6.3  -141.9  21.18 1435322. 24.40   964    -7
2024  84 15 10    8.46   -9.94   -2.65  -756.9   -37.4  -127.6  19.69 1206221. 23.31  1900   -20
2024  84 15 15    7.18  -16.83   -8.98  -753.7   -39.2  -133.5  17.55  942998. 20.62  2050   -30
2024  84 15 20    3.99  -25.02   -1.90  -772.6   -30.2  -106.2  16.66 1015595. 20.32  2328   -47
2024  84 15 25    7.77  -20.08  -12.20  -763.6   -12.6  -124.6  14.71  876607. 17.65  2080   -55
2024  84 15 30    7.92  -18.17  -14.24  -770.2     9.1  -112.8  17.04 1132814. 20.67  1231   -64
2024  84 15 35   10.86  -13.03  -21.79  -763.5     7.0  -142.8  12.59  804927. 15.21  1227   -80
2024  84 15 40    8.82  -18.94   -6.83  -765.3   -41.9   -86.7  15.09 1071944. 17.97  1447   -94
2024  84 15 45    7.90  -19.89  -15.59  -776.0   -18.4  -135.2  12.73  924951. 15.80  1480  -105
2024  84 15 50    8.29  -19.35  -15.96  -783.0    -7.3  -114.6  12.42  969517. 15.57  1717  -112
2024  84 15 55    9.23  -17.26  -15.11  -803.2    -0.6  -114.6  13.81  812193. 18.18  2139  -127
2024  84 16  0    9.86  -16.72  -16.18  -787.2    -3.0  -116.8  12.98  798734. 16.46  1904  -144
2024  84 16  5    7.33  -14.22  -16.74  -786.5   -22.1   -97.9  13.79  816567. 17.34  1703  -155
2024  84 16 10   -0.47   -1.02  -12.74  -794.1   -30.3   -92.9  17.08  990763. 21.90  1996  -164
2024  84 16 15   -1.34    4.58   -0.86  -792.4   -14.7   -94.6  19.20  720444. 24.38  2390  -170
2024  84 16 20    7.22    5.01  -10.39  -763.4   -27.3  -114.8  19.61  705380. 23.39  2269  -167
2024  84 16 25  -13.15    7.73   22.90  -781.6    10.0   -70.3  23.01  302320. 28.25  2107  -147
2024  84 16 30  -15.91    1.68   27.28  -804.1   -19.8   -35.8  15.91  124948. 20.64  2146  -140
2024  84 16 35  -14.30    6.62   28.34  -787.4   -19.5   -55.8  13.12  196844. 16.39  1398  -138
2024  84 16 40  -13.38    3.14   27.76  -788.9   -37.7   -59.5  16.37  266181. 20.56  1177  -132
2024  84 16 45  -17.11   -1.58   23.35  -804.5   -60.6   -63.7  16.43  244047. 21.57  1212  -129
2024  84 16 50  -16.34   -3.66   20.51  -816.3   -61.7   -29.4  17.80  234432. 23.83  1298  -114
2024  84 16 55  -14.60   -5.24   20.97  -789.5   -45.1   -59.0  16.38  358174. 20.91  1259  -134
2024  84 17  0  -12.27   -6.58   21.79  -784.3    -5.3   -27.7  12.98  272152. 15.99  1053  -119
2024  84 17  5  -11.31  -10.32   19.03  -782.1   -27.2   -37.2  14.31  252177. 17.59   749  -107
2024  84 17 10   -9.16  -11.51   17.75  -775.2   -19.2   -49.8  13.64  405810. 16.47   747  -119
2024  84 17 15  -16.67   -9.52   16.81  -779.1   -26.4   -59.7  10.19  364438. 12.47   754  -121
2024  84 17 20  -12.34  -11.60    9.42  -759.8   -35.2   -73.7  11.81  464519. 13.72   584  -116
2024  84 17 25   -9.60  -12.87    8.75  -713.0     2.1   -92.7  10.48 1208959. 10.83   592  -104
2024  84 17 30   -7.41  -19.57    2.83  -734.7   -30.0   -62.8   8.07  809382.  8.79   775  -112
2024  84 17 35   -8.29  -18.69    7.78  -766.1   -18.5   -98.8   7.94  916024.  9.49   750  -110
2024  84 17 40   -6.30  -12.09    9.16  -762.7    -2.9   -43.9   8.54 1292169.  9.97  1127  -103
2024  84 17 45   -7.39  -11.22   11.71  -775.1    -5.4   -62.3   8.51 1217389. 10.27  1549  -103
2024  84 17 50   -5.44   -4.62   12.09  -808.6   -13.1   -24.2   9.64 1215667. 12.66  1576  -110
2024  84 17 55   -7.11    0.59   14.35  -811.1   -15.9   -14.2  10.92 1206751. 14.38  1256  -112
2024  84 18  0   -9.48   -7.84   12.61  -811.0   -17.9    -5.5  11.68 1251618. 15.38   949  -112
2024  84 18  5  -10.19   -5.63   13.90  -815.9   -17.0    -7.7  12.00 1069215. 16.02   962  -105
2024  84 18 10   -6.37   -9.26   10.74  -818.7   -23.0     6.5  11.40 1043993. 15.32  1117  -103
2024  84 18 15    2.18  -16.66    2.43  -830.6   -26.2    12.6  11.42  755280. 15.79   952  -104
2024  84 18 20    6.08  -12.98   -2.70  -818.4   -52.5     2.1  10.20  792708. 13.73   870  -102
2024  84 18 25    1.09   -6.44   -8.59  -833.5   -13.1    10.7   9.84 1010643. 13.68   872  -105
2024  84 18 30    1.70    4.10   -2.97  -831.9   -15.8    -7.3   9.81 1022495. 13.60  1096  -110
2024  84 18 35   -0.93   -9.47    8.95  -842.2   -26.3   -11.6   9.56  805557. 13.58  1163  -111
2024  84 18 40   -8.18   -4.46   14.20  -838.6    29.9   -13.8   9.58  440550. 13.56   866  -115
2024  84 18 45   -8.08   16.79   12.38  -861.7    91.4    24.3  11.08  114686. 16.67   558  -109
2024  84 18 50   -5.88   27.20    6.06  -839.5    94.0   -16.2   9.44   46535. 13.47   531  -131
2024  84 18 55   -0.85   28.94    2.41  -814.7    88.2   -31.0   9.46   47791. 12.86   577  -130
2024  84 19  0    5.19   30.01   -2.78  -788.9    61.0   -48.9   4.65   48311.  5.84   658  -141
2024  84 19  5    6.27   29.97   -3.68  -757.3    53.7   -76.1   4.35   38980.  5.07   879  -139
2024  84 19 10    4.09   30.54   -1.96  -774.0    50.9   -72.4   4.12   37443.  5.00   652  -135
2024  84 19 15    2.33   30.96   -1.68  -775.8    58.8   -90.9   3.49   51394.  4.27   443  -132
2024  84 19 20    3.11   30.96    0.87  -775.9    85.7   -82.2   2.34   51516.  2.91   472  -135
2024  84 19 25    3.37   30.92   -1.28  -771.0    93.9   -62.1   1.99   54108.  2.41   623  -134
2024  84 19 30    2.52   30.66    0.61  -770.7    72.3   -61.8   2.46   56977.  2.97   642  -133
2024  84 19 35    1.08   30.60    2.10  -790.2    64.3   -37.6   2.30   54326.  2.90   529  -129
2024  84 19 40    0.19   30.23    3.24  -795.7    65.4   -24.0   3.27   46910.  4.18   486  -125
2024  84 19 45    0.50   29.56    6.59  -822.8    81.7   -21.5   3.47   65710.  4.78   471  -123
2024  84 19 50    0.03   30.14    4.55  -826.9    58.4     9.8   2.35   77275.  3.23   351  -123
2024  84 19 55   -4.60   28.86    7.30  -832.0   105.9   -16.6  10.28   55272. 14.47   549  -107
2024  84 20  0   -4.34   30.22    4.72  -832.8    86.0   -29.3   3.19   54242.  4.48   583  -121
2024  84 20  5   -4.34   30.02    6.98  -830.5    56.0   -18.0   1.94   60161.  2.69   424  -137
2024  84 20 10   -4.68   29.59    7.15  -844.0    65.4   -13.2   1.97   73580.  2.84   305  -142
2024  84 20 15   -4.06   29.97    4.73  -835.2    82.1   -20.0   2.06   73453.  2.90   386  -138
2024  84 20 20   -5.82   29.55    4.69  -842.0    80.2   -11.8   1.95   90140.  2.80   149  -140
2024  84 20 25   -7.62   28.43    6.23  -842.3    67.6    -2.4   2.34  106529.  3.35   290  -135
2024  84 20 30   -7.41   28.24    6.99  -853.8    35.5    14.6   2.91   89163.  4.25   307  -129
2024  84 20 35   -6.94   28.47    7.98  -851.2    74.9     3.1   2.04   93209.  2.98   311  -132
2024  84 20 40   -6.99   28.53    7.96  -842.1    46.8    40.5   3.00   73802.  4.27   296  -134
2024  84 20 45   -7.17   28.74    6.82  -853.1    50.0    57.9   2.46   64288.  3.62   338  -132
2024  84 20 50   -7.70   28.80    6.17  -853.8    57.0    66.8   2.69   69360.  3.96   283  -132
2024  84 20 55   -7.07   29.19    4.86  -858.0    44.2    86.6   3.14   61173.  4.69   205  -131
2024  84 21  0   -7.41   28.98    5.60  -853.9    24.8    79.8   3.69   44045.  5.44   229  -124
2024  84 21  5   -6.89   29.17    4.35  -853.2    42.2    76.2   3.01   47414.  4.43   198  -123
2024  84 21 10   -7.37   29.10    4.75  -853.6    48.3    60.3   1.33   57304.  1.96   167  -136
2024  84 21 15   -7.93   28.76    5.57  -856.0    35.5    62.6   1.38   61613.  2.04   271  -135
2024  84 21 20   -7.97   28.39    6.24  -854.3    37.6    78.6   2.00   50928.  2.94   306  -128
2024  84 21 25   -8.76   28.42    3.52  -845.9    39.5   122.0   2.65   49140.  3.88   405  -120
2024  84 21 30   -7.43   28.28    6.79  -850.3    32.5    91.8   1.27   55264.  1.87   277  -122
2024  84 21 35   -7.18   28.08    7.96  -850.1    45.5    69.1   0.89   50907.  1.29   316  -131
2024  84 21 40   -7.44   28.10    7.67  -847.3    43.2    68.0   0.87   51940.  1.27   355  -130
2024  84 21 45   -6.97   28.02    8.32  -846.5    44.1    74.9   0.85   56231.  1.23   338  -127
2024  84 21 50   -7.04   28.06    7.76  -847.7    44.4    71.3   0.96   47954.  1.40   319  -126
2024  84 21 55   -7.11   27.96    7.62  -841.1    38.1    76.2   1.31   49637.  1.87   297  -122
2024  84 22  0   -7.27   27.84    7.63  -842.1    32.5    68.2   1.29   48866.  1.84   275  -118
2024  84 22  5   -7.21   27.92    7.24  -835.4    31.8    73.6   1.34   49052.  1.89   290  -118
2024  84 22 10   -7.24   27.94    6.84  -838.7    39.0    78.5   1.28   51729.  1.81   319  -117
2024  84 22 15   -7.59   27.63    7.29  -849.2    28.2    80.8   1.51   50267.  2.20   314  -116
2024  84 22 20   -7.13   27.95    6.30  -830.9    39.7    76.6   1.44   57864.  2.01   293  -114
2024  84 22 25   -8.16   27.50    6.87  -827.1    47.4    66.1   1.24   47342.  1.71   309  -116
2024  84 22 30   -8.89   26.91    8.21  -816.6    45.2    50.8   1.11   45364.  1.50   377  -116
2024  84 22 35   -9.08   26.80    8.23  -809.9    49.3    33.0   0.73   58731.  0.97   281  -116
2024  84 22 40   -9.22   27.05    6.86  -801.3    42.7    52.7   0.74   44196.  0.96   339  -116
2024  84 22 45   -9.17   26.94    7.28  -802.2    52.5    30.8   1.05   45683.  1.35   308  -114
2024  84 22 50   -9.47   26.58    8.00  -818.4    40.3    60.9   1.10   46728.  1.49   228  -110
2024  84 22 55   -9.18   26.64    7.93  -815.5    39.4    77.6   1.07   53938.  1.44   278  -108
2024  84 23  0   -8.43   26.66    8.45  -821.0    44.7    59.0   1.43   53424.  1.94   377  -106
2024  84 23  5  -11.24   23.81   11.57  -810.9    62.8    27.3   2.09   93970.  2.77   284  -101
2024  84 23 10   -9.91   24.97   10.92  -793.0   100.1    11.1   1.97   65711.  2.52   276   -98
2024  84 23 15  -12.78   22.99   11.82  -788.3   100.6    12.9   2.52   53161.  3.18   363   -96
2024  84 23 20  -14.37   21.46   12.85  -772.3   127.2     0.5   3.01   51092.  3.68   466   -94
2024  84 23 25  -13.91   21.56   12.92  -771.5   130.5    -0.6   3.45   63987.  4.22   424   -91
2024  84 23 30  -13.61   22.10   12.50  -764.7   105.5   -16.6   2.44   41437.  2.91   301   -91
2024  84 23 35  -11.85   23.63   11.30  -762.4    99.0    -7.6   2.53   43388.  2.99   301   -95
2024  84 23 40  -12.81   22.64   11.30  -767.9    80.2     9.1   2.94   49440.  3.51   275   -87
2024  84 23 45   -9.99   24.74   10.32  -792.5    70.2    14.3   2.73   60276.  3.45   296   -86
2024  84 23 50  -10.16   24.42   10.88  -807.9    57.3    27.8   1.75   59287.  2.30   247   -89
2024  84 23 55  -13.03   21.07   14.09  -783.2    78.7     7.9   2.27   51271.  2.81   208   -90
2024  85  0  0  -12.37   21.64   13.75  -795.2    70.3    14.2   2.11   54704.  2.69   155   -87
2024  85  0  5  -12.63   21.69   13.24  -796.9    62.2    15.3   2.13   51518.  2.72   175   -85
2024  85  0 10  -12.84   21.19   13.48  -799.3    54.4    40.2   2.36   48166.  3.04   170   -86
2024  85  0 15  -12.47   21.16   13.60  -800.3    65.6    26.3   2.20   61038.  2.84   133   -84
2024  85  0 20  -11.96   20.69   14.56  -806.3    70.0    31.5   2.14   50568.  2.81   137   -82
2024  85  0 25  -12.70   20.97   13.03  -806.2    71.1    28.4   2.42   56941.  3.18   164   -80
2024  85  0 30  -12.94   21.15   12.34  -801.2    55.4    29.1   2.15   62397.  2.78   171   -80
2024  85  0 35  -13.13   21.21   11.89  -801.6    52.1    19.9   2.06   61709.  2.66   177   -81
2024  85  0 40  -12.71   20.76   13.00  -794.0    56.6    38.4   1.77   72236.  2.25   169   -82
2024  85  0 45  -12.86   20.81   12.64  -791.4    54.5    45.4   1.35   62754.  1.71   169   -84
2024  85  0 50  -13.58   21.68   10.23  -807.5    63.5    33.2   1.40   61943.  1.84   166   -85
2024  85  0 55  -13.59   21.28   10.99  -812.0    64.9    31.2   1.60   56809.  2.13   184   -83
2024  85  1  0  -13.65   21.13   11.08  -809.2    55.8    47.0   1.75   63068.  2.31   195   -81
2024  85  1  5  -13.56   22.17    8.93  -802.2    70.6    23.4   1.42   73814.  1.84   262   -83
2024  85  1 10  -13.45   21.81   10.18  -786.7    55.5    17.9   1.03   75738.  1.28   274   -86
2024  85  1 15  -12.89   20.77   12.08  -790.8    59.6    14.3   1.29  102907.  1.63   236   -85
2024  85  1 20  -12.56   20.36   12.71  -796.4    68.5     6.6   1.53  131661.  1.96   245   -81
2024  85  1 25  -12.30   20.34   12.82  -791.7    69.6     0.3   1.37  139080.  1.73   255   -80
2024  85  1 30  -12.87   19.65   12.61  -791.5    56.0    10.4   2.33   92473.  2.94   296   -77
2024  85  1 35  -12.20   17.43   15.69  -778.8    41.3    47.2   2.51   80099.  3.06   355   -73
2024  85  1 40  -12.41   15.10   17.71  -781.4     0.5    69.1   3.07   68890.  3.79   314   -74
2024  85  1 45  -11.88   12.90   19.41  -754.5    42.3    35.5   2.98   57317.  3.42   279   -74
2024  85  1 50   -8.84   10.96   22.33  -763.5    -7.5    36.0   5.10   67545.  5.97   228   -69
2024  85  1 55   -9.84    5.96   23.82  -757.9    31.5    19.5   5.53   45120.  6.38   256   -70
2024  85  2  0   -9.34    6.72   23.33  -755.2    17.1    37.4   6.80   32682.  7.78   285   -61
2024  85  2  5   -8.13    6.90   23.32  -763.1    23.9    25.4   6.70   30644.  7.81   331   -54
2024  85  2 10   -7.38    5.83   24.03  -769.6    10.3    27.4   5.81   20253.  6.89   262   -65
2024  85  2 15   -7.48    4.84   23.81  -771.9    23.0    43.3   6.96   19864.  8.33   233   -57
2024  85  2 20   -6.98    6.97   22.60  -776.8    24.5    37.9   5.59   34999.  6.77   250   -57
2024  85  2 25   -5.94    6.67   22.43  -781.1    71.3    19.8   4.24   28627.  5.24   216   -68
2024  85  2 30   -2.60   -3.01   22.92  -764.9    43.9    27.2   3.96   56380.  4.66   169   -71
2024  85  2 35   -0.24   -3.66   22.71  -789.6    64.1    22.0   6.56   69956.  8.28   178   -62
2024  85  2 40    1.77   -4.12   22.40  -791.8    78.2    26.3   7.52   48922.  9.53   252   -47
2024  85  2 45   -0.11   -2.31   22.08  -781.5    69.1    44.9   9.72   63518. 11.99   190   -50
2024  85  2 50   -0.99   -1.23   22.04  -753.3    41.8    41.2  11.11   55160. 12.70   197   -47
2024  85  2 55   -1.88   -1.48   21.86  -749.4    24.7    37.9  10.93   49212. 12.32   202   -37
2024  85  3  0   -0.89   -1.57   21.65  -746.1    63.1    33.0  14.95   46273. 16.81   348   -30
2024  85  3  5   -1.96    1.86   21.14  -757.4    55.0    33.8  19.55   39711. 22.62   262   -41
2024  85  3 10   -3.19    1.63   20.77  -762.6    51.6    30.9  19.70   39220. 23.06   168   -30
2024  85  3 15   -3.02    1.50   20.97  -762.4    63.3    27.2  15.00   37645. 17.58   177   -37
2024  85  3 20   -1.88   -1.71   21.17  -753.4    31.2    36.6  10.51   37143. 11.97   223   -57
2024  85  3 25   -1.08   -2.08   21.11  -752.0    27.1    37.8   9.34   45796. 10.60   157   -62
2024  85  3 30   -1.98   -3.75   20.65  -749.1    16.9    31.0  10.71   41635. 12.05   120   -58
2024  85  3 35   -1.35    2.95   20.58  -749.0    42.3    33.0  13.66   35883. 15.40   101   -45
2024  85  3 40   -1.58    0.58   20.97  -746.9    44.1    25.1  10.24   37116. 11.48   154   -51
2024  85  3 45   -1.87    1.84   20.30  -753.4    49.7    25.3  12.50   40797. 14.31   101   -58
2024  85  3 50   -2.58    2.20   19.78  -754.1    43.3    32.8  16.13   42555. 18.49   106   -46
2024  85  3 55   -2.81    4.34   18.08  -743.9    49.2    24.1  15.47   46026. 17.22   135   -32
2024  85  4  0    1.06    3.95   17.61  -759.6    49.3    23.5  17.33   63161. 20.11   281   -30
2024  85  4  5    0.88    6.12   16.67  -758.5    57.1    21.9  19.04   66322. 22.03   208   -26
2024  85  4 10   -0.71    7.86   15.49  -747.8    56.6    23.9  23.01   68006. 25.93   149   -24
2024  85  4 15   -0.37    9.57   15.25  -744.1    46.8    25.4  15.42   69857. 17.13   151   -27
2024  85  4 20   -1.93    8.81   17.35  -732.1    46.1     8.5   9.69   50480. 10.42   195   -50
2024  85  4 25   -2.78    5.36   18.66  -737.0    30.6    -0.6   7.78   41342.  8.47   126   -68
2024  85  4 30   -3.14    4.52   18.99  -737.8    31.1    -2.3   6.91   47118.  7.54   103   -65
2024  85  4 35   -3.66    5.46   18.72  -737.6    27.2    -8.9   6.12   52699.  6.67    68   -68
2024  85  4 40   -3.19    5.54   18.65  -736.2    26.0    -5.4   6.52   52137.  7.07    97   -64
2024  85  4 45   -4.09    5.19   18.74  -735.7    30.7    -7.7   5.92   53973.  6.42    83   -63
2024  85  4 50   -3.82    4.41   19.19  -733.7    37.5    -9.5   5.21   49950.  5.62    76   -68
2024  85  4 55   -3.31    3.65   18.95  -730.4    38.9    15.8   9.97   39902. 10.70    65   -69
2024  85  5  0   -4.05    5.09   17.20  -730.6    34.8    31.8  27.37   41491. 29.34   111   -48
2024  85  5  5   -4.35    6.54   17.86  -733.4    34.1    30.7  18.37   38877. 19.84   144   -46
2024  85  5 10   -4.55    8.11   16.81  -733.9    32.3    25.5  16.59   34791. 17.93   187   -42
2024  85  5 15   -6.20   10.37   13.12  -734.2    34.2    16.1  24.97   42649. 26.97    91   -37
2024  85  5 20   -6.99   10.56   12.18  -734.1    34.7    13.2  27.79   48346. 30.03   230   -13
2024  85  5 25   -6.59   10.84   13.92  -738.5    42.6     9.7  18.18   39072. 19.87   154   -20
2024  85  5 30   -5.73    9.82   14.96  -733.9    39.2    13.0  17.27   36528. 18.65   144   -42
2024  85  5 35   -6.93    9.49   13.82  -725.6    32.3    19.2  21.09   40195. 22.25   100   -35
2024  85  5 40   -6.95    9.71   13.79  -720.9    23.1    22.0  27.84   30802. 29.00   130   -19
2024  85  5 45   -7.33    8.55   14.17  -720.8    24.5    21.9  24.62   31493. 25.63   159   -39
2024  85  5 50   -8.84    6.43   14.37  -719.7    33.0    32.1  22.29   40839. 23.19   142   -41
2024  85  5 55   -9.90    7.05   13.66  -716.9    32.4    38.7  22.03   52507. 22.76   137   -42
2024  85  6  0   -8.17    6.11   15.07  -727.5    34.3    33.3  20.48   45916. 21.76    96   -44
2024  85  6  5   -8.65    5.14   15.07  -726.1    36.4    25.0  18.77   54994. 19.92    85   -44
2024  85  6 10   -5.43    1.63   18.46  -722.5    32.2    15.3  11.12   42014. 11.65   108   -56
2024  85  6 15   -5.51   -0.85   18.72  -719.9    31.4    11.3   8.61   39340.  8.94    88   -63
2024  85  6 20   -2.91   -3.32   18.56  -719.4    37.5    20.1   7.69   42688.  8.00    74   -66
2024  85  6 25   -3.65   -2.75   18.49  -716.2    36.8    16.2   5.66   37314.  5.82    88   -68
2024  85  6 30   -3.86   -2.69   18.13  -719.1    40.7    17.3   5.67   41482.  5.89    94   -70
2024  85  6 35   -3.82   -2.13   17.91  -725.4    41.3    17.3   5.13   50390.  5.42    84   -67
2024  85  6 40   -4.27   -3.08   16.97  -724.0    30.9     7.4   4.98   68122.  5.24    83   -65
2024  85  6 45   -3.89   -4.31   15.90  -720.8    43.4    23.1   6.14   63825.  6.41    97   -64
2024  85  6 50   -0.57   -9.17   14.23  -725.4    57.8    18.6   4.91   71885.  5.19    84   -59
2024  85  6 55   -0.29   -9.33   15.15  -723.7    66.4     6.7   2.64   63971.  2.79    97   -73
2024  85  7  0   -2.78   -5.94   15.92  -717.1    61.2     3.7   3.82   64090.  3.96   131   -70
2024  85  7  5   -2.80   -4.33   16.50  -716.9    64.0     3.7   3.24   63198.  3.35    64   -72
2024  85  7 10   -0.62   -7.02   15.73  -713.4    65.0    -2.4   2.81   64423.  2.89    76   -71
2024  85  7 15    1.77   -9.63   13.57  -720.6    80.3     0.8   2.50   81416.  2.63   113   -75
2024  85  7 20    5.62  -11.98   10.22  -731.1    94.8    10.1   2.45   79154.  2.66   111   -73
2024  85  7 25    0.96   -8.84   13.20  -718.7    83.6    16.1   3.44   79613.  3.60    85   -69
2024  85  7 30    1.99   -9.72   12.37  -720.5    78.5     9.9   3.68   96082.  3.87   111   -65
2024  85  7 35    1.52   -9.54   12.79  -720.9    81.0     5.4   3.35  102802.  3.53    93   -69
2024  85  7 40    0.67   -8.38   13.69  -716.4    69.2    -2.1   4.16   84258.  4.31   103   -68
2024  85  7 45    0.16   -7.11   14.34  -715.6    64.8    -3.8   4.68   47374.  4.83    68   -61
2024  85  7 50    1.64   -9.03   12.93  -722.8    66.7    -9.4   4.68   54552.  4.94    68   -61
2024  85  7 55   -0.58   -8.51   13.14  -714.6    63.1   -12.6   4.24   51762.  4.36    67   -62
2024  85  8  0   -1.32   -8.08   13.26  -704.6    60.4    -6.8   4.25   61559.  4.25    76   -62
2024  85  8  5    1.06   -9.20   12.60  -706.4    61.9    -6.0   3.73   55836.  3.75    87   -67
2024  85  8 10    2.46  -10.45   11.17  -716.6    79.5     3.4   2.18   53746.  2.27    74   -75
2024  85  8 15    3.00  -10.55   10.38  -727.8    73.7    14.6   2.82   73880.  3.02    70   -72
2024  85  8 20    3.32  -11.57    9.21  -727.2    72.8    23.5   2.99   63421.  3.20    63   -67
2024  85  8 25    3.36  -12.47    8.70  -722.1    49.6    -7.7   1.81   51784.  1.90    79   -72
2024  85  8 30    2.24  -11.43   10.48  -731.6    57.9     4.6   2.47   48953.  2.66    92   -78
2024  85  8 35    1.55  -10.99   11.02  -736.2    70.7     9.1   3.34   52226.  3.65    61   -66
2024  85  8 40    1.68  -10.37   11.66  -736.7    64.0     9.3   4.09   34284.  4.47    85   -64
2024  85  8 45    1.87   -8.96   12.35  -733.6    60.6     3.9   4.79   42545.  5.19   101   -59
2024  85  8 50    1.52   -5.09   14.84  -725.7    36.0   -21.3   5.43   44953.  5.74   134   -56
2024  85  8 55    2.74   -7.87   13.21  -724.7    48.0   -12.8   6.11   37810.  6.45   240   -53
2024  85  9  0    2.62   -8.40   13.04  -722.9    48.3   -19.6   4.52   41775.  4.75   145   -56
2024  85  9  5    2.53   -8.86   12.64  -722.2    45.9   -20.2   4.48   51889.  4.69    91   -60
2024  85  9 10    2.68   -9.70   11.45  -725.7    39.5   -22.1   4.93   60782.  5.22    75   -59
2024  85  9 15    2.75  -11.17    9.88  -724.8    45.5    -4.6   5.23   48862.  5.52    93   -58
2024  85  9 20    2.66  -10.77    9.73  -729.9    45.4    -3.5   5.97   44436.  6.39   142   -55
2024  85  9 25    2.89  -10.50    9.71  -725.1    57.0     3.0   5.46   60990.  5.78   198   -55
2024  85  9 30    2.75  -10.16    9.68  -720.2    54.4    17.0   5.10   44229.  5.33   214   -58
2024  85  9 35    1.61  -11.17    7.71  -718.4    51.8    10.4   5.92   52068.  6.14   174   -50
2024  85  9 40    2.40   -9.90    8.88  -711.9    42.8     9.7   5.03   64873.  5.12   207   -54
2024  85  9 45    2.85  -10.39    8.82  -694.1    68.4    17.0   4.48   58154.  4.35   167   -59
2024  85  9 50    3.62   -9.64    8.26  -710.3    72.4     4.1   3.47   61224.  3.55   128   -65
2024  85  9 55    2.94  -11.16    6.30  -711.9    63.8     5.4   4.45   56428.  4.55   138   -59
2024  85 10  0    1.57   -9.57    7.15  -715.6    42.3    -1.3   6.76   78821.  6.95   153   -52
2024  85 10  5   -0.48  -11.91    4.38  -721.9    38.1    -3.8   4.85   75218.  5.05   243   -47
2024  85 10 10    0.12  -10.82    3.31  -735.1    41.8   -34.7   7.48   87297.  8.12   249   -59
2024  85 10 15    0.84   -9.92    5.65  -731.4    27.2   -22.0   8.53   70606.  9.14   327   -45
2024  85 10 20    2.96   -7.56    8.23  -738.5    25.8   -20.0  12.41   50042. 13.61   322   -43
2024  85 10 25    4.01   -6.06    7.53  -753.3    12.9   -24.7  16.97   66208. 19.26   311   -35
2024  85 10 30    4.05   -5.20    6.28  -763.1     9.9   -22.6  14.68   76714. 17.09   339   -32
2024  85 10 35    2.73   -3.41    4.06  -793.3    -2.6    -8.8   8.90   44517. 11.21   373   -42
2024  85 10 40    1.63   -3.47    4.57  -792.7     0.8   -10.3   8.19   45270. 10.29   321   -48
2024  85 10 45    1.95   -3.36    4.91  -791.0     0.8    -8.8   8.29   38348. 10.37   284   -50
2024  85 10 50    2.27   -3.47    4.80  -791.8     2.9   -11.7   8.07   43309. 10.12   284   -49
2024  85 10 55    2.79   -2.76    4.23  -792.4    -0.4   -10.0   9.06   40374. 11.38   274   -50
2024  85 11  0    2.58   -2.99    3.89  -794.5     2.1    -3.8   8.12   44433. 10.25   282   -48
2024  85 11  5    2.33   -3.14    4.10  -797.7     7.8   -11.2   6.35   48864.  8.09   322   -54
2024  85 11 10    2.48   -2.51    4.16  -796.5     7.3   -10.5   5.82   52017.  7.38   301   -53
2024  85 11 15    2.16   -2.75    3.62  -795.3     4.7    -6.4   7.25   52006.  9.17   268   -50
2024  85 11 20    2.89   -2.54    3.47  -793.2     4.4    -6.7   7.43   47381.  9.35   268   -52
2024  85 11 25    2.77   -2.67    3.15  -791.6     6.7    -5.6   7.91   49786.  9.91   258   -50
2024  85 11 30    3.37   -1.64    3.62  -793.9     4.0    -3.8   7.98   51655. 10.06   224   -48
2024  85 11 35    3.33   -1.80    3.57  -793.5     2.6    -3.2   7.41   51091.  9.33   219   -47
2024  85 11 40    2.58   -1.71    3.51  -792.3     4.1    -3.2   7.99   53829. 10.02   246   -47
2024  85 11 45    3.59   -0.86    1.45  -782.1     9.6    -3.7  11.81   49249. 14.45   221   -47
2024  85 11 50    3.32   -1.42    0.92  -780.6     5.7    -9.3  12.48   44566. 15.21   257   -46
2024  85 11 55    2.42   -2.08    2.33  -784.4     6.0    -5.8  10.57   55086. 13.01   301   -45
2024  85 12  0    1.82   -1.43    2.95  -782.3     7.7    -3.8  10.57   50042. 12.94   307   -46
2024  85 12  5    1.66   -1.16    3.09  -783.4     9.8    -2.6  10.85   47498. 13.32   260   -53
2024  85 12 10    1.28   -1.20    3.59  -789.6    10.0    -3.7  11.59   41689. 14.46   217   -50
2024  85 12 15    1.09   -0.61    1.94  -790.1    13.1    -5.3  12.95   46753. 16.17   183   -41
2024  85 12 20    2.19   -2.42    3.71  -790.2    16.4    -2.1   8.88   67606. 11.10   264   -41
2024  85 12 25    1.80   -3.02    4.54  -788.8    19.1     1.6   4.61   69330.  5.74   246   -57
2024  85 12 30    1.54   -2.32    5.16  -788.5    14.2    -2.2   4.54   64420.  5.65   216   -63
2024  85 12 35    0.75   -1.66    5.06  -787.1    16.2     1.5   6.37   69928.  7.90   144   -58
2024  85 12 40    0.81   -1.14    4.37  -793.1    24.1     4.4   6.99   87219.  8.80   135   -55
2024  85 12 45    2.93   -2.65    2.21  -789.5    19.2     1.7   7.05   93528.  8.79   126   -53
2024  85 12 50    2.93   -2.98    4.69  -784.2    20.8   -21.6   4.25   66656.  5.22   154   -57
2024  85 12 55    3.12   -3.14    4.57  -785.5    17.4   -19.9   4.75   42693.  5.87   132   -64
2024  85 13  0    2.98   -3.46    4.33  -783.3    12.6   -13.9   4.96   37708.  6.09   148   -58
2024  85 13  5    2.92   -3.35    4.45  -781.6    13.1   -13.8   5.63   35883.  6.89   139   -57
2024  85 13 10    3.21   -3.51    3.99  -782.7     9.5   -15.2   5.09   40442.  6.24   160   -56
2024  85 13 15    3.26   -4.12    3.10  -782.8    17.1   -10.3   5.45   39202.  6.68   183   -55
2024  85 13 20    3.00   -3.83    3.56  -780.6    18.3   -12.2   5.50   44786.  6.71   196   -56
2024  85 13 25    3.57   -3.28    3.95  -779.3    19.1   -10.2   5.06   46065.  6.15   177   -56
2024  85 13 30    3.43   -2.97    4.25  -778.6    20.0   -12.3   4.96   42496.  6.02   153   -56
2024  85 13 35    3.65   -2.93    4.25  -779.3    20.6   -16.9   4.28   36518.  5.20   172   -56
2024  85 13 40    3.27   -3.22    4.43  -779.4    21.2   -16.1   4.49   35482.  5.46   179   -59
2024  85 13 45    2.92   -3.65    4.37  -776.6    22.6   -18.9   4.50   36525.  5.43   191   -58
2024  85 13 50    3.14   -3.37    4.11  -771.0    10.8   -22.6   4.27   46660.  5.08   182   -56
2024  85 13 55    3.62   -3.14    4.10  -777.5    19.1   -13.4   4.63   43900.  5.60   231   -57
2024  85 14  0    3.28   -3.51    4.80  -781.0    20.9    -6.3   4.66   53852.  5.70   252   -55
2024  85 14  5    4.31   -3.48    4.28  -781.4    25.4   -14.5   5.87   38348.  7.17   237   -52
2024  85 14 10    4.28   -2.72    4.58  -782.6    20.9   -15.6   6.13   44348.  7.52   236   -53
2024  85 14 15    3.90   -2.03    5.07  -782.0    17.8   -10.9   6.00   48592.  7.35   249   -49
2024  85 14 20    4.14   -1.71    4.66  -788.5    10.3   -19.1   6.40   51040.  7.97   259   -49
2024  85 14 25    4.08   -3.25    4.34  -781.3    21.2   -12.8   5.81   47819.  7.09   222   -51
2024  85 14 30    3.32   -1.37    5.88  -779.4     9.9   -16.8   5.87   51874.  7.14   275   -51
2024  85 14 35    3.96   -2.13    5.70  -774.8     6.1   -20.1   4.63   47838.  5.57   289   -52
2024  85 14 40    4.88   -3.65    4.38  -772.4    12.3    -3.3   3.66   51049.  4.37   249   -54
2024  85 14 45    4.78   -2.43    5.59  -765.5    12.0    -1.5   3.04   70726.  3.56   292   -58
2024  85 14 50    4.49   -2.61    5.49  -760.2    12.2    -4.2   2.99   53948.  3.46   271   -58
2024  85 14 55    4.59   -2.94    4.71  -772.6    -1.3    -6.1   3.80   58884.  4.56   241   -60
2024  85 15  0    4.51   -3.34    4.33  -780.4    14.1    -7.4   4.49   56918.  5.48   199   -56
2024  85 15  5    4.28   -2.44    5.06  -779.8    10.3    -6.2   4.65   51852.  5.66   117   -57
2024  85 15 10    3.74   -1.60    5.35  -778.7    10.4    -6.0   4.42   50899.  5.36   157   -55
2024  85 15 15    4.13   -1.55    5.24  -780.7     8.7    -8.8   4.11   48579.  5.01   120   -52
2024  85 15 20    4.68   -2.97    5.15  -771.7     8.1    15.0   3.51   37848.  4.18   117   -51
2024  85 15 25    4.74   -2.55    5.47  -766.6    14.5     2.7   3.51   38314.  4.13   184   -57
2024  85 15 30    4.77   -2.41    5.57  -765.6     7.9    -4.5   3.41   38904.  3.99   123   -56
2024  85 15 35    5.00   -2.10    5.49  -769.7    -8.2   -13.7   3.40   33758.  4.03   139   -56
2024  85 15 40    4.86   -1.91    5.56  -761.6     8.9   -10.9   3.80   34788.  4.41    84   -55
2024  85 15 45    5.30   -1.55    5.08  -763.4     4.3   -12.3   4.16   40755.  4.85    89   -54
2024  85 15 50    4.71    2.49    4.62  -779.7   -31.6   -10.2   3.05   42826.  3.71    91   -54
2024  85 15 55    0.58    6.01    1.15  -771.1   -60.0   -13.0   2.65   61558.  3.16   104   -58
2024  85 16  0   -4.33    1.48   -4.44  -718.6    10.5    59.6   4.25  129532.  4.42    78   -57
2024  85 16  5   -5.07   -1.34   -3.60  -708.5     7.9    62.4   3.92  135216.  3.98    89   -57
2024  85 16 10   -5.09   -1.76   -2.83  -699.9     6.4    63.6   3.39   83228.  3.35   120   -58
2024  85 16 15   -5.19   -3.17   -0.47  -697.7    33.0    20.6   3.89   85124.  3.80   165   -58
2024  85 16 20   -4.81   -3.44   -0.05  -693.9    25.0    30.9   3.51   84641.  3.40   198   -58
2024  85 16 25   -4.36   -2.86    2.92  -702.1    30.1    -4.8   3.85  106362.  3.80   215   -61
2024  85 16 30   -3.93   -2.98    3.69  -699.3    31.1   -14.1   3.52   90729.  3.45   300   -64
2024  85 16 35   -3.84   -1.96    4.43  -702.8    28.8   -15.6   3.37   82721.  3.34   300   -65
2024  85 16 40   -3.68   -0.71    4.03  -708.6    19.9   -20.5   3.50   94258.  3.52   263   -65
2024  85 16 45   -4.26    0.51    3.10  -701.4    15.9     1.7   3.76  113423.  3.70   269   -66
2024  85 16 50   -3.86    1.30    2.46  -712.4    14.5   -28.9   3.69  157475.  3.75   216   -64
2024  85 16 55   -4.11    3.12    2.46  -693.0   -15.1   -20.7   3.19  119679.  3.08   133   -67
2024  85 17  0   -4.42    4.93    0.37  -683.3   -41.0   -23.5   1.66   51834.  1.55   178   -70
2024  85 17  5   -4.24    4.93   -0.04  -683.1   -31.1    -6.1   1.87   44082.  1.76   144   -71
2024  85 17 10   -4.95    3.16    1.65  -681.2   -39.0   -11.8   1.68   54382.  1.57   133   -70
2024  85 17 15   -5.69    2.47    2.80  -676.0   -30.6   -30.2   1.21   56632.  1.11   134   -69
2024  85 17 20   -5.23    3.94   -0.54  -668.7   -43.0     5.5   1.71   60918.  1.54   127   -70
2024  85 17 25   -5.08    4.61   -1.37  -677.7   -27.7    -1.0   1.37   39775.  1.26   141   -69
2024  85 17 30   -4.87    4.62   -0.79  -683.3   -33.7     3.3   1.61   33787.  1.51   132   -69
2024  85 17 35   -5.30    3.63    0.78  -679.1   -35.3    -3.2   1.26   47302.  1.17   136   -68
2024  85 17 40   -5.47    1.72    3.61  -678.0   -17.4   -30.0   1.01   60114.  0.93   122   -68
2024  85 17 45   -5.21    1.88    3.54  -680.2   -24.2   -28.9   1.08   53525.  1.00   192   -68
2024  85 17 50   -5.23    1.96    2.92  -667.3   -25.5   -13.0   1.37   52320.  1.23   125   -65
2024  85 17 55   -4.74    2.83    2.18  -668.4   -41.7    -6.1   1.94   39083.  1.74   138   -66
2024  85 18  0   -5.17    3.77    0.09  -664.9   -57.5     1.9   1.97   41455.  1.75   174   -69
2024  85 18  5   -5.03    3.65    0.78  -672.0   -44.4    -9.0   1.87   39736.  1.70   165   -70
2024  85 18 10   -3.95    4.62   -1.79  -694.4   -45.9    16.1   1.60   48418.  1.55   174   -71
2024  85 18 15   -3.93    4.47   -2.59  -684.9   -58.6    24.8   1.66   45953.  1.57   194   -70
2024  85 18 20   -4.47    3.73   -3.56  -684.9   -44.5    48.1   1.40   38431.  1.32   165   -67
2024  85 18 25   -3.85    4.46   -2.18  -678.0   -56.3    24.7   2.05   40655.  1.90   215   -68
2024  85 18 30   -4.40    3.95   -2.60  -671.2   -41.7    34.6   1.97   35608.  1.79   269   -69
2024  85 18 35   -4.28    2.76   -4.01  -671.2   -37.3    53.4   2.00   36428.  1.82   246   -70
2024  85 18 40   -4.48    3.15   -3.11  -671.1   -28.1    39.8   2.01   38603.  1.83   229   -70
2024  85 18 45   -4.86    4.14   -1.16  -665.8   -51.5    22.1   1.81   38094.  1.62   229   -73
2024  85 18 50   -5.25    3.67   -0.59  -662.4   -47.0    11.9   1.77   38103.  1.56   224   -72
2024  85 18 55   -5.48    3.23   -1.01  -661.3   -38.5    17.5   1.39   39740.  1.22   235   -73
2024  85 19  0   -5.54    3.26   -0.41  -660.1   -37.4     0.5   1.27   32760.  1.11   212   -75
2024  85 19  5   -5.82    2.70    0.44  -656.9   -36.4     6.6   1.18   33502.  1.02   199   -77
2024  85 19 10   -6.07    2.22    0.99  -654.3   -20.6   -24.3   1.12   30584.  0.96   188   -78
2024  85 19 15   -6.03    1.62    1.54  -644.5   -10.9   -26.3   1.22   35490.  1.02   232   -79
2024  85 19 20   -6.05    2.22    0.82  -649.4   -20.3   -20.3   1.22   32149.  1.03   276   -79
2024  85 19 25   -5.45    3.34   -0.24  -657.7   -31.3    -6.8   1.41   41393.  1.22   246   -78
2024  85 19 30   -5.98    2.28    1.24  -648.9   -31.0   -19.2   1.28   31490.  1.08   234   -77
2024  85 19 35   -5.94    2.49    1.15  -642.5   -18.7   -28.7   1.28   31496.  1.06   244   -77
2024  85 19 40   -5.93    2.64    1.15  -640.4   -24.4   -35.5   1.15   35416.  0.94   241   -77
2024  85 19 45   -5.88    2.77    1.15  -639.4   -31.3   -34.2   1.11   30367.  0.91   229   -76
2024  85 19 50   -5.96    2.69    0.96  -638.0   -22.7   -30.9   1.06   30463.  0.86   196   -76
2024  85 19 55   -5.96    2.84    0.76  -637.4   -17.9   -31.6   1.01   29305.  0.82   162   -76
2024  85 20  0   -6.04    2.57    0.86  -636.5   -22.5   -33.5   0.94   32388.  0.77   152   -77
2024  85 20  5   -6.06    2.44    0.59  -634.5    -9.9   -27.4   0.87   29156.  0.70   134   -76
2024  85 20 10   -5.83    2.86    0.46  -636.8   -13.7   -33.0   0.98   29541.  0.80   121   -75
2024  85 20 15   -5.49    3.29    0.27  -638.9   -26.0   -29.1   0.88   33817.  0.72   111   -75
2024  85 20 20   -5.37    3.47    0.10  -640.7   -36.5   -28.9   1.00   28490.  0.82    99   -75
2024  85 20 25   -5.46    3.23    0.14  -636.9   -25.8   -33.5   0.94   31866.  0.77    75   -74
2024  85 20 30   -5.75    2.60    0.34  -636.7   -26.9   -33.8   0.81   32279.  0.66    79   -73
2024  85 20 35   -5.84    2.34    0.23  -635.1   -15.7   -30.6   0.83   30265.  0.67    49   -73
2024  85 20 40   -5.85    2.05    0.22  -629.6    -3.1   -33.4   0.97   30759.  0.78    36   -73
2024  85 20 45   -5.94    1.73    0.39  -624.8     1.9   -39.8   0.89   33480.  0.70    46   -72
2024  85 20 50   -5.93    1.70    0.81  -623.7     8.5   -45.0   0.94   30440.  0.73    58   -72
2024  85 20 55   -5.92    1.62    0.84  -623.9     7.9   -46.4   0.94   30234.  0.74    59   -72
2024  85 21  0   -5.86    1.56    0.86  -624.6     2.7   -42.6   0.86   35250.  0.68    45   -71
2024  85 21  5   -5.81    1.47    0.82  -622.1     8.9   -46.8   0.83   31470.  0.64    49   -71
2024  85 21 10   -5.72    1.64    1.06  -622.1     8.4   -47.4   0.80   30484.  0.63    62   -70
2024  85 21 15   -5.73    1.28    1.29  -625.7     0.5   -49.5   0.71   35907.  0.56    69   -70
2024  85 21 20   -5.65    1.58    1.20  -622.6     5.3   -50.1   0.88   30131.  0.68    91   -69
2024  85 21 25   -5.75    1.18    1.05  -622.2     8.1   -53.4   0.79   29112.  0.62    92   -68
2024  85 21 30   -5.44    1.53    1.40  -623.5    -0.2   -57.6   0.73   30605.  0.58   110   -68
2024  85 21 35   -5.02    2.42    1.25  -630.1   -21.3   -64.5   0.71   27679.  0.57   118   -68
2024  85 21 40   -4.97    2.48    0.60  -629.3   -22.7   -56.0   0.64   30062.  0.51    96   -68
2024  85 21 45   -5.07    1.68    1.20  -625.4   -11.2   -38.2   0.65   32299.  0.51   103   -67
2024  85 21 50   -4.72    2.02    1.55  -629.6    -9.9   -69.9   0.74   30153.  0.59    87   -66
2024  85 21 55   -4.75    2.06    1.45  -631.8   -20.1   -66.3   0.74   24618.  0.60    74   -65
2024  85 22  0   -4.34    2.63    1.44  -631.9   -24.3   -65.8   0.74   22509.  0.60    69   -64
2024  85 22  5   -4.31    2.70    1.34  -631.2   -22.0   -68.9   0.68   21340.  0.55    57   -64
2024  85 22 10   -4.34    2.55    1.39  -631.6   -17.5   -71.4   0.69   21363.  0.56    52   -64
2024  85 22 15   -4.04    3.22    0.77  -633.7   -37.8   -58.3   0.67   23321.  0.55    61   -64
2024  85 22 20   -3.51    3.76    0.11  -635.4   -34.6   -33.9   0.71   25908.  0.58    53   -64
2024  85 22 25   -2.82    4.27    0.42  -652.8   -55.0   -45.1   0.79   24669.  0.68    42   -64
2024  85 22 30   -4.13    2.64   -0.04  -645.7   -54.6   -35.1   0.74   21830.  0.63    56   -62
2024  85 22 35   -3.94    3.16   -0.63  -630.8   -30.1    -6.8   0.79   25168.  0.63    57   -62
2024  85 22 40   -2.42    4.51    0.48  -635.0   -42.8   -13.9   0.89   24007.  0.72    61   -61
2024  85 22 45   -3.63    3.75    0.11  -636.5   -27.4   -28.1   0.80   25131.  0.65    73   -60
2024  85 22 50   -4.21    3.06   -1.52  -631.8   -27.5    -0.7   0.80   24467.  0.64    66   -59
2024  85 22 55   -3.97    3.39   -1.63  -631.9   -33.7     0.1   0.77   23236.  0.62    54   -59
2024  85 23  0   -4.28    2.90   -1.88  -634.2   -30.4    -3.6   0.73   28570.  0.59    37   -59
2024  85 23  5   -4.40    2.04   -2.27  -637.8     2.4    22.5   0.81   26062.  0.66    39   -58
2024  85 23 10   -3.42    3.66   -1.89  -643.7   -28.1   -13.2   0.88   28653.  0.73    28   -58
2024  85 23 15   -3.84    3.61   -1.93  -636.3   -12.2   -12.3   0.99   19733.  0.80    45   -55
2024  85 23 20   -4.07    3.57   -1.81  -636.8    -5.5    -7.7   0.88   22653.  0.71    64   -53
2024  85 23 25   -4.08    3.68   -1.77  -634.8   -23.1     1.2   0.90   24220.  0.73    69   -53
2024  85 23 30   -4.37    3.45   -1.73  -632.2   -25.5     2.9   0.81   27598.  0.65    68   -53
2024  85 23 35   -4.70    3.05   -1.73  -624.2   -22.0     3.4   0.77   33559.  0.60    69   -53
2024  85 23 40   -4.88    2.83   -1.81  -614.5   -16.1    -1.8   0.77   24404.  0.58    91   -53
2024  85 23 45   -5.09    2.44   -1.73  -612.5   -23.5    -1.0   0.77   22454.  0.58   121   -53
2024  85 23 50   -5.34    2.00   -1.56  -609.7   -14.9     1.4   0.77   23384.  0.57   151   -54
2024  85 23 55   -5.18    2.28   -1.35  -613.3   -12.6    -8.7   0.73   27402.  0.55   168   -53
2024  86  0  0   -4.96    2.42   -1.47  -611.8   -16.7     2.0   0.80   28408.  0.60   225   -54
2024  86  0  5   -5.45    1.32   -1.22  -606.2    -9.5    -5.7   0.69   30730.  0.51   265   -55
2024  86  0 10   -5.56    0.85   -1.18  -600.9     8.2   -12.2   0.67   31415.  0.48   260   -55
2024  86  0 15   -5.66    0.54   -0.96  -594.3    16.3   -16.8   0.65   25973.  0.46   259   -56
2024  86  0 20   -5.65    0.30   -0.93  -593.8    20.1   -18.6   0.65   23702.  0.46   199   -56
2024  86  0 25   -5.42    0.66   -1.25  -594.3    21.7   -17.0   0.62   28512.  0.44   131   -55
2024  86  0 30   -5.40    0.44   -1.21  -593.0    17.8   -13.5   0.66   24319.  0.47    90   -55
2024  86  0 35   -5.37    0.39   -1.28  -592.9    19.5   -12.2   0.65   25147.  0.46    72   -55
2024  86  0 40   -5.31    0.21   -1.41  -592.6    21.9    -7.2   0.65   24424.  0.45    58   -54
2024  86  0 45   -5.28   -0.18   -1.45  -592.6    29.4    -5.8   0.63   23726.  0.44    64   -53
2024  86  0 50   -5.19   -0.69   -1.40  -594.3    37.7    -7.6   0.64   25911.  0.45    65   -53
2024  86  0 55   -4.92   -2.04   -1.51  -600.3    69.3    -5.0   0.64   26023.  0.47    74   -51
2024  86  1  0   -5.16   -1.09   -1.68  -592.7    62.2   -13.0   0.61   24883.  0.44    85   -50
2024  86  1  5   -5.01   -1.72   -1.59  -596.7    65.6    -2.0   0.57   26570.  0.41   149   -50
2024  86  1 10   -4.74   -2.30   -1.59  -599.5    71.0    -0.7   0.68   26344.  0.49   138   -50
2024  86  1 15   -4.81   -2.29   -1.50  -598.4    73.5    -2.8   0.63   27742.  0.46   159   -51
2024  86  1 20   -4.76   -2.45   -1.53  -598.3    89.4    -8.1   0.61   26868.  0.45   182   -51
2024  86  1 25   -4.66   -2.75   -1.35  -600.7    96.2   -11.2   0.53   29268.  0.40   226   -51
2024  86  1 30   -4.75   -2.68   -1.08  -598.0    96.8   -13.4   0.58   29311.  0.43   259   -52
2024  86  1 35   -4.38   -3.19   -1.16  -607.4   105.0   -17.2   0.60   29375.  0.46   285   -52
2024  86  1 40   -4.32   -3.47   -0.85  -609.4   112.0   -35.3   0.64   27940.  0.49   264   -53
2024  86  1 45   -4.49   -3.29   -0.52  -600.0   113.1   -28.2   0.59   30949.  0.44   263   -54
2024  86  1 50   -4.18   -3.56   -0.81  -605.7   112.9   -27.5   0.66   29546.  0.51   319   -55
2024  86  1 55   -3.92   -3.80   -1.01  -609.7   120.0   -22.9   0.67   29549.  0.52   341   -55
2024  86  2  0   -4.64   -2.76   -1.07  -610.9   109.0   -18.1   0.61   24699.  0.47   354   -55
2024  86  2  5   -4.94   -2.14   -1.12  -585.1    81.1   -16.8   0.58   25660.  0.41   362   -55
2024  86  2 10   -5.14   -0.94   -1.63  -583.2    73.6   -10.2   0.64   25721.  0.45   393   -55
2024  86  2 15   -4.88   -2.69   -0.81  -584.7    89.0   -20.3   0.69   27437.  0.48   417   -57
2024  86  2 20   -5.12   -2.18   -0.73  -583.9    96.0   -17.6   0.67   25253.  0.47   407   -58
2024  86  2 25   -5.21   -1.76   -1.19  -579.8    79.7    -9.9   0.66   26163.  0.45   420   -58
2024  86  2 30   -5.29   -1.68   -0.83  -578.6    91.5   -10.8   0.64   25082.  0.43   466   -57
2024  86  2 35   -5.19   -1.92   -0.76  -564.1    91.6   -15.0   0.71   26273.  0.47   458   -57
2024  86  2 40   -5.04   -2.18   -1.39  -567.4   100.9    -8.9   0.69   28532.  0.46   430   -57
2024  86  2 45   -5.12   -1.96   -1.32  -566.4   105.9   -16.3   0.84   24491.  0.56   448   -56
2024  86  2 50   -5.46   -1.34   -0.70  -562.2    90.1   -14.5   0.64   26248.  0.41   459   -56
2024  86  2 55   -5.41   -1.05   -1.24  -558.8    85.8   -19.2   0.70   26256.  0.45   562   -55
2024  86  3  0   -5.23   -0.09   -1.61  -551.7    71.7    -6.5   0.77   21405.  0.48   520   -54
2024  86  3  5   -5.25    0.37   -1.59  -554.6    50.5    -4.9   0.71   20865.  0.44   522   -54
2024  86  3 10   -5.37   -0.94   -0.98  -555.5    69.0   -15.2   0.76   27605.  0.48   451   -55
2024  86  3 15   -5.36   -0.97   -0.92  -553.0    80.1   -20.2   0.63   29326.  0.40   377   -56
2024  86  3 20   -5.37   -0.26   -1.16  -555.4    69.9   -18.8   0.58   24201.  0.36   365   -55
2024  86  3 25   -5.35    0.16   -1.16  -557.1    64.4   -16.1   0.57   23602.  0.36   370   -55
2024  86  3 30   -5.38    0.01   -0.91  -554.6    70.2   -21.8   0.56   25810.  0.35   366   -55
2024  86  3 35   -5.34   -0.30   -0.75  -553.8    72.0   -23.2   0.58   24249.  0.36   341   -55
2024  86  3 40   -5.22   -0.83   -0.68  -550.1    86.1   -28.8   0.57   28240.  0.35   305   -55
2024  86  3 45   -5.02   -1.42   -0.58  -550.0    99.9   -33.2   0.62   25295.  0.39   298   -54
2024  86  3 50   -4.54   -2.23   -0.73  -551.1   123.3   -27.8   0.57   31032.  0.37   248   -54
2024  86  3 55   -4.51   -2.10   -0.43  -550.5   121.1   -35.1   0.56   30746.  0.36   206   -54
2024  86  4  0   -4.51   -2.08   -0.21  -575.3   113.7   -43.9   0.64   40826.  0.44   175   -54
2024  86  4  5   -4.53   -1.85   -0.61  -576.5    97.1   -41.7   0.62   31809.  0.42   175   -53
2024  86  4 10   -4.77   -0.81   -0.20  -559.3    94.0   -34.6   0.57   36140.  0.37   177   -52
2024  86  4 15   -4.53   -1.74   -0.27  -557.6   106.9   -40.0   0.52   42680.  0.34   158   -52
2024  86  4 20   -4.11   -2.56    0.46  -576.5   135.2   -64.4   0.57   47152.  0.41   136   -52
2024  86  4 25   -4.58   -0.09    0.89  -568.6   118.4   -46.7   0.51   44968.  0.35   175   -50
2024  86  4 30   -4.57    1.09    0.97  -566.6    45.7   -74.8   0.58   32283.  0.38   180   -49
2024  86  4 35   -4.76    1.00    0.90  -563.2    25.2   -62.8   0.62   38573.  0.40   176   -49
2024  86  4 40   -4.48    2.06   -0.40  -565.9    17.5   -50.0   0.59   34154.  0.38   156   -49
2024  86  4 45   -2.94    3.82   -0.37  -594.2   -25.5   -39.5   0.56   53744.  0.40   199   -49
2024  86  4 50   -2.99    3.62    0.69  -601.4   -34.9   -45.2   0.53   59385.  0.39   190   -49
2024  86  4 55   -3.48    2.18   -1.97  -591.7   -25.8   -13.1   0.70   62223.  0.49   105   -50
2024  86  5  0   -2.36    3.55    0.74  -636.9   -39.2   -86.8   0.60   41137.  0.50    90   -50
2024  86  5  5   -3.01    3.38   -1.52  -600.0   -23.3     6.5   0.56   40929.  0.40    88   -50
2024  86  5 10   -0.96    3.54    2.85  -663.4   -44.7  -111.8   0.76   41376.  0.69    99   -51
2024  86  5 15    0.08    4.40    2.50  -688.1   -48.9  -119.4   0.80   40843.  0.79    91   -50
2024  86  5 20    0.12    4.42    3.43  -665.5   -42.0  -115.5   0.81   39680.  0.74   113   -50
2024  86  5 25   -0.47    4.47    3.49  -649.5   -36.9  -110.1   0.80   36480.  0.69    98   -50
2024  86  5 30    0.39    3.99    3.97  -662.2   -28.6  -120.7   0.73   30969.  0.67   107   -50
2024  86  5 35   -3.46    3.99    1.73  -606.8   -27.5   -92.6   0.67   32519.  0.51   105   -50
2024  86  5 40   -3.59    4.19    0.81  -587.7   -30.1   -80.9   0.68   32910.  0.48    90   -49
2024  86  5 45   -3.02    4.57    0.64  -597.3   -42.7   -68.1   0.72   31057.  0.53    78   -48
2024  86  5 50   -1.91    4.62    2.34  -619.4   -41.5   -89.2   0.73   40119.  0.57    78   -47
2024  86  5 55   -2.69    4.21    2.14  -601.3   -45.6   -84.3   0.81   45721.  0.60    70   -46
2024  86  6  0   -2.76    3.88    2.50  -604.6   -25.1   -83.1   0.74   45355.  0.55    60   -46
2024  86  6  5   -3.47    3.47    2.44  -586.0   -20.1   -83.8   0.64   41447.  0.45    74   -46
2024  86  6 10   -3.01    4.16    1.90  -595.0   -29.8   -73.5   0.72   46443.  0.52    72   -46
2024  86  6 15   -2.37    4.57    1.65  -596.7   -45.4   -76.0   0.74   44712.  0.54    88   -46
2024  86  6 20   -2.59    4.43    1.91  -599.0   -41.3   -68.5   0.73   41362.  0.53    75   -46
2024  86  6 25   -2.87    4.30    2.06  -606.4   -34.1   -69.6   0.69   37776.  0.52    75   -46
2024  86  6 30   -2.72    4.41    2.01  -606.6   -27.2   -68.9   0.64   36870.  0.48    69   -46
2024  86  6 35   -2.80    4.33    2.15  -598.8   -20.0   -67.2   0.70   31434.  0.51    63   -46
2024  86  6 40   -2.73    4.72    1.34  -607.2   -38.8   -50.4   0.67   32548.  0.50    60   -47
2024  86  6 45   -2.65    4.58    1.41  -602.1   -32.0   -59.0   0.74   42790.  0.55    49   -47
2024  86  6 50   -1.91    5.05    1.68  -618.3   -29.5   -67.0   0.71   38001.  0.55    40   -47
2024  86  6 55   -1.62    5.29    0.91  -611.2   -33.2   -56.7   0.67   48110.  0.51    42   -47
2024  86  7  0   -1.12    5.22    1.80  -626.1   -40.5   -52.6   0.71   55592.  0.56    44   -47
2024  86  7  5   -1.23    5.30    1.55  -623.6   -42.5   -42.9   0.80   58570.  0.62    43   -48
2024  86  7 10   -1.50    5.29   -0.22  -622.4   -42.9   -28.6   0.68   42440.  0.53    49   -47
2024  86  7 15   -2.40    4.90    1.46  -602.1   -27.7   -64.2   0.74   44161.  0.55    52   -48
2024  86  7 20   -2.11    5.22    0.65  -612.8   -38.6   -31.8   0.65   45255.  0.49    46   -47
2024  86  7 25   -1.84    5.19    1.20  -607.5   -39.6   -63.5   0.62   32283.  0.46    51   -47
2024  86  7 30   -0.13    5.39    1.95  -644.3   -36.5   -64.5   0.70   45571.  0.59    50   -47
2024  86  7 35   -1.06    5.24    2.24  -625.9   -33.6   -74.6   0.68   39956.  0.54    47   -48
2024  86  7 40   -1.05    5.12    2.52  -625.3   -29.0   -72.9   0.69   35842.  0.55    50   -47
2024  86  7 45   -0.41    5.35    2.03  -637.4   -42.6   -57.8   0.67   43092.  0.55    46   -48
2024  86  7 50   -0.98    5.16    2.45 99999.9 99999.9 99999.9 999.99 9999999. 99.99    50   -49
2024  86  7 55   -1.88    5.07    1.99  -615.6   -42.9   -63.7   0.68   46117.  0.53    55   -50
2024  86  8  0   -2.86    4.86    1.27  -594.1   -35.2   -52.5   0.67   43349.  0.48    57   -48
2024  86  8  5   -2.99    4.77    1.85  -586.9   -25.1   -50.4   0.73   40532.  0.51    76   -48
2024  86  8 10   -3.05    4.76    1.84  -578.5   -30.2   -56.8   0.68   37759.  0.47    47   -48
2024  86  8 15   -2.50    4.37    3.09  -592.6   -24.8   -87.9   0.72   49036.  0.52    46   -49
2024  86  8 20   -3.11    3.90    2.97  -579.4   -17.9   -90.8   0.63   33383.  0.43    48   -49
2024  86  8 25   -5.13    3.19    0.70  -566.3   -27.4   -63.6   0.60   38746.  0.40    46   -49
2024  86  8 30   -4.30    3.91    1.80  -572.1   -25.6   -67.7   0.65   41450.  0.43    49   -49
2024  86  8 35   -3.45    4.74    2.19  -583.1   -27.5   -73.0   0.66   49033.  0.46    50   -50
2024  86  8 40   -3.56    4.68    2.31  -585.6   -27.7   -70.0   0.72   47897.  0.50    49   -49
2024  86  8 45   -2.90    4.83    2.48  -599.7   -35.6   -83.3   0.75   67357.  0.55    43   -48
2024  86  8 50   -3.61    4.64    1.75  -569.3   -22.6   -58.4   0.72   52837.  0.48    53   -48
2024  86  8 55   -3.82    4.90    0.53  -575.3   -37.1   -52.2   0.69   55218.  0.46    50   -48
2024  86  9  0   -4.01    4.71   -0.17  -574.0   -36.0   -29.1   0.71   62365.  0.47    51   -48
2024  86  9  5   -4.94    3.39   -1.35  -564.1   -11.4   -23.6   0.63   45126.  0.40    54   -50
2024  86  9 10   -5.00    2.41   -2.81  -566.0     5.0    15.5   0.64   48262.  0.41    53   -50
2024  86  9 15   -5.15    2.30   -2.44  -555.6    18.6     5.4   0.61   41130.  0.37    54   -50
2024  86  9 20   -4.91    3.17   -1.99  -563.3   -10.7    -0.9   0.56   40973.  0.35    64   -50
2024  86  9 25   -5.57    1.66   -2.22  -548.8    25.8    -1.0   0.56   43897.  0.34    81   -49
2024  86  9 30   -5.44    1.94   -2.29  -552.8    12.1     2.5   0.55   37246.  0.34    94   -50
2024  86  9 35   -5.04    2.85   -1.82  -552.2    -1.2    -1.4   0.56   42871.  0.35    98   -50
2024  86  9 40   -4.05    3.91    0.64  -560.6   -11.5   -30.7   0.62   49093.  0.39   121   -49
2024  86  9 45   -3.43    4.24    2.58  -577.4   -26.2   -72.6   0.59   41907.  0.41   173   -49
2024  86  9 50   -3.70    3.93    2.70  -568.4    -6.6   -84.4   0.64   62721.  0.43   127   -48
2024  86  9 55   -2.54    4.13    3.69  -593.7    -7.5   -94.0   0.69   55693.  0.50   105   -49
2024  86 10  0   -3.08    4.63    2.32  -583.0   -25.0   -80.4   0.60   51067.  0.42    68   -50
2024  86 10  5   -3.63    3.69   -1.69  -583.3    13.4    63.2   0.73  183037.  0.50    89   -50
2024  86 10 10   -2.60    3.56   -1.00  -608.3    18.4    29.7   1.15  194878.  0.86   209   -49
2024  86 10 15   -1.53    3.62    0.53  -627.3    33.7   -12.3   2.14  144164.  1.70   303   -46
2024  86 10 20    0.58    2.62    2.59  -637.6    49.3   -22.9   2.83   98298.  2.32   377   -38
2024  86 10 25    1.50    1.10    2.78  -642.3    51.1   -31.7   3.91   62283.  3.26   300   -36
2024  86 10 30    0.30    1.28    2.33  -643.8    51.3   -31.6   4.30   80966.  3.60   376   -29
2024  86 10 35   -0.11    1.42    1.73  -643.6    53.9   -28.7   4.58   76348.  3.83   338   -29
2024  86 10 40   -0.59    1.25    1.25  -644.3    49.2   -33.2   4.78   66778.  4.00   393   -29
2024  86 10 45   -0.30    1.83    1.60  -645.5    44.5   -33.0   4.56   62728.  3.83   296   -28
2024  86 10 50   -0.65    1.60    1.66  -643.0    49.9   -26.9   4.26   66761.  3.55   269   -29
2024  86 10 55   -1.00    1.12    1.03  -649.3    48.3   -33.6   4.76   58700.  4.04   207   -29
2024  86 11  0   -1.50    1.41    0.62  -648.0    49.2   -32.6   4.82   58822.  4.08   203   -29
2024  86 11  5   -1.77    1.07   -0.27  -647.4    43.6   -36.5   4.94   47781.  4.18   185   -28
2024  86 11 10   -0.91    0.98    0.45  -644.3    42.1   -36.3   5.21   53964.  4.35   200   -28
2024  86 11 15   -0.58    0.97    0.76  -645.1    44.1   -30.7   5.40   57423.  4.53   182   -26
2024  86 11 20   -0.90    1.46    1.14  -647.0    47.4   -32.6   4.85   53763.  4.09   238   -26
2024  86 11 25   -1.51    1.33    0.27  -645.9    44.8   -32.7   4.85   47304.  4.08   186   -27
2024  86 11 30   -1.44    1.05    0.12  -644.9    33.6   -32.4   4.70   49437.  3.94   149   -26
2024  86 11 35   -1.73    1.12    0.22  -646.8    39.6   -32.4   4.67   43986.  3.93   144   -26
2024  86 11 40   -2.16    1.17   -0.74  -641.9    34.2   -39.6   5.27   38723.  4.37   216   -21
2024  86 11 45   -2.15    0.95   -0.99  -640.8    28.8   -38.4   5.58   32150.  4.61   276   -21
2024  86 11 50   -2.15    0.97   -1.14  -644.4    33.0   -30.7   5.51   35926.  4.60   208   -21
2024  86 11 55   -2.13    0.81   -1.28  -642.7    29.7   -35.5   5.26   32402.  4.37   266   -21
2024  86 12  0   -2.04    0.73   -1.66  -639.9    28.0   -45.0   5.15   31846.  4.25   235   -21
2024  86 12  5   -1.97    0.58   -1.83  -639.8    27.2   -44.9   5.17   30630.  4.26   233   -21
2024  86 12 10   -1.93    0.63   -1.77  -639.5    31.3   -44.6   5.12   35578.  4.22   254   -22
2024  86 12 15   -1.87    0.40   -1.59  -639.9    27.8   -44.2   4.99   32878.  4.11   248   -23
2024  86 12 20   -1.97    0.35   -1.43  -641.9    29.7   -37.4   4.72   35009.  3.91   247   -23
2024  86 12 25   -2.07    0.64   -0.91  -645.8    34.4   -28.7   4.34   37396.  3.64   242   -24
2024  86 12 30   -1.66    0.05   -1.97  -643.0    26.1   -29.4   3.93   33774.  3.27   244   -27
2024  86 12 35   -1.71   -0.05   -1.94  -640.2    24.7   -39.4   3.90   33891.  3.22   229   -27
2024  86 12 40   -1.77   -0.08   -1.79  -640.4    26.7   -38.8   3.81   38905.  3.14   284   -28
2024  86 12 45   -2.06    0.40   -1.11  -646.0    34.9   -30.2   4.23   31595.  3.54   243   -30
2024  86 12 50   -2.26    0.52   -0.75  -641.9    28.4   -37.0   3.73   39054.  3.09   223   -31
2024  86 12 55   -2.33    0.32   -0.64  -639.0    23.5   -41.2   3.74   47678.  3.07   231   -31
2024  86 13  0   -2.33   -0.24   -0.84  -636.4    21.7   -43.2   3.86   38618.  3.14   220   -32
2024  86 13  5   -2.35   -0.01   -0.76  -635.9    21.0   -44.7   3.99   37322.  3.25   221   -33
2024  86 13 10   -2.49   -0.11   -0.20  -635.9    20.1   -44.0   3.89   37645.  3.16   185   -33
2024  86 13 15   -2.61   -0.19   -0.46  -637.7    21.2   -42.6   3.61   45348.  2.95   157   -34
2024  86 13 20   -2.65   -0.07   -0.56  -637.8    20.4   -44.0   3.27   41392.  2.68   146   -36
2024  86 13 25   -2.56   -0.25   -0.43  -636.0    20.4   -42.8   3.76   38696.  3.06   190   -38
2024  86 13 30   -2.70   -0.06   -0.14  -642.4    20.4   -24.1   3.57   40690.  2.96   160   -39
2024  86 13 35   -2.73   -0.21   -0.30  -637.7    19.2   -44.4   3.35   40792.  2.73   147   -37
2024  86 13 40   -2.72   -0.36   -0.35  -637.1    19.4   -43.7   3.42   39194.  2.79   134   -36
2024  86 13 45   -2.76   -0.27   -0.18  -640.8    19.5   -28.6   3.64   35412.  3.00   135   -36
2024  86 13 50   -2.68   -0.60   -0.25  -643.6    20.0   -19.4   3.80   33388.  3.15   132   -35
2024  86 13 55   -2.47   -1.07   -0.34  -643.2    21.5   -20.2   4.09   31736.  3.39   145   -35
2024  86 14  0   -2.57   -1.00   -0.28  -643.8    22.0   -20.0   3.90   33747.  3.24   155   -36
2024  86 14  5   -2.28   -1.61   -0.25  -641.4    21.6   -24.8   4.14   31987.  3.42   181   -37
2024  86 14 10   -1.73   -2.18   -0.31  -637.3    10.9   -27.5   4.15   31899.  3.38   177   -38
2024  86 14 15   -1.59   -2.49   -0.33  -635.0     3.4   -29.8   4.23   31735.  3.42   180   -39
2024  86 14 20   -2.34   -1.82   -0.05  -632.9     2.4   -31.4   3.97   38245.  3.19   150   -40
2024  86 14 25   -2.53   -1.46   -0.34  -634.7    17.4   -39.4   4.23   33592.  3.43   140   -39
2024  86 14 30   -2.11   -2.00   -0.58  -632.2    16.5   -28.2   4.24   32038.  3.40   196   -38
2024  86 14 35   -2.19   -2.23   -0.09  -631.7    -2.5   -28.4   3.90   37368.  3.11   177   -39
2024  86 14 40   -2.66   -1.50   -0.10  -629.7     8.3   -23.0   3.95   37244.  3.14   179   -39
2024  86 14 45   -2.61   -1.59   -0.47  -632.1     0.3   -28.5   3.71   44963.  2.98   156   -39
2024  86 14 50   -2.45   -1.93   -0.33  -627.8    12.1   -25.6   3.58   50024.  2.83   173   -40
2024  86 14 55   -2.56   -1.76   -0.37  -629.5     6.9   -23.6   3.70   44394.  2.94   212   -39
2024  86 15  0   -2.68   -1.68   -0.20  -626.6    15.4   -18.7   3.66   41195.  2.88   151   -39
2024  86 15  5   -2.08   -2.21   -0.44  -621.9     9.6   -27.7   3.44   46095.  2.67   196   -38
2024  86 15 10   -2.26   -1.82   -0.58  -620.1    12.1   -32.3   3.66   46167.  2.82   171   -38
2024  86 15 15   -1.98   -1.67   -1.43  -619.1    15.5   -39.3   3.76   43590.  2.89   207   -38
2024  86 15 20   -1.90   -0.51   -1.92  -617.9    15.3   -38.9   3.60   52126.  2.76   188   -38
2024  86 15 25   -2.65   -0.40   -1.60  -622.6    14.2   -35.4   3.44   63220.  2.68   179   -39
2024  86 15 30   -2.97   -0.76   -1.00  -624.3    14.3   -29.6   3.40   53103.  2.66   247   -39
2024  86 15 35   -2.96   -1.01   -0.82  -624.2    14.5   -30.8   3.48   48604.  2.72   322   -38
2024  86 15 40   -3.21   -0.33   -0.55  -622.8    14.7   -37.6   3.33   63735.  2.60   444   -38
2024  86 15 45   -3.03   -0.65    0.23  -623.9    14.1   -34.8   3.25   62026.  2.54   335   -37
2024  86 15 50   -3.02   -0.76   -0.05  -625.4    14.5   -25.7   3.22   55282.  2.53   375   -37
2024  86 15 55   -2.92   -0.65   -0.12  -624.8    14.3   -25.3   3.13   59806.  2.45   379   -37
2024  86 16  0   -3.08   -0.06    0.03  -622.2    14.1   -32.0   3.21   58044.  2.49   360   -36
2024  86 16  5   -3.44   -0.70    0.25  -628.5    15.2   -23.0   3.61   39792.  2.86   331   -35
2024  86 16 10   -3.41   -0.88    0.23  -626.2    16.1   -17.5   3.67   30588.  2.88   306   -36
2024  86 16 15   -3.35   -1.17    0.25  -624.0    16.0   -20.9   3.29   29188.  2.57   268   -36
2024  86 16 20   -3.35   -1.30    0.22  -623.1    17.4   -19.8   3.00   26891.  2.33   239   -38
2024  86 16 25   -3.26   -1.30    0.26  -621.4    16.9   -25.7   2.90   27883.  2.25   210   -39
2024  86 16 30   -3.29   -1.01    0.41  -617.5    15.5   -37.8   2.76   28802.  2.11   207   -39
2024  86 16 35   -3.19   -1.28    0.14  -617.0    14.8   -39.0   3.07   26804.  2.34   203   -40
2024  86 16 40   -2.87   -1.65   -0.28  -616.3    15.3   -38.4   3.34   25622.  2.55   192   -39
2024  86 16 45   -2.64   -1.90   -0.43  -615.2    -0.2   -29.9   3.24   28655.  2.46   193   -38
2024  86 16 50   -2.68   -1.68   -0.30  -614.3    -1.7   -32.5   3.46   25147.  2.62   198   -38
2024  86 16 55   -3.05   -1.10   -0.03  -617.1    12.6   -38.9   3.36   26255.  2.57   191   -39
