2018 237  6  0    4.22   -3.36    5.97  -383.6    25.2    -9.2   7.56    15608  2.24    69     1  0  0
2018 237  6  5    4.81   -3.41    5.65  -382.9    21.4   -12.3   7.34    14621  2.16    69     2  0  0
2018 237  6 10    5.15   -2.14    6.10  -381.9    30.2    -6.1   7.26    16417  2.13    66     3  0  0
2018 237  6 15    4.62   -2.38    6.23  -384.1    27.7    -4.3   7.11    19875  2.11    62     2  0  0
2018 237  6 20    5.38   -1.57    5.75  -380.9    32.3    -3.6   6.89    15514  2.01    66     1  0  0
2018 237  6 25    4.69   -2.47    5.86  -378.2    31.7    -1.5   7.20    14998  2.07    67     1  0  0
2018 237  6 30    5.86   -0.56    5.00  -373.2    37.7    -4.9   6.46    15624  1.82    67     2  0  0
2018 237  6 35    6.21   -0.64    4.48  -368.9    37.0   -14.6   6.51    14442  1.79    62     3  0  0
2018 237  6 40    5.43   -1.71    5.42  -373.4    31.0    -2.9   7.18    17403  2.02    61     2  0  0
2018 237  6 45    4.77   -2.68    5.58  -371.6    30.7    -5.7   7.65    20572  2.13    57     2  0  0
2018 237  6 50    3.97   -3.43    5.63  -385.3    19.9     5.7   7.17    18444  2.13    63     2  0  0
2018 237  6 55    4.32   -3.06    5.49  -383.0    12.4    -5.3   6.32    12096  1.86    56     4  0  0
2018 237  7  0    2.86   -4.39    5.45  -395.0     1.3    -4.4   6.32    14844  1.97    53     5  0  0
2018 237  7  5    3.34   -4.65    4.85  -395.5    -2.0    -8.8   6.07    15964  1.90    47     6  0  0
2018 237  7 10    2.93   -4.70    5.02  -394.8     5.3    -5.5   6.76    15992  2.10    58     4  0  0
2018 237  7 15    2.97   -5.11    4.61  -396.1     0.1    -7.7   6.90    16364  2.17    63     4  0  0
2018 237  7 20    3.21   -4.53    5.00  -393.9     1.5    -7.5   6.66    15428  2.07    63     5  0  0
2018 237  7 25    3.98   -3.99    4.81  -390.0     2.8    -8.4   6.70    16868  2.04    63     5  0  0
2018 237  7 30    2.56   -4.74    4.98  -399.0     1.1    -7.5   7.56    17567  2.42    57     7  0  0
2018 237  7 35    2.49   -4.09    5.55  -397.8     2.4    -2.2   7.07    16667  2.24    55     7  0  0
2018 237  7 40    1.91   -4.07    5.57  -399.2     4.6    -5.8   7.72    16194  2.47    57     7  0  0
2018 237  7 45   -0.25   -4.60    5.88  -416.9    11.2   -13.0   7.12    14894  2.48    58     7  0  0
2018 237  7 50   -1.39   -5.74    4.62  -424.5     2.0   -23.2   7.48    17247  2.70    53    10  0  0
2018 237  7 55    1.89   -1.82    6.32  -414.2     0.4     3.7   9.63    17744  3.30    46     8  0  0
2018 237  8  0   -1.54   -5.79    2.24  -417.4    -3.4    -4.2   9.73    27457  3.41    67    10  0  0
2018 237  8  5    0.53   -4.89    4.27  -421.1    -4.5   -14.4  12.07    28123  4.28    52    15  0  0
2018 237  8 10   -0.18   -3.68    3.43  -420.0     0.1   -12.6  12.73    34229  4.50    57    15  0  0
2018 237  8 15   -3.22   -3.47    0.38  -422.5    22.1   -18.2  16.44    35873  5.89    54    16  0  0
2018 237  8 20   -3.69   -3.11    0.83  -433.2     7.3   -17.4  18.78    35230  7.06    69    20  0  0
2018 237  8 25   -3.26   -4.40    1.10  -433.1    -0.4   -10.3  19.07    28727  7.16    61    25  0  0
2018 237  8 30   -3.71   -3.97    0.95  -432.6    -0.3    -7.6  20.23    34789  7.58    81    26  0  0
2018 237  8 35   -3.21   -4.09    3.07  -430.2     4.8    -5.5  15.66    25789  5.81    83    25  0  0
2018 237  8 40   -1.97   -4.62    6.23  -424.4     6.8     1.7  12.08    21995  4.37    81    19  0  0
2018 237  8 45   -1.65   -4.74    7.12  -416.3     8.0     5.0   9.26    16593  3.22   110    11  0  0
2018 237  8 50   -0.55   -4.08    7.86  -418.2     8.5     6.5   9.97    17778  3.49    88    10  0  0
2018 237  8 55   -0.64   -3.96    7.77  -414.1     8.4     6.3   9.56    17109  3.28    96    12  0  0
2018 237  9  0   -2.36   -3.96    7.00  -417.3     7.5     5.6  10.17    19020  3.54    88    12  0 -1
2018 237  9  5   -3.83   -3.66    6.59  -420.5     6.6     4.9  10.78    20931  3.81    64    10  0  0
2018 237  9 10   -3.14   -3.47    7.24  -418.5     8.6     4.2  10.23    19625  3.58    57    11  0  0
2018 237  9 15   -2.85   -3.24    7.23  -417.8     9.2     5.6  11.59    23671  4.05    55    12  0  0
2018 237  9 20   -3.15   -2.95    7.19  -418.7     8.3     4.2  11.65    24226  4.09    51    12  0  0
2018 237  9 25   -3.03   -2.57    7.35  -419.2     9.9     5.1  11.41    22302  4.01    60    11  0  0
2018 237  9 30   -2.26   -2.57    7.61  -416.1     7.1     5.0  10.95    22233  3.79    58    10  0  0
2018 237  9 35   -1.50   -2.81    7.77  -413.9     7.8     7.3  10.10    19134  3.47    55    10  0  0
2018 237  9 40   -1.51   -2.84    7.87  -412.7    10.3     5.2   9.60    19868  3.27    62    11  0  0
2018 237  9 45   -1.13   -3.98    6.44  -408.7     6.1     3.7  12.67    20753  4.23    56    13  0  0
2018 237  9 50   -1.03   -4.48    6.48  -408.3     3.5     2.8  11.68    21733  3.89    57    14  0  0
2018 237  9 55   -1.20   -4.34    6.47  -408.0     3.7     2.1  12.85    23322  4.28    52    14  0  0
2018 237 10  0   -1.25   -4.28    6.96  -407.5     4.8     3.0  11.63    21113  3.86    55    15  0  0
2018 237 10  5   -1.42   -3.74    7.32  -409.3     4.6     3.1  10.83    19260  3.63    57    15  0  0
2018 237 10 10   -1.48   -3.58    7.15  -408.9     5.9     4.5  11.90    21417  3.98    59    14  0  0
2018 237 10 15   -1.18   -2.80    7.47  -404.7    12.3     0.7  13.46    22027  4.41    57    15  0  0
2018 237 10 20   -1.22   -2.43    7.36  -405.2    10.7     2.5  13.57    25824  4.46    55    17  0  0
2018 237 10 25   -1.21   -2.32    7.57  -405.4    11.1     2.0  12.54    26961  4.12    53    17  0 -1
2018 237 10 30   -1.50   -0.45    7.41  -405.7    11.4     1.5  11.50    28098  3.79    56    18  0  0
2018 237 10 35   -2.22   -0.54    6.92  -406.2    11.2    -1.0  11.65    33689  3.85    57    18  0  0
2018 237 10 40   -1.89   -1.56    6.97  -408.0    18.6    -2.7  12.08    33117  4.03    59    19  0  0
2018 237 10 45   -1.16   -2.10    7.03  -407.7    13.4    -2.1  11.28    32680  3.75    64    18  0  0
2018 237 10 50   -1.05   -1.88    6.30  -407.7    10.6     0.8  14.26    35006  4.74    59    19  0  0
2018 237 10 55   -0.30   -1.93    4.60  -405.4    10.5     5.2  17.07    35635  5.62    75    20  0  0
2018 237 11  0    0.12   -2.81    4.42  -401.1     8.9     5.5  18.10    36131  5.83    61    22  0  0
2018 237 11  5    0.18   -2.59    5.33  -395.6     9.1     4.0  15.88    34827  4.99    63    20  0  0
2018 237 11 10    0.75   -2.15    5.23  -401.7    11.1     5.4  16.90    38599  5.46    59    20  0  0
2018 237 11 15    0.61   -2.66    5.54  -399.0     9.7     8.8  16.78    35520  5.36    56    16  0  0
2018 237 11 20    0.68   -2.74    5.08  -399.4    10.2     6.3  16.60    30913  5.31    74     7  0  0
2018 237 11 25   -0.09   -3.63    3.50  -402.2     4.3     0.5  17.08    35738  5.53    85     4  0  0
2018 237 11 30    2.43   -1.82    4.24  -397.5     5.4    10.8  17.69    55398  5.60    98     9  0  0
2018 237 11 35    2.14   -1.77    4.35  -397.1     6.8    10.8  17.19    54808  5.43    50    10  0 -1
2018 237 11 40    1.06   -2.56    4.80  -396.8     8.2    10.8  16.69    54219  5.26    47    12  0  0
2018 237 11 45    3.35   -1.61    6.30  -394.0    19.7     2.2  11.45    27715  3.57    46    14  0  0
2018 237 11 50    4.68   -1.03    6.26  -390.1    15.0     4.2  13.21    38225  4.03    50    14  0  0
2018 237 11 55    4.39   -1.62    6.33  -396.1     7.4     6.4  11.86    29072  3.73    45    13  0  0
2018 237 12  0    3.36   -3.33    7.19  -401.2     5.7     3.8  11.47    23968  3.68    54    11  0  0
2018 237 12  5    3.72   -3.46    7.86  -405.7     5.7    -0.7   9.38    16083  3.09    53    12  0  0
2018 237 12 10    4.43   -3.25    7.69  -404.6     2.5     2.6   9.49    19722  3.11    52    10  0 -1
2018 237 12 15    4.17   -3.84    7.52  -403.5    -0.8     6.0   9.60    23361  3.13    53     9  0  0
2018 237 12 20    3.43   -5.07    6.68  -402.3     3.2     5.0  10.13    26120  3.28    47     8  0  0
2018 237 12 25    2.76   -5.52    6.67  -401.9     4.1     3.7  10.43    27629  3.37    97    16  0  0
2018 237 12 30    2.81   -5.73    6.41  -402.5     3.1     5.9  10.64    29763  3.45    82    19  0  0
2018 237 12 35    2.86   -5.66    6.57  -402.5     2.2     4.4  10.38    29234  3.37    69    19  0  0
2018 237 12 40    2.60   -5.89    6.59  -402.6     0.5     1.5   9.86    28175  3.20    67    17  0  0
2018 237 12 45    1.51   -4.19    6.27  -398.4    -7.4     3.8  13.75    42358  4.37    50    12  0  0
2018 237 12 50    1.80   -4.70    5.57  -402.0    -3.6     4.0  14.81    46687  4.79    57    15  0  0
2018 237 12 55    1.88   -5.24    5.83  -403.8    -2.5     2.4  13.60    38768  4.43    54    17  0  0
2018 237 13  0    1.61   -5.07    6.08  -404.6    -4.7     4.0  15.45    37556  5.06    55    19  0 -1
2018 237 13  5    2.23   -4.78    4.89  -405.5    -6.8     5.6  17.31    36343  5.70    53    19  0  0
2018 237 13 10    2.54   -3.93    5.07  -404.6    -7.3     6.8  20.08    35997  6.60    57    21  0  0
2018 237 13 15    3.04   -4.12    4.64  -403.8    -9.4     5.3  21.26    37869  6.95    65    21  0  0
2018 237 13 20    2.93   -3.57    6.14  -408.6   -12.0     8.1  21.97    51601  7.35    64    19  0  0
2018 237 13 25    6.74   -0.08    8.22  -415.8   -15.4     7.8  12.70    29460  4.39    71    14  0  0
2018 237 13 30    5.68   -1.41    8.70  -413.7    -3.3     6.2  14.08    17170  4.83    67    14  0  0
2018 237 13 35    6.49    1.08    8.70  -409.2     5.8    -3.8   7.78    18446  2.61    74    11  0  0
2018 237 13 40    4.54   -0.77    8.85  -409.7     4.9     1.5   9.74    32656  3.27    67     6  0  0
2018 237 13 45   -0.45   -6.83    7.61  -430.1    -8.1   -16.4   6.85    28034  2.51    83     9  0  0
2018 237 13 50   -2.07   -8.04    6.93  -443.3   -15.9   -32.8   5.98    22537  2.37    46     9  0  0
2018 237 13 55   -2.08   -7.73    7.14  -441.9   -15.6   -29.3   6.77    21951  2.66    36     8  0  0
2018 237 14  0   -2.04   -7.60    7.43  -441.4   -18.5   -30.9   6.56    23181  2.57    43     8  0  0
2018 237 14  5   -2.25   -8.44    6.78  -442.6   -22.2   -36.5   5.95    25374  2.35    46     9  0  0
2018 237 14 10   -2.10   -8.36    7.05  -447.9   -20.9   -46.0   6.22    27906  2.53    51     8  0  0
2018 237 14 15   -3.87   -9.43    4.48  -444.9   -18.5   -43.0   6.84    26303  2.74    48     9  0  0
2018 237 14 20   -4.33   -9.28    4.54  -443.6   -18.5   -39.6   7.25    27880  2.88    48    10  0  0
2018 237 14 25   -4.69   -9.06    4.75  -441.6   -23.3   -38.7   7.91    33599  3.12    46    10  0  0
2018 237 14 30   -5.07   -8.89    4.83  -440.4   -24.4   -38.1   7.97    31704  3.13    48    10  0  0
2018 237 14 35   -4.65   -9.27    4.77  -440.5   -22.6   -38.4   8.15    31866  3.20    48    10  0  0
2018 237 14 40   -4.57   -9.82    4.21  -438.2   -19.6   -34.9   7.85    32158  3.04    54    10  0  0
2018 237 14 45   -4.80  -10.03    3.95  -438.6   -15.9   -34.7   7.97    29201  3.09    57    10  0  0
2018 237 14 50   -5.09  -10.14    3.91  -435.5   -16.6   -34.8   7.66    31906  2.93    49    10  0  0
2018 237 14 55   -5.37  -10.30    3.60  -436.6   -14.2   -35.3   7.09    31392  2.72    46    10  0  0
2018 237 15  0   -5.54   -9.99    4.16  -437.7   -15.8   -41.8   7.85    33715  3.03    45     8  0  0
2018 237 15  5   -6.10  -10.46    2.94  -436.0   -15.3   -31.9   6.79    37923  2.60    39    10  0  0
2018 237 15 10   -7.59  -10.02    1.10  -437.7   -18.9   -25.0   6.44    43976  2.48    54     8  0  0
2018 237 15 15   -7.38  -10.28    1.35  -433.8   -20.4   -19.1   7.12    45071  2.69    52     8  0  0
2018 237 15 20   -7.73  -10.19    0.34  -435.8   -20.3   -24.7   6.44    40057  2.46    36     8  0  0
2018 237 15 25   -7.41  -10.56   -0.58  -437.5   -30.5   -20.4   6.43    36999  2.48    37     8  0  0
2018 237 15 30   -7.47  -10.51   -1.08  -431.5   -20.9   -17.8   7.74    50607  2.90    34     7  0  0
2018 237 15 35   -7.48  -10.38   -1.49  -431.4   -23.0   -21.6   8.93    39078  3.34    35     7  0  0
2018 237 15 40   -8.11  -10.21   -0.50  -433.7   -27.0   -25.8   8.47    44301  3.21    40     8  0  0
2018 237 15 45   -8.66   -9.88   -1.07  -432.9   -19.9   -21.3   7.30    44541  2.75    64     7  0 -1
2018 237 15 50   -8.45  -10.04   -1.82  -432.1   -12.7   -16.8   6.13    44781  2.30    69     6  0  0
2018 237 15 55   -8.93   -9.38   -3.32  -426.8   -25.5    -7.9   6.55    52152  2.40    75     6  0  0
2018 237 16  0   -9.27   -9.12   -3.00  -422.5   -29.8    -7.2  10.41    34085  3.74    86     5  0  0
2018 237 16  5   -9.71   -8.50   -3.64  -423.2   -30.1     0.9   9.26    44426  3.34    63     6  0  0
2018 237 16 10   -9.56   -8.64   -3.73  -419.6   -28.6     4.4   8.75    44225  3.10    71     6  0  0
2018 237 16 15   -9.35   -7.95   -4.69  -420.9   -29.8     6.9   9.09    39363  3.24    94     4  0  0
2018 237 16 20   -9.33   -7.18   -4.99  -422.6   -39.4     6.9   7.05    51999  2.54    90     6  0  0
2018 237 16 25  -10.45   -5.43   -5.48  -420.0   -40.1     6.9   6.63    57242  2.36   120     6  0  0
2018 237 16 30  -10.17   -7.14   -3.79  -417.3   -27.7     0.8   6.70    57001  2.35   139     5  0  0
2018 237 16 35  -10.06   -7.26   -4.32  -419.5   -18.3    -7.8   6.69    69279  2.36   166     4  0  0
2018 237 16 40   -9.84   -8.09   -3.47  -418.6   -20.5   -15.1   5.88    56281  2.07   210     4  0  0
2018 237 16 45  -10.11   -7.43   -4.18  -414.6   -21.3    -7.2   5.82    45146  2.01   226     4  0  0
2018 237 16 50  -10.19   -7.03   -4.26  -421.0   -22.8    -4.1   7.12    54375  2.54   231     4  0  0
2018 237 16 55   -9.94   -7.44   -4.34  -419.3   -27.2    -6.4   6.83    57708  2.42   200     4  0  0
2018 237 17  0  -10.13   -8.11   -2.66  -413.4   -20.0    -7.3   6.16    53290  2.11   198     4  0  0
2018 237 17  5   -9.90   -7.35   -4.78  -419.2   -27.4    -7.0   6.68    62004  2.36   198     4  0  0
2018 237 17 10   -9.73   -6.70   -6.12  -417.6   -25.7   -10.4   5.99    62117  2.10   208     4  0  0
2018 237 17 15   -9.24   -5.86   -7.86  -419.4   -29.1    11.7   6.59    59912  2.33   226     5  0  0
2018 237 17 20   -9.35   -6.37   -7.37  -415.2   -20.8    -2.8   6.12    51601  2.11   244     4  0  0
2018 237 17 25   -9.32   -5.72   -7.98  -416.4   -20.2    -1.6   6.46    47918  2.25   255     5  0  0
2018 237 17 30   -9.54   -3.11   -8.95  -420.7   -30.2     7.3   6.62    60157  2.35   293     4  0  0
2018 237 17 35   -9.97   -3.14   -8.32  -416.3   -46.7     1.4   7.52    59286  2.64   278     2  0  0
2018 237 17 40   -9.63   -4.31   -8.25  -411.3   -25.0    -2.5   6.32    47120  2.15   300     1  0  0
2018 237 17 45   -9.72   -3.53   -8.49  -410.2   -26.2     2.7   6.10    41952  2.06   400    -1  0  0
2018 237 17 50   -9.67   -3.12   -8.68  -408.6   -26.3     5.7   6.20    40970  2.08   399    -3  0  0
2018 237 17 55   -9.56   -2.63   -8.95  -411.6   -37.5     6.6   6.76    50231  2.31   373    -2  0  0
2018 237 18  0   -9.55   -3.31   -8.69  -411.4   -33.3     8.4   6.41    44382  2.19   372    -4  0  0
2018 237 18  5   -9.76   -4.25   -8.14  -409.3   -19.0     1.4   6.15    38482  2.07   418    -7  0  0
2018 237 18 10   -9.36   -2.67   -9.27  -410.1   -31.6     4.8   6.15    39800  2.08   390    -9  0  0
2018 237 18 15   -9.53   -3.02   -9.08  -412.1   -27.6    12.4   6.07    40500  2.07   380   -10  0  0
2018 237 18 20   -9.47   -3.05   -9.18  -411.6   -23.5     9.5   6.00    37759  2.04   453   -11  0  0
2018 237 18 25   -9.41   -4.76   -8.54  -415.5   -11.0     2.7   7.04    45420  2.44   486   -13  0  0
2018 237 18 30   -9.66   -4.17   -8.62  -414.0   -14.8     1.9   6.79    49945  2.33   478   -13  0  0
2018 237 18 35   -9.39   -4.08   -9.24  -415.3   -21.1     7.5   6.20    39813  2.15   528   -14  0  0
2018 237 18 40   -9.39   -4.28   -9.29  -415.5   -19.6     2.9   6.64    44388  2.30   541   -15  0  0
2018 237 18 45   -9.63   -4.62   -8.88  -412.2   -16.0    -0.3   6.25    39424  2.12   592   -18  0  0
2018 237 18 50  -10.09   -3.92   -8.60  -411.3   -22.5    -0.5   6.40    40567  2.17   519   -20  0  0
2018 237 18 55  -10.11   -3.77   -8.58  -409.8   -26.0    -4.8   5.66    34023  1.91   587   -21  0  0
2018 237 19  0   -9.97   -4.01   -8.82  -410.0   -16.9    -7.8   5.92    37582  2.00   640   -24  0  0
2018 237 19  5  -10.54   -4.37   -7.91  -411.0   -26.9     2.9   6.64    41950  2.25   644   -25  0  0
2018 237 19 10  -10.63   -4.72   -7.56  -409.7   -15.0    -6.6   7.23    48049  2.43   659   -26  0  0
2018 237 19 15  -10.42   -4.85   -7.90  -410.9   -17.3    -5.4   6.65    45815  2.25   643   -27  0  0
2018 237 19 20  -10.99   -4.88   -7.26  -408.7    -9.7    -6.2   6.15    39472  2.06   552   -28  0  0
2018 237 19 25  -10.51   -3.86   -8.31  -408.0   -15.6    -6.4   6.36    44124  2.13   600   -28  0  0
2018 237 19 30   -9.49   -5.46   -8.66  -415.8   -14.4     0.6   7.10    47364  2.46   723   -29  0  0
2018 237 19 35   -9.37   -5.22   -9.08  -420.4   -12.4    -0.1   7.49    47288  2.65   632   -30  0  0
2018 237 19 40   -9.99   -5.69   -8.09  -415.9    -7.3    -4.1   7.69    52330  2.66   641   -31  0  0
2018 237 19 45  -10.59   -3.34   -8.25  -407.5   -24.0    -7.5   6.96    37647  2.32   566   -30  0  0
2018 237 19 50   -9.96   -3.31   -9.48  -409.2   -22.7    -2.0   7.08    35567  2.38   535   -30  0  0
2018 237 19 55  -10.55   -4.52   -8.39  -405.7   -15.5    -3.9   7.46    37797  2.46   561   -32  0  0
2018 237 20  0   -9.71   -2.75   -9.88  -408.7   -19.9     1.5   7.45    32826  2.50   603   -31  0  0
2018 237 20  5   -7.61   -0.70  -12.01  -421.5   -34.9    18.0   7.24    35550  2.60   597   -30  0  0
2018 237 20 10   -8.30   -1.88  -11.37  -420.1   -32.6    18.4   7.80    40042  2.78   649   -30  0  0
2018 237 20 15   -9.01   -2.48  -10.66  -414.7   -28.7    12.9   6.94    35912  2.40   691   -32  0  0
2018 237 20 20   -9.50   -2.57   -9.94  -414.7   -21.2     9.5   7.15    34401  2.47   686   -33  0  0
2018 237 20 25  -11.21   -3.87   -8.39  -409.9   -22.9     5.0   7.28    32344  2.46   713   -34  0  0
2018 237 20 30  -11.20   -3.90   -8.75  -405.0   -21.0     1.9   6.68    31701  2.20   671   -37  0  0
2018 237 20 35  -10.70   -3.83   -9.37  -405.9   -19.6     2.9   6.74    31484  2.23   605   -38  0  0
2018 237 20 40   -9.61   -3.59  -10.93  -412.2   -21.4    10.8   7.55    31999  2.58   617   -38  0  0
2018 237 20 45   -9.00   -3.01  -11.75  -413.3   -20.4    12.4   7.20    31803  2.47   659   -35  0  0
2018 237 20 50  -10.70   -3.52   -9.70  -411.0   -12.8    13.9   7.38    36064  2.50   742   -33  0  0
2018 237 20 55  -12.30   -5.15   -7.22  -411.0     4.8    12.9   8.72    37285  2.95   813   -30  0  0
2018 237 21  0  -12.29   -4.20   -8.01  -402.8   -21.4     2.9   8.38    54959  2.73   980   -27  0  0
2018 237 21  5  -11.74   -2.94   -9.33  -412.7    -7.2    23.8   7.78    34040  2.66  1063   -28  0  0
2018 237 21 10  -11.12   -2.15  -10.22  -414.6   -32.6    27.0   6.56    37261  2.28  1005   -29  0  0
2018 237 21 15  -11.42   -2.66   -9.31  -412.6   -28.3    26.5   6.63    36870  2.28   910   -27  0  0
2018 237 21 20  -12.61   -3.24   -7.99  -398.7   -10.5    -0.1   6.74    35430  2.15   872   -27  0  0
2018 237 21 25  -12.67   -1.41   -8.40  -403.3    -7.0     3.8   6.09    28692  1.98   872   -27  0  0
2018 237 21 30  -11.44   -2.95   -9.90  -399.5   -24.1     7.7   6.41    37360  2.05   847   -28  0  0
2018 237 21 35  -11.71   -2.31   -9.82  -399.7   -15.8     2.6   6.32    37954  2.02   845   -30  0  0
2018 237 21 40  -11.82   -1.68   -9.95  -399.5   -23.1     5.2   7.00    28458  2.24   833   -32  0  0
2018 237 21 45  -11.73   -2.55   -9.99  -399.2   -16.7     3.2   7.25    31812  2.32   810   -34  0  0
2018 237 21 50  -12.02   -2.52   -9.76  -397.4   -17.1     0.4   7.17    33314  2.27   726   -34  0  0
2018 237 21 55  -12.04   -2.19   -9.90  -396.5   -17.9     0.4   7.13    29007  2.25   677   -33  0  0
2018 237 22  0  -12.02   -2.29  -10.00  -397.4   -18.6    -0.0   7.53    30121  2.38   665   -33  0  0
2018 237 22  5  -11.35   -2.08  -10.65  -401.6   -19.8     2.2   8.00    32281  2.59   657   -32  0  0
2018 237 22 10  -11.44   -1.94  -10.77  -401.1   -24.2     3.9   7.80    29963  2.52   674   -32  0  0
2018 237 22 15  -11.33   -2.13  -10.93  -402.8   -20.9     4.7   7.98    31698  2.60   726   -32  0  0
2018 237 22 20  -10.12   -1.40  -11.95  -408.5   -26.9     5.4   9.30    40827  3.12   733   -30  0  0
2018 237 22 25  -10.49   -0.10  -10.94  -406.6   -25.9    -0.7   9.10    36227  3.03   844   -31  0  0
2018 237 22 30   -6.53    3.34  -13.72  -421.7   -30.0     6.0  10.33    44167  3.70   842   -32  0  0
2018 237 22 35   -6.87    5.97  -12.64  -418.7   -34.4     2.6  10.94    43488  3.86   822   -29  0  0
2018 237 22 40   -6.80    5.67  -12.74  -418.6   -35.9     3.3  12.01    52733  4.25   882   -30  0  0
2018 237 22 45   -7.33    4.47  -12.87  -418.0   -41.3    -0.3  10.19    36011  3.60  1042   -32  0  0
2018 237 22 50   -8.35    3.27  -12.53  -414.7   -33.6     2.5  11.12    41359  3.85  1148   -35  0  0
2018 237 22 55   -8.67    4.43  -11.69  -415.8   -34.8     0.8  11.41    45541  3.97  1035   -37  0  0
2018 237 23  0   -7.42    4.73  -12.33  -416.6   -35.1     2.6  11.82    44962  4.13  1010   -39  0  0
2018 237 23  5   -8.30    4.75  -11.64  -412.3   -38.2    -1.9  11.39    42924  3.91  1069   -40  0  0
2018 237 23 10  -12.01    2.17   -9.24  -403.9   -27.7    -3.8  10.20    42740  3.34   960   -42  0  0
2018 237 23 15  -12.68    1.85   -8.71  -404.7   -28.0    -7.2  10.66    40973  3.51  1018   -43  0  0
2018 237 23 20  -12.46    1.39   -9.15  -405.0   -30.1    -5.7   9.94    38737  3.28   914   -46  0  0
2018 237 23 25  -11.72    2.21   -9.86  -403.0   -30.3    -6.5  10.59    42168  3.46   988   -46  0  0
2018 237 23 30  -11.09    2.62  -10.57  -405.4   -33.1    -1.6  10.71    43556  3.54  1089   -46  0  0
2018 237 23 35  -11.93    0.76   -9.97  -406.4   -31.8    -1.5  10.34    41450  3.43  1048   -49  0  0
2018 237 23 40  -12.48    0.71   -9.47  -400.2   -31.9    -4.2  10.61    47647  3.42   980   -52  0  0
2018 237 23 45  -11.94    0.91  -10.22  -398.8   -28.6     2.2  10.38    45227  3.32   779   -53  0  0
2018 237 23 50  -11.84    1.53  -10.20  -398.7   -28.2    -1.6  10.54    46758  3.37   834   -54  0  0
2018 237 23 55  -12.30    1.61   -9.64  -396.3   -23.4    -3.8  10.24    46429  3.23   923   -55  0  0
2018 238  0  0  -11.53   -0.39  -10.37  -398.5   -15.2    -4.2   9.50    39413  3.01   927   -55  0  0
2018 238  0  5  -10.64    0.85  -10.96  -415.3   -41.0    15.3  13.70    46086  4.78   867   -56  0  0
2018 238  0 10   -9.48    2.94  -11.80  -411.5   -40.7     7.4  12.27    48390  4.20   750   -57  0  0
2018 238  0 15  -10.35    2.16  -11.37  -408.3   -28.8     4.5  11.52    46578  3.86   784   -58  0  0
2018 238  0 20   -9.75    2.02  -12.01  -409.8   -29.8     6.6  11.67    43663  3.94   929   -59  0  0
2018 238  0 25  -10.40    1.94  -11.58  -405.5   -32.0    -0.1  11.81    46831  3.91   896   -61  0  0
2018 238  0 30  -10.58    1.59  -11.60  -403.7   -26.8     1.7  11.60    46255  3.80   832   -63  0  0
2018 238  0 35  -10.55    1.09  -11.78  -404.9   -25.3     4.1  11.12    40834  3.66   956   -64  0  0
2018 238  0 40  -10.21    1.80  -11.99  -405.5   -23.7     1.8  11.62    40681  3.84   883   -64  0  0
2018 238  0 45   -9.71    0.65  -12.63  -408.9   -23.1     2.9  12.58    42710  4.22   832   -65  0  0
2018 238  0 50   -9.83    2.17  -12.94  -408.9   -26.9     4.8  11.11    40222  3.73   845   -66  0  0
2018 238  0 55  -10.01    1.82  -12.75  -409.2   -23.4     3.9  10.91    38858  3.67   817   -67  0  0
2018 238  1  0   -9.07    2.31  -13.22  -410.1   -27.4     3.1  11.99    36615  4.05   844   -67  0  0
2018 238  1  5   -7.42    2.41  -14.23  -418.3   -26.1     6.8  13.22    45237  4.64   882   -70  0  0
2018 238  1 10   -8.74    3.04  -13.51  -413.4   -31.6     5.7  12.39    40721  4.26   943   -71  0  0
2018 238  1 15   -9.24    3.75  -12.92  -408.8   -33.5    -0.4  12.07    39682  4.06   875   -73  0  0
2018 238  1 20   -9.13    4.60  -12.50  -409.4   -36.0    -0.1  12.64    42395  4.27   926   -76  0  0
2018 238  1 25  -10.30    3.45  -12.19  -404.7   -26.2    -2.3  12.62    44279  4.16  1099   -79  0  0
2018 238  1 30  -10.22    4.42  -12.30  -403.7   -37.5    -0.4  11.05    38086  3.64   933   -82  0  0
2018 238  1 35  -11.47    2.96  -11.91  -400.4   -31.4     0.5  10.68    39181  3.45   851   -82  0  0
2018 238  1 40  -12.28    1.26  -11.52  -395.5   -22.1    -2.6  10.90    38879  3.42  1045   -83  0  0
2018 238  1 45  -12.33    0.47  -11.53  -395.7   -19.5   -11.4  10.47    33383  3.29  1005   -86  0  0
2018 238  1 50  -12.99   -1.22  -10.67  -390.3   -12.2    -9.8  11.00    37321  3.36  1068   -87  0  0
2018 238  1 55  -12.96   -0.37  -11.24  -390.5   -14.4    -6.7  10.24    37708  3.13   938   -88  0  0
2018 238  2  0  -12.60    0.77  -11.54  -392.9   -18.8     0.0  11.23    40298  3.47   887   -87  0  0
2018 238  2  5  -10.90    2.49  -13.31  -401.2   -31.3     6.1  10.71    39780  3.48   950   -87  0  0
2018 238  2 10   -7.49    7.04  -14.35  -403.8   -25.5    -0.0  11.94    22416  3.91   854   -88  0  0
2018 238  2 15   -9.19    5.49  -14.32  -403.9   -31.9     7.1  10.93    23839  3.59  1013   -89  0  0
2018 238  2 20   -5.88    8.58  -14.52  -409.1   -30.1     4.6  13.45    19628  4.54  1429   -92  0  0
2018 238  2 25   -6.97    7.39  -14.69  -405.7   -28.0     4.1  13.21    21473  4.38  1132   -94  0  0
2018 238  2 30   -8.07    5.57  -14.84  -402.4   -22.2     6.6  11.96    23618  3.88   982   -98  0  0
2018 238  2 35   -9.20    6.10  -13.99  -399.9   -23.5     3.0  13.86    19667  4.45   914  -102  0  0
2018 238  2 40   -9.47    6.28  -13.80  -397.3   -21.8     2.4  13.62    24348  4.31   882  -104  0  0
2018 238  2 45   -8.90    7.01  -13.95  -399.7   -23.2     5.4  13.58    19488  4.35   741  -104  0  0
2018 238  2 50   -8.64    8.57  -13.37  -401.0   -31.6     2.5  13.36    19264  4.32   750  -105  0  0
2018 238  2 55   -8.12    9.30  -13.18  -402.0   -37.4    -0.4  13.84    20787  4.51   846  -109  0  0
2018 238  3  0   -8.45    7.50  -13.99  -403.1   -31.6     2.9  12.96    18201  4.24   855  -112  0  0
2018 238  3  5   -8.67    6.07  -14.69  -399.6   -20.4     7.5  13.28    19441  4.25  1208  -114  0  0
2018 238  3 10   -7.39    7.62  -14.74  -405.2   -27.5     5.0  14.37    16026  4.74  1297  -116  0  0
2018 238  3 15   -6.98    7.81  -14.87  -407.0   -28.0     5.2  15.18    15812  5.05   757  -117  0  0
2018 238  3 20   -6.84    7.41  -15.15  -407.4   -26.6     6.3  15.48    15871  5.16   849  -119  0  0
2018 238  3 25   -8.02    6.43  -14.99  -402.4   -24.8     5.6  14.84    17408  4.83   722  -122  0  0
2018 238  3 30   -7.12    7.61  -14.78  -406.5   -29.1     2.3  17.01    17273  5.65   623  -124  0  0
2018 238  3 35   -8.28    6.12  -14.78  -401.8   -21.6     3.4  16.54    17066  5.35   823  -125  0  0
2018 238  3 40   -7.52    7.69  -14.54  -402.8   -28.4     2.3  15.72    17096  5.13   981  -128  0  0
2018 238  3 45   -7.56    8.06  -14.30  -403.4   -29.3     1.1  14.72    16954  4.82  1074  -134  0  0
2018 238  3 50   -7.75    7.60  -14.45  -401.3   -27.6     2.5  15.18    19326  4.91  1170  -138  0  0
2018 238  3 55   -7.86    8.03  -13.98  -400.1   -27.5     1.3  16.25    17957  5.23   682  -139  0  0
2018 238  4  0   -7.81    7.10  -13.91  -399.1   -21.6    -0.5  21.36    21379  6.82  1018  -141  0  0
2018 238  4  5   -8.25    6.47  -14.11  -395.3   -14.5     0.5  20.04    22234  6.27   776  -143  0  0
2018 238  4 10   -7.58    6.87  -13.96  -397.0   -12.9     2.0  22.45    23354  7.09   579  -146  0  0
2018 238  4 15   -7.75    4.55  -15.16  -398.5   -13.2     2.7  20.56    20897  6.54   663  -149  0  0
2018 238  4 20   -6.84    5.17  -15.66  -399.5   -13.1     4.3  17.96    18243  5.74   829  -151  0  0
2018 238  4 25   -6.66    7.39  -14.49  -400.5   -22.4     1.6  18.35    20162  5.90   811  -151  0  0
2018 238  4 30   -7.32    7.57  -14.27  -397.5   -18.7     1.5  18.64    21359  5.91  1088  -152  0  0
2018 238  4 35   -7.14    6.98  -14.25  -395.9   -20.3    -2.8  22.03    22557  6.93   958  -154  0  0
2018 238  4 40   -6.27    5.42  -15.07  -401.7   -12.8     1.5  22.39    20786  7.25  1411  -156  0  0
2018 238  4 45   -6.83    5.67  -14.96  -401.1   -12.0     4.4  23.48    22314  7.57  1671  -157  0  0
2018 238  4 50   -4.40    6.41  -15.39  -401.7   -10.0     4.8  24.93    26760  8.05   845  -158  0  0
2018 238  4 55   -5.15    6.27  -15.48  -403.6    -7.6     5.2  20.43    22248  6.66  1001  -158  0  0
2018 238  5  0   -3.86    7.03  -15.48  -407.7    -6.6     3.2  22.20    24339  7.39  1536  -161  0  0
2018 238  5  5   -4.32    8.02  -15.80  -418.4   -10.1    13.1  18.71    20850  6.56  1041  -163  0  0
2018 238  5 10   -8.47    7.94  -14.33  -417.0   -12.3    19.8  16.68    17137  5.82   684  -166  0  0
2018 238  5 15   -9.23    7.86  -14.10  -389.5   -11.4     1.9  15.63    15878  4.75   870  -175  0  0
2018 238  5 20   -0.62    8.99  -15.34  -392.1   -13.0    -7.2  21.22    21863  6.53   859  -177  0  0
2018 238  5 25    2.22    9.56  -14.78  -391.8    -9.7     4.7  21.76    21429  6.68   704  -176  0  0
2018 238  5 30    2.06    9.30  -14.67  -391.7    -9.9     2.1  24.37    22699  7.48   700  -174  0  0
2018 238  5 35    2.84    9.35  -14.56  -392.4    -9.9     2.8  24.06    21222  7.42  1028  -177  0  0
2018 238  5 40    3.36    9.46  -14.39  -387.0   -11.0     3.5  25.86    30275  7.75   986  -181  0  0
2018 238  5 45    2.85    9.52  -14.38  -388.4   -12.9     2.2  24.30    21714  7.34   928  -184  0  0
2018 238  5 50   -0.40    9.77  -14.09  -386.0   -14.9     3.1  22.50    21573  6.72   979  -185  0  0
2018 238  5 55   -2.77   10.12  -13.88  -384.3   -14.2     2.4  21.93    22452  6.48  1286  -188  0  0
2018 238  6  0   -3.68   10.27  -13.93  -380.5   -14.2     2.3  20.97    19486  6.08  1119  -190  0  0
2018 238  6  5   -4.58   10.76  -13.61  -388.0   -16.4     5.8  18.32    16601  5.52  1069  -190  0  0
2018 238  6 10   -4.19   11.29  -13.12  -385.0   -13.9     5.6  18.79    18352  5.58   965  -190  0  0
2018 238  6 15   -1.99   12.55  -11.75  -385.7    -9.1     4.4  22.00    20214  6.55   992  -189  0  0
2018 238  6 20   -3.07   11.78  -11.74  -390.4   -15.9     4.7  22.50    18076  6.87   870  -187  0  0
2018 238  6 25   -6.37   10.01  -12.31  -385.5   -14.2     7.5  24.07    19378  7.17  1132  -187  0  0
2018 238  6 30   -7.66    8.91  -12.53  -384.8   -13.7     7.6  22.25    16536  6.60  1137  -188  0  0
2018 238  6 35   -8.91    7.76  -12.51  -382.5   -11.7     6.0  22.43    16720  6.57   422  -189  0  0
2018 238  6 40   -7.29    9.10  -12.32  -380.1    -7.7     4.7  27.09    14525  7.83   571  -189  0  0
2018 238  6 45   -5.91   10.24  -12.20  -374.9    -4.6     4.6  27.03    15793  7.60   538  -185  0  0
2018 238  6 50   -6.26   10.35  -11.90  -371.6    -2.4     5.0  29.03    15507  8.02   441  -183  0  0
2018 238  6 55   -6.63   10.13  -12.14  -373.6    -5.8     4.5  29.18    15627  8.15   477  -187  0  0
2018 238  7  0   -6.56   10.39  -12.50  -377.9    -7.1     4.7  28.53    16640  8.15   568  -194  0  0
2018 238  7  5   -6.28   11.40  -12.13  -379.8    -8.9     3.5  23.65    15762  6.83   592  -201  0  0
2018 238  7 10   -6.61   11.29  -12.17  -379.1    -5.5     3.9  23.11    17877  6.65   621  -205  0  0
2018 238  7 15   -6.42   11.05  -12.41  -378.9    -5.9     4.1  22.29    18017  6.40   757  -197  0  0
2018 238  7 20   -8.75   10.02  -11.88  -379.2    -4.7     4.0  23.57    16464  6.79   760  -188  0  0
2018 238  7 25   -9.34    9.71  -11.98  -373.6     0.2     4.5  19.91    19277  5.56   843  -185  0  0
2018 238  7 30   -8.10   10.84  -11.28  -377.1    -3.6     1.4  22.16    21201  6.31  1017  -188  0  0
2018 238  7 35   -6.41   13.34   -9.95  -379.0    -5.2     5.0  20.91    19404  6.01  2020  -189  0  0
2018 238  7 40   -6.46   13.30   -9.86  -377.7    -2.7     5.2  20.17    17321  5.75  1904  -189  0  0
2018 238  7 45   -8.15   11.04  -11.69  -373.2     0.5     9.2  19.93    19530  5.56  1753  -186  0  0
2018 238  7 50   -7.08   10.40  -12.21  -378.9     7.0    10.1  23.11    17481  6.65  1600  -179  0  0
2018 238  7 55   -6.83   10.29  -12.30  -380.6     5.4     6.7  24.71    17067  7.16  1081  -173  0  0
2018 238  8  0   -6.79   10.89  -11.77  -377.3     1.6     9.5  22.60    20359  6.44  1290  -164  0  0
2018 238  8  5   -6.31   11.88  -10.78  -373.2     9.5    21.5  22.13    23640  6.20  1471  -158  0  0
2018 238  8 10   -6.76   10.47   -9.65  -371.4    12.2    27.3  26.93    30348  7.48  1887  -156  0  0
2018 238  8 15   -5.72   10.78  -10.35  -370.9    14.9    31.1  28.56    35464  7.91  1811  -157  0  0
2018 238  8 20   -6.08   10.14  -11.01  -374.7    31.6    25.3  25.54    30933  7.25  1708  -154  0  0
2018 238  8 25   -5.27   11.88   -9.76  -370.9    12.9    28.8  28.97    38655  8.03  1508  -149  0  0
2018 238  8 30   -5.44   13.23   -9.72  -374.1     3.4    24.1  22.04    36467  6.19  1042  -148  0  0
2018 238  8 35   -5.04   14.73   -7.99  -378.2    -2.1    15.2  22.02    39541  6.31   995  -147  0  0
2018 238  8 40   -3.92   16.30   -5.58  -381.4    -5.2     9.1  21.12    39858  6.15   873  -150  0  0
2018 238  8 45   -2.83   17.61   -3.19  -383.8   -12.3     2.4  19.51    45548  5.76   829  -149  0  0
2018 238  8 50   -1.63   17.41   -3.55  -387.6    -4.6     5.3  21.57    51888  6.48   597  -149  0  0
2018 238  8 55   -1.75   17.69   -2.95  -387.1    -9.2     0.3  20.92    52867  6.28   494  -150  0  0
2018 238  9  0   -0.15   18.24   -0.88  -390.1   -10.3    -1.6  19.85    53097  6.05   624  -147  0  0
2018 238  9  5    0.66   18.25    0.33  -392.0   -21.2    -2.8  18.80    59311  5.80   619  -146  0  0
2018 238  9 10    1.66   18.21    3.73  -388.9   -24.6     0.1  16.20    45440  4.92   565  -147  0  0
2018 238  9 15    2.58   18.26    4.58  -392.8   -20.0    -8.7  16.48    34499  5.10   475  -149  0  0
2018 238  9 20    1.61   18.80    2.63  -393.2   -17.8   -11.3  16.08    31280  4.98   442  -149  0  0
2018 238  9 25    2.06   16.22    6.19  -399.5   -10.1   -27.5  16.36    55383  5.25   377  -149  0  0
2018 238  9 30    1.28   17.63   -1.66  -403.0   -14.9   -27.1  13.68    89382  4.47   422  -147  0  0
2018 238  9 35    1.72   17.50    0.10  -401.9   -21.7   -16.9  14.01   114367  4.55   528  -147  0  0
2018 238  9 40    3.98   15.76    6.83  -401.4   -13.2   -21.7  14.38   110898  4.66   612  -145  0  0
2018 238  9 45    4.04   15.10    7.98  -399.1   -12.6   -24.0  13.78    91785  4.41   664  -141  0  0
2018 238  9 50    4.28   14.12    9.05  -400.4    -6.1   -30.7  14.25    89377  4.60   683  -135  0  0
2018 238  9 55    4.75   13.09    9.86  -397.2   -12.4   -22.1  13.89    94881  4.40   745  -132  0  0
2018 238 10  0    2.64   16.39    4.34  -396.7   -22.5   -15.6  12.85    98066  4.06   798  -133  0  0
2018 238 10  5    0.96   16.87    2.86  -395.1   -20.1   -14.4  12.04   100905  3.78   724  -137  0  0
2018 238 10 10   -0.56   17.07    0.74  -397.2   -16.2   -18.9  11.23   109574  3.56   735  -138  0  0
2018 238 10 15   -1.40   17.53    0.55  -397.3   -14.8   -18.2   8.95   132976  2.83   752  -139  0  0
2018 238 10 20   -1.75   17.43    0.36  -398.1   -15.7   -25.6   8.32   127626  2.65   563  -138  0  0
2018 238 10 25   -0.36   15.85    1.33  -404.9    -8.3   -29.4   9.38   133956  3.09   423  -136  0  0
2018 238 10 30   -2.25   15.49   -2.38  -401.0    -3.5   -27.6   8.84   176429  2.85   383  -131  0  0
2018 238 10 35   -3.20   15.42   -3.31  -403.0   -12.0   -31.8   8.21   205483  2.69   401  -129  0  0
2018 238 10 40   -4.32   14.46   -6.21  -408.6   -11.3   -45.1   8.04   236374  2.72   409  -128  0  0
2018 238 10 45   -3.81   13.86   -8.19  -412.7    -0.3   -58.6   6.01   252837  2.08   399  -128  0  0
2018 238 10 50   -4.03   14.40   -6.93  -416.0    -3.9   -61.2   5.92   267157  2.09   395  -128  0  0
2018 238 10 55   -4.20   14.35   -7.19  -416.0    -4.8   -57.4   6.25   239150  2.21   386  -128  0  0
2018 238 11  0   -5.14   14.81   -6.59  -417.1    -2.2   -60.7   5.70   234673  2.03   415  -126  0  0
2018 238 11  5   -5.22   14.56   -7.35  -416.5    -0.1   -57.2   5.56   239746  1.96   460  -125  0  0
2018 238 11 10   -5.44   13.96   -7.70  -416.2     1.2   -48.5   5.82   232769  2.05   649  -124  0  0
2018 238 11 15   -5.51   14.79   -6.79  -417.8     0.1   -51.2   6.45   200269  2.29   751  -124  0  0
2018 238 11 20   -5.62   15.13   -6.42  -417.4    -1.1   -59.0   6.75   189793  2.40   854  -122  0  0
2018 238 11 25   -5.05   15.07   -6.44  -414.4    -4.5   -58.4   7.12   203169  2.49   915  -122  0  0
2018 238 11 30   -4.74   15.55   -4.81  -411.2    -5.3   -47.3   7.77   202205  2.66   991  -123  0  0
2018 238 11 35   -4.95   15.61   -5.82  -408.4    -8.5   -58.4   6.69   186125  2.28  1075  -122  0  0
2018 238 11 40   -4.78   15.86   -5.31  -404.8    -2.3   -47.9   6.57   193062  2.19  1318  -122  0  0
2018 238 11 45   -5.66   15.69   -4.86  -409.8     0.0   -36.0   7.09   178905  2.40  1203  -116  0  0
2018 238 11 50   -6.54   14.88   -6.41  -415.2     1.9   -32.4   7.12   193628  2.47  1106  -114  0  0
2018 238 11 55   -6.69   15.22   -5.93  -415.7     3.7   -32.9   7.00   180387  2.44  1216  -117  0  0
2018 238 12  0   -6.44   15.29   -6.04  -416.3     1.3   -30.6   6.97   176118  2.43  1306  -117  0  0
2018 238 12  5   -6.07   15.35   -6.68  -416.6    -4.4   -34.4   7.19   183492  2.51  1265  -115  0  0
2018 238 12 10   -6.74   15.25   -4.89  -413.7    -9.7   -38.4   8.12   175432  2.80   843  -113  0  0
2018 238 12 15   -6.89   14.97   -5.61  -411.2   -20.3   -36.0   8.95   177393  3.06   758  -110  0  0
2018 238 12 20   -6.58   14.88   -3.16  -409.1   -21.5   -23.1  10.49   165744  3.53  1017  -109  0  0
2018 238 12 25   -6.56   15.63   -1.79  -412.3   -22.3   -31.2  12.16   144208  4.17  1077  -105  0  0
2018 238 12 30   -7.18   15.33   -4.51  -410.0   -23.5   -26.8  11.79   129061  3.99  1274  -103  0  0
2018 238 12 35   -6.86   15.84   -2.06  -414.4   -21.8   -23.7  12.41   125236  4.29  1181  -102  0  0
2018 238 12 40   -6.75   15.99   -1.49  -413.7   -19.7   -24.5  12.50   126667  4.30   895  -102  0  0
2018 238 12 45   -6.97   15.80   -1.59  -413.6   -20.3   -27.1  12.65   122437  4.36   985  -101  0  0
2018 238 12 50   -6.46   14.45    4.92  -411.5   -28.1   -16.9  12.58   114149  4.29  1012   -98  0  0
2018 238 12 55   -6.38   14.29    5.74  -409.4   -26.3   -12.1  13.60   117788  4.58   949   -96  0  0
2018 238 13  0   -7.02   13.87    2.32  -412.1   -25.1   -13.0  14.15   119884  4.83   904   -94  0  0
2018 238 13  5    0.12   -1.00   15.13  -418.7   -15.2   -38.8  13.70   114869  4.86   785   -92  0  0
2018 238 13 10    3.71   -6.75   13.30  -422.0    -7.9   -39.3  12.47    88959  4.49   712   -92  0  0
2018 238 13 15   -4.55    7.36    2.55  -416.8   -20.8   -64.9  18.58   186849  6.62   658   -91  0  0
2018 238 13 20   -7.49    8.74    2.19  -422.0   -20.7   -67.6  20.27   229173  7.42   517   -87  0  0
2018 238 13 25   -7.76    7.79    6.04  -425.6   -16.7   -59.9  18.25   210587  6.75   416   -80  0  0
2018 238 13 30   -8.44    8.62    4.87  -433.0   -19.6   -57.1  17.40   181863  6.65   334   -81  0  0
2018 238 13 35   -7.98    9.49    0.13  -426.3   -25.1   -55.0  19.97   218562  7.41   288   -79  0  0
2018 238 13 40   -7.65    9.12    1.77  -426.7   -16.2   -51.3  19.07   229960  7.04   241   -77  0  0
2018 238 13 45   -6.90    6.94    5.46  -432.0    -5.6   -52.6  17.21   244872  6.52   221   -75  0  0
2018 238 13 50   -7.31    5.64    5.65  -434.1   -10.3   -53.5  16.93   213316  6.48   216   -76  0  0
2018 238 13 55  -10.64    0.90    4.84  -448.8     9.8   -43.1  14.58   382158  5.93   192   -75  0  0
2018 238 14  0  -10.32    0.68    5.72  -453.2    10.9   -55.4  14.96   415331  6.24   166   -75  0  0
2018 238 14  5  -11.62    3.52    7.23  -455.7    14.5   -47.2  13.60   313818  5.71    98   -74  0  0
2018 238 14 10   -7.37   13.21    3.20  -443.8    30.4   -52.9  14.50   283671  5.82    57   -73  0  0
2018 238 14 15   -7.29   13.54    2.11  -447.1    28.1   -51.2  13.61   231812  5.53    52   -70  0  0
2018 238 14 20   -6.50   13.38    3.20  -448.9    26.4   -50.5  15.21   273452  6.23    67   -69  0  0
2018 238 14 25   -5.62   13.77    2.72  -451.1    32.2   -50.1  15.30   267707  6.33    82   -68  0  0
2018 238 14 30   -5.52   13.16    1.48  -451.1    32.2   -50.1  15.30   267707  6.33    89   -69  0  0
2018 238 14 35   -7.65   11.52   -0.30  -445.1     4.7   -58.3  14.56   346918  5.88   118   -68  0  0
2018 238 14 40   -6.70   10.91   -4.24  -445.1     5.3   -57.0  13.59   310747  5.48   107   -66  0  0
2018 238 14 45   -5.57   11.85   -6.05  -442.0    -3.6   -61.2  13.33   334740  5.31   161   -68  0  0
2018 238 14 50   -4.98   11.34   -4.62  -448.4    -2.6   -68.1  13.44   315116  5.54   228   -71  0  0
2018 238 14 55   -6.41   11.95   -1.09  -446.9    -4.3   -81.6  14.36   313012  5.93   316   -71  0  0
2018 238 15  0   -3.77   10.31   -8.93  -453.1    -5.5   -42.9  12.92   313243  5.36   474   -70  0  0
2018 238 15  5   -3.67    9.66   -9.65  -455.3     0.9   -29.8  11.97   314974  4.99   503   -71  0  0
2018 238 15 10   -3.23    7.96  -10.53  -457.9    12.2   -26.1  11.00   318636  4.63   450   -74  0  0
2018 238 15 15   -4.17    9.80   -8.87  -453.8    -6.9   -33.7  11.77   310072  4.88   522   -79  0  0
2018 238 15 20   -3.89    8.45  -10.02  -451.1    -8.8   -31.2  12.05   324460  4.93   631   -81  0  0
2018 238 15 25   -3.21   11.73   -6.50  -447.3   -10.8   -41.4  10.64   330233  4.29   698   -83  0  0
2018 238 15 30   -4.32   14.19   -5.50  -450.4    -1.9   -39.0   9.30   276862  3.80   772   -86  0  0
2018 238 15 35   -2.85   14.22   -3.79  -447.9    -2.2   -40.2  10.87   314526  4.40   819   -89  0  0
2018 238 15 40   -3.02   14.44   -4.04  -448.1    -1.4   -43.1  10.97   281149  4.45   700   -88  0  0
2018 238 15 45   -3.21   14.31   -4.12  -442.5     1.5   -54.9  11.12   307525  4.42   424   -89  0  0
2018 238 15 50   -4.05   13.53   -6.04  -442.1    -4.9   -34.2   9.93   261918  3.90   523   -88  0  0
2018 238 15 55   -3.17   13.09   -7.73  -439.3    -9.4   -37.2  10.68   304220  4.16   719   -86  0  0
2018 238 16  0   -1.96   10.21  -10.92  -444.9     1.0   -24.5  10.57   305886  4.20   807   -84  0  0
2018 238 16  5   -1.80    7.78  -12.27  -447.0    12.9   -12.1  11.20   305421  4.49  1022   -83  0  0
2018 238 16 10   -1.88   12.96   -6.76  -446.9    -8.0   -42.0   9.61   273952  3.88  1222   -85  0  0
2018 238 16 15   -2.82   13.52   -5.42  -441.2   -13.9   -55.6  10.16   325218  4.02  1243   -87  0  0
2018 238 16 20   -1.95   14.24   -2.04  -443.7    -5.9   -67.3  10.86   278930  4.37  1251   -89  0  0
2018 238 16 25   -0.28   11.59   -8.42  -447.8    -1.8   -36.3  10.78   332476  4.35  1217   -89  0  0
2018 238 16 30   -1.78   12.82   -5.97  -449.7    -9.1   -45.2  11.01   274291  4.50  1257   -84  0  0
2018 238 16 35   -1.77   13.30   -5.01  -447.7    -0.8   -46.8  10.44   229514  4.23  1495   -84  0  0
2018 238 16 40   -1.70   13.67   -4.86  -457.5     0.5   -36.8  10.69   256208  4.51  1468   -88  0  0
2018 238 16 45   -3.15   14.27   -3.50  -447.5    -3.7   -48.1  10.01   248080  4.05  1133   -88  0  0
2018 238 16 50   -3.26   13.97   -2.03  -443.3     4.7   -49.5  10.04   238265  4.00  1164   -85  0  0
2018 238 16 55   -1.78   14.52    0.53  -454.7     5.7   -51.7   9.80   238013  4.11  1021   -83  0  0
2018 238 17  0   -4.02   14.02    3.47  -449.0    12.4   -82.2   9.56   218754  3.98   920   -82  0  0
2018 238 17  5   -3.31   14.00   -2.24  -445.0    13.2   -48.8  10.15   256614  4.08  1011   -82  0  0
2018 238 17 10   -3.32   14.13   -0.23  -456.1     7.8   -50.4  10.78   231567  4.54   919   -79  0  0
2018 238 17 15   -4.25   13.72    3.33  -455.8    13.7   -54.6  11.79   242516  4.97   770   -77  0  0
2018 238 17 20   -4.81   13.00    4.48  -452.4    12.8   -61.2  11.31   220153  4.72   837   -75  0  0
2018 238 17 25   -4.75   11.79    6.00  -453.0    21.0   -62.3  11.66   221067  4.89   683   -74  0  0
2018 238 17 30   -4.49   11.96    4.97  -454.2    18.4   -54.7  10.92   205451  4.58   664   -72  0  0
2018 238 17 35   -4.20   11.94    5.12  -452.2    19.0   -49.2  11.16   241962  4.63   471   -70  0  0
2018 238 17 40   -5.53   11.08    6.14  -447.8    23.1   -63.4  10.72   208407  4.40   450   -70  0  0
2018 238 17 45   -5.04   10.08    7.69  -445.7    29.6   -65.5  10.94   219402  4.46   364   -67  0  0
2018 238 17 50   -4.19   10.76    7.44  -445.3    28.5   -63.0  10.15   237635  4.12   420   -65  0  0
2018 238 17 55   -3.66   10.63    7.53  -446.3    30.0   -68.2   9.72   237312  3.98   411   -66  0  0
2018 238 18  0   -5.18   10.04    6.43  -444.2    30.7   -62.3  11.14   207864  4.51   277   -65  0  0
2018 238 18  5   -2.53    7.76    9.34  -452.2    31.2   -67.8  11.05   237655  4.65   252   -62  0  0
2018 238 18 10   -0.75    4.79   11.38  -460.1    37.6   -76.9  12.04   251039  5.28   243   -60  0  0
2018 238 18 15    0.00    6.38   10.28  -458.2    29.5   -75.4  11.83   238724  5.12   195   -58  0  0
2018 238 18 20   -3.11    7.85    7.38  -458.0    29.8   -74.6  11.38   252934  4.92   164   -58  0  0
2018 238 18 25   -3.82    8.35    6.20  -461.3    26.3   -68.0  10.61   235420  4.63   150   -59  0  0
2018 238 18 30   -1.88    1.29    4.96  -462.0    26.5   -55.2  10.45   262275  4.54   194   -60  0  0
2018 238 18 35   -4.84    5.60    4.72  -464.1    29.3   -52.2  10.32   309507  4.53   224   -59  0  0
2018 238 18 40   -5.20    8.99    2.19  -470.8    15.6   -48.0   8.64   378019  3.88   176   -57  0  0
2018 238 18 45   -4.73    9.54    0.16  -469.9     1.2   -44.0   9.32   425012  4.15   143   -57  0  0
2018 238 18 50   -4.69    9.02   -1.73  -470.6     1.0   -31.1   8.61   378715  3.83   127   -59  0  0
2018 238 18 55   -2.23    9.28   -3.68  -478.4     1.9   -22.0   8.16   330107  3.75   110   -61  0  0
2018 238 19  0   -3.29    3.78   -7.22  -478.6    27.5     5.0   7.47   298370  3.44    91   -60  0  0
2018 238 19  5   -0.67    3.49   -7.84  -502.2    28.9     8.9   6.92   274912  3.50   106   -60  0  0
2018 238 19 10   -0.02    7.45   -5.62  -506.4   -27.3    -2.8   6.18   302524  3.18   163   -60  0  0
2018 238 19 15    0.51    6.30   -6.82  -516.8     3.8     5.9   6.13   308147  3.28   270   -58  0  0
2018 238 19 20    0.43    5.04   -7.77  -517.2    18.4     9.3   6.19   347363  3.32   446   -59  0  0
2018 238 19 25   -1.41    4.26   -8.10  -506.0    18.9    21.6   5.72   311170  2.94   526   -62  0  0
2018 238 19 30   -1.00    6.76   -5.72  -507.3    -2.6     1.4   5.78   308514  2.98   542   -64  0  0
2018 238 19 35   -1.68    3.01   -7.01  -511.9    16.1     5.8   5.59   287341  2.95   576   -66  0  0
2018 238 19 40   -1.59   -1.96   -6.16  -513.0    41.0    -7.2   6.04   258117  3.21   502   -70  0  0
2018 238 19 45   -1.95   -6.34   -3.50  -509.9    77.0   -12.6   6.49   234349  3.45   407   -69  0  0
2018 238 19 50   -3.70   -0.81   -5.02  -498.5    59.2    -6.9   6.12   252549  3.08   473   -68  0  0
2018 238 19 55   -1.86   -3.31   -5.08  -510.0    57.3    -6.5   6.47   321968  3.41   524   -72  0  0
2018 238 20  0   -0.74   -3.01   -5.05  -512.6    56.7     6.7   6.50   340507  3.46   609   -75  0  0
2018 238 20  5   -2.08    0.35   -4.03  -514.6    23.7   -18.9   7.09   353739  3.78   729   -75  0  0
2018 238 20 10   -2.41    1.24   -4.23  -503.2    19.1    -2.4   7.03   383475  3.57   832   -75  0  0
2018 238 20 15   -3.08    1.81   -2.97  -503.1    23.8   -11.6   6.62   371677  3.36   868   -75  0  0
2018 238 20 20   -3.38    3.29   -2.82  -499.8    25.0    -3.6   6.41   355649  3.21  1005   -77  0  0
2018 238 20 25   -2.99    4.42    1.00  -507.5    16.0   -22.6   5.97   327506  3.09   945   -78  0  0
2018 238 20 30   -2.92    6.20    2.30  -511.1     2.2   -29.2   5.76   282120  3.02  1036   -77  0  0
2018 238 20 35   -3.60    5.17    1.48  -511.4   -10.4   -20.5   5.21   258033  2.74  1007   -77  0  0
2018 238 20 40   -3.33    4.47    3.02  -508.6    -1.0   -29.8   5.20   256862  2.71   762   -76  0 -1
2018 238 20 45   -4.63    3.72    2.08  -505.9     8.5   -39.1   5.18   255691  2.67   635   -76  0  0
2018 238 20 50   -5.33    3.21    0.43  -485.9    10.7   -18.0   5.61   239470  2.66   505   -76  0  0
2018 238 20 55   -5.52    2.47   -0.48  -489.7    12.3   -21.6   5.49   229694  2.64   447   -77  0  0
2018 238 21  0   -3.72    0.12   -2.87  -490.0    10.0   -12.1   5.35   287811  2.58   398   -78  0  0
2018 238 21  5   -2.32   -0.82   -5.49  -504.0    12.0    -5.2   5.58   322994  2.84   351   -77  0  0
2018 238 21 10   -3.34   -2.05   -5.35  -499.1    42.2   -10.3   5.11   250818  2.57   314   -76  0  0
2018 238 21 15   -2.89   -2.47   -4.57  -499.3    41.3    -9.5   5.36   304201  2.69   294   -75  0  0
2018 238 21 20   -4.72   -1.25   -2.70  -494.6    32.0   -16.7   5.18   249340  2.55   255   -75  0  0
2018 238 21 25   -4.85   -0.32   -0.68  -497.5    29.7   -29.2   5.30   245711  2.64   280   -75  0  0
2018 238 21 30   -5.66    1.04    2.26  -512.7    28.7   -28.5   4.54   212244  2.40   271   -76  0  0
2018 238 21 35   -4.94    1.41    2.08  -501.7    25.8   -38.6   4.58   239188  2.32   207   -74  0  0
2018 238 21 40   -4.44    1.60    1.83  -500.4    20.2   -41.2   4.62   242922  2.33   154   -73  0  0
2018 238 21 45   -3.38    3.50    2.82  -508.9    14.4   -44.0   4.40   240430  2.30   149   -73  0  0
2018 238 21 50   -3.23    3.45    2.83  -509.9     8.9   -44.9   4.10   198986  2.15   114   -73  0  0
2018 238 21 55   -3.68    3.35    2.96  -517.0    15.1   -35.1   3.75   179182  2.01   115   -73  0  0
2018 238 22  0   -3.02    2.78    2.18  -509.3     7.2   -43.0   4.36   230027  2.28   120   -74  0  0
2018 238 22  5   -4.68    1.06    1.52  -506.1    23.5   -30.9   4.12   225840  2.12   115   -71  0  0
2018 238 22 10   -5.05    1.36    1.62  -514.9    25.1   -29.1   3.68   179573  1.96   111   -70  0  0
2018 238 22 15   -5.22    1.04    1.06  -518.2    21.3   -27.0   3.78   175513  2.04    90   -71  0  0
2018 238 22 20   -5.15    1.05    1.12  -521.2    26.1   -18.8   3.47   143511  1.89    79   -70  0  0
2018 238 22 25   -5.28    1.17    1.96  -540.5    17.1   -23.4   3.02   116535  1.77    43   -69  0  0
2018 238 22 30   -5.09    1.70    2.24  -543.8    16.9   -28.7   2.68    97127  1.59   121   -70  0  0
2018 238 22 35   -4.67    2.09    2.39  -542.9    18.4   -28.6   2.54    90969  1.50   130   -71  0  0
2018 238 22 40   -4.45    1.48    2.10  -523.3    10.8   -38.0   3.30   124993  1.82    93   -70  0  0
2018 238 22 45   -4.65    1.10    2.60  -530.8    16.6   -37.4   2.96   124249  1.68    93   -71  0  0
2018 238 22 50   -5.25   -0.01    2.08  -534.8    21.9   -35.2   2.59    95241  1.49    69   -71  0  0
2018 238 22 55   -5.56   -0.68    1.72  -539.3    26.4   -32.4   2.43    83146  1.42    69   -71  0  0
2018 238 23  0   -5.36   -0.02    1.86  -540.6    28.5   -24.0   2.35    90610  1.38    55   -70  0  0
2018 238 23  5   -5.19    0.70    1.64  -540.9    24.2   -29.4   2.52    89759  1.49    50   -70  0  0
2018 238 23 10   -4.74    2.42    2.16  -545.6     7.3   -30.5   2.51    90450  1.50    33   -68  0  0
2018 238 23 15   -5.24    1.74    1.26  -542.6    12.5   -26.5   2.56    88822  1.51    51   -67  0  0
2018 238 23 20   -4.99    2.25    1.98  -542.6     6.4   -31.6   2.62    93485  1.55    68   -67  0  0
2018 238 23 25   -4.87    1.60    2.28  -536.4    13.3   -29.5   2.47    79439  1.43    63   -68  0  0
2018 238 23 30   -4.54    0.97    2.62  -529.9    15.6   -37.9   2.83   103949  1.60    57   -67  0  0
2018 238 23 35   -4.91    1.01    2.06  -530.6    14.7   -33.1   2.78   100575  1.57    58   -66  0  0
2018 238 23 40   -4.37    1.42    2.85  -529.1    14.5   -40.8   2.80   105909  1.58    44   -66  0  0
2018 238 23 45   -4.35    0.98    3.02  -535.2    16.0   -44.4   2.89   124988  1.67    33   -66  0  0
2018 238 23 50   -4.88    0.13    2.50  -528.9    30.0   -39.9   2.70   103703  1.52    41   -65  0  0
2018 238 23 55   -4.60    1.75    2.43  -530.6     5.3   -36.6   2.81   112472  1.59    33   -65  0  0
2018 239  0  0   -4.89    1.22    2.06  -527.5    11.4   -31.3   2.75    98372  1.54    29   -64  0  0
2018 239  0  5   -4.79    1.65    1.99  -525.7     9.5   -29.7   2.76   103754  1.53    33   -64  0  0
2018 239  0 10   -4.88    1.98    1.58  -524.0    11.6   -28.5   2.53    80898  1.39    55   -64  0  0
2018 239  0 15   -4.93    1.52    1.84  -525.0    14.7   -28.6   2.60    93572  1.44    42   -64  0  0
2018 239  0 20   -5.16    1.22    1.30  -523.3    16.6   -25.4   2.53    85305  1.39    62   -63  0  0
2018 239  0 25   -5.21    1.00    1.17  -522.2    17.8   -25.4   2.57    83094  1.41    32   -63  0  0
2018 239  0 30   -4.94    1.06    1.99  -518.7    22.9   -26.1   2.45    79613  1.32    45   -63  0  0
2018 239  0 35   -4.48    1.29    2.71  -520.1    14.9   -39.2   2.46    91167  1.34    32   -64  0  0
2018 239  0 40   -4.35    1.20    3.09  -524.1     8.4   -46.8   2.52   101651  1.40    34   -64  0  0
2018 239  0 45   -3.90    1.18    3.41  -539.2    17.3   -49.0   2.72   112715  1.59    47   -65  0  0
2018 239  0 50   -4.45    1.85    2.18  -532.7     6.5   -36.9   2.73   112761  1.56    54   -64  0  0
2018 239  0 55   -4.17    3.26    0.97  -533.0     1.3   -22.0   2.92   126314  1.67    64   -62  0  0
2018 239  1  0   -2.50    4.71    0.23  -548.4   -14.2   -15.6   2.90   131822  1.75    66   -61  0  0
2018 239  1  5   -3.33    3.84    1.69  -553.1   -10.4   -28.2   2.92   153029  1.79    58   -62  0  0
2018 239  1 10   -4.03    3.54    0.87  -539.7    -8.8   -27.7   2.92   154262  1.71    95   -63  0  0
2018 239  1 15   -4.53    2.61    1.26  -541.5    -7.0   -25.0   2.79   131446  1.64   111   -63  0  0
2018 239  1 20   -4.96    2.19    1.26  -524.0    13.6   -34.6   2.51    69650  1.39   122   -62  0  0
2018 239  1 25   -4.91    2.19    1.21  -530.4    -3.1   -30.0   2.55   100628  1.44   176   -63  0  0
2018 239  1 30   -5.18   -0.42    2.17  -540.4    15.3   -29.4   2.76   107356  1.62   176   -64  0  0
2018 239  1 35   -4.94   -1.03    2.60  -546.4    33.0   -41.4   2.92   128772  1.76   132   -64  0  0
2018 239  1 40   -5.31    0.36    2.40  -541.8    19.5   -39.7   2.78   117306  1.64   102   -64  0  0
2018 239  1 45   -5.31   -0.20    1.88  -542.7    23.4   -38.2   2.35    82467  1.39    84   -63  0  0
2018 239  1 50   -5.56   -0.06    1.42  -540.9    27.3   -38.7   2.80   119002  1.65   132   -63  0  0
2018 239  1 55   -5.06   -1.21    2.38  -528.6    21.8   -20.2   2.65   103354  1.48   131   -64  0  0
2018 239  2  0   -5.25    0.22    1.68  -530.6    27.7   -31.2   3.06   137006  1.74   115   -63  0  0
2018 239  2  5   -5.36    0.57    1.40  -529.1    29.6   -26.9   3.05   178996  1.71    79   -62  0  0
2018 239  2 10   -5.35    1.15    1.12  -528.0    12.9   -23.9   2.77   140180  1.55    56   -60  0  0
2018 239  2 15   -4.85    1.41    1.67  -530.4     8.3   -31.2   2.96   136094  1.68    47   -61  0  0
2018 239  2 20   -4.77    1.85    1.56  -530.7     3.4   -20.4   2.99   142252  1.68    34   -61  0  0
2018 239  2 25   -4.98    0.39    1.67  -535.9    12.1   -43.8   3.13   197330  1.81    32   -61  0  0
2018 239  2 30   -4.85    0.60    2.02  -527.2    35.6   -38.0   2.97   135156  1.67    31   -62  0  0
2018 239  2 35   -5.28    1.08    0.38  -525.9    28.0   -19.9   3.18   127324  1.77    38   -62  0  0
2018 239  2 40   -5.35    1.20    0.82  -524.6     4.8   -16.4   2.67   104727  1.47    43   -62  0  0
2018 239  2 45   -5.59    0.68    0.92  -516.1    12.3   -36.3   2.13    65252  1.14    44   -61  0  0
2018 239  2 50   -5.51   -0.27    1.04  -516.4    30.4   -26.8   2.58   104810  1.38    60   -60  0  0
2018 239  2 55   -5.52   -0.36    0.99  -515.7    35.5   -16.5   2.69   113973  1.44    73   -59  0  0
2018 239  3  0   -5.44    0.45   -0.09  -517.1    17.2   -14.1   2.23    74336  1.20    59   -59  0  0
2018 239  3  5   -5.47    0.74   -1.11  -517.6    14.7    16.3   2.50   100810  1.34    47   -59  0  0
2018 239  3 10   -5.02    1.64   -1.64  -524.2     2.1     9.1   2.85   132330  1.57    66   -60  0  0
2018 239  3 15   -5.41    1.56    0.04  -519.0    15.6   -19.1   2.35    81257  1.27    68   -60  0  0
2018 239  3 20   -4.90    1.49   -1.32  -530.1    13.8     6.8   2.82   144990  1.59    64   -60  0  0
2018 239  3 25   -3.40    2.25    0.23  -528.2    -8.6     7.2   2.94   145334  1.64    72   -60  0  0
2018 239  3 30   -1.37    3.82   -0.74  -548.8   -13.9    15.2   2.92   145060  1.76    77   -61  0 -1
2018 239  3 35   -0.83    4.12   -3.04  -569.3   -19.3    23.3   2.91   144787  1.89    81   -60  0  0
2018 239  3 40    0.78    3.70   -3.76  -560.5   -12.8    16.6   2.77   133312  1.74    66   -61  0 -1
2018 239  3 45   -2.13    4.02   -2.37  -551.6    -6.2    10.0   2.62   121837  1.59    92   -60  0  0
2018 239  3 50   -3.28    4.05   -0.34  -546.4   -20.4     1.1   2.64   176087  1.57   160   -59  0  0
2018 239  3 55   -3.74    3.87   -0.19  -543.3   -19.1     0.4   2.47   181435  1.46   242   -60  0  0
2018 239  4  0   -4.16    3.25    0.89  -541.2   -17.0   -11.8   2.55   171268  1.50   323   -60  0  0
2018 239  4  5   -4.13    2.32    1.88  -544.5     2.4   -20.3   2.69   203916  1.60   399   -61  0  0
2018 239  4 10   -4.63    1.93    1.50  -536.4   -18.6   -12.4   2.76   186042  1.60   352   -61  0  0
2018 239  4 15   -3.15    3.48    0.56  -549.8    -3.6   -13.5   2.78   248031  1.68   323   -61  0  0
2018 239  4 20   -3.44    3.26    0.44  -548.5   -14.1   -15.0   2.80   252762  1.69   323   -63  0  0
2018 239  4 25   -3.69    3.05   -0.00  -546.3    -1.7    -7.0   2.77   251684  1.65   357   -64  0  0
2018 239  4 30   -3.73    2.75   -0.73  -543.8    -7.3    -0.8   2.69   273859  1.59   317   -63  0  0
2018 239  4 35   -3.96    2.47   -0.59  -534.6    -9.8     1.5   2.85   173799  1.63   329   -63  0  0
2018 239  4 40   -3.90    1.81    0.68  -538.7    -3.2    -8.5   2.92   192155  1.70   325   -62  0  0
2018 239  4 45   -3.89    1.07    2.09  -542.9    23.9   -35.9   2.98   229127  1.77   370   -61  0  0
2018 239  4 50   -3.93    1.67    0.40  -544.3    -6.8    -7.9   2.88   220907  1.71   330   -61  0  0
2018 239  4 55   -3.96    1.50   -1.08  -543.8     4.0    -2.1   2.90   170455  1.72   368   -60  0  0
2018 239  5  0   -4.12    0.99    0.49  -539.0     7.1    -9.1   2.98   216727  1.73   387   -60  0  0
2018 239  5  5   -3.95    1.11    0.05  -545.6    18.0   -11.7   2.98   237837  1.78   392   -61  0  0
2018 239  5 10   -4.13    0.66    0.13  -546.9    17.2   -22.2   2.85   239756  1.71   414   -63  0  0
2018 239  5 15   -3.68    1.48   -0.18  -550.2     7.5    -7.1   2.94   251404  1.79   363   -64  0  0
2018 239  5 20   -3.25    1.07   -0.30  -560.7     2.2   -15.3   2.92   246988  1.84   353   -67  0  0
2018 239  5 25   -2.50    0.55    0.84  -555.0    31.4    -5.7   3.04   267275  1.89   318   -67  0  0
2018 239  5 30   -2.95    0.65   -0.26  -544.8    15.3    14.2   2.90   161647  1.72   275   -64  0  0
2018 239  5 35   -3.35   -0.28    0.06  -551.3    16.4    16.0   2.87   271386  1.75   324   -65  0  0
2018 239  5 40   -3.50   -0.28    1.53  -555.5    13.1   -23.1   2.95   222292  1.83   267   -62  0  0
2018 239  5 45   -3.70    0.14    1.35  -547.6    25.0   -27.8   3.00   204456  1.81   303   -60  0  0
2018 239  5 50   -3.89    0.23    1.03  -552.4    14.7   -19.4   2.96   214816  1.81   286   -62  0  0
2018 239  5 55   -3.66    1.04   -1.35  -547.8    -1.6     4.0   2.93   193709  1.76   376   -62  0  0
2018 239  6  0   -0.74   -0.96   -2.23  -562.9     4.0     2.9   3.00   190225  1.90   377   -63  0  0
2018 239  6  5   -0.52    0.28   -2.72  -573.9     2.5     8.4   2.75   207398  1.82   363   -64  0  0
2018 239  6 10   -2.10    1.51   -2.75  -566.4    -6.8    13.3   2.95   222713  1.89   416   -65  0  0
2018 239  6 15   -2.78    2.28   -3.01  -563.5    -9.4    13.4   2.77   199090  1.76   489   -66  0  0
2018 239  6 20   -2.74    2.58   -2.20  -563.5   -13.5     7.3   2.82   217284  1.79   573   -66  0  0
2018 239  6 25   -3.13    2.88   -0.92  -563.1   -14.2    13.2   2.88   223196  1.83   588   -67  0  0
2018 239  6 30   -3.16    2.96   -1.61  -562.3    -9.7    13.2   2.73   220659  1.72   476   -67  0  0
2018 239  6 35   -3.17    2.69   -1.79  -560.8   -10.1    11.3   2.62   216604  1.65   451   -68  0  0
2018 239  6 40   -1.75    3.03   -2.52  -570.8   -14.5    11.1   2.70   194024  1.76   459   -68  0  0
2018 239  6 45   -1.85    2.18   -2.95  -574.8    -4.2    23.8   2.66   183728  1.76   403   -68  0  0
2018 239  6 50   -1.98    2.67   -2.09  -569.8   -11.6    19.9   2.70   185955  1.76   344   -70  0  0
2018 239  6 55   -1.80    2.94    1.20  -568.1   -18.2     0.4   2.77   216227  1.79   422   -68  0  0
2018 239  7  0   -1.87    3.26   -0.15  -568.1   -17.3     5.8   2.77   213169  1.79   469   -67  0  0
2018 239  7  5   -0.57    2.13   -2.81  -577.3    -3.5    18.8   2.99   201286  2.00   541   -68  0  0
2018 239  7 10   -0.78    2.92   -1.96  -577.7   -12.5    11.9   2.98   176477  1.99   579   -69  0  0
2018 239  7 15   -0.54    1.80   -3.44  -580.3    -8.0    22.1   2.86   179627  1.92   535   -70  0  0
2018 239  7 20   -1.54    2.02   -2.67  -576.1    -5.0    16.2   2.70   174824  1.80   497   -70  0  0
2018 239  7 25   -2.89    1.62   -0.93  -571.2   -14.2     8.3   2.99   223211  1.95   419   -70  0  0
2018 239  7 30   -3.18    1.14   -0.81  -559.5   -23.2     4.3   3.23   289310  2.02   378   -70  0  0
2018 239  7 35   -3.01    1.37   -1.35  -565.6    -6.1    13.8   3.03   246970  1.94   397   -70  0  0
2018 239  7 40   -3.20    0.18   -1.94  -566.1    -2.9    13.1   2.95   232623  1.89   385   -71  0  0
2018 239  7 45   -2.60    1.92   -2.20  -569.8    -7.2    10.7   2.79   203946  1.82   410   -70  0  0
2018 239  7 50   -3.22    1.82   -1.25  -571.7    -4.4    16.9   2.82   188510  1.85   457   -70  0  0
2018 239  7 55   -3.24    1.83   -1.17  -562.4   -14.6     9.3   3.01   279505  1.91   441   -71  0  0
2018 239  8  0   -3.41    1.41   -1.07  -562.2   -20.7    -7.4   3.15   259639  1.99   456   -69  0  0
2018 239  8  5   -3.57    1.42   -0.58  -562.8   -10.8     0.5   3.03   258053  1.92   467   -67  0  0
2018 239  8 10   -3.04    2.22   -0.91  -567.2    -8.9    14.4   2.86   201306  1.84   474   -67  0  0
2018 239  8 15   -2.87    2.74   -0.53  -563.1    -8.3     3.3   2.91   192069  1.84   428   -67  0  0
2018 239  8 20   -2.27    3.13   -0.94  -565.4    -6.5    10.0   2.86   177255  1.83   423   -67  0  0
2018 239  8 25   -1.97    3.11   -1.50  -566.9    -5.5     9.5   2.86   168713  1.84   352   -67  0  0
2018 239  8 30   -1.81    2.53   -2.23  -568.6    -0.5    15.5   2.90   158770  1.88   347   -65  0  0
2018 239  8 35   -2.35    2.61   -1.74  -563.6    -8.5    10.4   2.93   180096  1.86   426   -64  0  0
2018 239  8 40   -2.33    2.48   -1.57  -566.6    -0.5    14.0   2.82   156990  1.81   549   -65  0  0
2018 239  8 45   -2.01    2.66   -1.84  -563.8    -5.3    10.8   2.93   172383  1.86   733   -66  0  0
2018 239  8 50   -2.94    2.22   -0.05  -561.9    -1.1    11.0   3.03   197880  1.92   752   -66  0  0
2018 239  8 55   -2.89    2.68   -1.04  -554.1   -16.2     1.5   2.91   208316  1.79   464   -65  0  0
