2024 284  9  0   -4.48    0.77    2.97  -397.1    16.4   -22.6   3.54   46663.  1.12   122    -9  0  0 -0.1148   1.09
2024 284  9  5   -4.59    0.55    2.86  -397.6    18.2   -26.6   3.31   43624.  1.06    98    -9  0 -1 -0.1008   1.02
2024 284  9 10   -4.44    0.57    3.00  -398.1    20.0   -30.6   3.09   40584.  0.99    87    -9  0  0 -0.0868   0.96
2024 284  9 15   -4.65    2.06    1.26  -400.2     8.1   -17.4   3.41   45034.  1.10    81    -9  0  0 -0.1275   1.06
2024 284  9 20   -4.94    2.73   -0.08  -392.8   -14.1   -10.1   3.04   30792.  0.94    73    -9  0  0 -0.1683   0.91
2024 284  9 25   -4.87    3.15   -0.60  -392.0   -14.1    -9.6   3.25   34572.  1.00    53    -8  0  0 -0.1661   0.97
2024 284  9 30   -5.01    3.04    0.02  -391.2    -7.2   -11.1   3.86   43194.  1.18    53    -8  0  0 -0.1505   1.15
2024 284  9 35   -5.02    3.28   -0.66  -395.7   -16.6   -12.8   3.19   31798.  1.00    49    -7  0  0 -0.1559   0.97
2024 284  9 40   -5.67    2.17   -0.75  -388.5   -10.0     4.5   4.54   48625.  1.37    62    -7  0  0 -0.1818   1.33
2024 284  9 45   -4.93    2.50   -1.42  -396.6   -18.7     7.5   4.02   38996.  1.26    78    -6  0  0 -0.1958   1.23
2024 284  9 50   -3.69    3.36   -2.00  -397.6   -15.8     1.4   3.56   42968.  1.13    95    -7  0  0 -0.1755   1.09
2024 284  9 55   -3.77    3.59   -1.22  -392.5   -14.7    -7.8   2.81   27718.  0.86   101    -7  0  0 -0.1509   0.84
2024 284 10  0   -4.52   -1.13   -2.19  -396.8    11.1    21.2   3.40   42762.  1.08   110    -6  0  0 -0.1755   1.04
2024 284 10  5   -3.90   -0.52   -2.54  -396.2     8.2    25.6   3.52   61027.  1.11   105    -7  0  0 -0.1854   1.08
2024 284 10 10   -3.82   -0.60   -2.33  -397.3     2.1    17.6   3.94   69904.  1.25    89    -9  0  0 -0.1729   1.21
2024 284 10 15   -4.14   -0.66   -2.39  -396.4     3.5    15.4   3.90   67572.  1.23    64    -9  0  0 -0.1630   1.19
2024 284 10 20   -3.90   -0.62   -3.12  -397.4     3.2    19.2   3.72   64336.  1.18    86    -9  0  0 -0.1680   1.14
2024 284 10 25   -3.57    0.02   -3.96  -402.1    -5.7    28.7   4.15   69702.  1.35   123    -9  0  0 -0.1957   1.31
2024 284 10 30   -4.04    1.11   -3.39  -409.5    -5.7    21.5   4.47   78888.  1.50   115    -9  0  0 -0.1762   1.46
2024 284 10 35   -4.59    0.83   -2.99  -394.6   -10.7     9.9   4.57   59598.  1.42   103   -10  0  0 -0.1564   1.38
2024 284 10 40   -4.62    0.61   -2.34  -397.2    -8.6     7.3   4.27   55169.  1.35   119   -10  0  0 -0.1444   1.31
2024 284 10 45   -4.89   -0.09   -2.14  -395.6    16.7    18.7   4.52   46362.  1.42   119   -10  0  0 -0.1317   1.38
2024 284 10 50   -4.14   -0.28   -3.30  -399.8    -0.1    27.5   4.36   70856.  1.40   158    -9  0  0 -0.1690   1.36
2024 284 10 55   -4.60   -0.89   -2.58  -386.7    26.5     8.8   4.90   48900.  1.47   196    -8  0  0 -0.0902   1.43
2024 284 11  0   -4.81   -0.54   -2.33  -394.6     3.8     5.5   4.21   74217.  1.31   204    -7  0  0 -0.1104   1.27
2024 284 11  5   -4.73    1.30   -0.46  -402.6    20.5    15.0   4.89   61117.  1.61   279    -9  0  0 -0.1050   1.54
2024 284 11 10   -4.55    1.75   -0.97  -396.9    -6.7    -0.1   4.68   65672.  1.47   298    -8  0  0 -0.1053   1.43
2024 284 11 15   -5.25    1.07    0.95  -385.9    30.2   -14.3   4.51   44826.  1.35   248    -9  0  0 -0.0209   1.31
2024 284 11 20   -4.99    2.12    0.86  -394.5    -5.9   -21.0   3.82   43194.  1.19   182   -10  0  0 -0.0523   1.16
2024 284 11 25   -4.47    0.91   -0.89  -396.2     9.9    -7.4   4.42   57985.  1.40   239    -8  0  0 -0.0576   1.35
2024 284 11 30   -4.60    0.72   -0.53  -390.4     9.4     0.9   4.20   59537.  1.28   361    -9  0  0 -0.0726   1.24
2024 284 11 35   -4.66    1.62   -2.17  -393.8     8.9    11.9   4.17   66260.  1.30   351   -10  0  0 -0.0938   1.25
2024 284 11 40   -4.90    1.68   -2.86  -400.7    -3.5     6.0   4.52   79658.  1.46   363   -11  0 -1 -0.0939   1.41
2024 284 11 45   -3.07    2.27   -2.32  -407.6   -15.9     0.0   4.86   93056.  1.61   313   -12  0  0 -0.0934   1.57
2024 284 11 50   -3.53    1.89   -2.41  -405.2   -12.3    -3.2   4.36   80533.  1.44   237   -12  0  0 -0.0789   1.39
2024 284 11 55   -3.50    0.07   -3.49  -406.4     1.5    31.3   3.80   57498.  1.27   248   -11  0  0 -0.1305   1.22
2024 284 12  0   -3.40   -0.21   -3.78  -403.6    -1.8    33.6   3.85   52216.  1.27   288   -10  0  0 -0.1369   1.22
2024 284 12  5   -1.87   -0.51   -5.51  -408.2     0.8    45.0   3.79   40832.  1.28   325   -10  0  0 -0.1532   1.24
2024 284 12 10   -1.28   -0.33   -5.97  -412.3     5.0    42.2   3.76   33565.  1.29   464   -10  0  0 -0.1382   1.25
2024 284 12 15   -2.42   -0.42   -5.70  -411.5    -6.8    40.2   3.68   41618.  1.26   626   -11  0  0 -0.1460   1.22
2024 284 12 20   -3.50   -1.60   -5.56  -393.0    12.6    41.8   3.98   32704.  1.24   729   -12  0  0 -0.1253   1.21
2024 284 12 25   -3.26   -0.83   -5.99  -396.9     5.7    38.8   4.02   33086.  1.27   675   -11  0 -1 -0.1242   1.24
2024 284 12 30   -4.38   -1.52   -4.90  -400.7    -1.2    35.8   4.06   33468.  1.31   699   -11  0  0 -0.1229   1.27
2024 284 12 35   -4.54   -1.74   -5.20  -393.0    10.5    45.9   4.02   39835.  1.26   682   -11  0  0 -0.1282   1.22
2024 284 12 40   -5.50   -1.65   -4.57  -385.9    18.2    30.0   4.12   31616.  1.24   740   -10  0  0 -0.0817   1.20
2024 284 12 45   -3.63   -1.07   -5.50  -407.9    10.6    48.7   3.46   29926.  1.16   777   -10  0  0 -0.1252   1.13
2024 284 12 50   -4.30   -1.92   -5.28  -397.3    15.4    35.2   3.75   30499.  1.18   917    -9  0 -1 -0.0898   1.16
2024 284 12 55   -4.99   -2.96   -4.29  -386.7    20.2    21.6   4.04   31071.  1.21   998   -10  0 -1 -0.0522   1.18
2024 284 13  0   -6.83   -0.76   -1.55  -376.1    25.0     8.1   4.33   31644.  1.23   939   -12  0  0 -0.0128   1.19
2024 284 13  5   -6.65   -1.29   -2.98  -382.3    18.1    21.4   4.42   33071.  1.30   972   -13  0  0 -0.0495   1.26
2024 284 13 10   -6.72    0.33   -4.15  -383.0     4.3    19.7   4.44   36333.  1.31   897   -14  0  0 -0.0609   1.27
2024 284 13 15   -5.74    3.41   -2.39  -398.8   -11.9     0.3   4.81   48795.  1.54   934   -16  0  0 -0.0344   1.48
2024 284 13 20   -6.34    1.72   -2.07  -391.1    -8.7    -2.8   4.95   34930.  1.52   946   -19  0  0 -0.0212   1.47
2024 284 13 25   -6.95    2.00   -1.44  -383.3    10.6     1.1   4.62   32505.  1.37   920   -21  0  0 -0.0029   1.32
2024 284 13 30   -6.90    2.42   -1.20  -384.6    -9.0    -4.4   4.70   39116.  1.40   893   -21  0  0 -0.0128   1.35
2024 284 13 35   -6.83    1.79   -1.00  -382.7    -2.3     9.5   4.46   35451.  1.32   841   -22  0  0 -0.0335   1.27
2024 284 13 40   -6.71    3.13    1.40  -387.1     3.7   -17.4   4.84   39428.  1.47   791   -22  0  0  0.0375   1.41
2024 284 13 45   -6.26    3.43    1.06  -386.5     0.6    -9.6   4.76   47106.  1.44   746   -22  0  0  0.0184   1.38
2024 284 13 50   -5.49    3.69    1.60  -393.4    22.3   -26.5   4.52   41803.  1.43   722   -23  0  0  0.0842   1.37
2024 284 13 55   -5.71    3.99    1.66  -397.0     1.0   -30.2   4.55   40324.  1.45   648   -22  0  0  0.0684   1.40
2024 284 14  0   -6.02    3.98    2.25  -388.5     4.1   -40.2   4.61   39233.  1.41   602   -23  0  0  0.0984   1.36
2024 284 14  5   -4.84    4.63    2.66  -390.6   -14.7   -22.9   4.85   53521.  1.50   478   -22  0  0  0.0387   1.44
2024 284 14 10   -0.40    6.34    5.24  -428.8   -13.2   -45.7   4.81   44838.  1.78   421   -21  0  0  0.0862   1.73
2024 284 14 15   -2.37    6.07    5.18  -450.6    -9.7   -56.0   4.45   34155.  1.84   518   -21  0  0  0.1082   1.78
2024 284 14 20   -5.21    3.90    5.47  -420.5    22.9   -46.4   4.85   45421.  1.74   485   -20  0  0  0.1332   1.69
2024 284 14 25   -5.21    3.44    6.04  -394.7    29.4   -62.9   5.95   61875.  1.91   467   -19  0  0  0.1867   1.85
2024 284 14 30   -3.69    6.84    3.81  -423.9    -9.1   -53.8   5.42   56909.  1.98   315   -19  0  0  0.1168   1.92
2024 284 14 35   -3.72    8.04    4.23  -426.0    -5.9   -50.6   6.09   60154.  2.24   305   -17  0  0  0.1152   2.17
2024 284 14 40   -3.71    7.06    5.56  -430.2     0.5   -44.3   7.42   66645.  2.77   281   -17  0  0  0.1100   2.69
2024 284 14 45   -2.74    7.27    5.35  -427.0     1.1   -51.7   6.45   64221.  2.38   255   -15  0 -1  0.1283   2.31
2024 284 14 50   -3.14    7.48    5.00  -423.8     1.7   -59.1   5.47   61797.  2.00   318   -13  0  0  0.1468   1.94
2024 284 14 55   -3.68    7.77    5.90  -429.3    -8.6   -50.1   6.84   69326.  2.56   376   -10  0  0  0.1178   2.48
2024 284 15  0   -3.87    7.36    6.94  -442.4     5.6   -54.0   6.92   85961.  2.77   338    -7  0  0  0.1386   2.66
2024 284 15  5   -2.74    4.63    6.45  -451.3    20.9   -63.2   5.94   97460.  2.47   329    -8  0  0  0.1706   2.39
2024 284 15 10   -2.24    6.75    4.70  -470.8    20.6   -64.0   6.91  111220.  3.14   288    -8  0  0  0.1673   3.03
2024 284 15 15   -2.70    9.40    5.69  -516.3     4.2   -53.3   5.15  122325.  2.85  1053    43  0  0  0.1243   2.69
2024 284 15 20   -8.96   15.25   10.42  -622.3    18.1   -49.5  12.67  899314. 12.40  1091    66  0  0  0.1133   9.57
2024 284 15 25  -20.71   20.15   13.96  -748.7   -21.4   -50.4  20.32 1254528. 22.90   782    73  0  0  0.0788  22.18
2024 284 15 30  -15.64   16.92    3.30  -732.3   -31.3   -39.8  24.73  713118. 26.67  1099    61  0  0  0.0623  25.81
2024 284 15 35   -8.07    3.01  -11.73  -781.7    63.5    46.0  29.54 1864104. 36.61  1727    41  0  0  0.0130  35.32
2024 284 15 40   -6.35   13.56   -8.15  -803.0   -26.7    -2.0  28.32 1634690. 37.05  2271    25  0  0  0.0215  35.41
2024 284 15 45    5.97   35.18   -3.61  -769.2   -42.0     9.8  33.27  595833. 39.50  3028     3  0  0 -0.0003  38.25
2024 284 15 50    4.64   28.50    4.11  -787.4   -22.6   -34.1  35.15  951138. 43.82  3997     3  0  0  0.0622  42.33
2024 284 15 55   11.69   23.47   10.60  -801.0   -32.0   -58.6  31.51  783945. 40.80  3611    -3  0  0  0.0855  39.43
2024 284 16  0   -5.37   26.51    2.84  -749.5     4.8   -13.2  30.66  774836. 34.62  2901     3  0  0  0.0546  33.37
2024 284 16  5   -8.42   14.04  -14.03  -746.0     4.8    29.6  34.55  942891. 38.61  2487     4  0  0  0.0026  37.30
2024 284 16 10    4.74   29.07   -6.62  -765.2   -49.2    37.8  32.30  846760. 38.19  2723    -9  0  0 -0.0340  36.87
2024 284 16 15  -10.61    0.75  -20.19  -723.8     7.3    90.3  37.99 1167719. 40.39  2765   -22  0  0 -0.0729  39.15
2024 284 16 20  -10.46   14.69  -18.86  -719.4     2.1    69.8  33.76 1107967. 35.31  2752   -35  0  0 -0.0504  34.16
2024 284 16 25  -10.36   16.66  -23.39  -734.0     1.4    58.3  30.25 1138285. 32.84  2981   -53  0  0 -0.0346  31.77
2024 284 16 30  -10.33    5.99  -22.81  -740.2    53.7    74.5  30.48 1235333. 33.93  2665   -61  0  0 -0.0268  32.85
2024 284 16 35   -8.68    6.84  -26.70  -730.6     9.6    68.8  33.36  941958. 35.96  1902   -76  0  0 -0.0439  34.80
2024 284 16 40   14.30  -23.74   -0.01  -769.7    75.7    31.4  32.22 1061911. 38.62  1313   -83  0  0  0.0372  37.39
2024 284 16 45   21.06  -16.94    1.47  -782.0    78.7    -5.5  30.35  813212. 37.57  1708   -91  0  0  0.0817  36.32
2024 284 16 50   14.32  -28.04   -4.91  -775.9    64.4     5.0  36.23  718800. 43.93  1785   -92  0  0  0.0623  42.54
2024 284 16 55    8.85  -32.41   -1.49  -740.8    69.9    13.5  34.37  745631. 38.16  2073   -85  0  0  0.0550  36.87
2024 284 17  0  -11.14  -26.19   -0.22  -733.2    79.7    23.8  34.65  682381. 37.74  2220   -80  0  0  0.0463  36.55
2024 284 17  5  -18.89  -23.40   -1.98  -717.9    76.8    23.1  34.01  706627. 35.52  1905   -79  0  0  0.0452  34.38
2024 284 17 10    5.48  -19.80   -2.00  -724.5    71.2    31.5  35.61 1016581. 37.84  1859   -77  0  0  0.0307  36.62
2024 284 17 15  -17.54  -15.29    3.85  -706.9    67.9     6.3  32.69 1043838. 33.08  2062   -78  0  0  0.0612  31.94
2024 284 17 20  -10.94  -10.76    1.19  -702.3    69.1    21.6  35.04  895030. 35.09  1922   -75  0  0  0.0407  33.83
2024 284 17 25  -29.64   -6.32  -10.15  -699.1    29.6    20.0  33.26  764342. 32.59  1589   -70  0  0  0.0222  31.57
2024 284 17 30  -28.51   -6.91  -12.62  -698.0    43.5    20.4  33.38  742892. 32.70  1609   -71  0 -1  0.0276  31.65
2024 284 17 35  -26.99  -10.16  -13.84  -696.9    57.5    20.8  33.51  721441. 32.80  1715   -78  0  0  0.0328  31.77
2024 284 17 40  -26.67   -8.70  -14.92  -696.9    57.5    20.8  33.51  721441. 32.80  1796   -86  0  0  0.0316  31.77
2024 284 17 45  -26.88   -8.73  -14.80  -698.8    66.6    15.9  34.23  891647. 33.75  1596   -95  0  0  0.0413  32.69
2024 284 17 50  -26.27  -11.21  -14.51  -708.1    57.8    19.6  32.08  670829. 32.41  1851  -100  0  0  0.0307  31.39
2024 284 17 55  -24.26  -12.88  -16.50  -707.2    55.2    16.2  31.30  656592. 31.52  2017  -109  0 -1  0.0326  30.52
2024 284 18  0  -24.23  -11.12  -17.42  -706.3    52.6    12.8  30.51  642355. 30.62  1159  -117  0  0  0.0345  29.65
2024 284 18  5  -25.52   -5.51  -16.34  -698.7    48.7    19.7  30.88  736805. 30.40   557  -125  0  0  0.0219  29.37
2024 284 18 10  -23.45    4.31  -15.54  -683.5    40.4    34.7  32.03 1008003. 30.18   490  -135  0  0 -0.0043  29.16
2024 284 18 15  -21.61   10.46  -15.20  -700.9    16.5     9.8  31.07 1329752. 30.52   501  -145  0  0  0.0175  29.59
2024 284 18 20  -13.14   12.87  -13.00  -716.1    42.2   -15.9  29.13 1316641. 30.12   468  -151  0  0  0.0613  29.05
2024 284 18 25  -16.62    6.24  -17.55  -709.4    26.1    -9.8  29.90 1324846. 30.15   944  -154  0  0  0.0448  29.19
2024 284 18 30  -19.03    3.88  -18.05  -696.5    42.2    -4.7  33.79 1794694. 32.93  1436  -159  0  0  0.0437  31.87
2024 284 18 35   -8.48   -7.85  -12.02  -732.9    64.0    -8.2  29.61 1127986. 32.14  1374  -161  0  0  0.0542  31.05
2024 284 18 40   -6.55   -0.31   -7.03  -709.8    37.8    -9.6  31.10 1638994. 31.32  1223  -161  0  0  0.0442  30.44
2024 284 18 45   -4.28   -3.45   -7.37  -741.8    53.4    -8.5  28.35 1320109. 31.44   945  -158  0  0  0.0459  30.38
2024 284 18 50   -0.59  -10.39  -10.99  -733.0    54.2    18.9  27.05 1080104. 29.16   857  -155  0  0  0.0089  28.32
2024 284 18 55    8.40    3.02   -2.91  -739.6    77.5     0.2  31.32 1324840. 34.66  1200  -164  0  0  0.0401  33.55
2024 284 19  0   -1.97   20.80    0.77  -774.0    26.6   -21.6  24.86 1415233. 30.71  1608  -191  0  0  0.0442  28.90
2024 284 19  5   -8.59   33.86   -0.20  -704.4   -28.9   -19.4  20.94 1628498. 20.76  1096  -208  0  0  0.0198  20.17
2024 284 19 10  -17.14   28.32   -8.86  -677.7   -29.3   -11.2  21.42 1658522. 19.75  1482  -218  0  0  0.0066  19.10
2024 284 19 15  -14.07   23.77  -10.37  -697.3   -43.4    -8.5  22.59 1341606. 22.10  1901  -211  0  0 -0.0050  21.36
2024 284 19 20  -16.01   22.54  -12.98  -702.9   -20.5    -8.4  19.83 1173675. 19.68  1857  -205  0  0  0.0021  19.00
2024 284 19 25  -19.75   18.53  -16.14  -684.2   -19.2     5.4  19.78  907634. 18.60  1933  -197  0  0 -0.0189  17.95
2024 284 19 30  -18.89   12.46  -19.61  -673.9   -12.1    29.5  20.29  971993. 18.47  1892  -194  0  0 -0.0528  17.89
2024 284 19 35  -18.67   23.61  -13.02  -674.6   -24.4    10.7  19.24 1653736. 17.52  1446  -194  0  0 -0.0334  16.99
2024 284 19 40  -23.17   13.12  -17.06  -673.4    47.4     5.7  20.95 1078246. 19.10  1261  -190  0  0  0.0004  18.49
2024 284 19 45  -23.99   13.61  -14.89  -673.1    51.9     7.9  22.45 1440782. 20.51  1099  -195  0  0 -0.0036  19.82
2024 284 19 50  -23.36   11.72  -11.81  -688.8    35.4    34.1  24.35 1446105. 23.22  1075  -197  0  0 -0.0495  22.49
2024 284 19 55  -25.96    7.77  -15.92  -686.2    29.9    40.3  25.67 1595612. 24.30   782  -198  0  0 -0.0633  23.54
2024 284 20  0  -23.27    4.62  -16.34  -683.8    39.1    17.0  23.47 1483394. 22.05   703  -204  0  0 -0.0299  21.34
2024 284 20  5  -18.61  -13.52  -18.74  -667.1    37.6    21.9  24.64  974955. 22.01   677  -203  0  0 -0.0406  21.33
2024 284 20 10  -16.85    6.23  -20.14  -645.5    48.2    48.5  28.24 1100370. 23.85   512  -191  0  0 -0.0793  23.05
2024 284 20 15  -17.11    7.71  -23.79  -649.4    -4.6    58.5  31.76 1034192. 27.04   620  -200  0  0 -0.1180  26.16
2024 284 20 20  -21.29   -1.34  -23.81  -646.2    35.6    61.0  28.46  702452. 24.05  1420  -207  0  0 -0.1089  23.29
2024 284 20 25  -21.17   -2.88  -21.52  -662.6    53.1    37.0  27.63  770049. 24.55   755  -207  0  0 -0.0685  23.72
2024 284 20 30  -20.19    5.33  -17.96  -673.8    -6.6    29.3  31.43 1041828. 28.61   678  -205  0  0 -0.0826  27.69
2024 284 20 35   -4.87   20.33  -20.24  -677.8   -16.1    26.3  29.01  880897. 26.71   901  -206  0  0 -0.0845  25.87
2024 284 20 40   -7.88    6.34  -14.97  -668.0     1.4    26.9  31.93  899903. 28.55   838  -206  0  0 -0.0825  27.64
2024 284 20 45  -12.63  -10.64  -20.97  -662.4    29.5    45.3  34.96  770814. 30.87   766  -201  0  0 -0.1021  29.91
2024 284 20 50   -9.94  -19.53   -7.23  -663.6    46.5    40.2  37.51  704074. 33.33   897  -194  0  0 -0.0914  32.27
2024 284 20 55   -9.84    6.08  -20.30  -669.1    31.5    42.7  41.18  817100. 37.12   860  -191  0  0 -0.1035  35.94
2024 284 21  0  -11.20    3.29  -21.35  -670.1    28.1    28.8  40.80  760210. 36.78  1110  -194  0  0 -0.0879  35.61
2024 284 21  5   -9.80   10.59  -12.48  -665.0    11.2    12.1  37.92  849397. 33.66  1361  -201  0  0 -0.0732  32.50
2024 284 21 10   -7.20   14.44   -5.73  -659.4   -11.3    24.2  35.85  800452. 31.23  1463  -205  0  0 -0.1026  30.24
2024 284 21 15   -6.44   16.35   -5.51  -669.1   -16.5    18.7  34.94  736591. 31.34  1449  -202  0  0 -0.0991  30.34
2024 284 21 20   -8.42   13.78   -6.50  -648.7    -7.3    28.6  32.35  777024. 27.29  1798  -209  0  0 -0.1149  26.42
2024 284 21 25   -7.86   15.91   -9.11  -659.3   -50.7    26.1  31.61  741810. 27.72  1597  -214  0  0 -0.1290  26.81
2024 284 21 30   -6.65   18.86   -8.61  -637.7    -4.7    49.0  31.28  777641. 25.61  1215  -222  0  0 -0.1523  24.79
2024 284 21 35   -6.68   16.22   -9.30  -623.3     2.3    66.3  32.70  836524. 25.68  1095  -228  0  0 -0.1815  24.89
2024 284 21 40   -2.79    9.80   -3.90  -626.5    -8.0    68.9  36.84 1032050. 29.30  1244  -231  0  0 -0.1922  28.35
2024 284 21 45   -0.78   16.94   -4.80  -665.3   -20.9    49.5  35.87 1025314. 31.96  1012  -233  0  0 -0.1656  30.95
2024 284 21 50    2.14   23.11   -8.77  -696.6   -37.9     9.4  33.92  941500. 33.02   910  -229  0  0 -0.1151  31.98
2024 284 21 55    1.61   26.38   -6.52  -698.8   -34.4    -1.5  31.77  944830. 31.12  1100  -229  0  0 -0.1021  30.12
2024 284 22  0    3.33   27.73  -16.91  -699.3   -21.7     2.7  21.48  838391. 21.06  1266  -244  0  0 -0.1072  20.37
2024 284 22  5    2.00   24.47  -16.93  -709.8   -21.5   -27.6  19.23  818598. 19.73  1425  -250  0  0 -0.0689  18.81
2024 284 22 10    1.35   31.60  -15.83  -703.5   -38.9  -106.0  20.44  852769. 20.82  1397  -240  0  0  0.0298  20.10
2024 284 22 15    3.57   28.90   -4.99  -708.6   -16.1   -63.3  23.10  854322. 23.48  1009  -241  0  0 -0.0252  22.66
2024 284 22 20    4.00   29.36   14.93  -710.7    36.7   -76.3  19.42  872543. 19.90  1176  -244  0  0  0.0055  19.27
2024 284 22 25    1.83   32.73  -13.08  -714.7     5.3   -75.3  18.01  842313. 18.61  1124  -250  0  0 -0.0099  18.02
2024 284 22 30   -2.75    2.88  -39.61  -708.2    35.2    -7.3  20.45  404211. 20.49  1033  -257  0  0 -0.0958  19.92
2024 284 22 35   -2.77   -8.25  -44.40  -691.0    34.4    50.1  21.99  170851. 21.16  1437  -218  0  0 -0.1796  20.50
2024 284 22 40   -0.74  -11.00  -46.32  -682.8     7.4    40.1   4.60  164212.  4.30   998  -217  0  0 -0.1789   4.17
2024 284 22 45   -4.70   -8.96  -44.42  -697.5    12.2    55.7   4.33  199964.  4.25   894  -228  0  0 -0.2013   4.11
2024 284 22 50   -3.41  -10.35  -44.13  -684.1    -3.8    58.4   4.78  277148.  4.51   702  -247  0  0 -0.2154   4.36
2024 284 22 55   -1.83  -10.53  -45.02  -665.2    13.1    24.3   3.33  166018.  2.95   510  -272  0  0 -0.1658   2.86
2024 284 23  0    3.16   -9.56  -45.19  -631.5    -1.0    39.3   3.67  239439.  2.94   506  -283  0  0 -0.1991   2.85
2024 284 23  5    2.98   -9.72  -44.73  -640.7   -11.3    30.4   4.14  194158.  3.41   496  -294  0  0 -0.1919   3.30
2024 284 23 10    4.44   -9.64  -44.37  -642.9   -16.0    35.4   3.95  167008.  3.28   494  -341  0  0 -0.2044   3.17
2024 284 23 15    6.79   -7.25  -42.16  -666.0   -30.7    78.3   8.68  127221.  7.89   542  -318  0  0 -0.2730   7.58
2024 284 23 20    9.24  -10.96  -40.07  -691.9   -41.8    93.0  10.43  101533. 10.21   505  -285  0  0 -0.2957   9.88
2024 284 23 25    9.04   -9.01  -40.92  -688.9   -33.9    90.2   9.47  104172.  9.17   696  -269  0  0 -0.2934   8.88
2024 284 23 30    8.13  -11.74  -40.41  -692.4   -29.8    63.8   8.97   89065.  8.69   908  -251  0  0 -0.2582   8.42
2024 284 23 35    9.64  -15.27  -38.68  -689.6   -26.4    78.0   8.00  112171.  7.71   760  -248  0  0 -0.2808   7.47
2024 284 23 40   10.68  -12.68  -39.68  -688.6   -23.8    70.8   5.89  135990.  5.67   661  -257  0  0 -0.2735   5.47
2024 284 23 45    9.98   -6.84  -41.70  -691.5   -22.3    60.3   4.37  150449.  4.22   497  -279  0  0 -0.2613   4.08
2024 284 23 50    9.05   -6.52  -41.99  -686.6   -22.6    35.8   2.66  144948.  2.52   451  -291  0  0 -0.2309   2.44
2024 284 23 55   10.39   -6.66  -41.36  -704.1   -49.1    42.6   1.86  141089.  1.86   457  -296  0  0 -0.2506   1.80
2024 285  0  0   10.83   -6.30  -40.76  -715.1   -38.1    46.3   1.95  169682.  2.01   504  -299  0  0 -0.2544   1.95
2024 285  0  5   12.66   -5.26  -39.79  -705.9   -40.3    57.0   2.61  188388.  2.63   532  -298  0  0 -0.2741   2.54
2024 285  0 10   13.35   -5.21  -39.33  -704.0   -35.0    56.1   2.62  177487.  2.61   595  -297  0  0 -0.2747   2.54
2024 285  0 15   12.29   -5.04  -39.58  -713.9   -33.3    46.2   2.42  145337.  2.48   721  -296  0  0 -0.2628   2.40
2024 285  0 20   13.85   -5.04  -38.89  -706.6   -36.3    70.0   2.77  161865.  2.80   698  -299  0  0 -0.3003   2.71
2024 285  0 25   14.24   -3.30  -38.77  -704.6   -30.2    72.2   2.93  211968.  2.95   693  -299  0  0 -0.3048   2.85
2024 285  0 30   14.37   -6.34  -37.48  -699.9   -18.4    64.3   5.64  186932.  5.58   820  -298  0  0 -0.2938   5.40
2024 285  0 35   12.35   -5.87  -34.96  -693.6   -50.5    49.4  12.58  204280. 12.27  1233  -297  0  0 -0.2880  11.84
2024 285  0 40    9.31   -0.77  -36.94  -707.4   -11.0    35.9  11.61  222650. 11.64  1357  -303  0  0 -0.2577  11.29
2024 285  0 45    7.71   -0.86  -37.11  -696.1   -21.4    26.6  10.48  224966. 10.17  1068  -314  0  0 -0.2524   9.86
2024 285  0 50    6.37   -2.72  -36.77  -696.0    -0.2    29.8  10.19  177429.  9.88  1095  -325  0  0 -0.2523   9.58
2024 285  0 55    6.94  -17.62  -32.60  -695.1    -8.4    45.4   8.46  195773.  8.21  1155  -329  0  0 -0.2799   7.95
2024 285  1  0    6.48  -27.88  -25.61  -696.2    -7.3    34.1   6.52  201727.  6.33  1134  -333  0  0 -0.2667   6.14
2024 285  1  5    6.58  -26.95  -25.48  -695.2    12.4    33.1   6.93  181774.  6.72   924  -336  0  0 -0.2608   6.50
2024 285  1 10    5.24  -26.83  -25.06  -692.0    19.9    38.5   8.21  165932.  7.89   790  -330  0  0 -0.2684   7.65
2024 285  1 15    8.04  -25.61  -24.73  -682.4    17.7    31.3   9.60  127576.  8.97   764  -330  0  0 -0.2625   8.68
2024 285  1 20    8.40  -25.18  -25.39  -679.1    24.3    36.8   9.99  152999.  9.26   732  -335  0  0 -0.2704   8.96
2024 285  1 25   10.42  -22.82  -26.81  -674.9    31.1    42.4   9.63  148336.  8.83  1202  -334  0  0 -0.2784   8.55
2024 285  1 30   12.14  -18.45  -28.52  -677.2    25.5    68.9  12.34  127771. 11.49   924  -330  0  0 -0.3203  11.09
2024 285  1 35   11.39  -21.82  -26.42  -673.3    15.7    54.5  10.64  121872.  9.73   505  -333  0  0 -0.3070   9.41
2024 285  1 40   11.73  -18.19  -28.87  -667.6    11.0    45.5   8.58  172162.  7.69   376  -339  0  0 -0.2992   7.44
2024 285  1 45   12.27  -18.74  -27.82  -661.9    15.2    53.7   8.85  176357.  7.81   629  -343  0  0 -0.3121   7.56
2024 285  1 50   13.08  -18.90  -26.93  -665.4    20.1    54.7   9.23  195171.  8.24   478  -335  0  0 -0.3133   7.98
2024 285  1 55   12.62  -18.49  -27.62  -658.3     4.7    59.4   8.39  168448.  7.34   450  -329  0  0 -0.3298   7.10
2024 285  2  0   13.44  -19.12  -25.94  -653.6    10.4    58.4   8.43  191361.  7.27   545  -321  0  0 -0.3287   7.03
2024 285  2  5   11.48  -18.38  -27.31  -659.3    -8.9    62.1   7.67  233926.  6.73   439  -312  0  0 -0.3440   6.52
2024 285  2 10   13.23  -20.14  -24.52  -649.1   -30.8    88.4   7.01  237568.  6.03   418  -314  0  0 -0.3954   5.84
2024 285  2 15   14.07  -19.09  -25.30  -652.7    -3.0    87.2   6.74  275841.  5.85   384  -282  0  0 -0.3827   5.66
2024 285  2 20   13.61  -14.83  -28.40  -659.2    17.0    75.0   5.44  281007.  4.77   336  -300  0  0 -0.3568   4.64
2024 285  2 25   10.89  -17.92  -28.11  -665.8   -17.9    61.0   3.10  272056.  2.78   569  -293  0  0 -0.3537   2.69
2024 285  2 30    8.05  -19.17  -27.45  -688.3   -34.7    54.2   4.01  357636.  3.84   668  -278  0  0 -0.3503   3.71
2024 285  2 35    8.94  -18.08  -27.69  -689.3   -49.0    48.2   4.25  384207.  4.08   583  -270  0  0 -0.3498   3.95
2024 285  2 40   10.69  -15.69  -28.99  -683.7   -40.8    36.4   3.43  310803.  3.22   684  -277  0  0 -0.3326   3.13
2024 285  2 45   11.30  -14.62  -29.33  -677.1   -21.6    32.1   2.74  344003.  2.52  1168  -285  0  0 -0.3207   2.44
2024 285  2 50   14.25  -13.23  -28.54  -666.9    -3.7    47.4   3.45  209507.  3.08  1088  -282  0  0 -0.3367   2.99
2024 285  2 55   13.66  -13.54  -28.37  -660.0    12.2    54.2   3.68  227378.  3.23  1102  -276  0  0 -0.3409   3.13
2024 285  3  0   14.91  -12.58  -28.08  -656.6    20.9    64.8   3.48  243831.  3.04  1172  -277  0 -1 -0.3533   2.94
2024 285  3  5   15.30  -12.72  -27.39  -653.3    29.6    75.4   3.28  260284.  2.84   960  -279  0  0 -0.3655   2.75
2024 285  3 10   14.27  -13.49  -27.60  -644.7    18.2    52.5   3.18  156949.  2.66   878  -278  0  0 -0.3409   2.58
2024 285  3 15   15.71  -13.28  -27.05  -634.9    16.2    62.5   3.89  205633.  3.17   787  -277  0  0 -0.3588   3.07
2024 285  3 20   13.02  -13.10  -28.54  -646.4    12.9    25.3   3.30  199286.  2.76   683  -281  0  0 -0.3063   2.68
2024 285  3 25   14.12  -12.95  -28.13  -641.6    23.1    31.2   3.47  205722.  2.87   848  -286  0  0 -0.3108   2.78
2024 285  3 30   12.99  -13.42  -28.47  -638.4    22.9    36.4   3.54  197904.  2.90  1071  -285  0  0 -0.3196   2.81
2024 285  3 35   13.79  -13.18  -28.35  -643.6    26.9    43.3   3.95  304209.  3.30  1002  -281  0  0 -0.3278   3.19
2024 285  3 40   13.15  -12.76  -28.70  -629.9    53.0    26.9   3.45  328033.  2.78   905  -280  0  0 -0.2904   2.68
2024 285  3 45   16.25  -12.68  -26.99  -631.2    31.1    54.1   3.90  300080.  3.14   946  -281  0  0 -0.3435   3.04
2024 285  3 50   15.38  -13.45  -27.00  -625.5    26.9    40.0   3.34  217620.  2.63  1021  -282  0  0 -0.3263   2.55
2024 285  3 55   14.51  -13.70  -27.23  -619.5     3.4    41.0   3.54  285885.  2.73  1021  -283  0  0 -0.3425   2.64
2024 285  4  0   14.23  -12.56  -28.01  -622.5    27.9    43.1   3.27  191107.  2.55   950  -282  0  0 -0.3314   2.47
2024 285  4  5   14.22  -11.89  -28.30  -610.5     8.1    39.7   3.08  186749.  2.30   549  -281  0  0 -0.3396   2.23
2024 285  4 10   13.30  -11.26  -29.09  -613.3    11.3    37.2   3.70  232088.  2.80   854  -282  0  0 -0.3340   2.71
2024 285  4 15   14.70  -10.63  -28.45  -618.7    28.5    73.9   3.99  201832.  3.11   672  -281  0  0 -0.3775   3.01
2024 285  4 20   17.36  -10.15  -27.44  -614.9    13.4    86.5   4.01  210241.  3.10   536  -275  0  0 -0.4062   3.00
2024 285  4 25   17.32  -10.01  -27.62  -613.8    12.1    89.5   3.95  170350.  3.04   453  -271  0  0 -0.4116   2.94
2024 285  4 30   17.38  -10.26  -27.61  -614.9    16.9    86.5   3.45  155598.  2.66   320  -265  0  0 -0.4038   2.58
2024 285  4 35   18.15   -9.66  -26.67  -617.7    12.7    78.7   3.45  224640.  2.67   415  -260  0  0 -0.3945   2.59
2024 285  4 40   17.74   -9.45  -27.11  -620.3    16.2    76.2   3.58  232617.  2.79  1261  -258  0  0 -0.3879   2.71
2024 285  4 45   18.07   -9.03  -27.01  -616.4    14.2    78.4   3.58  225802.  2.77  1289  -255  0  0 -0.3927   2.68
2024 285  4 50   18.99   -7.52  -26.54  -618.8    15.7    70.4   4.00  244439.  3.10  1283  -254  0  0 -0.3793   3.01
2024 285  4 55   20.21   -9.65  -24.82  -628.9    18.7    80.6   4.17  218470.  3.35   837  -257  0  0 -0.3899   3.25
2024 285  5  0   20.50   -8.64  -25.23  -621.4     3.4    70.5   3.70  231783.  2.90   534  -257  0  0 -0.3862   2.80
2024 285  5  5   20.51   -9.67  -24.85  -625.3   -16.3    68.7   3.58  215310.  2.83   539  -258  0  0 -0.3953   2.75
2024 285  5 10   20.36  -10.01  -25.01  -635.5   -22.1    59.5   2.85  346445.  2.32   595  -259  0  0 -0.3836   2.25
2024 285  5 15   20.19   -7.63  -25.53  -635.2   -24.3    55.9   2.86  321830.  2.34   408  -256  0  0 -0.3793   2.26
2024 285  5 20   19.91   -9.69  -24.95  -634.3     0.7    46.1   2.93  329921.  2.37   410  -253  0  0 -0.3487   2.30
2024 285  5 25   19.31  -10.97  -24.62  -630.2     0.0    42.4   3.72  269593.  2.96   522  -251  0  0 -0.3435   2.87
2024 285  5 30   18.68  -14.11  -23.58  -639.0    -8.3    35.9   3.11  343237.  2.54   923  -251  0  0 -0.3381   2.47
2024 285  5 35   18.46  -16.24  -22.31  -638.3   -26.0    46.7   2.62  340196.  2.15   882  -255  0  0 -0.3641   2.08
2024 285  5 40   17.72  -15.08  -23.45  -646.4   -43.6    39.2   2.45  334135.  2.06   789  -260  0  0 -0.3629   2.00
2024 285  5 45   17.69  -14.09  -23.59  -661.9   -55.1    45.3   2.23  377935.  1.97   706  -266  0  0 -0.3755   1.91
2024 285  5 50   19.71  -12.10  -22.43  -649.5   -27.5    52.0   2.39  385363.  2.03   513  -270  0  0 -0.3681   1.97
2024 285  5 55   20.06  -10.15  -19.68  -675.4   -40.6    56.4   3.47  415447.  3.22   838  -270  0  0 -0.3776   3.10
2024 285  6  0    6.38  -21.07  -18.37  -699.7   -72.7    59.6   6.33  411523.  6.31   919  -264  0  0 -0.3961   6.11
2024 285  6  5    6.81  -19.21  -15.11  -705.0   -89.2    25.2   6.38  516909.  6.46  1000  -256  0  0 -0.3596   6.25
2024 285  6 10    6.08  -18.45  -14.84  -687.7   -67.0    65.0   7.49  444842.  7.21  1176  -258  0  0 -0.3995   6.99
2024 285  6 15    6.46  -16.91  -14.15  -681.5   -69.1    61.0   8.12  649019.  7.68   955  -272  0  0 -0.3954   7.44
2024 285  6 20    6.20  -19.50  -15.03  -721.0   -71.8    68.0   6.31  446795.  6.69  1049  -280  0  0 -0.3976   6.47
2024 285  6 25   15.61  -16.53  -17.53  -721.3   -74.1    64.8   5.24  317800.  5.58  1023  -286  0  0 -0.3936   5.38
2024 285  6 30   20.75   -9.79  -18.56  -680.8   -54.9    36.4   4.64  176445.  4.34   936  -284  0  0 -0.3502   4.20
2024 285  6 35   20.10   -9.80  -18.13  -690.9   -79.2    25.7   3.85  200440.  3.75   905  -282  0  0 -0.3487   3.61
2024 285  6 40   17.42  -13.42  -17.85  -718.4  -122.0    20.6   5.44  106082.  5.81   869  -274  0  0 -0.3625   5.60
2024 285  6 45    0.84  -23.84  -17.07  -785.7  -113.8    56.8   3.78  177406.  4.77   940  -273  0  0 -0.3896   4.64
2024 285  6 50   -1.40  -26.66  -15.10  -798.3  -110.9    82.8   2.96  248166.  3.85  1019  -276  0  0 -0.4133   3.76
2024 285  6 55    4.91  -25.27  -15.76  -785.8  -109.2    68.2   1.99  270924.  2.51   936  -277  0  0 -0.3967   2.44
2024 285  7  0    6.90  -24.32  -16.21  -761.8  -113.9    76.1   2.55  326094.  3.05   988  -280  0  0 -0.4109   2.96
2024 285  7  5    7.82  -22.13  -18.57  -731.9  -115.2    20.2   2.62  159476.  2.88  1150  -278  0  0 -0.3486   2.79
2024 285  7 10    9.93  -20.52  -17.36  -723.3  -101.7    23.0   4.19  270571.  4.48  1011  -271  0  0 -0.3434   4.33
2024 285  7 15   10.29  -19.39  -17.29  -709.0   -76.6     7.1   7.51  103371.  7.60   859  -267  0  0 -0.3079   7.40
2024 285  7 20    9.13  -21.00  -17.24  -724.3  -114.8     8.8   5.09  126432.  5.47   592  -267  0  0 -0.3299   5.30
2024 285  7 25   12.51  -19.74  -17.03  -709.4   -64.0    11.8   5.58  164964.  5.67   579  -262  0  0 -0.3015   5.49
2024 285  7 30   16.53  -15.41  -17.86  -717.4   -83.1    28.4   5.54   93990.  5.82   549  -252  0  0 -0.3312   5.61
2024 285  7 35   21.23   -7.14  -19.03  -718.3   -41.4    33.4   5.76   84808.  5.97   467  -250  0  0 -0.3080   5.79
2024 285  7 40   23.36   -5.24  -17.53  -719.5   -32.5    34.4   5.31   89490.  5.52   509  -248  0  0 -0.3008   5.35
2024 285  7 45   24.62   -5.36  -15.07  -696.2   -51.7    54.5   5.80  122077.  5.69   545  -238  0  0 -0.3387   5.51
2024 285  7 50   23.46   -4.01  -16.46  -700.5    -2.7    59.6   7.75  109507.  7.67   946  -233  0  0 -0.3077   7.42
2024 285  7 55   20.15   -0.98  -19.78  -691.6   -69.0    62.2   7.15   82992.  6.97  1047  -229  0  0 -0.3558   6.74
2024 285  8  0   20.85    0.92  -18.30  -683.8   -64.7    75.7   7.24   83834.  6.91  1716  -227  0  0 -0.3686   6.70
2024 285  8  5   19.61    0.47  -19.29  -698.1   -56.6    61.7   6.25   73411.  6.19  2063  -234  0  0 -0.3403   5.98
2024 285  8 10   18.64    0.25  -19.74  -708.6   -50.9    41.9   6.68   54959.  6.77  2496  -243  0  0 -0.3078   6.55
2024 285  8 15   17.47   -1.72  -20.17  -702.1   -53.8    27.5   5.36   54922.  5.33  2674  -247  0  0 -0.2901   5.16
2024 285  8 20   18.34   -1.81  -18.59  -700.7   -53.0    28.7   4.54   59993.  4.49  1940  -241  0  0 -0.2884   4.35
2024 285  8 25   19.56   -1.11  -16.51  -684.9   -58.6    44.9   4.84   68939.  4.60  1332  -237  0  0 -0.3117   4.45
2024 285  8 30   19.61   -2.31  -15.94  -678.8   -63.4    42.6   5.45   77482.  5.09  1257  -243  0  0 -0.3102   4.93
2024 285  8 35   18.46   -3.14  -16.94  -685.6   -67.3    46.3   5.11   84410.  4.87  1128  -249  0  0 -0.3137   4.72
2024 285  8 40   18.49   -5.44  -16.62  -689.4   -74.1    51.0   3.95   69860.  3.82  1166  -252  0  0 -0.3208   3.70
2024 285  8 45   17.75   -5.68  -16.93  -694.7   -74.5    58.0   3.83   67938.  3.76  1009  -259  0  0 -0.3259   3.65
2024 285  8 50   16.48   -5.45  -17.08  -699.3   -73.8    55.9   4.03   61258.  4.01  1021  -262  0  0 -0.3190   3.88
2024 285  8 55   16.43   -3.16  -16.96  -707.0   -83.1    39.9   4.58   57241.  4.66   851  -262  0  0 -0.3017   4.51
2024 285  9  0   15.94   -2.84  -15.71  -716.8   -88.6    63.1   6.29   87577.  6.62  1024  -261  0  0 -0.3286   6.40
2024 285  9  5   15.41   -3.75  -16.13  -709.9   -84.5    80.0   7.01   77313.  7.25  1252  -255  0  0 -0.3441   7.03
2024 285  9 10   14.27   -3.96  -17.12  -700.0   -86.6    86.7   7.25   79026.  7.32  1242  -253  0  0 -0.3526   7.09
2024 285  9 15   11.98   -3.10  -18.85  -684.5   -88.6    84.4   7.10   89697.  6.87  1515  -256  0  0 -0.3518   6.65
2024 285  9 20   11.23   -2.86  -19.01  -673.1   -81.5    92.1   6.64   86508.  6.22  1270  -255  0  0 -0.3558   6.02
2024 285  9 25   12.11   -2.21  -18.47  -661.6   -87.8   103.8   6.72   76217.  6.14  1369  -253  0  0 -0.3749   5.94
2024 285  9 30   12.40   -2.52  -17.79  -651.3   -90.9   103.3   7.01   68702.  6.20  1164  -256  0  0 -0.3764   6.02
2024 285  9 35    5.72   -7.38  -16.70  -626.4   -71.1   118.4   9.87   97552.  8.12   971  -260  0  0 -0.3852   7.87
2024 285  9 40   19.23    1.26   -6.61  -681.8   -73.7    68.7   7.49   81160.  7.12   727  -266  0  0 -0.3059   6.89
2024 285  9 45   21.79    3.13   -1.48  -705.7   -59.8     4.4   8.63   54918.  8.67   820  -269  0  0 -0.2104   8.39
2024 285  9 50   20.72    4.55   -1.44  -693.0   -75.0     0.2   8.10   56978.  7.87  1166  -269  0  0 -0.2138   7.62
2024 285  9 55   20.00    3.97    3.36  -687.8   -63.3   -26.3   7.60   62130.  7.27   988  -268  0  0 -0.1693   7.03
2024 285 10  0   19.55    4.43   -0.97  -709.6   -52.2   -56.2   7.92   61456.  8.24  1068  -269  0  0 -0.1215   7.81
2024 285 10  5   19.44    6.31   -4.39  -736.1   -60.2   -59.7  10.72   58399. 11.76  1080  -263  0  0 -0.1207  11.40
2024 285 10 10   18.80    6.11   -5.98  -727.4   -74.0   -61.2  10.50   63148. 11.31   787  -255  0  0 -0.1248  10.95
2024 285 10 15   20.93    3.77   -2.71  -730.3   -70.7   -54.1  10.00   78737. 10.82   750  -240  0  0 -0.1276  10.48
2024 285 10 20   21.48    3.15   -4.10  -728.6   -77.9   -59.3  10.71   72872. 11.57   640  -221  0  0 -0.1230  11.21
2024 285 10 25   21.23    5.31   -3.46  -723.2   -80.9   -48.5   9.77   67628. 10.39   756  -217  0  0 -0.1344  10.07
2024 285 10 30   20.86    4.19   -4.06  -722.3   -81.0   -42.2  10.24   70157. 10.86   719  -209  0  0 -0.1384  10.51
2024 285 10 35   17.04   -0.46   -2.25  -730.0   -57.9   -31.7   7.52   56435.  8.04   902  -208  0  0 -0.1311   7.83
2024 285 10 40   14.00   -2.09   -1.40  -731.7   -56.1   -24.9   6.44   39619.  6.94   567  -198  0  0 -0.1344   6.73
2024 285 10 45   11.33   -3.75    0.38  -749.0   -18.9   -29.2   5.90   21906.  6.65   548  -204  0  0 -0.1001   6.43
2024 285 10 50   10.92   -3.71    0.39  -753.3   -18.6   -30.3   7.12   23020.  8.11   541  -220  0  0 -0.0953   7.84
2024 285 10 55   10.75   -4.07    0.38  -752.5   -20.4   -30.3   6.56   24051.  7.44   558  -222  0  0 -0.0931   7.21
2024 285 11  0   10.74   -3.32    0.29  -748.6    -6.1   -22.6   6.35   21502.  7.12   512  -221  0  0 -0.0884   6.90
2024 285 11  5   10.82   -2.71    0.64  -749.2    -5.9   -21.8   5.69   25024.  6.40   389  -213  0  0 -0.0857   6.19
2024 285 11 10   10.83   -2.42    1.10  -747.9     2.6   -18.3   6.53   21877.  7.31   442  -211  0  0 -0.0804   7.08
2024 285 11 15   11.18   -1.70    0.84  -747.5     2.8   -17.6   6.15   20081.  6.88   418  -209  0  0 -0.0776   6.66
2024 285 11 20   10.51   -0.31    3.00  -742.0   -15.3    -6.2   5.34   31572.  5.89   327  -210  0  0 -0.0998   5.70
2024 285 11 25    9.99    1.04    4.14  -749.1   -10.0     4.6   4.86   31595.  5.46   245  -208  0  0 -0.1051   5.28
2024 285 11 30   10.72    0.88    2.35  -743.1   -10.7     5.6   5.98   22880.  6.60   205  -210  0  0 -0.1034   6.40
2024 285 11 35   10.42    1.45    2.94  -742.7   -15.2    15.8   6.10   22004.  6.74   263  -210  0  0 -0.1150   6.52
2024 285 11 40   10.65    1.98    1.92  -729.1     0.7    -4.2   3.94   20890.  4.19   212  -208  0  0 -0.0774   4.06
2024 285 11 45   10.29    2.55    1.94  -725.7    -3.0   -12.0   3.62   19144.  3.81   267  -200  0  0 -0.0675   3.69
2024 285 11 50    9.89    2.73    2.61  -721.3     9.3    -1.2   5.11   19807.  5.32   319  -191  0  0 -0.0682   5.15
2024 285 11 55    9.74    2.86    2.87  -720.3    15.3     1.4   4.59   17557.  4.77   372  -190  0  0 -0.0637   4.61
2024 285 12  0    9.69    2.45    3.06  -722.6     6.6     0.1   4.57   18547.  4.78   150  -187  0  0 -0.0652   4.62
2024 285 12  5    9.85    2.70    2.61  -719.8    11.5    -1.3   4.50   18482.  4.66   228  -190  0  0 -0.0568   4.52
2024 285 12 10    9.62    2.41    3.64  -720.7    13.6     1.4   4.12   19204.  4.28   255  -193  0  0 -0.0554   4.15
2024 285 12 15    9.22    3.31    2.87  -723.3     9.7     6.9   2.97   32129.  3.11   331  -194  0  0 -0.0616   3.01
2024 285 12 20    9.09    3.03    2.51  -730.8    -3.3    -1.5   3.11   36636.  3.33   337  -192  0  0 -0.0577   3.22
2024 285 12 25    6.39    0.22   -5.46  -753.3    -9.7    -6.9   3.35   35967.  3.83   359  -188  0  0 -0.0527   3.68
2024 285 12 30    4.66   -0.48   -9.01  -771.3   -15.5    -7.8   3.95   41637.  4.71   546  -181  0  0 -0.0525   4.55
2024 285 12 35    7.99    0.77   -5.95  -750.4    -9.7     2.5   4.23   48442.  4.77   694  -181  0  0 -0.0575   4.61
2024 285 12 40    8.61    0.02   -5.36  -743.1   -17.2     3.0   3.76   53331.  4.16   631  -182  0  0 -0.0602   4.02
2024 285 12 45    8.38    0.92   -5.41  -741.5   -14.5    -3.2   3.78   53268.  4.17   581  -186  0  0 -0.0482   4.03
2024 285 12 50    8.46    1.10   -5.02  -744.0    -1.9     3.0   3.78   52322.  4.19   669  -189  0  0 -0.0440   4.05
2024 285 12 55    8.63    0.71   -4.77  -741.8    -7.7    -5.0   3.77   50878.  4.16   523  -192  0  0 -0.0358   4.02
2024 285 13  0    9.18    1.10   -3.44  -735.3   -21.3     8.7   4.40   48548.  4.76   458  -194  0  0 -0.0583   4.61
2024 285 13  5    8.59    1.99   -3.76  -738.5   -14.9    11.3   4.58   52980.  5.01   475  -194  0  0 -0.0541   4.84
2024 285 13 10    9.16    1.78   -2.26  -735.8   -16.2     4.5   4.15   72618.  4.51   425  -192  0  0 -0.0443   4.35
2024 285 13 15    7.14    0.51   -5.97  -735.0   -15.7     0.3   4.35   61405.  4.71   390  -192  0  0 -0.0363   4.55
2024 285 13 20    7.49    1.26   -5.45  -735.8   -11.3    14.2   4.88   47380.  5.28   747  -194  0  0 -0.0472   5.12
2024 285 13 25    8.15    1.80   -4.46  -729.0   -11.1    20.7   5.05   58839.  5.38  1403  -194  0  0 -0.0525   5.20
2024 285 13 30    7.91    2.92   -2.97  -723.7    -5.8    21.4   6.17   54874.  6.46  1535  -194  0  0 -0.0475   6.27
2024 285 13 35    8.03    3.38   -1.48  -719.7    -6.0    29.9   6.78   54235.  7.04  1627  -192  0  0 -0.0557   6.81
2024 285 13 40    8.08    3.86   -0.89  -718.7     0.3    28.4   7.57   61421.  7.83  1990  -190  0  0 -0.0473   7.59
2024 285 13 45    8.36    3.19   -0.15  -721.1     0.1    25.3   9.11   50900.  9.48  2069  -184  0  0 -0.0413   9.19
2024 285 13 50    8.60    3.57    1.08  -718.8     2.9    29.5   8.73   49141.  9.04  1771  -179  0  0 -0.0424   8.75
2024 285 13 55    8.69    3.33    1.51  -715.4     8.4    21.0   7.41   42981.  7.59  1357  -177  0  0 -0.0263   7.35
2024 285 14  0    8.23    4.56   -0.42  -717.0     1.1    32.2   7.02   59461.  7.23   930  -175  0  0 -0.0427   7.00
2024 285 14  5    7.64    5.94   -2.09  -723.1     6.8    33.0   5.45   59108.  5.71   901  -175  0  0 -0.0375   5.53
2024 285 14 10    8.00    5.31   -1.28  -718.0     0.8    31.0   5.83   53658.  6.02   929  -173  0  0 -0.0372   5.83
2024 285 14 15    8.62    4.51   -0.04  -713.9    -1.3    34.8   5.52   55712.  5.65   853  -170  0  0 -0.0416   5.46
2024 285 14 20    8.48    4.87    1.03  -713.5    -1.4    36.9   5.57   52056.  5.69   778  -167  0  0 -0.0424   5.51
2024 285 14 25    8.51    4.98    0.66  -712.1     0.1    35.8   5.18   55889.  5.27   895  -167  0  0 -0.0383   5.10
2024 285 14 30    8.44    5.24    1.68  -716.0    -1.7    41.5   4.89   50714.  5.03   866  -166  0  0 -0.0445   4.87
2024 285 14 35    8.91    3.75    2.56  -711.9   -14.8    34.2   4.83   54224.  4.91   674  -166  0  0 -0.0423   4.75
2024 285 14 40    8.47    4.67    2.95  -714.3   -17.6    36.2   4.66   45307.  4.77   593  -164  0  0 -0.0447   4.62
2024 285 14 45    8.59    4.29    3.32  -708.7   -21.1    30.5   3.95   59894.  3.99   639  -163  0  0 -0.0386   3.85
2024 285 14 50    8.88    4.53    2.37  -696.4    -9.6    31.2   2.77   71737.  2.69   635  -162  0  0 -0.0315   2.61
2024 285 14 55    8.47    4.60    3.31  -692.3    -7.7    30.9   4.85   57316.  4.66   508  -160  0  0 -0.0287   4.51
2024 285 15  0    8.46    4.81    3.06  -685.8    -8.5    31.9   4.92   57654.  4.64   316  -155  0  0 -0.0295   4.49
2024 285 15  5    8.35    4.83    2.93  -687.9    -4.8    31.5   5.43   57252.  5.15   317  -150  0  0 -0.0252   4.99
2024 285 15 10    8.75    4.14    2.74  -684.5    -9.2    27.8   5.30   54272.  4.98   282  -146  0  0 -0.0221   4.82
2024 285 15 15    9.09    3.62    2.49  -681.4   -11.4    27.7   4.86   66884.  4.52   281  -143  0  0 -0.0223   4.38
2024 285 15 20    8.99    3.77    2.60  -678.8   -12.4    32.2   4.67   52729.  4.31   236  -138  0  0 -0.0279   4.18
2024 285 15 25    8.73    3.58    3.03  -676.8   -13.7    41.6   4.82   48657.  4.43   206  -133  0  0 -0.0404   4.29
2024 285 15 30    8.85    3.82    2.56  -680.4   -15.0    25.7   4.94   61069.  4.58   242  -131  0  0 -0.0187   4.44
2024 285 15 35    9.08    3.65    2.16  -680.1   -15.9    19.5   4.99   63668.  4.63   241  -129  0  0 -0.0101   4.48
2024 285 15 40    9.15    3.63    1.95  -675.8   -12.4    19.2   4.92   57589.  4.50   239  -128  0  0 -0.0068   4.36
2024 285 15 45    9.11    3.61    1.65  -672.7    -8.4    16.7   5.20   61150.  4.72   268  -130  0  0 -0.0004   4.56
2024 285 15 50    9.52    2.47    1.38  -674.9    -9.1    21.6   5.24   70541.  4.78   207  -130  0  0 -0.0066   4.63
2024 285 15 55    9.44    2.69    1.34  -670.9    -5.0    15.4   5.18   65288.  4.67   210  -129  0  0  0.0048   4.52
2024 285 16  0    9.21    3.44    1.57  -667.6   -16.7    13.5   5.35   72793.  4.77   207  -129  0  0  0.0007   4.62
2024 285 16  5    9.38    3.03    1.06  -667.5   -13.2    12.8   5.37   67323.  4.79   184  -128  0  0  0.0043   4.64
2024 285 16 10    9.48    2.96    0.82  -667.0   -13.1    12.3   5.30   71165.  4.72   195  -127  0  0  0.0055   4.57
2024 285 16 15    9.59    2.50    0.11  -667.9    -8.6    13.3   5.17   61743.  4.61   188  -127  0  0  0.0072   4.47
2024 285 16 20    9.65    1.80   -0.29  -667.5   -10.2     6.4   5.47   80344.  4.88   185  -128  0  0  0.0161   4.72
2024 285 16 25    9.61    2.78    1.08  -671.1   -16.7    12.8   5.22   73924.  4.70   187  -128  0  0  0.0039   4.56
2024 285 16 30    9.58    2.55    0.43  -670.7   -15.0    16.1   5.42   67321.  4.88   176  -128  0  0  0.0004   4.73
2024 285 16 35    8.25    4.36    2.55  -672.3   -25.3     5.1   8.01   61855.  7.25   166  -129  0  0  0.0099   7.02
2024 285 16 40    8.20    4.45    2.54  -674.2   -23.8     4.4   7.76   53240.  7.06   107  -128  0  0  0.0118   6.84
2024 285 16 45    8.13    4.67    2.32  -674.7   -18.1     4.3   7.38   59507.  6.72   292  -127  0  0  0.0151   6.51
2024 285 16 50    8.18    4.46    2.41  -672.4   -27.9     8.0   6.77   69577.  6.13   297  -124  0  0  0.0045   5.94
2024 285 16 55    8.37    4.25    2.35  -665.7   -25.8     7.9   6.48   56053.  5.75   328  -123  0  0  0.0054   5.57
2024 285 17  0    7.86    4.74    2.44  -665.5   -28.3    11.0   6.83   52977.  6.06   385  -120  0  0 -0.0005   5.87
2024 285 17  5    7.67    5.00    2.35  -666.1   -25.4    12.4   6.68   61814.  5.94   379  -118  0  0 -0.0012   5.75
2024 285 17 10    7.75    4.81    2.51  -666.0   -26.6    11.4   6.62   52041.  5.89   248  -117  0  0 -0.0008   5.70
2024 285 17 15    9.13    1.94    2.28  -656.6   -25.3    14.4   5.45   61644.  4.71   140  -116  0  0 -0.0053   4.56
2024 285 17 20    9.21    1.75    2.25  -660.0   -27.3    14.4   5.62   71138.  4.90    97  -114  0  0 -0.0067   4.75
2024 285 17 25    9.49    1.59    2.11  -658.6   -23.2    23.7   4.23   85679.  3.68    96  -112  0  0 -0.0184   3.56
2024 285 17 30    9.66    1.43    2.32  -661.3   -17.7    21.7   3.88  100088.  3.40   100  -111  0  0 -0.0132   3.29
2024 285 17 35    9.78    1.57    2.38  -665.1   -20.1    27.2   3.08   92137.  2.73    93  -111  0  0 -0.0228   2.65
2024 285 17 40    9.88    2.19    2.27  -653.6   -15.4    33.5   2.69   71456.  2.30   333  -111  0  0 -0.0311   2.23
2024 285 17 45    9.49    3.14    2.74  -653.6   -10.1    36.6   2.67   59816.  2.29   216  -109  0  0 -0.0338   2.22
2024 285 17 50    9.18    2.98    3.29  -655.8   -15.8    45.6   2.62   61591.  2.26   167  -109  0  0 -0.0505   2.19
2024 285 17 55    8.47    4.13    3.31  -669.7    -6.2    47.8   2.85  104006.  2.58   186  -111  0  0 -0.0485   2.49
2024 285 18  0    8.27    5.28    2.47  -677.4    13.9    39.2   3.21   87311.  2.95   252  -113  0  0 -0.0273   2.86
2024 285 18  5    8.25    5.49    2.59  -675.1    16.4    37.4   3.21   86618.  2.93   291  -114  0 -1 -0.0252   2.84
2024 285 18 10    7.77    6.33    2.25  -672.9    19.0    35.5   3.20   85925.  2.91   237  -112  0  0 -0.0229   2.82
2024 285 18 15    7.14    6.84    2.49  -673.9     4.5    34.7   3.40   65824.  3.10   189  -110  0  0 -0.0301   3.00
2024 285 18 20    6.82    6.70    2.74  -675.4    -6.0    30.5   4.19   56605.  3.83   197  -106  0  0 -0.0305   3.71
2024 285 18 25    6.99    6.79    2.29  -675.8    -1.1    33.3   3.62   66868.  3.30   176  -105  0  0 -0.0338   3.21
2024 285 18 30    6.19    7.57    2.72  -674.2    -6.3    23.3   4.61   50644.  4.19   199  -103  0  0 -0.0238   4.06
2024 285 18 35    6.03    7.88    2.02  -673.2    -1.9    15.3   4.53   44774.  4.11   208  -102  0  0 -0.0123   3.98
2024 285 18 40    6.21    7.75    1.40  -670.3    -5.0    11.0   4.58   49021.  4.11   153  -102  0  0 -0.0094   3.99
2024 285 18 45    7.64    6.17    1.76  -667.4    -9.6    20.3   3.57   64917.  3.18   229  -102  0  0 -0.0267   3.08
2024 285 18 50    8.18    5.16    1.24  -662.2    -8.7    23.3   3.68   96957.  3.23   268  -103  0  0 -0.0327   3.13
2024 285 18 55    7.49    6.07    1.42  -659.9    -8.6    14.8   3.74   84539.  3.26   310  -102  0  0 -0.0224   3.16
2024 285 19  0    7.26    6.54    1.37  -660.1    -9.2    21.7   4.21   67832.  3.67   266  -101  0  0 -0.0347   3.56
2024 285 19  5    7.34    6.24    1.82  -663.1    -8.9    23.1   4.26   64404.  3.75   265  -102  0  0 -0.0384   3.63
2024 285 19 10    7.30    6.09    1.48  -665.2   -10.5    21.5   5.38   59396.  4.77   215  -101  0  0 -0.0388   4.62
2024 285 19 15    7.69    5.93    2.33  -666.8   -14.4    22.8   4.45   56116.  3.96   234  -104  0  0 -0.0444   3.84
2024 285 19 20    8.14    5.23    2.81  -662.8   -20.2    22.4   4.75   43528.  4.18   227  -105  0  0 -0.0488   4.05
2024 285 19 25    8.19    5.25    2.53  -659.9   -22.4    23.3   5.27   41423.  4.60   197  -102  0  0 -0.0534   4.46
2024 285 19 30    8.18    5.46    2.70  -656.6   -20.9    21.9   4.39   41058.  3.79   155  -100  0  0 -0.0533   3.67
2024 285 19 35    8.36    5.23    2.57  -655.4   -21.1    21.4   4.32   40954.  3.72   170   -99  0  0 -0.0550   3.60
2024 285 19 40    8.66    4.42    3.12  -655.3   -33.9    28.2   4.18   36256.  3.61   160   -99  0  0 -0.0727   3.49
2024 285 19 45    9.50    3.21    1.70  -649.6   -35.0    19.0   4.14   40702.  3.51   148   -96  0  0 -0.0624   3.40
2024 285 19 50   10.08    2.14    0.58  -638.5   -32.1     6.9   4.25   46975.  3.48   141   -96  0  0 -0.0462   3.37
2024 285 19 55    8.85    5.18    0.98  -646.3   -21.5    16.6   4.28   40606.  3.59   143   -97  0  0 -0.0586   3.47
2024 285 20  0    7.84    6.80    1.25  -656.3   -15.6    22.1   4.96   40973.  4.28   140   -97  0  0 -0.0664   4.15
2024 285 20  5    8.75    5.33    2.75  -646.9   -28.2    30.9   4.60   47740.  3.86   101   -93  0  0 -0.0878   3.74
2024 285 20 10    7.90    6.37    3.13  -653.2   -19.2    34.7   4.37   37424.  3.75    94   -91  0  0 -0.0920   3.62
2024 285 20 15    8.60    4.34    4.35  -646.2   -41.9    37.3   4.86   36634.  4.10   110   -91  0  0 -0.1082   3.96
2024 285 20 20    8.76    3.46    4.99  -648.7   -42.9    35.9   4.89   41252.  4.14   153   -95  0  0 -0.1089   4.02
2024 285 20 25    8.52    4.31    4.91  -651.3   -38.1    41.6   3.52   43565.  3.01   142  -102  0  0 -0.1181   2.91
2024 285 20 30    8.56    3.22    5.57  -647.7   -46.9    53.0   3.69   51121.  3.14   158  -102  0  0 -0.1416   3.03
2024 285 20 35    8.91    3.35    4.89  -643.9   -47.6    46.4   3.37   46713.  2.82   189  -101  0  0 -0.1354   2.74
2024 285 20 40    9.28    2.36    4.74  -639.8   -58.6    41.6   3.24   36999.  2.68   150  -101  0  0 -0.1357   2.60
2024 285 20 45    9.06    4.59    2.66  -640.0   -36.5    24.6   3.25   44539.  2.69   141  -101  0  0 -0.1048   2.59
2024 285 20 50    8.22    3.90    5.99  -650.3   -47.6    57.9   4.82   35547.  4.13   180   -99  0  0 -0.1604   4.00
2024 285 20 55    7.85    4.88    5.52  -650.2   -42.1    61.7   5.89   32093.  5.04   198   -92  0  0 -0.1672   4.89
2024 285 21  0    7.98    5.19    4.99  -650.0   -41.1    63.2   6.14   31561.  5.26   208   -90  0  0 -0.1721   5.09
2024 285 21  5    8.29    4.83    5.18  -653.4   -35.2    51.8   5.46   33570.  4.70   214   -86  0  0 -0.1558   4.56
2024 285 21 10    7.80    6.29    4.89  -649.5   -28.8    59.9   2.62   35077.  2.24   184   -87  0  0 -0.1693   2.16
2024 285 21 15    7.42    7.74    3.22  -650.1   -21.1    59.6   2.29   44351.  1.96   204   -97  0  0 -0.1692   1.89
2024 285 21 20    7.74    7.18    2.55  -672.0   -53.5    38.5   2.37  100893.  2.16   157  -101  0  0 -0.1500   2.09
2024 285 21 25    7.21    7.22    2.52  -671.0   -39.8    37.1   3.07   88530.  2.78   161   -98  0  0 -0.1467   2.70
2024 285 21 30    7.80    7.24    2.51  -673.3   -22.3    33.5   3.83   38858.  3.49   180   -93  0  0 -0.1387   3.38
2024 285 21 35    7.06    7.52    3.66  -674.2     1.0    20.1   4.24   30161.  3.85   193   -87  0  0 -0.1147   3.74
2024 285 21 40    6.96    7.52    4.10  -673.9    -1.8    23.7   3.89   28186.  3.54   166   -83  0  0 -0.1242   3.43
2024 285 21 45    6.98    6.49    5.49  -669.3    10.8    18.1   3.75   27758.  3.36   135   -88  0  0 -0.1154   3.26
2024 285 21 50    7.73    5.40    5.70  -671.9     1.5    -3.2   4.19   33392.  3.78   129   -91  0  0 -0.0910   3.66
2024 285 21 55    8.41    5.24    4.90  -673.1     0.9     4.8   3.74   38229.  3.39   133   -92  0  0 -0.1062   3.28
2024 285 22  0    8.56    4.56    6.00  -668.3   -12.1    14.8   3.60   38939.  3.22   133   -91  0  0 -0.1287   3.12
2024 285 22  5    8.72    3.58    6.58  -672.5   -15.6    11.7   3.74   41465.  3.38   129   -89  0  0 -0.1287   3.28
2024 285 22 10    9.17    2.59    6.37  -666.7   -28.2    13.1   3.05   30628.  2.72   233   -88  0  0 -0.1386   2.63
2024 285 22 15    9.23    1.55    6.53  -657.8   -18.5    16.1   3.19   41382.  2.76   309   -89  0  0 -0.1436   2.68
2024 285 22 20    6.58    6.71    6.63  -671.3     1.4    17.9   4.12   33723.  3.72   315   -88  0  0 -0.1424   3.60
2024 285 22 25    7.35    6.08    6.47  -670.9     2.5    10.8   4.38   28710.  3.95   308   -87  0  0 -0.1352   3.82
2024 285 22 30    8.17    5.40    6.34  -662.2   -14.2    10.1   3.78   33562.  3.33   315   -86  0 -1 -0.1436   3.21
2024 285 22 35    7.87    5.80    6.62  -653.5   -31.0     9.3   3.18   38413.  2.72   313   -85  0  0 -0.1518   2.64
2024 285 22 40    7.57    7.31    4.60  -654.5   -13.5     0.8   3.42   38033.  2.94   314   -85  0  0 -0.1367   2.84
2024 285 22 45    7.79    7.93    3.28  -654.4    10.3   -10.1   2.77   36721.  2.38   280   -85  0  0 -0.1158   2.30
2024 285 22 50    7.13    5.27    7.60  -651.8    -8.5     8.3   3.34   52321.  2.86   297   -83  0  0 -0.1532   2.75
2024 285 22 55    6.42    3.98    8.89  -666.9   -35.3     7.1   4.62   42429.  4.12   280   -81  0  0 -0.1635   3.99
2024 285 23  0    6.34    2.13    9.09  -666.2   -50.1     6.8   6.30   41526.  5.63   332   -72  0  0 -0.1714   5.45
2024 285 23  5    4.17    1.51   10.05  -657.9   -38.1    21.5   6.06   47005.  5.28   343   -66  0  0 -0.1930   5.10
2024 285 23 10    4.74    0.31   10.06  -657.0   -62.3    17.3   5.75   44409.  5.02   350   -67  0  0 -0.1982   4.85
2024 285 23 15    5.79    1.16    8.96  -658.0   -44.5    23.1   6.55   54903.  5.70   272   -65  0  0 -0.2045   5.53
2024 285 23 20    5.59   -0.36    9.12  -659.3   -55.3    19.2   6.90   50177.  6.05   253   -64  0  0 -0.2056   5.86
2024 285 23 25    6.02   -1.00    8.24  -663.7   -48.2     8.8   6.02   84087.  5.33   214   -67  0  0 -0.1913   5.16
2024 285 23 30    6.09   -1.57    7.27  -655.5   -66.0    11.8   6.36   91475.  5.52   150   -67  0  0 -0.2053   5.35
2024 285 23 35    4.11    2.43    8.61  -679.8   -41.5    36.6   4.41   67361.  4.12   132   -67  0  0 -0.2351   3.97
2024 285 23 40    3.84    2.49   10.40  -667.1   -70.9    41.7   3.47   46124.  3.14   104   -69  0  0 -0.2566   3.04
2024 285 23 45    3.63    1.37   10.67  -664.5   -71.7    25.0   4.26   60209.  3.81    83   -69  0  0 -0.2362   3.69
2024 285 23 50    2.37    0.43   11.16  -674.4   -78.7    17.2   4.91   41036.  4.54   108   -65  0  0 -0.2297   4.39
2024 285 23 55    1.46   -4.11   10.94  -669.8  -109.5    17.6   4.72   39317.  4.35   106   -63  0  0 -0.2433   4.21
2024 286  0  0    1.55   -5.22   10.16  -669.4  -101.9    11.5   4.68   41862.  4.29    67   -64  0  0 -0.2357   4.16
2024 286  0  5    1.45   -4.46   10.05  -668.9   -92.6    13.4   5.40   37761.  4.92    79   -60  0  0 -0.2392   4.77
2024 286  0 10    0.47   -3.52   10.54  -674.3   -88.6    13.3   6.63   36381.  6.14    99   -54  0  0 -0.2408   5.94
2024 286  0 15   -0.21   -3.96    9.63  -673.5   -72.2    -0.1   6.24   57308.  5.73    88   -54  0  0 -0.2198   5.55
2024 286  0 20   -0.36   -4.51    8.62  -671.6   -49.2   -29.8   7.66  123455.  6.95    82   -56  0  0 -0.1728   6.74
2024 286  0 25   -1.36   -5.67    9.35  -674.0   -86.9     8.6   3.83  109959.  3.54   140   -57  0  0 -0.2436   3.43
2024 286  0 30   -2.73   -7.48    7.62  -682.9   -97.7    -8.8   3.80   77376.  3.62    96   -63  0  0 -0.2251   3.50
2024 286  0 35   -4.59   -8.44    5.38  -686.4  -100.6   -13.9   3.34   88136.  3.21    65   -63  0  0 -0.2220   3.11
2024 286  0 40   -5.63   -7.50    6.23  -698.3  -102.3   -17.7   2.79   95344.  2.78    49   -66  0  0 -0.2203   2.69
2024 286  0 45   -5.45   -6.07    7.47  -696.9   -99.2    -8.9   3.02  101029.  3.00    49   -65  0  0 -0.2349   2.90
2024 286  0 50   -4.63   -6.98    7.10  -692.3  -114.7    -6.6   2.95  102949.  2.90    58   -62  0  0 -0.2461   2.81
2024 286  0 55   -3.05   -7.28    7.60  -683.6   -96.8    -4.6   1.72   98281.  1.64    94   -69  0  0 -0.2470   1.59
2024 286  1  0   -3.24   -6.45    7.55  -681.3  -112.3    -1.5   2.81  113371.  2.68   250   -66  0  0 -0.2594   2.60
2024 286  1  5   -3.94   -6.28    6.70  -681.7  -111.6    -4.9   2.95  115854.  2.82   117   -61  0  0 -0.2576   2.73
2024 286  1 10   -3.22   -6.37    7.38  -687.4   -83.2   -14.7   2.04   89214.  1.97    47   -62  0  0 -0.2376   1.90
2024 286  1 15   -3.57   -6.91    6.94  -684.0   -93.3   -19.5   2.32   88596.  2.22    67   -67  0 -1 -0.2372   2.14
2024 286  1 20   -2.42   -7.30    5.82  -680.5  -103.4   -24.4   2.60   87978.  2.47    82   -65  0  0 -0.2366   2.39
2024 286  1 25   -1.32   -6.76    6.16  -677.7  -103.2   -31.8   2.97  101225.  2.80    47   -61  0  0 -0.2291   2.71
2024 286  1 30   -1.47   -5.25    8.41  -674.8  -124.0   -14.0   2.32   98870.  2.18    62   -62  0  0 -0.2641   2.12
2024 286  1 35   -1.42   -5.73    7.94  -668.2  -109.0   -15.7   1.98  120979.  1.82    52   -66  0  0 -0.2599   1.76
2024 286  1 40   -1.84   -5.58    7.82  -663.4  -109.4     0.6   1.96  100670.  1.78    38   -66  0  0 -0.2867   1.72
2024 286  1 45   -1.48   -5.50    7.89  -663.1  -109.0     3.0   2.12   94042.  1.91    38   -66  0  0 -0.2929   1.85
2024 286  1 50   -1.23   -5.38    7.93  -666.7  -100.1    -0.6   2.22  110613.  2.02    49   -65  0  0 -0.2872   1.95
2024 286  1 55   -1.51   -5.48    7.70  -667.1  -104.1     1.0   2.16  114744.  1.97    33   -65  0  0 -0.2936   1.91
2024 286  2  0   -1.33   -5.31    7.74  -666.2   -99.2    -1.6   1.97  116124.  1.79    38   -65  0  0 -0.2909   1.73
2024 286  2  5   -1.49   -5.26    7.69  -661.8   -98.8    -0.6   1.92  126538.  1.72    38   -65  0  0 -0.2950   1.67
2024 286  2 10   -1.95   -5.16    7.42  -662.5   -94.7    -1.6   1.90  133603.  1.71    40   -65  0  0 -0.2946   1.65
2024 286  2 15   -0.12   -4.32    7.73  -645.9   -81.4     5.4   1.94  156697.  1.65    35   -66  0  0 -0.3032   1.59
2024 286  2 20   -1.12   -4.61    7.76  -661.1   -71.8    -4.2   1.75  144519.  1.55    43   -67  0  0 -0.2870   1.50
2024 286  2 25   -0.62   -4.27    8.01  -661.8   -71.6    -9.0   1.61  154246.  1.43    38   -67  0  0 -0.2823   1.38
2024 286  2 30   -3.82   -5.27    6.27  -640.6   -69.4    -0.3   1.45  184316.  1.21    47   -69  0  0 -0.2972   1.17
2024 286  2 35   -4.49   -5.30    6.26  -607.8   -48.5    -1.4   1.06  204155.  0.79    42   -72  0  0 -0.2898   0.76
2024 286  2 40   -5.17   -6.10    5.68  -612.8   -60.7    10.4   0.99  193258.  0.76    49   -73  0  0 -0.3156   0.73
2024 286  2 45   -5.05   -5.79    6.15  -616.1   -68.7    10.4   1.11   89008.  0.85    57   -72  0  0 -0.3209   0.83
2024 286  2 50   -5.42   -5.50    6.26  -619.4   -61.6    24.3   1.02   75872.  0.79    52   -72  0  0 -0.3409   0.77
2024 286  2 55   -5.57   -5.22    6.40  -621.1   -46.5    27.2   0.79  143698.  0.62    42   -73  0  0 -0.3401   0.59
2024 286  3  0   -6.43   -4.09    6.70  -611.8   -63.3    19.7   0.68  140423.  0.52    48   -74  0  0 -0.3390   0.50
2024 286  3  5   -5.18   -5.57    6.63  -622.7   -61.1    13.1   0.85  149063.  0.67    43   -74  0  0 -0.3286   0.64
2024 286  3 10   -4.86   -6.09    6.46  -629.7   -48.8    12.2   0.83  158005.  0.66    43   -74  0  0 -0.3226   0.64
2024 286  3 15   -4.77   -6.64    6.16  -616.5   -56.4    14.1   0.58  114183.  0.45    44   -74  0  0 -0.3317   0.43
2024 286  3 20   -5.11   -5.67    6.66  -610.7   -57.8     1.1   0.52  121306.  0.40    35   -75  0  0 -0.3141   0.38
2024 286  3 25   -4.99   -5.42    6.78  -611.3   -57.2     2.9   0.55  177460.  0.42    47   -74  0  0 -0.3181   0.40
2024 286  3 30   -4.93   -5.06    6.97  -604.2   -58.3     4.8   0.58  178670.  0.42    40   -74  0  0 -0.3234   0.41
2024 286  3 35   -4.76   -5.06    6.95  -608.7   -50.4     1.3   0.53  159265.  0.40    41   -74  0  0 -0.3150   0.38
2024 286  3 40   -4.64   -5.22    6.88  -604.1   -55.8    -4.4   0.60  178404.  0.44    43   -74  0  0 -0.3103   0.43
2024 286  3 45   -3.99   -5.35    7.06  -615.2   -60.0    -6.9   0.63  204139.  0.48    40   -73  0  0 -0.3094   0.47
2024 286  3 50   -3.60   -5.46    7.06  -620.4   -53.3    -4.2   0.75  214040.  0.58    44   -74  0  0 -0.3110   0.56
2024 286  3 55   -4.20   -5.37    6.72  -610.5   -66.4    -8.4   0.75  191717.  0.57    42   -72  0  0 -0.3127   0.55
2024 286  4  0   -2.64   -4.73    7.74  -631.0   -51.0   -17.4   0.68  220001.  0.54    35   -71  0  0 -0.2917   0.53
2024 286  4  5   -1.21   -4.48    7.75  -636.2   -34.8   -24.8   0.83  265522.  0.67    42   -72  0  0 -0.2731   0.65
2024 286  4 10   -0.89   -4.39    7.92  -643.5   -38.5   -22.1   0.80  247792.  0.67    39   -72  0  0 -0.2799   0.64
2024 286  4 15   -1.72   -4.49    8.08  -636.1   -55.5    -1.1   0.62  161370.  0.51    37   -71  0  0 -0.3204   0.49
2024 286  4 20   -1.62   -4.15    7.90  -627.5   -37.1   -17.8   0.77  240814.  0.61    38   -71  0  0 -0.2865   0.59
2024 286  4 25   -1.13   -3.87    7.90  -614.8   -31.7   -26.2   0.82  283194.  0.63    43   -69  0  0 -0.2710   0.60
2024 286  4 30   -1.20   -3.26    7.35  -602.2   -44.2   -28.0   1.22  390066.  0.89    40   -67  0  0 -0.2755   0.86
2024 286  4 35   -0.71   -3.50    7.23  -605.3   -32.8   -24.8   1.33  401779.  0.97    52   -66  0  0 -0.2742   0.95
2024 286  4 40   -1.87   -3.28    8.11  -610.9   -42.2   -22.0   0.88  348523.  0.66    57   -69  0  0 -0.2844   0.64
2024 286  4 45   -3.67   -1.88    8.13  -580.5   -68.7   -16.9   0.59  388292.  0.40    58   -69  0  0 -0.3085   0.39
2024 286  4 50   -3.26   -0.73    8.18  -572.8   -83.7   -21.7   0.53  416037.  0.36    51   -71  0  0 -0.3102   0.34
2024 286  4 55   -3.29   -0.54    7.92  -567.0   -99.4   -20.3   0.49  400048.  0.33    52   -71  0  0 -0.3223   0.31
2024 286  5  0   -3.12   -0.16    7.63  -571.6   -80.9   -25.8   0.53  371043.  0.35    48   -72  0  0 -0.3024   0.34
2024 286  5  5   -2.45   -0.35    7.49  -564.1   -87.3   -51.8   0.61  325465.  0.40    47   -70  0  0 -0.2641   0.39
2024 286  5 10   -2.08   -1.24    7.14  -564.7   -91.6   -48.7   0.86  250350.  0.57    47   -70  0  0 -0.2720   0.55
2024 286  5 15   -2.39   -2.24    6.71  -555.1   -61.4   -35.5   0.97  162732.  0.61    49   -66  0  0 -0.2741   0.59
2024 286  5 20   -2.16   -2.39    6.62  -566.7   -50.9   -33.1   1.01  177795.  0.66    35   -65  0  0 -0.2712   0.64
2024 286  5 25   -1.98   -2.17    6.54  -568.4   -37.0   -37.9   1.05  195891.  0.68    51   -66  0  0 -0.2538   0.66
2024 286  5 30   -1.79   -1.98    6.43  -568.8   -30.7   -48.5   1.18  209712.  0.77    37   -64  0  0 -0.2320   0.75
2024 286  5 35   -2.70   -1.11    5.67  -565.4   -42.4   -43.0   1.79  151242.  1.15    52   -63  0  0 -0.2482   1.12
2024 286  5 40   -2.47   -1.57    6.03  -570.2   -30.6   -53.2   1.63  116146.  1.07    38   -60  0  0 -0.2234   1.04
2024 286  5 45   -2.45   -1.41    6.32  -574.0   -38.7   -39.0   1.69  113003.  1.12    48   -60  0  0 -0.2513   1.09
2024 286  5 50   -2.80   -1.19    6.10  -579.0   -38.8   -39.2   1.76   89550.  1.19    46   -60  0  0 -0.2506   1.15
2024 286  5 55   -2.67   -1.19    5.96  -574.1   -41.7   -28.7   2.20   85689.  1.46    33   -59  0  0 -0.2682   1.42
2024 286  6  0   -2.76   -3.20    5.41  -572.7   -39.5   -19.6   2.27   75306.  1.50    31   -59  0  0 -0.2801   1.45
2024 286  6  5   -3.77   -4.04    1.60  -567.0   -38.7   -20.4   2.14   56546.  1.39    40   -57  0  0 -0.2772   1.34
2024 286  6 10   -5.30   -4.11   -1.05  -556.8   -28.4   -13.9   2.68   29529.  1.66    34   -59  0  0 -0.2788   1.61
2024 286  6 15   -5.39   -4.49    0.86  -560.9   -29.2   -11.8   2.79   22529.  1.76    35   -59  0  0 -0.2815   1.71
2024 286  6 20   -5.38   -4.61    1.26  -564.1   -27.3   -20.3   2.39   21822.  1.52    33   -59  0  0 -0.2652   1.48
2024 286  6 25   -5.14   -4.61    1.72  -563.0   -37.5   -20.8   2.16   23022.  1.38    50   -59  0  0 -0.2708   1.33
2024 286  6 30   -4.18   -4.89    2.54  -561.6   -40.3   -18.7   2.22   28074.  1.41    46   -58  0  0 -0.2749   1.36
2024 286  6 35   -3.78   -4.63    3.52  -557.3   -32.3    -9.9   2.55   20148.  1.59    54   -58  0  0 -0.2814   1.54
2024 286  6 40   -3.47   -4.05    4.51  -552.8   -35.4     4.6   2.28   22364.  1.40    46   -58  0  0 -0.3058   1.36
2024 286  6 45   -2.89   -3.42    5.19  -551.5   -40.9    -3.4   2.43   22630.  1.48    55   -59  0  0 -0.2956   1.44
2024 286  6 50   -2.22   -2.60    5.44  -527.9   -29.6     7.4   1.69  105840.  0.96    52   -58  0  0 -0.3039   0.92
2024 286  6 55   -3.02   -3.12    4.86  -524.8   -19.1    -0.3   0.33  246243.  0.18    47   -63  0  0 -0.2802   0.18
2024 286  7  0   -3.16   -2.78    4.84  -520.3   -37.6    -5.9   0.32  246712.  0.17   117   -71  0  0 -0.2849   0.17
2024 286  7  5   -2.49   -2.15    5.35  -526.6   -32.8    10.3   0.37  189753.  0.20   123   -72  0  0 -0.3060   0.20
2024 286  7 10   -2.40   -2.37    5.04  -540.3   -26.5    -7.1   0.42  227045.  0.25    88   -68  0  0 -0.2689   0.24
2024 286  7 15   -2.44   -2.08    5.04  -539.5   -22.0   -24.1   0.38  233520.  0.22    49   -67  0  0 -0.2351   0.22
2024 286  7 20   -1.81   -2.20    4.74  -520.8   -27.2   -33.8   0.62  206290.  0.34    56   -65  0  0 -0.2203   0.33
2024 286  7 25   -1.15   -2.10    4.76  -512.8   -23.0   -36.0   0.91  177134.  0.49    41   -63  0  0 -0.2101   0.47
2024 286  7 30   -1.69   -2.47    4.25  -524.1   -21.9   -47.1   0.80  210517.  0.44    69   -62  0  0 -0.1892   0.43
2024 286  7 35   -2.93   -3.39    3.18  -540.4   -44.5   -57.5   0.64  193455.  0.38    51   -63  0  0 -0.1912   0.37
2024 286  7 40   -1.06   -1.78    5.14  -539.2   -20.1   -61.5   0.41  435444.  0.24    78   -65  0  0 -0.1614   0.23
2024 286  7 45   -0.50   -2.74    5.28  -539.7   -14.9   -68.9   0.43  490704.  0.25    51   -67  0  0 -0.1427   0.25
2024 286  7 50   -1.64   -2.09    5.05  -533.9    -9.7   -60.5   0.63  264017.  0.37    46   -66  0  0 -0.1483   0.35
2024 286  7 55   -1.85   -2.75    5.61  -513.0   -80.2   -60.3   0.94   51324.  0.52    43   -61  0  0 -0.2062   0.50
2024 286  8  0   -2.46   -2.17    5.27  -506.8   -51.9   -56.5   1.20   89236.  0.62    44   -60  0  0 -0.1846   0.61
2024 286  8  5   -1.86   -3.24    5.17  -503.6   -75.7   -71.2   1.11   74342.  0.59    58   -62  0  0 -0.1783   0.57
2024 286  8 10   -1.72   -2.25    5.62  -511.0   -45.2   -67.0   1.06  110177.  0.56    49   -62  0  0 -0.1562   0.55
2024 286  8 15   -1.29   -1.83    5.46  -519.8   -22.3   -47.2   0.96  125739.  0.53    52   -63  0  0 -0.1668   0.51
2024 286  8 20   -1.75   -2.02    5.04  -514.4    -2.1   -57.5   0.93  208947.  0.50    54   -62  0  0 -0.1271   0.48
2024 286  8 25   -1.43   -1.64    4.87  -519.8    -7.4   -63.4   0.64  371803.  0.35    52   -63  0  0 -0.1205   0.34
2024 286  8 30   -1.71   -1.86    4.02  -528.9     6.1   -51.2   0.66  363579.  0.38    61   -65  0  0 -0.1266   0.36
2024 286  8 35   -0.93   -1.00    4.20  -519.3    19.8   -73.0   0.62  405601.  0.34    53   -64  0  0 -0.0732   0.33
2024 286  8 40   -0.69   -1.19    4.13  -506.1    40.0   -90.0   0.68  443277.  0.36    57   -64  0  0 -0.0189   0.35
2024 286  8 45   -1.69   -1.81    4.22  -510.6    48.7  -104.1   0.72  360641.  0.39    53   -63  0  0  0.0136   0.38
2024 286  8 50   -1.59   -2.73    3.04  -505.6    52.5  -128.5   0.81  341731.  0.44    53   -61  0  0  0.0615   0.43
2024 286  8 55   -1.59   -2.40    3.07  -498.0    63.7  -136.3   0.83  361412.  0.45    59   -61  0  0  0.0914   0.44
2024 286  9  0    0.11    1.33    0.02  -570.8   -52.4   -79.2   0.55  213753.  0.37    53   -63  0  0 -0.1239   0.36
2024 286  9  5    2.29    2.08   -3.70  -569.3   -46.7   -88.4   0.61  233254.  0.41    56   -63  0  0 -0.1020   0.39
2024 286  9 10    2.64    1.45   -5.15  -574.0   -58.0   -63.3   0.66  221727.  0.45    47   -61  0  0 -0.1468   0.43
2024 286  9 15    2.57   -0.29   -5.59  -576.1   -56.2   -40.7   0.63  196007.  0.42   102   -60  0  0 -0.1761   0.41
2024 286  9 20    2.45   -1.00   -5.72  -580.2   -54.9   -39.5   0.61  150624.  0.42   136   -60  0  0 -0.1737   0.40
2024 286  9 25    0.19   -4.71   -3.51  -608.2   -92.2   -16.9   0.97  127025.  0.74   236   -58  0  0 -0.2331   0.71
2024 286  9 30    0.60   -4.93   -3.97  -595.4   -58.0   -15.0   0.98  125352.  0.70   375   -55  0  0 -0.2057   0.68
2024 286  9 35    1.22   -5.18   -4.03  -597.7   -41.6     3.9   1.03  131648.  0.74   408   -59  0  0 -0.2158   0.72
2024 286  9 40    0.92   -5.24   -3.88  -589.5   -21.5    -5.2   0.97   88647.  0.67   302   -61  0  0 -0.1824   0.65
2024 286  9 45    1.01   -5.23   -3.56  -584.4    -3.8   -13.6   1.34   79932.  0.92   315   -63  0  0 -0.1512   0.89
2024 286  9 50    1.45   -4.76   -4.04  -584.2    -3.2    -9.5   1.64   80976.  1.12   329   -64  0  0 -0.1533   1.08
2024 286  9 55    1.94   -4.11   -4.68  -583.6    -0.0    -9.4   1.70   74746.  1.16   346   -64  0  0 -0.1472   1.12
