2022  14  1  0    0.26   -1.65    5.85  -350.6    12.3    -4.3   5.96    62146  1.47     9     5  0  0 -0.4496   1.42    0.27   -1.67    5.96 -0.0000  0.0024  -11.2
2022  14  1 10    0.60   -1.97    5.44  -351.5     5.1    -7.4   6.34    53465  1.57    10     5  0 -1 -0.4559   1.52    0.31   -1.82    5.91 -0.0000  0.0028  -11.4
2022  14  1 20    1.00   -1.66    4.78  -344.6    10.6     2.8   5.25    40627  1.25    10     4  0 -1 -0.4619   1.21    0.50   -1.94    5.63 -0.0000  0.0036  -11.4
2022  14  1 30    0.32   -2.28    5.92  -353.0    18.4     2.4   5.35    43053  1.34    10     4  0  0 -0.4678   1.29    0.57   -1.88    5.64 -0.0000  0.0033  -11.0
2022  14  1 40    0.41   -2.03    5.88  -347.3     5.9     5.0   5.07    38328  1.22    11     4  0  0 -0.4736   1.19    0.49   -2.14    5.61 -0.0000  0.0048  -10.8
2022  14  1 50    0.79   -2.78    5.64  -344.1    11.5     7.1   5.08    41101  1.21    12     4  0  0 -0.4791   1.17    0.30   -2.27    5.78 -0.0000  0.0052  -10.8
2022  14  2  0    0.05   -2.85    5.66  -351.8     3.8     4.8   4.83    38614  1.20    13     4  0 -1 -0.4844   1.16    0.22   -2.60    5.65 -0.0001  0.0088  -11.0
2022  14  2 10   -0.03   -3.20    5.46  -344.9    11.0     5.9   5.05    36582  1.20    13     3  0  0 -0.4895   1.17    0.25   -2.72    5.65 -0.0001  0.0099  -11.3
2022  14  2 20    0.81   -3.28    5.21  -341.7    14.4     7.0   5.23    40365  1.22    13     2  0  0 -0.4944   1.19    0.34   -2.86    5.59 -0.0001  0.0114  -11.3
2022  14  2 30    0.86   -3.62    5.18  -346.3     5.0     7.5   4.82    34460  1.16    12     3  0  0 -0.4991   1.12    0.51   -3.01    5.53 -0.0002  0.0134  -11.2
2022  14  2 40   -0.23   -4.91    3.88  -343.9     1.8     6.9   4.71    37564  1.11    13     3  0  0 -0.5035   1.08    0.84   -3.42    5.27 -0.0005  0.0221  -10.8
2022  14  2 50   -1.32   -3.68    4.89  -351.5    -0.9    10.1   4.36    31442  1.08    13     4  0  0 -0.5076   1.04    0.63   -4.11    4.80 -0.0016  0.0409  -10.4
2022  14  3  0    2.03   -4.74    4.41  -345.2    -2.7     8.2   3.71    22964  0.89    13     3  0 -1 -0.5115   0.86    0.72   -4.58    4.44 -0.0027  0.0576   -9.8
2022  14  3 10    2.30   -4.92    4.13  -339.7    -1.4    10.2   4.18    27915  0.97    13     5  0 -1 -0.5151   0.94    1.14   -4.82    4.22 -0.0034  0.0669   -9.5
2022  14  3 20    2.83   -4.99    3.63  -335.9    -3.3     2.3   4.28    29352  0.97    13     4  0 -1 -0.5184   0.94    1.94   -4.87    4.13 -0.0035  0.0693   -9.5
2022  14  3 30    2.38   -5.92    2.08  -337.3    -4.3    -5.5   4.39    35735  1.00    14     4  0  0 -0.5214   0.97    2.45   -5.06    3.73 -0.0069  0.0865   -9.9
2022  14  3 40    2.25   -6.05    2.02  -341.9    -8.9     1.1   4.31    26478  1.01    13     4  0  0 -0.5241   0.98    2.44   -5.44    3.04 -0.0149  0.1241  -10.3
2022  14  3 50    1.76   -6.04    2.51  -344.5    -6.8     7.4   4.65    30275  1.10    13     3  0  0 -0.5265   1.07    2.26   -5.79    2.52 -0.0219  0.1566  -10.5
2022  14  4  0    1.59   -5.95    2.75  -345.3    -8.1     2.4   4.20    28354  1.00    14     3  0  0 -0.5286   0.97    2.01   -5.98    2.36 -0.0246  0.1702  -10.9
2022  14  4 10    0.61   -5.92    2.60  -350.3    -4.6     8.9   4.69    33449  1.15    18     3  0  0 -0.5304   1.12    1.70   -5.98    2.54 -0.0222  0.1634  -11.6
2022  14  4 20   -1.98   -5.28    2.71  -363.0    -6.8    12.7   5.23    30082  1.38    15     2  0  0 -0.5318   1.34    0.86   -5.87    2.52 -0.0221  0.1620  -12.5
2022  14  4 30    1.10   -5.47    3.00  -348.6    -6.7    11.5   5.13    45527  1.25    18     1  0  0 -0.5330   1.21    0.03   -5.71    2.49 -0.0225  0.1604  -13.0
2022  14  4 40   -1.37   -5.52    3.24  -346.5    -8.0    18.7   5.58    36152  1.34    38     3  0 -1 -0.5338   1.30   -0.90   -5.54    2.62 -0.0201  0.1485  -13.4
2022  14  4 50   -2.39   -5.26    3.06  -350.2    -8.8    14.9   5.78    35552  1.42    18     1  0 -1 -0.5342   1.38   -1.35   -5.44    2.90 -0.0162  0.1321  -13.5
2022  14  5  0   -0.99   -5.01    4.14  -349.1    -6.6    17.4   4.89    28070  1.20    21     0  0  0 -0.5344   1.16   -1.78   -5.38    3.17 -0.0121  0.1168  -13.8
2022  14  5 10   -1.39   -5.44    3.03  -350.4    -4.7     8.5   5.57    34298  1.37    37     2  0  0 -0.5342   1.33   -1.67   -5.26    3.44 -0.0099  0.1042  -13.9
2022  14  5 20   -1.94   -5.78    1.72  -350.7    -8.0     5.6   5.86    40993  1.44    26     0  0  0 -0.5336   1.40   -1.50   -5.41    3.16 -0.0154  0.1228  -14.4
2022  14  5 30   -2.10   -5.39   -2.93  -357.7    -1.2    -2.3   5.03    40459  1.29    33     0  0  0 -0.5328   1.25   -1.57   -5.63    2.05 -0.0379  0.1972  -14.8
2022  14  5 40   -1.45   -6.38   -0.56  -350.8   -11.9    -4.3   5.48    29016  1.35    33     0  0  0 -0.5316   1.31   -1.75   -5.98    0.38 -0.0597  0.3064  -14.7
2022  14  5 50   -1.60   -6.29    0.83  -352.8    -7.3     5.2   5.79    38906  1.44    36     1  0  0 -0.5300   1.40   -1.78   -6.15   -0.41 -0.0823  0.3626  -14.1
2022  14  6  0   -1.18   -6.40    1.49  -348.2    -3.7    12.3   5.70    38268  1.38    34     2  0  0 -0.5282   1.34   -1.60   -6.21    0.16 -0.0727  0.3249  -13.6
2022  14  6 10   -1.61   -6.49    0.24  -347.4   -12.5     2.8   6.13    39478  1.48    55     2  0  0 -0.5260   1.43   -1.61   -6.33    0.69 -0.0794  0.2906  -13.3
2022  14  6 20   -0.91   -6.58    0.75  -347.1   -11.5     4.3   6.23    45024  1.50    45     3  0  0 -0.5236   1.46   -1.52   -6.39    0.85 -0.0819  0.2801  -12.9
2022  14  6 30    0.87   -6.13   -3.23  -343.5    -3.6   -15.9   5.40    34126  1.28    66     4  0  0 -0.5208   1.24   -1.19   -6.47    0.03 -0.0870  0.3350  -12.7
2022  14  6 40    0.49   -3.45   -5.67  -343.0     9.5   -30.4   6.26    41859  1.49    56     4  0  0 -0.5177   1.44   -0.43   -5.96   -1.58 -0.0594  0.4033  -12.2
2022  14  6 50   -1.52   -6.28    3.04  -352.3    -4.0    12.4   5.89    52095  1.46    50     5  0  0 -0.5143   1.42   -0.33   -5.76   -1.78 -0.0444  0.4067  -12.7
2022  14  7  0   -1.80   -6.11    2.68  -351.2   -15.0     7.4   6.84    37716  1.69    57     3  0 -1 -0.5107   1.64   -0.60   -5.64   -0.47 -0.0294  0.3264  -12.7
2022  14  7 10   -1.35   -5.97    3.34  -347.7   -10.0    12.8   6.21    46589  1.50    92     4  0  0 -0.5067   1.46   -1.34   -6.03    1.96 -0.0341  0.2059  -12.7
2022  14  7 20   -1.34   -7.38    0.87  -345.2    -6.0    10.3   5.32    44144  1.27   101     3  0  0 -0.5025   1.23   -1.34   -6.14    2.97 -0.0237  0.1543  -12.2
2022  14  7 30   -0.28   -7.48    1.65  -343.9    -4.6     9.0   5.72    45189  1.35    82     4  0  0 -0.4980   1.31   -1.14   -6.60    2.37 -0.0425  0.2005  -11.9
2022  14  7 40    0.92   -7.17    2.13  -345.7     4.3    17.9   5.86    47128  1.40    68     4  0  0 -0.4933   1.36   -0.72   -7.06    1.89 -0.0587  0.2404  -11.8
2022  14  7 50    0.32   -7.84    1.20  -344.7     0.3    11.2   6.27    53695  1.49    79     5  0  0 -0.4884   1.44   -0.25   -7.49    1.24 -0.0817  0.2905  -11.6
2022  14  8  0    1.24   -5.57    5.96  -344.6     6.8    15.8   6.71    33281  1.60    63     6  0  0 -0.4832   1.55    0.20   -7.38    1.94 -0.0695  0.2567  -11.7
2022  14  8 10    1.59   -4.17    7.02  -341.9     8.9    18.7   7.11    33677  1.67    63     6  0  0 -0.4778   1.62    0.80   -6.40    3.63 -0.0463  0.1765  -11.5
2022  14  8 20    2.63   -2.79    7.69  -341.2    17.6    23.4   7.71    33508  1.81    55     8  0 -1 -0.4722   1.75    1.30   -5.11    5.70 -0.0138  0.0762  -11.2
2022  14  8 30    2.34   -2.01    7.85  -341.3    19.1    19.7   7.68    40413  1.80    45     8  0  0 -0.4665   1.74    1.95   -3.48    7.15 -0.0004  0.0160  -10.3
2022  14  8 40    2.99   -0.42    8.12  -341.4    21.7    19.6   7.27    42198  1.71    29     9  0  0 -0.4605   1.65    2.41   -2.18    7.64 -0.0001  0.0061   -9.9
2022  14  8 50    2.83   -0.57    8.38  -342.0    18.5    21.9   6.52    36478  1.54    25     8 -1 -1 -0.4544   1.49    2.75   -1.13    8.03 -0.0000  0.0009  -10.1
2022  14  9  0    2.96   -0.77    8.49  -342.9    18.3    21.0   6.00    34742  1.42    21     5 -1 -1 -0.4481   1.38    2.91   -0.63    8.24 -0.0000  0.0001  -10.4
2022  14  9 10    3.58   -1.05    8.28  -341.4    16.4    19.5   6.26    34906  1.47    19     6  0  0 -0.4417   1.42    3.03   -0.76    8.32 -0.0000  0.0001  -10.5
2022  14  9 20    3.27    1.50    8.12  -342.0    18.5    19.2   6.80    41024  1.60    16     7  0 -1 -0.4352   1.55    3.30   -0.78    8.37 -0.0000  0.0001  -10.4
2022  14  9 30    1.11    3.24    7.88  -346.5    19.3    17.2   6.76    41794  1.63    15     8  0  0 -0.4285   1.58    3.05    0.12    8.25  0.0000  0.0010  -10.1
2022  14  9 40    0.85    4.24    8.14  -345.7    18.1    17.2   6.10    39648  1.47    15     8  0  0 -0.4218   1.42    2.46    1.64    8.07  0.0000  0.0041  -10.0
2022  14  9 50    1.44    3.88    7.85  -347.4    12.7    15.6   6.63    42550  1.61    18     8  0  0 -0.4149   1.56    1.54    2.99    8.01  0.0000  0.0070   -9.6
2022  14 10  0    1.93    4.71    6.79  -342.4    22.4    23.7   7.02    59461  1.66    14     9  0  0 -0.4080   1.61    1.43    3.91    7.65  0.0003  0.0155  -10.0
2022  14 10 10    1.94    5.75    5.22  -344.0    29.4    20.9   7.89    54523  1.89    18     9  0  0 -0.4010   1.83    1.62    4.44    7.09  0.0009  0.0267   -9.7
2022  14 10 20    1.90    5.96    5.70  -344.1    25.8    16.9   6.65    43486  1.59    29    10  0  0 -0.3940   1.54    1.99    5.37    5.95  0.0037  0.0554   -9.4
2022  14 10 30    2.59    3.42    7.88  -345.5    19.9    16.2   5.94    28122  1.43    27     8  0 -1 -0.3870   1.38    2.11    5.21    6.05  0.0037  0.0531   -8.7
2022  14 10 40    2.15    3.70    7.89  -346.0    20.7    18.2   5.71    29600  1.38    14     8  0 -1 -0.3799   1.33    2.18    4.76    6.61  0.0031  0.0425   -8.9
2022  14 10 50    1.90    3.47    6.98  -347.8    16.1     8.9   9.14    46159  2.22    18    12  0  0 -0.3728   2.15    2.20    3.93    7.55  0.0003  0.0148   -8.9
2022  14 11  0    1.97    1.36    7.85  -350.8     6.8     7.1   9.98    40898  2.46    22    15  0  0 -0.3657   2.38    2.07    3.36    7.53  0.0001  0.0094   -8.3
2022  14 11 10    2.11    1.10    8.34  -350.5     1.9     5.3   9.43    41713  2.32    22    16  0 -1 -0.3587   2.24    1.96    2.39    7.66  0.0000  0.0057   -7.4
2022  14 11 20    2.78   -2.43    7.04  -348.8    -7.7     3.8  10.29    41909  2.50    30    17 -1 -1 -0.3517   2.43    2.00    1.15    7.83  0.0000  0.0019   -7.2
2022  14 11 30    3.28   -4.91    5.81  -348.4   -15.7    -9.1  12.23    45822  2.98    20    16  0  0 -0.3447   2.88    2.27   -0.80    7.62 -0.0001  0.0048   -7.4
2022  14 11 40    2.63   -6.54    5.91  -347.5   -31.8     8.4   8.38    30778  2.04    24    14  0  0 -0.3378   1.98    2.81   -3.05    6.74 -0.0020  0.0279   -8.2
2022  14 11 50    2.18   -6.94    5.46  -351.1   -27.4     0.2   7.50    52116  1.86    17    10  0  0 -0.3309   1.80    2.84   -5.31    5.86 -0.0045  0.0586   -7.9
2022  14 12  0    1.80   -7.96    4.44  -351.2   -29.3    -5.0   7.26    38146  1.80    17    12  0  0 -0.3242   1.75    2.62   -6.67    5.36 -0.0089  0.0954   -8.8
2022  14 12 10    1.24   -8.47    3.12  -353.3   -26.4    -4.7   7.97    40277  2.00    24    10  0  0 -0.3175   1.94    1.94   -7.43    4.91 -0.0171  0.1316   -8.9
2022  14 12 20    1.82   -8.42    3.09  -351.0   -26.3     0.3   7.60    40053  1.88    16    10  0  0 -0.3109   1.82    1.82   -7.96    4.14 -0.0313  0.1754   -9.9
2022  14 12 30    1.71   -8.50    2.47  -352.9   -24.5     2.2   8.57    38882  2.14    17    10  0 -1 -0.3045   2.08    1.66   -8.30    3.35 -0.0493  0.2191  -10.3
2022  14 12 40    1.81   -8.64    1.89  -357.6   -26.9    -4.0   8.87    40146  2.28    29    11  0  0 -0.2982   2.21    1.71   -8.45    2.57 -0.0749  0.2614  -10.6
2022  14 12 50    2.49   -8.36    3.25  -352.6   -26.4     9.6   7.34    34472  1.84    22    10  0  0 -0.2920   1.78    2.08   -8.19    2.80 -0.0693  0.2442  -11.6
2022  14 13  0    0.43   -6.93   -2.11  -355.1   -13.8    11.0  14.29    50920  3.61    34    14  0  0 -0.2859   3.50    2.00   -7.86    1.90 -0.0742  0.2908  -12.4
2022  14 13 10   -0.19   -7.53   -1.60  -356.7   -11.0     6.8  13.07    42573  3.33    44    13  0  0 -0.2801   3.23    1.65   -7.47    0.89 -0.0847  0.3432  -13.6
2022  14 13 20    0.22   -7.78   -1.41  -352.8    -7.0     9.5  12.69    51612  3.16    63    10  0 -1 -0.2744   3.06    0.60   -7.52   -0.94 -0.1114  0.4520  -14.4
2022  14 13 30   -0.18   -7.76   -1.43  -351.1    -9.7     7.0  12.72    51081  3.14    55     8  0  0 -0.2688   3.04    0.19   -7.61   -1.41 -0.1250  0.4806  -15.0
2022  14 13 40    1.26   -8.40   -1.95  -351.6   -26.5     0.2   9.82    57430  2.44    73     6  0  0 -0.2635   2.36    0.30   -7.83   -1.73 -0.1081  0.5065  -15.4
2022  14 13 50    1.18   -9.16   -0.64  -357.0   -24.6    10.2   8.50    50951  2.18    61     5  0  0 -0.2584   2.11    0.78   -8.15   -1.74 -0.1097  0.5163  -15.2
2022  14 14  0   -0.07   -8.57   -3.53  -360.0   -21.1     5.9   8.74    53187  2.27   114     4  0  0 -0.2534   2.20    0.97   -8.53   -2.07 -0.1003  0.5543  -16.5
2022  14 14 10    3.27   -8.27    0.71  -356.5   -29.7    15.9  10.82    53835  2.78   142     3  0  0 -0.2487   2.69    0.63   -8.57   -2.62 -0.0884  0.5911  -17.7
2022  14 14 20    3.31   -8.66    1.14  -355.8   -30.3    10.9  10.62    60451  2.71   231     3  0  0 -0.2442   2.63    1.26   -8.49   -1.73 -0.1028  0.5317  -18.7
2022  14 14 30    4.06   -8.70    3.49  -359.0   -29.9     7.2  10.09    52722  2.62   300     3  0  0 -0.2400   2.54    2.23   -8.48   -0.41 -0.1221  0.4464  -18.8
2022  14 14 40    4.32   -8.78    2.58  -357.7   -25.2    13.9   9.65    55096  2.49   277     2  0  0 -0.2360   2.41    3.57   -8.66    1.91 -0.1277  0.3113  -19.2
2022  14 14 50    3.15  -10.08   -0.38  -351.9   -29.3    25.9  11.40    36493  2.86   256     2  0  0 -0.2322   2.77    3.83   -8.89    2.21 -0.1178  0.3040  -19.6
2022  14 15  0    2.07   -9.59   -1.97  -350.8   -29.4    26.9  13.45    33968  3.35   235     5  0  0 -0.2287   3.25    3.61   -9.19    1.43 -0.1411  0.3578  -20.0
2022  14 15 10    0.84   -9.44   -3.14  -346.3   -28.6    27.1  17.24    61488  4.19   279     5  0  0 -0.2254   4.06    2.80   -9.42   -0.66 -0.1512  0.4864  -19.8
2022  14 15 20    3.42  -10.50   -1.06  -352.6   -21.7    28.9  11.60    19689  2.92   282     4  0  0 -0.2224   2.82    2.62   -9.78   -1.37 -0.1841  0.5390  -20.3
2022  14 15 30    1.83  -10.70   -3.25  -365.8   -32.5    10.9  12.34    11672  3.33   269     4  0  0 -0.2197   3.23    2.15  -10.05   -2.07 -0.1598  0.5967  -20.7
2022  14 15 40    1.59  -11.12   -3.79  -363.5   -30.8    27.4  14.54    18401  3.89   275     5  0  0 -0.2172   3.77    2.30  -10.54   -2.26 -0.1648  0.6315  -21.7
2022  14 15 50    2.20  -11.09   -2.12  -363.2   -36.7    31.5  15.18    23894  4.08   238     4  0 -1 -0.2151   3.95    1.72  -10.86   -3.37 -0.1316  0.7174  -22.6
2022  14 16  0    0.17   -9.52   -6.24  -370.8   -27.0    15.2  15.46    27892  4.28   313     3  0  0 -0.2132   4.15    1.69  -10.82   -3.91 -0.1122  0.7508  -24.0
2022  14 16 10   -0.51   -9.66   -6.52  -370.4   -35.6    16.2  14.78    34529  4.10   317     0  0  0 -0.2115   3.97    0.94  -10.42   -4.77 -0.0859  0.7925  -25.9
2022  14 16 20   -2.92   -8.71   -7.10  -388.7   -23.3     7.5  13.72    27655  4.16   292    -3  0  0 -0.2102   4.03   -0.31   -9.74   -5.83 -0.0502  0.8377  -28.1
2022  14 16 30   -1.23   -9.53   -6.48  -371.2   -38.2    10.2  14.91    26655  4.16   257    -7  0  0 -0.2092   4.02   -0.94   -9.45   -6.55 -0.0288  0.8728  -30.1
2022  14 16 40   -1.31   -9.86   -6.78  -367.9   -33.8    16.9  13.96    29817  3.82   252    -9  0  0 -0.2084   3.70   -1.27   -9.40   -6.66 -0.0268  0.8751  -31.7
2022  14 16 50   -0.80   -9.02   -7.65  -363.0   -35.3    14.8  12.65    27037  3.37   259   -11  0  0 -0.2080   3.26   -0.86   -9.49   -6.78 -0.0254  0.8719  -32.1
2022  14 17  0   -0.53   -9.41   -8.20  -363.7   -29.0    20.7  10.26    21182  2.74   262   -12  0  0 -0.2078   2.65   -0.77   -9.37   -7.11 -0.0211  0.8718  -32.7
2022  14 17 10   -0.24   -8.73   -8.99  -362.0   -29.2    20.6  10.97    21749  2.90   364   -16  0  0 -0.2079   2.81   -0.42   -9.35   -7.71 -0.0150  0.8867  -33.2
2022  14 17 20   -0.25   -9.33   -8.98  -361.1   -27.2    24.9   9.98    16536  2.63   408   -17  0  0 -0.2084   2.55   -0.18   -9.31   -8.25 -0.0111  0.9009  -34.4
2022  14 17 30    0.21   -9.77   -8.71  -363.4   -26.6    26.4  10.45    17730  2.79   479   -17  0  0 -0.2091   2.70   -0.01   -9.48   -8.48 -0.0104  0.9133  -35.9
2022  14 17 40   -0.77   -8.47   -8.90  -368.3   -30.2    13.6  13.83    29507  3.78   607   -18  0  0 -0.2101   3.66   -0.04   -9.36   -8.66 -0.0095  0.9144  -37.7
2022  14 17 50   -1.80   -6.51  -10.92  -369.7   -30.4    13.0  11.61    26200  3.20   514   -21  0  0 -0.2114   3.10   -0.37   -9.07   -9.00 -0.0083  0.9187  -39.9
2022  14 18  0   -1.51   -7.60  -10.37  -369.4   -26.3    16.6  11.52    26346  3.17   497   -24  0  0 -0.2130   3.07   -1.01   -8.15   -9.80 -0.0044  0.9031  -42.2
2022  14 18 10   -1.18   -8.28  -10.20  -369.7   -32.0    20.8  12.99    24589  3.59   497   -26  0  0 -0.2148   3.48   -1.39   -7.77  -10.29 -0.0027  0.9038  -44.0
2022  14 18 20   -1.98   -8.20  -10.13  -368.6   -30.1    24.7  10.89    24315  2.99   817   -28  0  0 -0.2170   2.90   -1.44   -7.84  -10.37 -0.0026  0.9101  -46.2
2022  14 18 30   -1.87   -8.11  -10.18  -371.8   -28.8    21.1  11.58    25153  3.23   752   -32  0  0 -0.2194   3.13   -1.48   -8.17  -10.22 -0.0030  0.9286  -48.2
2022  14 18 40   -1.79   -8.29  -10.46  -374.1   -26.5    21.3  13.08    25013  3.69   586   -32  0  0 -0.2221   3.58   -1.62   -8.14  -10.26 -0.0029  0.9315  -50.9
2022  14 18 50   -1.67   -7.97  -11.12  -377.1   -26.3    23.5  13.13    24858  3.77   525   -36  0  0 -0.2251   3.65   -1.63   -8.07  -10.44 -0.0026  0.9375  -52.6
2022  14 19  0   -2.88   -6.93  -11.67  -373.5   -27.3    22.2  12.89    23588  3.63   476   -38  0  0 -0.2283   3.51   -1.73   -7.96  -10.79 -0.0022  0.9414  -54.7
2022  14 19 10   -2.93   -7.55  -11.04  -369.1   -33.8    30.7  11.37    30338  3.15   622   -44  0 -1 -0.2318   3.05   -2.10   -7.83  -10.94 -0.0020  0.9365  -57.1
2022  14 19 20   -3.60   -6.99  -11.30  -370.3   -33.1    30.6  10.79    29069  3.00   695   -48  0  0 -0.2355   2.91   -2.71   -7.54  -11.14 -0.0013  0.9195  -59.8
2022  14 19 30   -3.26   -7.25  -11.30  -364.9   -37.2    32.4  11.84    29581  3.21   605   -49  0  0 -0.2395   3.11   -3.30   -7.24  -11.16 -0.0010  0.8976  -61.9
2022  14 19 40   -4.27   -7.10  -10.94  -364.2   -37.6    28.8  12.83    26217  3.46   639   -50  0  0 -0.2437   3.35   -3.65   -7.08  -11.28 -0.0008  0.8837  -63.9
2022  14 19 50   -4.28   -7.08  -10.81  -367.6   -35.3    32.0  13.23    29202  3.64   639   -51  0  0 -0.2482   3.52   -4.09   -6.92  -11.23 -0.0008  0.8705  -65.7
2022  14 20  0   -4.34   -7.69  -10.66  -368.0   -37.7    31.5  15.04    32088  4.15   622   -52  0  0 -0.2529   4.02   -4.23   -7.08  -11.05 -0.0010  0.8757  -67.7
2022  14 20 10   -4.81   -7.31  -10.87  -369.4   -35.8    34.2  13.28    33428  3.69   687   -57  0  0 -0.2578   3.57   -4.46   -7.12  -10.90 -0.0012  0.8799  -69.9
2022  14 20 20   -4.89   -7.51  -10.88  -368.6   -32.1    34.8  13.21    30601  3.65   947   -61  0  0 -0.2629   3.53   -4.56   -7.27  -10.87 -0.0013  0.8910  -72.7
2022  14 20 30   -5.72   -6.76  -11.20  -367.1   -35.1    36.1  13.25    31158  3.64   626   -65  0  0 -0.2682   3.52   -4.83   -7.29  -10.92 -0.0013  0.8927  -75.8
2022  14 20 40   -5.65   -6.89  -11.36  -366.2   -34.0    37.7  13.68    29736  3.74   754   -67  0  0 -0.2737   3.62   -5.07   -7.24  -11.04 -0.0011  0.8904  -78.7
2022  14 20 50   -6.80   -5.81  -11.59  -364.7   -36.2    34.6  14.41    29636  3.91   716   -68  0  0 -0.2793   3.78   -5.36   -7.14  -11.22 -0.0010  0.8854  -80.0
2022  14 21  0   -6.11   -7.92  -11.29  -364.6   -35.7    35.5  14.57    35821  3.95   665   -68  0  0 -0.2852   3.82   -5.79   -7.05  -11.33 -0.0009  0.8779  -81.0
2022  14 21 10   -6.39   -7.64  -11.64  -364.2   -33.8    31.6  15.96    36256  4.30   972   -70  0  0 -0.2912   4.17   -6.12   -7.36  -11.31 -0.0012  0.8906  -82.4
2022  14 21 20   -6.02   -7.85  -12.49  -366.6   -33.4    30.9  15.50    25974  4.23  1149   -73  0  0 -0.2973   4.10   -6.31   -7.59  -11.50 -0.0013  0.9051  -84.8
2022  14 21 30   -6.72   -6.74  -12.72  -366.3   -48.5    35.6  19.94    31810  5.50  1085   -73  0  0 -0.3036   5.32   -6.25   -7.63  -11.96 -0.0012  0.9132  -88.0
2022  14 21 40   -7.00   -6.28  -13.55  -361.3   -42.5    35.1  17.10    34935  4.57   992   -81  0  0 -0.3100   4.42   -6.52   -7.22  -12.57 -0.0008  0.8965  -91.3
2022  14 21 50   -7.21   -6.37  -13.87  -362.1   -43.7    34.2  18.40    31475  4.94   925   -84  0  0 -0.3165   4.78   -6.93   -6.77  -13.06 -0.0005  0.8709  -95.7
2022  14 22  0   -6.56   -5.62  -14.56  -365.3   -46.9    38.8  19.39    31937  5.32   477   -89  0  0 -0.3232   5.15   -7.14   -6.35  -13.53 -0.0003  0.8444  -99.7
2022  14 22 10   -8.18   -5.15  -14.45  -364.0   -47.4    34.5  18.82    33630  5.12   555   -93  0 -1 -0.3299   4.96   -7.35   -5.82  -14.00 -0.0001  0.8071 -104.1
2022  14 22 20   -8.61   -4.45  -14.48  -363.6   -46.4    33.0  18.41    29038  4.98   401  -101  0 -1 -0.3367   4.83   -7.71   -5.23  -14.39 -0.0001  0.7633 -106.0
2022  14 22 30   -6.53   -3.39  -16.84  -375.8   -48.8    25.9  11.66    27914  3.36   408  -100  0  0 -0.3436   3.26   -7.86   -4.65  -14.85 -0.0000  0.7153 -105.4
2022  14 22 40   -1.38   -8.85  -10.21  -390.6   -26.9    17.0  12.45    62150  3.83   477   -94  0  0 -0.3505   3.70   -7.72   -3.73  -15.40 -0.0000  0.6207 -103.4
2022  14 22 50    1.97    6.25    8.44  -439.5    43.6    -3.6  16.21   165612  6.33  1115   -91  0  0 -0.3575   6.13   -3.39   -4.74  -10.13 -0.0429  0.5234 -102.4
2022  14 23  0    1.22    5.49    8.56  -437.0    35.3     2.8  15.85   234586  6.10   652   -89  0  0 -0.3645   5.90   -0.63   -1.11   -2.40 -0.0396  0.3274 -104.1
2022  14 23 10    4.34   -0.23    9.46  -428.1    24.0    12.6  16.22   237452  5.96   787   -94  0 -1 -0.3715   5.78    2.65    0.64    6.18 -0.0395  0.1748 -105.9
2022  14 23 20    1.36    2.56   10.42  -419.4    12.9    13.3  16.23   252789  5.72   708   -97  0  0 -0.3786   5.54    2.17    3.72    9.04  0.0034  0.0314 -107.2
2022  14 23 30    3.28   -5.27    8.69  -415.6     9.9    27.9  16.31   245481  5.66   693   -95  0  0 -0.3856   5.48    2.78    0.50    9.86  0.0000  0.0078 -105.3
2022  14 23 40    2.71  -10.94    3.03  -415.8     8.0    23.4  15.97   263538  5.54   571   -88  0  0 -0.3926   5.37    2.77   -3.44    8.76 -0.0203  0.0671 -100.8
2022  14 23 50   -1.50   -9.31   -4.82  -425.3     5.7    13.5  12.22   265939  4.42   427   -84  0  0 -0.3996   4.29    2.06   -7.26    4.85 -0.0818  0.3098  -95.1
2022  15  0  0    2.94   -7.65    4.61  -420.5    13.6    18.3  12.68   267949  4.50   285   -78  0  0 -0.4065   4.36    0.65   -9.39    0.45 -0.1376  0.5712  -90.2
2022  15  0 10    1.09   -9.56    3.88  -419.2    18.7    23.8  13.15   242187  4.65   281   -73  0  0 -0.4134   4.50    0.13   -9.56   -0.48 -0.1616  0.6136  -87.1
2022  15  0 20    0.87   -8.43   -6.31  -420.6     9.6    26.1  11.48   288458  4.08   272   -74  0  0 -0.4202   3.95   -0.17   -8.41   -1.26 -0.1130  0.5715  -85.4
2022  15  0 30    4.73   -8.01    4.04  -421.6    12.3    23.9  12.32   250880  4.40   352   -72  0  0 -0.4269   4.26    1.24   -8.30   -1.36 -0.1060  0.5759  -84.4
2022  15  0 40    5.10   -9.16    1.82  -422.8    19.9    27.2  11.54   240887  4.15   389   -72  0  0 -0.4335   4.02    2.56   -7.78   -1.12 -0.0825  0.5489  -83.8
2022  15  0 50    4.28  -10.84   -2.78  -429.5    19.0    14.7  10.27   242825  3.80   344   -73  0  0 -0.4400   3.68    4.24   -8.86    0.08 -0.1535  0.5569  -82.7
2022  15  1  0    2.06   -8.96   -2.37  -444.2    36.0    10.1  10.93   268729  4.34   270   -69  0  0 -0.4463   4.21    4.73   -9.22    0.27 -0.1671  0.5751  -81.9
2022  15  1 10    1.55   -2.92   -6.78  -437.4    41.8    32.8  11.77   337253  4.57   232   -68  0 -1 -0.4525   4.43    3.34   -8.74   -2.80 -0.1676  0.7644  -81.2
2022  15  1 20   -1.82   -3.03   -8.06  -463.2    47.7     2.9  10.91   378058  4.73   229   -67  0  0 -0.4586   4.58    1.87   -6.42   -4.90 -0.0837  0.7709  -81.9
2022  15  1 30    5.09   -8.29   -0.81  -445.5    29.5    23.1  11.35   341285  4.54   365   -71  0 -1 -0.4645   4.39    1.67   -5.20   -5.18 -0.0511  0.7315  -83.1
2022  15  1 40    5.69   -6.41    1.48  -441.4    22.2    33.5   9.48   234140  3.72   361   -73  0  0 -0.4702   3.61    2.93   -5.79   -3.20 -0.0996  0.6211  -84.6
2022  15  1 50    5.14   -7.49    1.76  -449.8    23.2    16.9  10.23   298388  4.16   333   -74  0  0 -0.4758   4.03    4.14   -7.04   -1.03 -0.1484  0.5781  -84.8
2022  15  2  0    5.23   -6.67    4.11  -452.8    25.8    19.6  10.42   286456  4.30   189   -71  0  0 -0.4811   4.16    4.64   -7.19    0.64 -0.1600  0.4638  -83.7
2022  15  2 10    4.00   -5.23    4.65  -453.5    19.4    10.9   9.38   293719  3.87   466   -70  0 -1 -0.4862   3.75    4.82   -6.72    1.34 -0.1160  0.3899  -82.1
2022  15  2 20    3.62   -6.33    1.03  -457.0    15.2    22.4   9.39   298371  3.94   287   -69  0  0 -0.4911   3.81    4.71   -6.72    1.61 -0.1178  0.3748  -81.0
2022  15  2 30    4.61   -5.48    2.08  -456.8    24.0    33.3   9.22   295265  3.88   451   -69  0  0 -0.4958   3.76    4.53   -6.45    1.21 -0.1445  0.3910  -80.9
2022  15  2 40   -2.61   -5.01   -0.62  -476.6    -8.9    24.0   9.86   245368  4.50   539   -69  0  0 -0.5002   4.35    2.91   -5.87    0.40 -0.1552  0.4297  -79.9
2022  15  2 50   -0.63    1.41   -6.90  -465.6    25.9    16.6  10.12   265967  4.41   503   -64  0  0 -0.5043   4.27    1.29   -4.25   -0.77 -0.1147  0.4320  -78.2
2022  15  3  0    3.53    2.40   -6.45  -460.2    32.5    16.5  10.62   259672  4.53   580   -60  0 -1 -0.5082   4.38    0.84   -1.29   -2.64 -0.0465  0.4994  -75.6
2022  15  3 10    2.89    2.52   -7.44  -460.8    30.0    11.4  11.10   229835  4.74   413   -57  0 -1 -0.5118   4.59    2.34    1.28   -4.52 -0.0090  0.5767  -72.7
2022  15  3 20    2.82    1.81   -8.16  -462.7    22.8     2.2   9.14   191897  3.93   425   -54  0 -1 -0.5151   3.80    3.60    2.41   -6.16  0.0012  0.5829  -71.6
2022  15  3 30    2.66    0.64   -5.80  -464.2    22.3     8.3  10.44   267949  4.51   419   -56  0  0 -0.5182   4.37    3.50    1.58   -6.31  0.0010  0.5018  -70.2
2022  15  3 40    3.68   -0.85   -7.31  -463.1    13.2     2.3   8.25   224275  3.54   293   -56  0  0 -0.5209   3.43    3.02    0.77   -7.10 -0.0000  0.3534  -70.0
2022  15  3 50   -4.41    1.31    0.77  -472.7    15.8    13.7  10.43   150532  4.67   194   -52  0  0 -0.5233   4.52    3.07   -0.04   -6.34  0.0002  0.2940  -69.0
2022  15  4  0   -3.22    1.19   -0.20  -470.8    16.3    17.2  11.69   167159  5.20   181   -51  0  0 -0.5254   5.03    0.76    0.07   -4.05  0.0011  0.1681  -69.4
2022  15  4 10   -2.28    0.10   -1.50  -473.1     7.6    -7.0  12.46   190474  5.58   233   -51  0  0 -0.5272   5.40   -0.24   -0.14   -2.12  0.0024  0.1965  -70.4
2022  15  4 20    0.57    0.20   -1.52  -464.2     4.1    -5.1  12.45   184060  5.37   203   -53  0 -1 -0.5286   5.20   -1.53    0.17   -0.62  0.0023  0.1388  -70.9
2022  15  4 30   -1.64   -0.23    1.75  -455.3     0.7    -3.2  12.44   177647  5.17   166   -52 -1 -1 -0.5298   5.00   -0.30   -0.33   -0.93 -0.0013  0.1730  -70.6
2022  15  4 40   -0.51   -1.92    1.02  -446.4    -2.8    -1.3  12.43   171233  4.96   127   -51  0 -1 -0.5306   4.80   -1.04   -0.06    0.15 -0.0026  0.0947  -70.3
2022  15  4 50    2.19   -3.54    0.72  -442.9    -3.1    -1.1  12.80   158327  5.03   151   -52  0 -1 -0.5311   4.86   -0.39   -1.18    0.76 -0.0340  0.1194  -70.4
2022  15  5  0   -0.33   -4.88    2.06  -443.1    -5.3    -1.3  13.48   122642  5.30    98   -51  0  0 -0.5312   5.13   -0.08   -1.79    1.69 -0.0389  0.1019  -69.9
2022  15  5 10   -0.87   -3.33    2.09  -453.4    -1.6     7.8  14.08   131267  5.79    98   -47  0  0 -0.5310   5.61    0.41   -3.31    1.61 -0.0609  0.1820  -68.7
2022  15  5 20   -1.13   -1.88    1.91  -445.8     3.3     0.6  14.22   173490  5.65   120   -46  0  0 -0.5305   5.47   -0.09   -3.23    1.74 -0.0460  0.1690  -67.4
2022  15  5 30    2.41   -3.51   -1.27  -444.9     1.5    -9.3  13.56   158262  5.37   147   -47  0  0 -0.5296   5.20   -0.09   -3.32    0.84 -0.0552  0.2329  -66.9
2022  15  5 40   -1.66   -1.79   -2.43  -451.2    -0.2   -12.3  13.36   175747  5.44   139   -45  0  0 -0.5285   5.27    0.33   -2.82   -0.18 -0.0414  0.2995  -66.7
2022  15  5 50   -3.61   -0.67   -1.58  -457.5   -13.9    -5.7  10.77   139309  4.51   111   -48  0  0 -0.5269   4.37   -0.02   -2.39   -1.16 -0.0256  0.3710  -65.3
2022  15  6  0   -3.74    0.24   -0.91  -461.3   -11.8    -4.3   9.12   156682  3.88   171   -46  0  0 -0.5251   3.76   -1.34   -1.51   -1.57 -0.0088  0.3278  -64.9
2022  15  6 10   -3.43    0.39   -0.80  -471.0   -10.1    -6.2   9.65   137367  4.29   214   -48  0  0 -0.5230   4.15   -2.77   -0.30   -1.07  0.0030  0.2260  -65.9
2022  15  6 20   -3.89   -0.79    0.35  -469.3   -24.8     3.4   9.56   177203  4.22   126   -54  0  0 -0.5205   4.09   -3.42    0.31   -0.29  0.0036  0.1129  -68.4
2022  15  6 30   -3.95    0.35   -1.07  -469.5   -24.9    -5.5   8.72   152019  3.86   120   -57  0  0 -0.5177   3.73   -3.27    0.04    0.10 -0.0084  0.1194  -69.8
2022  15  6 40   -2.86   -0.77   -1.34  -468.3   -16.9     7.5   8.65   135929  3.80   105   -57  0  0 -0.5147   3.68   -3.04   -0.55   -0.30 -0.0123  0.1697  -69.7
2022  15  6 50   -3.68   -0.84   -1.80  -465.3   -19.7    -1.9   7.43    87781  3.22    90   -56  0  0 -0.5113   3.12   -3.08   -0.86   -0.87 -0.0124  0.2411  -68.9
2022  15  7  0   -3.44   -2.08   -1.37  -461.9   -12.8     0.6   7.75    85656  3.31    93   -56  0  0 -0.5076   3.21   -3.17   -0.93   -1.43 -0.0007  0.3014  -67.1
2022  15  7 10   -4.82   -1.14    0.84  -459.4   -12.8    -3.4   6.82    60230  2.88    59   -54  0 -1 -0.5037   2.79   -3.71   -1.20   -0.97 -0.0098  0.2655  -65.9
2022  15  7 20   -4.72   -0.90    0.31  -457.6   -24.7    -9.2   7.49    71053  3.15   111   -53  0  0 -0.4995   3.05   -4.23   -1.31   -0.42 -0.0157  0.2085  -65.9
2022  15  7 30   -4.63   -0.65   -0.36  -463.7   -17.5    -4.1   8.07   101106  3.47    75   -54  0  0 -0.4951   3.37   -4.70   -1.08    0.23 -0.0175  0.1152  -66.5
2022  15  7 40   -4.79   -1.17   -1.44  -457.5   -24.7     0.1   6.87    63354  2.88    81   -55  0  0 -0.4904   2.79   -4.73   -0.68   -0.15 -0.0083  0.1185  -67.5
2022  15  7 50   -3.88   -0.81   -0.02  -449.0   -15.8    -8.5   9.12    97910  3.68    77   -55  0  0 -0.4854   3.57   -4.43   -0.65   -0.47 -0.0059  0.1618  -67.4
2022  15  8  0    4.26    0.15   -0.62  -450.3    -7.7    -3.5   8.84   174723  3.59   101   -55  0  0 -0.4803   3.47   -3.18   -0.78   -0.99 -0.0053  0.2239  -67.9
2022  15  8 10    4.38    0.25    0.29  -454.7   -19.7    -2.8   8.51   119482  3.53    79   -55  0  0 -0.4749   3.41   -0.15   -0.62   -0.62 -0.0056  0.1751  -67.4
2022  15  8 20    4.93    0.51    0.64  -452.0   -14.3     2.0   8.08   132227  3.30    79   -55  0  0 -0.4693   3.20    2.80   -0.14   -0.34 -0.0000  0.1127  -67.5
2022  15  8 30    3.33    0.88   -2.16  -452.5   -16.7    -6.0   8.64   134528  3.54   115   -54  0 -1 -0.4635   3.43    4.53    0.35    0.00  0.0024  0.0661  -68.1
2022  15  8 40    4.20    0.19    0.33  -450.5   -16.7    -4.6   8.45   133030  3.44   160   -58  0 -1 -0.4576   3.33    4.29    0.50   -0.17  0.0039  0.0972  -68.8
2022  15  8 50    4.19   -0.56    0.93  -447.7   -11.2   -12.9   8.40   115536  3.37   136   -58  0  0 -0.4515   3.27    4.08    0.31    0.07  0.0018  0.0840  -69.4
2022  15  9  0    2.98   -1.09    1.49  -446.8   -13.7    -9.2   8.22   111283  3.29   108   -59  0  0 -0.4452   3.18    3.92   -0.06    0.51  0.0010  0.0493  -69.5
2022  15  9 10   -0.57   -2.12    0.04  -440.3   -18.1   -10.0   8.18    96403  3.18   113   -58  0  0 -0.4388   3.08    3.29   -0.59    0.79 -0.0050  0.0443  -69.5
2022  15  9 20   -0.49   -2.60   -0.53  -433.9   -13.6   -11.5   8.29   101304  3.13    99   -58  0  0 -0.4323   3.03    1.97   -1.35    0.56 -0.0267  0.1147  -69.3
2022  15  9 30    0.26   -2.77    0.95  -436.2   -21.8   -12.4   8.76    92257  3.34   103   -57  0  0 -0.4256   3.24    0.65   -2.05    0.40 -0.0432  0.1756  -68.6
2022  15  9 40    0.28   -2.44    0.76  -437.7   -22.4   -11.9   8.41    97188  3.23   102   -56  0  0 -0.4189   3.13    0.22   -2.45    0.67 -0.0482  0.1738  -68.0
2022  15  9 50   -0.78   -1.84   -2.21  -436.0   -13.5   -15.9   7.92   113792  3.02   118   -55  0  0 -0.4120   2.92    0.49   -2.50    0.33 -0.0371  0.2155  -67.7
2022  15 10  0   -0.42   -1.01   -1.84  -433.2   -21.7   -16.8   8.57   104169  3.23    85   -57 -1 -1 -0.4051   3.13    0.22   -1.97   -0.58 -0.0207  0.2567  -67.8
2022  15 10 10    2.58   -1.23    0.02  -431.7   -14.4   -15.2   9.18   131041  3.43   136   -56  0  0 -0.3982   3.32    0.27   -1.62   -1.46 -0.0119  0.3188  -68.4
2022  15 10 20   -0.26   -1.25    0.87  -433.9   -26.1    -8.4   9.35   110508  3.54   255   -57  0  0 -0.3911   3.42    0.27   -1.45   -0.79 -0.0063  0.2345  -68.9
2022  15 10 30    2.43    1.50   -0.89  -435.3   -26.3   -10.6   9.17   109102  3.49   157   -57  0  0 -0.3841   3.38    1.00   -1.23    0.14 -0.0066  0.1477  -69.1
2022  15 10 40    3.26   -0.54   -2.36  -435.2   -23.1   -18.4   8.99   127978  3.42   137   -56  0 -1 -0.3770   3.31    1.93   -0.94    0.10 -0.0052  0.1060  -68.1
2022  15 10 50    2.27   -1.57   -2.63  -438.0   -22.9   -14.3   9.17   122367  3.53    78   -52  0 -1 -0.3699   3.42    2.50   -0.58   -1.14 -0.0002  0.1772  -66.7
2022  15 11  0    2.84   -1.46   -2.06  -438.6   -18.6   -14.9   9.45   143428  3.65   108   -51  0  0 -0.3629   3.53    2.96   -0.97   -2.07 -0.0001  0.2909  -65.6
2022  15 11 10    3.56   -2.35   -1.14  -448.2   -15.6   -15.5   9.13   117366  3.68    75   -50  0  0 -0.3558   3.56    2.86   -1.50   -2.05 -0.0033  0.3595  -65.2
2022  15 11 20   -2.80   -1.37   -2.57  -438.6   -21.5   -15.0   9.93   112526  3.83   173   -50  0  0 -0.3488   3.71    2.91   -1.90   -1.69 -0.0071  0.3902  -64.5
2022  15 11 30   -2.59   -1.82   -1.49  -442.4   -20.4   -13.0  10.23   108772  4.02   342   -48  0  0 -0.3418   3.89    1.17   -1.93   -1.68 -0.0073  0.3935  -64.2
2022  15 11 40    2.55   -2.03    0.90  -438.6   -24.3   -10.3  10.78   139250  4.16   363   -47  0  0 -0.3349   4.03    0.68   -1.95   -1.07 -0.0128  0.3260  -63.9
2022  15 11 50    1.66   -2.26    0.17  -435.7   -19.6   -12.6  11.39   141491  4.34   444   -47  0  0 -0.3280   4.20    0.51   -2.02   -0.33 -0.0207  0.2406  -63.7
2022  15 12  0    5.40   -0.51    1.30  -443.5   -12.3   -13.2  10.06   124178  3.96   407   -47  0 -1 -0.3213   3.84    2.86   -1.93    0.69 -0.0265  0.1291  -63.6
2022  15 12 10    5.45   -0.67    0.84  -443.7    -9.2   -14.5  10.48   120394  4.13   266   -47  0 -1 -0.3146   4.00    4.07   -1.39    0.95 -0.0180  0.0691  -62.9
2022  15 12 20    0.61   -3.96   -0.56  -441.0   -12.0    -9.5  10.66   108741  4.15   287   -44  0  0 -0.3080   4.02    4.46   -1.23    0.91 -0.0153  0.0713  -62.2
2022  15 12 30   -1.08   -3.59    0.09  -440.4    -8.7   -16.0  11.08   120050  4.31   306   -43  0  0 -0.3016   4.17    3.22   -1.82    0.44 -0.0413  0.1631  -60.9
2022  15 12 40   -3.15   -4.38   -0.43  -460.6     1.5   -22.3  11.87   123444  5.05   413   -40  0  0 -0.2952   4.89    0.36   -2.72   -0.46 -0.0550  0.3229  -60.0
2022  15 12 50   -2.93   -4.36   -0.27  -455.5     0.4   -20.7  12.13   100864  5.04   456   -39  0  0 -0.2890   4.88   -1.88   -3.56   -0.74 -0.1067  0.4071  -59.5
2022  15 13  0   -0.12   -4.19    2.53  -454.9     0.2    -9.3  13.07   169311  5.41   322   -38  0  0 -0.2830   5.24   -2.97   -3.78   -0.62 -0.1041  0.4128  -59.0
2022  15 13 10   -6.66   -2.24   -3.74  -474.4   -10.4   -31.3  12.98   120207  5.87   248   -35  0  0 -0.2771   5.69   -3.40   -3.72   -0.71 -0.1019  0.4053  -59.1
2022  15 13 20   -5.60   -1.37   -5.36  -465.5    -3.7   -25.6  12.30   108457  5.35   279   -36  0  0 -0.2714   5.18   -4.38   -2.78   -2.31 -0.0411  0.4286  -58.9
2022  15 13 30   -5.30    1.06   -4.82  -469.7   -13.8   -29.8  15.03   124489  6.66   502   -32  0  0 -0.2659   6.45   -5.50   -1.70   -3.79 -0.0115  0.3897  -57.2
2022  15 13 40   -7.26   -1.99   -6.34  -478.7   -16.4   -32.9  11.88   108856  5.48   806   -31  0  0 -0.2605   5.30   -5.96   -0.76   -4.78 -0.0001  0.3978  -55.9
2022  15 13 50   -6.41   -2.29   -5.17  -467.5    -3.1   -28.2   9.86   105763  4.32   522   -34  0  0 -0.2554   4.19   -6.14   -0.81   -4.94 -0.0001  0.4113  -55.6
2022  15 14  0    3.84    2.83    1.27  -459.9    -1.7   -37.8  16.09   255849  6.85   554   -33  0  0 -0.2505   6.64   -4.32   -0.15   -3.86  0.0153  0.4325  -57.9
2022  15 14 10    4.24    0.94    3.15  -463.8   -11.1   -25.8  15.61   238243  6.74   500   -35 -1 -1 -0.2457   6.53   -1.21    0.52   -1.45  0.0185  0.2886  -59.4
2022  15 14 20    3.26    1.70    2.25  -468.1    -4.2   -31.7  14.00   220566  6.16   327   -35  0 -1 -0.2412   5.97    2.29    1.57    1.21  0.0199  0.1289  -58.8
2022  15 14 30   -0.19   -7.59   -2.40  -492.6     7.3   -33.3  10.82   181817  5.28   283   -34  0  0 -0.2370   5.11    3.80    1.10    2.65 -0.0099  0.0573  -56.7
2022  15 14 40   -4.41   -5.58   -6.43  -483.2   -16.1   -39.4  13.48   189389  6.34   321   -31  0  0 -0.2329   6.14    1.98   -1.63    0.57 -0.0320  0.3370  -55.3
2022  15 14 50   -3.28   -6.18   -6.40  -472.3    -3.0   -20.9   9.31   181832  4.16   290   -37  0 -1 -0.2292   4.03   -0.96   -3.83   -2.41 -0.0353  0.6333  -54.9
2022  15 15  0   -6.57   -3.48   -6.65  -470.4    -5.6   -25.5   8.61   152901  3.82   301   -38  0 -1 -0.2256   3.70   -3.72   -5.66   -5.65 -0.0223  0.9268  -56.3
2022  15 15 10    5.17   -7.32   -0.23  -493.7    -4.0   -37.3   9.30   230662  4.56   569   -38  0  0 -0.2223   4.42   -3.59   -5.43   -5.87 -0.0298  0.9017  -57.5
2022  15 15 20    8.56   -6.25    3.85  -523.1    35.8   -32.3   8.04   190573  4.44   560   -40  0  0 -0.2193   4.30    0.57   -5.63   -2.80 -0.0700  0.6894  -59.0
2022  15 15 30    8.00   -8.79    3.72  -523.4   -13.5   -39.7   7.24   262023  3.99   386   -43  0  0 -0.2166   3.87    4.46   -6.70    0.74 -0.1055  0.4837  -59.4
2022  15 15 40    8.01   -8.05    4.57  -521.7    11.1   -35.3   6.77   213064  3.70   397   -44  0  0 -0.2141   3.59    7.56   -7.69    3.73 -0.1100  0.3184  -59.2
2022  15 15 50    8.48   -7.64    4.41  -517.4    10.4   -42.6   6.72   226298  3.62   446   -42  0  0 -0.2119   3.51    7.85   -8.37    4.25 -0.0907  0.3165  -58.3
2022  15 16  0    8.97   -6.40    5.30  -519.4     5.9   -37.9   7.00   240855  3.80   326   -40  0 -1 -0.2100   3.68    8.23   -7.93    4.43 -0.0709  0.2791  -56.9
2022  15 16 10   10.42   -5.36    3.60  -514.7    28.9   -36.8   6.86   194158  3.66   436   -39  0  0 -0.2084   3.55    8.66   -7.08    4.76 -0.0442  0.2152  -55.2
2022  15 16 20    7.90   -7.85    5.29  -529.2     3.3   -20.0   7.37   273802  4.13   508   -35  0 -1 -0.2071   4.00    8.64   -6.92    4.87 -0.0364  0.2001  -53.2
2022  15 16 30    7.84   -7.06    3.46  -530.2     8.5   -32.9   6.78   218798  3.83   385   -33  0 -1 -0.2060   3.71    8.47   -6.99    4.81 -0.0429  0.2112  -51.8
2022  15 16 40    6.00   -1.74    0.06  -517.6    50.3   -16.5   7.39   282474  4.00   341   -30  0  0 -0.2052   3.88    8.18   -6.81    4.40 -0.0492  0.2242  -51.5
2022  15 16 50    4.25   -6.03    1.92  -564.8    -3.9   -10.9   9.00   487217  5.76   407   -30  0  0 -0.2048   5.56    7.11   -6.32    3.10 -0.1153  0.3131  -51.9
2022  15 17  0    4.79    1.83    7.91  -569.1    52.8    -9.6   7.68   348140  5.02   286   -30  0 -1 -0.2046   4.86    5.85   -4.05    3.59 -0.0977  0.2427  -52.8
2022  15 17 10    4.50   -1.14    8.10  -560.7    74.4     8.3   8.04   388185  5.15   160   -31 -1 -1 -0.2047   4.98    4.74   -2.36    4.83 -0.0871  0.1876  -52.8
2022  15 17 20    5.76   -4.39    3.66  -556.3    53.5   -12.4   7.90   411978  4.94   165   -31  0  0 -0.2051   4.78    4.67   -0.99    7.07 -0.0062  0.0237  -52.8
2022  15 17 30    4.92   -4.83    5.09  -550.0    -0.3   -40.8   8.44   460349  5.13   135   -31  0  0 -0.2058   4.97    5.10   -2.39    6.62 -0.0064  0.0462  -52.0
2022  15 17 40    6.12   -5.81    3.98  -543.3     6.9   -43.5   7.62   377294  4.53   109   -30  0  0 -0.2068   4.39    5.34   -4.27    5.29 -0.0210  0.1159  -51.4
2022  15 17 50    6.02   -6.59    2.57  -549.6    14.1   -47.3   7.23   307908  4.40   117   -29  0  0 -0.2081   4.26    5.85   -5.57    3.94 -0.0354  0.1846  -51.2
2022  15 18  0    5.49   -8.05    0.70  -547.1    19.6   -66.4   9.00   391398  5.47   147   -28  0  0 -0.2097   5.30    6.03   -6.07    3.02 -0.1005  0.2864  -51.2
2022  15 18 10    7.92   -4.54   -5.80  -537.1    38.8   -95.9   8.94   303865  5.35   358   -28  0  0 -0.2116   5.18    6.41   -6.35    0.91 -0.1508  0.5271  -50.7
2022  15 18 20    7.40   -4.11   -5.89  -535.4    40.4   -90.9   8.24   315289  4.88   330   -25  0 -1 -0.2137   4.73    6.88   -5.97   -1.98 -0.1384  0.7968  -51.8
2022  15 18 30    3.79   -6.69   -2.53  -552.5    22.9   -78.6   7.43   476071  4.64   552   -32  0  0 -0.2161   4.49    6.78   -4.84   -4.54 -0.0738  0.9091  -52.9
2022  15 18 40    4.57   -5.24    2.45  -541.8    27.8   -41.4   6.97   536401  4.14   593   -38  0  0 -0.2188   4.00    6.26   -4.44   -3.99 -0.0389  0.8295  -55.5
2022  15 18 50    4.02   -7.64    5.76  -565.4    29.7   -16.3   5.58   398903  3.58   536   -41  0  0 -0.2218   3.47    4.96   -5.28   -0.69 -0.0598  0.5752  -56.4
2022  15 19  0    1.81   -7.74    6.69  -565.2    24.6   -13.1   5.27   356844  3.38   460   -41  0  0 -0.2250   3.27    4.49   -6.98    2.34 -0.1129  0.4667  -57.0
2022  15 19 10    2.72   -8.26    5.51  -566.7    23.6   -15.5   5.90   413859  3.80   460   -39  0  0 -0.2285   3.68    3.25   -7.61    4.81 -0.0902  0.2935  -56.2
2022  15 19 20    3.11   -8.89    4.87  -556.3     3.1   -30.3   6.05   471596  3.76   448   -38  0 -1 -0.2322   3.64    2.91   -8.24    4.49 -0.1216  0.3511  -54.7
2022  15 19 30    2.52   -6.61    7.53  -545.6    24.6    -3.1   6.11   483293  3.65   504   -35  0 -1 -0.2362   3.53    2.19   -8.08    5.53 -0.0740  0.2709  -52.6
2022  15 19 40    6.16   -8.30    1.03  -546.2    26.6   -52.5   5.79   438292  3.49   485   -31  0 -1 -0.2404   3.38    2.43   -7.95    4.77 -0.1266  0.3393  -51.6
2022  15 19 50    3.72   -5.81    2.98  -537.9    29.3   -36.8   7.52   669552  4.41   391   -33  0  0 -0.2448   4.25    2.96   -7.80    3.55 -0.1913  0.4433  -49.6
2022  15 20  0    2.35   -4.32    8.33  -549.5    28.9   -15.6   5.40   416182  3.27   165   -28  0  0 -0.2495   3.17    3.04   -5.80    3.88 -0.1817  0.3936  -48.3
2022  15 20 10    4.68   -5.40    6.34  -545.5    74.6    15.1   5.94   449524  3.61    83   -28 -1 -1 -0.2544   3.49    3.31   -4.29    5.11 -0.1230  0.2782  -46.3
2022  15 20 20    0.57   -9.44   -5.68  -537.9    54.1   -12.5   5.36   390696  3.14    69   -28  0  0 -0.2595   3.04    3.27   -3.02    6.98 -0.0105  0.0801  -46.1
2022  15 20 30   -1.29  -10.37   -2.59  -579.2     4.3   -32.7   4.69   323534  3.16    73   -28  0  0 -0.2648   3.06    2.19   -5.68    3.49 -0.0829  0.4951  -45.2
2022  15 20 40    2.09   -9.63    3.30  -570.5    17.8    -6.1   4.71   302409  3.07   246   -25  0  0 -0.2703   2.97    1.63   -8.07    1.22 -0.2082  0.7269  -45.2
2022  15 20 50   -2.02  -10.02    4.00  -602.3    18.3     2.3   4.80   366086  3.49   223   -29  0  0 -0.2759   3.38    0.85   -9.76    0.44 -0.2692  0.8520  -44.5
2022  15 21  0    1.72  -10.39   -0.14  -565.5    11.9   -33.5   4.92   311545  3.16   219   -27  0  0 -0.2818   3.06    1.46   -9.82    2.07 -0.3343  0.6587  -45.3
2022  15 21 10    0.28   -7.19   -7.53  -575.6    46.5   -96.8   5.35   379974  3.67   351   -27  0  0 -0.2878   3.55    1.47   -9.72    0.66 -0.2915  0.8063  -45.8
2022  15 21 20   -0.93   -7.98   -6.70  -568.5    48.8   -90.8   5.48   491140  3.66   513   -30  0  0 -0.2939   3.54    0.68   -9.13   -2.63 -0.2359  1.1208  -48.1
2022  15 21 30   -2.88   -8.57   -5.38  -580.5    29.5   -75.6   4.34   348864  2.98   517   -36  0  0 -0.3002   2.89    0.17   -8.57   -5.17 -0.1111  1.3722  -51.1
2022  15 21 40    0.17   -9.52   -3.92  -580.3    36.9   -68.7   5.76   506796  3.95   517   -39  0  0 -0.3066   3.82   -0.79   -8.29   -6.04 -0.0468  1.4693  -53.9
2022  15 21 50    5.38   -1.48    8.22  -545.0    89.0    13.3   5.03   373291  3.07   577   -42  0  0 -0.3131   2.97    0.53   -7.55   -3.32 -0.0863  1.1801  -55.8
2022  15 22  0    7.19   -2.91    5.31  -525.1    82.8    -4.3   5.27   415525  2.97   830   -43  0 -1 -0.3197   2.88    2.58   -5.08    1.12 -0.0707  0.6870  -56.9
2022  15 22 10    7.61   -3.30    1.34  -536.0    42.5   -31.4   4.99   319202  2.90   798   -45  0  0 -0.3265   2.80    5.41   -3.25    4.23 -0.0637  0.2386  -56.7
2022  15 22 20    5.84   -3.40    3.42  -546.9    47.5    -6.9   5.03   343403  3.03   719   -40  0  0 -0.3333   2.94    6.25   -2.51    4.53 -0.0309  0.1035  -56.9
2022  15 22 30    3.27   -4.97    0.06  -563.7    13.2   -67.5   5.77   367516  3.72   819   -43  0  0 -0.3402   3.60    6.29   -3.36    2.82 -0.0528  0.1733  -56.2
2022  15 22 40    5.06   -3.44    5.83  -548.3    49.9     2.7   5.08   432394  3.08   749   -41  0  0 -0.3471   2.98    4.68   -4.21    0.70 -0.0653  0.4508  -55.9
2022  15 22 50    3.40   -7.82   -2.05  -554.2    23.4   -39.1   4.04   313719  2.50   675   -43  0  0 -0.3541   2.42    4.04   -4.67    0.98 -0.0862  0.4933  -54.6
2022  15 23  0   -0.81   -7.48   -5.01  -581.7    27.3   -81.6   4.42   317565  3.06   467   -39  0  0 -0.3611   2.96    2.86   -6.10   -0.24 -0.1275  0.7200  -53.4
2022  15 23 10   -0.10   -7.36   -4.97  -571.2    32.5   -83.8   4.62   314806  3.09   428   -37  0  0 -0.3681   2.99    2.04   -6.54   -1.14 -0.1139  0.8455  -52.3
2022  15 23 20    2.92   -8.11   -1.63  -556.7    33.2   -13.6   4.63   320595  2.88   536   -36  0 -1 -0.3751   2.79    0.92   -7.20   -2.51 -0.1137  1.0003  -52.1
2022  15 23 30    2.10   -6.34   -3.15  -549.1    35.1   -48.4   5.11   348162  3.12   409   -39  0  0 -0.3822   3.02    1.02   -6.81   -3.12 -0.0902  1.0324  -52.0
2022  15 23 40    2.75   -2.98    5.54  -540.9    55.2   -28.0   5.42   458636  3.22   423   -36  0  0 -0.3892   3.11    2.32   -6.45   -1.31 -0.1376  0.7956  -52.2
2022  15 23 50    4.59   -0.54    6.01  -537.1    51.5     6.4   4.79   337880  2.79   451   -38  0 -1 -0.3961   2.70    3.77   -5.08    0.20 -0.1027  0.5634  -52.4
2022  16  0  0    5.86   -5.26   -0.45  -552.6    46.4   -33.9   4.99   296400  3.08   412   -39  0  0 -0.4031   2.98    4.35   -3.68    2.41 -0.0751  0.3030  -53.1
2022  16  0 10    3.32   -4.44   -5.63  -541.7    51.6   -63.7   5.76   409264  3.46   357   -38  0  0 -0.4099   3.35    4.81   -3.47    1.67 -0.0581  0.3747  -54.1
2022  16  0 20    2.77   -2.90   -0.74  -566.0    69.6     4.5   4.72   205110  3.07   332   -42  0  0 -0.4167   2.97    3.73   -3.75   -0.05 -0.0725  0.5561  -55.0
2022  16  0 30    5.38   -0.23    4.78  -553.8   114.8     3.1   4.71   268326  3.01   357   -41  0  0 -0.4234   2.92    3.22   -3.92   -1.33 -0.0741  0.6778  -55.1
2022  16  0 40    4.16   -0.22    3.82  -592.8    46.2    17.0   2.72   219571  1.92   344   -43  0 -1 -0.4300   1.86    2.86   -2.55    1.22 -0.0326  0.4049  -55.3
2022  16  0 50    0.03   -4.33    2.92  -616.5    22.9    19.5   2.81   240914  2.15   455   -46  0 -1 -0.4365   2.07    3.58   -1.70    2.77 -0.0139  0.1982  -56.1
2022  16  1  0    2.66   -0.88    3.37  -607.0    55.6    20.3   3.23   287495  2.41   344   -51  0  0 -0.4429   2.33    3.09   -1.49    4.11 -0.0027  0.0306  -58.6
2022  16  1 10    4.56   -2.15    0.89  -584.2    26.2    -3.8   3.05   224052  2.08   362   -53  0 -1 -0.4491   2.02    2.80   -1.61    3.00 -0.0154  0.0741  -60.1
2022  16  1 20    4.03   -0.25   -2.78  -586.9    47.6   -60.5   2.98   199680  2.09   290   -52  0  0 -0.4552   2.02    2.88   -1.81    1.75 -0.0239  0.1740  -60.3
2022  16  1 30    4.65   -1.27   -2.19  -585.2    27.2   -45.0   3.00   175765  2.07   242   -52  0  0 -0.4611   2.01    3.77   -1.52   -0.39 -0.0216  0.3286  -59.0
2022  16  1 40    1.86   -3.56    2.33  -636.1    10.8    19.9   2.42   174593  1.96   269   -50  0  0 -0.4668   1.90    3.50   -2.12   -1.07 -0.0221  0.4257  -57.9
2022  16  1 50    1.32   -3.87    2.47  -625.7     2.5    18.7   2.17   153619  1.70   198   -50  0  0 -0.4724   1.65    2.69   -2.74   -0.10 -0.0188  0.3747  -56.9
2022  16  2  0   -0.04   -3.78    3.15  -611.5    -1.4    24.8   2.30   171036  1.72   321   -48  0  0 -0.4777   1.67    1.75   -3.57    1.71 -0.0262  0.2577  -57.2
2022  16  2 10   -2.73   -2.74    3.28  -636.9     6.0     7.8   2.67   182614  2.17   238   -50  0 -1 -0.4828   2.10    0.78   -3.35    2.76 -0.0159  0.1439  -57.0
2022  16  2 20   -1.73   -3.30    3.53  -643.7    -4.5    -5.9   2.50   185398  2.07   234   -48  0 -1 -0.4877   2.01   -0.46   -3.44    2.88 -0.0190  0.1491  -56.6
2022  16  2 30    3.21    1.68   -2.27  -607.0    55.6   -33.2   2.45   179261  1.83   237   -47  0  0 -0.4924   1.77   -1.09   -3.36    2.66 -0.0278  0.1878  -56.0
2022  16  2 40    3.27   -1.13   -0.92  -604.8    28.2   -32.2   2.59   165267  1.92   322   -48  0  0 -0.4968   1.84    0.11   -2.83    1.95 -0.0256  0.1986  -56.5
2022  16  2 50    2.57   -2.73    2.79  -590.7    31.0   -28.4   2.47   161957  1.74   258   -50  0  0 -0.5009   1.68    1.94   -2.03    1.15 -0.0189  0.2095  -57.7
2022  16  3  0    3.83   -1.92    1.50  -593.8    20.7   -18.2   2.92   156810  2.06   280   -51  0  0 -0.5048   2.00    3.24   -1.50    0.95 -0.0126  0.1607  -57.7
2022  16  3 10    0.33   -3.69    3.32  -628.2    10.0     9.0   2.33   180336  1.83   326   -49  0 -1 -0.5084   1.78    2.63   -2.17    1.28 -0.0165  0.1684  -57.2
2022  16  3 20   -2.03   -3.30    2.28  -654.2    12.0    11.2   2.39   166847  2.05   319   -48  0  0 -0.5118   1.98    0.91   -2.69    2.21 -0.0160  0.1262  -55.3
2022  16  3 30    2.18   -2.67   -3.14  -602.4    13.6   -49.5   2.21   169304  1.62   356   -45  0  0 -0.5148   1.56   -0.25   -2.99    2.59 -0.0095  0.1361  -53.6
2022  16  3 40    1.73   -2.80    1.36  -627.5    48.0    26.0   2.49   165606  1.98   409   -43  0  0 -0.5175   1.91   -0.10   -2.65    2.29 -0.0171  0.1661  -52.1
2022  16  3 50    1.85   -3.00    2.86  -603.6    20.7     6.7   2.32   170061  1.69   302   -44  0  0 -0.5200   1.64    0.93   -2.63    2.06 -0.0187  0.1758  -51.6
2022  16  4  0    2.01   -0.39    4.79  -600.9    39.1    20.8   2.25   144535  1.63   263   -43  0 -1 -0.5221   1.58    1.23   -2.01    2.71 -0.0154  0.1231  -51.4
2022  16  4 10    0.99   -0.67    5.09  -611.6    36.6    28.8   2.03   130142  1.53   163   -44  0  0 -0.5239   1.48    1.17   -1.33    3.92 -0.0031  0.0436  -50.9
2022  16  4 20    1.38   -0.69    4.89  -609.5    36.1    28.0   2.39   184291  1.79   131   -43  0 -1 -0.5253   1.73    1.03   -0.66    4.71 -0.0002  0.0078  -50.5
2022  16  4 30    1.32   -0.17    4.97  -610.4    44.5    29.2   2.17   151850  1.63   106   -42  0 -1 -0.5265   1.58    1.14   -0.45    4.96 -0.0000  0.0004  -50.0
2022  16  4 40    2.05   -1.24    3.89  -580.1    14.8    20.4   2.45   143683  1.65    99   -41  0  0 -0.5273   1.60    1.15   -0.54    4.90 -0.0000  0.0012  -49.6
2022  16  4 50    3.25   -2.30    1.62  -579.1    22.4   -15.6   3.07   230218  2.06    69   -40  0  0 -0.5278   2.00    1.59   -0.73    4.40 -0.0016  0.0135  -49.2
2022  16  5  0    3.56   -2.25    1.95  -581.8     7.1    -1.9   2.62   147953  1.77    49   -40  0 -1 -0.5279   1.72    2.24   -1.55    3.26 -0.0124  0.0709  -49.3
2022  16  5 10    3.83   -1.91   -1.23  -565.6    38.9   -24.5   2.74   107199  1.77   109   -42  0  0 -0.5278   1.71    2.97   -2.30    1.25 -0.0221  0.2567  -49.7
2022  16  5 20    4.55   -0.29   -0.81  -560.3    61.8   -23.3   2.78   107078  1.77    65   -41  0  0 -0.5272   1.71    3.56   -2.08   -0.29 -0.0215  0.3525  -50.1
2022  16  5 30    4.59   -0.81   -0.12  -564.1    45.1   -14.3   3.01   123932  1.93    95   -41  0  0 -0.5264   1.87    4.05   -1.25   -1.08 -0.0110  0.3597  -50.2
2022  16  5 40    4.64    0.15   -0.20  -566.9    29.3    -8.0   2.83   121107  1.83    63   -41  0  0 -0.5252   1.77    4.40   -0.66   -0.58 -0.0067  0.2106  -50.2
2022  16  5 50    4.10   -1.90    2.13  -564.0     2.8     9.3   2.33    98306  1.48    67   -43  0  0 -0.5237   1.44    4.17   -1.00    0.45 -0.0082  0.1310  -50.2
2022  16  6  0    2.37   -3.26    2.76  -573.6     8.4     8.1   2.47   115710  1.63    41   -42  0 -1 -0.5219   1.57    3.80   -1.70    1.62 -0.0088  0.0859  -49.8
2022  16  6 10    3.89   -2.70    1.26  -564.1    19.3     2.9   2.31   110789  1.47    51   -41  0  0 -0.5198   1.43    3.41   -2.17    2.14 -0.0062  0.0804  -49.2
2022  16  6 20    4.36   -1.95    0.99  -561.7    16.2     8.3   2.39   105001  1.51    41   -42  0  0 -0.5173   1.46    3.62   -2.10    2.08 -0.0053  0.0725  -49.2
2022  16  6 30    3.94   -1.92    1.90  -568.0    25.6    15.4   2.51   126608  1.63    28   -43  0 -1 -0.5146   1.57    3.79   -2.15    1.69 -0.0086  0.0963  -49.6
2022  16  6 40    3.06   -3.10    1.99  -566.9    10.7     5.7   2.57   145741  1.65    99   -42  0  0 -0.5115   1.60    3.87   -2.13    1.72 -0.0072  0.0897  -50.1
2022  16  6 50    2.80   -3.38    2.09  -572.1     0.7     4.1   2.79   133303  1.83    39   -41  0  0 -0.5082   1.77    3.39   -2.55    1.96 -0.0089  0.1059  -49.7
2022  16  7  0    2.44   -3.39    2.35  -573.0    -7.2     6.9   2.62   142076  1.72    33   -40  0  0 -0.5045   1.67    2.91   -2.87    2.15 -0.0107  0.1172  -49.3
2022  16  7 10    1.82   -3.83    1.14  -587.8     6.8    -7.1   2.53   155573  1.75    97   -40  0 -1 -0.5006   1.69    2.49   -3.38    2.14 -0.0180  0.1583  -49.1
2022  16  7 20    1.32   -3.78    1.44  -564.2    13.3   -11.1   2.62   172299  1.67    36   -40  0  0 -0.4964   1.62    1.35   -3.58    1.79 -0.0337  0.2108  -49.1
2022  16  7 30    0.04   -4.02    2.79  -572.8    -0.2    12.6   2.60   183212  1.71    41   -40  0  0 -0.4920   1.65    0.82   -3.48    1.64 -0.0368  0.2238  -48.5
2022  16  7 40   -0.89   -4.13    1.58  -576.5    -5.5    -6.7   2.56   183103  1.70    97   -37  0  0 -0.4873   1.65    0.16   -3.66    1.51 -0.0487  0.2548  -47.8
2022  16  7 50    3.60   -2.91    0.90  -580.1     7.5   -15.7   2.73   187359  1.83    71   -37  0 -1 -0.4824   1.78   -0.09   -3.69    1.86 -0.0372  0.2217  -46.8
2022  16  8  0    3.96   -2.87    0.19  -552.3     7.3   -12.2   2.70   151336  1.65   109   -37  0 -1 -0.4772   1.60    0.91   -3.58    1.43 -0.0554  0.2554  -45.7
2022  16  8 10    4.15   -2.78    0.33  -547.9    13.5   -15.6   2.50   143415  1.50   183   -35  0 -1 -0.4718   1.46    2.23   -3.03    0.93 -0.0593  0.2682  -45.0
2022  16  8 20    2.91   -2.92    0.48  -544.3     4.0   -15.1   2.65   162437  1.57   179   -36  0  0 -0.4663   1.52    4.01   -2.71    0.29 -0.0740  0.3054  -44.6
2022  16  8 30    4.75   -0.82    1.22  -526.9    10.2   -19.4   3.36   143812  1.87   154   -34  0 -1 -0.4605   1.81    3.93   -2.54    0.17 -0.0660  0.3067  -44.8
2022  16  8 40    4.29   -1.81    1.03  -521.5    24.9   -26.5   3.55   103395  1.94   180   -35  0 -1 -0.4546   1.88    4.07   -2.24    0.21 -0.0495  0.2691  -44.4
2022  16  8 50    3.98   -1.32   -2.15  -529.0    16.9   -31.3   3.24   131150  1.82   120   -33  0  0 -0.4485   1.76    4.18   -1.95    0.07 -0.0356  0.2623  -44.8
2022  16  9  0    3.48   -3.08    1.22  -537.9   -17.0    -1.8   3.37   122312  1.96   121   -35  0  0 -0.4422   1.89    4.29   -1.85   -0.39 -0.0199  0.3051  -46.1
2022  16  9 10    0.54   -4.42   -2.54  -549.1   -19.9   -35.8   3.39   116933  2.06    97   -37  0  0 -0.4358   1.99    3.72   -2.31   -0.62 -0.0274  0.3823  -48.4
2022  16  9 20    2.85   -3.98   -2.71  -541.6    -7.1   -57.7   4.17   150500  2.48   153   -38 -1 -1 -0.4293   2.40    2.90   -3.06   -1.52 -0.0260  0.5668  -50.1
2022  16  9 30    2.23   -4.04   -2.84  -533.8    -7.9   -64.2   4.00   143546  2.31   134   -40  0  0 -0.4226   2.24    2.49   -3.70   -2.02 -0.0268  0.6891  -51.1
2022  16  9 40    1.48   -3.86   -1.99  -554.7   -14.9   -59.4   3.90   120255  2.43   148   -41  0  0 -0.4159   2.35    2.28   -3.87   -2.68 -0.0210  0.7784  -51.7
2022  16  9 50    3.38   -3.81    2.85  -523.0    -4.6    14.2   3.34    94252  1.83   331   -43  0  0 -0.4090   1.77    2.33   -3.83   -1.40 -0.0268  0.6194  -52.8
2022  16 10  0    2.67   -5.02    1.01  -529.4   -23.6   -14.6   3.80   125723  2.14   284   -45  0  0 -0.4021   2.07    2.43   -3.98    0.10 -0.0397  0.4419  -53.9
2022  16 10 10    1.08   -6.15    0.52  -557.1   -19.8   -12.6   2.52    66204  1.57   243   -44  0  0 -0.3952   1.52    2.04   -4.67    1.06 -0.0850  0.3773  -53.8
2022  16 10 20    0.77   -6.04   -0.74  -537.3   -27.4   -31.0   3.53   104177  2.05   157   -42  0  0 -0.3881   1.99    1.78   -5.22    0.79 -0.1176  0.4402  -52.5
2022  16 10 30   -0.32   -6.29    0.33  -558.7   -23.3   -22.3   3.55    95546  2.22   173   -38  0  0 -0.3811   2.15    0.73   -5.85    0.34 -0.1792  0.5426  -50.5
2022  16 10 40    0.71   -6.28   -0.16  -551.5   -24.7   -32.1   3.56    86399  2.18   168   -36  0  0 -0.3740   2.11    0.40   -6.02    0.28 -0.2126  0.5637  -49.0
2022  16 10 50    1.69   -4.20   -4.32  -541.2   -26.1   -50.9   3.54    97408  2.10   183   -36  0  0 -0.3669   2.03    0.23   -6.05   -0.45 -0.2092  0.6595  -48.2
2022  16 11  0   -0.39   -4.86   -3.45  -550.3   -18.6   -56.5   3.79    91081  2.32   169   -36  0 -1 -0.3599   2.25    0.69   -5.56   -1.70 -0.1369  0.7738  -48.0
2022  16 11 10    0.56   -4.93   -3.70  -551.8   -15.2   -50.9   3.74   102346  2.30   262   -36  0  0 -0.3528   2.23    0.77   -4.99   -3.08 -0.0523  0.9004  -47.9
2022  16 11 20   -0.64   -4.59   -3.91  -560.8   -18.8   -58.5   4.22   135511  2.69   342   -35  0  0 -0.3458   2.60    0.69   -4.70   -3.64 -0.0159  0.9452  -48.3
2022  16 11 30    3.73   -2.10    3.85  -533.7     6.4    -4.2   4.67   144668  2.66   373   -36  0  0 -0.3388   2.58    0.94   -3.64   -1.94 -0.0131  0.7273  -48.8
2022  16 11 40    3.94   -4.20    0.67  -531.7    -7.0   -18.3   4.36   130535  2.47   258   -37  0  0 -0.3319   2.39    1.87   -3.11    0.52 -0.0109  0.4267  -49.6
2022  16 11 50    2.43   -2.22   -4.93  -539.8     6.1   -65.2   4.25   121426  2.51   190   -37  0  0 -0.3250   2.43    2.74   -2.58    0.70 -0.0116  0.3445  -49.9
2022  16 12  0    4.13   -2.09   -3.29  -520.5    -3.6   -51.8   4.32   126691  2.36   188   -38  0  0 -0.3182   2.29    2.89   -2.53   -1.47 -0.0077  0.4369  -49.9
2022  16 12 10    4.38    1.14   -2.74  -517.5    34.2   -52.1   4.76   120331  2.59   149   -36  0 -1 -0.3116   2.51    3.16   -2.10   -3.71 -0.0062  0.5942  -49.1
2022  16 12 20    0.64   -4.93   -2.17  -525.4    -9.7   -62.0   4.17   142899  2.33   317   -35  0  0 -0.3050   2.26    3.36   -1.63   -3.45 -0.0042  0.5371  -48.5
2022  16 12 30    1.89   -5.31   -0.50  -532.5   -29.8   -22.4   4.13    99186  2.35   284   -36  0  0 -0.2985   2.28    3.13   -2.85   -2.17 -0.0520  0.5756  -48.3
2022  16 12 40    2.38   -4.74   -0.06  -539.4   -22.9   -34.0   4.31   102795  2.52   570   -36  0  0 -0.2922   2.44    2.56   -4.03   -1.31 -0.1091  0.6018  -48.1
2022  16 12 50    1.88   -4.54    2.32  -541.0   -14.1   -31.6   4.09   124308  2.41   392   -34  0  0 -0.2860   2.33    2.15   -5.02   -0.53 -0.1545  0.5828  -47.7
2022  16 13  0    1.75   -3.82    0.54  -515.0    39.1   -13.8   4.47   144320  2.39   408   -33  0  0 -0.2799   2.31    2.31   -4.57    0.30 -0.1310  0.4447  -47.6
2022  16 13 10    2.22   -2.88   -0.19  -514.0    37.4   -12.3   5.52    88261  2.95   275   -34  0  0 -0.2741   2.84    1.88   -4.39    0.74 -0.1202  0.3761  -47.3
2022  16 13 20    1.66   -5.13   -1.20  -527.2     4.5   -32.6   4.71   173679  2.63   259   -33  0  0 -0.2683   2.55    1.35   -4.30   -0.00 -0.0897  0.4744  -47.2
2022  16 13 30   -0.10   -5.32   -1.87  -565.1   -32.7   -38.4   4.68   146463  3.01   381   -34  0  0 -0.2628   2.92    0.90   -4.81   -0.72 -0.1201  0.6014  -46.8
2022  16 13 40   -0.03   -4.17   -4.02  -542.1   -24.6   -45.8   4.22   136388  2.51   233   -33  0 -1 -0.2574   2.42    0.75   -4.92   -1.88 -0.0865  0.7615  -47.5
2022  16 13 50    2.14   -5.23   -1.43  -540.0   -20.5   -29.0   4.76   130198  2.79   290   -34  0  0 -0.2523   2.70    0.75   -5.10   -1.99 -0.0856  0.7806  -47.8
2022  16 14  0    0.82   -3.71    4.92  -541.8   -15.7    15.3   4.24   123713  2.49   269   -35  0  0 -0.2473   2.41    0.90   -4.75   -0.87 -0.0450  0.6618  -48.3
2022  16 14 10    0.08   -2.61    5.00  -544.9   -15.8     5.6   3.72   101230  2.21   257   -36  0  0 -0.2426   2.14    0.94   -4.20    1.74 -0.0325  0.3791  -48.9
2022  16 14 20    0.87   -4.34    2.88  -543.5   -28.2   -25.5   3.41   109845  2.02   142   -39  0  0 -0.2381   1.96    0.83   -3.63    3.75 -0.0214  0.1379  -49.6
2022  16 14 30    0.89   -5.63    0.16  -548.4   -26.2   -19.3   3.73   116437  2.25    78   -38  0  0 -0.2338   2.18    0.85   -3.47    3.33 -0.0408  0.1619  -50.3
2022  16 14 40    1.57   -4.93    1.32  -536.7   -22.9   -13.8   4.07   129749  2.35    66   -38  0  0 -0.2298   2.28    0.98   -4.12    1.56 -0.0946  0.3421  -50.5
2022  16 14 50    0.30   -3.53   -3.57  -535.9   -15.4   -36.8   4.22   134455  2.44    62   -38  0  0 -0.2260   2.36    1.37   -4.31    1.13 -0.1113  0.3855  -50.9
2022  16 15  0    0.34   -4.81   -2.17  -544.4   -18.6   -46.5   4.38   133843  2.62    88   -38  0  0 -0.2224   2.54    0.90   -4.49   -0.29 -0.0869  0.5534  -51.3
2022  16 15 10   -0.14   -5.32    0.09  -549.8   -27.8   -24.2   4.10   159017  2.49   264   -38  0  0 -0.2192   2.41    0.92   -4.16    0.17 -0.0744  0.4839  -51.5
2022  16 15 20    4.22    2.72    0.56  -541.4    28.9   -12.9   4.90   212246  2.88   235   -38  0  0 -0.2161   2.79    0.90   -2.97   -0.27 -0.0507  0.5078  -51.9
2022  16 15 30    1.06   -0.11    5.41  -539.9    11.2    -8.2   5.05   199716  2.94   371   -38  0 -1 -0.2134   2.85    2.24   -1.03    1.49 -0.0371  0.2514  -52.2
2022  16 15 40    3.79   -3.70   -0.15  -532.1    30.7     4.6   5.09   130030  2.89   369   -38  0  0 -0.2109   2.80    3.02    0.01    2.33  0.0018  0.1407  -52.1
2022  16 15 50    1.04    1.58   -1.27  -537.6     6.0   -37.8   4.97   239627  2.89   339   -37  0  0 -0.2087   2.80    3.08   -0.77    1.59 -0.0193  0.2068  -51.2
2022  16 16  0    3.80    1.41   -2.34  -531.0    11.2   -33.3   4.50   206975  2.55   304   -36  0  0 -0.2068   2.47    2.80   -0.83    0.58 -0.0186  0.2695  -49.9
2022  16 16 10    2.48   -0.86   -3.53  -536.3     6.5   -54.6   4.74   217994  2.76   364   -34  0 -1 -0.2051   2.67    2.87    0.12   -1.56 -0.0157  0.4380  -48.8
2022  16 16 20    0.03    1.36   -4.44  -544.1     9.1   -57.6   4.79   227563  2.87   348   -34  0  0 -0.2038   2.78    2.68    0.96   -2.62  0.0054  0.3556  -48.3
2022  16 16 30    0.55    3.76   -2.74  -546.2    30.5   -46.9   4.25   181736  2.56   366   -34  0  0 -0.2027   2.48    1.89    1.20   -3.82  0.0003  0.4843  -48.1
2022  16 16 40    1.33    3.93    1.89  -543.7    38.0    -4.7   4.05   166682  2.41   288   -35  0  0 -0.2019   2.33    0.95    2.11   -3.16  0.0318  0.5032  -48.0
2022  16 16 50    2.12    2.04   -2.50  -538.0    29.3   -48.0   4.22   197946  2.47   730   -35  0  0 -0.2015   2.39    0.84    3.46   -1.69  0.0642  0.5728  -47.7
2022  16 17  0    1.69    4.02   -1.27  -544.1    37.4   -26.8   3.63   169368  2.17   320   -35  0  0 -0.2013   2.10    0.99    3.63   -0.62  0.0825  0.4867  -47.1
2022  16 17 10    1.68    4.13    0.55  -545.9    41.3   -19.0   3.51   157793  2.11   379   -34  0  0 -0.2014   2.04    1.39    3.25    0.20  0.0661  0.3614  -46.7
2022  16 17 20    0.73    0.19   -0.57  -563.1     2.5    -8.9   4.31   226599  2.73   270   -33  0  0 -0.2018   2.65    1.38    2.32    0.38  0.0446  0.2696  -45.7
2022  16 17 30    2.03    1.96   -0.50  -547.3    22.8   -24.1   3.79   210099  2.28   271   -31  0  0 -0.2025   2.21    1.33    2.06    0.28  0.0308  0.2913  -44.4
2022  16 17 40    3.50    1.46    1.73  -532.0    46.9    -0.4   3.43   190814  1.96   327   -29  0  0 -0.2035   1.90    1.47    1.84   -0.11  0.0212  0.3231  -42.8
2022  16 17 50    2.67    3.13   -0.43  -536.9    35.9   -21.8   3.65   165689  2.12   260   -29  0  0 -0.2048   2.05    1.84    2.47   -0.00  0.0347  0.3469  -42.0
2022  16 18  0    3.31    1.53    1.67  -526.7    14.7   -18.0   3.83   160410  2.13   183   -29  0  0 -0.2063   2.06    2.58    2.51    0.48  0.0489  0.2701  -41.5
2022  16 18 10    4.04    0.42    0.96  -524.4    17.0   -10.5   3.69   147343  2.03   175   -28  0  0 -0.2082   1.97    3.01    2.15    0.71  0.0487  0.1935  -41.2
2022  16 18 20    1.51    2.43    0.22  -549.1    -2.4     9.7   3.55   167962  2.14   146   -27  0  0 -0.2103   2.07    3.41    1.30    1.12  0.0244  0.1095  -40.4
2022  16 18 30    1.61    2.58   -2.59  -537.7    35.3   -41.4   3.53   159031  2.06   228   -27  0  0 -0.2127   2.00    3.09    1.56    0.94  0.0241  0.1666  -40.0
2022  16 18 40    2.74    1.08    1.55  -540.8    40.2    10.2   3.56   175866  2.10   177   -26  0 -1 -0.2154   2.03    2.35    1.20    0.89  0.0189  0.2097  -39.6
2022  16 18 50    2.31    2.30    0.17  -545.4    34.0   -10.4   3.66   163303  2.19   143   -26  0  0 -0.2183   2.12    1.70    2.15    0.19  0.0418  0.3475  -39.3
2022  16 19  0   -2.08   -3.98    1.48  -567.5   -12.4    -0.2   3.58   148088  2.31   145   -24  0 -1 -0.2216   2.23    0.69    0.24    0.76  0.0089  0.2964  -37.8
2022  16 19 10   -1.66   -4.36    0.91  -573.4   -16.7   -11.3   3.61   150284  2.38   144   -19  0  0 -0.2250   2.30   -0.27   -1.38    0.86 -0.0190  0.3297  -37.0
2022  16 19 20    0.12   -6.80   -0.17  -591.2    -1.8   -19.1   6.62   316126  4.63   200   -15  0  0 -0.2288   4.49   -0.49   -4.66    1.31 -0.1193  0.3548  -37.1
2022  16 19 30    3.59   -1.20   -1.33  -570.2    16.3   -46.3   6.81   350542  4.48   235   -15  0  0 -0.2327   4.32    0.54   -4.20    1.53 -0.1306  0.3267  -38.9
2022  16 19 40    3.42   -5.61   -0.23  -565.1    -3.9   -45.6   6.19   261686  3.98   269   -19  0 -1 -0.2369   3.85    2.32   -3.30    0.52 -0.1252  0.4319  -40.9
2022  16 19 50    2.59    2.51    0.80  -597.5    62.4   -20.7   7.32   404127  5.29   320   -20  0  0 -0.2414   5.12    3.56   -1.73   -0.51 -0.0691  0.4519  -42.6
2022  16 20  0    0.90    4.97    4.36  -601.1    53.3   -10.8   5.82   248661  4.24   372   -22  0  0 -0.2460   4.11    3.14    0.10   -0.26 -0.0296  0.4571  -44.8
2022  16 20 10   -0.93    2.28    4.31  -604.1    44.7   -10.8   5.96   276143  4.38   578   -24  0  0 -0.2509   4.24    2.11    2.40    1.66  0.0004  0.3013  -47.0
2022  16 20 20    0.43    2.31    3.36  -613.7    24.4    -2.0   5.87   290070  4.44   968   -30  0  0 -0.2560   4.29    0.48    3.87    3.17  0.0374  0.1695  -49.2
2022  16 20 30    3.28   -2.34    3.26  -612.7     9.6     4.3   5.49   259877  4.12   967   -31  0  0 -0.2613   3.99   -0.13    3.12    3.91  0.0237  0.1162  -49.3
2022  16 20 40    4.27    0.60    3.39  -560.2    20.1     9.3   6.02   222691  3.79   589   -28  0  0 -0.2668   3.67    0.87    1.10    3.49  0.0159  0.0619  -47.5
2022  16 20 50    4.87   -0.63    2.89  -558.8    14.8    -6.0   5.92   252614  3.71   388   -25  0 -1 -0.2724   3.58    2.66    0.21    3.55  0.0001  0.0088  -45.2
2022  16 21  0    1.38   -3.67    4.59  -591.9     0.6    13.7   5.38   218381  3.77   257   -23  0  0 -0.2783   3.65    4.39   -0.56    2.91 -0.0001  0.0060  -43.8
2022  16 21 10    3.55   -3.36    3.64  -594.8    -7.7    -4.0   5.21   227184  3.69   410   -23  0 -1 -0.2842   3.57    3.75   -1.53    3.37 -0.0021  0.0322  -43.9
2022  16 21 20    2.79   -4.10    3.57  -584.7   -16.5    -8.5   5.53   249296  3.79   230   -25  0 -1 -0.2904   3.67    2.95   -2.77    3.70 -0.0042  0.0615  -44.3
2022  16 21 30    5.37   -2.28   -2.39  -555.3    -0.2   -58.4   5.50   172198  3.43   177   -26  0  0 -0.2967   3.32    2.80   -3.68    3.24 -0.0161  0.1434  -44.0
2022  16 21 40    3.96   -0.09   -3.67  -579.7    30.0   -51.8   4.32   225095  2.93   318   -26  0  0 -0.3031   2.84    3.76   -3.19    1.42 -0.0326  0.2784  -42.7
2022  16 21 50   -3.30   -0.61    3.54  -630.3    23.5     4.5   5.03   271310  4.00   481   -21  0  0 -0.3096   3.88    3.41   -2.86    0.36 -0.0350  0.3485  -42.0
2022  16 22  0   -5.23   -1.22   -0.60  -643.7    13.3   -30.2   4.84   221630  4.02   273   -22  0  0 -0.3162   3.89    1.68   -2.85    0.71 -0.0441  0.3294  -41.9
2022  16 22 10   -1.38   -5.58    1.48  -610.1   -15.5   -21.3   4.80   251539  3.58   247   -21  0  0 -0.3229   3.47   -1.20   -2.49    1.43 -0.0406  0.2680  -42.4
2022  16 22 20   -5.08   -2.52    2.02  -643.7     0.5   -11.1   4.66   238526  3.86   210   -22  0  0 -0.3297   3.74   -2.93   -2.62    1.96 -0.0456  0.2160  -42.1
2022  16 22 30   -5.65   -0.93    1.69  -624.4    -8.9     1.5   4.18   181565  3.26   223   -22  0 -1 -0.3366   3.16   -4.03   -2.42    1.84 -0.0298  0.1899  -42.1
2022  16 22 40    2.13   -4.61    0.86  -571.3     9.3     8.0   4.91   252455  3.22   218   -25  0  0 -0.3436   3.11   -3.31   -3.18    2.31 -0.0308  0.1498  -42.3
2022  16 22 50   -2.76   -4.53    3.23  -652.6    13.7   -10.5   3.80   237227  3.25   168   -26  0 -1 -0.3505   3.14   -2.64   -3.53    2.55 -0.0325  0.1636  -42.3
2022  16 23  0   -0.69   -5.75    2.55  -622.4     9.5    -6.9   3.70   268593  2.87    79   -24  0  0 -0.3575   2.78   -1.65   -4.35    2.72 -0.0457  0.2173  -41.9
2022  16 23 10    0.33   -6.04    2.24  -609.7     8.3    -0.4   3.88   308180  2.88   145   -25  0  0 -0.3646   2.79   -1.00   -5.15    2.67 -0.0693  0.2897  -41.0
2022  16 23 20    3.77   -5.55   -0.95  -594.6    17.4   -16.0   3.08   307046  2.18   174   -26  0  0 -0.3716   2.11    0.55   -5.69    1.61 -0.1266  0.4557  -40.6
2022  16 23 30    4.04   -2.66   -3.60  -587.9    21.2   -28.0   3.24   235648  2.25   229   -26  0  0 -0.3786   2.18    2.34   -5.34   -0.16 -0.1281  0.6432  -40.3
2022  16 23 40    4.13   -4.08    0.31  -593.3    14.8     7.9   3.28   337595  2.31   250   -26  0  0 -0.3856   2.24    3.60   -4.54   -1.50 -0.1077  0.7492  -40.4
