2024 224  0 30    0.11  -10.43    2.09  -419.0   -20.4    27.6   7.05    63430  2.50    49    15  0 -1  0.1981   2.41    2.15   -9.58    3.88 -0.0913  0.3077   -8.3
2024 224  0 40    0.56  -11.41    2.02  -432.4   -33.6    13.0   7.40    78975  2.79    55    15  0  0  0.1919   2.70    2.48   -9.78    4.11 -0.0954  0.3089   -8.3
2024 224  0 50   -0.31  -12.12   -1.04  -436.2   -31.4    -0.9   7.50    80845  2.87    44    17  0  0  0.1857   2.78    2.07  -10.25    2.37 -0.1343  0.4628   -7.4
2024 224  1  0   -2.37  -11.21    4.23  -445.7   -33.0    14.9   8.32    99480  3.33    96    21  0  0  0.1798   3.22    0.71  -11.39    1.20 -0.2251  0.5883   -5.7
2024 224  1 10   -1.85  -11.30    4.31  -442.1   -31.3     2.3   7.59    86719  2.98    95    23  0  0  0.1740   2.89   -0.83  -11.75    1.01 -0.2477  0.6197   -5.1
2024 224  1 20   -0.53  -10.00    6.68  -431.1   -29.3    19.6   7.62    80236  2.85    65    20  0  0  0.1683   2.76   -1.14  -11.45    3.55 -0.1900  0.4367   -5.4
2024 224  1 30    1.75  -10.12    5.49  -427.0   -27.8    19.5   8.20   113393  3.01    57    19  0  0  0.1629   2.91   -1.02  -10.63    5.39 -0.0922  0.3000   -6.2
2024 224  1 40   -0.22  -13.38    0.23  -450.7   -38.6   -14.0   8.20    84965  3.36    61    21  0  0  0.1576   3.25   -0.13  -10.29    5.05 -0.1005  0.3279   -6.1
2024 224  1 50    2.47  -12.78    6.66  -448.0   -33.3     8.4   7.64    72170  3.08    63    22  0  0  0.1525   2.99    0.80  -11.01    4.73 -0.1416  0.3822   -4.8
2024 224  2  0    2.05  -13.79    2.14  -447.9   -41.2     9.0   8.01    78277  3.24    88    27  0  0  0.1477   3.14    1.48  -12.15    3.90 -0.1937  0.4731   -3.6
2024 224  2 10    3.53  -13.05    5.51  -453.1   -40.0    14.6   6.99    77366  2.90    73    24  0  0  0.1430   2.80    2.23  -13.10    4.62 -0.1850  0.4525   -2.2
2024 224  2 20   -1.76  -13.91    3.19  -456.8   -37.8     2.4   8.13    98990  3.42    90    27  0  0  0.1386   3.31    2.21  -13.22    4.63 -0.1825  0.4589   -1.1
2024 224  2 30   -1.32  -14.14    1.34  -454.3   -39.7     0.2   9.25    97117  3.85    90    33  0  0  0.1344   3.73    0.91  -13.46    3.97 -0.2413  0.5142   -0.3
2024 224  2 40   -3.13  -15.22   -2.07  -473.2   -26.3   -15.9   9.99    99382  4.49   115    34  0  0  0.1305   4.35   -0.57  -13.90    2.88 -0.3509  0.6110    0.0
2024 224  2 50   -4.17  -15.46   -0.20  -474.6   -28.8    -7.1  10.95    98941  4.95   132    36  0  0  0.1268   4.80   -2.28  -14.59    1.27 -0.5070  0.7596   -0.1
2024 224  3  0   -7.39  -13.94   -4.75  -494.0   -17.5   -32.8  11.10    93536  5.45   143    36  0  0  0.1234   5.28   -3.62  -14.81   -0.25 -0.5830  0.9069    0.4
2024 224  3 10   -5.85  -15.05   -1.97  -485.6   -19.6   -17.2  10.28   113483  4.86   210    37  0  0  0.1202   4.71   -5.11  -14.80   -1.90 -0.5434  1.0612    0.6
2024 224  3 20   -7.16  -14.32   -4.77  -492.5   -19.0   -33.4   9.93    81126  4.85   228    36  0  0  0.1173   4.69   -6.19  -14.57   -3.08 -0.4559  1.1658    0.3
2024 224  3 30   -7.98  -12.95   -6.86  -493.8   -13.6   -31.4  11.20    64850  5.49   239    35  0  0  0.1146   5.32   -6.76  -14.41   -4.10 -0.3417  1.2571   -0.6
2024 224  3 40   -0.98  -16.20    2.65  -469.2   -33.4   -12.4   9.67    83792  4.28   318    32  0  0  0.1122   4.15   -6.19  -14.66   -3.45 -0.4068  1.2123   -2.9
2024 224  3 50   -2.74  -16.17    2.46  -465.3   -36.1     0.4  10.19    83097  4.44   208    25  0  0  0.1101   4.30   -4.50  -15.14   -1.22 -0.4267  1.0353   -6.1
2024 224  4  0   -1.71  -16.20    0.21  -469.9   -32.5    -2.1  10.31    72805  4.57   161    22  0  0  0.1083   4.43   -3.36  -15.74    0.80 -0.5822  0.8729   -9.3
2024 224  4 10   -5.38  -15.57    0.45  -468.6   -25.5    -9.7  11.33    75988  4.99   134    21  0  0  0.1068   4.84   -3.13  -15.89    1.54 -0.6419  0.8028  -10.6
2024 224  4 20   -1.69  -16.52    1.33  -462.5   -24.4    -4.7  10.37    76805  4.45   145    20  0  0  0.1056   4.31   -3.92  -15.88    0.55 -0.7520  0.8729  -11.1
2024 224  4 30   -4.71  -15.63   -3.00  -473.2   -22.4   -20.5  10.40    80160  4.68   144    17  0  0  0.1046   4.53   -3.22  -15.99    0.76 -0.6845  0.8534  -11.1
2024 224  4 40    2.34  -14.83    7.34  -458.0   -37.5     6.8  12.15    68462  5.13   127    22  0  0  0.1040   4.97   -1.92  -16.08    1.63 -0.5671  0.7944  -11.0
2024 224  4 50    1.43  -15.56    5.29  -452.3   -33.7    10.1  10.35    57227  4.26   131    22  0  0  0.1036   4.13    0.04  -15.70    3.92 -0.3630  0.6309  -11.4
2024 224  5  0   -0.89  -16.06    1.20  -464.1   -32.4   -12.1  13.42    74282  5.81   141    21  0  0  0.1036   5.63    1.12  -15.50    4.98 -0.2997  0.5502  -11.0
2024 224  5 10   -0.29  -16.00    2.16  -451.2   -21.2    10.5  14.91    63830  6.09   110    27  0  0  0.1038   5.90    0.60  -15.47    4.20 -0.4107  0.5981  -10.9
2024 224  5 20   -5.22  -15.15   -1.70  -463.3   -21.2    -6.5  14.19    62035  6.11   102    29  0  0  0.1043   5.91   -0.71  -15.80    2.06 -0.6087  0.7397   -9.2
2024 224  5 30   -3.76  -15.68   -1.05  -452.6   -21.9     5.9  15.16    63947  6.23   123    31  0  0  0.1052   6.03   -2.46  -15.79    0.26 -0.7833  0.8662   -8.6
2024 224  5 40   -8.60  -13.80   -4.02  -479.4    -8.8   -14.6  14.49    64890  6.67   129    32  0  0  0.1063   6.46   -4.41  -15.18   -1.36 -0.6596  0.9806   -7.4
2024 224  5 50   -1.12  -16.60    0.34  -448.3   -24.5     7.8  15.73    67390  6.35   183    32  0  0  0.1077   6.14   -4.84  -15.01   -1.68 -0.6012  1.0086   -8.9
2024 224  6  0   -4.08  -16.05   -2.04  -466.0   -19.1    -8.6  17.85    70515  7.77   142    28  0  0  0.1094   7.52   -4.66  -15.29   -1.51 -0.5969  1.0045  -10.4
2024 224  6 10   -9.91   -3.57  -12.04  -457.3     6.2     7.6  20.91    57615  8.75   143    30  0  0  0.1114   8.47   -3.56  -15.20   -1.23 -0.6287  0.9521  -11.7
2024 224  6 20   -6.82   -6.54  -10.18  -456.6     2.0     0.6  23.30    68343  9.72   150    36  0  0  0.1136   9.41   -5.22  -10.36   -5.37 -0.4337  0.9045   -9.6
2024 224  6 30   -4.07  -12.27   -3.47  -461.4    -1.0    -6.3  24.87   104900 10.59   325    46  0  0  0.1162  10.26   -5.89   -8.02   -7.87 -0.1953  0.9750   -8.5
2024 224  6 40   -5.06   -5.50   -9.95  -466.6    16.9   -21.1  35.97    83677 15.72   358    59  0  0  0.1190  15.22   -5.78   -6.40   -8.37 -0.1553  0.9513   -9.4
2024 224  6 50   -8.96  -12.27  -10.35  -469.9    11.1   -20.4  18.61    68791  8.24   363    30  0  0  0.1220   7.98   -5.18   -8.52   -7.74 -0.1590  1.0735  -13.3
2024 224  7  0   -5.56  -15.44   -8.07  -473.3    -0.6   -19.9  15.28    67268  6.87   354    21  0 -1  0.1254   6.64   -5.55  -10.18   -8.15 -0.1614  1.1999  -18.1
2024 224  7 10   -7.75  -14.94   -6.66  -478.4    -1.5   -20.7  16.55    71802  7.59   411    17  0  0  0.1289   7.35   -6.53  -12.16   -9.16 -0.1005  1.3763  -22.4
2024 224  7 20   -5.96  -17.14   -2.15  -473.3   -10.2   -11.9  16.77    62008  7.52   393    15  0  0  0.1328   7.28   -6.90  -14.94   -7.03 -0.2514  1.4238  -26.2
2024 224  7 30   -2.70  -19.10   -2.01  -487.4   -14.7   -28.4  14.25    55032  6.80   369     5  0  0  0.1369   6.59   -5.72  -16.18   -3.95 -0.5573  1.2530  -27.8
2024 224  7 40   -2.15  -17.86   -1.48  -483.7    -5.1   -40.1  20.42    75139  9.62   526    10  0  0  0.1412   9.32   -3.84  -17.25   -2.28 -0.7750  1.1803  -27.8
2024 224  7 50   -0.60  -18.39   -1.14  -481.4    -9.9   -31.9  18.30    52541  8.51   591    16  0 -1  0.1457   8.25   -1.73  -18.17   -1.26 -1.0004  1.1415  -27.0
2024 224  8  0   -4.87  -17.62   -5.21  -480.6    -9.3   -38.5  14.77    52401  6.87   508    11  0  0  0.1505   6.65   -1.11  -18.24   -1.83 -1.0212  1.1909  -27.6
2024 224  8 10   -7.36  -15.73   -6.69  -481.7     5.0   -40.3  19.88    54886  9.29   412    12  0  0  0.1554   9.00   -2.84  -17.76   -2.90 -0.8723  1.2519  -25.8
2024 224  8 20   -4.74  -18.85    2.86  -479.3    -6.3   -26.8  15.34    53664  7.07   437    19  0  0  0.1606   6.85   -4.94  -16.95   -4.51 -0.6083  1.3399  -25.3
2024 224  8 30   -4.43  -19.24    3.22  -484.6   -16.0   -31.5  14.98    56687  7.07   328     9  0  0  0.1659   6.85   -5.80  -17.21   -2.82 -0.4567  1.2274  -24.4
2024 224  8 40   -2.89  -18.59    3.91  -477.7   -18.2   -21.4  17.98    57412  8.23   250    12  0 -1  0.1715   7.97   -4.66  -18.02    0.28 -0.5804  1.0245  -25.7
2024 224  8 50    0.28  -16.80   10.02  -474.2   -12.1    -9.7  16.57    46522  7.46   180    19  0  0  0.1772   7.23   -2.80  -18.67    4.61 -0.5994  0.7389  -24.3
2024 224  9  0   -0.45  -17.64    8.61  -475.7   -23.5   -14.0  16.59    51012  7.53   184    16  0 -1  0.1831   7.30   -1.39  -17.97    6.71 -0.4319  0.5960  -20.8
2024 224  9 10   -0.58  -17.28    7.78  -478.4   -16.7   -32.3  19.91    59225  9.17   172    23  0  0  0.1891   8.88   -0.40  -17.37    8.46 -0.2594  0.4688  -18.1
2024 224  9 20    5.16  -11.41   14.36  -453.3   -10.8    13.8  26.55    58302 10.93   185    30  0  0  0.1953  10.58    0.78  -16.34    9.86 -0.1593  0.3676  -16.1
2024 224  9 30    6.34   -7.93   15.88  -444.2    -0.1    23.5  29.00    53259 11.48   126    30  0  0  0.2016  11.11    2.68  -13.89   11.56 -0.1120  0.2598  -15.9
2024 224  9 40    8.18   -2.05   16.08  -447.8    12.3    20.8  23.96    55937  9.64   193    34  0  0  0.2080   9.33    5.10  -10.10   14.10 -0.0362  0.1136  -17.0
2024 224  9 50    6.35   -1.13   16.45  -441.2    27.9    12.6  34.37    83894 13.45   154    28  0  0  0.2145  13.02    7.65   -5.32   15.59 -0.0012  0.0229  -14.0
2024 224 10  0   13.32   15.06    8.43  -471.3     5.0   -16.1   8.24    31866  3.67   233    40  0  0  0.2211   3.55    9.03    0.09   14.43  0.0246  0.0616  -13.2
2024 224 10 10   14.32   11.19   11.93  -466.1    -6.4   -19.3   7.82    28515  3.41   142    14  0  0  0.2278   3.30   11.37    6.01   12.58  0.0343  0.1170  -10.3
2024 224 10 20   12.67   12.34   12.46  -464.8     3.3   -14.0   6.91    36138  2.99   121    14  0  0  0.2345   2.89   12.74   10.08   11.46  0.0384  0.1630  -11.0
2024 224 10 30   12.94    5.75   16.46  -462.6   -18.8     1.0   7.35    26478  3.15   138    19  0  0  0.2414   3.05   13.60   10.78   12.56  0.0147  0.1244   -9.5
2024 224 10 40   12.66    4.34   17.21  -466.7   -22.6     4.9   7.95    40929  3.47   109    19  0  0  0.2482   3.36   13.19    8.59   14.52  0.0051  0.0670   -9.6
2024 224 10 50    9.66   -1.32   17.57  -471.0   -17.3    -2.9  10.01    46530  4.45    80    20  0  0  0.2551   4.31   12.64    5.56   16.07  0.0010  0.0215  -12.5
2024 224 11  0    9.91    5.84   12.41  -468.3   -15.4   -10.8  25.22   132120 11.08    66    23  0  0  0.2621  10.73   11.54    2.87   16.48  0.0000  0.0036   -9.6
2024 224 11 10   12.53   -2.06   10.55  -474.7    -7.2   -19.2  22.14   106927 10.00   141    50  0  0  0.2690   9.68   10.15    2.56   15.12  0.0003  0.0069   -7.7
2024 224 11 20   12.00   -7.60    6.96  -467.9   -32.8   -25.4  31.67   114830 13.98   149    51  0 -1  0.2759  13.54   10.05   -1.29   12.15 -0.0260  0.0699   -6.0
2024 224 11 30    7.22    4.42   11.59  -474.6    18.9     2.2  38.39   152645 17.32   112    43  0  0  0.2828  16.78    9.10   -5.18    9.17 -0.1231  0.1887   -8.1
2024 224 11 40    5.22    8.36   12.52  -481.7    -4.5    -6.8  26.30    89257 12.21   111    50  0  0  0.2897  11.82    8.00   -3.54    8.04 -0.1046  0.2348   -8.1
2024 224 11 50   -0.69  -15.70    9.79  -483.1   -39.1    14.6  26.68    95837 12.55   145    42  0  0  0.2965  12.15    5.87    0.21   10.15 -0.0759  0.1884   -8.6
2024 224 12  0   -1.95  -16.63    9.35  -485.5   -29.9    11.5  18.44    65805  8.73   181    29  0  0  0.3033   8.46    2.99   -1.75   10.68 -0.0485  0.2160  -12.7
2024 224 12 10   -3.64  -17.57    8.28  -484.7   -29.6     5.4  16.29    60988  7.68   115    20  0  0  0.3100   7.44    0.22  -10.47   10.40 -0.1455  0.3181  -17.3
2024 224 12 20   -3.67  -19.14    5.02  -480.3   -34.3    -8.2  14.46    57192  6.72   102    17  0 -1  0.3166   6.50   -2.91  -17.24    7.97 -0.2698  0.4960  -16.9
2024 224 12 30   -3.54  -19.24    3.94  -480.1   -31.5   -16.1  12.04    54625  5.58   138    18  0  0  0.3231   5.40   -3.51  -18.12    6.49 -0.3812  0.6095  -14.7
2024 224 12 40   -4.00  -17.86    4.49  -470.6   -25.1    -3.1  14.94    67663  6.64    99    22  0  0  0.3295   6.43   -3.05  -18.72    5.90 -0.4200  0.6591  -13.2
2024 224 12 50   -5.59  -18.53   -1.18  -471.3   -13.1    -6.7  17.00    38695  7.56   179    24  0  0  0.3358   7.32   -3.42  -18.80    4.13 -0.5678  0.7672  -14.5
2024 224 13  0   -7.04  -17.60    0.78  -479.6   -16.8    -9.8  19.47    47804  8.97   125    28  0  0  0.3420   8.69   -3.84  -18.48    2.48 -0.7709  0.8628  -15.7
2024 224 13 10   -7.55  -17.14   -0.92  -473.4   -12.8   -14.0  14.78    64764  6.63   151    19  0 -1  0.3480   6.43   -5.67  -18.10    0.39 -1.0187  0.9855  -17.5
2024 224 13 20   -8.59  -15.36   -1.89  -472.9    -8.5   -15.2  13.79    73859  6.18   150    17  0  0  0.3538   5.98   -6.73  -17.39   -1.07 -0.9659  1.0670  -19.1
2024 224 13 30  -10.36   -9.38    1.21  -464.4   -14.5    25.1  20.70   142605  8.96   206    20  0  0  0.3595   8.68   -7.67  -15.40   -0.82 -0.8284  0.9713  -21.4
2024 224 13 40   -4.26  -14.85   -6.38  -455.4   -11.9     3.1  16.88   160914  7.01   152    16  0  0  0.3650   6.79   -7.37  -12.62    0.11 -0.5511  0.7976  -22.0
2024 224 13 50   -3.65  -14.37    2.15  -462.3   -30.7     0.1  24.23   106419 10.41   184    25  0  0  0.3703  10.07   -5.70  -12.08    0.63 -0.5569  0.7285  -21.6
2024 224 14  0    2.94   -2.24    8.59  -474.4    -7.8   -18.1  47.58    87961 21.45   148    51  0  0  0.3753  20.78   -3.47  -11.87    2.01 -0.4701  0.6332  -21.5
2024 224 14 10   10.89   12.49    6.99  -463.8     5.6     2.2  46.55    22372 20.03   160    48  0  0  0.3802  19.40    1.44   -7.72    3.93 -0.3667  0.5082  -19.0
2024 224 14 20    9.73   16.70    5.40  -471.2     7.3    -2.0  30.45    12441 13.53   150    42  0  0  0.3849  13.10    5.82    1.88    6.43 -0.0246  0.3394  -16.6
2024 224 14 30    9.19   16.85    7.57  -480.0     7.9   -16.7  25.99    13685 11.99   172    40  0  0  0.3893  11.62    9.41   11.63    6.64  0.3355  0.3899  -12.8
2024 224 14 40    8.30   16.57    8.55  -477.3     6.4    -3.9  33.98    11573 15.49   313    43  0  0  0.3934  15.00    9.62   16.03    6.31  0.4191  0.5143  -10.7
2024 224 14 50    8.25   15.71    9.75  -474.8    -5.8    -4.0  20.34    27655  9.17   301    34  0  0  0.3973   8.88    9.19   16.05    8.14  0.3290  0.4498   -8.6
2024 224 15  0   10.64   14.30   10.06  -484.1     0.9   -18.6  13.41    34011  6.30   284    28  0  0  0.4009   6.10    8.69   15.28   10.29  0.1512  0.3227  -10.4
2024 224 15 10    3.87    5.93   12.25  -470.2    15.2    -3.9  36.00   106925 15.93   250    34  0  0  0.4043  15.43    8.16   14.28   10.82  0.0815  0.2636  -11.8
2024 224 15 20    1.57    3.59   14.12  -471.1    -0.9    -0.7  32.44    77799 14.40   242    47  0  0  0.4074  13.95    5.86    9.87   10.78  0.0522  0.1860  -13.6
2024 224 15 30   -1.48   -0.72   12.16  -469.2    -5.2     3.2  33.97    76939 14.96   185    50  0  0  0.4102  14.49    2.92    4.73   11.58  0.0298  0.0998  -13.2
2024 224 15 40    2.22    0.57   13.49  -470.9     1.1   -13.8  38.08   105657 16.90   200    41  0  0  0.4127  16.37    0.53    0.53   12.96  0.0000  0.0074   -9.9
2024 224 15 50    9.41   14.74   10.66  -467.1    -0.9   -33.2  13.64    78088  5.98   186    32  0  0  0.4149   5.79    2.30    3.41   12.82  0.0173  0.0630   -9.4
2024 224 16  0    9.76   12.32   12.94  -471.7     4.7   -33.0  13.05    78147  5.83   196    24  0  0  0.4167   5.65    5.72    8.20   12.14  0.0306  0.1322   -6.8
2024 224 16 10    9.13    7.69   15.83  -458.5    -2.0   -26.6  13.66    64890  5.76   146    30  0  0  0.4183   5.58    8.46   10.88   12.61  0.0324  0.1523   -8.4
2024 224 16 20    9.08    9.77   14.20  -458.4     8.5   -28.9  17.48    84913  7.38   138    29  0  0  0.4196   7.15    9.25   10.42   13.91  0.0158  0.1061   -6.7
2024 224 16 30    9.23   10.49   13.32  -461.5    14.6   -23.7  14.55    86079  6.22   107    31  0  0  0.4205   6.02    9.24    9.16   14.63  0.0041  0.0602   -6.7
2024 224 16 40    6.00    5.89   16.47  -470.4     3.9   -28.0  19.71    70550  8.76   116    32  0  0  0.4212   8.48    9.30    9.23   14.40  0.0034  0.0588   -5.4
2024 224 16 50    5.26    6.38   15.69  -470.9     2.0   -12.7  17.46    61552  7.75   166    51  0  0  0.4215   7.51    8.37    8.72   14.58  0.0028  0.0512   -7.2
2024 224 17  0    1.94    6.75   13.04  -467.0    13.4   -22.8  35.44   102247 15.51   117    46  0  0  0.4215  15.02    6.43    7.61   14.90  0.0013  0.0332   -6.4
2024 224 17 10    2.90    7.69   14.86  -467.4    13.2   -26.9  29.52    95450 12.95   103    55  0  0  0.4211  12.54    4.08    7.18   14.86  0.0008  0.0259   -5.7
2024 224 17 20    3.72    6.18   14.79  -468.3    17.1   -22.1  31.03   104548 13.66   140    58  0  0  0.4205  13.23    2.94    7.17   14.67  0.0009  0.0266   -1.1
2024 224 17 30    0.37    6.53    8.51  -471.9    21.7   -16.2  40.93   102751 18.28   118    67  0  0  0.4195  17.71    2.67    7.22   14.10  0.0018  0.0322   -1.2
2024 224 17 40   -4.66   10.73    6.14  -475.7    19.1   -18.8  42.09    88421 19.11   134    61  0  0  0.4182  18.51    1.96    6.68   12.21  0.0052  0.0427   -2.7
2024 224 17 50   -3.73   12.63    6.77  -475.3    12.0   -24.4  38.46    63041 17.44   141    59  0  0  0.4166  16.88   -0.15    7.57   10.00  0.0242  0.0911   -4.9
2024 224 18  0   -3.31    5.57   12.03  -480.6    20.1   -19.3  34.46    65426 15.98   130    56  0  0  0.4147  15.47   -1.90    8.05    9.40  0.0365  0.1138   -2.7
2024 224 18 10    1.14   -0.19   15.08  -480.5    21.4   -14.9  26.10    75988 12.09   143    56  0  0  0.4124  11.71   -1.66    6.57   11.49  0.0326  0.0922   -1.9
2024 224 18 20   -0.28    2.29   13.88  -478.1    24.1    -6.9  26.72    83379 12.26   127    52  0  0  0.4099  11.86   -0.54    3.58   13.64  0.0134  0.0363   -1.0
2024 224 18 30   -0.75    8.06   10.08  -485.5    29.7    -2.7  29.23    93394 13.84    78    55  0  0  0.4071  13.40    0.31    2.69   13.78  0.0011  0.0122   -2.0
2024 224 18 40    0.49    6.79   10.91  -481.2    24.9    -7.4  26.91    98062 12.50    72    59  0  0  0.4040  12.10   -0.19    4.51   12.31  0.0043  0.0350   -3.9
2024 224 18 50   -0.32    9.37   10.22  -487.8    22.7   -10.4  26.72    81842 12.75   101    49  0  0  0.4006  12.35   -0.59    7.04   10.81  0.0120  0.0685   -5.3
2024 224 19  0    1.41    6.42    9.60  -472.4    33.5   -14.8  33.18   105501 14.90    85    54  0  0  0.3969  14.43   -0.63    7.56   10.27  0.0172  0.0837   -3.9
2024 224 19 10   -1.01   12.54   11.40  -497.3    37.2   -11.3  33.83   117847 16.83   103    71  0  0  0.3930  16.30   -0.58    8.33   10.41  0.0225  0.0987   -1.3
2024 224 19 20   -8.43   11.61   14.77  -512.4    46.8   -21.5  39.15   155752 20.78   175    65  0  0  0.3888  20.11   -1.18   10.21   11.02  0.0435  0.1426    2.2
2024 224 19 30   -0.97   19.27   16.19  -508.1    59.0   -22.5  26.27   138526 13.75   121    64  0 -1  0.3844  13.34   -2.34   13.71   12.80  0.0686  0.2075   -1.0
2024 224 19 40   -9.79    8.68   18.03  -518.4    18.4   -10.7  32.26   181702 17.38   134    56  0 -1  0.3797  16.82   -2.32   15.76   14.93  0.0725  0.2275   -2.5
2024 224 19 50   -5.27   18.06   18.55  -511.3    20.7   -23.5  25.04   133656 13.14   139    57  0  0  0.3748  12.73   -4.00   15.31   17.20  0.0491  0.1831   -5.9
2024 224 20  0    4.04   18.22    6.40  -495.6    38.8   -38.5  33.32   144727 16.57   189    60  0  0  0.3696  16.05   -3.26   16.43   16.42  0.1170  0.2500   -8.2
2024 224 20 10  -10.21    9.50    7.23  -494.9    52.0   -17.1  47.31   179634 23.46   155    60  0  0  0.3643  22.72   -4.54   15.29   14.36  0.1399  0.2639   -9.4
2024 224 20 20   -5.17   13.23   13.32  -496.6    38.1   -17.7  27.97   100773 13.89   165    70  0  0  0.3588  13.46   -4.49   14.76   11.51  0.1582  0.2912   -9.2
2024 224 20 30   -4.88   15.90   14.15  -490.3    33.6   -24.1  29.85   107168 14.45   146    60  0  0  0.3530  14.00   -6.02   12.53   11.64  0.0784  0.2001   -7.3
2024 224 20 40   -3.94   16.67   12.47  -494.4    33.7   -29.2  29.87   113503 14.72   154    63  0  0  0.3471  14.26   -6.01   13.30   12.54  0.0659  0.1986   -8.5
2024 224 20 50   -5.12    9.96   12.66  -518.2    25.6   -28.8  42.50   154535 22.95   342    62  0  0  0.3411  22.23   -3.91   14.07   11.57  0.1638  0.2693  -10.9
2024 224 21  0   -3.62   16.14    3.13  -500.8    22.5   -39.7  45.31   161589 22.93   288    61  0 -1  0.3349  22.19   -3.60   12.98   10.70  0.1891  0.2677  -13.2
2024 224 21 10    0.69  -11.39   11.32  -486.8    82.5   -28.0  48.70   198183 23.83   207    53  0 -1  0.3286  23.07   -4.37   10.18    8.18  0.2984  0.3422  -13.4
2024 224 21 20  -11.45   -7.00   -4.58  -488.1    74.4   -12.6  39.82   180484 19.44   135    54  0 -1  0.3221  18.82   -7.25    3.64    8.47  0.1461  0.2521  -14.6
2024 224 21 30   -8.98    1.78   14.40  -509.8    55.6   -47.8  35.29   157720 18.73   162    55  0  0  0.3155  18.13   -9.06   -1.75    6.44  0.0480  0.3181  -16.6
2024 224 21 40   -5.12   14.93   10.70  -522.6    49.9   -30.8  41.96   110619 23.21   135    51  0  0  0.3088  22.48   -8.92   -0.47    8.57 -0.0671  0.2217  -18.6
2024 224 21 50   -4.40   16.38    9.25  -525.0    42.6   -30.1  44.58    88979 24.82   161    58  0  0  0.3021  24.04   -7.04    6.84    9.37  0.0276  0.2964  -19.1
2024 224 22  0   -5.79   16.22   10.25  -522.1    44.5   -33.9  42.80   100686 23.60   200    59  0  0  0.2952  22.86   -5.97   13.44   11.58  0.1317  0.2642  -17.9
2024 224 22 10   -5.77   14.33   14.69  -518.9    39.3   -43.2  37.93   123349 20.69   143    49  0  0  0.2884  20.03   -6.05   15.17   11.40  0.1583  0.3110  -17.1
2024 224 22 20   -4.92   17.20   12.12  -533.1    34.8   -35.9  41.05   122048 23.53   132    56  0  0  0.2814  22.80   -6.37   15.08   12.41  0.1221  0.2764  -15.9
2024 224 22 30   -3.53   17.35   12.01  -523.3    41.5   -34.3  40.06   103093 22.17   128    58  0  0  0.2744  21.47   -5.64   16.01   12.37  0.1530  0.3141  -13.4
2024 224 22 40   -9.46   16.86   10.18  -514.9    36.4   -34.8  38.92   129413 20.84   235    59  0  0  0.2675  20.18   -5.86   16.55   11.84  0.1996  0.3542  -11.8
2024 224 22 50  -13.60   18.27    0.02  -501.7    15.2   -17.2  26.34   108039 13.29   205    44  0  0  0.2605  12.87   -7.58   17.35    9.64  0.3888  0.4797  -11.0
2024 224 23  0  -13.57   17.50   -0.68  -498.4    17.6   -20.5  24.85   139741 12.39   201    42  0  0  0.2535  11.99  -10.04   17.40    6.95  0.6512  0.6198  -13.3
2024 224 23 10  -12.80   15.41   -4.48  -495.0     5.2    -6.9  31.13   125774 15.26   234    42  0  0  0.2465  14.78  -12.31   16.88    1.50  0.7294  0.9611  -14.0
2024 224 23 20  -11.09   15.90   -9.42  -494.6    14.2     0.2  28.68   139741 14.04   416    41  0  0  0.2395  13.60  -12.89   16.28   -3.10  0.6476  1.2635  -16.9
2024 224 23 30  -12.37   13.72  -10.84  -491.6    18.9     5.8  27.17   120939 13.15   449    32  0  0  0.2326  12.74  -12.91   15.25   -7.51  0.3449  1.5448  -18.5
2024 224 23 40  -12.33    6.54  -16.31  -497.5    25.1     2.9  24.79   101622 12.30   397    28  0  0  0.2258  11.92  -12.07   14.78   -8.71  0.2309  1.5906  -22.2
2024 224 23 50  -10.52    8.56  -15.94  -495.8    15.8     4.5  24.35    98550 11.99   515    25  0  0  0.2190  11.61  -11.82   11.86  -11.98  0.0959  1.5406  -23.3
2024 225  0  0   -8.49    8.47  -17.36  -507.9     7.8     0.7  26.87   115378 13.87   620    28  0  0  0.2123  13.43  -11.08    9.55  -14.10  0.0554  1.4566  -23.1
2024 225  0 10   -7.76    4.44  -20.08  -504.7     8.4    -7.4  19.34   108312  9.86   928    25  0 -1  0.2057   9.55  -10.17    6.84  -17.25  0.0009  1.3405  -29.2
2024 225  0 20   -8.85    1.53  -18.73  -499.1    14.5    -0.1  20.62    98429 10.29   896    -6  0  0  0.1992   9.96   -9.13    5.63  -18.40  0.0006  1.1870  -41.1
2024 225  0 30    5.06    7.65   18.52  -511.3     7.6   -21.6  27.18    88840 14.24  1222   -13  0  0  0.1928  13.79   -7.61    4.49  -16.39  0.0447  0.9157  -56.3
2024 225  0 40    6.71    6.40   16.91  -511.2     4.2   -20.4  54.78   104096 28.68  1647    -5  0  0  0.1866  27.77   -3.22    5.57   -4.92  0.0464  0.5270  -66.4
2024 225  0 50    2.07   14.77   13.81  -506.7     1.3    -8.7  45.39    91323 23.32  1341   -14  0  0  0.1805  22.58    0.78    8.70    6.36  0.0639  0.2781  -69.9
2024 225  1  0   -0.13   19.37   10.52  -502.9     3.9    -3.8  38.37    88330 19.41  1243   -15  0  0  0.1745  18.80    3.05   12.87   13.96  0.0749  0.1817  -71.4
2024 225  1 10   -2.36   19.22    5.52  -505.1     2.0    -5.3  49.31    89676 25.17  1143   -10  0  0  0.1687  24.37    0.93   16.32   10.96  0.3507  0.3914  -69.3
2024 225  1 20   -1.94   20.31    7.59  -504.3     4.0    -2.6  40.32    90412 20.51   928    -9  0  0  0.1631  19.86   -0.94   18.51    8.25  0.6716  0.5818  -69.5
2024 225  1 30   -4.78   22.37    4.74  -506.2     9.0   -13.8  36.45    68976 18.71   731   -12  0  0  0.1576  18.11   -2.27   20.08    6.62  0.8722  0.7150  -67.0
2024 225  1 40   -6.16   23.68    3.58  -501.2     4.3     2.1  40.59    85026 20.39   612    -9  0  0  0.1523  19.75   -3.45   20.84    7.14  0.8472  0.7194  -65.8
2024 225  1 50   -6.40   23.69    2.47  -501.6     8.5    -0.9  38.69    78488 19.48   657    -9  0  0  0.1473  18.86   -4.95   22.19    6.09  1.1810  0.8436  -62.7
2024 225  2  0   -6.90   23.04   -0.50  -503.8     7.0    -1.4  45.74    71510 23.23   511     1  0  0  0.1424  22.49   -6.32   22.83    3.68  1.8422  1.0295  -60.4
2024 225  2 10   -6.10   23.24   -2.54  -500.8     1.0    -2.3  49.26    60247 24.71   682     7  0  0  0.1378  23.93   -6.46   23.44    0.71  2.5098  1.2466  -58.3
2024 225  2 20   -5.46   21.05   -6.31  -495.6     4.4     9.8  44.68    79852 21.96   731     1  0  0  0.1333  21.27   -6.00   23.23   -1.04  2.5878  1.3638  -60.3
2024 225  2 30  -12.71   14.89  -10.99  -504.7    -4.7   -12.4  35.51   102645 18.10   810   -21  0  0  0.1292  17.53   -6.96   21.26   -4.58  1.7842  1.5421  -65.1
2024 225  2 40  -11.89    8.45  -14.48  -477.5    33.1    11.1  28.49    91267 13.06   684   -30  0  0  0.1252  12.65   -8.50   18.07   -8.28  0.9010  1.6570  -70.2
2024 225  2 50   -9.52   11.44  -13.31  -497.3     5.1     4.5  27.64    91410 13.70   842   -29  0  0  0.1215  13.24   -9.89   13.94  -11.94  0.1550  1.7004  -72.3
2024 225  3  0   -6.52    7.31  -15.61  -495.9   -10.4     4.7  32.88    90682 16.19   790   -27  0  0  0.1181  15.67   -8.64   12.57  -12.52  0.0691  1.6654  -76.2
2024 225  3 10   -7.55    8.33  -14.90  -490.3   -19.8     4.8  34.36    95421 16.55   488   -43  0  0  0.1149  16.03   -7.55   10.42  -13.65  0.0325  1.5555  -81.9
2024 225  3 20   -6.60    8.92  -16.47  -503.5   -23.6     2.1  24.20    47892 12.31   450   -57  0 -1  0.1120  11.91   -6.49    9.54  -14.72  0.0286  1.5129  -91.4
2024 225  3 30   -6.28    8.63  -15.62  -507.4   -22.6     2.8  25.69    57901 13.27   942   -66  0 -1  0.1093  12.84   -6.29    8.08  -15.95  0.0014  1.4744 -103.2
2024 225  3 40    3.32    8.52  -14.46  -518.8   -29.8    18.0  31.98    41720 17.29   824   -81  0  0  0.1070  16.75   -4.31    8.51  -15.79  0.0019  1.5399 -111.3
2024 225  3 50    4.59    7.43  -13.62  -516.5   -25.5    20.3  30.00    43768 16.08   691   -80  0 -1  0.1049  15.56   -1.13    8.48  -14.98  0.0026  1.5538 -117.5
2024 225  4  0    2.66    7.46  -12.83  -516.6   -18.4    24.0  31.36    54886 16.80  1015   -83  0  0  0.1031  16.27    1.84    7.34  -14.39  0.0020  1.4292 -121.5
2024 225  4 10    4.13    3.85  -13.45  -523.3   -27.1    12.6  34.82    60993 19.14   938   -95  0  0  0.1016  18.53    2.87    6.73  -13.70  0.0027  1.3520 -128.9
2024 225  4 20    5.04    0.21  -11.56  -521.6   -20.9    13.0  35.89    59041 19.59   997  -103  0  0  0.1003  18.96    3.22    5.39  -13.14  0.0019  1.1680 -137.3
2024 225  4 30    5.39   -4.44   -9.97  -526.1    -8.7    16.9  33.83    58027 18.76  1307  -114  0  0  0.0994  18.16    3.76    5.05  -12.12  0.0036  1.0898 -145.1
2024 225  4 40    4.22   -1.30  -11.04  -523.9   -21.6    24.6  35.85    57318 19.75   994  -123  0  0  0.0987  19.13    4.97    2.77  -11.46  0.0022  0.8984 -153.1
2024 225  4 50    3.59   -0.19  -10.98  -523.6   -22.7    20.9  35.64    57683 19.60  1231  -129  0 -1  0.0984  18.99    4.94    1.23  -10.85  0.0022  0.7719 -159.1
2024 225  5  0    2.85   -2.59  -10.95  -524.4   -25.6    18.7  35.50    56243 19.59   882  -136  0  0  0.0983  18.98    4.51   -1.06  -10.70  0.0002  0.6751 -162.9
2024 225  5 10    4.13   -0.90  -10.93  -513.2   -28.5    14.5  34.27    41056 18.12  1103  -145  0  0  0.0986  17.55    3.98   -1.67  -10.60  0.0000  0.6311 -164.4
2024 225  5 20    3.87    1.42  -11.94  -513.6   -19.2    18.2  32.20    35813 17.03  1061  -139  0  0  0.0991  16.50    4.03   -1.47  -10.60 -0.0000  0.5597 -166.6
2024 225  5 30    1.49    8.80   -9.93  -509.9   -21.5    15.4  27.00    43098 14.08   443  -153  0  0  0.0999  13.63    3.67    1.17  -10.91  0.0019  0.7058 -168.3
2024 225  5 40    0.78   10.43   -6.24  -508.8   -39.6     3.4  28.07    41464 14.62   463  -154  0  0  0.1011  14.16    3.35    4.91  -10.20  0.0173  0.9666 -169.1
2024 225  5 50    6.48    2.92  -10.30  -511.3   -41.6     4.9  24.44    62269 12.86   420  -145  0 -1  0.1025  12.46    3.27    6.50   -9.45  0.0245  1.1721 -169.4
2024 225  6  0    4.12    3.05  -11.29  -507.6   -34.7     1.1  22.91    57074 11.86   504  -162  0 -1  0.1042  11.49    4.37    5.75   -9.06  0.0226  1.0883 -170.9
2024 225  6 10    5.67    7.46   -6.58  -505.9   -29.1     5.1  28.49    59278 14.63   405  -161  0 -1  0.1062  14.17    5.12    4.21   -9.48  0.0076  0.9654 -167.3
2024 225  6 20    2.92    7.77  -10.17  -517.2   -29.7     4.9  22.65    64819 12.16   213  -136  0  0  0.1084  11.78    5.32    4.97   -9.25  0.0059  1.0457 -160.4
2024 225  6 30    2.25    6.12  -12.42  -518.8   -41.4     1.0  20.75    52925 11.24   634  -134  0  0  0.1110  10.89    4.36    6.19   -9.35  0.0072  1.1992 -149.7
2024 225  6 40    1.24    8.62  -12.70  -518.4   -28.4     3.6  20.88    41119 11.26   990  -130  0  0  0.1138  10.90    3.18    7.42  -10.18  0.0086  1.3567 -146.9
2024 225  6 50    1.94    5.69  -12.64  -512.7   -31.4     4.0  25.62    46723 13.52  1059  -130  0  0  0.1169  13.09    1.97    7.59  -11.82  0.0041  1.4266 -147.3
2024 225  7  0   -0.19    9.69   -8.57  -510.0   -34.1     7.5  19.49    52650 10.19  1209  -130  0  0  0.1202   9.87    1.78    7.16  -12.34  0.0030  1.3846 -152.3
2024 225  7 10    2.51    8.19  -10.34  -512.9   -33.6    16.3  22.94    61112 12.14  1008  -136  0 -1  0.1238  11.75    1.78    7.29  -11.64  0.0060  1.3697 -158.5
2024 225  7 20    3.32    7.47  -10.83  -517.8   -27.9    15.5  24.06    66453 12.94  1216  -150 -1 -1  0.1276  12.54    2.52    7.36  -10.95  0.0069  1.3631 -166.3
2024 225  7 30   -4.76  -10.54    7.22  -516.3   -22.5     9.9  20.20    68141 10.80  1260  -167  0  0  0.1317  10.45    2.41    6.99   -9.65  0.0048  1.3533 -172.8
2024 225  7 40   -3.78  -12.87    3.08  -519.2   -24.6    17.0  20.68    69856 11.18   922  -169  0  0  0.1360  10.83    0.46    0.09   -4.60 -0.0937  1.0153 -172.9
2024 225  7 50   -5.86  -12.92    4.33  -514.6   -24.4    13.7  19.16    59879 10.18   953  -154  0  0  0.1406   9.86   -1.75   -6.70   -0.39 -0.3887  0.7919 -171.5
2024 225  8  0   -8.08  -13.54    4.38  -511.6   -11.6    16.3  13.65    32817  7.16   675  -175  0  0  0.1453   6.93   -4.78  -12.75    3.80 -0.5074  0.5852 -167.8
2024 225  8 10   -8.32  -11.09    8.22  -517.4   -29.2    25.3  18.91    53295 10.18   545  -152  0  0  0.1503   9.86   -6.05  -12.84    3.86 -0.5046  0.5835 -164.6
2024 225  8 20   -3.46   -9.05   -6.63  -529.8   -26.7    54.1  20.03   191903 11.39   414  -150  0  0  0.1555  11.03   -7.15  -12.19    4.38 -0.2559  0.5299 -157.5
2024 225  8 30   -2.19   -1.90  -15.68  -511.5    -2.7     3.5  32.86    21862 17.19   296  -123  0  0  0.1608  16.65   -6.04  -10.23   -0.19 -0.1563  0.7537 -148.9
2024 225  8 40   -1.66   10.07  -16.11  -510.8   -13.2     5.4  23.39    25166 12.22   560  -128  0  0  0.1664  11.83   -4.03   -4.50   -7.21 -0.0654  0.9983 -137.5
2024 225  8 50    0.78   17.05   -4.60  -517.6     9.2    -1.8  15.14    21212  8.11   784   -92  0 -1  0.1721   7.86   -2.27    4.13  -10.83  0.1401  1.3062 -129.9
2024 225  9  0   -0.43   18.22    1.64  -509.5    11.7   -29.9   4.35    38025  2.27  1088  -126  0  0  0.1780   2.20   -0.98   12.56   -8.11  0.4981  1.2981 -129.3
2024 225  9 10    1.01   17.64   -5.07  -512.5     3.4    -0.4   4.88    37240  2.56   789  -145  0  0  0.1840   2.48   -0.10   16.91   -3.56  0.6742  1.3366 -132.5
2024 225  9 20    1.77   18.05   -5.11  -512.1     6.1    -6.3   5.70    28879  2.99   964  -136  0  0  0.1902   2.90    0.65   17.86   -2.47  0.6603  1.3214 -134.8
2024 225  9 30    3.00   18.09   -5.50  -500.5    -2.3     0.4   5.80    25574  2.91   570  -136  0  0  0.1965   2.81    1.02   18.09   -3.70  0.4503  1.4268 -130.3
2024 225  9 40    4.68   17.48   -7.27  -494.0    -6.4    -3.1   6.20    33925  3.03   612  -129  0 -1  0.2029   2.93    2.15   18.02   -5.09  0.3614  1.5149 -125.6
2024 225  9 50    5.30   16.85   -9.00  -489.7    -0.3    -9.5   4.75    30846  2.28  1468  -122  0  0  0.2094   2.21    3.54   17.73   -6.44  0.2611  1.5818 -120.0
2024 225 10  0    5.54   16.09   -9.99  -488.4    -3.9   -10.0   5.07    35173  2.42  1294  -120  0 -1  0.2160   2.34    4.84   17.11   -8.02  0.1613  1.6410 -116.1
2024 225 10 10    5.06   15.80  -10.53  -488.0    -7.8    -9.6   5.39    30423  2.57  1463  -116  0 -1  0.2227   2.49    5.35   16.48   -9.35  0.0958  1.6954 -115.3
2024 225 10 20   -0.48   13.95  -13.99  -484.6     0.7    -4.6   4.82    37601  2.26  1395  -121  0  0  0.2295   2.19    5.28   15.92  -10.24  0.0661  1.7194 -115.2
2024 225 10 30    1.76   16.40  -10.56  -487.1   -15.1   -18.6   7.25    32518  3.45  1740  -111  0  0  0.2363   3.34    3.21   15.48  -11.10  0.0532  1.7353 -116.0
2024 225 10 40   -4.53   16.12  -12.07  -503.8    -7.7    -3.6   7.66    26246  3.89  1474  -109  0  0  0.2432   3.77    1.04   15.16  -11.90  0.0470  1.7622 -117.2
2024 225 10 50   -1.39   13.55  -15.83  -489.7   -18.0   -14.1  12.75    23463  6.12  1226  -110  0 -1  0.2501   5.94   -1.99   15.08  -12.74  0.0435  1.8191 -124.3
2024 225 11  0   -0.83   12.34  -16.78  -492.5   -22.8   -18.0  11.53    23025  5.61  1333  -134  0 -1  0.2570   5.44   -2.07   14.28  -14.19  0.0317  1.8426 -130.9
2024 225 11 10   -0.77   12.87  -16.87  -494.5   -17.5   -15.8   8.45    21726  4.14  1170  -139  0  0  0.2639   4.01   -1.97   13.54  -15.54  0.0184  1.8579 -136.8
2024 225 11 20    1.29    9.62  -19.21  -498.8   -21.1   -14.0   8.45    20128  4.22   997  -140  0  0  0.2708   4.08   -0.64   12.36  -17.04  0.0058  1.8259 -138.5
2024 225 11 30    1.06    9.12  -19.41  -501.9   -15.4    -0.9   8.81    18287  4.44   913  -145  0  0  0.2777   4.30    0.16   11.44  -17.87  0.0036  1.7856 -142.4
2024 225 11 40    3.40    6.82  -19.98  -508.5   -19.2   -12.4   9.27    17443  4.80   587  -152  0  0  0.2846   4.65    1.23    9.99  -18.82  0.0014  1.6921 -148.4
2024 225 11 50    1.81    7.32  -19.50  -503.2   -22.7    -1.9   7.83    25348  3.97   520  -164  0  0  0.2914   3.85    2.28    8.23  -19.52  0.0004  1.5367 -153.1
2024 225 12  0    2.23    3.82  -19.73  -499.7   -21.2    -0.7   7.92    23973  3.96   534  -162 -1 -1  0.2982   3.84    2.38    7.04  -19.70  0.0001  1.4098 -157.4
2024 225 12 10    7.47   -4.77  -17.33  -519.4   -27.2     9.7  16.70    21664  9.03   619  -159  0 -1  0.3049   8.75    3.19    4.30  -19.41  0.0000  1.1450 -155.7
2024 225 12 20    7.26   -6.25  -17.29  -518.7   -19.1     1.9  13.29    19711  7.16   618  -143  0  0  0.3115   6.94    4.75    0.55  -18.54  0.0000  1.0906 -154.8
2024 225 12 30    7.43   -4.96  -17.85  -517.7   -24.9     5.9  12.71    20646  6.83   776  -150  0 -1  0.3180   6.61    6.65   -3.30  -17.90 -0.0000  1.0527 -152.3
2024 225 12 40    8.42   -5.22  -17.34  -516.2   -25.5     8.5  12.64    22120  6.75  1161  -149  0 -1  0.3244   6.54    7.60   -5.07  -17.54 -0.0000  1.1979 -154.8
2024 225 12 50    9.46   -2.53  -17.37  -510.1   -22.8    12.7  12.11    18321  6.32  1006  -157  0 -1  0.3307   6.12    7.86   -4.64  -17.63 -0.0000  1.1202 -156.4
2024 225 13  0    9.71   -1.08  -17.29  -511.5   -20.4    11.5  11.71    18106  6.14   943  -156  0 -1  0.3368   5.95    8.73   -3.60  -17.43 -0.0000  0.9333 -160.2
2024 225 13 10    7.81   -2.47  -17.79  -509.5   -17.3    11.9  12.50    17691  6.50   902  -166  0  0  0.3428   6.30    9.26   -2.33  -17.35 -0.0000  0.6914 -163.0
2024 225 13 20    6.53   -2.73  -18.04  -510.7   -17.6    10.5  14.42    21429  7.53   903  -164  0  0  0.3487   7.30    8.92   -2.09  -17.40 -0.0000  0.6494 -166.1
2024 225 13 30    6.56   -1.42  -18.09  -508.9   -15.1    11.7  12.54    16784  6.51   909  -167  0 -1  0.3543   6.30    7.78   -2.08  -17.75 -0.0000  0.6441 -168.5
2024 225 13 40    4.99   -2.12  -18.46  -507.2   -12.4    10.4  13.53    27714  6.97   683  -173 -1 -1  0.3598   6.75    6.60   -2.35  -18.05 -0.0000  0.7086 -171.4
2024 225 13 50    4.67   -2.27  -18.34  -506.0   -11.7    10.2  13.37    27364  6.87   755  -178 -1 -1  0.3651   6.64    5.76   -2.10  -18.26 -0.0000  0.6582 -174.9
2024 225 14  0    4.27   -2.55  -18.19  -504.8   -11.1    10.1  13.21    27015  6.77   677  -180 -1 -1  0.3702   6.53    5.05   -2.24  -18.31 -0.0000  0.6864 -179.1
2024 225 14 10    3.87   -2.83  -18.04  -503.6   -10.4     9.9  13.04    26665  6.67   483  -190 -1 -1  0.3751   6.41    4.49   -2.40  -18.27 -0.0000  0.7178 -184.2
2024 225 14 20    3.47   -3.12  -17.89  -502.4    -9.8     9.8  12.88    26315  6.57   602  -196 -1 -1  0.3797   6.30    4.09   -2.68  -18.12 -0.0000  0.7684 -190.3
2024 225 14 30    3.06   -3.40  -17.74  -501.2    -9.1     9.7  12.72    25966  6.47   548  -204 -1 -1  0.3841   6.19    3.69   -2.96  -17.97 -0.0000  0.8173 -195.4
2024 225 14 40    2.66   -3.68  -17.59  -500.0    -8.5     9.5  12.56    25616  6.37   639  -208 -1 -1  0.3882   6.09    3.29   -3.24  -17.82 -0.0000  0.8639 -198.6
2024 225 14 50    2.26   -3.96  -17.44  -498.8    -7.8     9.4  12.40    25266  6.27   639  -210 -1 -1  0.3921   5.98    2.88   -3.52  -17.67 -0.0000  0.9084 -198.1
2024 225 15  0    1.86   -4.24  -17.29  -497.7    -7.1     9.2  12.24    24917  6.17   653  -203 -1 -1  0.3957   5.88    2.48   -3.80  -17.52 -0.0000  0.9509 -193.9
2024 225 15 10    1.46   -4.52  -17.14  -496.5    -6.5     9.1  12.08    24567  6.07   695  -193 -1 -1  0.3991   5.77    2.08   -4.09  -17.38 -0.0000  0.9915 -189.5
2024 225 15 20    1.06   -4.80  -17.00  -495.3    -5.8     8.9  11.92    24217  5.97   634  -195 -1 -1  0.4022   5.67    1.68   -4.37  -17.23 -0.0000  1.0304 -187.5
2024 225 15 30    0.66   -5.08  -16.85  -494.1    -5.2     8.8  11.75    23867  5.87   803  -197 -1 -1  0.4050   5.56    1.28   -4.65  -17.08 -0.0000  1.0674 -189.3
2024 225 15 40    0.26   -5.36  -16.70  -492.9    -4.5     8.6  11.59    23518  5.77   579  -203 -1 -1  0.4074   5.46    0.88   -4.93  -16.93 -0.0000  1.1030 -192.0
2024 225 15 50   -0.14   -5.64  -16.55  -491.7    -3.9     8.5  11.43    23168  5.67   627  -207 -1 -1  0.4096   5.35    0.48   -5.21  -16.78 -0.0000  1.1369 -195.1
2024 225 16  0   -0.54   -5.93  -16.40  -490.5    -3.2     8.4  11.27    22818  5.57   747  -210 -1 -1  0.4115   5.25    0.08   -5.49  -16.63 -0.0000  1.1693 -197.2
2024 225 16 10   -0.95   -6.21  -16.25  -489.3    -2.6     8.2  11.11    22469  5.47   816  -211 -1 -1  0.4131   5.15   -0.32   -5.77  -16.48 -0.0001  1.2002 -198.1
2024 225 16 20   -1.35   -6.49  -16.10  -488.2    -1.9     8.1  10.95    22119  5.37   923  -211 -1 -1  0.4143   5.06   -0.72   -6.05  -16.33 -0.0001  1.2296 -198.2
2024 225 16 30   -1.75   -6.77  -15.95  -487.0    -1.3     7.9  10.79    21769  5.27   881  -212 -1 -1  0.4153   4.96   -1.13   -6.33  -16.18 -0.0001  1.2577 -197.0
2024 225 16 40   -2.15   -7.05  -15.80  -485.8    -0.6     7.8  10.63    21420  5.17   862  -209 -1 -1  0.4159   4.86   -1.53   -6.61  -16.04 -0.0002  1.2844 -196.6
2024 225 16 50   -2.55   -7.33  -15.65  -484.6     0.0     7.6  10.47    21070  5.07   734  -211 -1 -1  0.4162   4.76   -1.93   -6.90  -15.88 -0.0002  1.3098 -196.1
2024 225 17  0   -2.95   -7.61  -15.51  -483.4     0.7     7.5  10.30    20720  4.97   857  -210 -1 -1  0.4162   4.66   -2.33   -7.18  -15.74 -0.0003  1.3338 -195.4
2024 225 17 10   -3.35   -7.89  -15.36  -482.2     1.3     7.3  10.14    20371  4.87   773  -206 -1 -1  0.4158   4.57   -2.73   -7.46  -15.59 -0.0004  1.3566 -193.3
2024 225 17 20   -3.75   -8.17  -15.21  -481.0     2.0     7.2   9.98    20021  4.77   573  -204 -1 -1  0.4152   4.47   -3.13   -7.74  -15.44 -0.0005  1.3781 -191.1
2024 225 17 30   -4.15   -8.45  -15.06  -479.8     2.6     7.1   9.82    19671  4.67   544  -204 -1 -1  0.4142   4.38   -3.53   -8.02  -15.29 -0.0007  1.3983 -189.1
2024 225 17 40   -4.55   -8.74  -14.91  -478.7     3.3     6.9   9.66    19321  4.57   745  -199 -1 -1  0.4129   4.29   -3.93   -8.30  -15.14 -0.0009  1.4173 -186.8
2024 225 17 50   -4.96   -9.02  -14.76  -477.5     4.0     6.8   9.50    18972  4.47   693  -196 -1 -1  0.4113   4.20   -4.33   -8.58  -14.99 -0.0011  1.4351 -182.0
2024 225 18  0   -5.36   -9.30  -14.61  -476.3     4.6     6.6   9.34    18622  4.37   868  -186 -1 -1  0.4094   4.11   -4.74   -8.86  -14.84 -0.0014  1.4518 -177.2
2024 225 18 10   -5.76   -9.58  -14.46  -475.1     5.3     6.5   9.18    18272  4.27  1379  -183 -1 -1  0.4071   4.01   -5.14   -9.14  -14.69 -0.0017  1.4673 -173.5
2024 225 18 20   -6.16   -9.86  -14.31  -473.9     5.9     6.3   9.01    17923  4.17   889  -182 -1 -1  0.4046   3.92   -5.54   -9.42  -14.54 -0.0021  1.4817 -172.6
2024 225 18 30   -6.56  -10.14  -14.17  -472.7     6.6     6.2   8.85    17573  4.07  1081  -185 -1 -1  0.4018   3.83   -5.94   -9.71  -14.40 -0.0025  1.4951 -172.1
2024 225 18 40   -6.96  -10.42  -14.02  -471.5     7.2     6.1   8.69    17223  3.97  1160  -182 -1 -1  0.3987   3.74   -6.34   -9.99  -14.25 -0.0031  1.5074 -170.9
2024 225 18 50   -7.36  -10.70  -13.87  -470.3     7.9     5.9   8.53    16874  3.87   977  -179 -1 -1  0.3953   3.66   -6.74  -10.27  -14.10 -0.0037  1.5187 -168.8
2024 225 19  0   -7.76  -10.98  -13.72  -469.2     8.5     5.8   8.37    16524  3.77  1043  -178 -1 -1  0.3916   3.57   -7.14  -10.55  -13.95 -0.0044  1.5289 -167.3
2024 225 19 10   -8.16  -11.26  -13.57  -468.0     9.2     5.6   8.21    16174  3.67   832  -177 -1 -1  0.3877   3.48   -7.54  -10.83  -13.80 -0.0052  1.5382 -165.9
2024 225 19 20   -8.57  -11.55  -13.42  -466.8     9.8     5.5   8.05    15825  3.57   792  -176 -1 -1  0.3835   3.40   -7.94  -11.11  -13.65 -0.0061  1.5466 -162.4
2024 225 19 30   -8.97  -11.83  -13.27  -465.6    10.5     5.3   7.89    15475  3.47   754  -163 -1 -1  0.3790   3.32   -8.34  -11.39  -13.50 -0.0071  1.5541 -161.7
2024 225 19 40   -9.37  -12.11  -13.12  -464.4    11.1     5.2   7.73    15125  3.37   733  -181 -1 -1  0.3743   3.23   -8.75  -11.67  -13.35 -0.0082  1.5607 -161.4
2024 225 19 50   -9.77  -12.39  -12.97  -463.2    11.8     5.0   7.56    14775  3.27   798  -177 -1 -1  0.3694   3.14   -9.15  -11.95  -13.21 -0.0095  1.5665 -163.3
2024 225 20  0  -10.17  -12.67  -12.82  -462.0    12.4     4.9   7.40    14426  3.17   869  -172 -1 -1  0.3643   3.06   -9.55  -12.23  -13.05 -0.0109  1.5714 -162.4
2024 225 20 10  -12.04  -14.23   -9.07  -453.3    26.1     3.7   9.41    13923  3.88   895  -169  0  0  0.3590   3.76  -10.03  -12.52  -12.79 -0.0137  1.5696 -162.8
2024 225 20 20  -11.39  -14.24   -9.58  -460.8    17.4     9.0   7.02    12371  2.99   984  -177  0  0  0.3534   2.89  -10.76  -13.15  -11.63 -0.0284  1.5392 -162.9
2024 225 20 30  -10.46  -16.24   -7.73  -465.9    20.8     0.6  10.46    13468  4.55   970  -165  0  0  0.3477   4.41  -11.05  -13.87  -10.45 -0.0547  1.5138 -162.6
2024 225 20 40  -10.24  -15.74   -9.87  -468.3    26.5     0.3   8.97    12081  3.95   935  -167  0  0  0.3418   3.82  -11.02  -14.82   -9.35 -0.0834  1.5105 -160.6
2024 225 20 50   -9.07  -16.03  -10.18  -473.0    30.1    10.7   8.35    12028  3.75   891  -166  0  0  0.3358   3.64  -10.48  -15.12   -9.75 -0.0838  1.5582 -159.7
2024 225 21  0  -11.38  -14.05  -10.40  -465.5    28.3     5.8  10.07    13057  4.38   722  -168  0 -1  0.3296   4.24  -10.30  -15.43   -9.81 -0.0836  1.5828 -158.1
2024 225 21 10  -11.16  -14.94   -9.33  -458.9    37.2     1.1  12.02    14894  5.10   562  -163  0  0  0.3232   4.94  -10.65  -15.12   -9.79 -0.0773  1.5689 -155.2
2024 225 21 20  -11.69  -13.53  -10.87  -455.0    98.1    -5.9   8.20    12410  3.56   437  -159  0  0  0.3167   3.44  -10.93  -14.95   -9.56 -0.0789  1.5455 -151.7
2024 225 21 30  -10.23  -15.26  -10.08  -470.7    34.8     5.9  10.54     9732  4.70   725  -153  0  0  0.3102   4.55  -11.30  -14.56   -9.73 -0.0682  1.5385 -148.2
2024 225 21 40  -11.65  -14.34   -9.57  -469.2    35.7     6.4   9.54    11010  4.23   908  -148  0  0  0.3035   4.09  -11.14  -14.63   -9.86 -0.0670  1.5553 -145.3
2024 225 21 50  -12.20  -14.64   -7.92  -453.9    31.6    -0.2  10.96    12444  4.54   968  -142  0 -1  0.2967   4.40  -11.51  -14.64   -9.28 -0.0788  1.5187 -140.3
2024 225 22  0  -10.97  -16.37   -6.10  -455.8    32.3     5.2   9.50    10248  3.96   793  -135  0 -1  0.2899   3.84  -11.54  -14.96   -8.48 -0.1038  1.4678 -136.5
2024 225 22 10  -11.01  -15.74   -7.27  -453.0    28.8     2.7  10.91    14107  4.50   786  -134  0  0  0.2830   4.35  -11.32  -15.37   -7.78 -0.1296  1.4225 -133.8
2024 225 22 20  -11.51  -15.84   -6.32  -450.9    23.2     4.2  11.10    17878  4.53   827  -132  0  0  0.2761   4.38  -11.05  -15.72   -7.37 -0.1512  1.3971 -132.0
2024 225 22 30   -8.36  -17.18   -7.50  -455.0    25.8     5.0  12.04    12622  5.00   957  -125  0  0  0.2691   4.84  -10.48  -16.09   -7.25 -0.1684  1.4001 -127.9
2024 225 22 40   -7.51  -18.37   -5.17  -454.1    25.9     0.3  12.87    18937  5.33   988  -114  0  0  0.2621   5.16   -9.94  -16.55   -6.80 -0.2140  1.3772 -123.3
2024 225 22 50   -9.31  -17.66   -3.31  -468.6    33.8    -1.3  13.85    14854  6.11   982  -112  0  0  0.2551   5.92   -8.98  -17.36   -5.76 -0.3268  1.3460 -119.7
2024 225 23  0  -10.65  -17.11   -2.35  -462.3    30.4    -9.2  11.62    10987  4.99   923  -111  0  0  0.2481   4.83   -9.21  -17.55   -4.38 -0.4507  1.2756 -118.2
2024 225 23 10   -9.75  -17.54   -2.37  -464.7    32.6     0.3  11.46    11977  4.97   707  -108  0  0  0.2411   4.82   -9.56  -17.56   -3.26 -0.5651  1.2120 -116.7
2024 225 23 20  -12.79  -15.21   -1.60  -449.6    24.1    -1.9  13.75    15134  5.57   597  -105  0 -1  0.2342   5.40  -10.43  -17.06   -2.76 -0.5879  1.1530 -115.8
2024 225 23 30   -9.35  -16.94   -2.30  -442.0    22.8     6.1  14.99    18890  5.87   707  -106  0  0  0.2273   5.69  -10.32  -16.89   -2.29 -0.6145  1.0927 -117.3
2024 225 23 40   -9.67  -16.20   -4.55  -440.7    15.8    25.5  25.44    15295  9.93   382  -102  0  0  0.2204   9.61  -10.53  -16.22   -2.86 -0.5327  1.0839 -118.0
2024 225 23 50  -10.24  -16.69   -2.65  -444.2    13.4    15.6  27.55    14854 10.90   376   -91  0 -1  0.2137  10.55   -9.99  -16.21   -3.21 -0.5546  1.0919 -117.8
2024 226  0  0   -9.96  -17.17   -2.50  -442.5     9.0    19.4  20.57    13795  8.07   400   -95  0  0  0.2070   7.82   -9.96  -16.34   -3.62 -0.5671  1.1215 -117.4
2024 226  0 10  -10.56  -17.01   -2.65  -446.8    10.8    17.3  14.38    17691  5.75   299  -111  0  0  0.2004   5.57   -9.94  -16.85   -3.06 -0.6477  1.1011 -118.0
2024 226  0 20  -11.38  -16.66   -1.72  -445.5    10.4    20.9  14.98    16652  5.96   340  -110  0 -1  0.1939   5.77  -10.19  -17.11   -2.77 -0.6311  1.0905 -118.5
2024 226  0 30  -11.28  -16.80   -1.53  -442.8    11.7    15.6  13.58    15758  5.33   271  -106  0  0  0.1875   5.17  -10.56  -17.02   -2.30 -0.6459  1.0536 -116.8
2024 226  0 40   -9.81  -17.27    0.72  -437.4     3.8    22.3  15.36    14712  5.89   248  -104  0  0  0.1812   5.71  -10.76  -16.96   -1.49 -0.7171  0.9903 -115.3
2024 226  0 50   -9.87  -17.46    0.44  -441.7     4.5    16.8  12.22    18698  4.77   251  -105  0  0  0.1751   4.63  -10.36  -17.09   -0.16 -0.7949  0.8993 -113.6
2024 226  1  0  -11.51  -16.06   -1.20  -445.6     4.7     9.9  11.99    34241  4.76   337  -104  0  0  0.1691   4.61  -10.19  -17.07    0.40 -0.7972  0.8593 -112.4
2024 226  1 10  -10.53  -16.56    0.52  -449.6     9.6     4.8  14.13    26638  5.72   331  -103  0  0  0.1633   5.54  -10.24  -16.92    0.47 -0.7690  0.8583 -110.9
2024 226  1 20  -11.19  -16.26    0.52  -449.1     9.4     7.2  16.28    31148  6.57   259   -97  0  0  0.1577   6.36  -10.86  -16.48    0.32 -0.7602  0.8576 -110.8
2024 226  1 30  -11.15  -16.91    0.73  -449.6    12.1     2.6  17.09    26554  6.92   395   -98  0  0  0.1522   6.70  -10.94  -16.47    0.37 -0.8164  0.8583 -110.5
2024 226  1 40  -12.12  -16.45    1.27  -450.2    10.3     0.3  13.28    21504  5.39   522  -101  0 -1  0.1470   5.22  -11.06  -16.60    0.27 -0.8255  0.8711 -110.9
2024 226  1 50  -12.80  -15.75    1.83  -450.5    14.1     7.1  15.91    19886  6.46   515  -100  0  0  0.1419   6.26  -11.47  -16.63    0.48 -0.7860  0.8579 -110.6
2024 226  2  0  -12.12  -16.51   -0.14  -449.9    13.9     8.1  16.92    23132  6.86   536   -95  0  0  0.1371   6.64  -11.98  -16.46    0.73 -0.7519  0.8345 -110.1
2024 226  2 10  -11.76  -16.90    3.29  -446.1    14.4     2.1  13.90    17361  5.54   497   -98  0  0  0.1324   5.36  -12.19  -16.32    0.93 -0.7742  0.8136 -109.6
2024 226  2 20  -10.93  -16.75    0.52  -448.1    11.1    15.4   9.51    21134  3.83   420  -105  0  0  0.1280   3.71  -12.26  -16.20   -0.68 -0.6694  0.9230 -108.8
2024 226  2 30  -10.57  -16.66    3.78  -448.2     2.4    26.1  12.70    44322  5.12   387   -97  0  0  0.1238   4.96  -12.02  -16.22   -0.57 -0.6346  0.9195 -107.6
2024 226  2 40  -11.56  -15.36    5.01  -453.5     8.6    20.5  15.12    29451  6.23   167   -89  0  0  0.1199   6.04  -11.62  -16.22    0.44 -0.5152  0.8540 -105.6
2024 226  2 50  -12.35  -15.80    2.09  -450.4    12.2    18.5  14.03    33419  5.71   247   -91  0  0  0.1162   5.53  -11.59  -15.95    2.99 -0.5151  0.6724 -104.1
2024 226  3  0  -13.03  -15.54   -2.20  -448.0    10.4    22.5  13.90    30962  5.60   156   -89  0  0  0.1127   5.42  -11.95  -15.75    2.64 -0.5045  0.6881 -102.0
2024 226  3 10  -12.94  -15.44   -1.13  -446.4    12.8    15.5  15.89    28673  6.34   215   -84  0  0  0.1096   6.15  -12.76  -15.29    0.66 -0.5000  0.8090 -100.0
2024 226  3 20  -13.82  -13.92   -4.91  -444.1     6.0    36.5  18.26    25103  7.25   229   -80  0  0  0.1066   7.02  -13.26  -14.95   -2.08 -0.5060  0.9819  -97.7
2024 226  3 30   -8.69  -17.75    3.02  -459.4    17.1    30.0  14.56    35799  6.18   386   -79  0  0  0.1040   5.99  -13.30  -14.72   -1.84 -0.4574  0.9547  -97.4
2024 226  3 40   -9.75  -17.51    2.39  -462.1    14.2    27.3  14.95    30903  6.41   266   -84  0  0  0.1016   6.21  -11.99  -15.51    0.33 -0.4676  0.8405  -97.8
2024 226  3 50  -11.57  -17.16    1.44  -453.3    19.6    25.4  12.00    27726  4.97   216   -91  0 -1  0.0995   4.80  -10.90  -16.56    2.68 -0.5199  0.7212  -98.4
2024 226  4  0  -12.11  -16.36    1.58  -451.9    18.4    41.0  12.99    38588  5.36   136   -85  0  0  0.0977   5.19  -10.55  -17.18    2.82 -0.5824  0.7397  -96.3
2024 226  4 10  -13.12  -17.02   -0.63  -444.8    21.8    54.8  11.01    48385  4.43   118   -82  0  0  0.0962   4.29  -11.35  -16.88    2.18 -0.5981  0.7648  -95.4
2024 226  4 20  -13.38  -17.26    0.98  -425.9    31.5    39.1   5.77    18698  2.12   188   -98  0  0  0.0950   2.06  -12.35  -16.75    1.19 -0.6226  0.8135  -94.3
2024 226  4 30  -14.47  -16.33    3.14  -423.3    24.8    31.7   5.69    23709  2.06   116   -94  0  0  0.0941   1.99  -13.04  -16.80    1.32 -0.5253  0.7868  -94.3
2024 226  4 40  -13.81  -16.08    6.06  -428.8    23.5    20.7   5.70    24408  2.11   150   -91  0  0  0.0934   2.04  -13.92  -16.64    2.17 -0.4042  0.7092  -92.1
2024 226  4 50  -12.56  -15.59    9.22  -432.7    16.5    -3.9   5.82    20327  2.18   117   -88  0  0  0.0931   2.11  -13.83  -16.36    4.49 -0.2401  0.5599  -90.5
2024 226  5  0  -15.28  -14.54    5.21  -423.7    13.8    13.2   6.95    27888  2.50   122   -86  0  0  0.0930   2.42  -13.82  -15.80    6.36 -0.1368  0.4373  -90.5
2024 226  5 10  -13.14  -15.77    7.27  -426.1    30.6     2.6   7.78    30411  2.84   123   -86  0  0  0.0933   2.75  -13.49  -15.64    7.25 -0.1068  0.3893  -90.9
2024 226  5 20  -13.23  -16.02    6.63  -437.8     0.9    21.4   7.99    30792  3.07   100   -84  0  0  0.0938   2.97  -13.60  -15.53    6.91 -0.1332  0.4011  -90.6
2024 226  5 30  -13.35  -15.77    7.68  -435.3    22.5     6.3   6.74    29255  2.56    91   -83  0  0  0.0947   2.48  -13.28  -15.78    7.06 -0.1375  0.4078  -90.7
2024 226  5 40  -13.03  -15.32    8.38  -432.1    17.1     9.7  10.32    47081  3.88    77   -84  0  0  0.0958   3.74  -13.33  -15.78    7.20 -0.1391  0.4059  -90.9
2024 226  5 50  -13.27  -15.18    8.24  -431.6    13.2    13.8  11.63    74749  4.34    69   -82  0  0  0.0972   4.20  -13.02  -15.70    8.02 -0.1060  0.3672  -91.1
2024 226  6  0  -10.63  -16.08   10.08  -440.6    22.2    -1.4   9.17    51343  3.57    65   -81  0 -1  0.0989   3.46  -12.97  -15.43    8.34 -0.0990  0.3445  -89.2
2024 226  6 10   -9.10  -16.49   11.01  -446.2    14.6     3.1   6.16    28201  2.46    75   -81  0  0  0.1009   2.38  -11.79  -15.70    9.31 -0.0811  0.3191  -89.1
2024 226  6 20  -10.37  -14.98   10.66  -433.2    20.2    -1.6  13.02    64032  4.90    88   -80  0  0  0.1032   4.74  -10.78  -15.79   10.09 -0.0681  0.2990  -88.3
2024 226  6 30  -12.54  -13.60    9.15  -438.3    -7.5     4.1  12.17    81812  4.68   106   -73 -1 -1  0.1057   4.53  -10.08  -15.62   10.77 -0.0555  0.2720  -88.5
2024 226  6 40  -13.85  -12.44    7.53  -439.2   -10.6    12.4  10.89    66426  4.21    97   -72  0  0  0.1085   4.07  -11.64  -14.16    9.65 -0.0598  0.2586  -88.3
2024 226  6 50  -14.58  -12.63    8.95  -430.0    -2.8     3.7  11.67    69196  4.31    96   -82  0 -1  0.1116   4.18  -13.28  -12.98    8.61 -0.0637  0.2537  -89.9
2024 226  7  0  -15.48  -12.09    7.29  -428.9   -15.0     1.5  13.12    45605  4.84    68   -82  0  0  0.1150   4.68  -14.74  -12.16    7.69 -0.0645  0.2518  -92.0
2024 226  7 10  -15.35  -11.33    8.31  -436.4   -29.7    15.5  14.93    73331  5.80    91   -79  0 -1  0.1186   5.54  -14.93  -11.98    8.02 -0.0543  0.2336  -91.0
2024 226  7 20  -13.70  -11.48   10.55  -425.6   -17.3    -2.1  11.30    77687  4.10    82   -77  0  0  0.1224   3.97  -14.86  -11.66    8.76 -0.0393  0.1983  -89.0
2024 226  7 30  -13.75  -10.56   10.76  -434.2    -0.2     6.3  10.48    64427  3.96    82   -75  0  0  0.1265   3.83  -14.33  -11.15    9.88 -0.0255  0.1576  -86.2
2024 226  7 40  -13.04  -10.84   11.29  -431.4     6.5     7.7   9.30    55288  3.46    79   -76  0  0  0.1308   3.35  -13.61  -10.77   11.05 -0.0131  0.1211  -85.1
2024 226  7 50  -11.64  -10.93   12.59  -434.2    16.3     6.2   8.37    40035  3.16    99   -78  0  0  0.1354   3.06  -13.04  -10.46   11.75 -0.0080  0.1007  -84.3
2024 226  8  0  -11.03   -9.34   14.29  -431.2     9.4    -5.1   7.16    41213  2.66    93   -78  0  0  0.1401   2.58  -12.46  -10.36   12.29 -0.0059  0.0912  -83.5
2024 226  8 10  -11.48   -8.89   13.92  -429.3    14.1   -11.0   7.17    43292  2.65    78   -75  0  0  0.1451   2.56  -11.73   -9.98   13.17 -0.0040  0.0749  -82.1
2024 226  8 20  -12.50  -10.38   11.50  -420.9    10.3    13.7   7.09    48494  2.52    78   -76  0  0  0.1503   2.44  -11.53   -9.79   13.33 -0.0032  0.0691  -81.9
2024 226  8 30   -9.96  -10.17   12.54  -425.7    22.5     6.4  10.14    67572  3.69   106   -76  0  0  0.1557   3.57  -11.24   -9.81   13.08 -0.0035  0.0721  -80.9
2024 226  8 40  -10.29   -8.79   13.55  -427.2    25.5    -3.6   7.43    42869  2.72    72   -71  0 -1  0.1612   2.64  -10.81  -10.05   12.68 -0.0041  0.0792  -81.0
2024 226  8 50   -6.64   -7.60   15.42  -441.7    14.0   -18.3   8.43    50030  3.30   106   -73  0  0  0.1669   3.19   -9.80   -9.70   13.22 -0.0033  0.0690  -79.1
2024 226  9  0  -10.08  -11.34   11.23  -426.3    36.1   -14.9   7.44    42007  2.73    97   -72  0  0  0.1728   2.64   -9.50  -10.38   12.11 -0.0275  0.1277  -78.8
2024 226  9 10   -8.29  -14.14    8.66  -446.2    58.0    20.5   6.33    26961  2.57    80   -71  0  0  0.1788   2.49   -9.42  -11.27   11.11 -0.0389  0.1711  -79.4
2024 226  9 20  -11.10   -4.59   14.45  -430.0   -19.7    -2.5   7.51    52650  2.78   132   -79  0  0  0.1850   2.70  -10.08  -10.68   10.42 -0.0454  0.1873  -79.2
2024 226  9 30  -10.61   -8.29   13.01  -419.7     4.7    -9.0   6.21    39433  2.19    95   -75  0  0  0.1913   2.12  -10.50   -8.57   12.03 -0.0195  0.1058  -80.0
2024 226  9 40   -9.87  -10.70   11.79  -427.2    42.0   -10.7   6.88    32011  2.54    55   -78  0 -1  0.1977   2.46  -11.08   -7.33   12.78 -0.0082  0.0607  -78.9
2024 226  9 50   -9.38   -6.06   15.04  -428.8    15.8   -29.6   6.50    26424  2.40    71   -74  0  0  0.2043   2.33  -10.59   -7.33   13.53 -0.0018  0.0402  -78.2
2024 226 10  0   -9.39   -6.16   14.96  -424.5    28.6   -18.5   6.36    27387  2.31    60   -70  0  0  0.2109   2.23  -10.15   -7.67   13.70 -0.0017  0.0404  -75.9
2024 226 10 10   -9.36   -6.44   14.46  -419.8    30.8   -21.4   5.55    21566  1.97    51   -70  0  0  0.2176   1.91   -9.46   -7.00   14.46 -0.0006  0.0254  -74.3
2024 226 10 20   -9.71   -4.33   14.36  -419.1    11.0   -22.0   6.13    24273  2.16    60   -69  0  0  0.2243   2.09   -9.50   -6.52   14.43 -0.0002  0.0186  -73.6
2024 226 10 30   -9.60   -5.61   13.70  -418.7    22.2   -26.5   5.52    24131  1.95    64   -68  0 -1  0.2312   1.89   -9.42   -5.70   14.38 -0.0001  0.0127  -73.5
2024 226 10 40   -9.24   -4.43   14.48  -421.3    27.8   -24.6   6.03    22025  2.16    50   -68  0  0  0.2380   2.09   -9.68   -5.06   14.13 -0.0000  0.0091  -73.1
2024 226 10 50   -9.04   -1.57   14.61  -427.3   -13.2   -30.1   5.85    20572  2.15    63   -68  0  0  0.2449   2.08   -9.70   -4.21   14.12 -0.0000  0.0059  -72.9
2024 226 11  0   -7.57   -3.47   14.65  -425.8    25.9   -28.4   5.97    32567  2.18    45   -67  0 -1  0.2519   2.11   -9.24   -3.95   14.21 -0.0000  0.0052  -72.3
2024 226 11 10   -7.66   -4.52   14.26  -426.9    35.4   -27.6   6.17    34120  2.27    56   -66  0 -1  0.2588   2.20   -8.68   -4.15   14.11 -0.0001  0.0072  -71.8
2024 226 11 20   -7.17   -5.10   14.29  -431.9    28.4   -27.6   6.03    28439  2.27    55   -65 -1 -1  0.2657   2.20   -7.95   -4.74   14.05 -0.0001  0.0092  -71.5
2024 226 11 30   -8.97   -5.37   12.69  -424.8    26.8   -19.4   7.12    45024  2.59    51   -66  0  0  0.2726   2.50   -7.87   -5.06   13.83 -0.0001  0.0106  -70.7
2024 226 11 40  -11.23   -5.51   10.32  -393.1    51.0    -8.2   4.83    29484  1.52    55   -67  0 -1  0.2795   1.47   -8.68   -5.74   12.53 -0.0014  0.0278  -70.2
2024 226 11 50   -6.78   -1.82   14.02  -423.8    28.3   -29.5   4.87    20998  1.77    52   -66  0  0  0.2863   1.71   -9.35   -5.71   11.76 -0.0014  0.0298  -69.3
2024 226 12  0   -7.84   -2.55   13.87  -424.6    15.0   -17.7   6.53    51418  2.36    69   -64  0  0  0.2931   2.29   -9.08   -4.73   11.92 -0.0014  0.0267  -69.0
2024 226 12 10   -6.97   -3.00   13.93  -420.1    29.3   -29.9   4.86    27361  1.73    63   -65  0  0  0.2997   1.68   -7.91   -3.15   13.35 -0.0000  0.0053  -68.4
2024 226 12 20   -5.99   -2.30   14.10  -419.2    24.8   -31.6   4.81    29097  1.70    59   -64 -1 -1  0.3064   1.65   -6.94   -2.40   14.06 -0.0000  0.0009  -68.6
2024 226 12 30   -6.89   -1.84   13.80  -418.6    26.3   -29.8   4.62    28469  1.64    62   -67  0 -1  0.3129   1.58   -6.68   -2.46   13.98 -0.0000  0.0009  -69.1
2024 226 12 40   -7.23   -1.51   13.57  -418.6    23.3   -25.5   4.51    25486  1.59    62   -67  0 -1  0.3193   1.54   -6.52   -2.26   13.94 -0.0000  0.0007  -69.6
2024 226 12 50   -8.21   -0.02   13.00  -407.1    12.7   -23.9   4.79    24680  1.60    58   -67  0 -1  0.3255   1.54   -6.85   -1.77   13.75 -0.0000  0.0004  -69.4
2024 226 13  0   -7.77   -0.41   13.19  -409.2    12.7   -26.9   4.56    22396  1.54    67   -67  0  0  0.3317   1.49   -7.37   -1.14   13.47 -0.0000  0.0002  -69.5
2024 226 13 10   -6.47   -0.53   13.81  -414.1    11.1   -29.5   4.97    26402  1.71    68   -67  0  0  0.3377   1.66   -7.61   -0.57   13.32 -0.0000  0.0000  -70.2
2024 226 13 20   -7.57    0.69   12.13  -394.0    -5.8     5.0   7.80    49141  2.42    60   -66 -1  0  0.3435   2.35   -7.35   -0.27   13.28  0.0000  0.0000  -70.5
2024 226 13 30   -8.49    0.29   11.37  -407.5    10.9   -23.1   4.89    29265  1.63    62   -66  0  0  0.3492   1.58   -7.33    0.12   12.82  0.0000  0.0005  -70.5
2024 226 13 40   -8.25    1.99   10.57  -403.2     3.6   -10.0   5.97    37580  1.95    57   -65  0  0  0.3546   1.88   -7.58    0.61   12.26  0.0000  0.0006  -70.9
2024 226 13 50   -7.76    2.37   10.15  -405.0   -17.7    -3.4   7.69    59408  2.53    59   -64  0  0  0.3599   2.45   -7.84    1.18   11.35  0.0000  0.0010  -69.7
2024 226 14  0   -6.63    0.44   11.34  -401.2     8.7   -27.7   5.62    33071  1.82    54   -60  0  0  0.3650   1.76   -7.53    1.54   11.02  0.0000  0.0017  -68.2
2024 226 14 10   -6.47    1.88   10.95  -401.0     4.4   -20.8   6.64    34554  2.14    51   -59  0  0  0.3698   2.07   -7.04    1.41   10.84  0.0000  0.0016  -65.8
2024 226 14 20   -4.27   -1.37   12.20  -411.4    19.7   -29.1   5.86    29473  2.00    64   -58  0 -1  0.3745   1.94   -6.27    0.91   11.25  0.0000  0.0012  -65.7
2024 226 14 30   -4.91    0.14   12.00  -408.7    17.0   -30.3   6.84    30356  2.30    58   -59  0  0  0.3789   2.23   -5.55    0.08   11.68  0.0000  0.0001  -66.5
2024 226 14 40   -5.16    0.62   11.25  -403.3    14.3   -30.1   8.11    35813  2.66    44   -59  0  0  0.3830   2.57   -4.90    0.01   11.90  0.0000  0.0000  -67.1
2024 226 14 50   -5.50    1.50   11.35  -400.5    12.7   -27.9   7.25    24978  2.34    51   -58  0  0  0.3869   2.27   -4.87    0.19   11.73  0.0000  0.0000  -67.2
2024 226 15  0   -5.29    0.92   11.15  -406.6    12.1   -29.7   7.30    29345  2.43    58   -59  0 -1  0.3905   2.35   -5.00    0.73   11.50  0.0000  0.0001  -67.2
2024 226 15 10   -4.84    0.95   11.36  -411.4     9.8   -28.3   7.05    29529  2.40    68   -60  0 -1  0.3938   2.32   -5.17    0.97   11.30  0.0000  0.0001  -67.5
2024 226 15 20   -6.02    1.30   10.40  -412.5     6.9   -26.8   6.44    30725  2.21    57   -61  0 -1  0.3969   2.13   -5.16    1.18   11.30  0.0000  0.0001  -68.0
2024 226 15 30   -6.46    0.08   10.55  -417.3     5.0   -39.5   6.14    22059  2.16    78   -61  0  0  0.3997   2.09   -5.14    1.26   11.26  0.0000  0.0002  -68.4
2024 226 15 40   -5.17    0.92   11.03  -411.8     7.9   -31.9   7.40    34703  2.53    62   -61  0  0  0.4021   2.45   -5.33    1.02   11.12  0.0000  0.0001  -68.2
2024 226 15 50   -5.87    1.44   10.28  -399.3     5.9   -23.7   4.70    32704  1.50    62   -63  0  0  0.4043   1.46   -5.49    0.84   10.91  0.0000  0.0001  -68.2
2024 226 16  0   -5.45    2.92   10.12  -401.7     0.4   -21.8   5.61    36970  1.82    67   -64  0  0  0.4062   1.76   -5.76    1.01   10.47  0.0000  0.0004  -68.7
2024 226 16 10   -5.10    4.24    9.76  -402.5    -7.9   -19.6   6.09    32032  1.98    64   -67  0  0  0.4078   1.92   -5.65    2.02   10.17  0.0000  0.0024  -69.5
2024 226 16 20   -6.16    4.16    8.56  -394.9    -3.7   -13.9   5.12    35302  1.60    92   -67  0  0  0.4090   1.55   -5.70    3.24    9.57  0.0001  0.0075  -69.3
2024 226 16 30   -6.64    5.10    7.22  -384.5   -25.2     2.4   3.98    27217  1.18    63   -67  0  0  0.4099   1.14   -5.82    4.32    8.81  0.0004  0.0192  -68.3
2024 226 16 40   -6.70    4.71    7.47  -378.7   -18.7    -0.4   3.81    27992  1.10   102   -66  0  0  0.4106   1.06   -6.26    5.06    7.72  0.0012  0.0363  -67.3
2024 226 16 50   -6.51    6.42    5.88  -380.9   -19.5     0.0   4.06    27268  1.18   100   -66  0  0  0.4108   1.14   -6.54    5.47    7.05  0.0018  0.0483  -67.1
2024 226 17  0   -6.14    6.97    5.22  -389.3   -22.9   -15.0   5.11    34021  1.56   101   -65  0 -1  0.4108   1.51   -6.50    6.09    6.14  0.0058  0.0804  -66.9
2024 226 17 10   -5.76    7.22    5.35  -389.6   -21.5     3.7   4.33    21497  1.32   120   -64  0  0  0.4105   1.28   -6.23    6.25    6.04  0.0063  0.0859  -67.0
2024 226 17 20   -6.30    7.16    4.55  -386.4   -26.1     9.1   4.47    21826  1.34    97   -65  0 -1  0.4098   1.30   -6.07    6.82    5.31  0.0122  0.1207  -67.3
2024 226 17 30   -4.85    8.70    1.97  -398.3   -42.7    32.4   5.64    22483  1.82    85   -65  0  0  0.4088   1.76   -5.82    7.12    4.88  0.0246  0.1527  -67.5
2024 226 17 40   -5.00    8.54    1.75  -390.9   -35.9    27.8   5.07    24553  1.57    92   -64  0  0  0.4075   1.52   -5.54    7.88    3.48  0.0526  0.2372  -67.8
2024 226 17 50   -4.74    8.45    1.29  -387.9   -36.6    30.1   4.61    25252  1.41   111   -65  0  0  0.4059   1.36   -5.17    8.27    2.50  0.0806  0.3039  -68.2
2024 226 18  0   -4.25    8.39   -0.26  -393.8   -36.0    34.9   5.64    20438  1.78   131   -66  0  0  0.4040   1.72   -4.85    8.44    1.67  0.1087  0.3586  -68.5
2024 226 18 10   -4.09    8.20    0.47  -392.6   -33.5    33.0   4.82    26074  1.51   168   -65  0  0  0.4017   1.46   -4.53    8.38    1.06  0.1400  0.3990  -68.7
2024 226 18 20   -3.73    8.00   -0.40  -395.6   -29.0    33.5   5.40    32508  1.71   191   -65  0  0  0.3992   1.66   -4.09    8.27    0.42  0.1587  0.4429  -68.5
2024 226 18 30   -3.17    7.87   -2.15  -397.7   -27.5    38.9   5.19    29161  1.67   248   -66  0  0  0.3964   1.61   -3.70    8.15   -0.23  0.1635  0.4883  -69.5
2024 226 18 40   -0.86    7.34   -4.61  -405.1   -14.3    36.0   6.30    25007  2.09   286   -67  0  0  0.3933   2.02   -3.25    8.03   -1.06  0.1330  0.5510  -70.5
2024 226 18 50   -1.68    7.08   -3.93  -402.3   -14.8    29.2   7.26    39804  2.37   252   -65  0  0  0.3899   2.29   -2.61    7.76   -2.26  0.0912  0.6382  -71.8
2024 226 19  0   -0.16    5.67   -5.80  -407.8    -7.3    29.9   7.90    23862  2.64   305   -65  0  0  0.3862   2.56   -1.70    7.17   -3.72  0.0454  0.7217  -72.2
2024 226 19 10   -1.22    4.61   -4.59  -405.2    -2.7    32.3   7.87    30111  2.60   355   -65  0  0  0.3822   2.52   -1.03    6.29   -4.80  0.0176  0.7550  -73.7
2024 226 19 20   -6.28    4.76    2.42  -384.5   -13.2    -9.0   7.14    20886  2.11   482   -74  0  0  0.3781   2.05   -2.14    5.51   -2.76  0.0156  0.5714  -75.2
2024 226 19 30   -5.65    6.25    1.50  -378.6   -22.2    10.5   6.07    13375  1.75   405   -76  0  0  0.3736   1.69   -3.87    5.26   -0.19  0.0217  0.3673  -77.2
2024 226 19 40   -5.34    6.77   -0.26  -380.7   -27.7    17.9   6.20    14648  1.81   336   -76  0  0  0.3689   1.75   -5.42    5.70    1.81  0.0598  0.2352  -77.7
2024 226 19 50   -5.35    6.74   -0.25  -379.9   -26.4    10.6   6.10    13917  1.77   315   -74  0  0  0.3640   1.71   -5.58    6.24    1.14  0.0899  0.2925  -76.5
2024 226 20  0   -4.88    6.80    0.62  -385.1   -28.4    15.5   7.54    16832  2.25   298   -69  0  0  0.3589   2.18   -5.23    6.70    0.36  0.1191  0.3686  -74.4
2024 226 20 10   -4.31    6.25   -3.67  -388.2   -25.5    28.9   8.58    13923  2.61   378   -63  0  0  0.3535   2.53   -5.02    6.73   -0.30  0.1135  0.4240  -71.9
2024 226 20 20   -4.84    6.68    1.54  -382.5   -27.7     9.0   8.18    14194  2.41   403   -63  0  0  0.3480   2.33   -4.76    6.77   -0.70  0.1218  0.4580  -70.2
2024 226 20 30   -5.20    6.42    1.13  -380.1   -26.8     8.6   7.99    13612  2.32   368   -62  0  0  0.3423   2.25   -4.71    6.75   -0.20  0.1113  0.4180  -69.1
2024 226 20 40   -4.02    6.76   -1.80  -385.8   -27.2    13.6   8.51    17940  2.55   304   -59  0  0  0.3364   2.47   -4.72    6.72   -0.01  0.1122  0.3996  -67.7
2024 226 20 50   -4.34    6.36   -2.41  -383.3   -26.2     7.1   8.86    16712  2.62   281   -56  0  0  0.3303   2.53   -4.65    6.59   -0.30  0.0895  0.4172  -66.0
2024 226 21  0   -4.28    5.91   -3.79  -384.7   -15.6    17.4   9.52    15878  2.83   235   -54  0  0  0.3241   2.74   -4.50    6.40   -1.90  0.0721  0.5318  -64.3
2024 226 21 10   -3.61    4.04   -5.20  -382.8    -6.5    32.6  10.25    19565  3.03   260   -52  0  0  0.3178   2.93   -4.42    5.67   -3.19  0.0383  0.5821  -62.6
2024 226 21 20   -4.27    4.57   -3.66  -382.7   -13.6    26.2   9.50    21156  2.80   272   -50  0  0  0.3113   2.71   -4.18    4.76   -4.33  0.0137  0.5969  -62.7
2024 226 21 30   -3.20   -0.25   -6.31  -386.9     4.1    30.1   9.02    18234  2.72   327   -54  0  0  0.3048   2.63   -3.92    3.11   -5.08  0.0033  0.5167  -62.6
2024 226 21 40   -5.44    2.68   -4.02  -378.0     5.6    24.8   8.17    16500  2.35   336   -53  0 -1  0.2981   2.27   -3.67    1.53   -5.42  0.0014  0.4265  -63.1
2024 226 21 50   -4.58   -1.32   -5.25  -388.7    21.3    27.1   9.62    13234  2.93   412   -51  0  0  0.2913   2.84   -3.77    0.36   -5.58  0.0009  0.3083  -62.1
2024 226 22  0   -4.11   -2.18   -4.94  -379.6    25.2    17.7   8.07    16256  2.34   618   -52  0 -1  0.2845   2.27   -4.09   -0.67   -5.49  0.0000  0.3145  -61.8
2024 226 22 10   -1.70    3.95   -5.20  -390.5   -16.6    29.0   7.56    17398  2.32   859   -53  0  0  0.2776   2.25   -4.00   -1.25   -5.28 -0.0001  0.3585  -61.0
2024 226 22 20   -1.88    6.47   -0.16  -387.9   -33.4     7.9   7.72    17961  2.34   860   -49  0  0  0.2707   2.27   -3.26    0.32   -4.30  0.0172  0.4704  -61.6
2024 226 22 30   -0.87    6.93   -1.07  -395.3   -35.1    -0.4   6.90    17300  2.17   878   -56  0  0  0.2637   2.10   -2.26    3.00   -2.96  0.0512  0.4976  -61.4
2024 226 22 40   -0.10    6.85    1.32  -397.7   -31.4   -22.0   7.21    19190  2.30   823   -52  0  0  0.2567   2.23   -1.42    5.90   -1.54  0.0947  0.4993  -61.6
2024 226 22 50    1.34    5.97   -3.57  -400.6   -35.1     2.4   6.84    22396  2.21   648   -52  0  0  0.2497   2.14   -1.04    6.48   -0.18  0.1057  0.4182  -60.9
2024 226 23  0   -0.76    6.57   -2.68  -391.9   -28.0    -5.4   6.19    23772  1.91   474   -54  0 -1  0.2427   1.85   -0.73    6.39   -0.98  0.0796  0.4727  -60.9
2024 226 23 10   -2.11    1.83   -6.99  -379.5     8.0    29.8   5.77    19169  1.67   364   -55  0  0  0.2357   1.62   -1.00    5.57   -2.29  0.0424  0.4879  -60.8
2024 226 23 20   -2.24    1.02   -7.02  -382.2    11.9    31.9   5.82    18680  1.71   341   -54  0 -1  0.2288   1.66   -1.58    3.81   -5.04  0.0141  0.4924  -59.0
2024 226 23 30    0.76    5.73   -2.42  -397.7   -10.7    22.9   6.13    47839  1.95   515   -48  0  0  0.2219   1.89   -1.92    2.79   -5.89  0.0063  0.4403  -57.9
2024 226 23 40    1.56    4.48   -4.13  -411.7   -13.5     9.2   6.17    43754  2.09   584   -49  0 -1  0.2150   2.03   -0.92    3.00   -5.56  0.0043  0.4830  -57.7
