|B| in magnetotail where x < -2.
FORMAT:
YEAR    DAY    HOUR    MIN    |B|
2024    131      11     35     -0.4627
2024    131      11     40    255.6822
2024    131      11     45    255.2881
2024    131      11     50    256.0817
2024    131      11     55    256.7478
2024    131      12      0    256.4842
2024    131      12      5    256.2342
2024    131      12     10    258.5002
2024    131      12     15    255.8203
2024    131      12     20    257.0627
2024    131      12     25    257.1006
2024    131      12     30    257.9400
2024    131      12     35    258.1891
2024    131      12     40    257.5401
2024    131      12     45    257.5946
2024    131      12     50    257.8697
2024    131      12     55    258.0139
2024    131      13      0    258.1367
2024    131      13      5    258.2829
2024    131      13     10    258.3764
2024    131      13     15    258.4536
2024    131      13     20    260.7629
2024    131      13     25    259.6689
2024    131      13     30    258.7825
2024    131      13     35    259.3156
2024    131      13     40    259.8895
2024    131      13     45    259.8805
2024    131      13     50    261.7620
2024    131      13     55    260.5902
2024    131      14      0    264.8931
2024    131      14      5    260.1029
2024    131      14     10    262.0360
2024    131      14     15    260.5539
2024    131      14     20    262.3161
2024    131      14     25    261.8960
2024    131      14     30    261.4835
2024    131      14     35    262.2917
2024    131      14     40    259.0438
2024    131      14     45    257.1077
2024    131      14     50    259.3781
2024    131      14     55    261.5824
2024    131      15      0    262.5931
2024    131      15      5    261.9558
2024    131      15     10    264.4844
2024    131      15     15    267.6033
2024    131      15     20    269.2099
2024    131      15     25    269.3291
2024    131      15     30    271.6237
2024    131      15     35    272.6343
2024    131      15     40    273.3634
2024    131      15     45    273.4731
2024    131      15     50    273.1584
2024    131      15     55    272.5509
2024    131      16      0    273.1513
2024    131      16      5    272.4693
2024    131      16     10    272.4675
2024    131      16     15    272.0276
2024    131      16     20    273.2752
2024    131      16     25    272.5369
2024    131      16     30    272.6910
2024    131      16     35    272.0283
2024    131      16     40    273.3540
2024    131      16     45    272.1822
2024    131      16     50    273.1373
2024    131      16     55    272.8178
2024    131      17      0    272.8408
2024    131      17      5    269.4445
2024    131      17     10    299.9887
2024    131      17     15    292.5272
2024    131      17     20    296.6808
2024    131      17     25    286.3137
2024    131      17     30    282.1896
2024    131      17     35    284.7053
2024    131      17     40    295.6116
2024    131      17     45    305.0237
2024    131      17     50    316.3172
2024    131      17     55    323.5851
2024    131      18      0    327.5429
2024    131      18      5    328.8186
2024    131      18     10    341.8781
2024    131      18     15    329.4612
2024    131      18     20    329.9859
2024    131      18     25    330.9036
2024    131      18     30    344.4619
2024    131      18     35    373.5366
2024    131      18     40    369.9635
2024    131      18     45    367.5151
2024    131      18     50    367.7669
2024    131      18     55    370.1117
2024    131      19      0    359.0647
2024    131      19      5    353.7848
2024    131      19     10    357.0178
2024    131      19     15    361.7439
2024    131      19     20    361.0423
2024    131      19     25    368.3739
2024    131      19     30    360.4347
2024    131      19     35    361.5685
2024    131      19     40    358.9216
2024    131      19     45    371.7225
2024    131      19     50    367.1529
2024    131      19     55    374.8080
2024    131      20      0    380.0432
2024    131      20      5    381.9019
2024    131      20     10    389.5312
2024    131      20     15    390.1673
2024    131      20     20    396.5974
2024    131      20     25    393.6461
2024    131      20     30    390.0630
2024    131      20     35    387.3092
2024    131      20     40    384.8270
2024    131      20     45    383.1553
2024    131      20     50    381.2819
2024    131      20     55    383.8851
2024    131      21      0    391.2220
2024    131      21      5    383.7509
2024    131      21     10    385.2874
2024    131      21     15    383.6755
2024    131      21     20    386.9867
2024    131      21     25    389.6233
2024    131      21     30    390.1690
2024    131      21     35    394.4849
2024    131      21     40    396.8122
2024    131      21     45    399.8349
2024    131      21     50    388.7435
2024    131      21     55    379.1684
2024    131      22      0    375.8560
2024    131      22      5    375.9052
2024    131      22     10    375.8366
2024    131      22     15    395.8398
2024    131      22     20    391.9972
2024    131      22     25    398.0114
2024    131      22     30    400.8596
2024    131      22     35    394.7985
2024    131      22     40    393.7174
2024    131      22     45    390.5459
2024    131      22     50    394.3821
2024    131      22     55    378.1594
2024    131      23      0    381.8995
2024    131      23      5    394.7991
2024    131      23     10    396.8145
2024    131      23     15    401.5536
2024    131      23     20    402.0897
2024    131      23     25    402.2604
2024    131      23     30    402.6601
2024    131      23     35    401.5298
2024    131      23     40    402.3089
2024    131      23     45    402.3709
2024    131      23     50    402.3067
2024    131      23     55    393.5912
2024    132       0      0    383.4121
2024    132       0      5    371.2903
2024    132       0     10    369.5387
2024    132       0     15    372.4387
2024    132       0     20    378.1629
2024    132       0     25    397.3741
2024    132       0     30    402.6769
2024    132       0     35    406.9978
2024    132       0     40    409.5046
2024    132       0     45    405.9573
2024    132       0     50    411.4823
2024    132       0     55    416.0524
2024    132       1      0    419.3047
2024    132       1      5    418.2321
2024    132       1     10    419.0142
2024    132       1     15    422.1564
2024    132       1     20    424.8827
2024    132       1     25    417.1743
2024    132       1     30    427.5814
2024    132       1     35    433.0639
2024    132       1     40    431.7549
2024    132       1     45    436.0860
2024    132       1     50    447.2401
2024    132       1     55    445.6938
2024    132       2      0    442.8910
2024    132       2      5    446.4925
2024    132       2     10    451.0674
2024    132       2     15    456.1727
2024    132       2     20    461.7678
2024    132       2     25    462.0582
2024    132       2     30    461.7909
2024    132       2     35    452.9015
2024    132       2     40    447.4393
2024    132       2     45    446.8821
2024    132       2     50    442.5185
2024    132       2     55    431.7488
2024    132       3      0    432.5313
2024    132       3      5    424.6153
2024    132       3     10    410.8398
2024    132       3     15    401.1190
2024    132       3     20    407.6212
2024    132       3     25    423.6826
2024    132       3     30    410.9363
2024    132       3     35    378.8630
2024    132       3     40    380.8733
2024    132       3     45    376.0467
2024    132       3     50    372.8596
2024    132       3     55    371.0560
2024    132       4      0    373.2905
2024    132       4      5    373.7434
2024    132       4     10    378.1575
2024    132       4     15    377.7252
2024    132       4     20    375.9080
2024    132       4     25    377.7728
2024    132       4     30    391.2312
2024    132       4     35    380.9558
2024    132       4     40    381.7535
2024    132       4     45    392.7515
2024    132       4     50    390.2137
2024    132       4     55    380.2444
2024    132       5      0    367.2084
2024    132       5      5    367.5763
2024    132       5     10    366.1144
2024    132       5     15    386.4152
2024    132       5     20    382.1372
2024    132       5     25    375.6294
2024    132       5     30    373.9388
2024    132       5     35    372.9947
2024    132       5     40    372.5873
2024    132       5     45    369.9925
2024    132       5     50    382.5872
2024    132       5     55    380.6859
2024    132       6      0    375.8984
2024    132       6      5    377.9962
2024    132       6     10    380.9792
2024    132       6     15    385.0376
2024    132       6     20    387.1606
2024    132       6     25    392.2752
2024    132       6     30    395.5718
2024    132       6     35    404.9470
2024    132       6     40    405.1558
2024    132       6     45    402.1851
2024    132       6     50    405.1621
2024    132       6     55    407.9594
2024    132       7      0    414.9312
2024    132       7      5    424.1548
2024    132       7     10    430.0446
2024    132       7     15    433.8415
2024    132       7     20    434.5812
2024    132       7     25    434.5285
2024    132       7     30    433.7764
2024    132       7     35    432.4327
2024    132       7     40    421.3492
2024    132       7     45    415.4254
2024    132       7     50    421.2583
2024    132       7     55    414.7975
2024    132       8      0    409.0551
2024    132       8      5    403.3983
2024    132       8     10    401.3984
2024    132       8     15    400.2987
2024    132       8     20    406.8633
2024    132       8     25    408.4637
2024    132       8     30    408.8721
2024    132       8     35    393.4547
2024    132       8     40    382.7842
2024    132       8     45    392.3575
2024    132       8     50    393.1903
2024    132       8     55    398.8881
2024    132       9      0    401.2987
2024    132       9      5    401.3308
2024    132       9     10    389.6200
2024    132       9     15    385.2573
2024    132       9     20    401.6242
2024    132       9     25    381.7552
2024    132       9     30    396.4700
2024    132       9     35    411.0233
2024    132       9     40    411.7593
2024    132       9     45    423.6104
2024    132       9     50    402.2397
2024    132       9     55    402.5272
2024    132      10      0    401.2186
2024    132      10      5    401.4288
2024    132      10     10    403.2219
2024    132      10     15    404.2974
2024    132      10     20    403.6368
2024    132      10     25    402.9405
2024    132      10     30    401.8422
2024    132      10     35    401.5067
2024    132      10     40    411.4206
2024    132      10     45    425.8586
2024    132      10     50    401.0652
2024    132      10     55    406.7130
2024    132      11      0    394.6743
2024    132      11      5    388.0935
2024    132      11     10    384.6294
2024    132      11     15    386.3792
2024    132      11     20    387.6828
2024    132      11     25    384.8758
2024    132      11     30    380.0272
2024    132      11     35    374.2185
2024    132      11     40    372.9759
2024    132      11     45    364.7018
2024    132      11     50    366.2739
2024    132      11     55    372.7733
2024    132      12      0    380.5359
2024    132      12      5    386.1000
2024    132      12     10    388.1189
2024    132      12     15    387.7780
2024    132      12     20    389.2339
2024    132      12     25    390.7769
2024    132      12     30    391.4958
2024    132      12     35    392.7293
2024    132      12     40    392.7332
2024    132      12     45    388.5139
2024    132      12     50    392.3876
2024    132      12     55    390.6099
2024    132      13      0    387.3735
2024    132      13      5    387.9998
2024    132      13     10    392.7599
2024    132      13     15    390.5269
2024    132      13     20    394.6754
2024    132      13     25    397.9614
2024    132      13     30    401.9194
2024    132      13     35    403.8389
2024    132      13     40    403.4315
2024    132      13     45    403.7987
2024    132      13     50    404.4422
2024    132      13     55    400.7855
2024    132      14      0    399.8344
2024    132      14      5    398.9983
2024    132      14     10    393.4510
2024    132      14     15    392.9654
2024    132      14     20    395.3580
2024    132      14     25    395.1514
2024    132      14     30    395.4254
2024    132      14     35    391.8552
2024    132      14     40    388.2205
2024    132      14     45    390.0023
2024    132      14     50    389.5917
2024    132      14     55    390.9075
2024    132      15      0    393.3758
2024    132      15      5    392.7421
2024    132      15     10    388.3343
2024    132      15     15    380.6821
2024    132      15     20    377.6351
2024    132      15     25    375.0981
2024    132      15     30    370.0320
2024    132      15     35    370.6855
2024    132      15     40    371.5622
2024    132      15     45    370.7375
2024    132      15     50    371.6571
2024    132      15     55    365.4447
2024    132      16      0    366.9783
2024    132      16      5    365.6342
2024    132      16     10    365.5912
2024    132      16     15    367.9764
2024    132      16     20    366.9686
2024    132      16     25    368.4938
2024    132      16     30    363.2862
2024    132      16     35    358.2788
2024    132      16     40    356.3920
2024    132      16     45    352.0857
2024    132      16     50    347.7029
2024    132      16     55    346.5282
2024    132      17      0    343.2216
2024    132      17      5    342.4709
2024    132      17     10    345.6289
2024    132      17     15    349.6669
2024    132      17     20    345.5580
2024    132      17     25    347.1150
2024    132      17     30    343.2999
2024    132      17     35    340.6420
2024    132      17     40    337.7856
2024    132      17     45    334.2424
2024    132      17     50    330.6842
2024    132      17     55    327.4824
2024    132      18      0    323.8645
2024    132      18      5    322.9628
2024    132      18     10    321.9254
2024    132      18     15    321.5157
2024    132      18     20    329.1631
2024    132      18     25    333.2741
2024    132      18     30    342.4800
2024    132      18     35    344.2613
2024    132      18     40    337.6973
2024    132      18     45    347.2404
2024    132      18     50    333.6122
2024    132      18     55    327.4709
2024    132      19      0    327.7179
2024    132      19      5    330.4657
2024    132      19     10    331.9185
2024    132      19     15    340.1128
2024    132      19     20    337.7636
2024    132      19     25    340.2580
2024    132      19     30    343.3588
2024    132      19     35    340.5892
2024    132      19     40    335.2016
2024    132      19     45    331.8003
2024    132      19     50    326.1468
2024    132      19     55    314.1415
2024    132      20      0    315.5640
2024    132      20      5    318.9814
2024    132      20     10    320.4536
2024    132      20     15    319.1759
2024    132      20     20    317.6330
2024    132      20     25    312.3631
2024    132      20     30    316.3339
2024    132      20     35    324.0413
2024    132      20     40    319.9013
2024    132      20     45    317.8307
2024    132      20     50    324.7887
2024    132      20     55    328.0351
2024    132      21      0    322.0000
2024    132      21      5    318.7907
2024    132      21     10    322.1959
2024    132      21     15    317.0812
2024    132      21     20    307.0547
2024    132      21     25    308.3444
2024    132      21     30    307.6570
2024    132      21     35    302.8696
2024    132      21     40    304.4788
2024    132      21     45    308.1181
2024    132      21     50    303.8324
2024    132      21     55    302.3910
2024    132      22      0    303.7762
2024    132      22      5    298.8940
2024    132      22     10    295.9360
2024    132      22     15    297.7763
2024    132      22     20    299.4193
2024    132      22     25    292.7250
2024    132      22     30    291.9640
2024    132      22     35    292.1716
2024    132      22     40    269.5384
2024    132      22     45    267.7831
2024    132      22     50    273.9348
2024    132      22     55    272.7909
2024    132      23      0    274.7923
2024    132      23      5    271.8797
2024    132      23     10    268.8019
2024    132      23     15    269.5514
2024    132      23     20    274.3593
2024    132      23     25    277.5527
2024    132      23     30    272.7623
2024    132      23     35    271.2050
2024    132      23     40    270.8994
2024    132      23     45    270.7336
2024    132      23     50    270.7987
2024    132      23     55    269.9953
2024    133       0      0    268.5690
2024    133       0      5    268.4719
2024    133       0     10    268.0586
2024    133       0     15    268.1096
2024    133       0     20    266.7813
2024    133       0     25    266.6686
2024    133       0     30    265.8909
2024    133       0     35    267.2433
2024    133       0     40    266.7764
2024    133       0     45    265.8904
2024    133       0     50    268.2237
2024    133       0     55    269.3325
2024    133       1      0    268.4987
2024    133       1      5    271.8118
2024    133       1     10    274.7211
2024    133       1     15    279.9138
2024    133       1     20    287.4013
2024    133       1     25    290.0859
2024    133       1     30    289.0541
2024    133       1     35    283.9069
2024    133       1     40    283.3814
2024    133       1     45    283.2154
2024    133       1     50    279.9912
2024    133       1     55    278.9633
2024    133       2      0    279.9441
2024    133       2      5    285.7401
2024    133       2     10    288.7842
2024    133       2     15    279.8464
2024    133       2     20    283.1819
2024    133       2     25    278.5002
2024    133       2     30    276.2448
2024    133       2     35    277.3929
2024    133       2     40    284.2834
2024    133       2     45    291.2493
2024    133       2     50    295.9455
2024    133       2     55    295.3129
2024    133       3      0    284.8793
2024    133       3      5    283.3517
2024    133       3     10    281.7207
2024    133       3     15    279.8552
2024    133       3     20    277.9555
2024    133       3     25    273.9625
2024    133       3     30    273.2456
2024    133       3     35    272.9230
2024    133       3     40    282.7117
2024    133       3     45    290.5497
2024    133       3     50    285.2869
2024    133       3     55    283.4140
2024    133       4      0    284.3864
2024    133       4      5    287.5459
2024    133       4     10    290.1832
2024    133       4     15    287.3318
2024    133       4     20    273.8986
2024    133       4     25    269.3957
2024    133       4     30    269.2361
2024    133       4     35    270.1883
2024    133       4     40    275.5160
2024    133       4     45    275.0005
2024    133       4     50    274.6447
2024    133       4     55    269.8809
2024    133       5      0    265.9197
2024    133       5      5    265.2469
2024    133       5     10    263.7188
2024    133       5     15    266.5178
2024    133       5     20    271.8332
2024    133       5     25    269.5103
2024    133       5     30    269.1526
2024    133       5     35    268.5124
2024    133       5     40    269.7572
2024    133       5     45    271.1617
2024    133       5     50    268.7036
2024    133       5     55    267.7870
2024    133       6      0    266.4791
2024    133       6      5    266.3055
2024    133       6     10    266.3158
2024    133       6     15    267.0835
2024    133       6     20    266.8084
2024    133       6     25    264.5717
2024    133       6     30    263.0288
2024    133       6     35    263.6317
2024    133       6     40    263.1490
2024    133       6     45    261.6960
2024    133       6     50    262.9016
2024    133       6     55    263.5350
2024    133       7      0    261.0524
2024    133       7      5    261.9307
2024    133       7     10    262.9230
2024    133       7     15    263.2790
2024    133       7     20    264.4212
2024    133       7     25    265.4963
2024    133       7     30    266.6394
2024    133       7     35    266.9193
2024    133       7     40    266.0331
2024    133       7     45    265.6239
2024    133       7     50    266.8471
2024    133       7     55    266.4350
2024    133       8      0    266.2853
2024    133       8      5    266.4481
2024    133       8     10    266.8274
2024    133       8     15    267.1125
2024    133       8     20    266.5556
2024    133       8     25    265.9517
2024    133       8     30    266.6157
2024    133       8     35    265.1250
2024    133       8     40    264.4071
2024    133       8     45    263.9693
2024    133       8     50    264.2658
2024    133       8     55    265.3927
2024    133       9      0    264.6489
2024    133       9      5    265.4438
2024    133       9     10    266.2570
2024    133       9     15    265.8877
2024    133       9     20    266.4613
2024    133       9     25    265.9532
2024    133       9     30    273.7080
2024    133       9     35    282.7732
2024    133       9     40    284.5246
2024    133       9     45    285.8358
2024    133       9     50    288.4315
2024    133       9     55    289.2336
2024    133      10      0    286.0132
2024    133      10      5    287.3710
2024    133      10     10    284.6982
2024    133      10     15    282.3930
2024    133      10     20    281.2954
2024    133      10     25    280.0210
2024    133      10     30    281.8611
2024    133      10     35    282.3579
2024    133      10     40    281.0272
2024    133      10     45    274.6565
2024    133      10     50    273.6895
2024    133      10     55    274.2680
2024    133      11      0    274.2336
2024    133      11      5    274.8586
2024    133      11     10    275.8086
2024    133      11     15    276.3822
2024    133      11     20    277.1654
2024    133      11     25    276.2478
2024    133      11     30    277.6477
2024    133      11     35    276.5704
2024    133      11     40    276.7125
2024    133      11     45    276.9801
2024    133      11     50    278.6120
2024    133      11     55    280.5639
2024    133      12      0    279.6789
2024    133      12      5    278.9058
2024    133      12     10    279.4831
2024    133      12     15    280.3136
2024    133      12     20    281.3912
2024    133      12     25    279.2033
2024    133      12     30    278.1041
2024    133      12     35    279.9462
2024    133      12     40    280.5258
2024    133      12     45    277.8280
2024    133      12     50    281.0003
2024    133      12     55    282.1411
2024    133      13      0    281.8095
2024    133      13      5    280.9777
2024    133      13     10    281.5302
2024    133      13     15    281.7850
2024    133      13     20    282.5089
2024    133      13     25    280.8492
2024    133      13     30    280.1956
2024    133      13     35    282.2229
2024    133      13     40    280.2928
2024    133      13     45    281.6871
2024    133      13     50    282.8963
2024    133      13     55    283.7195
2024    133      14      0    284.4975
2024    133      14      5    284.6779
2024    133      14     10    286.5090
2024    133      14     15    283.8907
2024    133      14     20    283.3609
2024    133      14     25    284.5333
2024    133      14     30    283.1771
2024    133      14     35    282.7741
2024    133      14     40    282.7113
2024    133      14     45    283.3328
2024    133      14     50    280.8588
2024    133      14     55    281.1014
2024    133      15      0    279.6392
2024    133      15      5    280.4800
2024    133      15     10    281.4608
2024    133      15     15    281.7266
2024    133      15     20    283.1399
2024    133      15     25    285.9289
2024    133      15     30    284.9222
2024    133      15     35    283.6399
2024    133      15     40    284.5114
2024    133      15     45    283.7564
2024    133      15     50    282.4855
2024    133      15     55    279.1193
2024    133      16      0    280.1304
2024    133      16      5    279.6564
2024    133      16     10    279.8284
2024    133      16     15    279.8144
2024    133      16     20    279.1528
2024    133      16     25    280.0235
2024    133      16     30    280.8219
2024    133      16     35    279.9388
2024    133      16     40    280.9359
2024    133      16     45    278.7915
2024    133      16     50    278.6635
2024    133      16     55    277.2048
2024    133      17      0    276.5583
2024    133      17      5    276.6125
2024    133      17     10    277.4348
2024    133      17     15    277.1177
2024    133      17     20    277.2554
2024    133      17     25    276.7352
2024    133      17     30    275.8203
2024    133      17     35    275.8049
2024    133      17     40    275.5333
2024    133      17     45    278.0567
2024    133      17     50    277.7753
2024    133      17     55    278.1041
2024    133      18      0    278.3960
2024    133      18      5    278.0604
2024    133      18     10    279.1720
2024    133      18     15    278.8101
2024    133      18     20    279.1058
2024    133      18     25    278.7848
2024    133      18     30    279.7430
2024    133      18     35    279.0530
2024    133      18     40    278.0977
2024    133      18     45    277.2384
2024    133      18     50    278.1244
2024    133      18     55    275.5084
2024    133      19      0    275.5517
2024    133      19      5    274.7050
2024    133      19     10    274.4798
2024    133      19     15    274.5547
2024    133      19     20    274.5462
2024    133      19     25    274.7458
2024    133      19     30    274.8667
2024    133      19     35    275.1504
2024    133      19     40    274.4156
2024    133      19     45    274.5897
2024    133      19     50    274.1184
2024    133      19     55    272.9971
2024    133      20      0    272.3207
2024    133      20      5    272.7411
2024    133      20     10    273.8911
2024    133      20     15    273.2345
2024    133      20     20    272.0166
2024    133      20     25    271.6464
2024    133      20     30    271.7392
2024    133      20     35    270.6792
2024    133      20     40    269.9550
2024    133      20     45    272.9606
2024    133      20     50    269.8035
2024    133      20     55    272.1581
2024    133      21      0    272.4247
2024    133      21      5    275.2874
2024    133      21     10    274.7251
2024    133      21     15    275.0372
2024    133      21     20    273.7022
2024    133      21     25    274.0239
2024    133      21     30    271.9310
2024    133      21     35    273.0034
2024    133      21     40    273.2419
