2022  72  0  0    0.37   -4.22    0.21  -369.5   -27.2     0.6   2.38   24460.  0.65   138   -15  0  0 -0.0937   0.63
2022  72  0  5    0.50   -3.75   -0.44  -370.1   -22.6    -4.3   2.46   23657.  0.68   144   -15  0  0 -0.0971   0.66
2022  72  0 10    0.68   -3.77   -1.11  -369.6   -22.4   -13.5   2.69   23306.  0.74   143   -15  0  0 -0.1005   0.72
2022  72  0 15    0.81   -4.01   -0.49  -366.6   -23.3    -4.5   2.58   24951.  0.70   140   -14  0  0 -0.1038   0.67
2022  72  0 20    0.65   -3.90   -1.12  -369.1   -23.9    -9.9   2.89   23781.  0.79   164   -14  0  0 -0.1071   0.77
2022  72  0 25    0.97   -4.12   -0.02  -366.9   -25.9    -2.7   2.46   22641.  0.66   171   -14  0  0 -0.1104   0.64
2022  72  0 30    0.69   -4.13    0.50  -367.9   -23.5     0.4   2.45   22685.  0.66   144   -15  0  0 -0.1137   0.64
2022  72  0 35    0.47   -4.19   -0.14  -370.6   -22.4    -3.3   2.18   21395.  0.60   151   -15  0  0 -0.1169   0.58
2022  72  0 40    0.22   -4.03   -0.75  -370.9   -21.9    -2.0   2.88   29421.  0.79   137   -15  0  0 -0.1201   0.77
2022  72  0 45    0.34   -4.11    0.05  -369.4   -24.4    -1.9   2.60   22949.  0.71   155   -15  0  0 -0.1233   0.69
2022  72  0 50    0.58   -3.89   -0.63  -367.6   -27.7    -6.3   2.60   23963.  0.71   137   -14  0  0 -0.1265   0.68
2022  72  0 55    1.04   -3.69   -0.87  -364.7   -26.3   -12.2   2.81   22882.  0.75   109   -14  0  0 -0.1296   0.73
2022  72  1  0    1.53   -3.96    0.36  -362.5   -23.3    -2.2   2.68   24978.  0.71    99   -14  0  0 -0.1326   0.68
2022  72  1  5    1.32   -3.67    0.82  -362.4   -23.7     3.5   2.54   24751.  0.67   105   -15  0  0 -0.1357   0.65
2022  72  1 10    1.64   -3.53   -0.13  -361.4   -20.8     8.2   2.71   23551.  0.71   102   -15  0  0 -0.1387   0.69
2022  72  1 15   -0.12   -3.72   -0.23  -369.9   -24.6   -11.6   2.71   21408.  0.75   126   -14  0  0 -0.1416   0.72
2022  72  1 20    0.13   -3.41   -1.60  -371.4   -26.6   -14.3   2.62   18816.  0.73   110   -14  0  0 -0.1446   0.70
2022  72  1 25    0.41   -3.34   -1.68  -369.3   -22.7   -13.8   2.83   20666.  0.78    99   -15  0  0 -0.1474   0.75
2022  72  1 30    1.67   -3.29   -0.77  -363.4   -21.8   -12.0   2.45   24638.  0.65    91   -16  0  0 -0.1503   0.63
2022  72  1 35    2.05   -3.77   -0.02  -362.2   -25.7    -7.2   2.27   29156.  0.60    83   -17  0  0 -0.1530   0.58
2022  72  1 40    2.08   -3.71    0.24  -360.1   -25.8    -2.6   2.27   28955.  0.59    88   -17  0  0 -0.1558   0.57
2022  72  1 45    1.76   -3.92    0.22  -361.1   -29.2    -0.2   2.53   28683.  0.67   106   -17  0  0 -0.1585   0.64
2022  72  1 50    1.51   -3.93    0.12  -361.0   -27.7    -1.7   2.37   27765.  0.62   106   -17  0  0 -0.1611   0.60
2022  72  1 55    1.42   -3.98   -0.00  -362.6   -27.2    -1.9   2.45   25575.  0.65    86   -18  0  0 -0.1637   0.63
2022  72  2  0    1.47   -4.02   -0.06  -363.5   -27.1    -3.8   2.42   26132.  0.64    68   -18  0  0 -0.1662   0.62
2022  72  2  5    1.41   -4.05   -0.17  -361.0   -27.0    -6.3   2.30   25528.  0.60    71   -18  0  0 -0.1687   0.58
2022  72  2 10    2.12   -3.52    0.57  -358.3   -27.3    -0.7   2.43   29664.  0.63    61   -18  0  0 -0.1711   0.61
2022  72  2 15    2.43   -3.36    0.08  -355.5   -23.0    -1.8   2.31   27168.  0.59    67   -18  0  0 -0.1735   0.57
2022  72  2 20    2.44   -3.46    0.56  -354.0   -25.1    -1.5   2.33   29903.  0.59    71   -17  0  0 -0.1758   0.57
2022  72  2 25    2.52   -3.28    0.81  -353.2   -26.4     0.8   2.31   29036.  0.58    68   -17  0  0 -0.1780   0.56
2022  72  2 30    2.58   -3.17    0.76  -350.9   -27.9     0.4   2.26   27382.  0.56    85   -17  0  0 -0.1802   0.54
2022  72  2 35    2.73   -3.12    0.79  -350.9   -26.1     2.3   2.06   35615.  0.51    87   -18  0  0 -0.1823   0.49
2022  72  2 40    2.69   -3.10    0.67  -352.9   -23.0     4.7   2.16   45393.  0.54    65   -18  0  0 -0.1844   0.52
2022  72  2 45    2.71   -2.89    0.51  -350.3   -22.7     2.5   2.11   33918.  0.52    60   -17  0  0 -0.1864   0.50
2022  72  2 50    2.85   -2.83    0.24  -351.4   -24.0     1.2   2.19   39048.  0.55    56   -17  0  0 -0.1884   0.53
2022  72  2 55    2.84   -2.85    0.21  -351.1   -23.5    -1.3   2.28   50804.  0.56    61   -17  0  0 -0.1902   0.55
2022  72  3  0    2.46   -3.00   -0.02  -349.3   -26.4    -1.9   2.42   28578.  0.59    64   -17  0  0 -0.1920   0.58
2022  72  3  5    2.40   -2.11    1.28  -350.5   -25.3     8.9   2.60   17857.  0.64    63   -17  0  0 -0.1938   0.62
2022  72  3 10    2.17   -1.85    1.55  -350.9   -18.0    13.5   2.69   20673.  0.67    61   -17  0  0 -0.1954   0.64
2022  72  3 15    2.25   -1.62    1.72  -351.0   -19.2    15.8   2.41   16017.  0.60    80   -16  0  0 -0.1970   0.58
2022  72  3 20    2.37   -1.61    1.58  -347.5   -24.0    14.9   2.61   16834.  0.64    96   -16  0  0 -0.1986   0.61
2022  72  3 25    2.27   -1.70    1.34  -348.5   -14.4    14.5   2.47   17269.  0.60    99   -17  0  0 -0.2000   0.58
2022  72  3 30    2.37   -1.83    1.27  -346.0   -19.2    12.1   2.59   18226.  0.62    95   -17  0  0 -0.2014   0.60
2022  72  3 35    2.53   -1.95    0.89  -347.9   -28.0     3.1   2.55   15655.  0.62    67   -17  0  0 -0.2028   0.60
2022  72  3 40    2.17   -1.68    1.64  -346.7   -24.1    10.3   2.56   18464.  0.62    72   -17  0  0 -0.2040   0.60
2022  72  3 45    2.42   -1.47    1.25  -345.6   -21.0     8.2   2.54   16454.  0.61    62   -17  0  0 -0.2052   0.59
2022  72  3 50    2.28   -1.77    1.21  -346.1   -24.1     5.4   2.47   15341.  0.59    50   -16  0  0 -0.2063   0.58
2022  72  3 55    2.60   -1.42    1.17  -344.5   -16.5    12.7   2.43   14690.  0.58    49   -16  0  0 -0.2073   0.56
2022  72  4  0    2.34   -1.51    1.25  -344.7   -23.0     8.6   2.16   13320.  0.52    51   -16  0  0 -0.2082   0.50
2022  72  4  5    2.60   -1.09    1.45  -342.5   -18.7    13.1   2.42   15970.  0.57    48   -15  0  0 -0.2091   0.55
2022  72  4 10    2.65   -1.22    1.38  -345.4   -14.7    12.4   2.53   17752.  0.60    51   -15  0  0 -0.2099   0.59
2022  72  4 15    2.35   -1.35    1.58  -345.2   -14.1    18.2   2.78   18562.  0.67    46   -15  0  0 -0.2106   0.64
2022  72  4 20    2.45   -1.23    1.50  -345.2   -14.7    12.8   3.41   20737.  0.81    48   -15  0  0 -0.2113   0.79
2022  72  4 25    2.49   -1.20    1.75  -343.9   -10.7    18.0   2.44   17027.  0.58    46   -15  0  0 -0.2118   0.56
2022  72  4 30    2.82   -1.57    1.33  -340.6   -18.8    10.0   2.54   16901.  0.59    41   -15  0  0 -0.2123   0.57
2022  72  4 35    2.90   -1.29    1.58  -340.9   -16.8    13.1   2.57   16006.  0.60    40   -15  0  0 -0.2127   0.58
2022  72  4 40    2.82   -1.47    1.46  -340.6   -18.4    11.1   2.58   17610.  0.60    43   -14  0  0 -0.2131   0.58
2022  72  4 45    2.84   -1.54    1.27  -340.3   -18.6    11.1   2.45   16957.  0.57    44   -14  0  0 -0.2133   0.55
2022  72  4 50    2.80   -1.45    1.70  -342.1   -16.8    14.1   2.55   17240.  0.60    38   -14  0  0 -0.2135   0.58
2022  72  4 55    3.04   -1.44    1.29  -338.1   -20.5     7.3   2.49   17735.  0.57    33   -14  0  0 -0.2136   0.55
2022  72  5  0    2.81   -1.35    1.47  -337.0   -18.7    11.5   2.35   17005.  0.53    30   -14  0  0 -0.2136   0.52
2022  72  5  5    2.79   -1.32    1.48  -338.9   -18.2    16.2   2.40   16026.  0.55    26   -13  0  0 -0.2136   0.54
2022  72  5 10    2.78   -1.37    1.42  -338.7   -15.9    16.7   2.31   16390.  0.53    28   -13  0  0 -0.2134   0.52
2022  72  5 15    2.77   -1.45    1.49  -337.7   -18.0    16.5   2.30   17064.  0.53    23   -13  0  0 -0.2132   0.51
2022  72  5 20    2.89   -1.42    1.61  -340.7   -17.7    18.4   2.54   18260.  0.59    24   -13  0  0 -0.2129   0.57
2022  72  5 25    2.87   -1.23    1.67  -338.3   -17.5    15.8   2.45   16904.  0.56    24   -13  0  0 -0.2125   0.55
2022  72  5 30    2.92   -0.77    1.93  -338.6    -7.5    20.4   2.35   14322.  0.54    23   -12  0  0 -0.2121   0.52
2022  72  5 35    2.86   -1.08    1.76  -335.2   -11.0    19.1   2.48   18055.  0.56    22   -12  0  0 -0.2116   0.54
2022  72  5 40    2.84   -0.71    1.60  -335.6   -14.9    20.3   2.38   19664.  0.54    21   -12  0  0 -0.2109   0.52
2022  72  5 45    2.68   -0.46    1.96  -338.6    -7.2    23.9   2.56   21451.  0.59    22   -12  0  0 -0.2103   0.57
2022  72  5 50    2.65   -0.84    1.72  -338.4   -12.5    21.8   2.37   20084.  0.55    25   -12  0  0 -0.2095   0.53
2022  72  5 55    2.73   -0.87    1.64  -336.0   -11.7    24.5   2.46   21461.  0.56    23   -11  0  0 -0.2087   0.54
2022  72  6  0    2.80   -1.10    1.33  -334.3   -13.3    26.7   2.71   23566.  0.61    16   -11  0  0 -0.2077   0.59
2022  72  6  5    2.78   -1.67    1.07  -334.2   -15.1    18.4   3.56   34561.  0.80    20   -11  0  0 -0.2068   0.77
2022  72  6 10    2.39   -1.59    0.91  -338.9    -9.6    17.2   3.13   34890.  0.72    22   -11  0  0 -0.2057   0.70
2022  72  6 15    2.18   -1.75    0.73  -339.4   -24.2    18.3   2.43   31639.  0.57    21   -11  0  0 -0.2045   0.55
2022  72  6 20    2.09   -1.78    0.23  -340.6   -15.0    11.0   3.19   39435.  0.74    23   -11  0  0 -0.2033   0.72
2022  72  6 25    2.48   -1.37    0.35  -339.7   -10.7    10.1   3.46   32871.  0.80    17   -11  0  0 -0.2020   0.77
2022  72  6 30    2.16   -1.77    0.05  -340.9   -17.1     3.6   3.03   24062.  0.71    21   -10  0  0 -0.2007   0.68
2022  72  6 35    2.19   -1.94   -0.05  -342.4   -21.8     4.4   3.33   23930.  0.79    25   -10  0  0 -0.1993   0.76
2022  72  6 40    2.21   -1.77    0.54  -351.9    -9.6     2.2   3.33   28020.  0.82    30   -10  0  0 -0.1977   0.80
2022  72  6 45    2.15   -1.89    0.15  -344.9   -26.6     1.9   3.29   26113.  0.79    26    -9  0  0 -0.1962   0.76
2022  72  6 50    2.06   -1.66    0.28  -346.0   -16.4     1.3   4.16   28821.  1.00    35    -9  0  0 -0.1945   0.97
2022  72  6 55    2.04   -1.61   -0.05  -346.1   -17.1    -0.0   3.63   25163.  0.87    32    -9  0  0 -0.1928   0.84
2022  72  7  0    1.66   -1.80   -0.97  -347.4   -20.9     0.2   3.39   22064.  0.82    30    -9  0 -1 -0.1910   0.80
2022  72  7  5    1.84   -1.69   -0.78  -348.6   -24.8     0.5   3.16   18965.  0.77    32    -8  0 -1 -0.1892   0.75
2022  72  7 10    1.72   -1.84   -0.43  -349.9   -28.6     0.7   2.92   15866.  0.72    34    -8  0  0 -0.1873   0.70
2022  72  7 15    1.51   -2.04   -1.09  -351.8   -23.0    -9.0   3.64   17695.  0.91    36    -8  0  0 -0.1853   0.88
2022  72  7 20    1.83   -1.47    1.22  -347.4   -25.2     3.6   3.86   25569.  0.94    38    -7  0  0 -0.1832   0.91
2022  72  7 25    2.13   -1.18    1.37  -342.6   -17.0    16.9   3.69   33242.  0.87    46    -7  0  0 -0.1811   0.84
2022  72  7 30    2.22   -1.17    1.41  -342.0   -11.0     8.2   4.12   32862.  0.96    46    -6  0  0 -0.1790   0.93
2022  72  7 35    1.95   -0.88    1.55  -341.8   -15.2     6.4   4.53   39282.  1.06    48    -5  0  0 -0.1767   1.03
2022  72  7 40    2.09   -1.19    1.13  -341.6   -23.4     2.0   4.26   41322.  1.00    48    -6  0  0 -0.1744   0.97
2022  72  7 45    2.12   -0.85    1.20  -341.9   -24.7     8.9   3.17   23125.  0.75    53    -6  0  0 -0.1721   0.72
2022  72  7 50    2.09   -1.04    0.80  -344.3   -15.4     6.5   4.14   34546.  0.99    50    -5  0  0 -0.1697   0.95
2022  72  7 55    1.90   -1.66    0.80  -343.3   -24.0     3.3   3.58   29392.  0.85    50    -5  0  0 -0.1672   0.82
2022  72  8  0    1.78   -1.40    0.95  -344.7   -25.8     2.5   4.03   39545.  0.96    53    -6  0  0 -0.1647   0.93
2022  72  8  5    2.15   -1.67   -0.46  -345.5   -18.9    -1.6   3.75   42591.  0.90    51    -6  0  0 -0.1621   0.87
2022  72  8 10    2.10   -1.47   -0.01  -344.8   -17.4     2.9   4.04   47445.  0.96    52    -6  0  0 -0.1595   0.93
2022  72  8 15    2.58   -1.70    0.30  -344.6   -16.1     4.3   3.90   46341.  0.93    50    -6  0 -1 -0.1568   0.90
2022  72  8 20    2.42   -1.90    0.21  -344.3   -14.9     5.7   3.76   45236.  0.89    52    -6  0 -1 -0.1541   0.87
2022  72  8 25    2.16   -1.20    0.33  -344.1   -13.6     7.1   3.62   44132.  0.86    42    -5  0  0 -0.1513   0.83
2022  72  8 30    2.47   -0.55    0.69  -341.6   -12.2     5.6   3.57   37551.  0.84    35    -4  0  0 -0.1485   0.81
2022  72  8 35    2.27   -1.73   -0.46  -343.0   -16.1    -2.3   4.00   38176.  0.94    30    -5  0  0 -0.1456   0.91
2022  72  8 40    2.28   -1.57   -0.16  -341.7   -19.6    -0.7   3.97   32377.  0.93    28    -5  0  0 -0.1427   0.90
2022  72  8 45    1.97   -1.89   -0.26  -340.4   -30.1    -0.8   3.60   24898.  0.84    29    -5  0  0 -0.1397   0.81
2022  72  8 50    1.87   -1.96   -0.26  -347.1   -23.7    -6.4   4.38   29301.  1.06    33    -5  0  0 -0.1367   1.03
2022  72  8 55    2.06   -2.18   -0.11  -342.6   -22.1    -2.2   4.13   25568.  0.97    30    -5  0  0 -0.1337   0.94
2022  72  9  0    2.15   -2.29   -0.38  -350.7   -28.9    -2.5   3.93   21671.  0.98    31    -4  0  0 -0.1306   0.94
2022  72  9  5    2.95   -0.34    0.08  -343.1    -2.6     4.2   5.30   52883.  1.25    30    -4  0  0 -0.1275   1.21
2022  72  9 10    2.99   -0.50    0.22  -340.8    -2.4    -5.1   5.00   42608.  1.17    31    -3  0  0 -0.1244   1.13
2022  72  9 15    3.01   -0.20   -0.14  -342.3    -7.5    -1.7   5.27   66122.  1.24    50    -3  0  0 -0.1212   1.20
2022  72  9 20    2.60   -0.17   -0.28  -343.2   -10.7    -0.8   5.00   69445.  1.18    46    -3  0  0 -0.1179   1.14
2022  72  9 25    2.70   -0.15   -0.40  -343.9    -1.8     6.1   4.72   40026.  1.12    50    -3  0  0 -0.1147   1.08
2022  72  9 30    3.01   -0.29   -0.16  -345.6   -11.6     2.6   5.04   40842.  1.20    39    -3  0  0 -0.1114   1.17
2022  72  9 35    1.26    0.72    0.11  -338.8   -11.2     0.5   3.94   26220.  0.91    51    -3  0  0 -0.1081   0.88
2022  72  9 40    2.67   -0.71   -0.14  -349.6    -0.6     5.8   4.74   36343.  1.16    68    -4  0  0 -0.1048   1.12
2022  72  9 45    2.54   -0.62   -0.84  -345.8   -17.2     1.6   4.41   33958.  1.06   119    -3  0  0 -0.1014   1.02
2022  72  9 50    2.77   -0.26   -0.50  -347.3   -11.3     4.2   4.59   37916.  1.11   126    -3  0  0 -0.0980   1.07
2022  72  9 55    2.19   -1.08   -0.42  -352.4   -11.3     1.1   5.01   34070.  1.24   158    -3  0  0 -0.0946   1.21
2022  72 10  0    2.29   -1.42   -0.06  -357.6   -15.2     6.4   5.14   40029.  1.32   174    -4  0  0 -0.0912   1.28
2022  72 10  5    1.50   -1.82   -0.92  -360.1   -20.4    -4.4   3.85   24161.  0.99   198    -3  0  0 -0.0877   0.97
2022  72 10 10    1.33   -1.29   -0.84  -368.6   -18.8    -3.1   3.91   24127.  1.07   203    -3  0  0 -0.0842   1.03
2022  72 10 15    1.82   -0.99   -0.18  -348.6     0.8     7.4   4.07   44514.  0.99   189    -3  0  0 -0.0808   0.96
2022  72 10 20    1.83   -0.56   -1.17  -357.2    -2.2     0.6   3.74   38404.  0.95   170    -4  0  0 -0.0773   0.92
2022  72 10 25   -0.02   -1.62   -0.25  -539.4    31.4    91.3   7.11  385749.  4.27   165    -4  0  0 -0.0738   4.14
2022  72 10 30    0.21   -1.73   -0.05  -447.0     7.5    51.2   5.90  205377.  2.72   166    -5  0 -1 -0.0702   2.31
2022  72 10 35   -0.17   -0.33    1.47  -354.7   -16.3    11.1   4.69   25005.  1.18   220    -6  0  0 -0.0667   1.15
2022  72 10 40   -0.26   -1.93    2.40  -541.6   -11.1   103.4  11.18  252201.  6.78   192    -7  0  0 -0.0632   6.59
2022  72 10 45    0.45   -2.10    0.11  -425.8   -10.9    10.3   6.70   70981.  2.44   178    -2  0  0 -0.0596   2.36
2022  72 10 50    0.56   -0.64   -1.56  -450.6    -7.0    13.2   7.22   82459.  2.94   440    15  0  0 -0.0561   2.84
2022  72 10 55    2.11   -0.13   -1.19  -368.5    18.9    -7.3   3.03   36821.  0.83   449    18  0  0 -0.0525   0.80
2022  72 11  0    1.09   -0.27    0.08  -474.2    -5.7    30.1   6.25  119030.  3.00   620    32  0  0 -0.0490   2.73
2022  72 11  5    6.73    4.01    5.51  -515.4     2.6     8.6  12.95  220629.  7.59   686    36  0 -1 -0.0454   6.67
2022  72 11 10    2.54    7.09    2.40  -556.5    10.8   -13.0  19.65  322228. 12.18   620    38  0  0 -0.0419  11.80
2022  72 11 15    7.19    5.36    4.62  -553.9    -9.6     1.8  21.54  244255. 13.23   556    35  0  0 -0.0383  12.80
2022  72 11 20   11.67   -1.08    6.43  -538.9     6.3     6.6  19.63  303693. 11.40   475    32  0  0 -0.0348  11.05
2022  72 11 25    9.38   -4.34    3.09  -543.4    -0.4     4.2  16.64  291370.  9.84   421    39  0  0 -0.0313   9.52
2022  72 11 30    1.44   -2.56   -1.43  -534.6   -30.7    -4.2  23.99  249157. 13.67   584    46  0  0 -0.0278  13.33
2022  72 11 35    0.65    1.90   -2.34  -547.6   -16.4    17.8  15.14  161792.  9.10   698    47  0  0 -0.0242   8.81
2022  72 11 40    4.86    2.83   -0.45  -522.3    -4.8    -9.5  18.51  374566. 10.14   745    47  0  0 -0.0207   9.78
2022  72 11 45    7.92    3.31    3.35  -550.1   -15.5   -14.5  13.03  285116.  7.91   737    48  0  0 -0.0173   7.65
2022  72 11 50    0.18    2.41   -2.11  -523.8   -53.4     7.0  29.11  217510. 16.14   802    48  0  0 -0.0138  15.63
2022  72 11 55  -10.61    1.15   -5.55  -523.8   -53.4     7.0  29.11  217510. 16.14   867    43  0  0 -0.0103  15.63
2022  72 12  0   -9.04    3.68   -6.22  -524.2   -50.6    -0.8  30.32  188844. 16.83   767    41 -1 -1 -0.0069  16.29
2022  72 12  5   -7.48    6.22   -6.90  -524.6   -47.9    -8.6  31.54  160177. 17.52   699    37  0  0 -0.0035  16.96
2022  72 12 10   -6.15    3.99   -5.02  -526.9   -19.2   -25.9  31.18  224941. 17.41   687    36  0  0 -0.0001  16.83
2022  72 12 15   -0.01   -1.75   -9.10  -512.4   -33.3   -44.3  33.98  268617. 18.09   694    39  0  0  0.0033  17.48
2022  72 12 20   -0.18    2.80  -11.00  -505.9   -33.3   -43.7  34.41  247808. 17.84   776    36  0  0  0.0066  17.26
2022  72 12 25    5.53    2.04   -9.06  -502.5   -39.3   -40.2  37.19  179037. 19.01   755    34  0  0  0.0100  18.42
2022  72 12 30    2.48    5.42   -8.34  -497.5   -38.4   -31.8  36.39  142678. 18.21   618    30  0  0  0.0133  17.62
2022  72 12 35    5.43    7.16   -9.35  -490.1   -41.1   -29.7  38.16  114881. 18.53   585    31  0  0  0.0165  17.94
2022  72 12 40    3.82    6.58   -8.81  -489.8   -50.7   -21.2  41.01  122570. 19.94   492    29  0  0  0.0198  19.30
2022  72 12 45    5.90    4.94  -10.32  -484.2   -40.0   -32.9  37.24  104583. 17.66   479    28  0  0  0.0230  17.11
2022  72 12 50    8.43   -0.08  -10.89  -475.8   -47.8   -36.0  40.28  128132. 18.54   514    27  0  0  0.0261  17.94
2022  72 12 55   10.57   -2.83  -11.38  -480.5   -45.5   -48.0  40.19  108798. 18.91   444    24  0  0  0.0293  18.31
2022  72 13  0   10.94   -1.02  -11.93  -474.8   -43.7   -36.1  40.17  125362. 18.38   492    23  0  0  0.0324  17.79
2022  72 13  5   11.03   -3.12  -11.48  -470.1   -51.1   -52.9  39.93  102861. 18.11   489    20  0  0  0.0354  17.51
2022  72 13 10   10.49   -4.53  -11.24  -464.0   -52.6   -58.0  41.05  109923. 18.19   659    18  0  0  0.0384  17.61
2022  72 13 15   11.66   -5.29  -11.09  -454.8   -46.0   -62.9  41.40   88761. 17.64   870    16  0  0  0.0414  17.07
2022  72 13 20   12.00  -10.34   -8.42  -451.9   -57.0   -65.1  35.17  153488. 14.91  1024    15  0  0  0.0443  14.42
2022  72 13 25   12.25  -14.70   -7.11  -445.2   -75.2   -49.3  29.27  159072. 12.07   876     7  0  0  0.0472  11.70
2022  72 13 30   15.19  -14.36   -6.21  -438.5   -80.4   -38.2  29.37  147702. 11.78   778     3  0  0  0.0501  11.39
2022  72 13 35   15.03  -14.85   -4.16  -441.3   -78.3   -34.2  28.17  196173. 11.35  1013    -3  0  0  0.0529  11.02
2022  72 13 40   13.46  -15.54   -1.05  -449.3   -75.2   -22.2  26.56  284541. 11.06  1208    -3  0  0  0.0556  10.70
2022  72 13 45   13.50  -15.52   -2.42  -435.1   -76.2   -42.4  36.83  133153. 14.48  1536    -7  0  0  0.0583  14.05
2022  72 13 50   13.70  -13.66   -3.82  -426.0   -70.6   -46.4  40.20   67565. 15.12  1630    -7  0  0  0.0610  14.69
2022  72 13 55   13.40  -11.68   -7.09  -421.4   -76.6   -38.1  45.11   58813. 16.68  1550    -7  0  0  0.0636  16.16
2022  72 14  0   11.99  -14.73   -5.68  -420.3   -80.3   -40.1  45.95   56450. 16.97  1462    -9  0  0  0.0661  16.44
2022  72 14  5   12.08  -15.01   -3.51  -419.4   -79.4   -35.6  47.15   65499. 17.32  1871   -10  0  0  0.0686  16.76
2022  72 14 10   12.19  -15.41   -1.39  -421.4   -63.7   -38.8  43.68   67690. 16.00  1880    -8  0  0  0.0711  15.50
2022  72 14 15   13.55  -16.38    0.22  -428.2   -56.5   -22.3  36.70   62210. 13.74  1836   -11  0  0  0.0735  13.30
2022  72 14 20   13.71  -16.75    3.33  -416.1   -51.7   -30.6  34.90   69380. 12.35  1816   -16  0  0  0.0758  11.95
2022  72 14 25    8.10  -16.25    6.63  -415.6   -48.2   -24.3  37.63   88696. 13.21  1381   -18  0  0  0.0780  12.80
2022  72 14 30   13.15  -16.09    6.47  -428.8   -41.0   -26.9  30.09  145862. 10.90  1256   -22  0 -1  0.0803  10.86
2022  72 14 35   15.50  -15.30    6.63  -442.0   -33.8   -29.5  22.54  203029.  8.58  1407   -23  0 -1  0.0824   8.62
2022  72 14 40   15.13  -15.14    6.92  -455.2   -26.6   -32.1  15.00  260195.  6.27  1472   -23  0  0  0.0845   6.07
2022  72 14 45   13.27  -13.97    7.55  -449.2   -27.6   -37.9  14.27  323632.  5.82  1265   -38  0  0  0.0865   5.64
2022  72 14 50    9.79  -10.46    6.78  -455.9   -23.6   -50.3  13.88  365850.  5.86  1015   -38  0  0  0.0885   5.67
2022  72 14 55   10.43   -9.23   10.49  -439.3   -12.4   -19.7  20.36  260671.  7.88   912   -38  0  0  0.0904   7.63
2022  72 15  0    8.56   -9.73   12.04  -443.4   -12.6   -32.8  20.27  228538.  8.02   858   -38  0  0  0.0922   7.77
2022  72 15  5   10.96   -9.97    9.44  -440.5   -21.1   -31.8  21.42  267875.  8.39   852   -35  0  0  0.0939   8.11
2022  72 15 10    9.12  -13.06   10.00  -448.8   -10.5   -37.2  19.14  302790.  7.75   839   -30  0  0  0.0956   7.52
2022  72 15 15    8.93  -12.21   11.43  -450.2    -2.8   -39.2  17.12  293353.  7.00   792   -26  0  0  0.0973   6.77
2022  72 15 20   10.25  -11.09    9.00  -448.4   -29.4   -46.5  15.95  300444.  6.51   924   -23  0  0  0.0988   6.31
2022  72 15 25    9.78   -8.65    7.50  -452.6   -21.6   -29.2  18.14  363191.  7.48   707   -21  0  0  0.1003   7.24
2022  72 15 30   11.57   -5.59    7.05  -448.6   -23.6    -6.2  18.03  460138.  7.28   605   -19  0  0  0.1017   7.05
2022  72 15 35    5.51   -8.23   12.41  -452.0    -9.7   -19.3  19.25  206692.  7.88   595   -18  0  0  0.1031   7.64
2022  72 15 40    6.34   -9.93   12.61  -457.7   -29.2   -23.8  18.52  205351.  7.81   536   -20  0  0  0.1043   7.57
2022  72 15 45    9.77  -10.09   12.26  -451.8   -36.4   -19.4  18.00  175900.  7.42   452   -21  0 -1  0.1055   7.18
2022  72 15 50   10.03  -10.22   12.94  -445.9   -43.6   -14.9  17.49  146449.  7.03   374   -20  0  0  0.1067   6.81
2022  72 15 55   11.40   -8.50   11.88  -443.1   -38.6   -19.9  17.91  159484.  7.11   286   -18  0 -1  0.1077   6.88
2022  72 16  0    9.08  -10.36   13.71  -440.3   -33.6   -24.9  18.34  172519.  7.18   226   -13  0  0  0.1087   6.95
2022  72 16  5    6.96  -11.39   15.79  -433.8   -31.1    34.2  30.52   60305. 11.62   193   -12  0  0  0.1096  11.25
2022  72 16 10    6.19  -11.32   15.97  -444.1   -33.5    21.2  29.07   80788. 11.58   220   -11  0  0  0.1104  11.19
2022  72 16 15    6.27   -8.03   15.56  -434.1   -20.0    20.5  32.81   62987. 12.47   254   -11  0  0  0.1112  12.03
2022  72 16 20    7.45   -2.83   15.50  -443.5   -13.1    12.0  24.79  115095.  9.84   217    -6  0  0  0.1119   9.46
2022  72 16 25    2.14  -12.58    8.28  -456.1    -9.3    24.3  27.99  100265. 11.77   240    -8  0  0  0.1125  11.32
2022  72 16 30    0.27  -21.05    1.40  -486.0     2.7   -39.6  17.11  200089.  8.15   163   -16  0  0  0.1130   7.88
2022  72 16 35   -2.48  -19.27    8.62  -489.3   -14.2   -11.3  21.73  201806. 10.42   153   -13  0  0  0.1134  10.09
2022  72 16 40   -3.45  -20.36   -1.00  -491.8    -9.8   -49.9  24.10  318366. 11.79   199   -10  0  0  0.1138  11.41
2022  72 16 45   -1.58  -19.69   -6.15  -493.0    12.7   -71.9  16.71  438739.  8.31   297   -13  0  0  0.1141   8.04
2022  72 16 50   -1.06  -20.29   -4.97  -496.3     3.5   -90.4  21.17  418908. 10.79   302   -17  0  0  0.1143  10.44
2022  72 16 55   -1.90  -22.76   -3.95  -496.3    -8.5  -131.0  19.69  363088. 10.41   395   -18  0  0  0.1145  10.05
2022  72 17  0   -1.41  -18.19   -7.48  -489.2    38.2  -114.0  25.04  621359. 12.74   484   -23  0  0  0.1145  12.31
2022  72 17  5   -2.30  -22.13    1.59  -491.0    18.3   -92.2  20.73  412658. 10.44   632   -21  0  0  0.1145  10.04
2022  72 17 10   -4.10  -22.64    0.48  -488.3    -1.3   -75.9  19.91  354740.  9.73   626   -30  0  0  0.1144   9.42
2022  72 17 15   -2.36  -22.17    1.03  -485.3     2.2   -74.1  21.21  358129. 10.23   787   -32  0  0  0.1143   9.90
2022  72 17 20   -8.64  -13.74  -16.78  -496.0    14.5   -80.5  21.88  433834. 11.05   804   -35  0  0  0.1140  10.71
2022  72 17 25   -9.75  -16.35  -15.07  -497.9    12.1   -94.3  18.63  351733.  9.57   707   -39  0  0  0.1137   9.27
2022  72 17 30   -9.12  -19.07  -12.32  -495.5    12.3   -95.7  18.41  361469.  9.38   765   -47  0  0  0.1133   9.09
2022  72 17 35   -5.67  -22.03   -3.36  -487.5    23.6   -82.6  21.26  470720. 10.42   821   -50  0  0  0.1128  10.09
2022  72 17 40   -4.47  -22.85   -0.68  -488.1     1.7   -75.5  20.18  451943.  9.86   942   -52  0  0  0.1123   9.54
2022  72 17 45   -2.71  -23.67    3.57  -491.9    -7.4   -71.6  16.87  352133.  8.34  1210   -58  0  0  0.1116   8.08
2022  72 17 50   -3.21  -24.14    5.96  -491.0   -17.8   -56.2  16.10  322797.  7.88  1303   -64  0  0  0.1109   7.63
2022  72 17 55   -1.41  -22.85   11.51  -489.2   -23.1   -48.3  14.78  312900.  7.16  1379   -68  0  0  0.1101   6.93
2022  72 18  0   -1.09  -21.56   13.22  -481.9   -33.7   -39.9  14.47  314056.  6.81  1570   -69  0  0  0.1093   6.59
2022  72 18  5   -2.18  -21.36   13.43  -486.4   -48.5   -36.0  14.25  325149.  6.85  1508   -73  0  0  0.1084   6.63
2022  72 18 10   -0.66  -21.69   12.82  -477.2   -30.0   -38.7  14.74  347978.  6.78  1426   -74  0  0  0.1074   6.57
2022  72 18 15   -0.36  -21.41   14.06  -478.1   -41.5   -28.2  11.77  263618.  5.44  1517   -70  0  0  0.1063   5.27
2022  72 18 20    0.74  -20.15   15.89  -472.8   -22.4   -11.9  11.99  302218.  5.39  1390   -68  0  0  0.1051   5.21
2022  72 18 25    3.94  -18.06   17.69  -439.6    -7.0    -0.2  11.25  318715.  4.37  1138   -69  0  0  0.1039   4.21
2022  72 18 30    5.26  -10.93   22.41  -422.1    25.7    15.6  11.25  348747.  4.04  1098   -68  0  0  0.1026   3.90
2022  72 18 35    2.20  -11.32   22.41  -432.8    37.4    38.7  10.27  414634.  3.91   840   -63  0  0  0.1012   3.78
2022  72 18 40    3.69   -9.83   22.94  -450.4    25.8    35.5  10.37  360474.  4.26   784   -62  0  0  0.0998   4.11
2022  72 18 45    4.92   -7.70   23.84  -444.7    25.4    30.1   9.08  292230.  3.62   580   -64  0  0  0.0983   3.51
2022  72 18 50    5.24  -10.62   21.50  -440.0   -18.7    -0.9  10.12  496768.  3.96   484   -63  0  0  0.0967   3.80
2022  72 18 55    5.35   -9.35   22.72  -445.4   -12.2     8.6   9.72  478057.  3.87   530   -64  0  0  0.0951   3.74
2022  72 19  0    4.14   -6.30   24.16  -454.0    -9.4    11.1  10.06  454750.  4.16   387   -60  0  0  0.0934   4.02
2022  72 19  5    5.52   -9.47   22.44  -431.8   -21.9     7.7   9.62  378733.  3.64   352   -58  0  0  0.0916   3.48
2022  72 19 10    5.95   -7.27   22.90  -443.6    -0.5    19.8   8.88  309758.  3.52   309   -56  0  0  0.0897   3.39
2022  72 19 15    6.05   -7.11   22.88  -455.4     2.5    26.9   9.08  419128.  3.79   261   -56  0  0  0.0878   3.66
2022  72 19 20    3.46   -3.06   24.55  -433.6    -0.4    20.3   9.38  336270.  3.63   256   -55  0  0  0.0859   3.42
2022  72 19 25    3.15   -0.19   24.84  -455.1    29.3    15.0  10.78  465992.  4.50   238   -54  0  0  0.0838   4.35
2022  72 19 30    4.43   -0.42   24.45  -458.0     8.4    17.0   8.25  349267.  3.46   210   -53  0  0  0.0817   3.36
2022  72 19 35    5.20    3.56   23.58  -450.0    23.7     9.9   9.08  389330.  3.70   169   -51  0  0  0.0796   3.57
2022  72 19 40    4.79    6.78   22.85  -455.9    32.6    15.4   9.46  325919.  3.96   141   -51  0  0  0.0774   3.83
2022  72 19 45    4.48    4.70   19.21  -456.8    43.1    24.2  15.24  229199.  6.43   129   -48  0  0  0.0751   6.23
2022  72 19 50    3.01  -14.61   15.78  -451.6    65.0    13.3  21.25  261500.  8.86   207   -37  0  0  0.0727   8.58
2022  72 19 55    0.77  -16.07   18.61  -461.3    12.8     6.1  26.87   82660. 11.45   114   -33  0  0  0.0704  11.09
2022  72 20  0    1.12  -18.22   17.23  -461.1    10.9    -2.6  19.35   94007.  8.23   132   -34  0  0  0.0679   7.97
2022  72 20  5    0.08  -17.69   17.50  -466.3     7.6    -4.7  19.10  100271.  8.31   197   -34  0  0  0.0654   8.05
2022  72 20 10   -1.19  -18.05   17.57  -468.2    18.2     1.6  20.65  115996.  9.07   239   -34  0  0  0.0629   8.78
2022  72 20 15   -1.82  -18.82   17.39  -468.1     9.9     2.5  17.36   93496.  7.60   191   -34  0  0  0.0603   7.37
2022  72 20 20   -1.13  -19.08   17.33  -467.0    12.9    -2.6  16.36   90160.  7.14   200   -34  0  0  0.0576   6.92
2022  72 20 25   -1.50  -18.78   17.51  -467.0     9.1    -2.4  15.63   78121.  6.82   213   -34  0  0  0.0549   6.61
2022  72 20 30   -1.38  -18.52   17.78  -468.4    13.6    -4.4  15.74   73142.  6.91   203   -34  0  0  0.0521   6.70
2022  72 20 35   -1.01  -17.45   18.29  -469.6    15.5    -2.3  16.58   81583.  7.33   178   -34  0  0  0.0493   7.09
2022  72 20 40   -2.17  -17.16   17.89  -475.1     9.1     3.2  20.24  106210.  9.14   188   -34  0  0  0.0465   8.85
2022  72 20 45   -4.40  -14.39   18.46  -480.0    24.2    16.1  22.69  104991. 10.52   197   -33  0  0  0.0436  10.16
2022  72 20 50   -1.04  -14.64   17.93  -465.5     1.3     7.3  23.72  103364. 10.28   280   -27  0  0  0.0407   9.96
2022  72 20 55   -1.56  -13.79   19.02  -464.1    -0.8     1.6  22.40  125779.  9.64   302   -28  0  0  0.0377   9.35
2022  72 21  0   -1.44  -11.29   20.88  -469.8     3.8    11.5  18.11  157634.  8.02   275   -37  0  0  0.0347   7.75
2022  72 21  5   -1.45   -9.55   21.91  -463.2    12.4    17.9  14.12  206014.  6.07   183   -39  0  0  0.0317   5.88
2022  72 21 10   -0.81   -7.05   23.48  -471.4    15.2    15.0  12.99  136353.  5.80   178   -40  0  0  0.0286   5.60
2022  72 21 15   -0.16   -0.57   23.72  -468.4    36.4    11.4  12.57  135190.  5.54   137   -41  0  0  0.0255   5.38
2022  72 21 20   -1.12    5.98   22.52  -474.3    51.0     0.7  16.99  156102.  7.73   106   -38  0  0  0.0223   7.49
2022  72 21 25   -0.89    5.78   22.52  -473.9    50.7     0.1  16.19  159029.  7.35    93   -34  0  0  0.0191   7.12
2022  72 21 30   -0.74    6.27   22.09  -470.3    48.2    -0.3  15.81  168233.  7.07    94   -36  0  0  0.0159   6.84
2022  72 21 35   -1.50   11.86   17.72  -465.5    43.4    -0.7  14.42  159382.  6.32   127   -36  0  0  0.0126   6.11
2022  72 21 40   -2.71   10.93    6.98  -465.9    31.1   -47.5  28.36  202545. 12.47   181   -35  0  0  0.0094  12.10
2022  72 21 45   -2.46   11.34    1.83  -471.0    25.8   -38.2  28.50  195056. 12.80   218   -25  0  0  0.0061  12.36
2022  72 21 50   -2.45   16.61   -6.68  -468.4     2.2   -27.2  28.75  126017. 12.76   217   -25  0  0  0.0027  12.26
2022  72 21 55   -1.53   15.28  -13.78  -456.4    -6.7   -10.5  28.27   40558. 11.78   163   -23  0  0 -0.0006  11.41
2022  72 22  0   -0.45   16.21  -14.93  -460.8    -6.1    -2.3  30.40   40786. 12.93   202   -22  0  0 -0.0040  12.51
2022  72 22  5   -2.55   15.44  -17.71  -454.6   -20.4   -11.1  35.08   35876. 14.57   173   -24  0  0 -0.0074  14.08
2022  72 22 10   -4.47   15.56  -16.49  -461.1    -0.7    -2.0  39.64   35387. 16.87   332   -17  0  0 -0.0108  16.33
2022  72 22 15   -0.24    9.02  -19.34  -457.1    -6.3    17.4  37.42   43290. 15.68   301   -16  0  0 -0.0142  15.17
2022  72 22 20   -3.21   -1.54  -23.47  -448.4   -18.1    14.3  35.41   52200. 14.27   276   -21  0  0 -0.0176  13.83
2022  72 22 25   -4.99   -1.86  -23.15  -451.5   -20.2    19.5  37.22   53377. 15.24   372   -24  0  0 -0.0211  14.75
2022  72 22 30   -1.11   -8.80  -22.50  -452.5   -16.0    20.0  29.59   55284. 12.17   544   -25  0  0 -0.0246  11.77
2022  72 22 35   -1.68  -15.20  -18.02  -453.6   -10.8    15.5  16.99   51522.  6.99   655   -32  0  0 -0.0280   6.78
2022  72 22 40   -1.37  -20.77  -16.46  -452.5     5.7     3.8  11.73   37815.  4.80   668   -37  0  0 -0.0315   4.65
2022  72 22 45   -0.58  -19.46  -18.99  -455.3     0.8    12.6  12.62   40731.  5.24   587   -50  0  0 -0.0350   5.07
2022  72 22 50   -0.20  -18.19  -19.65  -453.8    -0.3    12.3  12.12   36076.  5.00   586   -65  0  0 -0.0385   4.84
2022  72 22 55   -0.39  -16.20  -20.76  -445.8    -0.4    16.1  10.08   37055.  4.01   572   -61  0  0 -0.0420   3.89
2022  72 23  0    0.11  -15.01  -21.01  -447.2    -2.0    14.1  12.64   40534.  5.06   504   -67  0  0 -0.0455   4.90
2022  72 23  5    1.03  -14.52  -20.70  -444.9    -6.2    13.6  11.57   35739.  4.59   356   -72  0  0 -0.0490   4.44
2022  72 23 10    2.50  -11.22  -21.19  -444.4     2.4     7.2  14.43   36462.  5.70   257   -76  0  0 -0.0525   5.52
2022  72 23 15    3.03  -10.73  -20.98  -443.6    -6.9    11.4  15.77   36312.  6.21   282   -73  0  0 -0.0560   6.02
2022  72 23 20    3.26  -10.46  -20.39  -447.0    -5.1    11.8  13.92   40877.  5.57   233   -80  0  0 -0.0595   5.39
2022  72 23 25    2.77   11.32   -9.53  -461.7    26.2    38.1  13.49  108480.  5.80   200   -85  0  0 -0.0630   5.63
2022  72 23 30    2.07   22.59   -0.05  -463.2   -20.7    43.4   5.87  204170.  2.57   164   -95  0  0 -0.0665   2.47
2022  72 23 35    3.73   23.42   -0.33  -472.1   -45.3    22.3   4.82  157433.  2.18   177  -113  0  0 -0.0699   2.10
2022  72 23 40    3.90   23.32    0.68  -467.6   -38.2     3.1   5.03  128640.  2.21   264  -113  0  0 -0.0734   2.14
2022  72 23 45    4.30   23.47    0.47  -465.9   -43.1    -2.1   4.34   68839.  1.90   446  -111  0  0 -0.0769   1.84
2022  72 23 50    3.87   23.48    0.53  -460.6   -44.7    -2.1   3.88   54920.  1.66   953  -110  0  0 -0.0803   1.61
2022  72 23 55    4.13   23.25   -0.46  -456.4   -43.1     1.0   4.18   77544.  1.76  1085  -112  0  0 -0.0837   1.70
