#Avg Pressure across y-z plane in magnetotail
#FORMAT:
YEAR    DAY    HOUR    MIN    x:-12.00    -11.00      -10.00       -9.00       -8.00       -7.00       -6.00       -5.00       -4.00       -3.00       -2.00       -1.00      
2024      284         9       30              856.         1098.         1462.         2030.         3047.         5117.         9655.        20734.        53235.       178258.       946151.  
2024      284         9       35              810.         1047.         1406.         1967.         2978.         5038.         9560.        20614.        53110.       178244.       946872.  
2024      284         9       40              936.         1191.         1580.         2184.         3254.         5387.        10010.        21245.        54214.       181107.       960507.  
2024      284         9       45              915.         1171.         1561.         2170.         3248.         5392.        10025.        21291.        54399.       181915.       964935.  
2024      284         9       50              889.         1143.         1529.         2131.         3197.         5319.         9910.        21089.        54021.       181076.       962146.  
2024      284         9       55              809.         1052.         1421.         1998.         3031.         5110.         9637.        20704.        53388.       179738.       957768.  
2024      284        10        0              888.         1146.         1537.         2148.         3228.         5373.        10003.        21278.        54546.       183209.       976953.  
2024      284        10        5              911.         1176.         1577.         2203.         3304.         5477.        10143.        21479.        54914.       184217.       981957.  
2024      284        10       10              966.         1240.         1653.         2292.         3410.         5599.        10275.        21599.        54958.       183917.       979476.  
2024      284        10       15              975.         1254.         1672.         2316.         3441.         5641.        10324.        21642.        54981.       183929.       980147.  
2024      284        10       20              974.         1256.         1679.         2330.         3467.         5685.        10392.        21751.        55201.       184612.       984196.  
2024      284        10       25             1042.         1338.         1782.         2465.         3646.         5923.        10713.        22220.        56025.       186641.       992848.  
2024      284        10       30             1107.         1414.         1871.         2569.         3768.         6061.        10857.        22333.        56024.       186228.       990303.  
2024      284        10       35             1091.         1396.         1850.         2540.         3728.         6007.        10772.        22175.        55667.       185216.       985853.  
2024      284        10       40             1071.         1373.         1822.         2505.         3684.         5952.        10705.        22086.        55535.       185032.       986356.  
2024      284        10       45             1095.         1400.         1853.         2542.         3726.         6005.        10779.        22210.        55830.       186200.       995514.  
2024      284        10       50             1086.         1391.         1846.         2541.         3738.         6032.        10836.        22349.        56223.       187491.      1001138.  
2024      284        10       55             1113.         1421.         1876.         2563.         3743.         6014.        10773.        22175.        55757.       186216.       998554.  
2024      284        11        0             1048.         1345.         1785.         2454.         3612.         5857.        10592.        21971.        55502.       185685.       995220.  
2024      284        11        5             1122.         1425.         1875.         2556.         3726.         5991.        10767.        22236.        55984.       186992.      1003279.  
2024      284        11       10             1065.         1358.         1793.         2454.         3598.         5831.        10568.        21976.        55550.       185796.       996239.  
2024      284        11       15             1016.         1301.         1723.         2361.         3475.         5679.        10400.        21818.        55481.       186435.      1006398.  
2024      284        11       20              948.         1220.         1624.         2238.         3321.         5487.        10162.        21501.        54923.       184779.       995716.  
2024      284        11       25              999.         1275.         1686.         2308.         3403.         5586.        10300.        21730.        55392.       186188.      1004647.  
2024      284        11       30              950.         1218.         1616.         2223.         3299.         5467.        10175.        21622.        55345.       186454.      1007829.  
2024      284        11       35              961.         1231.         1632.         2246.         3334.         5520.        10258.        21763.        55628.       187289.      1012482.  
2024      284        11       40             1031.         1313.         1733.         2371.         3490.         5711.        10482.        22010.        55891.       187522.      1011612.  
2024      284        11       45             1088.         1380.         1813.         2469.         3611.         5856.        10650.        22195.        56084.       187662.      1010654.  
2024      284        11       50             1061.         1354.         1787.         2444.         3588.         5835.        10620.        22140.        56014.       187755.      1012995.  
2024      284        11       55             1027.         1319.         1754.         2420.         3582.         5855.        10681.        22304.        56566.       190054.      1027477.  
2024      284        12        0             1043.         1340.         1783.         2462.         3640.         5931.        10771.        22413.        56757.       190638.      1030644.  
2024      284        12        5             1072.         1379.         1837.         2537.         3746.         6070.        10943.        22640.        57195.       192024.      1038245.  
2024      284        12       10             1098.         1412.         1879.         2591.         3813.         6150.        11020.        22692.        57204.       192033.      1039237.  
2024      284        12       15             1104.         1422.         1896.         2617.         3853.         6204.        11087.        22770.        57323.       192317.      1040013.  
2024      284        12       20             1116.         1439.         1919.         2645.         3889.         6249.        11133.        22801.        57356.       192627.      1044841.  
2024      284        12       25             1146.         1477.         1967.         2709.         3972.         6353.        11251.        22924.        57492.       192838.      1045328.  
2024      284        12       30             1167.         1503.         1999.         2749.         4022.         6414.        11321.        22999.        57579.       192970.      1045669.  
2024      284        12       35             1154.         1489.         1985.         2735.         4010.         6405.        11319.        23027.        57740.       193813.      1052649.  
2024      284        12       40             1140.         1471.         1960.         2696.         3949.         6317.        11192.        22824.        57360.       192949.      1050844.  
2024      284        12       45             1103.         1428.         1911.         2642.         3893.         6261.        11150.        22848.        57595.       193949.      1056190.  
2024      284        12       50             1111.         1437.         1919.         2646.         3889.         6248.        11120.        22770.        57385.       193354.      1054819.  
2024      284        12       55             1122.         1450.         1932.         2657.         3897.         6253.        11124.        22764.        57339.       193238.      1055897.  
2024      284        13        0             1113.         1436.         1912.         2628.         3854.         6202.        11081.        22756.        57392.       193532.      1059533.  
2024      284        13        5             1131.         1456.         1934.         2653.         3886.         6246.        11147.        22855.        57517.       193623.      1059224.  
2024      284        13       10             1142.         1470.         1952.         2676.         3919.         6297.        11228.        22968.        57637.       193627.      1058000.  
2024      284        13       15             1226.         1567.         2066.         2812.         4082.         6497.        11476.        23263.        57922.       193636.      1055339.  
2024      284        13       20             1212.         1550.         2043.         2782.         4044.         6459.        11456.        23282.        57995.       193891.      1058199.  
2024      284        13       25             1153.         1482.         1962.         2682.         3923.         6324.        11328.        23195.        58015.       194446.      1065262.  
2024      284        13       30             1157.         1485.         1962.         2679.         3917.         6319.        11334.        23211.        57981.       194039.      1061605.  
2024      284        13       35             1133.         1458.         1931.         2642.         3875.         6274.        11292.        23178.        57974.       194233.      1064474.  
2024      284        13       40             1174.         1505.         1986.         2707.         3953.         6380.        11453.        23456.        58518.       195649.      1072650.  
2024      284        13       45             1142.         1464.         1931.         2633.         3854.         6251.        11301.        23279.        58263.       195089.      1070874.  
2024      284        13       50             1130.         1451.         1917.         2620.         3849.         6273.        11388.        23538.        58995.       197586.      1086863.  
2024      284        13       55             1123.         1440.         1901.         2594.         3808.         6212.        11304.        23407.        58710.       196630.      1080833.  
2024      284        14        0             1105.         1420.         1879.         2569.         3786.         6203.        11333.        23537.        59119.       198059.      1089648.  
2024      284        14        5             1122.         1435.         1890.         2571.         3768.         6150.        11218.        23273.        58409.       195650.      1075794.  
2024      284        14       10             1203.         1528.         2000.         2705.         3937.         6369.        11514.        23728.        59253.       197761.      1085963.  
2024      284        14       15             1224.         1552.         2031.         2746.         3993.         6449.        11633.        23930.        59681.       198999.      1092869.  
2024      284        14       20             1192.         1517.         1991.         2704.         3953.         6421.        11641.        24045.        60124.       200794.      1105819.  
2024      284        14       25             1241.         1576.         2065.         2806.         4101.         6639.        11992.        24693.        61544.       204968.      1127668.  
2024      284        14       30             1260.         1593.         2077.         2801.         4060.         6534.        11753.        24123.        60057.       200051.      1099719.  
2024      284        14       35             1337.         1679.         2179.         2921.         4201.         6698.        11937.        24330.        60311.       200440.      1101173.  
2024      284        14       40             1475.         1832.         2355.         3125.         4436.         6963.        12230.        24656.        60682.       200888.      1102168.  
2024      284        14       45             1364.         1709.         2213.         2961.         4249.         6752.        11999.        24436.        60586.       201408.      1107424.  
2024      284        14       50             1250.         1580.         2065.         2791.         4053.         6527.        11750.        24198.        60490.       202011.      1113209.  
2024      284        14       55             1401.         1747.         2256.         3007.         4292.         6779.        11989.        24364.        60423.       200977.      1105275.  
2024      284        15        0             1455.         1807.         2327.         3094.         4400.         6913.        12159.        24616.        60919.       202364.      1112765.  
2024      284        15        5             1286.         1605.         2084.         2801.         4038.         6452.        11590.        24010.        60558.       203349.      1122970.  
2024      284        15       10             1383.         1698.         2178.         2893.         4114.         6483.        11546.        23890.        60414.       203254.      1122316.  
2024      284        15       15             1276.         1569.         2021.         2692.         3841.         6098.        10986.        23045.        59016.       200040.      1107435.  
2024      284        15       20             3331.         3793.         4518.         5540.         7094.         9788.        15141.        27761.        64563.       207041.      1115910.  
2024      284        15       25             5436.         6054.         7036.         8392.        10331.        13425.        19177.        32217.        69496.       212411.      1117614.  
2024      284        15       30             6343.         7055.         8181.         9724.        11894.        15236.        21221.        34452.        71879.       214933.      1119318.  
2024      284        15       35             8923.         9930.        11482.        13608.        16500.        20621.        27351.        41150.        78854.       222103.      1125691.  
2024      284        15       40             9814.        11023.        12845.        15329.        18705.        23417.        30730.        44963.        82878.       226399.      1131091.  
2024      284        15       45            11150.        12586.        14727.        17642.        21580.        26932.        34856.        49527.        87611.       231309.      1136452.  
2024      284        15       50            12605.        14242.        16675.        19936.        24335.        30260.        38713.        53860.        92421.       236757.      1146124.  
2024      284        15       55            12302.        13963.        16412.        19681.        24119.        30145.        38717.        53991.        92672.       237125.      1148595.  
2024      284        16        0            11304.        12950.        15365.        18612.        23054.        29097.        37662.        52793.        91069.       234504.      1140833.  
2024      284        16        5            12644.        14466.        17135.        20758.        25665.        32163.        41135.        56469.        94655.       238159.      1143249.  
2024      284        16       10            12769.        14593.        17266.        20910.        25828.        32329.        41376.        56826.        95055.       238770.      1145325.  
2024      284        16       15            13709.        15646.        18460.        22320.        27502.        34290.        43697.        59452.        97748.       241642.      1149629.  
2024      284        16       20            12888.        14862.        17704.        21603.        26904.        33912.        43529.        59404.        97659.       240879.      1145526.  
2024      284        16       25            13048.        15185.        18236.        22426.        28163.        35721.        45843.        62030.       100339.       243358.      1146712.  
2024      284        16       30            14206.        16612.        20027.        24723.        31157.        39525.        50379.        67018.       105379.       248039.      1147685.  
2024      284        16       35            15599.        18275.        22054.        27263.        34383.        43538.        55160.        72369.       111043.       254515.      1158791.  
2024      284        16       40            16177.        18953.        22856.        28204.        35533.        45008.        57005.        74667.       113660.       256079.      1152304.  
2024      284        16       45            15891.        18604.        22392.        27579.        34689.        43989.        56036.        74015.       113376.       255927.      1153104.  
2024      284        16       50            17241.        20064.        24017.        29426.        36793.        46358.        58699.        76984.       116525.       258867.      1153925.  
2024      284        16       55            15634.        18268.        21951.        27002.        33925.        43022.        54963.        72949.       112199.       253694.      1143858.  
2024      284        17        0            15077.        17577.        21081.        25876.        32446.        41148.        52759.        70569.       109693.       250392.      1135395.  
2024      284        17        5            14068.        16382.        19632.        24069.        30162.        38334.        49480.        66996.       105942.       246013.      1127605.  
2024      284        17       10            13970.        16172.        19282.        23498.        29271.        37066.        47863.        65205.       104130.       243699.      1122290.  
2024      284        17       15            12649.        14668.        17505.        21374.        26699.        33998.        44394.        61437.       100098.       239427.      1117138.  
2024      284        17       20            12877.        14907.        17767.        21651.        26993.        34300.        44649.        61628.       100224.       239048.      1112757.  
2024      284        17       25            12141.        14114.        16882.        20640.        25846.        33033.        43254.        60123.        98711.       237635.      1113751.  
2024      284        17       30            12185.        14176.        16958.        20746.        25996.        33234.        43508.        60388.        98887.       237387.      1109507.  
2024      284        17       35            12432.        14485.        17348.        21253.        26664.        34090.        44540.        61520.        99973.       238085.      1106110.  
2024      284        17       40            12698.        14826.        17789.        21834.        27442.        35101.        45761.        62869.       101333.       239276.      1105195.  
2024      284        17       45            13313.        15560.        18681.        22948.        28852.        36861.        47873.        65252.       103810.       241550.      1104328.  
2024      284        17       50            13564.        15937.        19229.        23735.        29988.        38415.        49795.        67386.       105986.       243706.      1105806.  
2024      284        17       55            14014.        16535.        20030.        24825.        31482.        40385.        52195.        70047.       108694.       246407.      1107244.  
2024      284        18        0            14208.        16816.        20423.        25379.        32270.        41472.        53595.        71700.       110444.       247986.      1106807.  
2024      284        18        5            14439.        17132.        20847.        25950.        33061.        42552.        54979.        73347.       112221.       249466.      1105619.  
2024      284        18       10            14587.        17350.        21149.        26361.        33645.        43388.        56097.        74752.       113823.       250830.      1105077.  
2024      284        18       15            14882.        17714.        21596.        26925.        34376.        44348.        57365.        76371.       115745.       253096.      1109588.  
2024      284        18       20            15011.        17876.        21782.        27139.        34632.        44711.        57960.        77306.       116918.       253790.      1104148.  
2024      284        18       25            15238.        18184.        22199.        27704.        35418.        45782.        59309.        78887.       118634.       255380.      1104859.  
2024      284        18       30            16119.        19186.        23365.        29084.        37071.        47753.        61602.        81473.       121338.       257467.      1100416.  
2024      284        18       35            15873.        18906.        23028.        28661.        36542.        47131.        60940.        80837.       120671.       256047.      1092066.  
2024      284        18       40            15386.        18338.        22342.        27812.        35482.        45853.        59490.        79307.       119147.       254450.      1091109.  
2024      284        18       45            15303.        18232.        22195.        27601.        35189.        45489.        59116.        78994.       118821.       253397.      1083661.  
2024      284        18       50            14728.        17619.        21521.        26854.        34373.        44632.        58249.        78107.       117795.       251619.      1076737.  
2024      284        18       55            15963.        18947.        22964.        28425.        36071.        46486.        60384.        80678.       120688.       253839.      1070880.  
2024      284        19        0            14795.        17649.        21459.        26632.        33941.        44073.        57839.        78235.       118583.       252395.      1076622.  
2024      284        19        5            12065.        14639.        18035.        22658.        29339.        38883.        52163.        72222.       112465.       246435.      1076087.  
2024      284        19       10            11925.        14503.        17899.        22516.        29208.        38806.        52183.        72370.       112678.       246250.      1072364.  
2024      284        19       15            12806.        15504.        19077.        23931.        30915.        40821.        54481.        74896.       115352.       249181.      1076271.  
2024      284        19       20            12265.        14908.        18422.        23199.        30093.        39879.        53322.        73402.       113426.       246246.      1064733.  
2024      284        19       25            12049.        14641.        18107.        22825.        29624.        39260.        52516.        72345.       112045.       244508.      1060173.  
2024      284        19       30            12379.        15004.        18543.        23394.        30333.        40052.        53342.        73048.       112446.       244932.      1059148.  
2024      284        19       35            12196.        14834.        18401.        23292.        30305.        40088.        53307.        72792.       111952.       244210.      1057030.  
2024      284        19       40            12734.        15490.        19212.        24306.        31601.        41690.        55069.        74509.       113261.       243075.      1032914.  
2024      284        19       45            13227.        16059.        19881.        25116.        32590.        42880.        56468.        76073.       114844.       244269.      1029793.  
2024      284        19       50            14110.        17021.        20946.        26332.        33963.        44418.        58311.        78304.       117383.       247459.      1037252.  
2024      284        19       55            14510.        17474.        21461.        26934.        34671.        45260.        59349.        79580.       118843.       248959.      1038014.  
2024      284        20        0            13802.        16728.        20657.        26049.        33731.        44289.        58263.        78287.       117251.       246160.      1025835.  
2024      284        20        5            13813.        16750.        20681.        26078.        33774.        44372.        58433.        78578.       117606.       246209.      1022805.  
2024      284        20       10            14546.        17559.        21585.        27107.        34936.        45688.        59992.        80460.       119735.       248285.      1022066.  
2024      284        20       15            15724.        18847.        23011.        28704.        36707.        47671.        62362.        83456.       123634.       254599.      1046114.  
2024      284        20       20            15026.        18125.        22254.        27914.        35916.        46893.        61504.        82362.       122037.       251047.      1025993.  
2024      284        20       25            15303.        18514.        22814.        28718.        37083.        48447.        63239.        83943.       123095.       250458.      1012431.  
2024      284        20       30            16650.        20024.        24541.        30725.        39430.        51190.        66465.        87767.       127673.       256931.      1033851.  
2024      284        20       35            16261.        19607.        24085.        30228.        38892.        50618.        65874.        87144.       126985.       256188.      1032419.  
2024      284        20       40            16709.        20081.        24601.        30795.        39501.        51253.        66548.        87838.       127522.       255784.      1023395.  
2024      284        20       45            17452.        20893.        25495.        31784.        40583.        52437.        67882.        89375.       129141.       256669.      1016105.  
2024      284        20       50            17715.        21154.        25749.        32007.        40759.        52559.        67916.        89336.       128950.       255194.      1004321.  
2024      284        20       55            18760.        22283.        26990.        33385.        42278.        54229.        69814.        91550.       131482.       258187.      1010039.  
2024      284        21        0            18636.        22167.        26893.        33323.        42276.        54282.        69860.        91479.       131167.       257224.      1004149.  
2024      284        21        5            17615.        21039.        25615.        31850.        40578.        52349.        67678.        89045.       128520.       254226.       999426.  
2024      284        21       10            16687.        19935.        24241.        30092.        38313.        49579.        64605.        86010.       125842.       252206.      1002762.  
2024      284        21       15            16550.        19762.        24014.        29788.        37905.        49067.        64039.        85446.       125256.       251236.       998734.  
2024      284        21       20            15229.        18236.        22185.        27548.        35134.        45748.        60342.        81595.       121341.       246798.       989570.  
2024      284        21       25            15565.        18587.        22557.        27951.        35551.        46196.        60968.        82541.       122737.       249706.      1003721.  
2024      284        21       30            14920.        17815.        21588.        26701.        33923.        44199.        58799.        80436.       120658.       246522.       988487.  
2024      284        21       35            14922.        17752.        21404.        26327.        33277.        43326.        57982.        80040.       120866.       247316.       990148.  
2024      284        21       40            15865.        18759.        22470.        27449.        34453.        44615.        59561.        82118.       123506.       250474.       995432.  
2024      284        21       45            16617.        19640.        23539.        28782.        36138.        46672.        61880.        84491.       125625.       251564.       990303.  
2024      284        21       50            16931.        20100.        24232.        29804.        37630.        48637.        64037.        86438.       126972.       251312.       980610.  
2024      284        21       55            16586.        19764.        23918.        29527.        37423.        48510.        63915.        86197.       126464.       249999.       972887.  
2024      284        22        0            14035.        16958.        20779.        25970.        33383.        43957.        58797.        80434.       120086.       242853.       959858.  
2024      284        22        5            13771.        16745.        20658.        25982.        33619.        44424.        59245.        80550.       119660.       241174.       949586.  
2024      284        22       10            14245.        17391.        21547.        27158.        35241.        46557.        61550.        82809.       121984.       243012.       946387.  
2024      284        22       15            15361.        18620.        22963.        28852.        37234.        48811.        64097.        85495.       124386.       244821.       942864.  
2024      284        22       20            14200.        17336.        21499.        27120.        35202.        46494.        61432.        82500.       121039.       239491.       920551.  
2024      284        22       25            13883.        16960.        21066.        26628.        34618.        45760.        60503.        81294.       119568.       238443.       924150.  
2024      284        22       30            14959.        18091.        22299.        28078.        36227.        47400.        62311.        83170.       121154.       240657.       928659.  
2024      284        22       35            15542.        18655.        22818.        28507.        36395.        47258.        62216.        83632.       122589.       244878.       948656.  
2024      284        22       40             9377.        11821.        15106.        19703.        26363.        35909.        49320.        69103.       106985.       228941.       933574.  
2024      284        22       45             9646.        12190.        15599.        20347.        27176.        36905.        50523.        70641.       109040.       231876.       939967.  
2024      284        22       50            10273.        12998.        16647.        21701.        28903.        39034.        53027.        73542.       112428.       236323.       950328.  
2024      284        22       55            10211.        13114.        17022.        22541.        30551.        41599.        56025.        76029.       113512.       234534.       930122.  
2024      284        23        0            11171.        14363.        18620.        24560.        33110.        44936.        60516.        82277.       121881.       245054.       949478.  
2024      284        23        5            11872.        15251.        19731.        25978.        35004.        47493.        63843.        86437.       126748.       249872.       951707.  
2024      284        23       10            11969.        15385.        19888.        26144.        35173.        47750.        64424.        87709.       128927.       252741.       956043.  
2024      284        23       15            14603.        18376.        23246.        29757.        38809.        51506.        69178.        94963.       139682.       268245.       995046.  
2024      284        23       20            15517.        19389.        24341.        30862.        39817.        52429.        70299.        96790.       142605.       272806.      1008041.  
2024      284        23       25            14851.        18604.        23415.        29770.        38517.        50844.        68303.        94233.       139427.       268785.       998877.  
2024      284        23       30            14192.        17791.        22478.        28773.        37533.        49710.        66400.        90547.       133201.       259127.       972912.  
2024      284        23       35            13539.        17019.        21532.        27540.        35845.        47477.        63744.        87836.       130903.       257864.       976800.  
2024      284        23       40            12472.        15796.        20128.        25941.        34039.        45401.        61234.        84686.       127053.       253049.       966240.  
2024      284        23       45            11734.        14958.        19184.        24908.        32952.        44236.        59838.        82792.       124456.       249311.       955503.  
2024      284        23       50            10747.        13846.        17940.        23589.        31680.        43019.        58382.        80536.       120926.       243564.       936935.  
2024      284        23       55            10489.        13564.        17613.        23175.        31117.        42351.        57881.        80689.       122186.       246586.       948713.  
2024      285         0        0            10779.        13921.        18050.        23708.        31767.        43170.        58972.        82171.       124032.       248432.       948137.  
2024      285         0        5            11327.        14555.        18775.        24492.        32544.        43971.        60057.        83984.       126865.       252613.       957945.  
2024      285         0       10            11391.        14630.        18870.        24613.        32691.        44158.        60329.        84363.       127281.       252858.       955780.  
2024      285         0       15            11350.        14588.        18845.        24646.        32838.        44428.        60614.        84396.       126747.       251265.       947791.  
2024      285         0       20            11714.        15010.        19297.        25026.        32997.        44407.        60888.        85891.       130266.       257710.       967304.  
2024      285         0       25            11948.        15296.        19635.        25419.        33453.        44980.        61708.        87141.       132008.       259728.       968618.  
2024      285         0       30            13536.        17135.        21782.        27962.        36511.        48646.        65980.        91803.       136531.       263062.       964460.  
2024      285         0       35            16665.        20688.        25847.        32646.        41952.        54991.        73358.       100161.       145397.       271800.       973388.  
2024      285         0       40            16579.        20625.        25855.        32854.        42553.        56043.        74578.       100916.       144971.       268611.       952580.  
2024      285         0       45            16131.        20153.        25351.        32337.        42080.        55683.        74380.       100897.       145109.       268582.       949969.  
2024      285         0       50            16104.        20141.        25344.        32340.        42120.        55819.        74698.       101494.       145975.       269235.       946937.  
2024      285         0       55            15352.        19300.        24325.        31016.        40357.        53652.        72500.       100047.       146092.       271546.       958546.  
2024      285         1        0            14227.        18027.        22853.        29335.        38519.        51646.        70114.        97035.       142438.       266605.       946364.  
2024      285         1        5            14251.        18053.        22862.        29328.        38532.        51692.        70104.        96877.       142082.       265392.       939780.  
2024      285         1       10            14704.        18567.        23416.        29898.        39108.        52298.        70817.        97898.       143606.       267244.       942631.  
2024      285         1       15            14976.        18864.        23725.        30221.        39481.        52727.        71195.        98129.       143655.       266550.       938226.  
2024      285         1       20            14964.        18844.        23656.        30059.        39202.        52341.        70760.        97868.       143866.       267149.       940117.  
2024      285         1       25            14638.        18465.        23176.        29428.        38382.        51325.        69596.        96761.       143140.       266862.       941438.  
2024      285         1       30            15707.        19676.        24466.        30706.        39517.        52400.        71197.        99814.       148489.       275983.       968329.  
2024      285         1       35            15000.        18873.        23574.        29745.        38521.        51348.        69931.        98087.       146078.       272403.       958605.  
2024      285         1       40            14083.        17825.        22386.        28410.        37035.        49668.        67941.        95619.       143042.       268661.       951127.  
2024      285         1       45            14079.        17810.        22336.        28288.        36777.        49268.        67559.        95510.       143467.       270212.       957984.  
2024      285         1       50            14159.        17879.        22399.        28334.        36780.        49196.        67398.        95223.       143010.       269717.       957885.  
2024      285         1       55            13609.        17231.        21611.        27339.        35473.        47525.        65486.        93348.       141601.       269784.       965693.  
2024      285         2        0            13360.        16911.        21215.        26847.        34847.        46701.        64372.        91825.       139611.       267414.       962489.  
2024      285         2        5            12732.        16143.        20263.        25634.        33244.        44589.        61738.        88781.       136533.       265422.       967964.  
2024      285         2       10            12164.        15467.        19389.        24418.        31502.        42302.        59330.        87138.       137092.       271400.      1000887.  
2024      285         2       15            11728.        14916.        18728.        23644.        30583.        41107.        57563.        84355.       132869.       265202.       987580.  
2024      285         2       20            10942.        13966.        17633.        22424.        29229.        39460.        55185.        80583.       127024.       256193.       965422.  
2024      285         2       25             9701.        12498.        15915.        20420.        26873.        36615.        51636.        76135.       121715.       250256.       957621.  
2024      285         2       30            10080.        12914.        16388.        20953.        27445.        37169.        52057.        76212.       121217.       249116.       955207.  
2024      285         2       35            10226.        13084.        16594.        21202.        27736.        37493.        52397.        76534.       121464.       249302.       955435.  
2024      285         2       40             9695.        12456.        15882.        20422.        26898.        36522.        51047.        74420.       118217.       244270.       942180.  
2024      285         2       45             9304.        12000.        15374.        19878.        26328.        35882.        50181.        73073.       116148.       241139.       934175.  
2024      285         2       50             9690.        12452.        15893.        20447.        26909.        36500.        51016.        74422.       118316.       244987.       947101.  
2024      285         2       55             9792.        12572.        16030.        20594.        27062.        36673.        51269.        74853.       119036.       246307.       951915.  
2024      285         3        0             9686.        12445.        15866.        20365.        26726.        36238.        50862.        74719.       119516.       248211.       961489.  
2024      285         3        5             9525.        12247.        15612.        20019.        26247.        35626.        50226.        74290.       119642.       249763.       970908.  
2024      285         3       10             9293.        11962.        15290.        19695.        25965.        35344.        49694.        73028.       117047.       244578.       952821.  
2024      285         3       15             9550.        12255.        15599.        19988.        26204.        35571.        50116.        74005.       119010.       248466.       966688.  
2024      285         3       20             9204.        11843.        15161.        19612.        26016.        35520.        49708.        72279.       114784.       239207.       931812.  
2024      285         3       25             9252.        11897.        15214.        19654.        26038.        35533.        49768.        72488.       115276.       240320.       936801.  
2024      285         3       30             9267.        11913.        15220.        19633.        25968.        35423.        49709.        72656.       115894.       241895.       943699.  
2024      285         3       35             9507.        12194.        15539.        19982.        26336.        35836.        50267.        73531.       117278.       244285.       951828.  
2024      285         3       40             9140.        11764.        15071.        19535.        25998.        35571.        49719.        72034.       114113.       238091.       931411.  
2024      285         3       45             9393.        12058.        15358.        19719.        25947.        35325.        49776.        73359.       117873.       246761.       965246.  
2024      285         3       50             9044.        11647.        14891.        19216.        25435.        34768.        48986.        72010.       115616.       242853.       953323.  
2024      285         3       55             9056.        11654.        14872.        19136.        25249.        34480.        48733.        72069.       116353.       245009.       962552.  
2024      285         4        0             8917.        11490.        14688.        18947.        25078.        34318.        48484.        71556.       115407.       243433.       959299.  
2024      285         4        5             8746.        11286.        14434.        18620.        24651.        33789.        47919.        71102.       115274.       244003.       963128.  
2024      285         4       10             8969.        11537.        14723.        18959.        25052.        34252.        48402.        71496.       115426.       243763.       961894.  
2024      285         4       15             9152.        11747.        14924.        19077.        24992.        34061.        48474.        72608.       118699.       252015.       997349.  
2024      285         4       20             9123.        11706.        14843.        18904.        24667.        33604.        48101.        72775.       120174.       256669.      1018387.  
2024      285         4       25             9017.        11569.        14671.        18682.        24367.        33203.        47600.        72217.       119715.       256898.      1023351.  
2024      285         4       30             8704.        11189.        14227.        18173.        23776.        32468.        46588.        70735.       117584.       253957.      1018061.  
2024      285         4       35             8541.        10979.        13975.        17880.        23427.        32000.        45854.        69492.       115554.       250764.      1010495.  
2024      285         4       40             8500.        10918.        13903.        17798.        23327.        31843.        45546.        68869.       114439.       249025.      1007176.  
2024      285         4       45             8423.        10820.        13776.        17629.        23096.        31536.        45174.        68483.       114180.       249390.      1011768.  
2024      285         4       50             8503.        10902.        13873.        17757.        23269.        31732.        45277.        68248.       113252.       247134.      1003785.  
2024      285         4       55             8616.        11032.        14012.        17891.        23383.        31844.        45485.        68737.       114321.       249646.      1014675.  
2024      285         5        0             8352.        10719.        13645.        17468.        22900.        31282.        44792.        67844.       113164.       248012.      1010425.  
2024      285         5        5             8301.        10656.        13560.        17343.        22720.        31056.        44588.        67804.       113525.       249281.      1016028.  
2024      285         5       10             7987.        10285.        13133.        16870.        22208.        30467.        43800.        66617.       111703.       246271.      1007337.  
2024      285         5       15             7944.        10228.        13064.        16792.        22119.        30349.        43602.        66251.       111074.       245297.      1005442.  
2024      285         5       20             7857.        10118.        12952.        16718.        22129.        30398.        43429.        65348.       108770.       240323.       988820.  
2024      285         5       25             8122.        10421.        13303.        17128.        22614.        30955.        44016.        65863.       109071.       240244.       987750.  
2024      285         5       30             7882.        10145.        12984.        16770.        22223.        30517.        43470.        65126.       108084.       238804.       984125.  
2024      285         5       35             7727.         9975.        12770.        16471.        21800.        29999.        43064.        65281.       109468.       242810.      1001375.  
2024      285         5       40             7746.        10009.        12817.        16541.        21911.        30173.        43317.        65635.       109921.       243182.      1000602.  
2024      285         5       45             7819.        10109.        12935.        16669.        22050.        30370.        43720.        66514.       111644.       246503.      1011628.  
2024      285         5       50             7926.        10248.        13108.        16897.        22374.        30828.        44320.        67235.       112431.       247296.      1013655.  
2024      285         5       55             8614.        11058.        14048.        17970.        23595.        32271.        46150.        69656.       115604.       251674.      1023976.  
2024      285         6        0            10054.        12738.        15979.        20156.        26057.        35128.        49672.        74161.       121345.       259321.      1040625.  
2024      285         6        5            10167.        12862.        16145.        20429.        26527.        35782.        50240.        74110.       119779.       253810.      1014095.  
2024      285         6       10            10523.        13298.        16619.        20888.        26935.        36267.        51248.        76392.       124440.       263635.      1050978.  
2024      285         6       15            10690.        13487.        16825.        21120.        27221.        36644.        51741.        76994.       125084.       264074.      1050287.  
2024      285         6       20            10300.        13047.        16316.        20536.        26567.        35931.        50993.        76293.       124641.       264301.      1054064.  
2024      285         6       25             9935.        12640.        15862.        20041.        26048.        35389.        50403.        75658.       123989.       263533.      1052503.  
2024      285         6       30             9397.        12012.        15171.        19340.        25403.        34729.        49342.        73542.       119884.       255078.      1023140.  
2024      285         6       35             9037.        11581.        14661.        18736.        24681.        33859.        48290.        72259.       118336.       253200.      1019257.  
2024      285         6       40             9955.        12633.        15864.        20090.        26170.        35520.        50271.        74729.       121393.       257318.      1028320.  
2024      285         6       45             9613.        12265.        15450.        19594.        25539.        34756.        49559.        74515.       122527.       262160.      1053669.  
2024      285         6       50             9386.        12031.        15195.        19294.        25166.        34334.        49263.        74758.       124086.       266993.      1075466.  
2024      285         6       55             8778.        11328.        14404.        18435.        24249.        33288.        47883.        72783.       121205.       262383.      1062867.  
2024      285         7        0             9103.        11716.        14853.        18934.        24789.        33900.        48693.        74006.       123193.       266129.      1075981.  
2024      285         7        5             8992.        11594.        14778.        19006.        25120.        34392.        48750.        72568.       118671.       254578.      1029921.  
2024      285         7       10             9824.        12563.        15915.        20343.        26699.        36242.        50844.        74810.       120879.       256622.      1032868.  
2024      285         7       15            11152.        14060.        17661.        22431.        29248.        39269.        54053.        77583.       122336.       255157.      1018800.  
2024      285         7       20            10095.        12845.        16224.        20696.        27112.        36683.        51153.        74704.       120030.       254507.      1026000.  
2024      285         7       25             9994.        12692.        16045.        20519.        26981.        36554.        50755.        73565.       117684.       250425.      1016406.  
2024      285         7       30             9911.        12581.        15866.        20210.        26442.        35779.        49997.        73268.       118433.       253813.      1033837.  
2024      285         7       35             9760.        12364.        15606.        19924.        26140.        35392.        49292.        71821.       115837.       249869.      1026381.  
2024      285         7       40             9362.        11872.        15015.        19218.        25287.        34336.        47944.        70025.       113497.       247179.      1023551.  
2024      285         7       45             9216.        11675.        14722.        18747.        24510.        33237.        46803.        69368.       114054.       250942.      1044549.  
2024      285         7       50             9873.        12376.        15516.        19689.        25653.        34553.        48065.        70079.       113598.       248713.      1036602.  
2024      285         7       55             9512.        11961.        14997.        18968.        24594.        33162.        46699.        69415.       114512.       253144.      1057303.  
2024      285         8        0             9468.        11897.        14908.        18827.        24362.        32852.        46436.        69418.       115107.       255406.      1068796.  
2024      285         8        5             9220.        11597.        14582.        18514.        24105.        32618.        46032.        68440.       112988.       250996.      1053146.  
2024      285         8       10             9452.        11843.        14879.        18923.        24692.        33359.        46695.        68523.       111802.       247236.      1036942.  
2024      285         8       15             8869.        11184.        14144.        18129.        23862.        32463.        45582.        66927.       109464.       243588.      1026759.  
2024      285         8       20             8600.        10891.        13829.        17796.        23518.        32116.        45232.        66577.       109154.       243512.      1028170.  
2024      285         8       25             8698.        11009.        13952.        17888.        23537.        32095.        45378.        67290.       110924.       247473.      1043514.  
2024      285         8       30             8829.        11146.        14092.        18029.        23681.        32245.        45531.        67428.       111029.       247544.      1043976.  
2024      285         8       35             8730.        11039.        13966.        17876.        23499.        32043.        45345.        67339.       111175.       248228.      1047793.  
2024      285         8       40             8266.        10520.        13365.        17169.        22674.        31119.        44389.        66523.       110779.       248673.      1052368.  
2024      285         8       45             8284.        10553.        13401.        17203.        22719.        31218.        44634.        67073.       111831.       250566.      1058548.  
2024      285         8       50             8436.        10736.        13617.        17469.        23069.        31691.        45235.        67762.       112513.       250987.      1057805.  
2024      285         8       55             8758.        11108.        14058.        18018.        23781.        32585.        46224.        68611.       112839.       249933.      1049757.  
2024      285         9        0             9689.        12182.        15279.        19374.        25258.        34261.        48380.        71711.       117385.       257262.      1071386.  
2024      285         9        5            10018.        12570.        15724.        19864.        25780.        34861.        49221.        73078.       119649.       261438.      1085738.  
2024      285         9       10            10071.        12638.        15802.        19940.        25844.        34928.        49365.        73450.       120477.       263341.      1093469.  
2024      285         9       15             9920.        12469.        15617.        19739.        25623.        34674.        49063.        73087.       120072.       263040.      1094150.  
2024      285         9       20             9650.        12161.        15266.        19331.        25138.        34100.        48412.        72425.       119580.       263307.      1099221.  
2024      285         9       25             9651.        12171.        15267.        19295.        25035.        33968.        48423.        72923.       121071.       266969.      1113592.  
2024      285         9       30             9701.        12231.        15335.        19370.        25124.        34096.        48637.        73287.       121659.       267950.      1116561.  
2024      285         9       35            10461.        13104.        16320.        20468.        26355.        35534.        50439.        75650.       124809.       272659.      1130279.  
2024      285         9       40             9926.        12449.        15585.        19761.        25812.        35069.        49448.        72919.       118623.       259002.      1080271.  
2024      285         9       45            10130.        12637.        15816.        20147.        26529.        36092.        50201.        72176.       114783.       248452.      1037557.  
2024      285         9       50             9495.        11870.        14851.        18905.        24937.        34149.        48016.        69916.       112587.       246154.      1034653.  
2024      285         9       55             8759.        10997.        13800.        17622.        23402.        32339.        45799.        67007.       108575.       239743.      1017949.  
2024      285        10        0             8670.        10872.        13628.        17376.        23071.        31906.        45169.        65970.       106772.       236166.      1007263.  
2024      285        10        5             9549.        11806.        14634.        18456.        24197.        33047.        46367.        67290.       108203.       237709.      1009983.  
2024      285        10       10             9106.        11248.        13926.        17543.        22992.        31473.        44412.        64973.       105586.       234968.      1007658.  
2024      285        10       15             8696.        10741.        13297.        16749.        21966.        30141.        42729.        62937.       103311.       232919.      1008839.  
2024      285        10       20             8806.        10843.        13408.        16881.        22098.        30201.        42599.        62497.       102550.       232119.      1008942.  
2024      285        10       25             8268.        10196.        12633.        15945.        20930.        28702.        40676.        60103.        99845.       229857.      1010889.  
2024      285        10       30             8332.        10242.        12679.        16004.        20974.        28641.        40383.        59466.        98946.       229428.      1014497.  
2024      285        10       35             7237.         8994.        11238.        14316.        18977.        26254.        37486.        55970.        94983.       225633.      1015090.  
2024      285        10       40             6716.         8388.        10512.        13426.        17881.        24929.        35937.        54248.        93215.       224070.      1016200.  
2024      285        10       45             6391.         8017.        10076.        12893.        17236.        24164.        35009.        53103.        91815.       222370.      1016500.  
2024      285        10       50             6806.         8480.        10600.        13489.        17915.        24940.        35903.        54158.        93054.       223855.      1019849.  
2024      285        10       55             6472.         8091.        10130.        12903.        17186.        24059.        34887.        53048.        91907.       222711.      1019951.  
2024      285        11        0             6306.         7903.         9901.        12614.        16827.        23648.        34463.        52674.        91660.       222796.      1023656.  
2024      285        11        5             5955.         7493.         9404.        11992.        16050.        22714.        33398.        51534.        90499.       221641.      1023931.  
2024      285        11       10             6118.         7658.         9572.        12156.        16195.        22820.        33468.        51595.        90607.       222052.      1027503.  
2024      285        11       15             5846.         7330.         9170.        11654.        15556.        22010.        32469.        50411.        89285.       220789.      1028103.  
2024      285        11       20             5446.         6854.         8590.        10936.        14657.        20903.        31168.        48972.        87828.       219577.      1028576.  
2024      285        11       25             5253.         6624.         8308.        10584.        14216.        20365.        30557.        48331.        87245.       219403.      1032081.  
2024      285        11       30             5539.         6932.         8646.        10958.        14619.        20786.        31008.        48836.        87831.       220262.      1035153.  
2024      285        11       35             5490.         6852.         8527.        10787.        14368.        20428.        30549.        48317.        87359.       220235.      1038422.  
2024      285        11       40             4506.         5734.         7235.         9267.        12567.        18291.        27978.        45173.        83526.       215580.      1033145.  
2024      285        11       45             4296.         5486.         6938.         8908.        12122.        17729.        27260.        44260.        82414.       214371.      1032732.  
2024      285        11       50             4737.         5971.         7492.         9550.        12854.        18528.        28116.        45191.        83514.       216171.      1039575.  
2024      285        11       55             4483.         5670.         7136.         9124.        12332.        17871.        27278.        44137.        82294.       215133.      1041464.  
2024      285        12        0             4454.         5630.         7084.         9059.        12244.        17742.        27089.        43879.        81994.       214944.      1042381.  
2024      285        12        5             4393.         5559.         7004.         8966.        12134.        17606.        26907.        43635.        81718.       214875.      1044885.  
2024      285        12       10             4246.         5389.         6804.         8729.        11850.        17262.        26494.        43146.        81192.       214548.      1046994.  
2024      285        12       15             3812.         4889.         6215.         8029.        11012.        16268.        25323.        41783.        79673.       213065.      1047141.  
2024      285        12       20             3878.         4962.         6301.         8129.        11128.        16394.        25452.        41910.        79794.       213191.      1047325.  
2024      285        12       25             4185.         5333.         6769.         8739.        11919.        17372.        26565.        43087.        81051.       214853.      1050922.  
2024      285        12       30             4703.         5953.         7545.         9736.        13201.        18950.        28369.        45016.        83127.       217577.      1056524.  
2024      285        12       35             4898.         6199.         7870.        10180.        13805.        19722.        29263.        45967.        84183.       219296.      1062545.  
2024      285        12       40             4841.         6158.         7859.        10222.        13929.        19936.        29521.        46196.        84389.       219789.      1064877.  
2024      285        12       45             5028.         6403.         8191.        10681.        14565.        20770.        30507.        47246.        85484.       221264.      1069038.  
2024      285        12       50             5236.         6673.         8550.        11171.        15238.        21659.        31589.        48463.        86855.       223249.      1075477.  
2024      285        12       55             5420.         6916.         8877.        11621.        15864.        22491.        32599.        49581.        88048.       224732.      1078620.  
2024      285        13        0             5646.         7167.         9157.        11934.        16212.        22890.        33100.        50265.        88964.       225936.      1080974.  
2024      285        13        5             5630.         7135.         9097.        11826.        16039.        22657.        32856.        50082.        88886.       225994.      1083218.  
2024      285        13       10             5363.         6824.         8719.        11354.        15450.        21955.        32071.        49254.        88026.       225027.      1082972.  
2024      285        13       15             5469.         6952.         8876.        11551.        15702.        22275.        32464.        49718.        88568.       225772.      1085583.  
2024      285        13       20             5704.         7220.         9189.        11922.        16144.        22801.        33095.        50488.        89526.       227168.      1090085.  
2024      285        13       25             5743.         7263.         9236.        11973.        16200.        22869.        33196.        50651.        89786.       227676.      1092735.  
2024      285        13       30             6102.         7670.         9705.        12517.        16835.        23614.        34079.        51710.        91038.       229222.      1096643.  
2024      285        13       35             6275.         7860.         9914.        12748.        17087.        23897.        34430.        52183.        91675.       230143.      1099715.  
2024      285        13       40             6444.         8040.        10107.        12952.        17296.        24108.        34656.        52452.        92010.       230621.      1102136.  
2024      285        13       45             6874.         8511.        10637.        13552.        17969.        24847.        35467.        53357.        93028.       231846.      1104957.  
2024      285        13       50             6505.         8059.        10067.        12815.        17006.        23623.        34006.        51727.        91293.       230015.      1104323.  
2024      285        13       55             5810.         7242.         9080.        11593.        15478.        21743.        31772.        49174.        88466.       226862.      1101798.  
2024      285        14        0             5545.         6913.         8662.        11056.        14773.        20831.        30655.        47885.        87057.       225421.      1101144.  
2024      285        14        5             4973.         6252.         7885.        10126.        13649.        19470.        29011.        45922.        84803.       223033.      1100093.  
2024      285        14       10             5018.         6291.         7922.        10162.        13671.        19452.        28923.        45746.        84567.       222890.      1100962.  
2024      285        14       15             4837.         6073.         7658.         9838.        13263.        18934.        28276.        44964.        83680.       222034.      1101293.  
2024      285        14       20             4802.         6024.         7593.         9752.        13144.        18760.        28031.        44639.        83303.       221746.      1102343.  
2024      285        14       25             4647.         5846.         7386.         9509.        12854.        18407.        27587.        44081.        82642.       221101.      1102832.  
2024      285        14       30             4549.         5728.         7245.         9340.        12645.        18139.        27240.        43642.        82137.       220692.      1103720.  
2024      285        14       35             4425.         5574.         7051.         9090.        12318.        17714.        26712.        43017.        81426.       219861.      1102644.  
2024      285        14       40             4250.         5355.         6771.         8723.        11830.        17078.        25928.        42113.        80430.       218780.      1102133.  
2024      285        14       45             3892.         4936.         6265.         8100.        11055.        16131.        24804.        40818.        78963.       217050.      1100258.  
2024      285        14       50             3355.         4313.         5525.         7206.         9970.        14823.        23246.        38985.        76850.       214647.      1098550.  
2024      285        14       55             3990.         5028.         6353.         8176.        11099.        16113.        24707.        40653.        78772.       216975.      1102515.  
2024      285        15        0             3913.         4928.         6223.         8006.        10871.        15803.        24302.        40151.        78194.       216374.      1102534.  
2024      285        15        5             4014.         5033.         6336.         8128.        10993.        15909.        24376.        40197.        78234.       216485.      1103514.  
2024      285        15       10             3915.         4913.         6191.         7950.        10768.        15615.        23989.        39699.        77637.       215846.      1103190.  
2024      285        15       15             3691.         4645.         5867.         7555.        10273.        14982.        23182.        38692.        76449.       214549.      1102191.  
2024      285        15       20             3562.         4485.         5672.         7313.         9964.        14574.        22644.        38006.        75634.       213701.      1101862.  
2024      285        15       25             3536.         4443.         5609.         7226.         9834.        14374.        22357.        37630.        75204.       213342.      1102369.  
2024      285        15       30             3528.         4428.         5588.         7195.         9783.        14285.        22199.        37383.        74870.       212900.      1101614.  
2024      285        15       35             3508.         4400.         5552.         7146.         9715.        14182.        22047.        37173.        74612.       212613.      1101488.  
2024      285        15       40             3450.         4330.         5469.         7045.         9590.        14025.        21848.        36925.        74311.       212245.      1101193.  
2024      285        15       45             3513.         4402.         5552.         7144.         9705.        14156.        21991.        37078.        74476.       212418.      1101514.  
2024      285        15       50             3526.         4416.         5567.         7159.         9721.        14170.        22001.        37081.        74462.       212354.      1101314.  
2024      285        15       55             3490.         4375.         5520.         7105.         9656.        14094.        21910.        36971.        74325.       212142.      1100894.  
2024      285        16        0             3529.         4420.         5573.         7170.         9737.        14190.        22020.        37091.        74453.       212281.      1101015.  
2024      285        16        5             3532.         4423.         5578.         7175.         9743.        14193.        22014.        37067.        74402.       212159.      1100555.  
2024      285        16       10             3512.         4401.         5553.         7147.         9710.        14154.        21962.        36994.        74294.       211966.      1099934.  
2024      285        16       15             3484.         4370.         5518.         7109.         9668.        14105.        21898.        36901.        74153.       211699.      1098968.  
2024      285        16       20             3577.         4477.         5645.         7261.         9852.        14324.        22151.        37188.        74475.       212046.      1099139.  
2024      285        16       25             3548.         4448.         5616.         7233.         9827.        14310.        22153.        37198.        74457.       211888.      1098231.  
2024      285        16       30             3633.         4549.         5738.         7382.        10015.        14545.        22442.        37537.        74817.       212160.      1097662.  
2024      285        16       35             4349.         5359.         6676.         8488.        11323.        16081.        24234.        39627.        77238.       214997.      1101289.  
2024      285        16       40             4295.         5297.         6606.         8405.        11224.        15964.        24095.        39459.        77018.       214608.      1099844.  
2024      285        16       45             4195.         5184.         6474.         8249.        11039.        15745.        23835.        39143.        76618.       213966.      1097692.  
2024      285        16       50             4006.         4969.         6222.         7948.        10677.        15312.        23323.        38540.        75900.       213046.      1096010.  
2024      285        16       55             3846.         4779.         5994.         7670.        10330.        14875.        22775.        37865.        75080.       211957.      1093421.  
2024      285        17        0             3903.         4836.         6054.         7735.        10393.        14919.        22783.        37823.        74985.       211771.      1092355.  
2024      285        17        5             3825.         4740.         5936.         7589.        10204.        14666.        22441.        37371.        74408.       210956.      1089909.  
2024      285        17       10             3778.         4680.         5863.         7497.        10084.        14500.        22209.        37057.        74000.       210374.      1088060.  
2024      285        17       15             3365.         4204.         5301.         6822.         9265.        13505.        21009.        35621.        72290.       208194.      1083706.  
2024      285        17       20             3357.         4184.         5266.         6767.         9175.        13360.        20794.        35331.        71922.       207658.      1081855.  
2024      285        17       25             2920.         3678.         4666.         6046.         8297.        12291.        19503.        33784.        70068.       205257.      1076849.  
2024      285        17       30             2766.         3493.         4440.         5765.         7941.        11832.        18914.        33043.        69141.       203901.      1072615.  
2024      285        17       35             2491.         3170.         4052.         5294.         7359.        11112.        18034.        31982.        67872.       202268.      1069289.  
2024      285        17       40             2293.         2934.         3768.         4943.         6921.        10562.        17350.        31144.        66839.       200800.      1065105.  
2024      285        17       45             2267.         2901.         3723.         4885.         6842.        10453.        17203.        30950.        66556.       200164.      1061573.  
2024      285        17       50             2262.         2893.         3713.         4873.         6827.        10435.        17184.        30936.        66556.       200197.      1061511.  
2024      285        17       55             2388.         3040.         3888.         5084.         7082.        10739.        17538.        31327.        66923.       200209.      1057761.  
2024      285        18        0             2537.         3215.         4100.         5343.         7400.        11122.        17972.        31772.        67254.       199798.      1050330.  
2024      285        18        5             2562.         3248.         4145.         5404.         7483.        11229.        18097.        31890.        67309.       199531.      1046993.  
2024      285        18       10             2595.         3290.         4201.         5481.         7588.        11366.        18255.        32042.        67396.       199297.      1043610.  
2024      285        18       15             2684.         3394.         4327.         5637.         7782.        11598.        18519.        32332.        67731.       199812.      1044986.  
2024      285        18       20             2932.         3676.         4658.         6034.         8257.        12152.        19147.        33034.        68525.       200767.      1045928.  
2024      285        18       25             2779.         3502.         4459.         5804.         7988.        11831.        18747.        32513.        67819.       199595.      1041124.  
2024      285        18       30             3075.         3840.         4857.         6281.         8558.        12498.        19502.        33345.        68722.       200488.      1040352.  
2024      285        18       35             3051.         3812.         4828.         6248.         8521.        12445.        19409.        33178.        68425.       199729.      1035425.  
2024      285        18       40             3063.         3828.         4849.         6278.         8560.        12489.        19439.        33172.        68352.       199438.      1032915.  
2024      285        18       40             3063.         3828.         4849.         6278.         8560.        12489.        19439.        33172.        68352.       199438.      1032915.  
