2018 237  0 30    1.71   -4.76    1.50  -330.7   -19.9    -0.4   5.82    23384  1.28    32    -6  0  0  0.1192   1.24    1.73   -4.62    0.98 -0.0414  0.1881  -19.7
2018 237  0 40    3.37   -2.86    2.09  -320.5     7.9     7.4   8.21    29549  1.69    27    -6  0  0  0.1127   1.64    1.74   -4.66    1.10 -0.0388  0.1821  -19.6
2018 237  0 50    3.03   -3.19    2.16  -331.1   -12.9     4.0   6.58    28227  1.45    22    -4  0  0  0.1064   1.40    2.18   -4.02    1.61 -0.0254  0.1327  -19.5
2018 237  1  0    2.89   -0.31    3.33  -329.7    -8.1     5.5   7.23    29467  1.57    23    -4  0  0  0.1003   1.52    2.66   -3.02    2.15 -0.0138  0.0801  -19.0
2018 237  1 10    1.83   -4.73    1.17  -335.7   -20.1    -4.0   6.82    21432  1.54    18    -3  0  0  0.0943   1.49    2.78   -2.75    2.35 -0.0109  0.0654  -18.5
2018 237  1 20    2.25   -4.92    1.75  -338.6   -12.8    -5.9   5.80    14385  1.33    29    -3  0  0  0.0885   1.29    2.45   -3.49    1.97 -0.0225  0.1112  -18.5
2018 237  1 30    1.64   -5.34    1.04  -339.9   -12.3    -6.2   5.93    16651  1.37    24    -5  0  0  0.0828   1.33    2.06   -4.63    1.51 -0.0345  0.1660  -18.2
2018 237  1 40    1.90   -5.60    1.11  -339.1    -9.9    -7.7   4.91     9746  1.13    22    -5  0  0  0.0774   1.10    1.89   -5.20    1.28 -0.0418  0.1965  -18.2
2018 237  1 50    2.35   -5.41    1.04  -336.8    -8.3    -8.5   4.81     9417  1.09    22    -6  0  0  0.0722   1.06    1.83   -5.42    1.20 -0.0456  0.2100  -18.2
2018 237  2  0    2.16   -5.01    0.84  -335.1   -17.0   -11.8   5.88    15354  1.33    20    -6  0  0  0.0672   1.28    1.92   -5.48    0.97 -0.0515  0.2259  -18.4
2018 237  2 10    1.99   -5.12    0.19  -338.5   -15.4   -15.1   5.83    13020  1.34    37    -4  0  0  0.0624   1.30    2.01   -5.38    0.76 -0.0585  0.2349  -18.4
2018 237  2 20    2.16   -4.98   -0.47  -336.2   -15.7   -14.2   6.69    16431  1.52    39    -4  0  0  0.0579   1.47    2.00   -5.22    0.29 -0.0659  0.2612  -17.1
2018 237  2 30    2.54   -4.87    0.33  -334.7   -14.3    -7.1   6.43    15488  1.44    63     1  0  0  0.0536   1.40    2.07   -5.06   -0.01 -0.0726  0.2751  -17.2
2018 237  2 40    5.14   -3.30    4.00  -344.2   -18.5     7.2   9.45    20505  2.25    52    -1  0  0  0.0495   2.18    2.51   -4.80    0.23 -0.0659  0.2542  -17.4
2018 237  2 50    2.57   -6.92    1.04  -353.8    -8.5    -2.0   6.82    15981  1.72    46    -2  0 -1  0.0457   1.65    3.61   -4.34    1.71 -0.0433  0.1684  -18.6
2018 237  3  0    1.54   -8.08   -0.48  -368.5    -8.9   -19.7   6.64    18954  1.81    39    -2  0  0  0.0422   1.75    3.31   -5.39    1.71 -0.0724  0.2180  -18.7
2018 237  3 10    0.99   -7.54   -2.58  -363.1    -5.6   -25.7   7.54    17468  2.00    26    -1  0  0  0.0390   1.94    2.69   -6.56    0.99 -0.0982  0.3166  -18.6
2018 237  3 20    1.96   -7.69    0.48  -369.1    -6.4   -30.3   7.93    20527  2.18    67     0  0  0  0.0360   2.11    1.49   -7.82   -0.71 -0.1357  0.4595  -18.4
2018 237  3 30    1.69   -7.26    0.84  -371.9     8.3   -23.5   7.50    18486  2.08    68     0  0  0  0.0333   2.02    1.37   -7.66   -0.93 -0.1264  0.4716  -18.1
2018 237  3 40    3.42   -6.20    2.15  -378.0    -6.1   -41.0   7.52    26554  2.18    78     1  0  0  0.0309   2.11    1.99   -6.97    0.32 -0.0969  0.3700  -18.3
2018 237  3 50    1.81   -8.04    0.31  -373.4     4.6   -29.6   5.86    16853  1.64    64    -3  0  0  0.0288   1.59    2.54   -6.71    1.33 -0.0804  0.2953  -19.0
2018 237  4  0    5.19   -3.82    3.13  -378.6    -8.6   -38.5   7.56    32311  2.19    48    -1  0  0  0.0270   2.12    2.71   -6.57    1.37 -0.0723  0.2947  -19.4
2018 237  4 10    4.11   -5.63    2.31  -386.3    29.8   -43.0   8.23    35052  2.50    46     2  0  0  0.0255   2.42    3.44   -5.71    1.56 -0.0607  0.2545  -19.9
2018 237  4 20    3.63   -5.08    2.95  -384.5     9.2   -23.0   9.00    19996  2.67    68     1  0  0  0.0243   2.59    3.52   -5.32    1.68 -0.0521  0.2309  -19.6
2018 237  4 30    5.26   -2.12    4.27  -374.1    30.4   -15.4   8.96    18921  2.53    70     1  0 -1  0.0234   2.45    4.54   -4.03    3.16 -0.0169  0.0929  -20.4
2018 237  4 40    4.90   -2.24    4.30  -374.9    28.8   -16.2   8.84    19622  2.50    67    -2  0 -1  0.0228   2.43    4.37   -3.49    3.62 -0.0151  0.0759  -21.0
2018 237  4 50    5.11   -3.32    4.80  -371.7    34.4   -11.0   6.29    14799  1.75    72    -5  0  0  0.0225   1.70    4.88   -2.27    4.42 -0.0014  0.0188  -21.7
2018 237  5  0    5.44   -0.91    5.28  -379.0    43.9    -9.4   7.53    18772  2.19    85    -4  0 -1  0.0226   2.12    5.10   -1.77    4.86 -0.0001  0.0067  -21.4
2018 237  5 10    4.15   -3.47    5.36  -378.1    34.3   -13.1   6.72    16345  1.94    82    -3  0  0  0.0229   1.88    5.29   -1.74    5.00 -0.0001  0.0064  -20.4
2018 237  5 20    5.51   -2.18    5.05  -379.7    33.2   -12.6   6.72    16965  1.96    70    -1  0  0  0.0235   1.89    5.31   -1.91    5.15 -0.0001  0.0065  -19.3
2018 237  5 30    4.94   -1.93    5.75  -388.0    26.6    -0.8   6.94    14761  2.10    71     0  0  0  0.0245   2.03    5.21   -2.07    5.24 -0.0000  0.0061  -18.5
2018 237  5 40    5.83   -2.32    4.79  -376.3    31.8   -14.7   7.23    14659  2.07    67     0  0  0  0.0257   2.00    5.17   -2.17    5.29 -0.0000  0.0063  -18.1
2018 237  5 50    3.95   -1.96    6.82  -386.1    30.3    -4.4   7.16    15046  2.15    62     1  0  0  0.0273   2.08    5.14   -2.00    5.46 -0.0000  0.0046  -17.8
2018 237  6  0    4.49   -2.84    6.02  -381.1    25.8   -12.3   7.18    15733  2.10    66     0  0  0  0.0291   2.03    5.04   -2.09    5.65 -0.0000  0.0050  -17.5
2018 237  6 10    5.16   -2.49    6.08  -379.2    28.5   -10.4   7.37    14803  2.13    71     2  0  0  0.0313   2.07    4.74   -2.59    5.85 -0.0002  0.0101  -17.4
2018 237  6 20    5.46   -1.64    5.74  -383.2    27.9    -4.7   7.01    18180  2.07    65     1  0 -1  0.0337   2.00    4.72   -2.71    5.99 -0.0002  0.0105  -17.0
2018 237  6 30    4.70   -1.73    5.97  -375.7    34.2    -2.9   6.88    15614  1.96    65     1  0 -1  0.0365   1.90    4.81   -2.55    5.93 -0.0001  0.0096  -16.6
2018 237  6 40    5.02   -1.83    5.82  -371.6    34.0    -8.1   6.73    15130  1.88    61     2  0 -1  0.0395   1.82    5.32   -1.62    5.57 -0.0000  0.0035  -16.6
2018 237  6 50    4.68   -2.77    5.56  -381.4    23.0     2.4   7.31    19052  2.13    64     1  0 -1  0.0427   2.07    5.39   -1.60    5.35 -0.0000  0.0040  -15.7
2018 237  7  0    3.74   -3.58    5.57  -383.7    11.9    -5.1   6.34    12171  1.87    53     5  0  0  0.0463   1.81    5.09   -2.01    5.28 -0.0001  0.0082  -15.0
2018 237  7 10    2.91   -4.17    5.54  -394.2     7.1    -4.9   6.64    15391  2.06    53     5  0  0  0.0501   2.00    4.11   -3.32    5.41 -0.0009  0.0249  -14.3
2018 237  7 20    2.55   -5.39    4.52  -395.0     0.5    -8.6   6.46    13504  2.02    64     4  0  0  0.0542   1.95    3.39   -4.22    5.19 -0.0023  0.0458  -14.4
2018 237  7 30    3.59   -4.47    4.80  -388.3     2.0   -11.6   6.34    14460  1.91    59     6  0  0  0.0585   1.85    3.22   -4.56    4.96 -0.0030  0.0563  -14.5
2018 237  7 40    2.06   -4.43    5.45  -402.5     0.7    -1.4   7.76    18179  2.52    56     7  0  0  0.0631   2.44    3.02   -4.53    4.99 -0.0029  0.0547  -14.0
2018 237  7 50   -0.61   -5.43    5.46  -419.0     7.9   -17.6   7.38    16334  2.60    63     9  0 -1  0.0679   2.51    2.32   -4.33    5.30 -0.0020  0.0454  -14.6
2018 237  8  0   -1.79   -5.23    2.04  -413.6     0.6     2.1   9.55    23154  3.28    48     8  0 -1  0.0729   3.16    1.20   -4.17    5.49 -0.0034  0.0493  -14.9
2018 237  8 10    3.07   -2.30    5.65  -416.0    -4.1    -2.0  11.50    29389  3.98    55    13  0  0  0.0781   3.86    0.19   -4.48    4.82 -0.0170  0.0885  -16.4
2018 237  8 20   -3.44   -3.04    1.23  -433.1     8.7   -16.8  19.15    38971  7.20    60    16  0  0  0.0835   6.97   -0.65   -4.23    3.54 -0.0368  0.1371  -15.9
2018 237  8 30   -3.57   -4.18    0.83  -433.8    -2.7    -8.7  20.06    28404  7.55    66    27  0 -1  0.0892   7.32   -1.91   -4.21    2.03 -0.0673  0.1889  -14.6
2018 237  8 40   -3.36   -4.97    3.09  -428.4     4.8    -3.8  18.38    33314  6.75    78    23  0  0  0.0950   6.54   -2.89   -3.78    1.61 -0.0775  0.1908  -13.5
2018 237  8 50   -1.14   -4.65    7.38  -420.6     7.4     4.8   9.64    17444  3.41    81    11  0  0  0.1010   3.30   -2.93   -4.14    3.21 -0.0583  0.1426  -13.3
2018 237  9  0   -1.84   -4.24    7.07  -413.9     7.8     5.1   9.68    18570  3.32    92    13  0 -1  0.1071   3.21   -1.96   -4.24    5.50 -0.0258  0.0765  -14.9
2018 237  9 10   -3.47   -3.52    7.01  -420.5     6.6     4.9  10.78    20931  3.81    55    11  0  0  0.1134   3.69   -1.83   -4.17    7.09 -0.0014  0.0264  -15.3
2018 237  9 20   -2.97   -3.19    7.15  -418.0     8.2     3.9  11.56    24234  4.04    50    13  0 -1  0.1198   3.91   -2.23   -3.73    7.28 -0.0002  0.0162  -16.3
2018 237  9 30   -2.52   -2.29    7.62  -418.2     9.5     4.3  11.06    21571  3.87    63    11  0 -1  0.1264   3.75   -3.06   -3.31    7.10 -0.0002  0.0127  -16.0
2018 237  9 40   -1.23   -3.31    7.93  -411.7     8.5     9.7   9.25    16035  3.14    60    10  0  0  0.1331   3.04   -2.66   -2.94    7.40 -0.0001  0.0079  -15.6
2018 237  9 50   -1.08   -4.35    6.47  -408.6     2.6     3.0  12.16    22141  4.06    55    13  0  0  0.1399   3.93   -2.10   -2.96    7.37 -0.0002  0.0099  -14.6
2018 237 10  0   -1.09   -4.15    6.99  -405.5     5.3     3.9  11.69    21497  3.84    47    15  0  0  0.1467   3.72   -1.44   -3.50    7.11 -0.0005  0.0182  -14.1
2018 237 10 10   -1.28   -3.60    7.45  -409.8     5.0     5.1  11.21    19558  3.77    61    14  0  0  0.1537   3.65   -1.26   -3.94    6.92 -0.0007  0.0231  -13.8
2018 237 10 20   -1.20   -2.46    7.65  -404.3    10.9    -0.2  13.04    22577  4.27    53    16  0 -1  0.1607   4.13   -1.26   -3.87    6.97 -0.0005  0.0207  -12.9
2018 237 10 30   -1.35   -1.64    7.57  -404.6    11.1     4.2  11.69    26376  3.83    51    18  0  0  0.1678   3.71   -1.29   -3.19    7.31 -0.0002  0.0114  -11.9
2018 237 10 40   -2.19   -0.56    6.95  -408.1    14.3    -4.6  12.26    35898  4.09    61    20  0  0  0.1749   3.96   -1.47   -2.02    7.31 -0.0000  0.0047  -11.0
2018 237 10 50   -0.45   -2.39    6.71  -408.2    10.7     0.5  13.75    36665  4.58    70    21  0 -1  0.1820   4.44   -1.53   -1.57    7.21 -0.0000  0.0021  -11.7
2018 237 11  0    0.83   -2.49    4.24  -407.3     8.6     5.8  17.92    29779  5.95    73    23  0  0  0.1892   5.76   -1.35   -1.41    6.54 -0.0000  0.0025  -12.8
2018 237 11 10    0.58   -1.76    5.48  -401.8    10.7     4.5  16.00    37054  5.17    63    19  0  0  0.1963   5.01   -0.68   -2.14    5.78 -0.0001  0.0074  -15.8
2018 237 11 20    1.01   -2.57    5.60  -394.3    14.4     9.2  15.25    26993  4.75    76    10  0  0  0.2034   4.60    0.05   -2.33    5.24 -0.0002  0.0096  -19.6
2018 237 11 30    2.00   -1.92    4.34  -398.8     4.6     5.6  17.33    46696  5.51   178     7 -1 -1  0.2105   5.34    0.43   -2.71    4.88 -0.0021  0.0218  -21.9
2018 237 11 40    0.43   -3.03    4.76  -397.6     6.9    11.6  17.01    54171  5.39    46    12  0 -1  0.2176   5.21    1.13   -2.41    4.69 -0.0020  0.0189  -19.7
2018 237 11 50    4.72   -1.37    6.52  -393.7    13.2     1.9  12.60    28594  3.91    52    15  0  0  0.2246   3.79    1.66   -2.29    4.75 -0.0020  0.0180  -16.4
2018 237 12  0    3.04   -3.41    6.69  -400.6     2.6     5.7  12.14    28542  3.90    48    12  0 -1  0.2316   3.77    3.01   -1.72    5.38 -0.0001  0.0047  -14.3
2018 237 12 10    4.08   -3.35    7.79  -405.1     5.0    -0.1   9.59    16917  3.15    50    11  0 -1  0.2384   3.05    3.44   -2.25    6.44 -0.0001  0.0063  -15.0
2018 237 12 20    4.19   -4.41    6.49  -404.2     4.2     4.4  10.49    26330  3.43    54     8  0  0  0.2452   3.32    4.12   -2.75    7.13 -0.0001  0.0082  -13.2
2018 237 12 30    2.34   -5.67    6.58  -402.1     3.8     4.4  10.50    28340  3.40    78    19  0 -1  0.2519   3.29    3.64   -4.08    7.25 -0.0008  0.0234  -11.7
2018 237 12 40    2.85   -6.43    6.27  -402.6     0.5     1.5   9.86    28175  3.20    67    19  0  0  0.2584   3.10    3.41   -4.84    6.92 -0.0018  0.0395  -11.9
2018 237 12 50    1.44   -4.64    5.54  -400.3    -5.7     3.9  14.48    47226  4.64    69    13  0 -1  0.2648   4.50    2.66   -5.34    6.53 -0.0026  0.0507  -12.8
2018 237 13  0    1.66   -5.11    6.18  -404.0    -3.0     2.2  13.05    37283  4.26    50    19  0 -1  0.2711   4.13    2.24   -5.24    6.21 -0.0031  0.0529  -14.8
2018 237 13 10    2.41   -4.53    4.84  -403.0    -8.9     2.0  18.75    37924  6.09    54    20  0 -1  0.2772   5.90    1.94   -4.98    5.88 -0.0034  0.0523  -15.3
2018 237 13 20    2.07   -3.96    5.63  -401.5    -6.3     3.6  19.76    39054  6.37    60    20  0  0  0.2832   6.17    2.18   -4.64    5.35 -0.0035  0.0515  -16.6
2018 237 13 30    5.17   -2.55    8.76  -415.6   -13.5     5.1  13.83    16873  4.78    67    13  0  0  0.2889   4.63    3.18   -3.59    5.84 -0.0025  0.0372  -16.4
2018 237 13 40    5.64    0.50    8.81  -407.3     9.5    -2.1   8.26    23394  2.74    63     7  0 -1  0.2945   2.66    4.57   -2.01    6.91 -0.0011  0.0184  -14.7
2018 237 13 50   -2.11   -7.78    6.98  -446.8   -19.7   -33.9   5.90    23204  2.37    45    10  0  0  0.2999   2.30    4.32   -1.93    8.04 -0.0011  0.0180  -14.0
2018 237 14  0   -2.16   -7.53    7.36  -441.4   -16.4   -29.3   6.65    22982  2.61    42     8  0  0  0.3050   2.52    2.02   -3.95    7.99 -0.0046  0.0557  -13.4
2018 237 14 10   -2.64   -8.86    6.27  -447.4   -20.0   -48.5   5.38    29705  2.18    46     8  0  0  0.3099   2.11   -0.73   -6.57    7.46 -0.0085  0.0979  -13.7
2018 237 14 20   -4.25   -9.27    4.58  -443.6   -18.5   -42.7   7.07    27492  2.81    47    10  0  0  0.3146   2.72   -2.40   -8.27    6.64 -0.0215  0.1557  -13.9
2018 237 14 30   -4.78   -9.07    4.69  -441.3   -23.7   -38.1   8.09    34040  3.18    44    10  0  0  0.3190   3.08   -3.21   -8.69    5.84 -0.0381  0.2027  -14.3
2018 237 14 40   -4.71   -9.53    4.31  -441.2   -22.5   -37.5   8.00    32172  3.15    52    10  0  0  0.3232   3.05   -4.12   -9.05    5.07 -0.0532  0.2443  -14.4
2018 237 14 50   -4.38  -10.42    3.64  -437.8   -16.6   -31.7   8.36    30901  3.23    53    10  0  0  0.3271   3.12   -4.68   -9.39    4.51 -0.0708  0.2804  -14.4
2018 237 15  0   -5.41  -10.02    4.13  -439.1   -22.5   -42.0   7.27    38848  2.84    46     9  0  0  0.3307   2.75   -4.93   -9.74    4.21 -0.0870  0.3100  -14.0
2018 237 15 10   -8.00   -9.75    0.14  -436.6   -16.4   -31.7   6.75    40553  2.59    49     9  0  0  0.3341   2.51   -5.24  -10.12    3.80 -0.1090  0.3490  -14.0
2018 237 15 20   -7.45  -10.34    1.29  -435.3   -20.2    -9.4   7.25    44695  2.76    42     8  0  0  0.3371   2.67   -6.18  -10.20    2.84 -0.1625  0.4147  -14.2
2018 237 15 30   -7.52  -10.60   -0.66  -435.2   -34.2   -26.5   6.17    44954  2.36    33     7  0  0  0.3399   2.29   -6.96  -10.25    1.55 -0.2206  0.5098  -15.3
2018 237 15 40   -7.74  -10.22   -0.99  -433.7   -27.0   -25.8   8.47    44301  3.21    32     8  0  0  0.3423   3.11   -7.51  -10.32   -0.06 -0.2717  0.6278  -15.6
2018 237 15 50   -8.30  -10.22   -0.99  -433.1   -16.8   -18.6   6.56    44886  2.47    58     6  0 -1  0.3445   2.39   -7.81  -10.29   -0.73 -0.2872  0.6781  -16.7
2018 237 16  0   -9.30   -9.06   -3.17  -423.9   -31.7    -7.5  10.42    31450  3.77    92     5  0  0  0.3463   3.65   -8.18  -10.07   -1.55 -0.2418  0.7292  -17.1
2018 237 16 10   -9.55   -8.66   -3.92  -422.0   -29.8     6.4   8.20    45820  2.94    43     6  0  0  0.3478   2.84   -8.85   -9.52   -2.23 -0.1830  0.7568  -18.0
2018 237 16 20   -9.03   -7.82   -4.97  -419.3   -46.9    11.9   6.91    55252  2.46    96     5  0  0  0.3490   2.38   -9.21   -8.94   -3.37 -0.1021  0.8125  -17.1
2018 237 16 30  -10.33   -6.28   -4.81  -417.7   -39.6     4.6   6.64    57978  2.34   120     5  0  0  0.3499   2.26   -9.61   -7.80   -4.26 -0.0592  0.8204  -16.2
2018 237 16 40   -9.17   -8.85   -3.02  -421.9   -18.6   -17.9   6.02    63801  2.15   193     4  0  0  0.3504   2.08   -9.82   -7.27   -4.50 -0.0372  0.8145  -15.6
2018 237 16 50  -10.14   -6.31   -5.43  -420.1   -20.4    -0.2   7.14    55168  2.53   256     4  0  0  0.3506   2.45   -9.99   -7.09   -4.37 -0.0321  0.7974  -15.8
2018 237 17  0   -9.99   -8.16   -2.91  -413.3   -20.0    -8.3   6.38    56745  2.19   189     4  0  0  0.3505   2.12  -10.05   -7.40   -4.06 -0.0373  0.7938  -15.9
2018 237 17 10   -9.90   -7.10   -5.20  -417.3   -21.4   -11.5   6.24    67898  2.18   200     4  0  0  0.3500   2.11  -10.02   -7.57   -3.95 -0.0431  0.7897  -15.9
2018 237 17 20   -9.64   -6.53   -6.83  -416.0   -22.3     1.7   6.29    55752  2.19   234     4  0 -1  0.3493   2.11   -9.85   -7.08   -5.00 -0.0302  0.8216  -15.8
2018 237 17 30   -9.34   -3.36   -9.33  -418.7   -24.7     4.6   5.64    49176  1.98   307     5  0  0  0.3482   1.92   -9.61   -6.68   -6.13 -0.0195  0.8477  -16.7
2018 237 17 40   -9.56   -4.27   -8.26  -415.6   -27.6    -3.7   6.90    54132  2.40   271     1  0  0  0.3467   2.32   -9.52   -5.15   -7.77 -0.0023  0.8032  -18.0
2018 237 17 50   -9.63   -3.24   -8.72  -408.4   -24.9     4.0   5.91    38029  1.98   396    -2  0  0  0.3450   1.92   -9.59   -4.36   -8.23 -0.0008  0.7456  -20.0
2018 237 18  0   -9.47   -2.56   -9.10  -412.8   -41.8    14.7   6.44    45388  2.22   371    -4  0  0  0.3429   2.15   -9.68   -3.31   -8.61 -0.0001  0.6495  -22.2
2018 237 18 10   -9.53   -2.63   -9.07  -415.3   -26.7     7.1   5.91    40653  2.05   416    -8  0  0  0.3406   1.98   -9.65   -3.52   -8.53 -0.0001  0.6652  -24.6
2018 237 18 20   -9.58   -2.95   -9.11  -413.3   -25.6    12.7   5.70    36315  1.96   398   -11  0  0  0.3379   1.89   -9.57   -3.17   -8.80 -0.0001  0.6268  -27.3
2018 237 18 30   -9.61   -4.01   -8.61  -413.6   -11.4     0.7   6.87    43778  2.35   502   -13  0  0  0.3349   2.28   -9.51   -3.51   -8.82 -0.0001  0.6655  -29.3
2018 237 18 40   -8.93   -4.13   -9.79  -418.0   -20.9     3.8   6.01    44530  2.11   556   -14  0  0  0.3317   2.04   -9.47   -3.62   -8.99 -0.0002  0.6830  -31.5
2018 237 18 50   -9.84   -3.82   -8.85  -411.1   -21.1    -2.1   5.52    32958  1.87   528   -19  0  0  0.3281   1.81   -9.49   -4.16   -8.96 -0.0002  0.7439  -33.5
2018 237 19  0  -10.32   -3.77   -8.49  -409.2   -26.2    -9.1   6.00    37952  2.02   598   -23  0  0  0.3243   1.95   -9.71   -4.14   -8.87 -0.0002  0.7416  -36.5
2018 237 19 10  -10.39   -4.74   -7.88  -409.4   -16.7    -2.8   8.20    54450  2.75   619   -25  0  0  0.3201   2.67   -9.95   -4.16   -8.68 -0.0002  0.7382  -38.8
2018 237 19 20  -10.71   -4.33   -8.00  -409.7   -10.8    -3.6   6.29    40741  2.11   588   -28  0  0  0.3158   2.05  -10.29   -4.27   -8.23 -0.0004  0.7374  -40.9
2018 237 19 30   -8.94   -6.46   -8.70  -417.2   -16.0     0.7   7.16    51846  2.50   727   -29  0  0  0.3111   2.42  -10.51   -4.45   -7.96 -0.0005  0.7472  -42.6
2018 237 19 40   -9.52   -5.85   -8.54  -418.0    -5.8     0.3   7.80    53690  2.73   682   -31  0  0  0.3063   2.64  -10.23   -4.83   -8.13 -0.0007  0.7902  -43.5
2018 237 19 50   -9.86   -2.28   -9.75  -408.4   -27.0    -7.7   7.10    38164  2.38   507   -30  0  0  0.3012   2.30  -10.16   -4.74   -8.28 -0.0006  0.7824  -44.7
2018 237 20  0  -10.02   -2.45   -9.85  -404.6   -13.6    -6.8   7.45    35217  2.44   573   -32  0  0  0.2958   2.37   -9.99   -4.59   -8.66 -0.0005  0.7715  -44.8
2018 237 20 10   -7.43   -1.17  -12.08  -424.1   -33.4    21.1   7.69    41066  2.79   628   -30  0  0  0.2903   2.70   -9.73   -3.38   -9.35 -0.0003  0.6189  -45.6
2018 237 20 20   -7.75   -0.30  -12.25  -421.1   -25.3     9.4   6.52    36197  2.32   666   -33  0  0  0.2846   2.25   -9.19   -2.61  -10.30 -0.0001  0.5365  -46.4
2018 237 20 30  -10.51   -4.03   -9.41  -403.4   -29.2    -3.8   6.75    35528  2.21   692   -36  0  0  0.2786   2.14   -9.24   -2.39  -10.35 -0.0001  0.4998  -48.0
2018 237 20 40   -8.40   -3.93  -11.78  -413.0   -21.1    13.0   7.66    34765  2.62   580   -38  0  0  0.2725   2.54  -10.00   -3.10   -9.72 -0.0002  0.5963  -48.5
2018 237 20 50   -9.80   -3.69  -10.98  -412.0   -17.5    16.0   7.08    29469  2.41   726   -35  0  0  0.2663   2.34  -10.22   -3.47   -9.83 -0.0002  0.6485  -47.3
2018 237 21  0  -12.39   -4.34   -7.76  -402.8   -21.4     2.9   8.38    54959  2.73   979   -28  0  0  0.2599   2.64  -10.58   -3.83   -9.62 -0.0003  0.6974  -44.9
2018 237 21 10  -11.27   -2.32  -10.12  -413.4   -20.6    28.6   6.88    33260  2.37   975   -30  0 -1  0.2533   2.29  -10.94   -3.75   -9.48 -0.0003  0.6877  -42.6
2018 237 21 20  -12.66   -2.99   -7.63  -402.2   -21.1     5.0   6.17    28840  2.01   890   -27  0  0  0.2466   1.94  -11.59   -3.45   -8.95 -0.0003  0.6449  -41.3
2018 237 21 30  -11.29   -2.94  -10.05  -400.7   -17.7     6.2   6.41    35386  2.06   854   -28  0 -1  0.2398   2.00  -11.98   -2.78   -8.87 -0.0001  0.5607  -41.4
2018 237 21 40  -11.64   -2.16  -10.06  -398.4   -13.3     4.5   7.12    33269  2.26   849   -31  0  0  0.2329   2.19  -11.83   -2.45   -9.27 -0.0000  0.5213  -43.4
2018 237 21 50  -11.89   -2.59   -9.79  -397.0   -17.5     3.1   7.27    34790  2.30   772   -34  0  0  0.2259   2.22  -11.99   -2.36   -9.34 -0.0000  0.5009  -45.2
2018 237 22  0  -12.28   -2.55   -9.59  -397.6   -18.4     1.4   7.47    30628  2.37   692   -33  0 -1  0.2189   2.29  -11.79   -2.36   -9.89 -0.0000  0.5079  -46.1
2018 237 22 10  -11.51   -2.13  -10.55  -401.1   -24.8     3.7   7.88    30140  2.54   657   -32  0  0  0.2117   2.47  -11.83   -2.22  -10.04 -0.0000  0.4889  -46.1
2018 237 22 20  -10.85   -1.02  -11.43  -406.3   -16.4     4.4   9.26    36582  3.06   731   -31  0  0  0.2046   2.97  -11.70   -2.19  -10.34 -0.0000  0.4880  -47.0
2018 237 22 30   -6.17    4.53  -13.58  -427.3   -40.4     3.7  11.32    46833  4.17   887   -31  0  0  0.1974   4.04  -11.12   -1.66  -10.88  0.0000  0.4691  -47.9
2018 237 22 40   -7.06    5.31  -12.84  -419.0   -37.0     0.3  13.44    62146  4.76   854   -29  0  0  0.1901   4.61   -9.46    0.62  -11.83  0.0001  0.5787  -49.5
2018 237 22 50   -8.40    3.24  -12.59  -414.6   -34.6     1.7  11.13    38726  3.85  1236   -34  0  0  0.1829   3.73   -8.02    2.99  -12.48  0.0001  0.7156  -52.1
2018 237 23  0   -8.60    4.21  -11.81  -414.9   -37.1     2.8  11.34    42743  3.93   985   -38  0  0  0.1757   3.81   -7.43    4.53  -12.70  0.0001  0.8112  -54.8
2018 237 23 10  -10.86    2.49  -10.31  -405.2   -31.1    -3.5  10.86    43622  3.59  1022   -41  0  0  0.1685   3.47   -7.81    4.55  -12.30  0.0001  0.8168  -57.5
2018 237 23 20  -12.77    0.97   -8.76  -404.4   -28.2    -4.5  10.33    41961  3.40   928   -45  0  0  0.1613   3.29   -9.57    3.53  -11.02  0.0000  0.6798  -59.0
2018 237 23 30  -11.25    2.15  -10.45  -401.7   -30.3    -4.9  11.21    45756  3.64  1092   -46  0  0  0.1542   3.52  -10.77    2.85  -10.16  0.0000  0.5791  -61.3
2018 237 23 40  -12.56    0.41   -9.25  -405.6   -38.7    -3.6  10.28    42550  3.41  1187   -51  0  0  0.1471   3.31  -11.98    1.83   -9.58  0.0000  0.4351  -63.6
2018 237 23 50  -11.28    2.68  -10.57  -398.0   -28.7    -2.0  10.55    47047  3.36   832   -54  0 -1  0.1401   3.25  -11.94    1.43   -9.87  0.0000  0.3629  -65.6
2018 238  0  0  -12.51    0.79   -9.42  -393.1   -14.8   -14.6  10.27    41908  3.18   856   -55  0  0  0.1332   3.08  -11.93    1.36  -10.01  0.0000  0.3476  -68.0
2018 238  0 10   -9.28    2.73  -11.98  -414.1   -41.1    14.1  13.44    47081  4.66   822   -57  0  0  0.1264   4.51  -11.79    0.87  -10.14  0.0000  0.3254  -70.0
2018 238  0 20   -9.88    1.49  -11.95  -408.0   -26.6     5.3  12.23    49487  4.09   925   -59  0  0  0.1196   3.96  -11.02    1.45  -10.72  0.0000  0.4260  -72.7
2018 238  0 30  -10.40    1.45  -11.73  -401.6   -24.9    -0.1  11.86    48571  3.84   905   -63  0  0  0.1131   3.72  -10.36    1.59  -11.35  0.0000  0.4540  -74.3
2018 238  0 40  -10.84    2.40  -11.34  -403.9   -24.0     0.4  10.71    36736  3.50  1014   -64  0 -1  0.1066   3.40  -10.19    1.96  -11.69  0.0000  0.4601  -76.2
2018 238  0 50   -9.83    2.67  -12.55  -409.4   -24.1     4.3  12.29    41541  4.13   814   -66  0  0  0.1003   4.00  -10.20    1.52  -11.93  0.0000  0.3975  -77.5
2018 238  1  0   -9.20    2.81  -13.06  -410.4   -30.2     3.8  11.92    36731  4.04   847   -67  0  0  0.0941   3.91  -10.15    1.52  -12.28  0.0000  0.3982  -80.0
2018 238  1 10   -8.50    2.90  -13.69  -415.8   -27.8     6.6  12.73    40835  4.42   935   -71  0  0  0.0881   4.28   -9.38    1.86  -12.96  0.0000  0.4612  -82.7
2018 238  1 20   -9.91    3.67  -12.36  -413.5   -37.1     3.7  12.98    45593  4.47   981   -74  0  0  0.0823   4.33   -9.05    2.58  -13.26  0.0000  0.5643  -86.3
2018 238  1 30  -10.50    3.49  -12.41  -403.5   -34.0    -0.2  11.21    38237  3.68  1028   -81  0  0  0.0767   3.56   -8.98    3.26  -13.10  0.0000  0.6488  -88.4
2018 238  1 40  -12.14    1.68  -11.62  -395.9   -26.1     0.7  11.05    40396  3.48  1078   -82  0  0  0.0713   3.37   -9.85    3.70  -12.56  0.0000  0.6930  -90.7
2018 238  1 50  -12.94   -0.09  -10.86  -392.6   -23.4   -10.7  10.55    34545  3.27  1016   -87  0  0  0.0661   3.16  -10.96    2.86  -11.99  0.0000  0.5507  -92.0
2018 238  2  0  -12.36    1.41  -11.58  -395.2   -22.1     5.7  10.44    40400  3.27   788   -88  0  0  0.0611   3.17  -12.04    1.25  -11.53  0.0000  0.4034  -93.5
2018 238  2 10   -8.20    6.22  -14.26  -404.6   -26.7     0.7  11.93    24548  3.93   886   -87  0  0  0.0563   3.80  -12.34    0.56  -11.63  0.0000  0.3038  -95.4
2018 238  2 20   -7.66    7.26  -14.45  -401.4   -25.5     4.6  11.58    24597  3.75  1319   -91  0  0  0.0518   3.63  -11.02    2.37  -12.57  0.0001  0.5396  -98.5
2018 238  2 30   -7.43    5.10  -15.46  -399.1   -23.9     3.9  12.55    25549  4.01  1078   -96  0  0  0.0475   3.89   -8.84    5.29  -13.79  0.0004  0.8136 -103.3
2018 238  2 40   -9.53    6.24  -13.77  -398.4   -23.3     2.9  13.74    23872  4.38   898  -104  0 -1  0.0434   4.24   -7.80    6.69  -14.45  0.0004  0.9925 -107.3
2018 238  2 50   -8.44    7.48  -14.13  -402.3   -24.7     5.6  13.15    19271  4.27   804  -104  0  0  0.0396   4.14   -8.08    6.82  -14.30  0.0004  0.9969 -111.5
2018 238  3  0   -8.45    8.87  -13.29  -405.2   -40.6    -4.3  11.99    14799  3.98   860  -111  0  0  0.0361   3.85   -8.73    7.13  -13.86  0.0008  1.0061 -114.8
2018 238  3 10   -7.83    6.47  -15.06  -401.5   -24.6     7.1  13.15    18370  4.26  1601  -115  0  0  0.0329   4.12   -8.71    7.45  -13.83  0.0010  1.0313 -119.1
2018 238  3 20   -6.75    7.55  -15.13  -408.0   -27.3     6.5  15.28    15799  5.11   727  -118  0  0  0.0299   4.95   -8.04    7.81  -14.14  0.0010  1.0711 -123.3
2018 238  3 30   -7.30    7.65  -14.71  -405.7   -29.5     4.2  15.71    15897  5.20   686  -123  0  0  0.0272   5.04   -7.72    7.14  -14.74  0.0004  1.0338 -127.1
2018 238  3 40   -7.83    6.64  -14.89  -402.2   -29.0     2.3  15.45    16812  5.02   859  -127  0  0  0.0248   4.87   -7.44    7.17  -14.88  0.0004  1.0407 -131.6
2018 238  3 50   -7.63    7.79  -14.40  -401.7   -27.8     1.9  14.83    20084  4.81  1133  -137  0 -1  0.0227   4.66   -7.56    7.22  -14.76  0.0004  1.0395 -136.8
2018 238  4  0   -7.33    7.30  -13.99  -402.2   -22.0    -0.8  19.41    20841  6.30   841  -140  0  0  0.0209   6.10   -7.68    7.52  -14.47  0.0006  1.0553 -142.9
2018 238  4 10   -7.52    6.03  -14.24  -396.1   -12.9     4.0  21.34    27784  6.71   556  -145  0  0  0.0194   6.49   -7.79    7.49  -14.22  0.0006  1.0449 -147.8
2018 238  4 20   -6.67    5.07  -15.87  -400.3   -10.5     3.1  20.12    19799  6.45   708  -151  0  0  0.0182   6.25   -7.83    6.77  -14.26  0.0005  0.9757 -150.9
2018 238  4 30   -7.25    7.58  -14.29  -400.1   -23.0     5.5  17.58    17356  5.65   805  -152  0  0  0.0174   5.47   -7.48    6.26  -14.55  0.0003  0.9335 -154.1
2018 238  4 40   -4.99    4.84  -15.26  -407.4   -14.7     2.8  25.11    23093  8.35  1149  -156  0  0  0.0168   8.08   -7.22    6.42  -14.63  0.0004  0.9463 -157.5
2018 238  4 50   -4.77    6.73  -15.35  -400.8    -9.0     4.0  26.19    28726  8.42   971  -157  0  0  0.0165   8.15   -6.84    6.37  -14.78  0.0003  0.9499 -160.5
2018 238  5  0   -5.02    6.78  -15.33  -403.6    -9.7     4.2  21.61    22847  7.05  1527  -160  0  0  0.0165   6.82   -6.19    6.39  -14.90  0.0002  0.9574 -162.1
2018 238  5 10   -7.93    7.85  -14.68  -417.0   -12.3    19.8  16.68    17137  5.82   855  -164  0  0  0.0169   5.64   -5.14    6.47  -15.36  0.0002  0.9870 -165.2
2018 238  5 20   -4.72    9.01  -15.64  -390.8   -12.2    -2.7  18.43    18870  5.64   929  -177  0 -1  0.0175   5.46   -5.91    7.25  -15.10  0.0004  1.0475 -169.3
2018 238  5 30    2.22    9.59  -14.58  -391.7   -10.0     2.1  24.19    22699  7.43   766  -174  0  0  0.0185   7.19   -4.05    8.23  -14.97  0.0009  1.1055 -174.4
2018 238  5 40    2.42    9.76  -14.35  -390.7   -10.3     3.2  24.48    23911  7.48  1198  -180  0 -1  0.0197   7.24   -1.87    8.83  -14.63  0.0014  1.1173 -178.0
2018 238  5 50    1.32    9.76  -14.15  -388.1   -13.6     1.6  24.09    21956  7.26   890  -185  0 -1  0.0213   7.04    2.12    9.36  -14.69  0.0019  1.1381 -181.1
2018 238  6  0   -3.67   10.24  -13.88  -384.9   -15.1     4.5  20.03    18171  5.94  1040  -190  0  0  0.0232   5.76    1.32    9.59  -14.33  0.0024  1.1380 -182.4
2018 238  6 10   -4.45   10.69  -13.56  -386.1   -15.4     4.2  18.05    19616  5.39   895  -190  0  0  0.0253   5.22   -0.87    9.98  -14.05  0.0032  1.1451 -183.0
2018 238  6 20   -1.68   12.75  -11.31  -392.1   -15.8     3.0  23.23    18413  7.15   870  -188  0  0  0.0278   6.93   -2.94   10.79  -13.40  0.0069  1.1659 -183.1
2018 238  6 30   -6.73    9.75  -12.32  -384.6   -13.9     8.2  23.51    17137  6.97  1523  -188  0  0  0.0305   6.75   -3.98   11.11  -12.74  0.0098  1.1694 -184.3
2018 238  6 40   -8.00    8.57  -12.42  -380.3    -7.1     5.6  26.17    14761  7.57   586  -190  0  0  0.0335   7.34   -5.36   10.38  -12.33  0.0091  1.1219 -184.0
2018 238  6 50   -6.07   10.33  -12.00  -372.5    -3.4     4.8  27.73    14496  7.70   474  -182  0 -1  0.0368   7.45   -6.53    9.63  -12.27  0.0063  1.0778 -185.8
2018 238  7  0   -6.74    9.95  -12.64  -375.3    -6.6     5.3  28.94    15180  8.16   507  -191  0  0  0.0404   7.90   -7.11    9.41  -12.27  0.0048  1.0495 -189.1
2018 238  7 10   -6.30   11.40  -12.19  -380.1    -5.7     3.0  23.52    15624  6.80   584  -205  0  0  0.0442   6.58   -6.49   10.27  -12.20  0.0070  1.0852 -190.4
2018 238  7 20   -6.52   11.47  -11.72  -379.6    -5.9     3.5  23.65    16127  6.82   783  -192  0  0  0.0483   6.60   -6.46   10.77  -12.21  0.0084  1.1104 -187.5
2018 238  7 30   -9.76    9.17  -11.84  -371.3     3.3     2.5  22.29    21634  6.15   927  -186  0  0  0.0526   5.95   -7.33   10.64  -12.18  0.0079  1.1078 -183.0
2018 238  7 40   -4.83   14.35   -9.15  -377.5    -4.8     4.5  21.47    21179  6.12  2116  -189  0  0  0.0572   5.93   -7.61   11.04  -11.61  0.0138  1.1042 -180.0
2018 238  7 50   -7.13   11.30  -12.07  -378.5     1.5    12.2  19.41    16741  5.57  2057  -182  0  0  0.0620   5.39   -7.87   11.38  -11.11  0.0193  1.0954 -175.9
2018 238  8  0   -7.21   10.07  -12.49  -377.4    10.1    10.6  22.90    17505  6.53  1280  -168  0  0  0.0670   6.33   -7.17   11.54  -11.22  0.0197  1.1106 -168.2
2018 238  8 10   -7.38   10.90  -10.86  -371.5    10.8    22.8  21.58    23337  5.98  1755  -155  0  0  0.0723   5.80   -6.94   11.30  -11.44  0.0166  1.1057 -162.2
2018 238  8 20   -6.12   10.18  -11.51  -373.6    31.7    30.1  24.85    30150  7.03  1664  -157  0  0  0.0777   6.81   -6.58   10.78  -11.18  0.0139  1.0782 -157.1
2018 238  8 30   -5.42   13.53   -9.46  -372.9     5.6    25.4  21.80    38078  6.09  1025  -149  0  0  0.0833   5.90   -6.15   11.01  -10.55  0.0186  1.0624 -154.3
2018 238  8 40   -4.67   15.84   -6.04  -379.3    -0.6    15.2  21.67    38207  6.25   935  -149  0  0  0.0891   6.05   -5.72   11.87   -9.74  0.0363  1.0642 -151.3
2018 238  8 50   -1.72   17.71   -2.77  -387.3    -5.6     5.1  20.95    50844  6.29   705  -149  0  0  0.0951   6.09   -4.76   13.98   -7.87  0.1444  1.0471 -150.6
2018 238  9  0   -0.94   17.95   -2.80  -389.3   -10.0    -0.5  20.31    54240  6.16   553  -148  0  0  0.1013   5.97   -3.43   16.16   -5.50  0.2911  1.0099 -149.3
2018 238  9 10    0.92   18.33    2.10  -389.1   -23.6    -3.5  17.30    55728  5.26   604  -145  0  0  0.1076   5.09   -1.60   17.58   -2.64  0.4936  0.9094 -148.3
2018 238  9 20    1.40   18.84    2.91  -394.1   -18.1   -12.9  15.94    28149  4.97   467  -149  0  0  0.1140   4.81    0.23   18.01    0.21  0.5054  0.7719 -147.1
2018 238  9 30    2.69   16.60    3.85  -404.2    -8.8   -35.9  14.54    75626  4.79   353  -148  0 -1  0.1206   4.64    1.40   18.00    2.76  0.4736  0.6376 -146.3
2018 238  9 40    3.48   16.93    4.59  -401.4   -19.6    -3.5  15.60   158411  5.04   498  -147  0  0  0.1273   4.88    1.82   17.77    2.59  0.3819  0.6534 -142.8
2018 238  9 50    4.72   13.39   10.00  -401.3    -6.0   -31.8  14.56    94539  4.72   765  -137  0  0  0.1341   4.57    2.45   16.83    3.68  0.2998  0.5803 -138.0
2018 238 10  0    2.81   16.16    4.73  -396.9   -20.3   -18.5  13.19    93473  4.18   815  -132  0  0  0.1410   4.04    3.34   15.53    5.36  0.1944  0.4724 -134.7
2018 238 10 10   -0.59   16.89    2.55  -397.0   -20.1   -14.2  12.94   105455  4.10   731  -138  0  0  0.1479   3.97    3.44   15.22    6.82  0.1668  0.3718 -132.9
2018 238 10 20   -1.62   17.47    0.45  -395.8   -13.7   -21.3   8.98   132504  2.82   667  -139  0  0  0.1549   2.74    1.78   15.85    4.57  0.2949  0.5028 -131.6
2018 238 10 30   -1.31   15.74   -0.80  -401.3    -6.2   -24.1   9.75   168920  3.15   406  -133  0  0  0.1620   3.05   -0.08   16.86    1.70  0.4340  0.6687 -128.1
2018 238 10 40   -3.81   15.08   -4.07  -403.1   -16.6   -36.4   8.28   237212  2.72   405  -128  0  0  0.1691   2.63   -1.59   16.47   -0.45  0.4240  0.7906 -124.4
2018 238 10 50   -3.92   14.20   -6.96  -412.5    -5.7   -58.2   6.44   262796  2.24   418  -128  0  0  0.1762   2.17   -2.62   15.42   -3.07  0.2808  0.9365 -121.6
2018 238 11  0   -5.17   14.52   -6.90  -417.9    -2.9   -56.1   6.08   252789  2.16   422  -127  0  0  0.1834   2.09   -3.64   14.66   -5.70  0.1519  1.0980 -119.6
2018 238 11 10   -5.60   14.04   -7.79  -416.0     1.3   -48.9   5.60   210815  1.97   601  -124  0  0  0.1905   1.90   -4.45   14.40   -7.08  0.0830  1.1952 -118.7
2018 238 11 20   -5.60   15.08   -6.45  -416.6    -1.2   -58.9   7.77   154005  2.75   808  -123  0  0  0.1977   2.66   -4.92   14.48   -7.09  0.0805  1.2060 -118.1
2018 238 11 30   -4.29   15.86   -4.02  -412.2     0.1   -47.3   7.31   201909  2.52   916  -123  0  0  0.2048   2.44   -5.33   14.72   -6.88  0.0921  1.2005 -117.7
2018 238 11 40   -4.79   15.75   -5.70  -402.8    -1.8   -55.6   6.28   190814  2.08  1237  -123  0  0  0.2118   2.01   -5.22   15.02   -6.33  0.1183  1.1666 -115.8
2018 238 11 50   -6.53   15.25   -5.77  -415.9     3.0   -37.3   6.74   182879  2.35  1125  -114  0  0  0.2189   2.28   -5.14   15.48   -5.61  0.1471  1.1247 -114.2
2018 238 12  0   -6.22   15.61   -5.21  -417.9     4.4   -32.8   6.68   168357  2.35  1180  -117  0  0  0.2258   2.27   -5.56   15.47   -5.52  0.1490  1.1151 -112.5
2018 238 12 10   -6.27   15.40   -6.34  -414.0    -6.2   -41.5   7.42   167325  2.57   930  -114  0  0  0.2327   2.49   -6.03   15.38   -5.87  0.1351  1.1392 -112.0
2018 238 12 20   -6.78   14.59   -5.79  -408.5   -21.3   -19.4   9.79   189389  3.28   992  -110  0  0  0.2394   3.18   -6.56   15.16   -5.93  0.1358  1.1423 -110.4
2018 238 12 30   -7.39   14.79   -5.78  -409.5   -28.2   -27.6  11.38   123440  3.85  1172  -103  0  0  0.2461   3.73   -6.55   15.23   -4.70  0.2234  1.0610 -109.2
2018 238 12 40   -6.59   16.13   -1.42  -416.1   -18.6   -22.0  12.77   132730  4.44   910  -102  0  0  0.2526   4.30   -6.80   15.32   -3.67  0.3001  0.9943 -107.7
2018 238 12 50   -6.96   15.51    0.37  -412.2   -24.6   -21.8  12.05   121004  4.12   966  -100  0  0  0.2590   3.99   -6.81   15.58   -2.43  0.4145  0.9224 -105.9
2018 238 13  0   -7.32   14.63    2.45  -411.5   -28.4   -12.2  13.08   107107  4.46   930   -94  0  0  0.2653   4.31   -6.76   15.28    0.17  0.3551  0.7574 -103.7
2018 238 13 10    2.62   -2.98   16.40  -418.0   -12.7   -33.2  11.20    75696  3.94   737   -91  0  0  0.2714   3.82   -5.57   12.23    4.17  0.3041  0.5252 -103.3
2018 238 13 20   -7.14    8.98    2.58  -417.7   -27.4   -63.0  21.68   249308  7.78   636   -90  0  0  0.2773   7.53   -3.43    7.04    7.33  0.1507  0.2995 -101.4
2018 238 13 30   -8.52    7.84    6.23  -433.5   -17.4   -55.8  16.78   175309  6.42   339   -80  0  0  0.2831   6.22   -3.83    5.00    6.92  0.1306  0.2504  -99.9
2018 238 13 40   -7.62    9.62   -1.94  -421.3   -26.6   -49.5  21.09   231438  7.62   263   -78  0  0  0.2886   7.38   -5.42    5.88    4.85  0.1287  0.2913  -96.0
2018 238 13 50   -7.11    6.25    7.58  -435.6    -4.8   -53.8  16.35   236238  6.30   228   -75  0  0  0.2940   6.10   -7.70    8.45    3.41  0.1566  0.3247  -93.8
2018 238 14  0   -9.69    0.17    5.04  -453.9     8.1   -55.8  15.33   439679  6.42   184   -74  0  0  0.2991   6.21   -8.12    6.79    3.74  0.1104  0.2492  -91.3
2018 238 14 10   -7.50   11.48    3.99  -440.6    29.0   -53.5  14.87   319584  5.88    70   -73  0  0  0.3040   5.70   -9.04    4.47    5.06  0.0468  0.1196  -89.2
2018 238 14 20   -6.73   13.59    2.72  -448.2    27.1   -50.8  14.57   256796  5.95    73   -69  0 -1  0.3087   5.76   -9.06    6.25    4.74  0.1360  0.2122  -87.6
2018 238 14 30   -5.73   13.42    3.08  -451.1    32.2   -50.1  15.30   267707  6.33    76   -69  0  0  0.3131   6.14   -8.12    9.68    4.03  0.2661  0.3884  -85.8
2018 238 14 40   -6.71   10.30   -2.46  -444.6    19.8   -57.1  13.50   257870  5.44   115   -67  0  0  0.3173   5.26   -6.66   13.10    2.07  0.4491  0.6126  -85.4
2018 238 14 50   -4.23   11.12   -8.17  -445.3    -5.0   -63.8  12.27   283136  4.97   195   -70  0  0  0.3211   4.81   -6.26   12.43   -0.53  0.3610  0.7809  -85.4
2018 238 15  0   -3.87   10.23   -8.11  -446.9    -2.9   -72.2  15.15   339768  6.21   394   -71  0  0  0.3248   6.01   -6.14   11.79   -2.47  0.3546  0.8983  -86.2
2018 238 15 10   -3.96    8.13  -11.49  -453.3    12.3   -14.7  11.87   316164  4.89   441   -73  0  0  0.3281   4.73   -5.18   11.00   -5.76  0.1782  1.0976  -88.4
2018 238 15 20   -4.12    9.33   -9.46  -451.2    -2.4   -25.9  11.86   333720  4.85   613   -80  0  0  0.3311   4.69   -4.37   10.17   -7.28  0.1384  1.1413  -90.6
2018 238 15 30   -5.45   14.13   -4.56  -451.8    -3.1   -39.1   9.67   322758  3.98   759   -85  0  0  0.3339   3.85   -3.66    9.65   -9.08  0.0486  1.2196  -94.5
2018 238 15 40   -3.40   14.29   -3.38  -453.6     2.3   -35.0  12.03   256636  4.98   739   -88  0  0  0.3363   4.82   -3.61   11.06   -7.53  0.1220  1.1750  -96.0
2018 238 15 50   -3.78   13.70   -5.65  -450.0     1.1   -39.2   9.41   229203  3.84   336   -89  0  0  0.3385   3.72   -3.42   12.89   -5.66  0.2101  1.1397  -96.2
2018 238 16  0   -1.88   11.38  -10.38  -446.4     1.6   -27.0  10.66   333257  4.26   708   -85  0  0  0.3403   4.13   -3.44   13.97   -5.20  0.2107  1.1652  -94.7
2018 238 16 10   -1.31   12.82   -7.04  -440.7     6.0   -10.4  10.77   285320  4.19  1240   -84  0  0  0.3418   4.05   -2.87   12.23   -7.52  0.1326  1.1988  -94.6
2018 238 16 20   -2.69   14.38   -0.75  -443.7    -5.9   -67.3  10.86   278930  4.37  1228   -88  0  0  0.3430   4.24   -2.61   11.85   -8.19  0.0828  1.2325  -95.3
2018 238 16 30   -1.88   12.44   -6.63  -457.9    -2.7   -26.3  10.21   306675  4.30  1161   -86  0  0  0.3438   4.16   -1.78   11.72   -7.64  0.1300  1.1922  -96.0
2018 238 16 40   -2.50   12.92   -5.80  -453.4     0.5   -35.5  11.07   262847  4.59  1579   -87  0  0  0.3443   4.44   -1.75   13.07   -5.60  0.1835  1.1663  -95.6
2018 238 16 50   -3.71   13.91   -4.31  -441.4    -0.1   -34.3  10.14   229571  3.97  1141   -87  0  0  0.3445   3.85   -1.77   13.32   -4.97  0.2286  1.1384  -94.1
2018 238 17  0   -2.75   13.55    5.39  -449.0    14.2   -85.3   9.91   231738  4.14   903   -82  0  0  0.3444   4.01   -2.24   13.76   -3.47  0.3038  1.0555  -92.5
2018 238 17 10   -1.53   14.22   -1.44  -458.4     1.2   -45.3  10.24   230159  4.35  1003   -80  0  0  0.3440   4.21   -2.87   14.08   -1.44  0.3710  0.9183  -90.4
2018 238 17 20   -4.76   13.08    4.60  -454.0    12.5   -58.0  11.53   226942  4.83   880   -75  0 -1  0.3432   4.68   -3.33   14.06    0.47  0.4262  0.7773  -88.5
2018 238 17 30   -3.88   12.90    4.27  -454.7    17.3   -57.7  11.15   214746  4.69   666   -72  0  0  0.3421   4.54   -4.08   13.44    2.47  0.3200  0.6191  -85.9
2018 238 17 40   -4.89   11.26    6.36  -446.8    27.9   -57.6  11.35   223353  4.63   471   -70  0  0  0.3406   4.48   -4.30   12.76    3.95  0.2472  0.4920  -82.8
2018 238 17 50   -4.33   11.18    7.03  -443.8    30.4   -64.9  10.55   221152  4.27   365   -65  0  0  0.3389   4.13   -4.80   11.64    5.73  0.1213  0.3364  -80.5
2018 238 18  0   -5.12    8.37    8.86  -444.9    35.1   -69.4  11.92   214473  4.86   308   -65  0  0  0.3368   4.71   -4.52   11.08    6.48  0.0827  0.2781  -78.6
2018 238 18 10   -0.57    5.59   11.42  -463.3    38.0   -79.6  11.73   246802  5.22   253   -61  0  0  0.3344   5.05   -4.35   10.06    7.43  0.0475  0.2104  -77.1
2018 238 18 20    0.27    5.02   11.22  -458.9    33.3   -76.7  11.69   237995  5.09   176   -58  0  0  0.3318   4.93   -2.72    8.40    8.73  0.0306  0.1442  -75.8
2018 238 18 30   -5.68    9.39    3.03  -463.2    15.2   -48.9  10.95   287877  4.76   185   -60  0  0  0.3288   4.61   -2.57    7.53    8.50  0.0278  0.1278  -74.2
2018 238 18 40   -4.51    9.16    2.97  -467.6    18.2   -54.2   9.30   424756  4.13   218   -57  0  0  0.3255   4.00   -2.40    5.71    7.49  0.0417  0.1374  -73.2
2018 238 18 50   -4.79    9.46   -1.64  -466.8   -11.4   -22.7   9.25   449372  4.04   110   -58  0  0  0.3219   3.92   -3.93    6.94    4.27  0.1404  0.3058  -72.3
2018 238 19  0   -2.69    7.34   -6.67  -475.3    19.6    10.3   8.19   338041  3.71    93   -60  0  0  0.3181   3.59   -3.93    7.29    1.10  0.1960  0.5467  -72.0
2018 238 19 10   -0.29    6.35   -6.90  -507.4   -28.2    -1.8   6.03   279448  3.12   159   -60  0  0  0.3140   3.02   -3.47    7.35   -3.02  0.1684  0.7450  -71.4
2018 238 19 20    1.05    4.97   -8.05  -524.4    18.7     8.6   6.11   349310  3.37   404   -58  0  0  0.3096   3.26   -1.74    6.54   -5.51  0.0739  0.9466  -71.3
2018 238 19 30   -1.42    5.58   -7.24  -503.3    10.1    11.6   5.77   326125  2.93   551   -63  0  0  0.3050   2.83   -0.75    5.04   -7.25  0.0074  0.9913  -73.0
2018 238 19 40   -1.34    1.70   -8.99  -514.9    39.9    21.9   5.40   236858  2.89   561   -69  0  0  0.3001   2.79   -0.53    5.45   -6.86  0.0139  1.0158  -75.6
2018 238 19 50   -4.16   -0.66   -5.46  -508.5    68.3   -15.7   6.17   241270  3.25   421   -66  0 -1  0.2950   3.15   -1.24    1.90   -6.42  0.0001  0.9054  -79.1
2018 238 20  0   -0.66   -1.17   -7.16  -508.7    57.6     7.8   5.73   297918  3.01   648   -74  0  0  0.2897   2.91   -2.00   -0.34   -5.45 -0.0006  0.7761  -81.7
2018 238 20 10   -3.29    0.90   -4.16  -509.5    26.6    -9.6   7.21   370824  3.76   841   -75  0  0  0.2841   3.64   -2.03   -2.41   -4.84 -0.0089  0.6889  -83.7
2018 238 20 20   -3.74    3.57   -2.89  -501.1    25.6    -2.2   6.09   283696  3.07   942   -76  0 -1  0.2784   2.97   -2.31   -0.62   -4.40 -0.0009  0.5775  -84.2
2018 238 20 30   -2.49    6.34    2.56  -512.8     4.9   -30.9   5.73   273580  3.03  1030   -77  0  0  0.2725   2.93   -2.45    1.35   -3.02  0.0095  0.5363  -83.5
2018 238 20 40   -3.62    4.79    1.92  -511.5    -4.8   -23.2   5.22   255062  2.74   856   -76  0 -1  0.2664   2.65   -3.06    3.67   -0.86  0.0403  0.4345  -82.8
2018 238 20 50   -6.29    0.97    0.01  -492.9    15.8   -23.6   5.57   243792  2.72   527   -76  0 -1  0.2601   2.63   -3.48    4.53    1.19  0.0481  0.3255  -82.2
2018 238 21  0   -4.29    1.09   -2.30  -490.9    29.3     0.8   5.83   299950  2.82   421   -77  0  0  0.2537   2.73   -4.22    4.19    1.48  0.0594  0.2588  -82.1
2018 238 21 10   -2.91   -2.23   -5.80  -502.1    30.5    -7.6   5.17   265568  2.62   363   -76  0 -1  0.2471   2.53   -4.14    2.20   -0.55  0.0293  0.2548  -81.7
2018 238 21 20   -4.43   -1.42   -2.83  -496.6    31.7   -17.1   5.37   292673  2.66   255   -74  0  0  0.2404   2.58   -3.85    0.08   -3.06  0.0215  0.4155  -81.1
2018 238 21 30   -5.56    0.73    1.28  -500.5    27.4   -26.4   5.19   271371  2.62   285   -76  0  0  0.2336   2.53   -3.64   -1.13   -3.61 -0.0004  0.4103  -79.9
2018 238 21 40   -5.08    0.40    0.92  -495.1    28.9   -45.1   4.69   235875  2.33   172   -73  0  0  0.2267   2.25   -4.40   -0.61   -1.49 -0.0003  0.3165  -78.9
2018 238 21 50   -3.05    3.69    2.86  -509.9     8.9   -44.9   4.10   198986  2.15   127   -74  0  0  0.2197   2.08   -4.66    1.00    0.94  0.0013  0.1260  -77.7
2018 238 22  0   -2.52    2.63    2.74  -510.8     6.7   -45.5   4.40   217187  2.31   112   -73  0  0  0.2127   2.24   -4.21    2.39    2.47  0.0038  0.0580  -76.5
2018 238 22 10   -4.63    2.35    2.18  -514.4    26.1   -28.2   3.67   181949  1.95   110   -71  0  0  0.2055   1.89   -3.73    2.62    2.36  0.0050  0.0781  -75.5
2018 238 22 20   -5.20    1.11    1.16  -518.7    24.7   -21.5   3.51   143581  1.90   100   -71  0 -1  0.1984   1.84   -4.15    2.17    2.03  0.0040  0.0669  -73.9
2018 238 22 30   -5.36    1.48    2.04  -541.8    16.2   -27.8   2.62    90362  1.54    58   -70  0  0  0.1912   1.49   -4.74    1.41    1.58  0.0021  0.0438  -73.2
2018 238 22 40   -4.39    1.75    1.94  -524.0     8.8   -36.0   3.27   120236  1.80    87   -70  0  0  0.1839   1.75   -5.08    1.40    1.73  0.0011  0.0317  -72.7
2018 238 22 50   -5.05   -0.04    2.30  -534.7    18.7   -36.5   2.62    96941  1.51    87   -71  0  0  0.1767   1.46   -4.88    1.43    2.07  0.0007  0.0264  -72.5
2018 238 23  0   -5.57   -0.61    1.69  -539.5    29.5   -28.2   2.38    84764  1.39    44   -71 -1 -1  0.1695   1.35   -4.94    0.95    2.19  0.0005  0.0194  -71.9
2018 238 23 10   -5.12    1.84    1.95  -544.1     7.7   -33.3   2.68    87771  1.59    26   -69  0  0  0.1623   1.54   -5.09    0.38    1.99  0.0003  0.0113  -70.7
2018 238 23 20   -4.79    2.48    2.12  -544.4     7.0   -34.5   2.58    92115  1.54    71   -67  0  0  0.1551   1.49   -5.24    0.64    1.77  0.0019  0.0326  -70.0
2018 238 23 30   -4.85    1.49    2.07  -525.8    14.5   -34.9   2.77    88384  1.54    50   -67  0  0  0.1480   1.49   -5.08    1.40    1.85  0.0026  0.0481  -69.3
2018 238 23 40   -4.66    0.94    2.62  -526.4    16.2   -38.2   2.69    97965  1.50    53   -66  0  0  0.1409   1.45   -4.88    1.66    2.06  0.0024  0.0459  -69.0
2018 238 23 50   -4.89   -0.22    2.43  -529.3    20.5   -45.2   2.74   106316  1.55    38   -65  0  0  0.1339   1.50   -4.67    1.37    2.47  0.0007  0.0224  -68.3
2018 239  0  0   -4.88    1.08    2.21  -527.7     6.5   -28.3   2.73    92730  1.53    28   -64  0  0  0.1270   1.48   -4.61    1.04    2.58  0.0001  0.0108  -67.4
2018 239  0 10   -4.89    2.06    1.49  -524.5    12.2   -28.4   2.59    88007  1.43    39   -63  0  0  0.1202   1.38   -4.65    1.19    2.47  0.0005  0.0178  -66.6
2018 239  0 20   -5.08    1.53    1.31  -524.3    16.1   -27.2   2.54    86656  1.40    51   -64  0 -1  0.1135   1.36   -4.83    1.37    2.07  0.0012  0.0319  -66.0
2018 239  0 30   -5.07    0.90    1.64  -520.1    23.8   -23.7   2.52    78903  1.37    28   -63  0  0  0.1069   1.33   -4.98    1.43    1.66  0.0014  0.0379  -66.0
2018 239  0 40   -4.28    1.67    3.02  -524.1     8.4   -46.8   2.52   101651  1.40    27   -64  0  0  0.1004   1.35   -4.94    1.34    1.76  0.0011  0.0314  -66.5
2018 239  0 50   -4.47    1.73    2.42  -536.6     7.0   -43.5   2.81   119283  1.63    46   -64  0  0  0.0941   1.58   -4.68    1.16    2.28  0.0004  0.0159  -66.6
2018 239  1  0   -3.98    3.74    0.71  -538.8   -20.6   -15.4   2.83   135127  1.65    65   -61  0  0  0.0879   1.59   -4.38    1.64    2.39  0.0103  0.0534  -66.8
2018 239  1 10   -3.79    4.12    0.63  -543.0    -5.4   -32.4   2.94   168345  1.74    82   -62  0  0  0.0820   1.69   -3.78    2.67    1.93  0.0412  0.1676  -66.2
2018 239  1 20   -4.88    2.06    1.62  -530.2     6.6   -31.8   2.64    93441  1.50   122   -63  0 -1  0.0761   1.44   -3.83    3.30    1.20  0.0575  0.2419  -66.4
2018 239  1 30   -5.11   -0.65    1.85  -534.4    -5.1   -17.9   2.59   113274  1.48   186   -64  0  0  0.0705   1.43   -4.04    3.18    1.09  0.0516  0.2335  -66.7
2018 239  1 40   -5.31   -0.28    2.60  -545.1    25.7   -36.6   2.81   133386  1.68   120   -64  0  0  0.0651   1.63   -4.76    1.51    1.56  0.0207  0.1173  -66.8
2018 239  1 50   -5.76   -0.25    0.66  -542.8    23.2   -37.4   2.46    89995  1.46   105   -63  0 -1  0.0599   1.41   -5.10    0.52    1.92  0.0040  0.0455  -67.0
2018 239  2  0   -5.18   -0.81    2.34  -534.1     8.7   -23.7   3.07   164750  1.76   109   -63  0 -1  0.0549   1.70   -5.23   -0.43    2.13 -0.0004  0.0079  -66.2
2018 239  2 10   -5.30    0.99    1.23  -527.6    17.8   -26.0   2.91   157478  1.63    56   -61  0  0  0.0501   1.57   -5.31   -0.06    1.85 -0.0002  0.0101  -65.9
2018 239  2 20   -4.89    2.03    1.32  -531.9    -1.8   -21.4   2.92   142487  1.65    40   -61  0  0  0.0456   1.60   -5.24    0.34    1.60  0.0006  0.0183  -65.4
2018 239  2 30   -4.72    0.56    2.39  -529.2    32.4   -40.2   3.05   153928  1.73    30   -61  0  0  0.0413   1.67   -5.09    0.93    1.52  0.0022  0.0302  -65.6
2018 239  2 40   -5.30    1.55   -0.15  -528.9     4.2    -7.8   3.00   127040  1.68    43   -62  0 -1  0.0373   1.63   -5.02    1.10    1.38  0.0073  0.0528  -64.8
2018 239  2 50   -5.55   -0.06    1.20  -513.6    26.3   -22.2   2.87   140848  1.52    43   -60  0  0  0.0335   1.47   -5.14    0.99    1.20  0.0091  0.0586  -63.4
2018 239  3  0   -5.62   -0.26    0.41  -513.2    28.6   -12.6   2.59   101390  1.37    70   -59  0  0  0.0300   1.33   -5.35    0.51    1.00  0.0075  0.0463  -62.4
2018 239  3 10   -5.32    1.46   -0.77  -519.2     2.5    17.9   2.87   137077  1.55    58   -59  0  0  0.0267   1.50   -5.48    0.41    0.43  0.0026  0.0857  -62.7
2018 239  3 20   -5.45    0.98   -0.94  -522.3    24.4   -13.0   2.78   123997  1.52    70   -60  0  0  0.0238   1.47   -5.40    0.63   -0.13  0.0064  0.1802  -63.7
2018 239  3 30   -3.89    1.62    2.37  -538.3   -22.6    12.0   2.96   150288  1.72    81   -60  0 -1  0.0211   1.67   -4.94    1.36   -0.65  0.0090  0.3032  -64.7
2018 239  3 40    0.40    3.90   -3.64  -562.5    -6.9    19.1   2.88   132948  1.83    55   -60  0 -1  0.0187   1.77   -3.49    2.48   -1.08  0.0169  0.4778  -64.7
2018 239  3 50   -2.93    4.02   -1.03  -550.4   -35.6    14.4   2.51   161085  1.53   118   -59  0  0  0.0166   1.48   -2.00    3.23   -1.82  0.0149  0.6425  -64.3
2018 239  4  0   -4.35    3.34    0.55  -541.3   -15.5   -12.0   2.38   158411  1.40   292   -60  0  0  0.0148   1.35   -1.78    3.93   -1.73  0.0493  0.6785  -64.0
2018 239  4 10   -4.55    1.95    1.73  -542.8    13.0   -40.3   2.67   182281  1.58   400   -61  0  0  0.0133   1.53   -2.80    3.54   -0.63  0.0507  0.4955  -65.1
2018 239  4 20   -3.36    3.24    0.72  -551.2    -8.6   -27.3   2.91   246184  1.77   333   -63  0  0  0.0121   1.72   -3.85    3.15    0.72  0.0597  0.2860  -66.2
2018 239  4 30   -3.91    2.82   -0.01  -543.8    -7.3    -0.8   2.69   273859  1.59   318   -64  0  0  0.0113   1.54   -3.87    2.88    0.88  0.0560  0.2413  -66.7
2018 239  4 40   -4.00    2.54   -0.38  -532.4    -0.8    -2.3   2.90   159652  1.64   297   -62  0  0  0.0107   1.59   -3.77    2.82    0.20  0.0633  0.3304  -66.4
2018 239  4 50   -4.07    1.44    1.50  -542.2    10.8   -33.4   2.93   236253  1.73   347   -61  0  0  0.0104   1.68   -3.77    2.40    0.30  0.0564  0.2983  -65.5
2018 239  5  0   -4.18    1.32   -0.29  -539.4    13.3    -7.2   2.98   169624  1.74   389   -60  0  0  0.0105   1.68   -3.90    1.88    0.12  0.0285  0.2876  -65.7
2018 239  5 10   -3.92    1.12   -0.61  -546.7    18.8   -14.8   2.96   234153  1.77   400   -62  0 -1  0.0108   1.72   -3.96    1.36    0.42  0.0177  0.1892  -67.0
2018 239  5 20   -3.68    1.48   -0.99  -553.3   -14.5     5.3   2.85   280676  1.75   351   -65  0  0  0.0115   1.69   -3.96    1.24   -0.03  0.0167  0.2158  -68.6
2018 239  5 30   -2.90   -0.12    0.30  -558.5    12.6    -8.7   3.01   225972  1.88   259   -65  0 -1  0.0124   1.82   -3.60    0.98    0.17  0.0136  0.1865  -69.1
2018 239  5 40   -3.44   -0.54    1.62  -551.9    16.7     8.0   2.85   237200  1.74   282   -63  0  0  0.0137   1.68   -3.31    0.67    0.05  0.0072  0.1884  -68.0
2018 239  5 50   -3.64   -0.27    1.57  -551.0    18.8   -26.9   2.95   192028  1.80   289   -62  0  0  0.0153   1.74   -3.21    0.29    0.54  0.0019  0.1262  -67.3
2018 239  6  0   -3.40    1.11   -2.26  -546.8     0.1     1.5   2.83   168792  1.69   418   -63  0  0  0.0171   1.64   -3.51    0.23    0.40  0.0008  0.1193  -67.5
2018 239  6 10   -1.56    1.62   -2.54  -567.1    -9.8    12.2   2.71   213844  1.75   338   -65  0 -1  0.0193   1.69   -2.67    0.07   -0.40  0.0009  0.2671  -68.8
2018 239  6 20   -2.86    2.64   -2.20  -563.3   -15.8     6.8   2.90   216076  1.84   536   -66  0  0  0.0218   1.78   -2.28    0.73   -1.84  0.0011  0.4745  -69.8
2018 239  6 30   -2.93    2.99   -1.94  -561.6   -13.6     7.3   2.68   202845  1.69   555   -67  0  0  0.0245   1.64   -2.00    1.43   -2.30  0.0091  0.6056  -70.6
2018 239  6 40   -2.75    3.00   -1.88  -558.8    -9.3     6.7   2.63   213691  1.64   483   -68  0  0  0.0275   1.59   -2.84    2.48   -2.05  0.0146  0.6203  -71.4
2018 239  6 50   -2.17    2.74   -2.35  -570.1   -12.9     9.4   2.59   170137  1.68   338   -70  0  0  0.0308   1.63   -2.63    2.72   -2.00  0.0171  0.6486  -71.5
2018 239  7  0   -1.86    3.42    0.28  -568.9   -19.8     2.6   2.73   213488  1.77   447   -67  0  0  0.0344   1.71   -2.28    2.74   -1.63  0.0171  0.5920  -72.0
2018 239  7 10   -0.96    3.49   -1.02  -578.6   -11.4     9.1   2.79   177727  1.87   557   -68  0  0  0.0383   1.81   -1.64    2.70   -1.55  0.0290  0.5599  -72.4
2018 239  7 20   -0.57    1.62   -3.49  -580.0    -5.1    17.1   2.66   164214  1.79   505   -70  0  0  0.0424   1.73   -1.26    2.62   -1.54  0.0302  0.5480  -73.4
2018 239  7 30   -3.23    1.10   -0.71  -559.6    -9.0    10.6   3.49   350737  2.19   370   -70  0  0  0.0467   2.12   -1.37    2.29   -1.99  0.0264  0.5791  -73.9
2018 239  7 40   -2.94    0.00   -2.32  -567.6     1.4    16.2   2.99   228273  1.93   366   -70  0  0  0.0513   1.87   -1.99    1.81   -1.86  0.0122  0.5282  -74.0
2018 239  7 50   -3.29    1.43   -1.87  -571.7    -4.4    16.9   2.82   188510  1.85   459   -70  0  0  0.0561   1.79   -2.74    1.37   -1.65  0.0086  0.4391  -73.9
2018 239  8  0   -3.15    1.74   -1.71  -562.3   -16.6     3.7   3.06   272883  1.94   472   -70  0 -1  0.0611   1.88   -3.08    1.37   -1.46  0.0091  0.4241  -72.8
2018 239  8 10   -2.66    2.03   -1.73  -567.3    -9.3    16.1   2.84   196919  1.83   484   -66  0  0  0.0664   1.77   -3.21    1.43   -1.39  0.0104  0.4218  -71.9
2018 239  8 20   -2.41    3.18   -0.79  -563.6    -7.2     6.9   2.90   180559  1.84   451   -67  0  0  0.0718   1.78   -3.23    1.91   -0.94  0.0273  0.4418  -70.7
2018 239  8 30   -2.04    2.61   -1.97  -567.2    -3.4    12.3   2.85   170009  1.84   268   -66  0  0  0.0775   1.78   -2.85    2.34   -0.94  0.0347  0.4812  -70.1
2018 239  8 40   -3.10    2.09   -1.23  -564.8    -5.3    11.8   2.89   170854  1.84   491   -65  0 -1  0.0833   1.79   -2.38    2.72   -1.31  0.0331  0.5732  -69.9
2018 239  8 50   -2.99    2.31   -0.48  -562.0    -7.8    10.1   2.96   176810  1.87   748   -66  0  0  0.0893   1.81   -2.12    2.75   -1.64  0.0201  0.6243  -69.6
2018 239  9  0   -2.68    3.01   -1.36  -552.8   -17.1     0.9   2.87   208481  1.76   448   -65  0 -1  0.0954   1.70   -2.39    2.53   -1.41  0.0214  0.5664  -69.8
2018 239  9 10   -4.12    0.84    1.61  -553.2     3.3     7.9   2.71   191154  1.66   527   -66  0  0  0.1018   1.61   -2.71    2.66   -0.86  0.0440  0.4889  -70.2
2018 239  9 20   -2.27    2.58    0.16  -559.0    15.7     0.6   2.98   175954  1.87   709   -68  0  0  0.1082   1.81   -3.28    2.23   -0.19  0.0434  0.3426  -70.4
2018 239  9 30   -3.34    2.26   -1.64  -547.4     7.1     4.5   2.93   213879  1.76   769   -65  0  0  0.1148   1.70   -3.44    1.94   -0.07  0.0418  0.2884  -69.5
2018 239  9 40   -3.99    0.66    0.72  -543.8   -10.3     9.7   3.04   181286  1.80   926   -63  0  0  0.1215   1.74   -3.59    1.21    0.01  0.0234  0.2381  -65.8
2018 239  9 50   -4.22    0.41   -0.38  -537.1    22.9     4.9   2.95   129152  1.70  1017   -54  0  0  0.1283   1.65   -3.69    0.89    0.01  0.0202  0.1962  -62.3
2018 239 10  0   -4.16    0.68   -0.09  -539.9    17.8     5.0   3.01   162963  1.76   670   -53  0  0  0.1351   1.70   -3.97    0.43   -0.01  0.0080  0.1555  -60.1
2018 239 10 10   -4.19    0.44    0.85  -540.8    18.6   -13.1   2.88   121860  1.69   391   -54  0  0  0.1421   1.63   -4.21    0.49   -0.07  0.0059  0.1409  -60.3
2018 239 10 20   -4.32    0.93    0.11  -538.4     4.4     1.2   3.15   111189  1.83   305   -55  0  0  0.1491   1.77   -4.23    0.68   -0.09  0.0110  0.1612  -61.0
2018 239 10 30   -4.72    0.68    0.55  -540.3    13.3    -2.2   3.37    97819  1.97   206   -56  0  0  0.1562   1.91   -4.33    0.84    0.13  0.0124  0.1342  -61.7
2018 239 10 40   -4.78    1.12   -0.06  -538.6    18.0     0.2   3.27    99775  1.90   217   -56  0  0  0.1633   1.84   -4.51    0.82    0.35  0.0127  0.0890  -62.0
2018 239 10 50   -4.76    1.12   -0.17  -536.5    20.9     8.7   3.07   133364  1.77   159   -56  0 -1  0.1704   1.71   -4.69    0.88    0.28  0.0156  0.1077  -62.3
2018 239 11  0   -4.58    0.33    2.06  -541.3    -3.6     8.4   3.05    98550  1.79   152   -57  0  0  0.1776   1.73   -4.71    1.14    0.22  0.0229  0.1569  -62.4
2018 239 11 10   -2.14    4.49   -1.74  -553.0    -3.6    17.3   2.84   132736  1.74   134   -58  0  0  0.1847   1.68   -4.17    1.98   -0.12  0.0362  0.2966  -61.5
2018 239 11 20   -5.18    0.38    0.98  -529.8    11.1    -9.1   2.63    79811  1.48   118   -54  0  0  0.1919   1.43   -3.73    2.55   -0.27  0.0399  0.3866  -60.1
2018 239 11 30   -5.15    0.27    1.17  -525.0    23.2    -6.7   2.68    87192  1.48   188   -55  0 -1  0.1990   1.43   -3.91    2.21    0.05  0.0304  0.3195  -58.7
2018 239 11 40   -4.97    1.89   -0.03  -526.4    11.3    12.2   2.52    69815  1.40   208   -54  0  0  0.2060   1.35   -4.59    1.34    0.48  0.0163  0.1715  -58.8
2018 239 11 50   -4.99    2.23    0.12  -529.4    -6.8    -2.0   3.03   105692  1.70   210   -54  0  0  0.2130   1.65   -5.06    1.15    0.54  0.0215  0.1338  -59.2
2018 239 12  0   -3.59    3.98   -1.45  -543.7   -10.3    20.3   2.91   145906  1.72   191   -53  0  0  0.2200   1.67   -4.73    2.06   -0.09  0.0402  0.2870  -59.2
2018 239 12 10   -2.61    4.15   -2.70  -548.4    -1.3    29.7   2.69   124135  1.62   189   -53  0 -1  0.2268   1.57   -4.10    3.12   -0.95  0.0470  0.5022  -58.7
2018 239 12 20   -2.71    3.73   -3.06  -549.9     7.0    22.8   2.79   135618  1.70   185   -52  0 -1  0.2336   1.64   -3.43    3.68   -1.78  0.0334  0.6607  -58.3
2018 239 12 30   -5.08    2.20    0.16  -525.8    10.2    -0.9   3.14   147978  1.74   271   -52  0 -1  0.2402   1.68   -3.36    3.59   -1.93  0.0230  0.6750  -58.1
2018 239 12 40   -4.89    1.98    1.43  -524.0     8.8     5.0   3.13   153040  1.72   235   -51  0 -1  0.2468   1.67   -3.90    3.10   -1.12  0.0309  0.5137  -57.9
2018 239 12 50   -3.94    3.64    0.15  -524.0    -6.0     7.2   3.26   187301  1.79   134   -50  0  0  0.2532   1.73   -4.47    2.68    0.08  0.0406  0.3103  -57.2
2018 239 13  0   -3.16    4.12   -2.73  -535.9     1.7    12.3   2.84   119214  1.63   102   -49  0  0  0.2594   1.58   -4.36    2.99   -0.18  0.0442  0.3661  -57.0
2018 239 13 10    1.14    3.31   -3.64  -538.9    -6.4    23.2   3.24   125280  1.89   200   -49  0  0  0.2655   1.83   -2.99    3.39   -1.36  0.0286  0.5556  -56.9
2018 239 13 20    2.62    4.21   -2.76  -559.5    -5.7    16.0   3.21   118570  2.01   250   -48  0  0  0.2715   1.95   -0.72    3.41   -2.94  0.0165  0.7265  -57.6
2018 239 13 30    2.34    2.34   -4.12  -558.8     2.5    32.0   3.29   101244  2.06   395   -49  0  0  0.2772   2.00    1.27    3.17   -3.51  0.0060  0.7702  -58.4
2018 239 13 40    1.24    0.58   -2.88  -556.4    -5.3    -5.7   3.26   126779  2.02   579   -51  0 -1  0.2827   1.96    2.07    2.48   -3.32  0.0067  0.7011  -59.7
2018 239 13 50   -4.08    2.03    0.84  -536.6    -7.9     8.7   3.77   134819  2.15   653   -53  0 -1  0.2881   2.10    1.62    2.46   -2.83  0.0101  0.6736  -61.2
2018 239 14  0   -2.34    3.72   -1.66  -509.2    -4.0   -13.1   4.41   148780  2.29   899   -54  0  0  0.2932   2.22   -0.38    2.02   -1.34  0.0169  0.4544  -62.4
2018 239 14 10    0.21    2.78   -5.62  -557.2    -6.3    41.6   3.32    94724  2.07   929   -56  0  0  0.2981   2.01   -1.36    2.80   -1.48  0.0259  0.5116  -63.3
2018 239 14 20    1.59    2.48   -5.58  -553.8    11.9    38.5   3.43   127573  2.11   810   -56  0  0  0.3027   2.05   -1.56    2.69   -2.60  0.0211  0.5476  -64.6
2018 239 14 30   -0.09    4.36   -3.99  -551.9   -12.9    30.0   3.90   118001  2.38  1059   -58  0  0  0.3071   2.31   -0.20    3.00   -4.66  0.0128  0.7764  -66.1
2018 239 14 40   -0.57    4.27   -4.36  -549.7   -35.6    16.9   4.28   136223  2.60   964   -60  0  0  0.3113   2.52   -0.12    3.18   -4.99  0.0037  0.8379  -67.6
2018 239 14 50    1.20    4.90   -3.47  -547.9   -24.1    21.6   3.99   118257  2.41  1109   -61  0 -1  0.3152   2.33   -0.21    3.70   -4.65  0.0049  0.8984  -68.9
2018 239 15  0    2.41    0.77   -5.45  -569.5    12.7    40.7   4.02   108508  2.62  1164   -62  0  0  0.3188   2.54    0.42    3.71   -4.38  0.0074  0.8542  -70.2
2018 239 15 10    2.24    2.87   -4.37  -570.7   -15.3    34.1   4.53   133020  2.96   749   -63  0  0  0.3221   2.87    1.07    3.49   -4.34  0.0125  0.8184  -71.3
2018 239 15 20   -0.90    4.79   -2.31  -542.9   -24.2    12.2   4.39   146747  2.59   947   -64  0  0  0.3251   2.51    1.31    3.54   -4.02  0.0148  0.8136  -71.8
2018 239 15 30   -2.38    4.78   -0.87  -558.3   -27.7    11.3   4.04   151482  2.53   946   -64  0  0  0.3279   2.45   -0.28    4.12   -2.75  0.0433  0.7720  -71.3
2018 239 15 40   -4.30    3.16    1.09  -545.0   -18.3    15.7   3.49   147089  2.08   677   -63  0  0  0.3303   2.01   -1.14    4.43   -1.88  0.0752  0.7177  -70.9
2018 239 15 50   -4.55    0.07    2.34  -529.4   -17.0    -6.0   4.70   191685  2.64   787   -63  0  0  0.3324   2.55   -2.87    4.13   -0.23  0.0863  0.4861  -70.0
2018 239 16  0   -4.93    1.04    1.56  -521.1   -15.0    -5.3   4.75   179413  2.58   512   -60  0 -1  0.3342   2.50   -3.67    2.94    0.63  0.0552  0.2977  -68.8
2018 239 16 10   -5.08    0.90    2.49  -523.7   -11.9    -8.5   4.72   186691  2.59   413   -58  0  0  0.3357   2.51   -4.81    1.72    1.54  0.0149  0.0801  -67.1
2018 239 16 20   -4.85    2.39    0.60  -527.0   -21.5    -2.7   3.96   123880  2.20   290   -57  0  0  0.3369   2.13   -5.03    1.26    1.79  0.0032  0.0314  -65.7
2018 239 16 30   -5.02    1.37    4.45  -544.8    -6.1    -9.2   3.39   117181  2.01   293   -58  0  0  0.3377   1.95   -5.15    1.45    2.16  0.0079  0.0522  -64.4
2018 239 16 40   -5.22    4.59    1.63  -548.5   -29.9     2.5   3.37   113231  2.04   221   -56  0 -1  0.3382   1.97   -5.17    2.05    2.68  0.0124  0.0800  -63.7
2018 239 16 50   -3.67    4.83   -1.35  -570.8    -2.3    33.9   3.69   208416  2.41   162   -55  0  0  0.3384   2.34   -5.04    3.00    2.13  0.0500  0.2153  -63.4
2018 239 17  0   -0.27    4.02   -2.95  -613.0    27.3    12.3   4.35   324340  3.28   132   -52  0  0  0.3383   3.17   -3.71    3.89    0.18  0.0606  0.4937  -64.2
2018 239 17 10   -0.44    4.42   -3.31  -613.8    24.6    24.2   3.78   241881  2.86   211   -56  0  0  0.3378   2.77   -2.07    4.27   -1.97  0.0617  0.7948  -64.9
2018 239 17 20   -2.06    4.48   -2.84  -611.9    33.1    33.7   3.46   218527  2.61   340   -56  0  0  0.3370   2.52   -0.97    4.20   -3.12  0.0274  0.9824  -65.7
2018 239 17 30   -0.02    3.59   -4.13  -620.9    20.3    37.1   3.38   222073  2.62   671   -56  0  0  0.3359   2.54   -0.87    4.20   -3.32  0.0167  1.0268  -66.1
2018 239 17 40   -0.87    3.93   -2.57  -617.2    30.5    26.5   3.87   256430  2.96  1249   -55  0  0  0.3345   2.87   -0.52    3.73   -3.46  0.0122  0.9831  -66.8
2018 239 17 50   -0.38    0.81   -4.96  -611.3    39.5    20.7   3.37   259085  2.53  1261   -59  0  0  0.3327   2.45   -0.44    3.25   -3.05  0.0206  0.8516  -67.7
2018 239 18  0   -1.82    2.43   -3.89  -593.2    33.4    13.2   3.95   235476  2.79  1160   -61  0  0  0.3307   2.70   -0.45    2.55   -2.58  0.0292  0.6714  -68.4
2018 239 18 10    2.24    2.57   -4.61  -624.9    30.2    18.6   2.88   201282  2.26  1183   -60  0  0  0.3283   2.19   -0.87    1.68   -2.79  0.0279  0.5761  -68.3
2018 239 18 20   -0.39    3.55   -2.38  -617.0    24.1    14.2   3.38   262849  2.58   978   -59  0  0  0.3256   2.50    0.01    1.91   -3.20  0.0182  0.6784  -67.5
2018 239 18 30   -2.90    0.80   -3.82  -618.2    31.9    24.6   2.99   189119  2.30   720   -58  0  0  0.3226   2.22   -0.01    2.12   -3.53  0.0132  0.7627  -67.2
2018 239 18 40   -3.35    3.43   -1.91  -613.4    33.3    12.1   3.56   272964  2.69   517   -59  0  0  0.3193   2.60   -0.92    2.21   -3.34  0.0132  0.6840  -66.4
2018 239 18 50   -2.75    5.08   -0.89  -616.7    11.1     9.7   3.12   262483  2.37   445   -56  0  0  0.3157   2.30   -2.47    2.40   -2.78  0.0370  0.6311  -65.8
2018 239 19  0   -1.68    5.28    0.79  -621.9    28.5    11.9   2.98   254434  2.31   462   -57  0  0  0.3119   2.24   -2.83    3.24   -1.75  0.1025  0.5900  -64.7
2018 239 19 10   -2.79    3.61    1.30  -614.7    11.6    11.0   3.12   280217  2.36   392   -56  0 -1  0.3078   2.29   -2.40    4.47    0.13  0.1251  0.5623  -64.2
2018 239 19 20   -1.22    3.65    3.21  -610.1    22.9     3.9   2.93   265939  2.18   289   -56  0  0  0.3034   2.12   -2.09    4.22    1.40  0.1035  0.3559  -63.8
2018 239 19 30   -0.63    0.34   -0.77  -618.1    36.5    11.5   3.36   296636  2.58   189   -54  0  0  0.2988   2.50   -1.93    3.19    2.01  0.0319  0.1971  -63.3
2018 239 19 40   -1.92   -0.93   -0.17  -609.6    56.4    20.1   3.15   221226  2.36   175   -53  0  0  0.2939   2.29   -1.78    1.59    1.02  0.0088  0.2348  -63.2
2018 239 19 50    1.21    3.12    2.02  -632.4    34.0     5.8   3.25   277125  2.61   197   -55  0  0  0.2888   2.53   -1.21    1.21    0.73  0.0063  0.2341  -63.0
2018 239 20  0   -3.27    1.29    0.81  -596.8    33.8    12.1   3.50   231363  2.50   108   -54  0  0  0.2834   2.42   -1.27    1.23    0.64  0.0073  0.2175  -62.8
2018 239 20 10   -1.29    3.08    1.64  -607.6    16.7    11.3   3.17   243337  2.34    92   -52  0  0  0.2779   2.27   -1.61    2.05    1.49  0.0097  0.1137  -62.0
2018 239 20 20   -3.53    1.09   -0.07  -590.5    38.4    11.1   3.41   259719  2.39   100   -50  0  0  0.2722   2.31   -2.31    1.97    1.34  0.0148  0.1133  -60.7
2018 239 20 30   -3.09    1.66   -1.98  -600.5    29.0     5.7   2.87   262501  2.07   105   -50  0  0  0.2662   2.01   -2.76    1.85    0.80  0.0224  0.1787  -59.8
2018 239 20 40   -3.69    1.54   -1.12  -598.0    25.8     3.8   2.82   238619  2.02    86   -51  0  0  0.2601   1.96   -3.09    1.81   -0.12  0.0225  0.3254  -59.3
2018 239 20 50   -1.50    2.68   -1.32  -614.4    29.6    27.1   3.23   254743  2.45   125   -50  0  0  0.2539   2.37   -3.29    1.82   -0.51  0.0344  0.3982  -59.0
2018 239 21  0   -1.80    1.71   -0.01  -611.7    32.0    -7.6   3.10   240452  2.33   249   -49  0  0  0.2474   2.25   -2.78    2.17   -0.82  0.0371  0.4969  -59.1
2018 239 21 10   -1.57    0.58    3.87  -609.5    30.8   -20.0   2.82   218024  2.10   456   -52  0 -1  0.2409   2.04   -2.24    1.99    0.45  0.0396  0.3472  -59.6
2018 239 21 20   -3.70    1.16    2.21  -600.2    28.1    -2.1   3.01   214089  2.17   413   -54  0  0  0.2342   2.10   -1.97    1.77    1.49  0.0184  0.2286  -60.3
2018 239 21 30   -3.85    1.35    2.06  -595.6    27.9     2.2   2.71   195738  1.93   483   -53  0  0  0.2274   1.87   -2.61    1.23    2.52  0.0049  0.0350  -60.1
2018 239 21 40   -3.88    1.69    1.39  -597.4    14.4     7.7   2.81   177137  2.01   275   -51  0  0  0.2205   1.94   -3.31    1.38    2.32  0.0007  0.0253  -59.3
2018 239 21 50   -0.65    2.24    3.61  -600.9    30.4    -7.6   2.75   195046  1.99   213   -51  0  0  0.2135   1.93   -3.03    1.62    2.14  0.0014  0.0375  -58.6
2018 239 22  0   -2.47    2.34    2.79  -592.4    30.7   -15.7   2.62   228306  1.85   215   -50  0  0  0.2064   1.79   -2.28    1.94    2.57  0.0016  0.0427  -58.5
2018 239 22 10   -2.73    2.08    2.70  -591.3    28.2    -2.5   2.61   201653  1.83   256   -52  0 -1  0.1993   1.77   -1.85    2.17    2.80  0.0019  0.0479  -58.8
2018 239 22 20   -4.12    1.52    0.38  -578.0    28.5    12.8   2.45   152507  1.64   190   -53  0  0  0.1921   1.59   -2.33    2.28    2.67  0.0038  0.0629  -58.6
2018 239 22 30   -3.80    1.38    2.22  -585.2    32.7    -4.6   2.61   160693  1.79   188   -50  0  0  0.1849   1.74   -3.14    2.09    2.12  0.0052  0.0721  -58.1
2018 239 22 40   -3.58    1.65    1.98  -586.4    18.5    -5.0   2.58   194569  1.78   197   -50  0  0  0.1777   1.72   -3.46    1.92    2.00  0.0052  0.0690  -57.3
2018 239 22 50   -3.23    1.95    2.69  -584.3    20.5    -8.7   2.34   145561  1.60   171   -50  0  0  0.1705   1.55   -3.62    1.62    2.20  0.0026  0.0420  -56.8
2018 239 23  0   -3.42    1.93    2.29  -583.8    20.6    -2.8   2.42   145924  1.65   110   -50  0  0  0.1632   1.60   -3.50    1.73    2.38  0.0014  0.0378  -56.4
2018 239 23 10   -3.09    3.08    1.70  -584.9    24.5    -0.8   2.49   131713  1.71    85   -49  0  0  0.1560   1.65   -3.38    2.04    2.20  0.0086  0.0746  -55.9
2018 239 23 20   -3.01    3.16    2.01  -586.6    21.0   -18.5   2.32   116554  1.60    79   -49  0  0  0.1489   1.55   -3.19    2.46    2.14  0.0107  0.1003  -55.8
2018 239 23 30   -2.97    3.39    1.15  -583.4     7.0     6.7   2.72   137828  1.85    64   -49  0  0  0.1417   1.79   -3.09    2.80    1.98  0.0166  0.1369  -55.8
2018 239 23 40   -2.77    2.70    1.26  -582.8    17.5    -1.9   2.81   123040  1.91    53   -48  0  0  0.1347   1.85   -3.02    2.99    1.83  0.0216  0.1606  -55.6
