2024  84 15 39    8.92  -17.24  -17.68  -754.0    -5.6  -140.2  13.23   934755 15.56  1300   -84  0  0  0.1825  15.07    7.61  -16.85   -9.62 -1.2273  2.8690 -119.1
2024  84 15 40    6.07  -20.95   -6.20  -764.7   -15.2  -111.0  14.56  1042509 17.42  1274   -88  0  0  0.1827  16.85    7.70  -17.18  -10.29 -1.2115  2.9766 -120.8
2024  84 15 41    7.00  -17.68   -6.55  -775.6   -25.0   -81.2  15.91  1152162 19.37  1439   -91  0  0  0.1830  18.76    7.70  -17.43  -10.52 -1.1705  3.0268 -122.7
2024  84 15 42    9.72  -17.20   -7.97  -766.0   -49.0   -87.9  14.45   953402 17.25  1573   -92  0  0  0.1832  16.71    7.63  -17.71  -10.64 -1.1810  3.0642 -124.7
2024  84 15 43   11.98  -18.22   -5.02  -765.6   -50.1   -88.1  14.40   946643 17.18  1532   -97  0  0  0.1834  16.64    7.62  -18.19  -11.03 -1.2054  3.1617 -126.7
2024  84 15 44    9.35  -20.64   -8.43  -754.4   -70.4   -65.4  16.11  1265004 18.63  1415  -101  0  0  0.1837  18.05    7.70  -18.59  -11.06 -1.2526  3.1941 -128.6
2024  84 15 45    9.26  -19.58  -15.89  -769.5   -23.7  -114.5  14.16   986454 17.19  1482  -102  0  0  0.1839  16.62    7.76  -18.68  -10.99 -1.2721  3.1914 -130.5
2024  84 15 46    8.46  -21.14  -13.70  -776.1   -13.0  -136.3  13.00   875335 16.15  1527  -104  0  0  0.1841  15.64    7.85  -18.63  -11.18 -1.2482  3.2100 -132.5
2024  84 15 47    9.44  -21.57  -12.73  -780.8   -21.8  -152.1  11.62   815492 14.71  1556  -105  0  0  0.1843  14.25    8.02  -18.63  -11.52 -1.1641  3.2553 -134.3
2024  84 15 48    7.26  -19.95  -16.48  -780.2   -21.1  -149.9  11.74   838320 14.83  1420  -106  0  0  0.1845  14.36    8.02  -18.94  -11.55 -1.1797  3.2864 -136.2
2024  84 15 49    5.08  -17.22  -19.14  -773.6   -12.6  -123.4  13.15  1109156 16.14  1414  -106  0  0  0.1848  15.64    7.91  -19.28  -11.71 -1.1856  3.3345 -138.2
2024  84 15 50    4.81  -17.42  -19.14  -773.6   -12.6  -123.4  13.15  1109156 16.14  1530  -109  0  0  0.1850  15.64    7.88  -19.19  -12.09 -1.1452  3.3632 -140.1
2024  84 15 51    7.04  -18.98  -17.17  -778.2    -4.9  -111.2  12.50  1028752 15.45  1589  -108  0  0  0.1852  14.96    7.86  -18.97  -12.47 -1.0821  3.3855 -142.3
2024  84 15 52    9.49  -20.00  -15.04  -777.6    -3.9  -118.7  11.80   968894 14.60  1651  -111  0  0  0.1854  14.14    7.92  -18.77  -12.86 -0.9898  3.4164 -144.5
2024  84 15 53   10.09  -20.72  -13.37  -787.3    -6.0  -114.9  11.97   889792 15.16  1895  -114  0  0  0.1856  14.68    8.17  -18.59  -13.42 -0.8286  3.4738 -146.6
2024  84 15 54   10.01  -19.63  -15.07  -798.4    -9.2  -105.0  12.70   850991 16.48  1921  -118  0  0  0.1858  15.95    8.37  -18.45  -14.00 -0.7169  3.5393 -148.6
2024  84 15 55   10.09  -18.35  -15.59  -803.5    16.8  -124.1  14.08   840975 18.62  2005  -120  0  0  0.1860  18.04    8.59  -18.24  -14.43 -0.5718  3.5835 -150.7
2024  84 15 56   10.84  -16.64  -17.40  -802.0     9.3  -125.3  14.00   745124 18.45  2178  -124  0  0  0.1862  17.87    8.80  -18.05  -14.67 -0.5234  3.6036 -152.9
2024  84 15 57    6.30  -16.28  -14.87  -804.0    -5.0  -119.2  13.59   675596 17.97  2155  -127  0  0  0.1864  17.39    8.94  -17.91  -14.89 -0.5016  3.6188 -155.0
2024  84 15 58    9.04  -17.57  -13.57  -813.3   -12.1  -102.3  12.98   829601 17.45  2224  -130  0  0  0.1865  16.90    8.90  -17.65  -15.07 -0.4640  3.6295 -157.1
2024  84 15 59    9.88  -17.45  -14.14  -793.4   -11.9  -102.2  14.39   969667 18.42  2134  -134  0  0  0.1867  17.84    8.88  -17.49  -15.14 -0.4459  3.6370 -159.1
2024  84 16  0    9.46  -17.69  -15.23  -793.4   -11.9  -102.2  14.39   969667 18.42  2111  -137  0  0  0.1869  17.84    8.84  -17.77  -14.92 -0.4529  3.6672 -161.0
2024  84 16  1   10.72  -16.42  -15.89  -784.9     4.3  -115.2  12.48   737384 15.71  2024  -140  0  0  0.1871  15.21    8.83  -17.91  -14.77 -0.4582  3.6777 -163.1
2024  84 16  2    9.29  -16.00  -16.97  -784.9     4.3  -115.2  12.48   737384 15.71  1888  -145  0  0  0.1873  15.21    8.87  -17.94  -14.68 -0.4602  3.6780 -165.2
2024  84 16  3    9.57  -16.53  -16.98  -787.5    -0.4  -128.9  12.76   778899 16.26  1712  -148  0  0  0.1874  15.74    8.87  -17.85  -14.74 -0.4544  3.6794 -167.3
2024  84 16  4   10.25  -16.94  -15.82  -785.3   -11.3  -122.3  12.80   770337 16.18  1785  -149  0  0  0.1876  15.66    9.03  -17.56  -15.13 -0.3577  3.7058 -169.6
2024  84 16  5    8.75  -18.23  -13.34  -782.0   -28.8   -91.1  14.13   902231 17.54  1853  -151  0  0  0.1878  16.99    9.16  -17.53  -15.24 -0.3496  3.7139 -171.8
2024  84 16  6   10.17  -14.83  -17.54  -782.1   -29.3   -89.5  14.28   918284 17.73  1641  -154  0  0  0.1879  17.16    9.05  -17.79  -14.95 -0.3591  3.7297 -174.0
2024  84 16  7    8.74   -9.41  -19.92  -780.9   -17.8  -116.2  13.69   688349 17.07  1595  -156  0  0  0.1881  16.54    9.02  -17.84  -14.77 -0.3604  3.7295 -176.0
2024  84 16  8    6.50  -13.78  -18.66  -784.1   -16.7  -115.0  13.50   719753 16.96  1381  -157  0  0  0.1882  16.43    8.92  -17.72  -14.66 -0.3603  3.7113 -177.8
2024  84 16  9    2.49  -14.87  -14.26  -803.3   -17.8   -77.9  13.34   854218 17.39  2045  -158  0  0  0.1884  16.84    8.79  -17.81  -14.52 -0.3610  3.7238 -179.3
2024  84 16 10    0.06  -12.20  -13.27  -792.1   -51.5   -89.6  17.21   921708 21.98  2141  -161  0  0  0.1885  21.27    8.57  -17.73  -14.40 -0.3617  3.7177 -181.1
2024  84 16 11    3.82   -7.51  -21.63  -786.1   -67.8   -96.4  19.10   951372 24.14  2010  -162  0  0  0.1887  23.38    8.37  -17.44  -14.64 -0.3068  3.7267 -182.6
2024  84 16 12    6.02   -1.57  -21.51  -786.9   -25.9   -99.3  16.31  1202800 20.54  1923  -164  0  0  0.1888  19.90    8.27  -17.10  -15.14 -0.2680  3.7214 -183.8
2024  84 16 13    0.62    6.18  -11.27  -786.9   -25.9   -99.3  16.31  1202800 20.54  1913  -166  0  0  0.1890  19.90    8.14  -16.58  -15.59 -0.2434  3.6546 -184.7
2024  84 16 14  -12.86   10.02    3.96  -818.6    19.8   -79.9  16.46   675135 22.29  1991  -167  0  0  0.1891  21.58    7.76  -15.76  -15.80 -0.1905  3.6415 -185.4
2024  84 16 15  -13.64   12.17    6.36  -814.6     9.7   -80.7  17.36   635990 23.30  2233  -168  0  0  0.1892  22.54    7.02  -14.74  -15.39 -0.1302  3.5613 -185.9
2024  84 16 16  -12.58    6.03   14.50  -809.7   -14.5   -67.2  17.69   752819 23.39  2433  -170  0  0  0.1894  22.63    6.26  -13.68  -14.65 -0.1054  3.4527 -186.2
2024  84 16 17  -10.00    9.12   13.41  -790.7   -22.8   -90.1  19.31   759387 24.41  2376  -168  0 -1  0.1895  23.71    5.56  -12.78  -13.71 -0.0906  3.3224 -186.5
2024  84 16 18   15.36   -0.60  -18.15  -771.8   -31.0  -113.0  20.92   765956 25.43  2322  -171  0 -1  0.1896  24.69    4.91  -11.76  -12.83 -0.0720  3.1958 -186.7
2024  84 16 19   14.15   -3.82  -20.42  -752.8   -39.3  -135.9  22.54   772524 26.45  2585  -172  0  0  0.1897  25.62    5.18  -11.11  -12.89 -0.0652  3.0746 -186.7
2024  84 16 20   14.28   -2.51  -22.07  -752.8   -39.3  -135.9  22.54   772524 26.45  2340  -172  0  0  0.1899  25.62    5.48  -10.66  -12.93 -0.0631  2.9974 -186.4
2024  84 16 21   13.16   -0.91  -22.57  -765.4   -33.5  -117.1  16.46   773892 19.77  2393  -174  0  0  0.1900  19.15    5.80  -10.17  -13.03 -0.0609  2.9060 -185.9
2024  84 16 22   12.08   -2.03  -18.12  -765.4   -33.5  -117.1  16.46   773892 19.77  2442  -170  0  0  0.1901  19.15    6.00   -9.56  -13.21 -0.0561  2.7929 -185.4
2024  84 16 23    2.83   14.53   -4.71  -765.4   -33.5  -117.1  16.46   773892 19.77  2301  -162  0  0  0.1902  19.15    6.09   -8.97  -13.31 -0.0472  2.6982 -184.9
2024  84 16 24   -6.23   15.98   15.50  -768.0     3.5   -86.6  26.11   432701 31.19  1867  -159  0  0  0.1903  30.21    5.85   -7.79  -13.02  0.0051  2.6474 -184.2
2024  84 16 25  -10.83   12.13   20.96  -768.0     3.5   -86.6  26.11   432701 31.19  1757  -157  0  0  0.1904  30.21    5.31   -6.60  -12.01  0.0184  2.5236 -183.8
2024  84 16 26  -11.49   10.73   20.51  -774.8     6.8   -78.5  24.56   367510 29.72  1903  -152  0 -1  0.1905  28.85    4.61   -5.59  -10.79  0.0254  2.3910 -183.0
2024  84 16 27  -14.44    5.45   23.95  -781.6    10.0   -70.3  23.01   302320 28.25  2066  -142  0 -1  0.1906  27.45    3.86   -4.68   -9.52  0.0284  2.2588 -182.1
2024  84 16 28  -13.84    6.24   23.65  -788.4    13.2   -62.2  21.46   237129 26.78  2343  -141  0 -1  0.1907  26.01    3.17   -3.95   -8.23  0.0330  2.1308 -181.2
2024  84 16 29  -15.13    4.12   25.42  -795.2    16.5   -54.1  19.91   171938 25.31  2467  -141  0  0  0.1908  24.51    2.41   -3.16   -6.99  0.0413  2.0016 -180.2
2024  84 16 30  -15.78    2.02   27.48  -801.0    -1.0   -37.5  18.20   148420 23.42  2233  -141  0  0  0.1909  22.67    1.58   -2.44   -5.67  0.0484  1.8749 -179.3
2024  84 16 31  -16.16   -0.38   26.30  -804.1   -10.9   -29.7  17.31   135601 22.42  2031  -138  0  0  0.1910  21.71    0.73   -1.78   -4.25  0.0543  1.7446 -178.3
2024  84 16 32  -15.56   -2.43   26.07  -807.8   -32.4   -32.3  16.35   113693 21.41  2113  -140  0  0  0.1911  20.73   -0.16   -1.25   -2.84  0.0577  1.6177 -177.1
2024  84 16 33  -15.59    4.71   27.49  -806.8   -31.2   -34.1  15.75   113650 20.58  2274  -140  0  0  0.1911  19.92   -0.99   -0.79   -1.41  0.0601  1.4899 -175.9
2024  84 16 34  -16.47    4.50   29.04  -800.7   -23.7   -45.3  11.95   113378 15.39  2080  -139  0  0  0.1912  14.90   -1.83   -0.09    0.08  0.0629  1.3594 -174.6
2024  84 16 35  -15.60    5.43   29.51  -800.7   -23.7   -45.3  11.95   113378 15.39  1835  -139  0  0  0.1913  14.90   -2.72    0.63    1.57  0.0669  1.2309 -173.2
2024  84 16 36  -15.38    6.56   29.40  -780.3   -13.9   -61.1  12.17   208322 14.91  1471  -140  0  0  0.1914  14.45   -3.53    1.42    3.00  0.0765  1.1072 -172.0
2024  84 16 37  -13.31    9.59   28.08  -780.3   -13.9   -61.1  12.17   208322 14.91  1256  -140  0  0  0.1914  14.45   -4.38    2.13    4.56  0.0780  0.9837 -170.7
2024  84 16 38  -13.48    7.05   27.12  -780.3   -13.9   -61.1  12.17   208322 14.91  1205  -136  0  0  0.1915  14.45   -5.12    2.76    6.17  0.0780  0.8830 -169.4
2024  84 16 39  -13.71    4.49   27.59  -795.6   -32.1   -50.4  17.13   245876 21.81  1225  -135  0  0  0.1916  21.12   -5.78    3.46    7.69  0.0788  0.7608 -167.9
2024  84 16 40  -12.98    3.65   28.00  -795.6   -32.1   -50.4  17.13   245876 21.81  1229  -133  0  0  0.1916  21.12   -6.32    4.10    9.09  0.0822  0.6397 -166.0
2024  84 16 41  -13.67    3.30   28.25  -795.6   -32.1   -50.4  17.13   245876 21.81  1244  -131  0  0  0.1917  21.12   -6.76    4.63   10.46  0.0842  0.5313 -164.9
2024  84 16 42  -13.65    4.28   27.85  -790.0   -41.9   -57.5  15.77   246184 19.84  1168  -129  0  0  0.1917  19.22   -7.34    4.99   12.12  0.0842  0.4406 -164.6
2024  84 16 43  -14.12    2.29   26.61  -790.0   -41.9   -57.5  15.77   246184 19.84  1177  -130  0  0  0.1918  19.22   -8.00    5.19   13.77  0.0842  0.4077 -164.3
2024  84 16 44  -12.50    2.20   28.08  -773.5   -40.4   -81.9  16.07   346786 19.50  1065  -138  0  0  0.1918  18.88   -8.49    5.06   15.03  0.0841  0.3319 -163.5
2024  84 16 45  -12.72    2.43   28.72  -773.5   -40.4   -81.9  16.07   346786 19.50   988  -137  0  0  0.1919  18.88   -8.48    4.80   15.84  0.0608  0.3062 -162.6
2024  84 16 46  -15.59    1.00   27.49  -797.8   -66.7   -79.2  15.85   276895 20.53  1224  -131  0  0  0.1919  19.87   -8.45    4.47   16.58  0.0433  0.2828 -161.7
2024  84 16 47  -18.38   -1.52   23.41  -806.7   -76.3   -78.2  15.78   251383 20.92  1262  -128  0  0  0.1919  20.26   -8.55    4.30   17.01  0.0433  0.2817 -160.8
2024  84 16 48  -20.94   -4.61   17.30  -821.9   -60.2   -40.6  17.18   174648 23.39  1257  -126  0  0  0.1920  22.66   -8.82    3.95   17.35  0.0429  0.2776 -159.9
2024  84 16 49  -17.91   -5.18   19.83  -822.7   -59.3   -38.6  17.25   170522 23.52  1330  -125  0  0  0.1920  22.78  -10.03    3.82   18.53  0.0429  0.2609 -159.2
2024  84 16 50  -15.84   -2.77   22.31  -812.5   -69.4   -31.1  20.15   219983 26.84  1213  -126  0  0  0.1920  25.99  -11.10    3.77   19.87  0.0429  0.2048 -158.7
2024  84 16 51  -16.30   -3.42   21.05  -812.5   -69.4   -31.1  20.15   219983 26.84  1271  -116  0  0  0.1920  25.99  -12.11    3.76   21.35  0.0429  0.1618 -158.2
2024  84 16 52  -15.70   -1.86   19.90  -812.5   -69.4   -31.1  20.15   219983 26.84  1416  -107  0  0  0.1921  25.99  -13.09    3.68   22.80  0.0429  0.1396 -157.5
2024  84 16 53  -15.37   -5.28   18.18  -820.0   -54.1   -27.8  15.46   248882 20.82  1230  -106  0 -1  0.1921  20.25  -14.02    3.68   24.07  0.0429  0.1018 -156.7
2024  84 16 54  -18.50   -4.96   21.11  -827.6   -38.7   -24.4  10.77   277781 14.80  1358  -113  0  0  0.1921  14.33  -14.62    3.02   24.83  0.0049  0.0219 -155.9
2024  84 16 55  -16.34   -4.88   17.45  -818.0   -81.6   -50.8  19.72   223658 26.81  1243  -125  0  0  0.1921  25.91  -15.03    2.33   25.02  0.0005  0.0100 -154.9
2024  84 16 56  -14.60   -2.13   20.76  -815.6   -80.3   -48.6  19.43   210679 26.24  1193  -144  0  0  0.1921  25.37  -15.21    1.76   24.90  0.0002  0.0070 -154.0
2024  84 16 57  -13.55   -5.82   21.83  -783.5   -33.0   -45.6  17.62   402112 21.75  1224  -141  0  0  0.1921  21.06  -15.32    1.33   24.91  0.0000  0.0044 -153.3
2024  84 16 58  -14.43   -7.01   21.97  -770.8   -18.1   -68.2  13.67   469477 16.39  1321  -132  0  0  0.1921  15.86  -15.29    0.95   24.84  0.0000  0.0046 -153.0
2024  84 16 59  -14.07   -6.36   22.84  -759.6   -12.3   -81.6  11.45   484945 13.37  1315  -128  0  0  0.1921  12.95  -15.31    0.51   24.79 -0.0000  0.0048 -152.6
2024  84 17  0  -13.22   -4.86   23.66  -772.0    -8.8   -54.6  12.21   378548 14.68  1108  -121  0 -1  0.1921  14.17  -15.27    0.16   24.70 -0.0000  0.0051 -152.1
2024  84 17  1  -14.09   -7.42   21.13  -784.3    -5.3   -27.7  12.98   272152 15.99  1214  -117  0  0  0.1921  15.49  -15.19   -0.07   24.57 -0.0000  0.0053 -151.4
2024  84 17  2  -13.93   -6.82   21.79  -784.3    -5.3   -27.7  12.98   272152 15.99  1182  -118  0  0  0.1921  15.49  -15.12   -0.30   24.40 -0.0000  0.0060 -150.6
2024  84 17  3   -8.91   -5.35   22.23  -784.3    -5.3   -27.7  12.98   272152 15.99  1025  -120  0  0  0.1921  15.49  -15.06   -0.45   24.26 -0.0000  0.0066 -150.0
2024  84 17  4  -11.19   -8.45   20.13  -786.3   -20.8   -31.3  13.86   270171 17.19   737  -118  0 -1  0.1921  16.64  -14.84   -0.78   24.08 -0.0000  0.0067 -149.4
2024  84 17  5  -13.04  -10.76   18.39  -788.4   -36.4   -34.9  14.73   268190 18.39   843  -114  0  0  0.1920  17.81  -14.67   -1.21   23.79 -0.0001  0.0080 -148.7
2024  84 17  6  -11.72  -11.25   18.19  -788.4   -36.4   -34.9  14.73   268190 18.39   855  -109  0  0  0.1920  17.81  -14.58   -1.75   23.42 -0.0003  0.0112 -147.9
2024  84 17  7  -10.60   -9.71   19.17  -788.4   -36.4   -34.9  14.73   268190 18.39   799  -102  0  0  0.1920  17.81  -14.46   -2.35   23.04 -0.0006  0.0148 -147.4
2024  84 17  8  -10.46  -10.34   19.24  -772.7   -13.3   -40.7  13.69   228157 16.40   640  -104  0  0  0.1920  15.88  -14.37   -2.99   22.74 -0.0007  0.0162 -147.0
