2023 309  0 30   -1.36   -8.48    7.65  -311.5    38.1    14.5  23.58    63767  4.66   157   -46  0  0 -0.3460   4.51   -4.40  -12.63    2.60 -0.1511  0.3582  -54.7
2023 309  0 40   -1.45   -8.76    7.73  -309.6    35.2    22.9  19.57    65534  3.82    99   -32  0 -1 -0.3522   3.70   -2.78  -10.66    4.98 -0.0846  0.2233  -53.9
2023 309  0 50   -1.74   -9.18    7.63  -310.7    31.7    23.1  20.77    68709  4.07    91   -34  0  0 -0.3583   3.95   -2.35   -9.93    5.93 -0.0612  0.1774  -51.6
2023 309  1  0   -1.66   -8.67    9.44  -313.5    23.9     8.9  19.21    47026  3.80    78   -30  0  0 -0.3642   3.68   -1.43   -8.83    7.87 -0.0093  0.0840  -50.3
2023 309  1 10   -1.81  -10.89    7.49  -310.2    37.3    -0.1  15.44    34919  3.01    82   -32  0  0 -0.3699   2.92   -1.48   -9.29    7.83 -0.0123  0.0953  -48.3
2023 309  1 20   -3.17  -13.85    3.81  -315.0    26.6   -10.0  10.09    31065  2.02    94   -35  0  0 -0.3755   1.96   -1.81  -10.46    7.09 -0.0309  0.1434  -47.3
2023 309  1 30   -2.85  -13.54    3.67  -318.0    30.3   -12.4  10.01    32620  2.05    46   -37  0  0 -0.3809   1.98   -2.30  -12.03    5.84 -0.0596  0.2210  -46.5
2023 309  1 40   -2.45  -13.11    3.92  -315.0    43.0    -7.0  12.83    27050  2.59    34   -32  0  0 -0.3860   2.51   -2.60  -13.13    4.57 -0.0855  0.2849  -45.0
2023 309  1 50   -2.42  -13.52    3.39  -314.7    40.1    -8.9  11.90    30900  2.40    31   -28  0  0 -0.3909   2.32   -2.56  -13.43    3.97 -0.1014  0.3130  -43.7
2023 309  2  0   -2.06  -13.00    3.13  -314.6    40.7   -10.8  12.02    27888  2.42    40   -29  0  0 -0.3957   2.35   -2.34  -13.25    3.68 -0.1125  0.3186  -42.9
2023 309  2 10   -2.08  -11.80    5.11  -316.1    46.5     6.8  15.23    27809  3.11    45   -25  0 -1 -0.4001   3.01   -2.24  -12.94    3.54 -0.1185  0.3162  -42.5
2023 309  2 20   -1.32  -12.68    2.26  -315.0    34.2    -3.7  15.05    38904  3.02    30   -24  0  0 -0.4043   2.93   -2.08  -12.58    3.70 -0.1123  0.3012  -42.2
2023 309  2 30   -1.45  -11.09    4.09  -314.2     8.6     1.5  10.71    75517  2.12    39   -29  0  0 -0.4083   2.05   -1.67  -12.45    3.43 -0.1204  0.3076  -43.0
2023 309  2 40   -2.95   -7.75    8.36  -332.6    28.7    57.1  12.21    80039  2.80    18   -30  0 -1 -0.4120   2.71   -2.01  -10.75    5.22 -0.0854  0.2282  -43.6
2023 309  2 50   -2.91   -9.79    5.55  -327.0     7.7    34.4  12.59    90624  2.73    22   -27  0 -1 -0.4154   2.64   -2.43   -9.70    6.10 -0.0600  0.1787  -44.1
2023 309  3  0   -3.08    1.97   10.04  -323.5    34.9    34.0  15.61   101030  3.34    30   -27  0  0 -0.4185   3.24   -3.09   -8.01    7.72 -0.0130  0.0913  -42.3
2023 309  3 10   -3.47   -3.60    8.46  -324.1    29.7    26.0  14.50   119602  3.10    33   -22  0 -1 -0.4213   2.99   -3.10   -5.25    8.17 -0.0105  0.0726  -41.2
2023 309  3 20   -3.55   -3.34    9.69  -325.6    25.1    37.6  13.20    88056  2.86    28   -23  0  0 -0.4239   2.76   -3.24   -2.91    9.03 -0.0047  0.0340  -40.7
2023 309  3 30   -4.03   -8.02    1.40  -319.8    24.1    -5.5  23.20   171809  4.78    19   -24  0  0 -0.4261   4.62   -3.36   -1.67    9.10 -0.0154  0.0261  -40.9
2023 309  3 40   -1.83  -12.76   -2.89  -329.1     3.6    12.4   6.06    43746  1.31    28   -34  0  0 -0.4280   1.27   -3.21   -5.94    4.93 -0.0587  0.2159  -40.9
2023 309  3 50    3.26   -7.78   -8.31  -324.8     5.3     9.1   6.03    47950  1.27    11   -32  0 -1 -0.4296   1.23   -2.66   -9.55    0.87 -0.0946  0.4236  -38.3
2023 309  4  0    5.46   -5.77   -9.38  -323.1     6.9    11.6   6.82    52793  1.42    34   -24 -1 -1 -0.4309   1.38    0.07  -10.25   -4.61 -0.0794  0.6194  -36.5
2023 309  4 10    6.79   -4.90   -9.06  -321.5     8.5    14.1   7.60    57635  1.57    72   -24 -1 -1 -0.4319   1.53    2.98   -8.18   -6.97 -0.0363  0.6398  -35.4
2023 309  4 20    6.96   -5.44   -8.45  -319.8    10.1    16.6   8.39    62477  1.72    31   -24 -1 -1 -0.4326   1.67    5.93   -5.56   -9.03 -0.0004  0.6243  -37.0
2023 309  4 30    5.93   -7.12   -7.77  -318.1    11.7    19.1   9.18    67319  1.87    35   -28 -1 -1 -0.4329   1.81    6.51   -5.51   -8.76 -0.0005  0.6146  -38.5
2023 309  4 40    0.37  -11.42    1.71  -322.1    10.5    29.4   8.97    59198  1.88    25   -27  0 -1 -0.4329   1.82    5.20   -7.28   -5.88 -0.0345  0.5548  -38.8
2023 309  4 50    3.20  -10.78   -2.65  -298.0     9.6    14.8  10.41    80072  1.86    20   -24  0  0 -0.4326   1.80    3.08   -9.55   -2.29 -0.0802  0.4799  -38.3
2023 309  5  0    2.02   -9.16    5.00  -312.9    15.4    29.3  12.50    72888  2.48    38   -22  0  0 -0.4320   2.40    1.71  -10.86    1.31 -0.1084  0.3601  -37.9
2023 309  5 10    8.20   -6.80    1.17  -317.7    16.0    11.5  21.23    66806  4.30    20   -19  0  0 -0.4310   4.17    2.01  -10.24    2.65 -0.0929  0.2761  -38.6
2023 309  5 20    0.33   -8.93    3.62  -321.5    12.1    12.7  17.28    62029  3.58    22   -21 -1  0 -0.4297   3.47    3.41   -8.90    2.84 -0.0681  0.2210  -39.4
2023 309  5 30   -3.97   -9.13    1.30  -315.9    13.8    11.6  19.63    67333  3.92    22   -20  0 -1 -0.4282   3.81    2.65   -8.53    3.03 -0.0668  0.2023  -39.4
2023 309  5 40   -0.55   -9.96    3.08  -322.9     8.3    16.3  15.64    63707  3.27    37   -18  0  0 -0.4262   3.17    1.14   -8.79    2.63 -0.0899  0.2309  -40.5
2023 309  5 50    2.07   -9.17    2.97  -319.4    18.1    13.0  19.23    74299  3.94    33   -22  0 -1 -0.4240   3.82   -0.49   -9.39    2.34 -0.1143  0.2717  -40.1
2023 309  6  0   -2.09   -7.44    6.14  -315.0    16.8    11.0  17.51    54632  3.49    33   -19  0  0 -0.4215   3.38   -0.09   -9.59    1.91 -0.1347  0.2964  -39.1
2023 309  6 10   -3.94   -3.66    8.76  -332.0     5.5    41.6  15.48    54015  3.47    39   -14  0  0 -0.4187   3.36   -0.50   -8.34    3.49 -0.0955  0.2207  -36.6
2023 309  6 20   -1.50   -8.79    4.99  -309.7    20.8     5.9  16.32    61565  3.15    46   -15  0  0 -0.4156   3.05   -1.47   -7.15    5.24 -0.0530  0.1368  -36.5
2023 309  6 30    0.66   -8.81    2.38  -313.3    -6.1    15.0  17.36    46118  3.42    37   -21  0 -1 -0.4122   3.31   -2.09   -6.95    5.95 -0.0218  0.0999  -37.1
2023 309  6 40   -0.03   -9.24    2.95  -312.1    -7.8    15.9  15.90    44497  3.11    48   -18  0  0 -0.4086   3.01   -1.10   -7.97    4.46 -0.0483  0.1613  -38.3
2023 309  6 50    0.08  -10.58    2.22  -313.3    10.8    11.8  15.88    48969  3.13    35   -21  0  0 -0.4047   3.03   -0.05   -9.21    3.07 -0.0758  0.2245  -37.6
2023 309  7  0    2.38  -11.24    2.58  -308.4     7.7    16.9  12.04    52568  2.30    27   -22  0 -1 -0.4005   2.23    0.35   -9.93    2.53 -0.0995  0.2654  -37.7
2023 309  7 10    2.35  -11.78   -0.47  -312.1     8.3    11.1  12.41    54555  2.42    25   -22  0 -1 -0.3960   2.35    1.02  -10.75    1.87 -0.1352  0.3177  -36.4
2023 309  7 20    1.00  -12.74   -2.69  -307.2    28.3    25.1   9.67    45268  1.85    28   -23  0  0 -0.3914   1.79    1.59  -11.49    0.51 -0.1631  0.4046  -36.1
2023 309  7 30    1.70  -11.52   -2.75  -316.8    24.2    16.9   9.80    46959  1.98    47   -23  0  0 -0.3865   1.92    1.81  -11.82   -1.29 -0.1532  0.5019  -36.1
2023 309  7 40    3.38  -11.57   -1.60  -320.1    23.6    15.4   9.13    59713  1.89    53   -26  0  0 -0.3814   1.83    1.89  -11.97   -2.26 -0.1267  0.5579  -35.9
2023 309  7 50    4.01  -12.46   -0.14  -316.2    13.8    13.8   8.29    45222  1.66    55   -22  0  0 -0.3760   1.61    2.38  -12.06   -2.31 -0.1187  0.5669  -35.7
2023 309  8  0    4.54  -12.26   -1.70  -318.1    14.4    14.6   8.64    43595  1.76    56   -24  0  0 -0.3705   1.70    3.33  -12.18   -1.64 -0.1463  0.5392  -34.2
2023 309  8 10    5.07  -11.87   -3.58  -314.1    10.1    10.3   7.05    43941  1.39    42   -22  0  0 -0.3648   1.35    4.20  -12.20   -1.71 -0.1438  0.5437  -34.1
2023 309  8 20    5.26  -11.64   -4.05  -313.3    12.3    10.9   6.89    39744  1.36    61   -23  0 -1 -0.3589   1.31    4.76  -12.09   -2.50 -0.1147  0.5757  -33.6
2023 309  8 30    5.17  -11.38   -4.46  -311.9    14.7    12.6   6.44    42322  1.26    52   -24  0 -1 -0.3529   1.22    5.23  -11.80   -3.81 -0.0720  0.6253  -34.2
2023 309  8 40    4.76  -11.42   -5.14  -316.2    13.7    11.6   7.82    34443  1.57    45   -25  0  0 -0.3467   1.52    5.28  -11.57   -4.85 -0.0490  0.6583  -34.1
2023 309  8 50    6.21  -11.00   -7.76  -308.7     1.3    11.7   6.42    48180  1.23    31   -25  0  0 -0.3404   1.19    5.41  -11.38   -5.59 -0.0401  0.6803  -33.0
2023 309  9  0    5.86  -11.16   -5.00  -311.2     5.3    15.6   4.67    36672  0.91    33   -25  0  0 -0.3340   0.88    5.64  -11.20   -6.52 -0.0315  0.7039  -27.8
2023 309  9 10    7.89   -9.79  -14.08  -372.8    -8.4   -28.1  27.85   163920  7.85   194     1  0  0 -0.3274   7.54    6.04  -10.97   -7.62 -0.0256  0.7233  -25.3
2023 309  9 20    5.55   -8.33  -15.03  -330.7   -14.6     1.5  14.74    75324  3.25   148     6  0  0 -0.3208   3.13    6.19  -10.32   -8.79 -0.0173  0.7587  -24.9
2023 309  9 30   12.41   -1.55  -20.68  -384.9   -15.6   -39.9  30.09   153497  9.06   245     7  0  0 -0.3140   8.74    6.53   -8.84  -11.97 -0.0108  0.8258  -29.6
2023 309  9 40   10.64   -6.09  -14.86  -425.9   -16.0   -48.6  27.27   149206 10.04   366     3  0  0 -0.3072   9.72    7.64   -7.53  -15.43 -0.0039  0.8923  -34.0
2023 309  9 50    6.09  -11.29  -16.35  -352.1     6.9   -24.9  20.02   128927  5.00   561    -4  0  0 -0.3004   4.83    8.02   -7.07  -17.19 -0.0034  0.9159  -36.2
2023 309 10  0    7.64   -7.74  -10.74  -372.2   -22.0   -59.9  29.74   151427  8.51   611    -4  0  0 -0.2935   8.21    9.40   -6.60  -18.36 -0.0040  0.9156  -39.5
2023 309 10 10    8.40  -10.21   -9.25  -373.6   -16.5   -60.7  29.58   167451  8.54   507   -20  0  0 -0.2865   8.22    9.11   -6.63  -15.46 -0.0053  0.8377  -46.6
2023 309 10 20   14.97   10.54  -15.86  -367.3   -24.1   -73.4  28.87   143546  8.13   691   -39  0  0 -0.2796   7.88   10.60   -3.62  -15.04 -0.0027  0.7073  -64.1
2023 309 10 30   12.01   21.56  -10.25  -369.6     6.2   -59.0  35.97   174059 10.09   696   -62  0 -1 -0.2726   9.76   11.19    0.99  -13.34 -0.0007  0.7702  -81.4
2023 309 10 40    3.06   20.35  -10.27  -393.0   -14.2   -48.4  29.38   235953  9.24   826   -70  0  0 -0.2657   8.93   12.11    9.52  -12.19  0.1040  0.9085  -94.6
2023 309 10 50    4.07   22.32   -1.31  -384.9     0.6   -32.8  37.42   185698 11.17   415   -71  0 -1 -0.2588  10.82    9.72   16.34   -9.39  0.3241  1.1326  -99.6
2023 309 11  0    8.42   14.38   -5.89  -375.6    16.8   -36.9  51.66   174285 14.71   687   -72  0 -1 -0.2519  14.28    5.98   20.39   -4.27  0.6384  1.0476 -106.0
2023 309 11 10    4.97   17.32   -0.94  -375.7    29.7   -37.8  55.85   146201 15.99   905   -81  0 -1 -0.2450  15.52    2.51   19.98   -2.14  0.7898  0.9420 -111.3
2023 309 11 20   -0.15   16.34    1.67  -367.5    27.5   -31.8  60.74   142179 16.61   965   -80  0 -1 -0.2382  16.10    1.27   18.88   -1.02  0.8927  0.8365 -111.2
2023 309 11 30    0.30   20.19    2.75  -372.5    32.2   -13.6  44.09    76758 12.34   824   -74  0  0 -0.2315  11.95    0.74   16.91   -0.29  0.7610  0.7374 -109.8
2023 309 11 40    0.10   -0.81  -14.36  -394.0   -39.8   -27.8  30.71   151937  9.68  1149   -90  0 -1 -0.2249   9.37    1.04   11.39   -6.97  0.5335  0.6979 -107.8
2023 309 11 50   -3.14   -5.60   20.22  -396.9    -5.2   -19.4  27.92    69366  8.84   676   -91  0 -1 -0.2184   8.54    0.32    4.30   -4.08  0.2109  0.4491 -109.7
2023 309 12  0   -4.88   -8.66   20.91  -399.0   -16.1   -10.0  20.69    35056  6.61   768   -97  0 -1 -0.2119   6.39   -1.14   -2.92    2.14  0.0271  0.2617 -110.9
2023 309 12 10   -5.77   -4.54   21.89  -395.4   -11.3    -9.1  25.48    39980  7.98   706   -99  0 -1 -0.2056   7.73   -3.40   -5.54   16.15 -0.0003  0.0370 -111.7
2023 309 12 20   -2.21  -11.10   21.10  -398.0   -18.2    -6.3  28.15    33264  8.94   543   -97  0  0 -0.1994   8.66   -4.25   -6.95   21.18 -0.0001  0.0092 -107.4
2023 309 12 30   -1.03  -16.01   18.01  -390.1   -17.5   -11.6  23.88    32803  7.29   319   -86  0  0 -0.1934   7.06   -3.65   -8.40   21.21 -0.0004  0.0175  -95.6
2023 309 12 40   -1.15  -21.55   27.43  -448.0   -23.7   -20.5  35.91    53589 14.49   487   -52  0  0 -0.1875  14.03   -2.42  -11.39   20.82 -0.0036  0.0476  -93.0
2023 309 12 50    3.42  -33.25   22.46  -484.6   -42.8   -45.2  33.09    53007 15.80   368   -59  0  0 -0.1818  15.30   -0.48  -18.38   21.48 -0.0791  0.1651  -93.7
2023 309 13  0    1.69  -29.87   25.95  -490.1   -15.1    -7.2  34.79    67819 16.73   340   -61  0  0 -0.1762  16.21    0.64  -24.61   23.72 -0.1250  0.2669 -100.6
2023 309 13 10    2.80  -30.74   15.95  -497.0   -28.6   -19.4  31.99    75346 15.88   283   -58  0  0 -0.1709  15.38    1.34  -28.55   24.84 -0.1754  0.3578  -99.2
2023 309 13 20   -5.27  -35.80   -1.61  -518.5   -21.9   -89.0  35.57   133588 19.73   250   -62  0  0 -0.1657  19.10    0.46  -30.93   17.55 -1.1060  0.7841  -97.4
2023 309 13 30    3.23  -36.68   -2.18  -503.1   -30.5   -85.7  31.79   154229 16.62   331   -46  0  0 -0.1607  16.10   -0.45  -33.14    8.24 -2.5418  1.2985  -94.7
2023 309 13 40   -2.49  -37.24   -5.03  -494.0   -31.6   -85.7  28.52   152989 14.40   383   -55  0  0 -0.1559  13.94   -1.15  -36.16   -0.75 -3.4767  1.8444  -90.6
2023 309 13 50    1.37  -33.68  -16.23  -483.0   -40.8   -74.1  28.54   128668 13.72   296   -47  0  0 -0.1514  13.29   -0.59  -36.04   -5.46 -2.8699  2.1019  -89.4
2023 309 14  0    1.29  -28.94  -23.09  -484.6   -43.1   -80.5  33.06   111515 16.08   292   -48  0  0 -0.1471  15.57    0.98  -34.66  -10.71 -1.5866  2.3354  -88.4
2023 309 14 10   11.00  -26.59  -21.09  -485.6   -41.0   -77.7  28.79    98795 14.02   356   -50  0  0 -0.1430  13.58    3.24  -32.14  -16.46 -0.6736  2.5666  -92.4
2023 309 14 20    4.73  -23.74  -22.87  -484.3   -29.6   -69.3  47.16   166863 22.66   570   -51  0  0 -0.1391  21.94    5.04  -29.08  -19.92 -0.3240  2.6315  -96.3
2023 309 14 30    3.80  -18.86  -27.02  -480.7   -29.4   -72.1  37.77   112173 17.92   494   -60  0 -1 -0.1356  17.35    5.55  -25.37  -22.82 -0.1386  2.5947 -102.6
2023 309 14 40    5.42  -18.24  -27.84  -479.1   -14.9   -75.2  39.92    92162 18.80   429   -69  0  0 -0.1322  18.20    5.00  -22.24  -24.72 -0.0688  2.5095 -107.3
2023 309 14 50    5.36  -15.92  -28.32  -475.5   -45.2   -82.5  36.97   111610 17.37   474   -77  0  0 -0.1291  16.82    4.66  -20.14  -25.89 -0.0281  2.4355 -111.7
2023 309 15  0    6.59  -14.79  -28.94  -474.1   -38.0   -69.2  35.60   134214 16.45   667   -76  0  0 -0.1263  15.93    5.22  -18.39  -27.05 -0.0160  2.3422 -116.9
2023 309 15 10   13.75    6.27  -15.97  -477.6   -45.2   -64.3  43.64   130237 20.49   875   -83  0 -1 -0.1238  19.80    6.47  -16.14  -26.72 -0.0115  2.1946 -124.3
2023 309 15 20   13.25    8.87  -17.47  -450.0   -19.7  -100.7  56.49   364584 24.08  1098   -88  0  0 -0.1215  23.31    9.75   -6.34  -22.77  0.0012  1.8822 -133.6
2023 309 15 30   11.12    7.45  -14.50  -468.9   -25.9   -84.3  64.28   176026 29.26  1229   -91  0  0 -0.1196  28.34   11.42    1.22  -18.61  0.0025  1.5738 -139.6
2023 309 15 40   11.41    9.77  -15.61  -469.7   -23.5   -87.4  44.67   253728 20.44  1050  -104  0  0 -0.1179  19.80   12.18    7.94  -15.43  0.0047  1.3173 -143.0
2023 309 15 50   11.13   10.10  -17.31  -467.2   -22.3   -91.0  42.50   333361 19.30  1059  -113  0  0 -0.1165  18.69   10.98    7.85  -16.15  0.0021  1.3462 -148.7
2023 309 16  0   11.31    4.95  -15.11  -464.7   -25.1   -82.8  53.74   180652 24.02  1231  -128  0  0 -0.1153  23.26   10.90    8.35  -16.57  0.0023  1.3957 -158.0
2023 309 16 10   12.08    7.77  -15.20  -462.5   -27.2   -85.0  47.96   309521 21.29  1065  -142  0  0 -0.1145  20.61   10.54    9.87  -16.01  0.0159  1.4970 -167.3
2023 309 16 20   16.04   12.63  -16.51  -475.6   -43.5   -64.1  36.87   258430 17.12   424  -148  0  0 -0.1140  16.58   11.66   10.57  -16.21  0.0177  1.5567 -176.5
2023 309 16 30   15.31    9.30  -14.19  -477.7   -38.8   -52.7  48.51   226517 22.56   612  -162  0  0 -0.1138  21.84   13.26   11.42  -15.67  0.0196  1.6311 -184.8
2023 309 16 40    6.32  -14.19  -13.92  -469.2   -58.8   -74.5  30.45   308334 14.00   272  -177  0 -1 -0.1138  13.52   14.86    9.62  -15.67  0.0054  1.5959 -193.0
2023 309 16 50   11.01   -5.18  -17.40  -472.3   -66.9   -72.3  34.49   368013 16.07   237  -185  0  0 -0.1142  15.55   13.15    2.85  -15.34  0.0001  1.4889 -196.6
2023 309 17  0   15.65   -4.27  -15.89  -467.7   -68.5   -85.6  29.15   350645 13.45   368  -187  0  0 -0.1148  13.03   12.33   -1.81  -15.82 -0.0023  1.1981 -196.0
2023 309 17 10   15.01   -3.68  -16.13  -481.7   -85.7   -69.9  31.97   306701 15.62   787  -177  0  0 -0.1158  15.13   12.71   -5.25  -16.49 -0.0024  1.0373 -191.6
2023 309 17 20   12.31    1.33  -19.95  -463.7   -58.5   -75.2  29.84   346201 13.37  1333  -171  0  0 -0.1170  12.95   13.98   -4.50  -16.79 -0.0006  0.9595 -184.7
2023 309 17 30   12.43    2.05  -17.15  -465.7   -58.2   -67.6  30.70   336941 13.80  1293  -161 -1 -1 -0.1185  13.37   13.69   -2.90  -17.47 -0.0006  0.8777 -179.5
2023 309 17 40   12.12   13.75  -11.67  -464.2   -51.8   -61.4  37.23   182382 16.51  1243  -153 -1 -1 -0.1203  16.00   12.75    0.92  -16.92  0.0018  0.9647 -175.9
2023 309 17 50   10.30   14.90  -14.14  -463.4   -51.4   -59.8  36.51    89072 16.13  1697  -156  0  0 -0.1224  15.63   12.33    8.43  -15.01  0.0510  1.1403 -171.9
2023 309 18  0   10.94   11.48  -11.63  -454.1   -45.4   -68.1  28.24   176846 12.03  1733  -153  0  0 -0.1248  11.65   12.00   12.02  -13.03  0.0585  1.4897 -168.5
2023 309 18 10   12.52   12.84  -11.68  -445.1   -45.0   -68.8  23.48   136407  9.62  1481  -159  0  0 -0.1275   9.32   12.06   13.75  -11.94  0.0678  1.5839 -166.3
2023 309 18 20   11.57   11.61  -12.59  -447.7   -45.2   -73.3  24.14   153782 10.04   961  -159  0  0 -0.1304   9.72   12.09   12.50  -12.21  0.0296  1.5191 -165.4
2023 309 18 30   13.69   11.92  -11.56  -441.4   -46.1   -75.8  18.02   159200  7.30   945  -159  0  0 -0.1336   7.08   12.50   11.93  -11.88  0.0272  1.4687 -165.7
2023 309 18 40   12.21   13.90  -10.43  -443.0   -39.8   -71.7  20.12   180221  8.17   712  -166  0  0 -0.1370   7.91   12.78   11.83  -11.68  0.0262  1.4520 -168.2
2023 309 18 50   12.55   12.21   -9.98  -444.1   -29.5   -71.9  18.97   174548  7.71   673  -174  0  0 -0.1407   7.47   12.85   12.12  -10.99  0.0356  1.4330 -172.0
2023 309 19  0    8.10   11.42   -9.60  -441.5   -43.7   -77.0  23.72   209035  9.64   540  -169  0 -1 -0.1447   9.32   12.19   12.64  -10.18  0.0471  1.4374 -173.3
2023 309 19 10   -9.54  -19.90   -4.08  -454.4   -29.7   -32.7  11.33   122167  4.72   306  -176  0  0 -0.1489   4.57    5.88    4.13   -8.70 -0.0843  1.3748 -170.5
2023 309 19 20   -0.04  -15.01  -11.78  -434.0   -25.4   -48.2  16.30   188563  6.24   711  -168  0  0 -0.1533   6.04   -0.55   -6.21   -7.44 -0.2319  1.3456 -165.7
2023 309 19 30   -3.28  -16.23   -8.06  -447.7   -34.3   -39.5  14.57   167198  5.92   803  -161  0  0 -0.1580   5.73   -5.53  -15.68   -7.15 -0.2939  1.3564 -159.6
2023 309 19 40    3.19  -14.12  -12.56  -437.5   -26.2   -41.5  12.80   198500  4.96   816  -155  0  0 -0.1629   4.81   -2.96  -15.69   -8.95 -0.1886  1.4291 -155.7
2023 309 19 50   12.13    3.53  -12.97  -468.6   -94.2   -64.8  18.31   253425  8.53   809  -152  0  0 -0.1679   8.25   -0.07  -14.16  -10.50 -0.0784  1.4239 -156.0
2023 309 20  0    6.76   -6.11  -12.55  -489.3   -94.3   -26.9  21.51   236101 10.72   993  -151  0  0 -0.1732  10.38    5.45   -7.83  -11.51 -0.0329  1.1842 -158.0
2023 309 20 10    5.14  -12.09   -9.50  -474.8   -21.5   -24.1  19.96   111872  9.04   721  -146  0 -1 -0.1787   8.76    5.87   -7.36  -10.70 -0.0450  1.1721 -160.5
2023 309 20 20    5.96  -10.45  -11.64  -470.2   -21.9   -21.1  22.07   102479  9.80   804  -153  0  0 -0.1843   9.49    6.83   -6.78  -10.57 -0.0387  1.2167 -163.0
2023 309 20 30    6.76   -8.27  -11.43  -478.0   -45.8   -15.8  24.87   123878 11.48  1012  -156  0  0 -0.1902  11.12    4.74  -10.81  -10.36 -0.0426  1.4283 -165.2
2023 309 20 40    5.94   -7.12  -14.24  -486.4   -24.0    18.6  23.56   148996 11.19   760  -152  0 -1 -0.1962  10.84    5.72   -9.34  -11.27 -0.0163  1.3842 -166.3
2023 309 20 50    6.63   -6.79  -13.30  -487.0   -16.7    22.6  22.41   152562 10.67   697  -154  0 -1 -0.2023  10.33    6.02   -8.02  -12.32 -0.0056  1.3411 -165.5
2023 309 21  0    2.10   -7.01   -6.94  -471.7   -35.7    -8.3  27.53    94634 12.32   653  -152  0  0 -0.2086  11.94    5.50   -7.65  -12.34 -0.0049  1.3195 -165.4
2023 309 21 10    4.70   -9.34   -9.93  -481.5   -20.9     4.2  23.19   118651 10.77   687  -155  0 -1 -0.2150  10.43    5.12   -8.12  -11.81 -0.0075  1.3390 -165.5
2023 309 21 20    3.09  -14.40   -4.07  -479.6   -18.6   -12.2  27.95   142017 12.88   683  -153  0  0 -0.2215  12.48    4.91  -10.23   -9.67 -0.0955  1.3606 -165.0
2023 309 21 30    1.01  -17.79    1.00  -478.5   -12.6   -16.9  22.76   110930 10.44   755  -155  0  0 -0.2281  10.11    4.18  -12.78   -6.47 -0.3852  1.2846 -166.4
2023 309 21 40    0.54  -17.64    0.58  -473.9   -14.6   -15.6  16.30   103394  7.34   856  -167  0  0 -0.2348   7.11    2.75  -15.68   -2.65 -0.7320  1.1377 -166.5
2023 309 21 50   -6.87  -16.37    9.97  -468.3    21.9    -3.3  11.58   242188  5.09   555  -173  0  0 -0.2416   4.93   -0.27  -16.80    2.20 -0.7782  0.8475 -164.8
2023 309 22  0  -10.09  -12.69   11.03  -462.9    35.9   -26.2   9.57   294312  4.14   302  -165  0 -1 -0.2485   4.01   -3.60  -16.78    5.59 -0.5724  0.6307 -159.7
2023 309 22 10   -7.37  -14.81    9.92  -455.7    14.8   -35.7  10.20   324971  4.27   215  -158  0  0 -0.2554   4.13   -6.05  -15.65    8.88 -0.2387  0.4040 -154.4
2023 309 22 20   -2.59  -16.86    8.21  -435.9    16.8   -31.3  10.31   294599  3.95    94  -155  0  0 -0.2624   3.82   -6.35  -15.11    9.60 -0.1301  0.3303 -150.1
2023 309 22 30   -8.58  -16.54   10.32  -459.7    -0.3   -30.7   6.53   228301  2.77   145  -155  0  0 -0.2694   2.68   -5.63  -15.43    9.46 -0.0927  0.3238 -145.9
2023 309 22 40   -9.68  -18.24    9.84  -479.9   -14.3   -13.1   4.88   118563  2.25    89  -152  0  0 -0.2764   2.18   -6.84  -16.02    9.45 -0.0950  0.3472 -142.8
2023 309 22 50  -15.43   -7.75   15.26  -509.4    51.5    18.2   5.30    74782  2.78    67  -150  0  0 -0.2834   2.69   -9.49  -15.03   10.56 -0.0784  0.3032 -138.5
2023 309 23  0  -16.00   -9.23   14.35  -513.2    41.7    14.1   4.24    68841  2.25    38  -142  0 -1 -0.2905   2.18  -12.91  -12.57   12.75 -0.0295  0.1854 -135.5
2023 309 23 10  -16.77   -7.86   14.08  -517.2    44.0    18.3   4.38    66399  2.36    72  -140  0  0 -0.2975   2.29  -14.93  -10.18   13.95 -0.0106  0.0996 -133.2
2023 309 23 20  -16.42   -8.94   13.58  -513.7    56.1    13.3   5.20    64850  2.78   110  -138  0  0 -0.3044   2.69  -16.28   -8.76   14.12 -0.0017  0.0578 -132.3
2023 309 23 30  -16.57  -13.31    9.86  -503.9    11.4   -18.9   5.61    83878  2.89   181  -136 -1 -1 -0.3114   2.76  -16.65   -9.44   13.03 -0.0103  0.0982 -130.5
2023 309 23 40  -13.22  -15.50   10.67  -480.8   -20.6   -29.2   6.20    80387  2.89   147  -134  0  0 -0.3182   2.79  -16.33  -11.32   11.38 -0.0329  0.1887 -127.7
2023 309 23 50  -14.16  -15.16    8.56  -475.3    -0.6    14.1   4.58   103111  2.07    89  -131  0  0 -0.3250   2.01  -15.28  -13.46   10.28 -0.0485  0.2667 -125.3
2023 310  0  0  -11.64  -11.25   12.12  -466.3     9.9    13.7   6.19   175765  2.70   197  -128  0  0 -0.3317   2.61  -14.04  -14.27    9.69 -0.0567  0.2998 -124.2
2023 310  0 10  -12.28   -9.02    9.50  -467.4    12.8    -9.1   7.41   235750  3.24   267  -125  0 -1 -0.3383   3.14  -12.88  -12.76    9.60 -0.0402  0.2427 -122.9
2023 310  0 20   -9.06  -11.43    9.23  -460.0    13.4   -25.4   6.26   125250  2.66   252  -122  0  0 -0.3448   2.58  -11.96  -10.97    9.32 -0.0287  0.1896 -121.9
2023 310  0 30    3.24   -3.72    0.25  -395.1    89.7   -48.4  10.02   469000  3.34   217  -123  0  0 -0.3512   3.23   -9.11   -9.17    8.06 -0.0165  0.1739 -120.3
2023 310  0 40    8.01    1.13   -3.46  -394.0    46.4   -41.1   9.73   648468  3.09   198  -121  0 -1 -0.3574   3.00   -4.88   -6.41    5.60 -0.0158  0.1824 -119.3
2023 310  0 50    9.65   -6.02   -5.57  -399.8    50.2   -33.5   9.02   542658  2.96   192  -119  0 -1 -0.3635   2.86    1.40   -4.90    1.31 -0.0248  0.3235 -118.1
2023 310  1  0    8.54    8.22   -6.98  -404.5    56.4   -33.8   9.24   305374  3.10   288  -118  0 -1 -0.3694   3.01    5.70   -0.55   -2.30 -0.0056  0.5144 -117.8
2023 310  1 10    4.34   12.74    1.04  -416.0    24.1   -37.0  10.23   277617  3.58   260  -119  0  0 -0.3752   3.47    7.05    4.12   -3.39  0.1032  0.7002 -118.7
2023 310  1 20    4.87   12.53   -3.13  -423.2    13.3   -13.8   9.72   224825  3.49   292  -121  0  0 -0.3807   3.38    6.11    9.88   -2.69  0.2194  0.7753 -119.6
2023 310  1 30    5.12   14.05   -4.73  -443.4     8.3    -2.2  10.20   189728  4.01   255  -120  0  0 -0.3861   3.89    4.61   12.64   -1.83  0.3004  0.8018 -120.2
2023 310  1 40   13.55    5.41   -4.83  -462.2    11.6     4.2   9.96   208535  4.26   179  -119  0  0 -0.3913   4.12    5.35   12.78   -2.49  0.2773  0.8887 -120.5
2023 310  1 50   15.00    7.25   -2.54  -468.3    30.7    -4.0   9.11   140293  4.01   203  -120  0  0 -0.3962   3.89    8.67   10.65   -3.51  0.1841  0.9279 -120.7
2023 310  2  0   13.60    6.52   -5.09  -473.2    31.5    12.2   7.56   133854  3.40   231  -121  0  0 -0.4009   3.30   12.24    8.23   -4.40  0.0962  0.9382 -120.9
2023 310  2 10   15.03    5.89   -5.38  -479.4    35.1     4.4   7.83   112751  3.62   207  -121  0  0 -0.4054   3.50   14.72    5.97   -5.06  0.0200  0.9274 -121.1
2023 310  2 20   14.97    6.22   -6.09  -471.4    34.7    12.1   7.92   128519  3.54   223  -122  0  0 -0.4096   3.43   14.71    6.10   -5.36  0.0163  0.9585 -121.4
2023 310  2 30   15.01    6.11   -6.01  -467.3    50.2    22.3   7.89   130762  3.49   253  -122  0 -1 -0.4135   3.38   14.84    6.15   -5.67  0.0114  0.9810 -121.7
2023 310  2 40   15.80    3.18   -5.98  -462.8    58.0    22.0   7.94   151517  3.46   294  -123  0  0 -0.4172   3.35   14.98    5.94   -5.93  0.0096  0.9614 -122.0
2023 310  2 50   15.08    4.49   -5.71  -465.4    52.7    29.4   8.08   127962  3.56   418  -123  0  0 -0.4206   3.45   15.12    4.73   -6.13  0.0041  0.8540 -122.3
2023 310  3  0   14.19    3.03   -7.11  -451.5    17.1    17.8   7.44   256223  3.04   499  -125  0  0 -0.4238   2.95   14.74    4.13   -5.80  0.0065  0.7551 -122.7
2023 310  3 10   14.88    0.29   -6.21  -432.8    35.4     2.7   7.40   340131  2.79   496  -128 -1  0 -0.4266   2.70   14.45    2.70   -6.24  0.0046  0.5761 -124.5
2023 310  3 20   14.57   -0.61   -6.55  -433.4    33.8     4.3   7.15   308362  2.70   654  -135  0 -1 -0.4291   2.62   14.32    1.73   -6.37  0.0045  0.3981 -126.0
2023 310  3 30   14.17    2.18   -6.24  -434.8    30.4     5.2   6.87   286613  2.61   570  -133  0 -1 -0.4314   2.53   14.50    0.54   -6.78  0.0000  0.2637 -126.2
2023 310  3 40   14.22   -2.56   -5.95  -444.2     8.3     2.2   5.82   291516  2.29   526  -130 -1 -1 -0.4333   2.23   14.49    0.54   -6.43  0.0000  0.2874 -125.8
2023 310  3 50   14.22   -4.94   -5.01  -442.2    55.1    14.5   6.47   286642  2.57   601  -134  0  0 -0.4349   2.49   14.26   -0.77   -6.22 -0.0006  0.4908 -124.3
2023 310  4  0   13.94   -5.58   -4.63  -439.4    37.9     6.5   4.95   275164  1.89   531  -130 -1 -1 -0.4362   1.87   14.05   -2.56   -6.06 -0.0015  0.6548 -122.6
2023 310  4 10   12.16   -7.79   -7.47  -471.2    43.0    32.9   3.93   182058  1.77   859  -128  0 -1 -0.4372   1.71   13.75   -5.05   -5.79 -0.0046  0.8216 -121.2
2023 310  4 20   12.24   -5.33   -8.94  -475.1    50.1    41.5   5.78   162700  2.69   749  -129  0 -1 -0.4379   2.57   13.03   -6.20   -6.73 -0.0055  0.9697 -120.3
2023 310  4 30   11.09   -7.03   -9.54  -484.4    48.9    52.8   5.13   153859  2.46   479  -127  0  0 -0.4382   2.38   12.34   -7.02   -7.74 -0.0056  1.1075 -119.7
2023 310  4 40   12.47   -7.02   -5.46  -479.7    79.7    21.9   4.23   157897  2.00   504  -124  0 -1 -0.4382   1.94   11.36   -7.50   -9.03 -0.0041  1.2187 -115.7
2023 310  4 50   12.81   -6.71   -4.41  -478.0    68.7    48.2   3.96   126274  1.86   338  -114  0 -1 -0.4379   1.81   11.15   -7.54   -8.41 -0.0070  1.2003 -110.6
2023 310  5  0   11.23   -6.29  -10.21  -473.4    51.8    56.2   5.91   214573  2.72   435  -100  0  0 -0.4373   2.63   11.11   -7.04   -8.01 -0.0079  1.1275 -108.0
2023 310  5 10    8.68   -5.74  -11.24  -448.1    34.4    22.5   8.80   240038  3.81   348  -102  0 -1 -0.4363   3.45   11.50   -6.48   -7.62 -0.0076  1.0568 -114.4
2023 310  5 20    5.70   -9.58   -5.70  -483.2    51.7    62.8  10.35   120750  4.97   399  -124  0  0 -0.4350   4.81   10.73   -6.60   -7.73 -0.0294  1.0457 -119.9
2023 310  5 30    5.60  -10.14   -8.14  -460.0    36.2    81.6   8.81    44301  3.87   281  -120  0  0 -0.4334   3.75    9.01   -8.13   -7.50 -0.0441  1.1484 -123.8
2023 310  5 40    4.72  -12.58   -6.13  -479.1    44.6   100.9  14.94    47771  7.22   438  -113  0  0 -0.4315   6.99    6.34   -9.79   -7.34 -0.0596  1.2325 -119.5
2023 310  5 50    6.16  -14.29   -5.13  -498.2    39.6    98.2  15.04    44930  7.81   317  -100  0  0 -0.4293   7.56    4.91  -11.29   -7.38 -0.0749  1.3485 -118.4
2023 310  6  0    4.71  -17.11    2.44  -508.9    36.2    92.7  15.12    54923  8.13   475  -100  0  0 -0.4268   7.87    5.10  -12.96   -6.24 -0.2626  1.3632 -118.8
2023 310  6 10    8.89  -10.86    1.46  -435.0   -40.3   105.4  18.83    29605  7.63   407  -113  0 -1 -0.4240   7.37    5.40  -12.52   -4.51 -0.3760  1.1657 -117.1
2023 310  6 20   10.44   -2.59    6.48  -421.8   -35.9    78.8  13.99    32732  5.19   342  -103  0  0 -0.4209   5.02    6.94  -10.77   -1.11 -0.3745  0.7886 -116.1
2023 310  6 30   -6.55   -0.99    4.10  -555.2   -24.7   113.3  16.51    79238 10.62   612  -103  0  0 -0.4175  10.29    8.33   -6.62    0.90 -0.1723  0.4110 -116.0
2023 310  6 40   -4.99   -1.21   -2.24  -588.0   -11.2    68.6  13.17    25277  9.23   481  -110  0  0 -0.4138   8.94    6.01   -3.30    2.35 -0.0474  0.2246 -122.8
2023 310  6 50   -8.75   -3.58   -2.05  -554.1   -27.6    59.8  12.49    34849  7.80   419  -121  0  0 -0.4099   7.53    0.04   -1.26    0.86 -0.0159  0.2288 -127.3
2023 310  7  0  -12.44   -4.91   -3.18  -579.4   -50.6    48.7  10.49    28284  7.15   296  -117  0  0 -0.4057   6.92   -7.52   -1.79   -1.14 -0.0232  0.4842 -125.2
2023 310  7 10  -14.22   -6.58    2.01  -569.8   -32.7   132.1   5.73    41249  3.94   180  -110  0  0 -0.4013   3.81  -11.16   -3.31   -1.60 -0.0452  0.6133 -119.3
2023 310  7 20  -12.82   -8.92   -4.60  -566.3   -66.4    58.0   7.90    25178  5.19   229  -108  0  0 -0.3966   5.03  -12.52   -5.93   -2.39 -0.0935  0.9179 -113.5
2023 310  7 30  -13.52   -7.59   -5.57  -571.9   -41.2    55.5   5.80    38756  3.85   234  -106  0  0 -0.3917   3.73  -12.95   -7.30   -3.11 -0.1056  1.0706 -110.5
2023 310  7 40  -12.21   -6.90   -8.38  -566.5   -53.1    50.7   6.35    29096  4.14   187  -100  0  0 -0.3866   4.01  -12.90   -8.25   -5.17 -0.0890  1.3356 -107.2
2023 310  7 50  -12.37   -6.22   -8.05  -562.4   -40.0    32.0   6.96    32283  4.44   225   -98  0  0 -0.3813   4.30  -12.75   -7.68   -6.49 -0.0360  1.4029 -104.8
2023 310  8  0  -13.17   -2.94   -7.94  -566.7    -2.2    38.5   5.50    30744  3.55   194   -97  0  0 -0.3758   3.44  -12.77   -6.57   -7.12 -0.0154  1.3448 -103.4
2023 310  8 10  -12.63   -2.27   -8.31  -566.1    -1.5    32.7   6.22    31357  4.00   341   -96  0 -1 -0.3700   3.87  -12.53   -4.95   -7.98 -0.0047  1.1714 -103.1
2023 310  8 20  -12.70   -1.47   -8.57  -567.2     2.9    30.2   6.51    31223  4.20   379   -98  0 -1 -0.3642   4.07  -12.69   -3.18   -8.13 -0.0009  0.9250 -103.4
2023 310  8 30  -12.96   -1.34   -8.66  -565.2    -0.1    26.3   5.81    38269  3.72   394   -99  0 -1 -0.3581   3.60  -12.68   -1.80   -8.44 -0.0000  0.6683 -104.9
2023 310  8 40  -12.66   -1.84   -9.09  -561.6   -12.8    23.3   5.82    33925  3.68   361  -103  0  0 -0.3519   3.56  -12.71   -1.51   -8.63 -0.0000  0.6005 -107.5
2023 310  8 50  -13.76   -1.44   -8.34  -560.7   -10.0    23.8   6.07    29149  3.82   299  -108  0  0 -0.3456   3.70  -12.60   -1.44   -8.63 -0.0000  0.5780 -111.6
2023 310  9  0  -10.49   -3.88   -7.07  -567.8    15.3    33.4   6.75    34118  4.38  1013  -107  0 -1 -0.3392   4.23  -12.42   -1.19   -8.04 -0.0000  0.5086 -117.3
2023 310  9 10   -9.90   -4.74   -7.48  -561.3    -6.9    23.3   5.85    24981  3.69  1189  -111  0  0 -0.3326   3.58  -11.83   -1.59   -7.06 -0.0013  0.5613 -120.6
2023 310  9 20   -9.86   -2.94   -7.19  -552.1    14.7    63.6  13.68    34385  8.45   671  -108  0  0 -0.3260   8.19  -10.53   -2.46   -6.31 -0.0037  0.6748 -118.9
2023 310  9 30    2.01   -5.52    4.60  -502.0     7.5    46.9   4.14   138104  2.10  1120  -108  0  0 -0.3193   2.04   -7.95   -4.05   -5.78 -0.0146  0.8795 -111.3
2023 310  9 40    7.52   -1.55    7.85  -482.5    41.3    39.9   3.58   227675  1.72   658  -105  0 -1 -0.3125   1.64   -2.83   -4.84   -1.91 -0.0167  0.6525 -103.3
2023 310  9 50    7.34   -1.16    8.20  -458.8    57.1   108.5   3.01   166063  1.37   691  -102 -1 -1 -0.3056   1.31    2.47   -3.87    2.77 -0.0143  0.3271 -101.3
2023 310 10  0    1.90   -6.65   -4.37  -550.6     8.6    68.4   3.91   265868  2.41   525  -108  0  0 -0.2987   2.33    5.20   -4.09    3.78 -0.0138  0.3142 -102.6
2023 310 10 10   -1.85  -11.50   -2.76  -418.4    59.1   104.4   3.68   120776  1.39   420  -110  0  0 -0.2918   1.35    5.13   -4.62    1.37 -0.0366  0.5276 -104.8
2023 310 10 20    0.60   -9.71   -4.04  -402.2    64.2   112.7   4.92   178618  1.76   331  -110  0  0 -0.2848   1.70    2.61   -7.50   -2.32 -0.0670  0.8131 -104.2
2023 310 10 30    3.01  -10.61   -4.50  -422.2    55.5   111.3   4.35   123958  1.69   247  -107  0  0 -0.2779   1.63    1.99   -8.73   -3.07 -0.0778  0.8676 -102.1
2023 310 10 40   -1.37  -12.32   -4.60  -419.9    63.5   114.9   5.12   141513  1.98   213  -101  0  0 -0.2709   1.92    0.88  -10.14   -3.99 -0.0808  0.9597  -98.9
2023 310 10 50   -2.12  -12.22   -5.27  -409.1    63.2   130.8   3.57   102370  1.35   283   -99  0  0 -0.2640   1.30    0.91  -10.76   -4.38 -0.0863  1.0217  -95.7
2023 310 11  0   -1.37  -13.68   -5.77  -409.8    66.5   120.8   4.07    99717  1.52   252   -97  0  0 -0.2571   1.47   -0.47  -11.98   -4.77 -0.0936  1.0765  -92.7
2023 310 11 10   -1.77  -13.43   -3.87  -396.0    47.1   104.2   3.05   229056  1.04   178   -95  0  0 -0.2502   1.00   -1.10  -12.74   -5.35 -0.0874  1.1199  -90.8
2023 310 11 20   -1.94  -13.10   -5.05  -390.9    45.0   117.0   2.89   296410  0.97   198   -95  0  0 -0.2435   0.94   -1.81  -13.28   -5.29 -0.0848  1.0947  -89.0
2023 310 11 30   -1.48  -13.46   -4.18  -396.5    46.9    85.4   3.24   320464  1.08   166   -93  0  0 -0.2367   1.05   -1.54  -13.40   -4.79 -0.0900  1.0278  -88.2
2023 310 11 40   -2.59  -12.22   -6.47  -405.3    21.5    95.8   2.89   256460  1.01   127   -92  0  0 -0.2301   0.97   -1.39  -13.42   -4.36 -0.0944  0.9855  -87.7
2023 310 11 50   -1.08  -10.51   -9.04  -402.4    25.5   158.9   4.03   281400  1.51   143   -91  0  0 -0.2236   1.47   -1.07  -13.09   -5.11 -0.0780  1.0243  -87.0
2023 310 12  0   -3.01   -9.93   -9.29  -385.3    16.6   139.7   3.18   259860  1.08   119   -91 -1 -1 -0.2172   1.04   -1.50  -11.73   -6.89 -0.0464  1.0793  -86.1
2023 310 12 10   -2.30  -11.30   -7.76  -394.1    15.8   106.9   2.71   402765  0.91    83   -91  0 -1 -0.2108   0.88   -2.13  -10.92   -8.11 -0.0235  1.1113  -85.1
2023 310 12 20   -2.26  -11.28   -7.81  -402.4    20.4   107.9   2.70   279834  0.94    97   -90  0  0 -0.2047   0.91   -2.45  -10.52   -8.66 -0.0127  1.1262  -84.4
2023 310 12 30    0.16  -10.48   -5.03  -405.3    13.6   140.6   2.23   355822  0.82   103   -89  0  0 -0.1986   0.80   -2.02  -11.03   -8.02 -0.0174  1.1237  -83.8
2023 310 12 40    0.90  -11.53   -0.96  -420.3    21.6    74.6   1.74   187970  0.64   159   -89  0  0 -0.1927   0.62   -0.86  -11.21   -5.50 -0.0638  0.9956  -83.5
2023 310 12 50    4.35   -9.70    3.84  -469.4    32.1    64.8   2.11    92679  0.97   161   -88  0  0 -0.1870   0.92    0.62  -11.09   -2.23 -0.1040  0.7998  -83.2
2023 310 13  0    8.22   -4.30    7.56  -526.1   -16.0   -29.1   2.00   102421  1.12   113   -86  0 -1 -0.1815   1.08    3.37   -9.13    2.74 -0.1012  0.4534  -83.3
2023 310 13 10    5.28   -4.72   10.24  -515.7   -15.5   -27.1   3.06   160898  1.63   132   -84  0  0 -0.1761   1.58    5.41   -6.50    6.09 -0.0502  0.2137  -83.3
2023 310 13 20    5.29   -4.95   10.30  -522.5   -16.2   -29.5   3.09   186893  1.69   120   -83  0  0 -0.1709   1.64    6.44   -4.61    8.74 -0.0041  0.0434  -83.0
2023 310 13 30    5.89   -4.21   10.17  -524.7    -8.2   -35.0   2.72   182547  1.50   104   -82  0  0 -0.1659   1.46    5.83   -4.16    9.92 -0.0002  0.0177  -82.2
2023 310 13 40    5.04   -8.18    6.60  -519.0   -20.0   -44.6   3.45   183483  1.88   102   -79  0  0 -0.1612   1.82    5.40   -4.48   10.06 -0.0004  0.0229  -81.3
2023 310 13 50    5.00   -4.16   10.81  -535.6   -10.9    -6.4   3.65   138629  2.10    70   -78  0  0 -0.1566   2.03    5.32   -4.84    9.50 -0.0034  0.0482  -82.0
2023 310 14  0    5.25   -0.50   10.12  -545.9    12.5    13.2   5.10   267074  3.04   123   -77  0 -1 -0.1523   2.95    5.00   -5.90    8.81 -0.0077  0.0815  -82.5
2023 310 14 10    4.70   -5.34    1.92  -592.3    33.1    33.8   4.45   249437  3.14   154   -74  0  0 -0.1482   3.04    5.20   -5.13    8.29 -0.0128  0.1072  -82.1
2023 310 14 20    5.31   -1.06    6.98  -582.7     4.5     6.0   3.93   203652  2.67   102   -74  0 -1 -0.1444   2.59    4.73   -3.48    7.68 -0.0170  0.1021  -80.4
2023 310 14 30    6.20   -5.00    2.58  -571.1   -40.7   -50.9   3.73   196289  2.46    61   -73  0  0 -0.1408   2.39    5.16   -1.65    6.84 -0.0126  0.0680  -79.6
2023 310 14 40    1.96    2.87    6.79  -612.8     5.5    -0.0   3.96   253085  3.00    52   -73  0  0 -0.1375   2.88    4.34   -1.33    6.16 -0.0088  0.0437  -79.9
2023 310 14 50    4.00   -6.81   -0.40  -607.7   -39.4   -35.5   4.46   302238  3.32    71   -72  0  0 -0.1344   3.21    4.40   -1.79    5.58 -0.0244  0.0767  -79.8
2023 310 15  0    5.30   -4.79    3.30  -590.3   -28.4   -28.5   4.31   244720  3.02    74   -71  0  0 -0.1316   2.92    3.99   -3.10    4.38 -0.0526  0.1895  -79.2
2023 310 15 10    3.48    1.12    6.55  -591.0     7.2    -8.4   4.15   203889  2.90    66   -70  0 -1 -0.1291   2.81    3.90   -3.30    4.21 -0.0545  0.2012  -78.4
2023 310 15 20    4.34   -4.03    5.31  -590.6   -30.9    -8.1   4.38   244859  3.06    52   -70  0 -1 -0.1268   2.97    3.96   -2.90    4.81 -0.0316  0.1403  -77.5
2023 310 15 30    4.22   -5.30    3.27  -582.2   -45.3   -37.4   4.09   246153  2.80    76   -68  0 -1 -0.1248   2.71    4.14   -2.75    5.09 -0.0208  0.0943  -76.8
2023 310 15 40    5.47   -4.43    2.57  -577.8   -36.9   -44.7   4.52   252007  3.05    56   -68  0  0 -0.1231   2.95    4.51   -3.71    4.29 -0.0318  0.1422  -76.1
2023 310 15 50    6.14   -3.92    1.77  -575.9    -5.8    -2.9   4.81   206975  3.19    98   -67  0  0 -0.1217   3.09    4.88   -4.95    2.57 -0.0920  0.2861  -75.1
2023 310 16  0    5.32   -4.07    2.03  -594.0   -17.7   -61.9   3.52   236555  2.51   111   -65  0  0 -0.1206   2.43    5.28   -4.65    2.01 -0.1009  0.3028  -74.2
2023 310 16 10    7.29   -1.75    0.43  -551.6     5.2   -38.7   4.78   102766  2.93    79   -64  0  0 -0.1198   2.83    5.74   -3.46    1.66 -0.0895  0.2513  -73.8
2023 310 16 20    5.35   -5.82    0.43  -572.9    27.5   -48.0   4.35   176237  2.90    82   -66  0  0 -0.1192   2.79    6.34   -1.66    1.43 -0.0310  0.1434  -74.5
2023 310 16 30    0.87   -4.16   -8.09  -652.0     8.4   -66.1   4.30   344161  3.70    90   -62  0 -1 -0.1190   3.58    5.35   -1.89   -0.84 -0.0230  0.4396  -75.4
2023 310 16 40    0.66    6.56    0.44  -678.1    68.5    -0.2   5.93   344701  5.51   164   -62  0  0 -0.1191   5.34    3.94   -1.69   -3.39 -0.0139  0.6786  -75.5
2023 310 16 50    5.16   -2.01   -3.71  -673.2    40.6   -31.2   4.15   349802  3.78   110   -61  0  0 -0.1194   3.66    2.34   -1.19   -4.75  0.0078  0.8929  -74.7
2023 310 17  0    3.02   -5.05   -4.00  -685.0    -5.0    -3.7   3.83   448083  3.59   230   -59  0  0 -0.1201   3.48    2.50   -0.66   -4.73  0.0205  0.8608  -74.6
2023 310 17 10    3.97    1.91   -5.74  -687.0    39.8   -19.4   4.21   404848  3.99   372   -65  0  0 -0.1210   3.86    3.11   -0.97   -4.58  0.0134  0.8459  -75.9
2023 310 17 20    4.28   -2.65   -5.05  -695.3    81.2    21.4   4.03   404820  3.95   250   -67  0  0 -0.1222   3.83    3.79   -0.33   -4.76  0.0080  0.9521  -79.6
2023 310 17 30    6.68    1.28   -3.65  -680.9    79.4    10.0   3.94   429818  3.71   304   -74  0 -1 -0.1238   3.59    4.21    1.63   -4.32  0.0480  0.9328  -82.5
2023 310 17 40    3.16    2.86   -5.63  -723.8   102.3   -43.4   2.88   336782  3.09   997   -76  0  0 -0.1256   2.99    4.45    3.01   -3.65  0.0623  0.9893  -85.2
2023 310 17 50    3.29   -7.17    0.06  -697.2   -19.6    23.3   3.27   404226  3.18   634   -80  0  0 -0.1277   3.08    4.07    0.21   -2.85 -0.0563  0.9746  -85.5
2023 310 18  0    4.62   -5.61   -2.47  -682.2   -15.4   -11.3   3.21   298146  2.99  1049   -78  0  0 -0.1300   2.90    3.78   -2.76   -2.26 -0.1795  1.0163  -85.2
2023 310 18 10    2.10   -2.43   -4.68  -702.4    37.5   -47.5   3.22   396547  3.20   789   -75  0  0 -0.1327   3.10    3.11   -4.95   -2.99 -0.1984  1.1369  -83.5
2023 310 18 20    1.80   -6.75   -3.31  -715.5   -14.9   -11.1   3.21   465323  3.29   840   -74  0  0 -0.1356   3.19    2.94   -5.27   -2.46 -0.1501  1.0670  -81.8
2023 310 18 30    5.33   -5.31    1.34  -689.4    15.0    54.3   2.80   388091  2.68  1061   -72  0 -1 -0.1388   2.59    2.53   -5.20   -1.91 -0.0934  0.9999  -80.4
2023 310 18 40    3.76   -4.85   -0.79  -684.7    20.2     7.9   3.08   390364  2.89   889   -73  0 -1 -0.1423   2.80    3.46   -5.48   -0.07 -0.1388  0.8017  -79.1
2023 310 18 50    3.40   -3.18   -5.79  -714.1    31.4   -35.9   3.01   391988  3.09   686   -69  0 -1 -0.1460   2.99    3.92   -4.74   -1.41 -0.0928  0.9087  -78.2
2023 310 19  0    1.15   -5.55   -4.15  -741.3    61.8   -34.9   2.86   475459  3.17   635   -66  0  0 -0.1499   3.07    3.51   -2.97   -3.41 -0.0606  0.8782  -76.6
2023 310 19 10    3.21   -4.10    4.40  -713.0     5.8    66.4   3.21   618939  3.30   762   -63  0  0 -0.1541   3.19    2.38   -3.38   -3.72 -0.0523  1.0039  -76.0
2023 310 19 20    4.38   -1.31    5.01  -705.9    39.3   109.7   3.24   701910  3.33   771   -67  0 -1 -0.1585   3.21    2.37   -2.39   -0.63 -0.0430  0.6269  -76.4
2023 310 19 30    3.43   -2.00    5.54  -703.9    26.4    88.8   2.94   575847  2.97   859   -71  0 -1 -0.1632   2.87    2.97   -3.40    2.94 -0.0463  0.3856  -77.6
2023 310 19 40   -2.32   -5.09    4.01  -704.4    19.6    44.6   2.83   521625  2.83   578   -71  0 -1 -0.1680   2.73    3.45   -2.44    4.80 -0.0058  0.0614  -78.4
2023 310 19 50    4.16   -4.84   -2.91  -697.0     8.1     9.0   3.15   635418  3.07   444   -70  0 -1 -0.1731   2.97    2.84   -3.97    3.15 -0.0519  0.3167  -77.3
2023 310 20  0    3.14   -5.23   -2.65  -715.6     8.9    -8.2   2.67   482349  2.74   349   -66  0  0 -0.1784   2.65    2.74   -4.39    0.37 -0.0584  0.7314  -75.1
2023 310 20 10    4.55   -2.54   -2.84  -680.2    34.2    -5.4   2.68   368595  2.49   179   -65  0  0 -0.1839   2.41    2.92   -4.65   -1.51 -0.0703  0.9820  -71.9
2023 310 20 20    3.72   -0.44   -4.58  -693.4    70.4   -15.2   2.89   563667  2.81   254   -59  0  0 -0.1895   2.72    3.71   -2.95   -2.65 -0.0216  0.8681  -69.2
2023 310 20 30    4.90   -0.16    0.26  -693.7    27.1   -32.6   3.02   470644  2.92   465   -58  0  0 -0.1953   2.83    4.24   -2.07   -2.15 -0.0282  0.6178  -68.7
2023 310 20 40    4.79   -2.21   -3.57  -695.8    32.9    -6.0   3.09   521690  3.00   532   -61  0  0 -0.2013   2.90    4.54   -1.20   -2.40 -0.0167  0.5200  -69.6
2023 310 20 50    4.35   -3.57    2.72  -685.3    31.2    50.4   3.06   492822  2.90   575   -61  0  0 -0.2074   2.80    4.28   -2.03   -1.90 -0.0374  0.6075  -71.2
2023 310 21  0    1.95   -2.53    4.56  -720.2    21.1    81.6   3.10   484153  3.26   591   -60  0  0 -0.2137   3.16    3.61   -2.70    0.03 -0.0284  0.4703  -72.5
2023 310 21 10    1.16   -5.40    0.87  -740.6    43.1   100.7   3.13   441973  3.51   668   -65  0  0 -0.2201   3.40    2.86   -3.52    1.72 -0.0351  0.3494  -74.2
2023 310 21 20   -1.03   -1.39    6.33  -744.5    41.7    96.3   3.09   467296  3.50   555   -66  0 -1 -0.2266   3.38    1.64   -3.46    3.99 -0.0277  0.1477  -75.8
2023 310 21 30    1.98   -2.26    5.65  -725.9    19.9    87.8   3.03   435574  3.25   427   -67 -1 -1 -0.2333   3.14    0.75   -2.53    4.91 -0.0203  0.0882  -75.7
2023 310 21 40    3.33   -1.63    2.87  -709.5    31.4    44.6   3.37   425829  3.42   400   -63  0  0 -0.2400   3.31    1.08   -2.06    4.89 -0.0132  0.0568  -73.6
2023 310 21 50    5.10   -0.86   -0.56  -701.3    46.6    34.6   3.07   325383  3.04   247   -60  0 -1 -0.2468   2.94    2.50   -1.68    3.74 -0.0040  0.0589  -70.6
2023 310 22  0    4.90   -0.27    2.58  -708.9    48.5    70.0   2.88   276034  2.93   176   -57  0 -1 -0.2536   2.84    4.20   -1.53    2.38 -0.0045  0.0804  -68.7
2023 310 22 10    5.57   -1.21    0.76  -700.1    40.1    48.7   2.85   267868  2.82    94   -59  0  0 -0.2606   2.73    4.76   -1.08    1.83 -0.0051  0.0728  -68.1
2023 310 22 20    5.62   -0.13    0.62  -697.4    53.1    47.1   2.64   219983  2.59    77   -59  0  0 -0.2675   2.51    5.16   -0.88    1.59 -0.0040  0.0500  -68.9
2023 310 22 30    5.24   -1.15   -1.68  -697.1    50.4    24.1   2.85   289713  2.79   123   -61  0  0 -0.2745   2.70    5.46   -0.83    0.77 -0.0115  0.1268  -69.1
2023 310 22 40    3.55   -0.56   -3.94  -699.8    38.7    -0.1   2.44   352828  2.40   255   -62  0  0 -0.2815   2.32    5.19   -0.70   -0.72 -0.0087  0.2477  -68.9
2023 310 22 50    3.72   -0.75   -3.75  -705.3    55.4    -0.5   2.40   367447  2.40   243   -61  0 -1 -0.2886   2.33    4.67   -0.62   -2.22 -0.0081  0.3497  -68.5
2023 310 23  0    3.78   -0.61   -3.27  -678.9   -13.3    16.1   2.29   289629  2.11   281   -62  0  0 -0.2956   2.05    4.07   -0.57   -3.39 -0.0001  0.3929  -68.9
2023 310 23 10    1.38   -1.08   -5.48  -723.2    51.8   -10.9   2.01   332221  2.12   406   -62  0  0 -0.3026   2.05    3.66   -0.96   -3.36 -0.0142  0.4454  -70.1
2023 310 23 20   -0.03    0.36   -6.03  -759.2    79.2     1.4   2.19   357122  2.55   530   -64  0  0 -0.3096   2.47    2.22   -0.68   -4.09 -0.0142  0.5353  -71.6
2023 310 23 30    3.42   -5.25   -0.64  -696.7    -1.0    47.2   2.49   419194  2.43   399   -68  0  0 -0.3165   2.35    1.59   -1.13   -4.26 -0.0229  0.6545  -73.6
2023 310 23 40    3.50   -2.74   -3.46  -695.3     4.6    12.1   2.37   256695  2.29   300   -70  0  0 -0.3233   2.22    1.40   -1.69   -4.28 -0.0336  0.7873  -76.6
