2024 283  0  0    2.74    8.02   -0.75  -450.4   -36.1   -32.2   7.59  197283.  3.12   559   -70
2024 283  0  5    2.61    7.88   -2.35  -451.8   -30.3    -7.0   7.92  206821.  3.25   703   -72
2024 283  0 10    1.39    7.63   -3.37  -442.0   -35.5   -20.9   7.07  165638.  2.79   712   -71
2024 283  0 15   -2.63    8.03   -1.23  -416.0   -33.8   -17.2   7.40  195119.  2.58   585   -72
2024 283  0 20   -1.11    8.29   -0.42  -431.2   -33.1   -18.3   7.36  193270.  2.76   663   -73
2024 283  0 25   -0.91    7.79   -0.59  -431.4   -38.9   -39.3   7.44  167717.  2.81   505   -73
2024 283  0 30   -0.24    6.74   -3.80  -424.4   -24.4     8.4   7.22  222960.  2.61   559   -73
2024 283  0 35    0.79    7.05   -3.09  -434.4   -14.1     8.5   7.03  202331.  2.66   627   -73
2024 283  0 40   -3.28    5.47   -6.17  -421.1   -10.2     9.7   7.25  253480.  2.57   590   -72
2024 283  0 45   -1.77    7.84   -4.48  -424.6   -22.6    -3.0   6.63  193132.  2.40   565   -71
2024 283  0 50   -1.63    8.39   -3.51  -428.5   -29.8   -11.5   7.34  202053.  2.71   569   -71
2024 283  0 55   -1.13    8.86   -2.22  -430.2   -28.3   -19.6   7.44  196663.  2.77   565   -71
2024 283  1  0   -0.56    8.39   -1.51  -432.5   -41.6   -23.8   7.47  205025.  2.84   571   -71
2024 283  1  5    1.29    7.21    1.24  -433.2   -45.7   -24.5   7.46  216279.  2.84   631   -71
2024 283  1 10    1.16    3.53   -0.25  -455.4   -22.2   -46.2   7.92  201622.  3.33   700   -72
2024 283  1 15    3.81    3.97    4.23  -462.0   -25.8   -52.2   8.00  193062.  3.47   512   -72
2024 283  1 20    2.45    2.79    4.42  -459.7   -27.0   -50.9   8.26  220588.  3.55   462   -73
2024 283  1 25    1.33    1.48    5.95  -444.8    -1.2   -56.0   8.70  236253.  3.50   585   -73
2024 283  1 30    2.64    4.48    4.57  -451.5   -24.0   -52.5   7.96  215397.  3.30   523   -72
2024 283  1 35    2.76    4.55    4.50  -453.5   -24.3   -56.9   7.72  209903.  3.23   402   -71
2024 283  1 40    2.15    2.56    4.63  -450.7   -19.5   -62.6   7.91  223309.  3.28   382   -73
2024 283  1 45    2.48    4.93    4.44  -453.0   -24.4   -56.1   7.82  214505.  3.27   291   -73
2024 283  1 50    2.97    4.51    2.74  -452.6   -14.2   -53.8   8.27  241260.  3.44   292   -72
2024 283  1 55    2.75    0.13    5.51  -458.3     2.0   -62.3   7.90  227804.  3.38   303   -70
2024 283  2  0    0.99    5.75    0.14  -446.7   -17.5   -33.9   7.60  208599.  3.06   312   -68
2024 283  2  5   -0.39    5.47    1.26  -431.0   -23.5   -22.3   7.83  211438.  2.93   247   -65
2024 283  2 10   -1.15    5.08    1.82  -429.6   -20.1   -33.0   7.80  226288.  2.91   183   -64
2024 283  2 15   -0.84    4.45    0.48  -437.6   -24.0   -30.3   7.42  216492.  2.87   193   -63
2024 283  2 20   -1.30    4.97   -2.44  -424.4   -16.8   -16.1   7.06  226623.  2.55   196   -62
2024 283  2 25   -3.94    3.62   -4.54  -417.4    -5.7    -5.6   6.28  209495.  2.19   201   -60
2024 283  2 30    3.59    3.68   -0.46  -451.2   -20.4   -14.5   7.74  277037.  3.16   205   -59
2024 283  2 35   -2.78    0.71   -3.65  -433.0    12.4   -14.2   6.66  250615.  2.53   220   -58
2024 283  2 40   -3.09    3.17   -3.65  -429.3   -27.3   -18.5   6.62  267546.  2.45   216   -58
2024 283  2 45   -4.32    0.70   -4.21  -425.8     3.3    -9.1   6.68  264217.  2.43   218   -56
2024 283  2 50   -4.88   -0.49   -4.71  -425.0    32.4   -12.9   6.22  208759.  2.26   258   -55
2024 283  2 55   -5.50    1.19   -4.24  -422.3    -0.3   -12.6   6.52  203599.  2.33   265   -54
2024 283  3  0   -2.83    3.54   -3.51  -432.7   -12.2   -15.5   6.77  225944.  2.54   253   -53
2024 283  3  5   -5.83    2.53   -3.78  -423.7   -22.5   -11.2   6.21  184420.  2.24   217   -52
2024 283  3 10   -4.87    3.49   -4.43  -421.8   -16.4   -16.0   6.53  208623.  2.33   273   -52
2024 283  3 15   -3.68    4.72   -5.05  -428.7   -24.6    -9.1   6.56  203809.  2.42   277   -52
2024 283  3 20   -1.73    5.12   -5.81  -445.4   -19.2    -9.4   6.34  170204.  2.52   305   -53
2024 283  3 25   -2.92    3.39   -4.80  -438.5    -9.5    -9.5   6.82  225842.  2.62   329   -54
2024 283  3 30   -3.24    2.58   -5.57  -440.7    -7.2   -20.2   6.06  187751.  2.36   322   -55
2024 283  3 35   -2.10    4.12   -5.78  -445.6   -16.4   -16.3   6.51  213556.  2.59   311   -57
2024 283  3 40   -0.71    4.72   -5.12  -449.9   -19.1   -16.0   6.78  224383.  2.75   284   -59
2024 283  3 45   -3.27   -0.28   -4.21  -439.4    -0.4   -17.5   6.31  199679.  2.45   293   -59
2024 283  3 50   -4.64   -1.85   -4.02  -441.1    18.8   -14.7   6.58  200648.  2.58   372   -60
2024 283  3 55   -4.47    1.38   -3.71  -444.1    -4.8   -19.4   6.36  212251.  2.51   336   -61
2024 283  4  0    0.75    6.67   -2.00  -457.7   -18.0   -33.5   6.00  211444.  2.53   369   -61
2024 283  4  5    4.15    6.95   -1.60  -463.1   -16.3   -33.2   5.92  204252.  2.54   406   -61
2024 283  4 10    3.27    7.89    0.34  -463.4   -19.5   -51.9   5.30  200984.  2.31   436   -63
2024 283  4 15    4.80    7.05    0.37  -469.3   -10.5   -41.0   5.70  243486.  2.53   485   -66
2024 283  4 20    3.32    7.65    0.39  -463.3   -13.4   -47.7   5.49  181293.  2.39   474   -67
2024 283  4 25    1.07    8.11    2.42  -459.9   -16.0   -51.6   6.13  199965.  2.62   524   -67
2024 283  4 30    1.59    7.82    1.86  -463.0   -17.4   -49.7   5.19  155314.  2.26   451   -69
2024 283  4 35    3.86    6.54    0.97  -472.2   -24.8   -47.2   6.43  160835.  2.90   502   -70
2024 283  4 40    2.73    7.08    0.79  -464.7   -22.1   -46.1   7.12  187633.  3.11   465   -71
2024 283  4 45    2.18    7.28    1.13  -456.3   -16.0   -45.6   6.24  176483.  2.63   554   -71
2024 283  4 50    1.83    7.22    0.91  -456.3   -16.0   -45.6   6.24  176483.  2.63   630   -73
2024 283  4 55    0.44    7.58    1.36  -450.3   -21.2   -44.8   6.13  205069.  2.52   647   -75
2024 283  5  0    0.89    7.41    0.92  -451.8   -18.2   -26.2   5.40  139624.  2.22   616   -79
2024 283  5  5    0.77    7.45    0.72  -453.2   -17.9   -32.3   5.42  147133.  2.24   586   -79
2024 283  5 10   -1.02    6.89    0.55  -441.2   -15.6   -35.8   5.83  161485.  2.29   573   -80
2024 283  5 15   -0.60    6.78    0.95  -451.3   -11.2   -36.4   5.51  141473.  2.26   527   -79
2024 283  5 20    0.36    4.48    0.22  -452.8    -5.8   -41.9   6.33  241077.  2.62   601   -79
2024 283  5 25    1.69    4.59    0.94  -469.9   -13.2   -54.5   5.57  193212.  2.50   511   -78
2024 283  5 30    0.60    3.47    2.11  -468.9   -12.2   -59.8   5.26  205954.  2.36   547   -77
2024 283  5 35   -1.22    4.78    1.86  -463.9   -11.5   -56.7   5.15  200310.  2.25   516   -76
2024 283  5 40   -4.12    4.42   -0.88  -455.6   -34.9   -37.3   5.35  222270.  2.25   522   -75
2024 283  5 45   -5.25    3.54   -0.26 99999.9 99999.9 99999.9 999.99 9999999. 99.99   561   -73
2024 283  5 50   -1.24    3.67   -4.79  -460.6   -12.0   -33.0   5.34  197922.  2.28   608   -71
2024 283  5 55   -2.57    1.85   -6.47  -453.2    -6.5   -18.6   5.77  190495.  2.37   690   -70
2024 283  6  0   -3.63    1.10   -5.97 99999.9 99999.9 99999.9 999.99 9999999. 99.99   471   -70
2024 283  6  5   -1.72    3.76   -5.38 99999.9 99999.9 99999.9 999.99 9999999. 99.99   437   -68
2024 283  6 10   -2.59    2.58   -3.67  -451.2   -16.6   -16.1   4.90  156075.  2.00   468   -65
2024 283  6 15   -0.77    2.89   -3.29  -458.0     2.9   -30.4   5.36  200155.  2.26   459   -63
2024 283  6 20   -1.10    5.34   -1.77  -465.2   -12.2   -37.9   5.24  164896.  2.29   488   -62
2024 283  6 25   -4.12    4.06   -2.80  -451.4   -16.6   -30.6   5.60  202326.  2.30   489   -61
2024 283  6 30   -2.12    4.70   -0.48  -456.6     3.2   -40.7   5.79  178661.  2.44   480   -61
2024 283  6 35   -2.13    4.68    3.14  -462.9    -3.9   -57.4   6.30  176607.  2.74   408   -62
2024 283  6 40    0.32    4.74    2.85  -466.5    -9.5   -52.5   5.78  170149.  2.55   443   -62
2024 283  6 45   -3.30    4.57   -1.89  -459.4   -20.4   -52.8   5.66  181469.  2.43   433   -62
2024 283  6 50   -2.86    3.86   -4.48  -459.0    -9.8   -16.3   5.65  205871.  2.39   423   -61
2024 283  6 55   -4.08    1.05   -2.72  -451.2    34.4   -18.2   5.28  178115.  2.18   396   -60
2024 283  7  0   -3.64    0.52   -4.87  -455.5    16.6   -13.8   4.92  153106.  2.05   386   -60
2024 283  7  5   -3.74   -0.53   -4.28  -446.3    26.9   -19.2   5.28  158233.  2.12   608   -60
2024 283  7 10   -3.05   -0.11   -4.69  -450.7    29.4   -18.1   4.83  125441.  1.98   635   -58
2024 283  7 15    2.37    1.50   -5.34  -486.8    11.6   -10.7   5.02  150784.  2.38   406   -57
2024 283  7 20    1.07    1.18   -5.59  -478.3    19.0    -1.7   4.93  156190.  2.26   470   -57
2024 283  7 25    0.51    2.26   -4.46 99999.9 99999.9 99999.9 999.99 9999999. 99.99   357   -56
2024 283  7 30   -1.56    1.71   -4.99  -453.3    18.9   -10.5   4.14  143959.  1.71   361   -56
2024 283  7 35   -0.43    2.55   -4.06  -475.7    -0.2   -11.4   4.82  144254.  2.18   362   -56
2024 283  7 40   -0.64    2.49   -4.02  -463.0   -11.0   -15.3   5.29  152523.  2.30   385   -55
2024 283  7 45   -1.49    1.51   -4.66  -469.9    -1.4    -8.5   5.35  173684.  2.36   401   -56
2024 283  7 50   -0.68    2.18   -4.98  -466.7     5.0   -10.1   4.66  147405.  2.03   436   -58
2024 283  7 55   -0.74    3.93   -2.65  -469.0    -0.0   -21.3   4.60  138634.  2.03   433   -59
2024 283  8  0   -3.24    3.76   -2.50  -454.0    -1.9   -25.5   4.97  121529.  2.06   404   -59
2024 283  8  5   -3.48    1.49   -3.99  -444.5    21.1   -15.4   4.88  150827.  1.94   396   -59
2024 283  8 10   -3.95    1.36   -3.84  -444.7    26.6    -7.5   4.91  123823.  1.95   411   -59
2024 283  8 15   -3.63    3.51   -2.09  -448.2    -6.9   -25.9   5.06  131954.  2.04   357   -60
2024 283  8 20   -4.14    2.56   -2.73  -448.1    -2.0   -26.7   4.95  136846.  1.99   325   -59
2024 283  8 25   -4.56    2.73   -1.33  -445.7    -3.7   -32.2   5.08  139631.  2.03   470   -58
2024 283  8 30   -3.68    2.40   -2.19  -449.5    -2.9   -33.6   4.87  120477.  1.98   574   -58
2024 283  8 35   -3.69    1.81   -2.86  -446.8     4.6   -28.7   5.30  147774.  2.13   696   -56
2024 283  8 40   -4.06    3.18   -0.08  -460.0    11.5   -14.2   4.41  109073.  1.87   628   -54
2024 283  8 45   -4.00    2.29   -2.21  -453.2   -13.7   -25.7   5.09  128296.  2.10   702   -52
2024 283  8 50   -4.79    0.20   -2.89  -443.7    21.9   -20.4   4.81  113037.  1.90   706   -51
2024 283  8 55   -4.91    0.02   -2.84  -445.8    24.7   -21.0   4.65  111464.  1.86   701   -51
2024 283  9  0   -5.21    1.62   -2.85  -445.8     4.0   -29.1   4.60   97201.  1.84   679   -51
2024 283  9  5   -3.58    4.64   -1.70  -452.9   -17.4   -27.4   4.61   88452.  1.91   719   -51
2024 283  9 10   -3.04    4.88   -1.23  -456.7   -13.5   -27.4   4.25   92492.  1.78   726   -51
2024 283  9 15   -2.64    5.07   -0.90  -453.0   -12.5   -27.5   4.44   93822.  1.83   739   -50
2024 283  9 20   -2.43    4.33   -0.22  -441.3   -13.1   -21.8   4.43  113908.  1.74   704   -50
2024 283  9 25   -2.20    4.73    0.56  -428.6   -17.7     2.1   4.77  156067.  1.75   606   -50
2024 283  9 30   -1.42    4.50    3.74  -449.5    -6.7   -66.7   4.51  106022.  1.86   651   -52
2024 283  9 35   -2.52    4.79    2.61  -449.8   -10.0   -49.9   4.74  102925.  1.94   639   -53
2024 283  9 40   -4.02    3.30   -0.48  -429.2     2.3    -9.1   4.67   66076.  1.72   591   -55
2024 283  9 45   -4.82    2.60   -0.71  -432.9    -6.8    -7.7   4.48   87188.  1.68   520   -55
2024 283  9 50   -4.99    1.30   -1.81  -427.0    11.3   -18.6   4.27   97391.  1.57   504   -54
2024 283  9 55   -3.85    2.48   -1.90  -433.3     8.8    -9.0   4.32   92452.  1.63   479   -54
2024 283 10  0   -2.22    4.30   -0.64  -443.9   -15.9   -22.5   4.32   87457.  1.72   494   -52
2024 283 10  5   -0.62    6.31    0.03  -454.4   -27.4   -28.1   4.29   73726.  1.78   455   -48
2024 283 10 10   -1.10    6.11   -0.08  -453.0   -29.8   -31.6   4.23   81223.  1.76   557   -47
2024 283 10 15   -1.54    5.54   -0.43  -447.8   -24.0   -22.4   4.38   85763.  1.77   598   -46
2024 283 10 20   -2.31    4.88   -1.37  -437.5   -36.6   -18.4   4.40   87683.  1.70   555   -46
2024 283 10 25   -1.70    4.51   -3.73  -444.6   -24.8     5.5   4.07   88064.  1.61   489   -47
2024 283 10 30   -1.85    3.93   -4.38  -446.3   -18.4    11.6   4.11   85763.  1.64   481   -49
2024 283 10 35    0.38    4.15   -4.46  -454.6   -24.0    10.7   4.28   89023.  1.78   494   -50
2024 283 10 40   -0.00    3.41   -5.04  -461.6    -8.0    17.9   4.11   91311.  1.76   533   -50
2024 283 10 45    0.68    1.61   -5.80  -463.9     3.7    25.5   3.98   86406.  1.72   582   -50
2024 283 10 50    0.86   -0.27   -5.92  -466.7     2.5    15.2   4.55   59478.  1.99   588   -50
2024 283 10 55   -2.00    4.85   -3.04  -445.4   -17.2     4.1   4.16   80332.  1.66   628   -51
2024 283 11  0   -0.75    5.83   -1.88  -448.0   -37.0    -7.3   3.97   75612.  1.61   683   -53
2024 283 11  5   -1.73    3.84   -2.62  -453.5   -25.7    -3.7   3.99   85753.  1.65   657   -54
2024 283 11 10   -4.44   -2.74   -2.92  -428.4    19.9     0.7   4.40   91083.  1.63   660   -55
2024 283 11 15   -3.07    0.08   -3.32  -434.8     8.5     2.8   4.55  106880.  1.73   636   -57
2024 283 11 20   -3.26   -0.40   -2.77  -438.9    15.5    -5.7   4.50   92213.  1.74   545   -57
2024 283 11 25   -3.22   -1.51   -4.41  -431.2    25.6    12.4   4.20   83869.  1.57   587   -56
2024 283 11 30   -3.28   -0.60   -5.00  -432.2    22.3    31.1   4.48  122041.  1.69   548   -55
2024 283 11 35   -3.18   -0.59   -5.07  -434.5    14.2    13.5   4.09  113983.  1.55   542   -54
2024 283 11 40   -3.39   -0.61   -5.06 99999.9 99999.9 99999.9 999.99 9999999. 99.99   467   -53
2024 283 11 45   -3.58   -0.56   -5.01  -426.7    25.1    24.5   4.57  108406.  1.68   541   -53
2024 283 11 50   -3.55   -0.59   -5.02 99999.9 99999.9 99999.9 999.99 9999999. 99.99   496   -53
2024 283 11 55   -3.50   -0.12   -4.98  -429.5    22.2    21.6   4.53  118171.  1.68   637   -54
2024 283 12  0   -3.23    0.03   -5.22  -429.1    18.5    23.1   4.45  112848.  1.64   736   -54
2024 283 12  5   -3.72    1.14   -4.81  -432.6     6.4    16.6   4.57   80717.  1.72   703   -54
2024 283 12 10   -4.05    1.73   -4.40  -429.8     0.2    12.0   4.93   69979.  1.82   837   -54
2024 283 12 15   -2.77    1.02   -5.22  -433.1    10.5    30.5   4.80   99654.  1.81   796   -54
2024 283 12 20   -3.06    0.76   -4.10  -436.9     4.4    15.0   4.65  120076.  1.78   590   -53
2024 283 12 25   -3.53    3.60    0.24  -429.3    -2.4    -1.9   4.83   92205.  1.79   546   -54
2024 283 12 30   -1.43    4.19    0.97 99999.9 99999.9 99999.9 999.99 9999999. 99.99   625   -54
2024 283 12 35   -1.92    3.01   -1.15  -443.8   -12.8     2.9   5.06  121364.  2.00   599   -55
2024 283 12 40   -1.54    3.94   -1.57  -453.5   -13.5    -7.0   4.88  112398.  2.01   658   -55
2024 283 12 45   -2.01    3.90   -0.73  -440.5     3.3     3.3   4.61  104865.  1.80   685   -55
2024 283 12 50   -1.91    4.81   -0.35  -444.1   -33.5    -8.0   5.11   79152.  2.03   692   -54
2024 283 12 55   -1.78    4.65   -2.08  -441.7   -25.8    -1.7   4.14   99394.  1.63   773   -53
2024 283 13  0   -0.66    2.72   -4.59  -449.5    -9.0    11.4   4.68   98898.  1.89   793   -53
2024 283 13  5   -2.27    1.98   -2.18  -459.5     4.1    19.2   4.17   87040.  1.76   819   -53
2024 283 13 10   -4.09    1.62   -0.55 99999.9 99999.9 99999.9 999.99 9999999. 99.99   855   -54
2024 283 13 15   -3.73    3.27    0.10  -432.2   -26.8     3.2   4.46  137597.  1.67   921   -55
2024 283 13 20   -3.66    2.59   -1.09  -430.9    -1.7    -0.3   4.51  111785.  1.69   922   -55
2024 283 13 25   -3.62    0.34   -2.87  -434.0    -2.9    -0.6   4.97  134778.  1.88   826   -55
2024 283 13 30   -3.75   -0.52   -2.69  -428.7     2.0     3.1   4.66   74067.  1.72   738   -56
2024 283 13 35   -1.22   -0.41   -1.70  -451.5    41.8    -4.8   4.36   68039.  1.81   699   -57
2024 283 13 40   -0.93    4.43   -0.49  -450.4   -14.2    -6.8   4.39   98031.  1.78   636   -56
2024 283 13 45    0.89    4.34   -0.42  -465.6   -21.6     7.1   3.97   76067.  1.72   535   -55
2024 283 13 50    2.09    4.72    0.35  -478.0   -33.9   -17.1   3.92   93057.  1.81   583   -55
2024 283 13 55    0.67    5.39   -0.98  -465.8   -26.5     3.7   3.57   64998.  1.56   590   -55
2024 283 14  0    0.32    5.77   -1.35  -460.5   -29.1    13.1   3.92   71673.  1.67   599   -54
2024 283 14  5    0.62    5.90   -0.38  -463.7   -31.5    -7.2   3.76   66422.  1.63   634   -53
2024 283 14 10    0.96    5.78    0.54  -466.3   -35.2   -11.2   3.70   66764.  1.62   613   -53
2024 283 14 15   -0.04    5.83   -0.63  -458.9   -29.4    -6.2   3.73   71413.  1.58   574   -53
2024 283 14 20   -0.48    5.74   -1.53  -455.9   -32.4     3.1   3.94   77218.  1.64   594   -52
2024 283 14 25   -0.71    5.65   -1.07  -455.5   -28.5     2.9   3.84   75824.  1.60   612   -52
2024 283 14 30   -3.07    4.01    1.05  -439.7   -19.8   -12.3   4.17   93073.  1.61   590   -53
2024 283 14 35   -4.35    2.13    1.74  -424.6    -0.4   -24.6   4.55   93299.  1.65   613   -53
2024 283 14 40   -4.73    2.05    0.98  -424.5     4.8   -18.8   4.61  103559.  1.67   662   -53
2024 283 14 45   -5.11    0.81    0.45  -414.5    17.9   -13.8   4.48   80965.  1.54   631   -53
2024 283 14 50   -5.28    0.22    0.03  -415.5    16.5    -2.8   4.40   71818.  1.52   528   -53
2024 283 14 55   -4.28    0.83    1.11  -420.7    13.1     1.9   4.32   86034.  1.54   589   -53
2024 283 15  0   -3.43    1.48    2.56  -434.5     7.4   -25.0   4.25   81727.  1.62   593   -52
2024 283 15  5   -4.25    0.80    1.33  -426.9     8.5   -17.4   4.43  122630.  1.62   478   -53
2024 283 15 10   -4.30    0.78   -1.20  -417.9    12.2    17.5   4.24   71540.  1.49   398   -53
2024 283 15 15   -4.46    0.59   -2.20  -420.9     4.8    18.6   4.33   83762.  1.54   393   -54
2024 283 15 20   -4.39   -0.88   -1.81 99999.9 99999.9 99999.9 999.99 9999999. 99.99   305   -54
2024 283 15 25   -4.88   -0.18   -1.51  -423.9    14.8    17.6   4.29   89676.  1.55   215   -53
2024 283 15 30   -4.09   -1.35   -2.46  -424.4    28.3    22.0   4.14  105670.  1.50   179   -52
2024 283 15 35   -4.90   -0.85   -0.88  -422.7    45.4     9.6   5.35  164853.  1.93   156   -51
2024 283 15 40   -5.35   -0.63   -0.53  -420.8    22.6    -1.5   3.83   54232.  1.36   172   -50
2024 283 15 45   -5.41   -0.08   -0.68  -420.8    22.6    -1.5   3.83   54232.  1.36   155   -51
2024 283 15 50   -5.39    0.57   -0.86  -422.8    -2.9    -9.4   4.24   51843.  1.52   135   -51
2024 283 15 55   -5.30    0.79   -0.51  -418.6     8.4    -5.7   4.37   50356.  1.53   134   -50
2024 283 16  0   -5.26    1.28   -0.44  -424.6     2.6    -5.8   4.82   72094.  1.74   179   -50
2024 283 16  5   -5.32    0.70   -0.12  -417.6    14.3    -5.7   4.46   50120.  1.56   172   -49
2024 283 16 10   -5.33   -0.06   -0.56  -415.6    31.9   -10.7   4.15   51754.  1.45   189   -50
2024 283 16 15   -4.66    1.90    0.66  -425.2    -2.3    -3.5   4.63   72085.  1.68   186   -49
2024 283 16 20   -4.19    2.84    0.90  -433.4   -15.2   -16.0   4.55  113332.  1.71   207   -48
2024 283 16 25   -4.13    2.78    1.42  -431.3   -10.9   -30.4   4.55   87917.  1.70   224   -47
2024 283 16 30   -4.07    3.01    0.91  -434.0   -19.7   -13.1   4.72  128630.  1.79   195   -47
2024 283 16 35   -4.34    1.61    1.51  -433.5    -2.6   -19.6   4.60   94479.  1.73   175   -47
2024 283 16 40   -4.04    2.78    1.82  -428.6     0.9   -15.9   4.41   95764.  1.62   172   -47
2024 283 16 45   -4.02    3.42    0.52  -429.6    -4.9   -28.3   4.68   66111.  1.74   248   -47
2024 283 16 50   -4.10    3.74    0.56  -429.5    -9.7    -8.8   4.84  107510.  1.78   270   -47
2024 283 16 55   -4.62    3.17    0.81  -427.4    -6.1    -9.0   4.80   95234.  1.76   269   -46
2024 283 17  0   -4.24    3.40    1.32  -435.9   -16.5    -3.8   4.05   79146.  1.54   371   -47
2024 283 17  5   -3.93    3.85    1.00  -430.2   -30.3    -2.4   4.41   88747.  1.64   413   -47
2024 283 17 10   -3.49    4.20    0.92  -435.9   -19.1    -7.5   4.33   89288.  1.65   389   -46
2024 283 17 15   -3.84    3.80    0.54  -435.6   -18.0    -1.0   3.79   70433.  1.44   263   -46
2024 283 17 20   -4.49    3.01    1.67  -428.2    -9.4   -18.9   4.44   73437.  1.64   169   -45
2024 283 17 25   -4.31    3.28    1.42  -426.3    -7.1   -17.9   4.53   87848.  1.65   266   -45
2024 283 17 30   -4.33    2.79    1.72  -425.7    -1.7   -20.2   4.30   81977.  1.56   260   -45
2024 283 17 35   -4.03    2.96    2.02  -431.3    -8.4   -20.8   4.30   78031.  1.60   334   -45
2024 283 17 40   -4.03    2.44    2.35  -430.6    -0.7   -11.8   4.36   95307.  1.62   302   -45
2024 283 17 45   -3.72    1.28    3.99  -429.0    25.3   -55.4   4.11   50181.  1.54   259   -44
2024 283 17 50   -3.26    1.12    2.60  -441.0    10.0   -15.8   3.69   85924.  1.44   192   -44
2024 283 17 55   -2.33    3.11   -0.76  -445.3    -6.8    -2.1   3.88   77886.  1.54   284   -43
2024 283 18  0   -2.84    0.34    1.16  -436.2    10.3   -35.1   4.04   71168.  1.55   351   -43
2024 283 18  5   -3.58    1.34    2.30  -436.8     3.3   -31.3   4.22   77280.  1.62   357   -43
2024 283 18 10   -3.69    2.04    3.68  -435.0     8.4   -36.9   3.40   61587.  1.30   350   -42
2024 283 18 15   -3.35    2.98    3.38  -442.2     4.4   -30.2   3.13   61875.  1.23   372   -43
2024 283 18 20   -3.62    3.19    3.15  -432.0    -1.0   -27.6   3.12   56576.  1.17   282   -43
2024 283 18 25   -3.90    3.14    3.04  -429.4    -3.0   -27.6   3.34   58328.  1.24   243   -42
2024 283 18 30   -3.66    3.18    3.14  -438.0    -4.7   -23.6   3.62   72502.  1.39   180   -44
2024 283 18 35   -2.92    2.70    4.16  -438.2    -2.9   -39.8   3.23   55438.  1.25   132   -44
2024 283 18 40   -3.03    2.66    3.98  -437.9    -4.2   -38.1   3.36   63061.  1.30   154   -44
2024 283 18 45   -3.28    2.89    3.45  -437.6    -5.5   -28.3   3.45   66654.  1.33   240   -44
2024 283 18 50   -3.09    3.14    3.31  -441.0    -5.1   -28.3   3.52   81996.  1.37   171   -43
2024 283 18 55   -2.74    3.04    3.74  -443.9    -4.3   -30.9   3.27   55495.  1.29   176   -42
2024 283 19  0   -2.92    3.05    3.74  -442.9    -4.0   -30.3   3.14   84482.  1.24   189   -42
2024 283 19  5   -3.19    2.86    3.82  -445.4    -3.3   -34.5   3.14   83947.  1.25   157   -42
2024 283 19 10   -3.50    2.92    3.05  -439.8    -9.4   -33.5   3.12   67228.  1.21   138   -42
2024 283 19 15   -3.00    3.08    3.18  -439.7    -7.9   -19.4   3.13   57085.  1.22   137   -42
2024 283 19 20   -3.40    3.73    2.30  -442.5    -4.6   -36.6   3.30   57133.  1.30   164   -41
2024 283 19 25   -3.61    3.45    2.20  -434.0   -11.5   -30.3   3.13   58013.  1.18   145   -40
2024 283 19 30   -3.94    3.97    0.73  -431.5   -11.4   -13.0   3.41   69530.  1.27   152   -38
2024 283 19 35   -4.18    3.68    0.02  -430.3   -12.2   -11.2   3.06   53121.  1.14   115   -38
2024 283 19 40   -3.69    4.19   -0.39  -431.0   -21.2    -2.3   3.15   60129.  1.17   102   -39
2024 283 19 45   -3.75    4.20    0.07  -431.2   -16.9    -5.6   3.54   74479.  1.32    82   -38
2024 283 19 50   -3.55    4.07   -1.64  -429.4   -19.2     6.0   3.04   56047.  1.12    71   -38
2024 283 19 55   -3.93    4.06    0.36  -431.7   -21.5    -6.5   3.13   58768.  1.17    91   -37
2024 283 20  0   -3.97    3.91    0.64  -432.0   -21.0   -15.3   3.29   64004.  1.23   127   -37
2024 283 20  5   -3.23    4.34   -0.16  -440.2   -20.2    -3.6   4.01   97714.  1.55   181   -36
2024 283 20 10   -3.62    3.72    1.52  -434.5   -12.9   -23.2   4.06  108713.  1.54   179   -36
2024 283 20 15   -2.88    3.99    1.57  -435.2    -4.7   -21.0   3.86   89426.  1.47   185   -36
2024 283 20 20   -4.05    3.64   -0.34  -430.5    -6.5    -5.5   4.22   97352.  1.57   190   -36
2024 283 20 25   -2.96    4.04   -1.88  -438.3   -12.2     7.7   3.82   71548.  1.47   147   -37
2024 283 20 30   -3.05    4.10   -1.67  -438.3   -17.0     8.1   3.91   77565.  1.51   143   -36
2024 283 20 35   -2.71    4.26   -1.93  -437.8   -15.6     2.3   4.17   83325.  1.60   157   -36
2024 283 20 40   -2.02    5.00   -0.66  -443.3   -18.5     6.4   3.85   71510.  1.51   155   -35
2024 283 20 45   -2.09    4.86   -0.91  -446.5   -23.5     1.0   3.42   77277.  1.36   189   -34
2024 283 20 50   -2.43    4.73   -0.41  -442.7   -23.6     0.8   4.01   76074.  1.58   209   -35
2024 283 20 55   -2.14    4.71   -0.95  -453.0   -19.4    -9.5   4.05   74264.  1.67   258   -34
2024 283 21  0   -2.14    4.79   -1.11  -445.4   -13.1    -2.5   3.88   66784.  1.54   224   -36
2024 283 21  5   -1.88    4.83   -1.51  -442.3   -23.1     5.1   3.56   64349.  1.40   226   -36
2024 283 21 10   -0.71    5.34   -1.34  -451.5   -19.2     0.7   3.34   51524.  1.36   251   -36
2024 283 21 15   -3.89    3.07    0.32  -445.5   -13.9    -6.8   3.27   57323.  1.30   272   -36
2024 283 21 20   -5.09    2.22    1.12  -429.6    -7.7    -9.5   3.66   55073.  1.36   280   -36
2024 283 21 25   -5.30    1.58    1.08  -425.7     6.2   -16.8   3.08   39215.  1.11   300   -37
2024 283 21 30   -5.21    1.65    1.09  -427.5     8.9   -26.4   3.05   32339.  1.12   326   -38
2024 283 21 35   -4.92    2.27    0.70  -428.1    -5.1   -18.1   3.34   56789.  1.23   344   -39
2024 283 21 40   -4.72    2.84    0.37  -433.4   -29.1     1.8   3.75   76891.  1.42   289   -39
2024 283 21 45   -4.47    3.39   -0.09  -435.0   -31.6     8.5   3.58   55470.  1.36   256   -40
2024 283 21 50   -4.00    3.90    0.07  -431.3   -20.9    -0.7   4.24   77843.  1.58   263   -40
2024 283 21 55   -3.34    4.42    0.54  -442.6    -6.0    -4.7   3.77   53526.  1.49   234   -40
2024 283 22  0   -3.79    4.08    0.14  -433.5   -17.7     3.6   3.27   57082.  1.24   249   -38
2024 283 22  5   -4.19    3.67   -0.15  -430.8   -18.3     1.7   4.03   65994.  1.50   199   -38
2024 283 22 10   -4.54    3.07   -0.59  -428.6   -10.8    -2.5   3.69   51324.  1.36   211   -37
2024 283 22 15   -5.09    2.13   -0.18  -424.2    -8.0    -2.9   3.50   52451.  1.26   222   -36
2024 283 22 20   -4.85    2.58   -0.71  -423.1     2.9     5.5   3.86   63041.  1.38   215   -35
2024 283 22 25   -3.85    3.53   -1.49  -432.5   -10.9    13.3   3.24   46888.  1.21   234   -33
2024 283 22 30   -3.98    3.34   -1.29  -430.1    -9.5     9.3   2.93   42365.  1.09   268   -31
2024 283 22 35   -3.01    3.43   -1.45  -439.6   -15.2     7.5   3.21   50330.  1.24   323   -30
2024 283 22 40   -1.35    3.06   -0.83  -420.4    -0.4    -0.9   3.48   49827.  1.23   334   -29
2024 283 22 45   -1.74    2.68   -0.78  -442.7    -0.5    -4.6   3.36   47247.  1.33   369   -28
2024 283 22 50   -4.23    1.78   -1.51  -422.9     9.1     8.6   3.65   72120.  1.32   397   -28
2024 283 22 55   -4.13    0.71   -2.36  -419.9    16.1    11.4   4.03   77172.  1.43   415   -28
2024 283 23  0   -3.30    2.98   -2.61  -431.1    27.4     4.5   3.79   82760.  1.43   418   -27
2024 283 23  5   -1.21    4.26   -2.30  -449.4   -15.0    12.9   3.52   48293.  1.42   382   -29
2024 283 23 10   -0.53    3.95   -3.64  -454.1   -12.0    19.6   3.61   39011.  1.49   357   -28
2024 283 23 15   -0.14    1.91   -3.47  -449.4    -9.9    28.7   3.79   50815.  1.53   406   -26
2024 283 23 20    0.06    1.71   -3.66  -469.2     2.9    12.4   3.15   39371.  1.39   469   -25
2024 283 23 25   -2.80    4.47   -0.56  -435.0   -30.6     5.7   3.24   96166.  1.23   423   -27
2024 283 23 30   -3.49    3.10   -1.80  -424.5   -17.3    11.0   3.19   94738.  1.15   353   -28
2024 283 23 35   -2.26    0.23   -3.82  -443.4    19.4    18.4   3.49   51547.  1.39   338   -30
2024 283 23 40   -2.47   -2.72   -2.23  -429.6    21.7    40.6   3.03   42872.  1.13   331   -30
2024 283 23 45   -4.48   -2.28   -1.98  -414.0    40.0    22.8   2.94   37116.  1.02   313   -29
2024 283 23 50   -4.15   -1.62   -2.85  -411.6    27.2    15.4   3.57   50829.  1.22   286   -29
2024 283 23 55   -4.37   -1.94   -2.15  -414.7    45.4     8.8   3.37   52271.  1.17   219   -28
2024 284  0  0   -3.69   -3.55   -1.82  -421.7    48.1     3.4   3.60   43941.  1.30   173   -27
2024 284  0  5   -3.25   -4.06   -1.72  -425.8    43.1     9.4   3.43   70170.  1.26   247   -27
2024 284  0 10   -2.75   -4.18   -2.10  -432.2    45.7     9.5   3.28   71756.  1.24   267   -26
2024 284  0 15   -3.12   -3.28   -2.10  -430.7    50.0     6.9   3.12   86120.  1.17   277   -26
2024 284  0 20   -3.13    4.04   -1.68  -423.9   -19.7    14.5   3.69   66536.  1.34   262   -27
2024 284  0 25   -3.13    4.23    0.51  -419.1   -28.1     0.6   3.54   48148.  1.25   239   -28
2024 284  0 30   -1.95    4.88    1.68  -424.7   -22.0   -18.7   3.62   47504.  1.31   207   -29
2024 284  0 35   -1.89    5.60    1.19  -430.9   -30.3   -12.5   3.50   49446.  1.31   198   -28
2024 284  0 40   -1.85    5.84    0.41  -434.3   -31.4    -2.8   3.60   48428.  1.36   179   -28
2024 284  0 45   -1.52    5.84    1.01  -434.5   -32.4   -13.1   3.53   45215.  1.34   158   -29
2024 284  0 50   -1.29    5.70    1.37  -440.7   -44.0   -30.4   3.40   39572.  1.34   143   -28
2024 284  0 55   -2.17    5.41    0.95  -431.1   -36.9   -17.4   2.67   30819.  1.00   137   -28
2024 284  1  0   -2.37    4.96    1.83 99999.9 99999.9 99999.9 999.99 9999999. 99.99   160   -27
2024 284  1  5   -1.61    5.32    1.87  -428.2   -28.6   -23.0   3.51   48006.  1.30   125   -26
2024 284  1 10   -1.53    5.42    1.89  -438.8   -31.6   -14.2   3.12   38725.  1.21   131   -26
2024 284  1 15   -3.54    3.26   -0.41  -398.9    -7.3    16.0   2.84   30384.  0.91   122   -27
2024 284  1 20   -4.83    2.72   -0.98  -415.3   -20.7    -9.8   3.17   37563.  1.10   104   -27
2024 284  1 25   -4.26    3.24   -0.65  -407.2   -19.3    -5.1   3.21   43697.  1.07    85   -28
2024 284  1 30   -3.72    2.91   -0.55  -416.1   -11.7   -10.6   3.13   47299.  1.09    98   -28
2024 284  1 35   -3.26   -0.04   -1.93  -422.9    20.3    12.7   3.42   53110.  1.24   120   -28
2024 284  1 40   -3.40   -0.52   -2.77  -424.4    30.2    15.6   3.53   53012.  1.29   170   -28
2024 284  1 45   -3.02   -1.33   -2.72  -419.1    25.4     7.3   3.44   54567.  1.22   192   -29
2024 284  1 50   -1.97   -3.35   -1.94  -435.9    42.1    10.7   3.68   56283.  1.41   220   -29
2024 284  1 55   -2.47   -2.24   -3.26  -432.1    43.7    17.9   3.54   54547.  1.34   260   -27
2024 284  2  0   -3.04   -2.76   -2.96  -426.7    42.8    14.9   3.77   48153.  1.38   345   -26
2024 284  2  5   -2.67   -3.38   -3.24  -426.9    36.2    19.9   3.59   51890.  1.32   391   -26
2024 284  2 10   -2.89   -3.51   -2.83  -429.2    42.2    13.2   3.75   51068.  1.40   393   -26
2024 284  2 15   -3.26   -2.76   -2.27  -431.4    31.6     9.6   4.33   63824.  1.63   363   -27
2024 284  2 20   -4.20   -1.78   -2.38  -420.3    22.4    12.8   4.34   51105.  1.54   357   -28
2024 284  2 25   -3.53   -2.65   -3.54  -420.4    31.1    20.0   3.83   68332.  1.36   338   -29
2024 284  2 30   -3.47   -1.96   -3.88  -418.7    36.0    28.6   3.14   40459.  1.11   334   -29
2024 284  2 35   -4.26   -1.38   -3.11  -417.0     2.9    19.4   4.50   89443.  1.57   340   -29
2024 284  2 40   -3.33   -2.06   -3.21  -421.5    25.8    19.2   4.03   74877.  1.44   385   -29
2024 284  2 45   -2.21   -3.83   -1.57  -427.3    42.2    13.0   3.56   66909.  1.31   450   -29
2024 284  2 50   -1.55   -4.21   -0.71  -438.6    49.7    -0.3   3.54   53822.  1.38   461   -29
2024 284  2 55   -3.02   -4.08   -0.56  -425.2    45.3    -6.8   3.51   46312.  1.29   451   -29
2024 284  3  0   -3.81   -3.44   -1.91  -418.1    38.1     6.8   3.79   56222.  1.34   452   -29
2024 284  3  5   -3.87   -3.88   -1.41  -421.9    39.2     5.6   3.75   54592.  1.35   507   -28
2024 284  3 10   -4.49   -2.12   -2.37  -412.3    42.5    16.0   3.72   58224.  1.28   506   -27
2024 284  3 15   -3.90   -3.04   -1.51  -417.1    36.5     7.0   3.72   63957.  1.31   464   -27
2024 284  3 20   -3.39   -4.02   -1.32  -420.0    48.6     9.6   3.64   60710.  1.30   447   -27
2024 284  3 25   -4.38   -3.01   -1.92  -419.4    39.6     7.0   3.88   67377.  1.38   478   -26
2024 284  3 30   -4.10   -1.83   -3.34  -411.6    34.5    13.2   3.96   77854.  1.35   431   -25
2024 284  3 35   -3.91   -1.89   -3.60  -416.8    32.1    22.1   4.02   71260.  1.41   429   -24
2024 284  3 40   -3.80   -2.13   -3.27  -418.0    30.8    22.3   3.94   68320.  1.39   372   -24
2024 284  3 45   -4.35   -1.41   -3.07  -409.4    26.6    23.5   3.92   55537.  1.32   402   -23
2024 284  3 50   -4.55   -1.38   -2.73  -412.8    31.3    16.3   4.06   61940.  1.40   442   -21
2024 284  3 55   -4.45   -1.47   -2.30  -408.5    17.8    21.0   3.67   49894.  1.23   508   -20
2024 284  4  0   -4.79   -3.15   -0.65  -409.8    41.1     0.3   4.28   55327.  1.46   401   -23
2024 284  4  5   -4.29   -3.19    1.17  -420.4    37.8   -16.1   4.37   66321.  1.57   382   -22
2024 284  4 10   -4.84   -2.55    1.95  -414.8    39.5   -15.4   4.49   57840.  1.56   417   -21
2024 284  4 15   -4.63   -3.63   -0.04  -413.0    40.8   -12.2   4.23   64854.  1.46   345   -20
2024 284  4 20   -4.89   -2.91   -1.12  -402.8    42.8     6.8   4.10   53079.  1.35   289   -20
2024 284  4 25   -4.41   -2.81   -1.94  -410.0    41.8    12.4   3.98   67840.  1.35   254   -21
2024 284  4 30   -4.81   -2.89   -1.49  -409.9    38.5    10.3   4.12   68604.  1.40   226   -21
2024 284  4 35   -5.21   -2.75   -0.61  -403.2    57.0    -1.4   4.03   68506.  1.34   232   -20
2024 284  4 40   -5.05   -3.03   -0.46  -403.2    57.0    -1.4   4.03   68506.  1.34   229   -20
2024 284  4 45   -5.33   -1.68   -1.10 99999.9 99999.9 99999.9 999.99 9999999. 99.99   247   -18
2024 284  4 50   -5.26   -2.25   -0.17  -395.8    40.5    -1.4   4.81   92257.  1.52   229   -19
2024 284  4 55   -4.59   -3.53   -0.37  -411.9    48.0     4.0   3.55   67007.  1.22   208   -18
2024 284  5  0   -4.47   -3.60   -0.27  -409.7    46.5     3.2   3.57   59052.  1.21   195   -16
2024 284  5  5   -5.42   -2.03   -0.12  -400.8    30.6    -2.0   3.74   49925.  1.22   192   -16
2024 284  5 10   -5.56   -1.86   -0.14  -394.1    29.4    -9.6   3.33   41406.  1.04   199   -16
2024 284  5 15   -5.33   -2.96   -0.60  -398.6    42.5     5.8   3.58   48623.  1.15   208   -15
2024 284  5 20   -5.67   -2.62    0.06  -396.4    44.6    -1.7   3.57   50314.  1.14   169   -15
2024 284  5 25   -5.03   -3.41    0.22  -395.1    41.8    -0.0   3.53   50984.  1.11   144   -16
2024 284  5 30   -5.27   -1.98    0.74  -399.5    42.5    -2.6   3.61   55619.  1.17   137   -14
2024 284  5 35   -5.90   -1.38    1.01  -396.7    18.6   -14.8   3.53   47840.  1.12   149   -14
2024 284  5 40   -5.62   -2.35    0.26  -392.8    34.8    -3.1   3.33   40488.  1.04   156   -14
2024 284  5 45   -5.54   -2.23    0.23  -393.4    43.7    -7.0   3.34   50061.  1.04   185   -15
2024 284  5 50   -5.81   -1.90    0.59  -391.5    31.9    -9.7   3.40   42455.  1.05   219   -15
2024 284  5 55   -6.03   -1.99    0.86  -393.0    36.1   -11.5   3.38   42162.  1.05   177   -14
2024 284  6  0   -6.30   -1.71    0.29  -390.5    35.3     4.7   3.24   41953.  1.00   170   -14
2024 284  6  5   -6.18   -1.56    0.52  -389.2    35.0    -1.4   3.42   36272.  1.05   198   -13
2024 284  6 10   -6.02   -2.05   -0.65  -390.8    36.7     4.0   3.57   46300.  1.10   239   -13
2024 284  6 15   -6.12   -1.22   -0.92  -390.6    27.2     5.6   3.39   41550.  1.05   191   -14
2024 284  6 20   -5.89   -1.13   -0.27  -387.5    28.7    -1.3   3.18   34872.  0.96   180   -13
2024 284  6 25   -5.67   -2.40   -1.12  -393.5    42.1    11.4   3.50   50241.  1.10   172   -13
2024 284  6 30   -5.07   -3.57   -0.53  -394.3    48.6     8.3   3.57   46181.  1.13   167   -13
2024 284  6 35   -4.71   -3.55    0.55  -394.4    51.0    10.1   4.64   84366.  1.47   153   -14
2024 284  6 40   -5.41   -2.96    0.97  -391.0    38.8    -9.7   3.24   38682.  1.00   162   -15
2024 284  6 45   -4.65   -2.77    1.90  -405.4    37.1   -13.5   4.34   63886.  1.44   167   -15
2024 284  6 50   -4.87   -2.55    2.42  -397.1    39.5   -16.2   4.35   67172.  1.39   129   -13
2024 284  6 55   -4.76   -2.48    2.42  -399.7    39.2   -29.2   3.86   53223.  1.25    99   -14
2024 284  7  0   -5.14   -2.16    1.73  -393.6    42.8    -7.2   3.04   31506.  0.95    93   -13
2024 284  7  5   -5.31   -1.06    1.54  -396.8    27.1   -19.4   3.92   50310.  1.25   102   -13
2024 284  7 10   -5.42   -1.16    1.31  -390.9    21.7   -16.0   3.63   44870.  1.12    96   -13
2024 284  7 15   -3.91   -2.80    2.70 99999.9 99999.9 99999.9 999.99 9999999. 99.99   101   -13
2024 284  7 20   -3.39   -2.64    3.55  -409.8    31.1   -33.0   2.92   42647.  0.99   121   -14
2024 284  7 25   -4.00   -2.48    3.29  -406.2    29.5   -29.3   3.95   65327.  1.32   113   -13
2024 284  7 30   -4.53   -0.87    3.49  -407.2    33.2   -36.7   3.33   40022.  1.12   102   -12
2024 284  7 35   -4.24   -0.77    3.64  -400.6    17.2   -44.3   3.80   52116.  1.24    89   -12
2024 284  7 40   -3.42   -1.18    4.16 99999.9 99999.9 99999.9 999.99 9999999. 99.99    72   -12
2024 284  7 45   -3.92   -1.52    3.49 99999.9 99999.9 99999.9 999.99 9999999. 99.99    82   -13
2024 284  7 50   -3.85   -1.44    3.53  -400.5    29.8   -36.0   3.34   44465.  1.09    93   -13
2024 284  7 55   -3.59    0.02    3.47  -409.6    15.0   -37.2   3.18   40387.  1.08    87   -12
2024 284  8  0   -3.89   -0.63    2.31  -403.8    17.4   -19.4   3.59   44021.  1.18    76   -12
2024 284  8  5   -3.53   -2.18    1.37  -413.0    32.5   -14.7   4.18   74149.  1.44    77   -12
2024 284  8 10   -2.30   -2.03    1.59  -420.9    37.2     2.5   3.99   85490.  1.43    71   -14
2024 284  8 15   -1.02   -2.31    2.74 99999.9 99999.9 99999.9 999.99 9999999. 99.99    81   -13
2024 284  8 20   -4.62    0.41    0.01 99999.9 99999.9 99999.9 999.99 9999999. 99.99    75   -11
2024 284  8 25   -4.37   -0.75   -1.06  -401.4    29.2    26.7   3.90   71756.  1.27    97   -10
2024 284  8 30   -4.14    0.99    1.61  -405.0     6.7     0.7   4.23   78054.  1.39   121   -11
2024 284  8 35   -4.06    1.65    1.27  -400.1     4.9   -19.0   3.64   65153.  1.18   124   -10
2024 284  8 40   -3.28    0.65    2.48  -411.9     6.0   -19.0   3.45   72976.  1.19    90   -11
2024 284  8 45   -4.60    0.29    2.42  -400.8    11.3   -14.9   3.56   48893.  1.15   123   -12
2024 284  8 50   -5.00   -0.43    2.29  -397.5    27.1   -13.7   4.20   57803.  1.34   142   -11
2024 284  8 55   -4.68   -1.26    2.55  -397.4    23.6   -21.4   3.68   50370.  1.18   129   -10
2024 284  9  0   -4.67   -0.68    2.68  -397.1    16.4   -22.6   3.54   46663.  1.12   122    -9
2024 284  9  5   -4.80   -0.79    2.42 99999.9 99999.9 99999.9 999.99 9999999. 99.99    98    -9
2024 284  9 10   -4.69   -0.83    2.51  -398.1    20.0   -30.6   3.09   40584.  0.99    87    -9
2024 284  9 15   -4.72    1.21    1.94  -400.2     8.1   -17.4   3.41   45034.  1.10    81    -9
2024 284  9 20   -5.06    2.21    1.20  -392.8   -14.1   -10.1   3.04   30792.  0.94    73    -9
2024 284  9 25   -5.00    2.83    0.98  -392.0   -14.1    -9.6   3.25   34572.  1.00    53    -8
2024 284  9 30   -5.10    2.50    1.44  -391.2    -7.2   -11.1   3.86   43194.  1.18    53    -8
2024 284  9 35   -5.18    2.94    0.96  -395.7   -16.6   -12.8   3.19   31798.  1.00    49    -7
2024 284  9 40   -5.72    2.10    0.55  -388.5   -10.0     4.5   4.54   48625.  1.37    62    -7
2024 284  9 45   -5.06    2.64    0.18  -396.6   -18.7     7.5   4.02   38996.  1.26    78    -6
2024 284  9 50   -3.84    3.76    0.05  -397.6   -15.8     1.4   3.56   42968.  1.13    95    -7
2024 284  9 55   -3.92    3.56    0.74  -392.5   -14.7    -7.8   2.81   27718.  0.86   101    -7
2024 284 10  0   -4.64    0.33   -2.21  -396.8    11.1    21.2   3.40   42762.  1.08   110    -6
2024 284 10  5   -4.03    0.99   -2.17  -396.2     8.2    25.6   3.52   61027.  1.11   105    -7
2024 284 10 10   -3.91    0.74   -2.13  -397.3     2.1    17.6   3.94   69904.  1.25    89    -9
2024 284 10 15   -4.22    0.74   -2.21  -396.4     3.5    15.4   3.90   67572.  1.23    64    -9
2024 284 10 20   -4.03    1.16   -2.78  -397.4     3.2    19.2   3.72   64336.  1.18    86    -9
2024 284 10 25   -3.83    2.06   -3.08  -402.1    -5.7    28.7   4.15   69702.  1.35   123    -9
2024 284 10 30   -4.19    2.68   -2.08  -409.5    -5.7    21.5   4.47   78888.  1.50   115    -9
2024 284 10 35   -4.70    2.15   -1.99  -394.6   -10.7     9.9   4.57   59598.  1.42   103   -10
2024 284 10 40   -4.69    1.65   -1.59  -397.2    -8.6     7.3   4.27   55169.  1.35   119   -10
2024 284 10 45   -4.92    1.27   -1.63  -395.6    16.7    18.7   4.52   46362.  1.42   119   -10
2024 284 10 50   -4.33    1.51   -2.66  -399.8    -0.1    27.5   4.36   70856.  1.40   158    -9
2024 284 10 55   -4.61    0.93   -2.55  -386.7    26.5     8.8   4.90   48900.  1.47   196    -8
2024 284 11  0   -4.83    0.81   -2.20  -394.6     3.8     5.5   4.21   74217.  1.31   204    -7
2024 284 11  5   -4.64    1.59    0.47  -402.6    20.5    15.0   4.89   61117.  1.61   279    -9
2024 284 11 10   -4.58    1.92    0.09  -396.9    -6.7    -0.1   4.68   65672.  1.47   298    -8
2024 284 11 15   -5.25    0.82    1.18  -385.9    30.2   -14.3   4.51   44826.  1.35   248    -9
2024 284 11 20   -5.10    1.29    1.57  -394.5    -5.9   -21.0   3.82   43194.  1.19   182   -10
2024 284 11 25   -4.43    1.35   -0.37  -396.2     9.9    -7.4   4.42   57985.  1.40   239    -8
2024 284 11 30   -4.58    1.00   -0.07  -390.4     9.4     0.9   4.20   59537.  1.28   361    -9
2024 284 11 35   -4.63    2.62   -0.86  -393.8     8.9    11.9   4.17   66260.  1.30   351   -10
2024 284 11 40   -4.95    2.88   -1.50 99999.9 99999.9 99999.9 999.99 9999999. 99.99   363   -11
2024 284 11 45   -3.19    3.02   -0.82  -407.6   -15.9     0.0   4.86   93056.  1.61   313   -12
2024 284 11 50   -3.61    2.75   -1.12  -405.2   -12.3    -3.2   4.36   80533.  1.44   237   -12
2024 284 11 55   -3.71    1.89   -2.67  -406.4     1.5    31.3   3.80   57498.  1.27   248   -11
2024 284 12  0   -3.67    1.77   -3.05  -403.6    -1.8    33.6   3.85   52216.  1.27   288   -10
2024 284 12  5   -2.40    2.43   -4.74  -408.2     0.8    45.0   3.79   40832.  1.28   325   -10
2024 284 12 10   -1.78    2.83   -5.12  -412.3     5.0    42.2   3.76   33565.  1.29   464   -10
2024 284 12 15   -2.95    2.53   -4.84  -411.5    -6.8    40.2   3.68   41618.  1.26   626   -11
2024 284 12 20   -4.02    1.63   -5.19  -393.0    12.6    41.8   3.98   32704.  1.24   729   -12
2024 284 12 25   -3.75    2.42   -5.22 99999.9 99999.9 99999.9 999.99 9999999. 99.99   675   -11
2024 284 12 30   -4.81    1.19   -4.58  -400.7    -1.2    35.8   4.06   33468.  1.31   699   -11
2024 284 12 35   -5.10    1.30   -4.79  -393.0    10.5    45.9   4.02   39835.  1.26   682   -11
2024 284 12 40   -5.80    1.17   -4.34  -385.9    18.2    30.0   4.12   31616.  1.24   740   -10
2024 284 12 45   -4.18    1.98   -4.81  -407.9    10.6    48.7   3.46   29926.  1.16   777   -10
2024 284 12 50   -4.73    1.19   -5.13 99999.9 99999.9 99999.9 999.99 9999999. 99.99   917    -9
2024 284 12 55   -5.29   -0.13   -4.91 99999.9 99999.9 99999.9 999.99 9999999. 99.99   998   -10
2024 284 13  0   -6.84    0.57   -1.57  -376.1    25.0     8.1   4.33   31644.  1.23   939   -12
2024 284 13  5   -6.80    0.68   -2.85  -382.3    18.1    21.4   4.42   33071.  1.30   972   -13
2024 284 13 10   -6.86    2.42   -3.09  -383.0     4.3    19.7   4.44   36333.  1.31   897   -14
2024 284 13 15   -5.86    3.97   -0.40  -398.8   -11.9     0.3   4.81   48795.  1.54   934   -16
2024 284 13 20   -6.39    2.37   -1.01  -391.1    -8.7    -2.8   4.95   34930.  1.52   946   -19
2024 284 13 25   -6.88    2.64   -0.26  -383.3    10.6     1.1   4.62   32505.  1.37   920   -21
2024 284 13 30   -6.96    2.54    0.05  -384.6    -9.0    -4.4   4.70   39116.  1.40   893   -21
2024 284 13 35   -6.84    2.01    0.16  -382.7    -2.3     9.5   4.46   35451.  1.32   841   -22
2024 284 13 40   -6.81    2.13    2.43  -387.1     3.7   -17.4   4.84   39428.  1.47   791   -22
2024 284 13 45   -6.32    2.51    2.42  -386.5     0.6    -9.6   4.76   47106.  1.44   746   -22
2024 284 13 50   -5.54    2.79    2.80  -393.4    22.3   -26.5   4.52   41803.  1.43   722   -23
2024 284 13 55   -5.94    2.73    2.92  -397.0     1.0   -30.2   4.55   40324.  1.45   648   -22
2024 284 14  0   -6.36    2.50    3.23  -388.5     4.1   -40.2   4.61   39233.  1.41   602   -23
2024 284 14  5   -5.20    2.64    4.24  -390.6   -14.7   -22.9   4.85   53521.  1.50   478   -22
2024 284 14 10   -1.30    3.10    7.52  -428.8   -13.2   -45.7   4.81   44838.  1.78   421   -21
2024 284 14 15   -3.33    2.86    7.07  -450.6    -9.7   -56.0   4.45   34155.  1.84   518   -21
2024 284 14 20   -5.85    1.22    6.05  -420.5    22.9   -46.4   4.85   45421.  1.74   485   -20
2024 284 14 25   -6.20    0.69    6.05  -394.7    29.4   -62.9   5.95   61875.  1.91   467   -19
2024 284 14 30   -4.57    4.21    6.02  -423.9    -9.1   -53.8   5.42   56909.  1.98   315   -19
2024 284 14 35   -4.64    5.14    6.95  -426.0    -5.9   -50.6   6.09   60154.  2.24   305   -17
2024 284 14 40   -4.52    3.76    7.74  -430.2     0.5   -44.3   7.42   66645.  2.77   281   -17
2024 284 14 45   -3.68    4.06    7.68 99999.9 99999.9 99999.9 999.99 9999999. 99.99   255   -15
2024 284 14 50   -4.17    4.43    7.33  -423.8     1.7   -59.1   5.47   61797.  2.00   318   -13
2024 284 14 55   -4.76    4.21    8.27  -429.3    -8.6   -50.1   6.84   69326.  2.56   376   -10
2024 284 15  0   -4.95    3.56    8.95  -442.4     5.6   -54.0   6.92   85961.  2.77   338    -7
2024 284 15  5   -3.74    1.46    7.38  -451.3    20.9   -63.2   5.94   97460.  2.47   329    -8
2024 284 15 10   -3.01    4.13    6.83  -470.8    20.6   -64.0   6.91  111220.  3.14   288    -8
2024 284 15 15   -3.58    6.01    8.89  -516.3     4.2   -53.3   5.15  122325.  2.85  1053    43
2024 284 15 20   -9.92    9.55   15.22  -622.3    18.1   -49.5  12.67  899314. 12.40  1091    66
2024 284 15 25  -22.43   11.59   19.81  -748.7   -21.4   -50.4  20.32 1254528. 22.90   782    73
2024 284 15 30  -16.75   13.21    9.32  -732.3   -31.3   -39.8  24.73  713118. 26.67  1099    61
2024 284 15 35   -7.96    8.29   -8.92  -781.7    63.5    46.0  29.54 1864104. 36.61  1727    41
2024 284 15 40   -6.86   15.51   -1.74  -803.0   -26.7    -2.0  28.32 1634690. 37.05  2271    25
2024 284 15 45    4.28   33.78   11.26  -769.2   -42.0     9.8  33.27  595833. 39.50  3028     3
2024 284 15 50    3.27   24.36   15.70  -787.4   -22.6   -34.1  35.15  951138. 43.82  3997     3
2024 284 15 55    9.56   17.44   20.10  -801.0   -32.0   -58.6  31.51  783945. 40.80  3611    -3
2024 284 16  0   -5.46   23.12   13.25  -749.5     4.8   -13.2  30.66  774836. 34.62  2901     3
2024 284 16  5   -8.58   18.55   -6.87  -746.0     4.8    29.6  34.55  942891. 38.61  2487     4
2024 284 16 10    3.12   29.55    5.34  -765.2   -49.2    37.8  32.30  846760. 38.19  2723    -9
2024 284 16 15  -12.70    8.82  -16.79  -723.8     7.3    90.3  37.99 1167719. 40.39  2765   -22
2024 284 16 20  -11.47   20.95  -10.51  -719.4     2.1    69.8  33.76 1107967. 35.31  2752   -35
2024 284 16 25  -11.47   24.47  -14.19  -734.0     1.4    58.3  30.25 1138285. 32.84  2981   -53
2024 284 16 30  -11.09   15.10  -17.66  -740.2    53.7    74.5  30.48 1235333. 33.93  2665   -61
2024 284 16 35  -10.49   16.67  -21.14  -730.6     9.6    68.8  33.36  941958. 35.96  1902   -76
2024 284 16 40   11.71  -23.27   -9.47  -769.7    75.7    31.4  32.22 1061911. 38.62  1313   -83
2024 284 16 45   19.36  -18.30   -4.79  -782.0    78.7    -5.5  30.35  813212. 37.57  1708   -91
2024 284 16 50   12.17  -25.34  -15.01  -775.9    64.4     5.0  36.23  718800. 43.93  1785   -92
2024 284 16 55    5.79  -30.31  -13.38  -740.8    69.9    13.5  34.37  745631. 38.16  2073   -85
2024 284 17  0  -14.01  -22.97   -9.29  -733.2    79.7    23.8  34.65  682381. 37.74  2220   -80
2024 284 17  5  -21.35  -18.98   -9.61  -717.9    76.8    23.1  34.01  706627. 35.52  1905   -79
2024 284 17 10    3.33  -18.21   -9.13  -724.5    71.2    31.5  35.61 1016581. 37.84  1859   -77
2024 284 17 15  -18.97  -13.92   -1.63  -706.9    67.9     6.3  32.69 1043838. 33.08  2062   -78
2024 284 17 20  -11.99   -9.37   -2.30  -702.3    69.1    21.6  35.04  895030. 35.09  1922   -75
2024 284 17 25  -30.04   -1.11  -10.86  -699.1    29.6    20.0  33.26  764342. 32.59  1589   -70
2024 284 17 30  -28.99   -0.33  -13.39 99999.9 99999.9 99999.9 999.99 9999999. 99.99  1609   -71
2024 284 17 35  -27.77   -2.57  -15.66  -696.9    57.5    20.8  33.51  721441. 32.80  1715   -78
2024 284 17 40  -27.33   -0.91  -16.18  -696.9    57.5    20.8  33.51  721441. 32.80  1796   -86
2024 284 17 45  -27.44   -0.69  -16.25  -698.8    66.6    15.9  34.23  891647. 33.75  1596   -95
2024 284 17 50  -27.12   -3.57  -16.67  -708.1    57.8    19.6  32.08  670829. 32.41  1851  -100
2024 284 17 55  -25.16   -4.80  -19.26 99999.9 99999.9 99999.9 999.99 9999999. 99.99  2017  -109
2024 284 18  0  -24.88   -3.00  -19.65  -706.3    52.6    12.8  30.51  642355. 30.62  1159  -117
2024 284 18  5  -25.93    1.87  -16.52  -698.7    48.7    19.7  30.88  736805. 30.40   557  -125
2024 284 18 10  -23.52   10.47  -12.13  -683.5    40.4    34.7  32.03 1008003. 30.18   490  -135
2024 284 18 15  -21.41   15.27  -10.77  -700.9    16.5     9.8  31.07 1329752. 30.52   501  -145
2024 284 18 20  -11.97   17.05   -8.57  -716.1    42.2   -15.9  29.13 1316641. 30.12   468  -151
2024 284 18 25  -15.98   12.01  -14.95  -709.4    26.1    -9.8  29.90 1324846. 30.15   944  -154
2024 284 18 30  -18.33   10.40  -16.09  -696.5    42.2    -4.7  33.79 1794694. 32.93  1436  -159
2024 284 18 35   -8.62   -3.06  -13.94  -732.9    64.0    -8.2  29.61 1127986. 32.14  1374  -161
2024 284 18 40   -6.35    2.18   -6.88  -709.8    37.8    -9.6  31.10 1638994. 31.32  1223  -161
2024 284 18 45   -4.25   -0.77   -8.11  -741.8    53.4    -8.5  28.35 1320109. 31.44   945  -158
2024 284 18 50   -1.43   -6.56  -13.56  -733.0    54.2    18.9  27.05 1080104. 29.16   857  -155
2024 284 18 55    8.74    2.85   -1.89  -739.6    77.5     0.2  31.32 1324840. 34.66  1200  -164
2024 284 19  0   -1.48   19.72    6.78  -774.0    26.6   -21.6  24.86 1415233. 30.71  1608  -191
2024 284 19  5  -10.18   32.06    9.42  -704.4   -28.9   -19.4  20.94 1628498. 20.76  1096  -208
2024 284 19 10  -18.40   28.90   -0.61  -677.7   -29.3   -11.2  21.42 1658522. 19.75  1482  -218
2024 284 19 15  -15.60   24.82   -3.33  -697.3   -43.4    -8.5  22.59 1341606. 22.10  1901  -211
2024 284 19 20  -16.67   24.82   -6.26  -702.9   -20.5    -8.4  19.83 1173675. 19.68  1857  -205
2024 284 19 25  -20.45   21.75  -10.14  -684.2   -19.2     5.4  19.78  907634. 18.60  1933  -197
2024 284 19 30  -19.85   17.07  -14.53  -673.9   -12.1    29.5  20.29  971993. 18.47  1892  -194
2024 284 19 35  -19.70   25.59   -5.72  -674.6   -24.4    10.7  19.24 1653736. 17.52  1446  -194
2024 284 19 40  -22.01   18.88  -12.63  -673.4    47.4     5.7  20.95 1078246. 19.10  1261  -190
2024 284 19 45  -22.72   18.94  -10.36  -673.1    51.9     7.9  22.45 1440782. 20.51  1099  -195
2024 284 19 50  -22.96   15.67   -7.05  -688.8    35.4    34.1  24.35 1446105. 23.22  1075  -197
2024 284 19 55  -26.16   12.90  -11.72  -686.2    29.9    40.3  25.67 1595612. 24.30   782  -198
2024 284 20  0  -23.08   10.12  -13.95  -683.8    39.1    17.0  23.47 1483394. 22.05   703  -204
2024 284 20  5  -19.73   -7.01  -21.02  -667.1    37.6    21.9  24.64  974955. 22.01   677  -203
2024 284 20 10  -17.24   12.61  -16.50  -645.5    48.2    48.5  28.24 1100370. 23.85   512  -191
2024 284 20 15  -19.02   13.48  -19.36  -649.4    -4.6    58.5  31.76 1034192. 27.04   620  -200
2024 284 20 20  -23.08    6.15  -21.24  -646.2    35.6    61.0  28.46  702452. 24.05  1420  -207
2024 284 20 25  -22.04    4.51  -20.33  -662.6    53.1    37.0  27.63  770049. 24.55   755  -207
2024 284 20 30  -20.96    9.49  -15.14  -673.8    -6.6    29.3  31.43 1041828. 28.61   678  -205
2024 284 20 35   -6.01   24.61  -14.31  -677.8   -16.1    26.3  29.01  880897. 26.71   901  -206
2024 284 20 40   -8.37    9.89  -12.59  -668.0     1.4    26.9  31.93  899903. 28.55   838  -206
2024 284 20 45  -14.38   -4.42  -22.05  -662.4    29.5    45.3  34.96  770814. 30.87   766  -201
2024 284 20 50  -11.81  -16.33  -11.25  -663.6    46.5    40.2  37.51  704074. 33.33   897  -194
2024 284 20 55  -10.45   11.41  -17.51  -669.1    31.5    42.7  41.18  817100. 37.12   860  -191
2024 284 21  0  -11.68    8.92  -19.39  -670.1    28.1    28.8  40.80  760210. 36.78  1110  -194
2024 284 21  5   -9.75   13.46   -9.36  -665.0    11.2    12.1  37.92  849397. 33.66  1361  -201
2024 284 21 10   -7.53   15.26   -1.84  -659.4   -11.3    24.2  35.85  800452. 31.23  1463  -205
2024 284 21 15   -6.90   17.03   -1.29  -669.1   -16.5    18.7  34.94  736591. 31.34  1449  -202
2024 284 21 20   -8.71   14.83   -2.67  -648.7    -7.3    28.6  32.35  777024. 27.29  1798  -209
2024 284 21 25   -9.38   16.92   -4.87  -659.3   -50.7    26.1  31.61  741810. 27.72  1597  -214
2024 284 21 30   -7.08   20.31   -3.38  -637.7    -4.7    49.0  31.28  777641. 25.61  1215  -222
2024 284 21 35   -7.12   17.99   -4.45  -623.3     2.3    66.3  32.70  836524. 25.68  1095  -228
2024 284 21 40   -3.07   10.41   -1.17  -626.5    -8.0    68.9  36.84 1032050. 29.30  1244  -231
2024 284 21 45   -1.38   17.56   -0.68  -665.3   -20.9    49.5  35.87 1025314. 31.96  1012  -233
2024 284 21 50    0.76   24.57   -3.33  -696.6   -37.9     9.4  33.92  941500. 33.02   910  -229
2024 284 21 55    0.27   27.22   -0.38  -698.8   -34.4    -1.5  31.77  944830. 31.12  1100  -229
2024 284 22  0    2.33   30.93  -10.18  -699.3   -21.7     2.7  21.48  838391. 21.06  1266  -244
2024 284 22  5    1.59   27.72  -10.88  -709.8   -21.5   -27.6  19.23  818598. 19.73  1425  -250
2024 284 22 10    0.69   34.41   -8.13  -703.5   -38.9  -106.0  20.44  852769. 20.82  1397  -240
2024 284 22 15    2.74   29.35    1.95  -708.6   -16.1   -63.3  23.10  854322. 23.48  1009  -241
2024 284 22 20    2.99   24.97   21.64  -710.7    36.7   -76.3  19.42  872543. 19.90  1176  -244
2024 284 22 25    2.63   34.83   -5.08  -714.7     5.3   -75.3  18.01  842313. 18.61  1124  -250
2024 284 22 30   -1.76   12.12  -37.88  -708.2    35.2    -7.3  20.45  404211. 20.49  1033  -257
2024 284 22 35   -5.89    2.73  -44.78  -691.0    34.4    50.1  21.99  170851. 21.16  1437  -218
2024 284 22 40   -3.53    0.02  -47.48  -682.8     7.4    40.1   4.60  164212.  4.30   998  -217
2024 284 22 45   -8.26    1.76  -44.77  -697.5    12.2    55.7   4.33  199964.  4.25   894  -228
2024 284 22 50   -7.25    0.04  -44.87  -684.1    -3.8    58.4   4.78  277148.  4.51   702  -247
2024 284 22 55   -3.51    0.24  -46.14  -665.2    13.1    24.3   3.33  166018.  2.95   510  -272
2024 284 23  0    0.28    1.09  -46.28  -631.5    -1.0    39.3   3.67  239439.  2.94   506  -283
2024 284 23  5    0.79    0.73  -45.86  -640.7   -11.3    30.4   4.14  194158.  3.41   496  -294
2024 284 23 10    1.92    0.74  -45.58  -642.9   -16.0    35.4   3.95  167008.  3.28   494  -341
2024 284 23 15    1.64    2.62  -43.20  -666.0   -30.7    78.3   8.68  127221.  7.89   542  -318
2024 284 23 20    3.73   -1.35  -42.37  -691.9   -41.8    93.0  10.43  101533. 10.21   505  -285
2024 284 23 25    3.50    0.78  -42.72  -688.9   -33.9    90.2   9.47  104172.  9.17   696  -269
2024 284 23 30    4.33   -2.02  -42.59  -692.4   -29.8    63.8   8.97   89065.  8.69   908  -251
2024 284 23 35    5.18   -5.72  -41.98  -689.6   -26.4    78.0   8.00  112171.  7.71   760  -248
2024 284 23 40    6.48   -2.91  -42.41  -688.6   -23.8    70.8   5.89  135990.  5.67   661  -257
2024 284 23 45    6.18    3.23  -42.86  -691.5   -22.3    60.3   4.37  150449.  4.22   497  -279
2024 284 23 50    6.72    3.58  -42.77  -686.6   -22.6    35.8   2.66  144948.  2.52   451  -291
2024 284 23 55    7.64    3.39  -42.35  -704.1   -49.1    42.6   1.86  141089.  1.86   457  -296
2024 285  0  0    7.97    3.68  -41.73  -715.1   -38.1    46.3   1.95  169682.  2.01   504  -299
2024 285  0  5    9.16    4.62  -40.81  -705.9   -40.3    57.0   2.61  188388.  2.63   532  -298
2024 285  0 10    9.96    4.63  -40.39  -704.0   -35.0    56.1   2.62  177487.  2.61   595  -297
2024 285  0 15    9.49    4.84  -40.37  -713.9   -33.3    46.2   2.42  145337.  2.48   721  -296
2024 285  0 20    9.71    4.84  -40.15  -706.6   -36.3    70.0   2.77  161865.  2.80   698  -299
2024 285  0 25    9.98    6.56  -39.68  -704.6   -30.2    72.2   2.93  211968.  2.95   693  -299
2024 285  0 30   10.76    3.31  -39.05  -699.9   -18.4    64.3   5.64  186932.  5.58   820  -298
2024 285  0 35    9.60    3.23  -36.15  -693.6   -50.5    49.4  12.58  204280. 12.27  1233  -297
2024 285  0 40    7.34    8.51  -36.41  -707.4   -11.0    35.9  11.61  222650. 11.64  1357  -303
2024 285  0 45    6.07    8.46  -36.46  -696.1   -21.4    26.6  10.48  224966. 10.17  1068  -314
2024 285  0 50    4.81    6.69  -36.50  -696.0    -0.2    29.8  10.19  177429.  9.88  1095  -325
2024 285  0 55    4.68   -8.69  -36.39  -695.1    -8.4    45.4   8.46  195773.  8.21  1155  -329
2024 285  1  0    5.13  -20.36  -32.16  -696.2    -7.3    34.1   6.52  201727.  6.33  1134  -333
2024 285  1  5    4.72  -19.38  -31.96  -695.2    12.4    33.1   6.93  181774.  6.72   924  -336
2024 285  1 10    2.94  -19.22  -31.58  -692.0    19.9    38.5   8.21  165932.  7.89   790  -330
2024 285  1 15    6.16  -18.17  -31.05  -682.4    17.7    31.3   9.60  127576.  8.97   764  -330
2024 285  1 20    6.07  -17.48  -31.73  -679.1    24.3    36.8   9.99  152999.  9.26   732  -335
2024 285  1 25    7.71  -14.80  -32.71  -674.9    31.1    42.4   9.63  148336.  8.83  1202  -334
2024 285  1 30    8.41   -9.94  -33.64  -677.2    25.5    68.9  12.34  127771. 11.49   924  -330
2024 285  1 35    8.50  -13.72  -32.30  -673.3    15.7    54.5  10.64  121872.  9.73   505  -333
2024 285  1 40    9.32   -9.51  -33.54  -667.6    11.0    45.5   8.58  172162.  7.69   376  -339
2024 285  1 45    9.41  -10.22  -32.90  -661.9    15.2    53.7   8.85  176357.  7.81   629  -343
2024 285  1 50   10.16  -10.58  -32.22  -665.4    20.1    54.7   9.23  195171.  8.24   478  -335
2024 285  1 55    9.64   -9.80  -32.78  -658.3     4.7    59.4   8.39  168448.  7.34   450  -329
2024 285  2  0   10.51  -10.84  -31.48  -653.6    10.4    58.4   8.43  191361.  7.27   545  -321
2024 285  2  5    8.61   -9.57  -32.40  -659.3    -8.9    62.1   7.67  233926.  6.73   439  -312
2024 285  2 10    9.73  -11.76  -30.81  -649.1   -30.8    88.4   7.01  237568.  6.03   418  -314
2024 285  2 15   10.04  -10.52  -31.48  -652.7    -3.0    87.2   6.74  275841.  5.85   384  -282
2024 285  2 20    9.81   -5.57  -32.93  -659.2    17.0    75.0   5.44  281007.  4.77   336  -300
2024 285  2 25    8.14   -8.53  -33.03  -665.8   -17.9    61.0   3.10  272056.  2.78   569  -293
2024 285  2 30    6.04   -9.99  -32.40  -688.3   -34.7    54.2   4.01  357636.  3.84   668  -278
2024 285  2 35    7.35   -8.78  -32.29  -689.3   -49.0    48.2   4.25  384207.  4.08   583  -270
2024 285  2 40    9.33   -5.93  -32.84  -683.7   -40.8    36.4   3.43  310803.  3.22   684  -277
2024 285  2 45    9.91   -4.71  -32.88  -677.1   -21.6    32.1   2.74  344003.  2.52  1168  -285
2024 285  2 50   12.02   -3.47  -32.19  -666.9    -3.7    47.4   3.45  209507.  3.08  1088  -282
2024 285  2 55   10.99   -3.76  -32.25  -660.0    12.2    54.2   3.68  227378.  3.23  1102  -276
2024 285  3  0   11.74   -2.85  -31.99 99999.9 99999.9 99999.9 999.99 9999999. 99.99  1172  -277
2024 285  3  5   11.62   -3.10  -31.65  -653.3    29.6    75.4   3.28  260284.  2.84   960  -279
2024 285  3 10   11.65   -3.70  -31.59  -644.7    18.2    52.5   3.18  156949.  2.66   878  -278
2024 285  3 15   12.61   -3.53  -31.36  -634.9    16.2    62.5   3.89  205633.  3.17   787  -277
2024 285  3 20   11.73   -2.92  -31.77  -646.4    12.9    25.3   3.30  199286.  2.76   683  -281
2024 285  3 25   12.51   -2.87  -31.52  -641.6    23.1    31.2   3.47  205722.  2.87   848  -286
2024 285  3 30   11.08   -3.00  -32.05  -638.4    22.9    36.4   3.54  197904.  2.90  1071  -285
2024 285  3 35   11.56   -2.71  -32.04  -643.6    26.9    43.3   3.95  304209.  3.30  1002  -281
2024 285  3 40   11.65   -2.35  -31.91  -629.9    53.0    26.9   3.45  328033.  2.78   905  -280
2024 285  3 45   13.54   -2.57  -31.04  -631.2    31.1    54.1   3.90  300080.  3.14   946  -281
2024 285  3 50   13.31   -3.21  -30.97  -625.5    26.9    40.0   3.34  217620.  2.63  1021  -282
2024 285  3 55   12.46   -3.03  -31.23  -619.5     3.4    41.0   3.54  285885.  2.73  1021  -283
2024 285  4  0   12.01   -1.72  -31.58  -622.5    27.9    43.1   3.27  191107.  2.55   950  -282
2024 285  4  5   12.19   -0.76  -31.55  -610.5     8.1    39.7   3.08  186749.  2.30   549  -281
2024 285  4 10   11.39    0.21  -31.94  -613.3    11.3    37.2   3.70  232088.  2.80   854  -282
2024 285  4 15   11.05    0.83  -31.87  -618.7    28.5    73.9   3.99  201832.  3.11   672  -281
2024 285  4 20   13.15    1.13  -31.36  -614.9    13.4    86.5   4.01  210241.  3.10   536  -275
2024 285  4 25   12.94    1.48  -31.52  -613.8    12.1    89.5   3.95  170350.  3.04   453  -271
2024 285  4 30   13.16    1.28  -31.54  -614.9    16.9    86.5   3.45  155598.  2.66   320  -265
2024 285  4 35   14.46    1.52  -30.37  -617.7    12.7    78.7   3.45  224640.  2.67   415  -260
2024 285  4 40   14.17    1.94  -30.57  -620.3    16.2    76.2   3.58  232617.  2.79  1261  -258
2024 285  4 45   14.41    2.43  -30.40  -616.4    14.2    78.4   3.58  225802.  2.77  1289  -255
2024 285  4 50   15.88    3.60  -29.26  -618.8    15.7    70.4   4.00  244439.  3.10  1283  -254
2024 285  4 55   16.71    1.05  -28.94  -628.9    18.7    80.6   4.17  218470.  3.35   837  -257
2024 285  5  0   17.39    2.41  -28.69  -621.4     3.4    70.5   3.70  231783.  2.90   534  -257
2024 285  5  5   17.44    1.73  -28.72  -625.3   -16.3    68.7   3.58  215310.  2.83   539  -258
2024 285  5 10   17.72    1.61  -28.70  -635.5   -22.1    59.5   2.85  346445.  2.32   595  -259
2024 285  5 15   17.65    4.11  -28.09  -635.2   -24.3    55.9   2.86  321830.  2.34   408  -256
2024 285  5 20   17.92    1.60  -28.09  -634.3     0.7    46.1   2.93  329921.  2.37   410  -253
2024 285  5 25   17.46    0.39  -28.19  -630.2     0.0    42.4   3.72  269593.  2.96   522  -251
2024 285  5 30   17.15   -2.71  -28.33  -639.0    -8.3    35.9   3.11  343237.  2.54   923  -251
2024 285  5 35   16.65   -4.76  -28.33  -638.3   -26.0    46.7   2.62  340196.  2.15   882  -255
2024 285  5 40   16.26   -2.98  -28.60  -646.4   -43.6    39.2   2.45  334135.  2.06   789  -260
2024 285  5 45   15.99   -1.78  -28.44  -661.9   -55.1    45.3   2.23  377935.  1.97   706  -266
2024 285  5 50   17.66   -0.59  -26.94  -649.5   -27.5    52.0   2.39  385363.  2.03   513  -270
2024 285  5 55   18.17    0.33  -23.72  -675.4   -40.6    56.4   3.47  415447.  3.22   838  -270
2024 285  6  0    5.36  -10.92  -25.96  -699.7   -72.7    59.6   6.33  411523.  6.31   919  -264
2024 285  6  5    7.41  -10.49  -21.88  -705.0   -89.2    25.2   6.38  516909.  6.46  1000  -256
2024 285  6 10    5.03   -9.85  -21.80  -687.7   -67.0    65.0   7.49  444842.  7.21  1176  -258
2024 285  6 15    5.56   -8.65  -20.55  -681.5   -69.1    61.0   8.12  649019.  7.68   955  -272
2024 285  6 20    5.19  -10.56  -22.50  -721.0   -71.8    68.0   6.31  446795.  6.69  1049  -280
2024 285  6 25   14.17   -5.80  -24.28  -721.3   -74.1    64.8   5.24  317800.  5.58  1023  -286
2024 285  6 30   19.59    0.94  -22.05  -680.8   -54.9    36.4   4.64  176445.  4.34   936  -284
2024 285  6 35   19.32    1.19  -21.31  -690.9   -79.2    25.7   3.85  200440.  3.75   905  -282
2024 285  6 40   17.35   -1.84  -22.31  -718.4  -122.0    20.6   5.44  106082.  5.81   869  -274
2024 285  6 45    1.02  -14.04  -25.73  -785.7  -113.8    56.8   3.78  177406.  4.77   940  -273
2024 285  6 50   -1.59  -17.55  -25.10  -798.3  -110.9    82.8   2.96  248166.  3.85  1019  -276
2024 285  6 55    4.85  -15.10  -25.68  -785.8  -109.2    68.2   1.99  270924.  2.51   936  -277
2024 285  7  0    6.47  -13.70  -25.93  -761.8  -113.9    76.1   2.55  326094.  3.05   988  -280
2024 285  7  5    8.85  -10.55  -26.57  -731.9  -115.2    20.2   2.62  159476.  2.88  1150  -278
2024 285  7 10   10.54   -9.29  -24.97  -723.3  -101.7    23.0   4.19  270571.  4.48  1011  -271
2024 285  7 15   11.01   -8.34  -24.29  -709.0   -76.6     7.1   7.51  103371.  7.60   859  -267
2024 285  7 20   10.48   -9.68  -24.86  -724.3  -114.8     8.8   5.09  126432.  5.47   592  -267
2024 285  7 25   12.92   -8.50  -24.43  -709.4   -64.0    11.8   5.58  164964.  5.67   579  -262
2024 285  7 30   16.13   -3.58  -23.59  -717.4   -83.1    28.4   5.54   93990.  5.82   549  -252
2024 285  7 35   20.08    3.99  -21.09  -718.3   -41.4    33.4   5.76   84808.  5.97   467  -250
2024 285  7 40   22.28    4.89  -18.97  -719.5   -32.5    34.4   5.31   89490.  5.52   509  -248
2024 285  7 45   23.06    4.32  -17.65  -696.2   -51.7    54.5   5.80  122077.  5.69   545  -238
2024 285  7 50   21.98    4.84  -18.19  -700.5    -2.7    59.6   7.75  109507.  7.67   946  -233
2024 285  7 55   17.53   10.52  -19.50  -691.6   -69.0    62.2   7.15   82992.  6.97  1047  -229
2024 285  8  0   18.02   11.54  -17.68  -683.8   -64.7    75.7   7.24   83834.  6.91  1716  -227
2024 285  8  5   17.22   11.34  -18.21  -698.1   -56.6    61.7   6.25   73411.  6.19  2063  -234
2024 285  8 10   16.85   11.16  -18.13  -708.6   -50.9    41.9   6.68   54959.  6.77  2496  -243
2024 285  8 15   16.05    9.65  -19.09  -702.1   -53.8    27.5   5.36   54922.  5.33  2674  -247
2024 285  8 20   17.01    8.89  -17.81  -700.7   -53.0    28.7   4.54   59993.  4.49  1940  -241
2024 285  8 25   17.86    8.78  -16.13  -684.9   -58.6    44.9   4.84   68939.  4.60  1332  -237
2024 285  8 30   18.01    7.60  -16.18  -678.8   -63.4    42.6   5.45   77482.  5.09  1257  -243
2024 285  8 35   16.69    7.36  -17.46  -685.6   -67.3    46.3   5.11   84410.  4.87  1128  -249
2024 285  8 40   16.71    5.38  -18.43  -689.4   -74.1    51.0   3.95   69860.  3.82  1166  -252
2024 285  8 45   15.77    5.28  -18.91  -694.7   -74.5    58.0   3.83   67938.  3.76  1009  -259
2024 285  8 50   14.55    5.43  -18.76  -699.3   -73.8    55.9   4.03   61258.  4.01  1021  -262
2024 285  8 55   14.72    7.48  -17.17  -707.0   -83.1    39.9   4.58   57241.  4.66   851  -262
2024 285  9  0   13.80    7.20  -16.33  -716.8   -88.6    63.1   6.29   87577.  6.62  1024  -261
2024 285  9  5   12.87    6.55  -17.41  -709.9   -84.5    80.0   7.01   77313.  7.25  1252  -255
2024 285  9 10   11.37    6.80  -18.35  -700.0   -86.6    86.7   7.25   79026.  7.32  1242  -253
2024 285  9 15    8.76    8.17  -19.11  -684.5   -88.6    84.4   7.10   89697.  6.87  1515  -256
2024 285  9 20    7.79    8.36  -19.11  -673.1   -81.5    92.1   6.64   86508.  6.22  1270  -255
2024 285  9 25    8.27    8.86  -18.60  -661.6   -87.8   103.8   6.72   76217.  6.14  1369  -253
2024 285  9 30    8.62    8.35  -18.24  -651.3   -90.9   103.3   7.01   68702.  6.20  1164  -256
2024 285  9 35    1.98    2.81  -18.82  -626.4   -71.1   118.4   9.87   97552.  8.12   971  -260
2024 285  9 40   18.04    6.47   -6.90  -681.8   -73.7    68.7   7.49   81160.  7.12   727  -266
2024 285  9 45   21.42    5.27    0.19  -705.7   -59.8     4.4   8.63   54918.  8.67   820  -269
2024 285  9 50   20.10    6.85    1.06  -693.0   -75.0     0.2   8.10   56978.  7.87  1166  -269
2024 285  9 55   19.56    3.53    5.67  -687.8   -63.3   -26.3   7.60   62130.  7.27   988  -268
2024 285 10  0   19.01    5.72    2.95  -709.6   -52.2   -56.2   7.92   61456.  8.24  1068  -269
2024 285 10  5   18.73    9.22    0.98  -736.1   -60.2   -59.7  10.72   58399. 11.76  1080  -263
2024 285 10 10   17.97   10.16   -0.51  -727.4   -74.0   -61.2  10.50   63148. 11.31   787  -255
2024 285 10 15   20.36    6.62    1.11  -730.3   -70.7   -54.1  10.00   78737. 10.82   750  -240
2024 285 10 20   20.94    7.06   -0.21  -728.6   -77.9   -59.3  10.71   72872. 11.57   640  -221
2024 285 10 25   20.37    8.65    1.11  -723.2   -80.9   -48.5   9.77   67628. 10.39   756  -217
2024 285 10 30   20.14    7.96   -0.17  -722.3   -81.0   -42.2  10.24   70157. 10.86   719  -209
2024 285 10 35   17.00    2.11   -1.43  -730.0   -57.9   -31.7   7.52   56435.  8.04   902  -208
2024 285 10 40   14.11    0.00   -1.80  -731.7   -56.1   -24.9   6.44   39619.  6.94   567  -198
2024 285 10 45   11.47   -3.11   -1.18  -749.0   -18.9   -29.2   5.90   21906.  6.65   548  -204
2024 285 10 50   11.05   -3.10   -1.15  -753.3   -18.6   -30.3   7.12   23020.  8.11   541  -220
2024 285 10 55   10.91   -3.38   -1.35  -752.5   -20.4   -30.3   6.56   24051.  7.44   558  -222
2024 285 11  0   10.80   -2.90   -1.16  -748.6    -6.1   -22.6   6.35   21502.  7.12   512  -221
2024 285 11  5   10.86   -2.56   -0.55  -749.2    -5.9   -21.8   5.69   25024.  6.40   389  -213
2024 285 11 10   10.83   -2.68   -0.06  -747.9     2.6   -18.3   6.53   21877.  7.31   442  -211
2024 285 11 15   11.17   -1.93    0.10  -747.5     2.8   -17.6   6.15   20081.  6.88   418  -209
2024 285 11 20   10.52   -1.61    2.49  -742.0   -15.3    -6.2   5.34   31572.  5.89   327  -210
2024 285 11 25   10.03   -1.13    4.01  -749.1   -10.0     4.6   4.86   31595.  5.46   245  -208
2024 285 11 30   10.74   -0.31    2.39  -743.1   -10.7     5.6   5.98   22880.  6.60   205  -210
2024 285 11 35   10.49   -0.07    3.04  -742.7   -15.2    15.8   6.10   22004.  6.74   263  -210
2024 285 11 40   10.64    0.69    2.73  -729.1     0.7    -4.2   3.94   20890.  4.19   212  -208
2024 285 11 45   10.23    1.22    3.15  -725.7    -3.0   -12.0   3.62   19144.  3.81   267  -200
2024 285 11 50    9.90    0.86    3.66  -721.3     9.3    -1.2   5.11   19807.  5.32   319  -191
2024 285 11 55    9.77    0.76    3.91  -720.3    15.3     1.4   4.59   17557.  4.77   372  -190
2024 285 12  0    9.69    0.44    3.88  -722.6     6.6     0.1   4.57   18547.  4.78   150  -187
2024 285 12  5    9.86    0.82    3.65  -719.8    11.5    -1.3   4.50   18482.  4.66   228  -190
2024 285 12 10    9.63    0.02    4.34  -720.7    13.6     1.4   4.12   19204.  4.28   255  -193
2024 285 12 15    9.28    1.25    4.07  -723.3     9.7     6.9   2.97   32129.  3.11   331  -194
2024 285 12 20    9.08    1.37    3.72  -730.8    -3.3    -1.5   3.11   36636.  3.33   337  -192
2024 285 12 25    6.39    3.04   -4.54  -753.3    -9.7    -6.9   3.35   35967.  3.83   359  -188
2024 285 12 30    4.66    4.23   -7.97  -771.3   -15.5    -7.8   3.95   41637.  4.71   546  -181
2024 285 12 35    7.93    3.77   -4.77  -750.4    -9.7     2.5   4.23   48442.  4.77   694  -181
2024 285 12 40    8.53    2.91   -4.66  -743.1   -17.2     3.0   3.76   53331.  4.16   631  -182
2024 285 12 45    8.33    3.67   -4.19  -741.5   -14.5    -3.2   3.78   53268.  4.17   581  -186
2024 285 12 50    8.44    3.48   -3.83  -744.0    -1.9     3.0   3.78   52322.  4.19   669  -189
2024 285 12 55    8.62    3.08   -3.73  -741.8    -7.7    -5.0   3.77   50878.  4.16   523  -192
2024 285 13  0    9.07    2.92   -2.55  -735.3   -21.3     8.7   4.40   48548.  4.76   458  -194
2024 285 13  5    8.48    3.76   -2.42  -738.5   -14.9    11.3   4.58   52980.  5.01   475  -194
2024 285 13 10    9.09    2.86   -1.15  -735.8   -16.2     4.5   4.15   72618.  4.51   425  -192
2024 285 13 15    7.06    3.52   -4.96  -735.0   -15.7     0.3   4.35   61405.  4.71   390  -192
2024 285 13 20    7.35    3.88   -4.28  -735.8   -11.3    14.2   4.88   47380.  5.28   747  -194
2024 285 13 25    8.00    3.87   -3.25  -729.0   -11.1    20.7   5.05   58839.  5.38  1403  -194
2024 285 13 30    7.84    4.06   -1.41  -723.7    -5.8    21.4   6.17   54874.  6.46  1535  -194
2024 285 13 35    8.01    3.74   -0.00  -719.7    -6.0    29.9   6.78   54235.  7.04  1627  -192
2024 285 13 40    8.12    3.81    0.76  -718.7     0.3    28.4   7.57   61421.  7.83  1990  -190
2024 285 13 45    8.40    2.87    1.10  -721.1     0.1    25.3   9.11   50900.  9.48  2069  -184
2024 285 13 50    8.71    2.59    2.29  -718.8     2.9    29.5   8.73   49141.  9.04  1771  -179
2024 285 13 55    8.80    2.11    2.65  -715.4     8.4    21.0   7.41   42981.  7.59  1357  -177
2024 285 14  0    8.31    4.21    1.41  -717.0     1.1    32.2   7.02   59461.  7.23   930  -175
2024 285 14  5    7.73    6.15    0.59  -723.1     6.8    33.0   5.45   59108.  5.71   901  -175
2024 285 14 10    8.06    5.29    1.00  -718.0     0.8    31.0   5.83   53658.  6.02   929  -173
2024 285 14 15    8.70    4.03    1.64  -713.9    -1.3    34.8   5.52   55712.  5.65   853  -170
2024 285 14 20    8.62    3.86    2.72  -713.5    -1.4    36.9   5.57   52056.  5.69   778  -167
2024 285 14 25    8.64    4.12    2.44  -712.1     0.1    35.8   5.18   55889.  5.27   895  -167
2024 285 14 30    8.64    3.92    3.39  -716.0    -1.7    41.5   4.89   50714.  5.03   866  -166
2024 285 14 35    9.04    2.37    3.55  -711.9   -14.8    34.2   4.83   54224.  4.91   674  -166
2024 285 14 40    8.63    3.05    4.31  -714.3   -17.6    36.2   4.66   45307.  4.77   593  -164
2024 285 14 45    8.72    2.61    4.52  -708.7   -21.1    30.5   3.95   59894.  3.99   639  -163
2024 285 14 50    9.01    3.12    3.74  -696.4    -9.6    31.2   2.77   71737.  2.69   635  -162
2024 285 14 55    8.65    2.76    4.62  -692.3    -7.7    30.9   4.85   57316.  4.66   508  -160
2024 285 15  0    8.64    3.08    4.46  -685.8    -8.5    31.9   4.92   57654.  4.64   316  -155
2024 285 15  5    8.54    3.12    4.36  -687.9    -4.8    31.5   5.43   57252.  5.15   317  -150
2024 285 15 10    8.88    2.66    3.91  -684.5    -9.2    27.8   5.30   54272.  4.98   282  -146
2024 285 15 15    9.20    2.35    3.44  -681.4   -11.4    27.7   4.86   66884.  4.52   281  -143
2024 285 15 20    9.12    2.46    3.53  -678.8   -12.4    32.2   4.67   52729.  4.31   236  -138
2024 285 15 25    8.93    2.13    3.72  -676.8   -13.7    41.6   4.82   48657.  4.43   206  -133
2024 285 15 30    8.94    2.58    3.60  -680.4   -15.0    25.7   4.94   61069.  4.58   242  -131
2024 285 15 35    9.12    2.62    3.23  -680.1   -15.9    19.5   4.99   63668.  4.63   241  -129
2024 285 15 40    9.19    2.66    3.02  -675.8   -12.4    19.2   4.92   57589.  4.50   239  -128
2024 285 15 45    9.15    2.72    2.76  -672.7    -8.4    16.7   5.20   61150.  4.72   268  -130
2024 285 15 50    9.56    1.82    1.97  -674.9    -9.1    21.6   5.24   70541.  4.78   207  -130
2024 285 15 55    9.48    1.98    2.10  -670.9    -5.0    15.4   5.18   65288.  4.67   210  -129
2024 285 16  0    9.20    2.74    2.64  -667.6   -16.7    13.5   5.35   72793.  4.77   207  -129
2024 285 16  5    9.37    2.54    2.01  -667.5   -13.2    12.8   5.37   67323.  4.79   184  -128
2024 285 16 10    9.47    2.58    1.75  -667.0   -13.1    12.3   5.30   71165.  4.72   195  -127
2024 285 16 15    9.58    2.38    0.90  -667.9    -8.6    13.3   5.17   61743.  4.61   188  -127
2024 285 16 20    9.63    1.92    0.34  -667.5   -10.2     6.4   5.47   80344.  4.88   185  -128
2024 285 16 25    9.59    2.38    1.89  -671.1   -16.7    12.8   5.22   73924.  4.70   187  -128
2024 285 16 30    9.56    2.40    1.15  -670.7   -15.0    16.1   5.42   67321.  4.88   176  -128
2024 285 16 35    8.16    3.36    3.96  -672.3   -25.3     5.1   8.01   61855.  7.25   166  -129
2024 285 16 40    8.11    3.45    3.98  -674.2   -23.8     4.4   7.76   53240.  7.06   107  -128
2024 285 16 45    8.06    3.68    3.85  -674.7   -18.1     4.3   7.38   59507.  6.72   292  -127
2024 285 16 50    8.08    3.58    3.80  -672.4   -27.9     8.0   6.77   69577.  6.13   297  -124
2024 285 16 55    8.29    3.41    3.65  -665.7   -25.8     7.9   6.48   56053.  5.75   328  -123
2024 285 17  0    7.77    3.85    3.87  -665.5   -28.3    11.0   6.83   52977.  6.06   385  -120
2024 285 17  5    7.59    4.10    3.86  -666.1   -25.4    12.4   6.68   61814.  5.94   379  -118
2024 285 17 10    7.67    3.90    3.94  -666.0   -26.6    11.4   6.62   52041.  5.89   248  -117
2024 285 17 15    9.14    1.36    2.62  -656.6   -25.3    14.4   5.45   61644.  4.71   140  -116
2024 285 17 20    9.22    1.23    2.52  -660.0   -27.3    14.4   5.62   71138.  4.90    97  -114
2024 285 17 25    9.54    1.09    2.19  -658.6   -23.2    23.7   4.23   85679.  3.68    96  -112
2024 285 17 30    9.72    0.80    2.35  -661.3   -17.7    21.7   3.88  100088.  3.40   100  -111
2024 285 17 35    9.86    0.96    2.37  -665.1   -20.1    27.2   3.08   92137.  2.73    93  -111
2024 285 17 40    9.98    1.52    2.37  -653.6   -15.4    33.5   2.69   71456.  2.30   333  -111
2024 285 17 45    9.65    2.19    3.10  -653.6   -10.1    36.6   2.67   59816.  2.29   216  -109
2024 285 17 50    9.40    1.94    3.45  -655.8   -15.8    45.6   2.62   61591.  2.26   167  -109
2024 285 17 55    8.74    2.89    3.87  -669.7    -6.2    47.8   2.85  104006.  2.58   186  -111
2024 285 18  0    8.57    4.01    3.57  -677.4    13.9    39.2   3.21   87311.  2.95   252  -113
2024 285 18  5    8.57    4.15    3.76 99999.9 99999.9 99999.9 999.99 9999999. 99.99   291  -114
2024 285 18 10    8.12    5.05    3.74  -672.9    19.0    35.5   3.20   85925.  2.91   237  -112
2024 285 18 15    7.40    5.65    4.16  -673.9     4.5    34.7   3.40   65824.  3.10   189  -110
2024 285 18 20    6.98    5.56    4.40  -675.4    -6.0    30.5   4.19   56605.  3.83   197  -106
2024 285 18 25    7.18    5.75    3.94  -675.8    -1.1    33.3   3.62   66868.  3.30   176  -105
2024 285 18 30    6.30    6.42    4.71  -674.2    -6.3    23.3   4.61   50644.  4.19   199  -103
2024 285 18 35    6.11    6.90    4.19  -673.2    -1.9    15.3   4.53   44774.  4.11   208  -102
2024 285 18 40    6.22    7.01    3.58  -670.3    -5.0    11.0   4.58   49021.  4.11   153  -102
2024 285 18 45    7.67    5.47    3.30  -667.4    -9.6    20.3   3.57   64917.  3.18   229  -102
2024 285 18 50    8.21    4.67    2.43  -662.2    -8.7    23.3   3.68   96957.  3.23   268  -103
2024 285 18 55    7.49    5.48    2.98  -659.9    -8.6    14.8   3.74   84539.  3.26   310  -102
2024 285 19  0    7.28    5.96    2.98  -660.1    -9.2    21.7   4.21   67832.  3.67   266  -101
2024 285 19  5    7.39    5.55    3.29  -663.1    -8.9    23.1   4.26   64404.  3.75   265  -102
2024 285 19 10    7.31    5.53    2.93  -665.2   -10.5    21.5   5.38   59396.  4.77   215  -101
2024 285 19 15    7.71    5.19    3.65  -666.8   -14.4    22.8   4.45   56116.  3.96   234  -104
2024 285 19 20    8.14    4.48    3.89  -662.8   -20.2    22.4   4.75   43528.  4.18   227  -105
2024 285 19 25    8.17    4.62    3.60  -659.9   -22.4    23.3   5.27   41423.  4.60   197  -102
2024 285 19 30    8.16    4.76    3.83  -656.6   -20.9    21.9   4.39   41058.  3.79   155  -100
2024 285 19 35    8.34    4.60    3.63  -655.4   -21.1    21.4   4.32   40954.  3.72   170   -99
2024 285 19 40    8.64    3.86    3.82  -655.3   -33.9    28.2   4.18   36256.  3.61   160   -99
2024 285 19 45    9.41    3.15    2.22  -649.6   -35.0    19.0   4.14   40702.  3.51   148   -96
2024 285 19 50    9.98    2.41    1.02  -638.5   -32.1     6.9   4.25   46975.  3.48   141   -96
2024 285 19 55    8.74    5.03    2.08  -646.3   -21.5    16.6   4.28   40606.  3.59   143   -97
2024 285 20  0    7.79    6.42    2.72  -656.3   -15.6    22.1   4.96   40973.  4.28   140   -97
2024 285 20  5    8.73    4.82    3.62  -646.9   -28.2    30.9   4.60   47740.  3.86   101   -93
2024 285 20 10    7.98    5.58    4.24  -653.2   -19.2    34.7   4.37   37424.  3.75    94   -91
2024 285 20 15    8.67    3.66    4.81  -646.2   -41.9    37.3   4.86   36634.  4.10   110   -91
2024 285 20 20    8.90    2.68    5.21  -648.7   -42.9    35.9   4.89   41252.  4.14   153   -95
2024 285 20 25    8.69    3.45    5.28  -651.3   -38.1    41.6   3.52   43565.  3.01   142  -102
2024 285 20 30    8.89    2.38    5.48  -647.7   -46.9    53.0   3.69   51121.  3.14   158  -102
2024 285 20 35    9.11    2.72    4.91  -643.9   -47.6    46.4   3.37   46713.  2.82   189  -101
2024 285 20 40    9.45    2.01    4.56  -639.8   -58.6    41.6   3.24   36999.  2.68   150  -101
2024 285 20 45    8.96    4.33    3.34  -640.0   -36.5    24.6   3.25   44539.  2.69   141  -101
2024 285 20 50    8.59    2.97    6.00  -650.3   -47.6    57.9   4.82   35547.  4.13   180   -99
2024 285 20 55    8.19    3.95    5.76  -650.2   -42.1    61.7   5.89   32093.  5.04   198   -92
2024 285 21  0    8.27    4.38    5.29  -650.0   -41.1    63.2   6.14   31561.  5.26   208   -90
2024 285 21  5    8.55    3.93    5.51  -653.4   -35.2    51.8   5.46   33570.  4.70   214   -86
2024 285 21 10    8.11    5.32    5.50  -649.5   -28.8    59.9   2.62   35077.  2.24   184   -87
2024 285 21 15    7.62    7.01    4.26  -650.1   -21.1    59.6   2.29   44351.  1.96   204   -97
2024 285 21 20    7.43    7.01    3.69  -672.0   -53.5    38.5   2.37  100893.  2.16   157  -101
2024 285 21 25    7.03    6.87    3.71  -671.0   -39.8    37.1   3.07   88530.  2.78   161   -98
2024 285 21 30    7.78    6.72    3.72  -673.3   -22.3    33.5   3.83   38858.  3.49   180   -93
2024 285 21 35    7.22    6.45    5.10  -674.2     1.0    20.1   4.24   30161.  3.85   193   -87
2024 285 21 40    7.14    6.39    5.48  -673.9    -1.8    23.7   3.89   28186.  3.54   166   -83
2024 285 21 45    7.24    4.92    6.65  -669.3    10.8    18.1   3.75   27758.  3.36   135   -88
2024 285 21 50    7.71    3.93    6.82  -671.9     1.5    -3.2   4.19   33392.  3.78   129   -91
2024 285 21 55    8.46    3.97    5.91  -673.1     0.9     4.8   3.74   38229.  3.39   133   -92
2024 285 22  0    8.65    3.24    6.69  -668.3   -12.1    14.8   3.60   38939.  3.22   133   -91
2024 285 22  5    8.80    2.21    7.07  -672.5   -15.6    11.7   3.74   41465.  3.38   129   -89
2024 285 22 10    9.25    1.50    6.61  -666.7   -28.2    13.1   3.05   30628.  2.72   233   -88
2024 285 22 15    9.39    0.31    6.48  -657.8   -18.5    16.1   3.19   41382.  2.76   309   -89
2024 285 22 20    6.80    5.02    7.80  -671.3     1.4    17.9   4.12   33723.  3.72   315   -88
2024 285 22 25    7.49    4.43    7.56  -670.9     2.5    10.8   4.38   28710.  3.95   308   -87
2024 285 22 30    8.20    4.02    7.26 99999.9 99999.9 99999.9 999.99 9999999. 99.99   315   -86
2024 285 22 35    7.77    4.58    7.62  -653.5   -31.0     9.3   3.18   38413.  2.72   313   -85
2024 285 22 40    7.45    6.26    6.10  -654.5   -13.5     0.8   3.42   38033.  2.94   314   -85
2024 285 22 45    7.82    6.86    5.11  -654.4    10.3   -10.1   2.77   36721.  2.38   280   -85
2024 285 22 50    7.19    3.53    8.50  -651.8    -8.5     8.3   3.34   52321.  2.86   297   -83
2024 285 22 55    6.41    2.28    9.48  -666.9   -35.3     7.1   4.62   42429.  4.12   280   -81
2024 285 23  0    6.41    0.61    9.27  -666.2   -50.1     6.8   6.30   41526.  5.63   332   -72
2024 285 23  5    4.53   -0.46   10.00  -657.9   -38.1    21.5   6.06   47005.  5.28   343   -66
2024 285 23 10    5.15   -1.36    9.77  -657.0   -62.3    17.3   5.75   44409.  5.02   350   -67
2024 285 23 15    6.14   -0.41    8.79  -658.0   -44.5    23.1   6.55   54903.  5.70   272   -65
2024 285 23 20    6.02   -1.82    8.66  -659.3   -55.3    19.2   6.90   50177.  6.05   253   -64
2024 285 23 25    6.31   -2.31    7.75  -663.7   -48.2     8.8   6.02   84087.  5.33   214   -67
2024 285 23 30    6.49   -2.44    6.66  -655.5   -66.0    11.8   6.36   91475.  5.52   150   -67
2024 285 23 35    4.55    0.74    8.70  -679.8   -41.5    36.6   4.41   67361.  4.12   132   -67
2024 285 23 40    4.45    0.68   10.43  -667.1   -70.9    41.7   3.47   46124.  3.14   104   -69
2024 285 23 45    4.11   -0.50   10.57  -664.5   -71.7    25.0   4.26   60209.  3.81    83   -69
2024 285 23 50    2.85   -1.62   10.94  -674.4   -78.7    17.2   4.91   41036.  4.54   108   -65
2024 285 23 55    2.70   -5.89    9.84  -669.8  -109.5    17.6   4.72   39317.  4.35   106   -63
