2024 284  9  0   -4.67   -0.68    2.68  -397.1    16.4   -22.6   3.54    46663  1.12   122    -9  0  0
2024 284  9  5   -4.80   -0.79    2.42  -397.6    18.2   -26.6   3.31    43624  1.06    98    -9  0 -1
2024 284  9 10   -4.69   -0.83    2.51  -398.1    20.0   -30.6   3.09    40584  0.99    87    -9  0  0
2024 284  9 15   -4.72    1.21    1.94  -400.2     8.1   -17.4   3.41    45034  1.10    81    -9  0  0
2024 284  9 20   -5.06    2.21    1.20  -392.8   -14.1   -10.1   3.04    30792  0.94    73    -9  0  0
2024 284  9 25   -5.00    2.83    0.98  -392.0   -14.1    -9.6   3.25    34572  1.00    53    -8  0  0
2024 284  9 30   -5.10    2.50    1.44  -391.2    -7.2   -11.1   3.86    43194  1.18    53    -8  0  0
2024 284  9 35   -5.18    2.94    0.96  -395.7   -16.6   -12.8   3.19    31798  1.00    49    -7  0  0
2024 284  9 40   -5.72    2.10    0.55  -388.5   -10.0     4.5   4.54    48625  1.37    62    -7  0  0
2024 284  9 45   -5.06    2.64    0.18  -396.6   -18.7     7.5   4.02    38996  1.26    78    -6  0  0
2024 284  9 50   -3.84    3.76    0.05  -397.6   -15.8     1.4   3.56    42968  1.13    95    -7  0  0
2024 284  9 55   -3.92    3.56    0.74  -392.5   -14.7    -7.8   2.81    27718  0.86   101    -7  0  0
2024 284 10  0   -4.64    0.33   -2.21  -396.8    11.1    21.2   3.40    42762  1.08   110    -6  0  0
2024 284 10  5   -4.03    0.99   -2.17  -396.2     8.2    25.6   3.52    61027  1.11   105    -7  0  0
2024 284 10 10   -3.91    0.74   -2.13  -397.3     2.1    17.6   3.94    69904  1.25    89    -9  0  0
2024 284 10 15   -4.22    0.74   -2.21  -396.4     3.5    15.4   3.90    67572  1.23    64    -9  0  0
2024 284 10 20   -4.03    1.16   -2.78  -397.4     3.2    19.2   3.72    64336  1.18    86    -9  0  0
2024 284 10 25   -3.83    2.06   -3.08  -402.1    -5.7    28.7   4.15    69702  1.35   123    -9  0  0
2024 284 10 30   -4.19    2.68   -2.08  -409.5    -5.7    21.5   4.47    78888  1.50   115    -9  0  0
2024 284 10 35   -4.70    2.15   -1.99  -394.6   -10.7     9.9   4.57    59598  1.42   103   -10  0  0
2024 284 10 40   -4.69    1.65   -1.59  -397.2    -8.6     7.3   4.27    55169  1.35   119   -10  0  0
2024 284 10 45   -4.92    1.27   -1.63  -395.6    16.7    18.7   4.52    46362  1.42   119   -10  0  0
2024 284 10 50   -4.33    1.51   -2.66  -399.8    -0.1    27.5   4.36    70856  1.40   158    -9  0  0
2024 284 10 55   -4.61    0.93   -2.55  -386.7    26.5     8.8   4.90    48900  1.47   196    -8  0  0
2024 284 11  0   -4.83    0.81   -2.20  -394.6     3.8     5.5   4.21    74217  1.31   204    -7  0  0
2024 284 11  5   -4.64    1.59    0.47  -402.6    20.5    15.0   4.89    61117  1.61   279    -9  0  0
2024 284 11 10   -4.58    1.92    0.09  -396.9    -6.7    -0.1   4.68    65672  1.47   298    -8  0  0
2024 284 11 15   -5.25    0.82    1.18  -385.9    30.2   -14.3   4.51    44826  1.35   248    -9  0  0
2024 284 11 20   -5.10    1.29    1.57  -394.5    -5.9   -21.0   3.82    43194  1.19   182   -10  0  0
2024 284 11 25   -4.43    1.35   -0.37  -396.2     9.9    -7.4   4.42    57985  1.40   239    -8  0  0
2024 284 11 30   -4.58    1.00   -0.07  -390.4     9.4     0.9   4.20    59537  1.28   361    -9  0  0
2024 284 11 35   -4.63    2.62   -0.86  -393.8     8.9    11.9   4.17    66260  1.30   351   -10  0  0
2024 284 11 40   -4.95    2.88   -1.50  -400.7    -3.5     6.0   4.52    79658  1.46   363   -11  0 -1
2024 284 11 45   -3.19    3.02   -0.82  -407.6   -15.9     0.0   4.86    93056  1.61   313   -12  0  0
2024 284 11 50   -3.61    2.75   -1.12  -405.2   -12.3    -3.2   4.36    80533  1.44   237   -12  0  0
2024 284 11 55   -3.71    1.89   -2.67  -406.4     1.5    31.3   3.80    57498  1.27   248   -11  0  0
2024 284 12  0   -3.67    1.77   -3.05  -403.6    -1.8    33.6   3.85    52216  1.27   288   -10  0  0
2024 284 12  5   -2.40    2.43   -4.74  -408.2     0.8    45.0   3.79    40832  1.28   325   -10  0  0
2024 284 12 10   -1.78    2.83   -5.12  -412.3     5.0    42.2   3.76    33565  1.29   464   -10  0  0
2024 284 12 15   -2.95    2.53   -4.84  -411.5    -6.8    40.2   3.68    41618  1.26   626   -11  0  0
2024 284 12 20   -4.02    1.63   -5.19  -393.0    12.6    41.8   3.98    32704  1.24   729   -12  0  0
2024 284 12 25   -3.75    2.42   -5.22  -396.9     5.7    38.8   4.02    33086  1.27   675   -11  0 -1
2024 284 12 30   -4.81    1.19   -4.58  -400.7    -1.2    35.8   4.06    33468  1.31   699   -11  0  0
2024 284 12 35   -5.10    1.30   -4.79  -393.0    10.5    45.9   4.02    39835  1.26   682   -11  0  0
2024 284 12 40   -5.80    1.17   -4.34  -385.9    18.2    30.0   4.12    31616  1.24   740   -10  0  0
2024 284 12 45   -4.18    1.98   -4.81  -407.9    10.6    48.7   3.46    29926  1.16   777   -10  0  0
2024 284 12 50   -4.73    1.19   -5.13  -397.3    15.4    35.2   3.75    30499  1.18   917    -9  0 -1
2024 284 12 55   -5.29   -0.13   -4.91  -386.7    20.2    21.6   4.04    31071  1.21   998   -10  0 -1
2024 284 13  0   -6.84    0.57   -1.57  -376.1    25.0     8.1   4.33    31644  1.23   939   -12  0  0
2024 284 13  5   -6.80    0.68   -2.85  -382.3    18.1    21.4   4.42    33071  1.30   972   -13  0  0
2024 284 13 10   -6.86    2.42   -3.09  -383.0     4.3    19.7   4.44    36333  1.31   897   -14  0  0
2024 284 13 15   -5.86    3.97   -0.40  -398.8   -11.9     0.3   4.81    48795  1.54   934   -16  0  0
2024 284 13 20   -6.39    2.37   -1.01  -391.1    -8.7    -2.8   4.95    34930  1.52   946   -19  0  0
2024 284 13 25   -6.88    2.64   -0.26  -383.3    10.6     1.1   4.62    32505  1.37   920   -21  0  0
2024 284 13 30   -6.96    2.54    0.05  -384.6    -9.0    -4.4   4.70    39116  1.40   893   -21  0  0
2024 284 13 35   -6.84    2.01    0.16  -382.7    -2.3     9.5   4.46    35451  1.32   841   -22  0  0
2024 284 13 40   -6.81    2.13    2.43  -387.1     3.7   -17.4   4.84    39428  1.47   791   -22  0  0
2024 284 13 45   -6.32    2.51    2.42  -386.5     0.6    -9.6   4.76    47106  1.44   746   -22  0  0
2024 284 13 50   -5.54    2.79    2.80  -393.4    22.3   -26.5   4.52    41803  1.43   722   -23  0  0
2024 284 13 55   -5.94    2.73    2.92  -397.0     1.0   -30.2   4.55    40324  1.45   648   -22  0  0
2024 284 14  0   -6.36    2.50    3.23  -388.5     4.1   -40.2   4.61    39233  1.41   602   -23  0  0
2024 284 14  5   -5.20    2.64    4.24  -390.6   -14.7   -22.9   4.85    53521  1.50   478   -22  0  0
2024 284 14 10   -1.30    3.10    7.52  -428.8   -13.2   -45.7   4.81    44838  1.78   421   -21  0  0
2024 284 14 15   -3.33    2.86    7.07  -450.6    -9.7   -56.0   4.45    34155  1.84   518   -21  0  0
2024 284 14 20   -5.85    1.22    6.05  -420.5    22.9   -46.4   4.85    45421  1.74   485   -20  0  0
2024 284 14 25   -6.20    0.69    6.05  -394.7    29.4   -62.9   5.95    61875  1.91   467   -19  0  0
2024 284 14 30   -4.57    4.21    6.02  -423.9    -9.1   -53.8   5.42    56909  1.98   315   -19  0  0
2024 284 14 35   -4.64    5.14    6.95  -426.0    -5.9   -50.6   6.09    60154  2.24   305   -17  0  0
2024 284 14 40   -4.52    3.76    7.74  -430.2     0.5   -44.3   7.42    66645  2.77   281   -17  0  0
2024 284 14 45   -3.68    4.06    7.68  -427.0     1.1   -51.7   6.45    64221  2.38   255   -15  0 -1
2024 284 14 50   -4.17    4.43    7.33  -423.8     1.7   -59.1   5.47    61797  2.00   318   -13  0  0
2024 284 14 55   -4.76    4.21    8.27  -429.3    -8.6   -50.1   6.84    69326  2.56   376   -10  0  0
2024 284 15  0   -4.95    3.56    8.95  -442.4     5.6   -54.0   6.92    85961  2.77   338    -7  0  0
2024 284 15  5   -3.74    1.46    7.38  -451.3    20.9   -63.2   5.94    97460  2.47   329    -8  0  0
2024 284 15 10   -3.01    4.13    6.83  -470.8    20.6   -64.0   6.91   111220  3.14   288    -8  0  0
2024 284 15 15   -3.58    6.01    8.89  -516.3     4.2   -53.3   5.15   122325  2.85  1053    43  0  0
2024 284 15 20   -9.92    9.55   15.22  -622.3    18.1   -49.5  12.67   899314 12.40  1091    66  0  0
2024 284 15 25  -22.43   11.59   19.81  -748.7   -21.4   -50.4  20.32  1254528 22.90   782    73  0  0
2024 284 15 30  -16.75   13.21    9.32  -732.3   -31.3   -39.8  24.73   713118 26.67  1099    61  0  0
2024 284 15 35   -7.96    8.29   -8.92  -781.7    63.5    46.0  29.54  1864104 36.61  1727    41  0  0
2024 284 15 40   -6.86   15.51   -1.74  -803.0   -26.7    -2.0  28.32  1634690 37.05  2271    25  0  0
2024 284 15 45    4.28   33.78   11.26  -769.2   -42.0     9.8  33.27   595833 39.50  3028     3  0  0
2024 284 15 50    3.27   24.36   15.70  -787.4   -22.6   -34.1  35.15   951138 43.82  3997     3  0  0
2024 284 15 55    9.56   17.44   20.10  -801.0   -32.0   -58.6  31.51   783945 40.80  3611    -3  0  0
2024 284 16  0   -5.46   23.12   13.25  -749.5     4.8   -13.2  30.66   774836 34.62  2901     3  0  0
2024 284 16  5   -8.58   18.55   -6.87  -746.0     4.8    29.6  34.55   942891 38.61  2487     4  0  0
2024 284 16 10    3.12   29.55    5.34  -765.2   -49.2    37.8  32.30   846760 38.19  2723    -9  0  0
2024 284 16 15  -12.70    8.82  -16.79  -723.8     7.3    90.3  37.99  1167719 40.39  2765   -22  0  0
2024 284 16 20  -11.47   20.95  -10.51  -719.4     2.1    69.8  33.76  1107967 35.31  2752   -35  0  0
2024 284 16 25  -11.47   24.47  -14.19  -734.0     1.4    58.3  30.25  1138285 32.84  2981   -53  0  0
2024 284 16 30  -11.09   15.10  -17.66  -740.2    53.7    74.5  30.48  1235333 33.93  2665   -61  0  0
2024 284 16 35  -10.49   16.67  -21.14  -730.6     9.6    68.8  33.36   941958 35.96  1902   -76  0  0
2024 284 16 40   11.71  -23.27   -9.47  -769.7    75.7    31.4  32.22  1061911 38.62  1313   -83  0  0
2024 284 16 45   19.36  -18.30   -4.79  -782.0    78.7    -5.5  30.35   813212 37.57  1708   -91  0  0
2024 284 16 50   12.17  -25.34  -15.01  -775.9    64.4     5.0  36.23   718800 43.93  1785   -92  0  0
2024 284 16 55    5.79  -30.31  -13.38  -740.8    69.9    13.5  34.37   745631 38.16  2073   -85  0  0
2024 284 17  0  -14.01  -22.97   -9.29  -733.2    79.7    23.8  34.65   682381 37.74  2220   -80  0  0
2024 284 17  5  -21.35  -18.98   -9.61  -717.9    76.8    23.1  34.01   706627 35.52  1905   -79  0  0
2024 284 17 10    3.33  -18.21   -9.13  -724.5    71.2    31.5  35.61  1016581 37.84  1859   -77  0  0
2024 284 17 15  -18.97  -13.92   -1.63  -706.9    67.9     6.3  32.69  1043838 33.08  2062   -78  0  0
2024 284 17 20  -11.99   -9.37   -2.30  -702.3    69.1    21.6  35.04   895030 35.09  1922   -75  0  0
2024 284 17 25  -30.04   -1.11  -10.86  -699.1    29.6    20.0  33.26   764342 32.59  1589   -70  0  0
2024 284 17 30  -28.99   -0.33  -13.39  -698.0    43.5    20.4  33.38   742892 32.70  1609   -71  0 -1
2024 284 17 35  -27.77   -2.57  -15.66  -696.9    57.5    20.8  33.51   721441 32.80  1715   -78  0  0
2024 284 17 40  -27.33   -0.91  -16.18  -696.9    57.5    20.8  33.51   721441 32.80  1796   -86  0  0
2024 284 17 45  -27.44   -0.69  -16.25  -698.8    66.6    15.9  34.23   891647 33.75  1596   -95  0  0
2024 284 17 50  -27.12   -3.57  -16.67  -708.1    57.8    19.6  32.08   670829 32.41  1851  -100  0  0
2024 284 17 55  -25.16   -4.80  -19.26  -707.2    55.2    16.2  31.30   656592 31.52  2017  -109  0 -1
2024 284 18  0  -24.88   -3.00  -19.65  -706.3    52.6    12.8  30.51   642355 30.62  1159  -117  0  0
2024 284 18  5  -25.93    1.87  -16.52  -698.7    48.7    19.7  30.88   736805 30.40   557  -125  0  0
2024 284 18 10  -23.52   10.47  -12.13  -683.5    40.4    34.7  32.03  1008003 30.18   490  -135  0  0
2024 284 18 15  -21.41   15.27  -10.77  -700.9    16.5     9.8  31.07  1329752 30.52   501  -145  0  0
2024 284 18 20  -11.97   17.05   -8.57  -716.1    42.2   -15.9  29.13  1316641 30.12   468  -151  0  0
2024 284 18 25  -15.98   12.01  -14.95  -709.4    26.1    -9.8  29.90  1324846 30.15   944  -154  0  0
2024 284 18 30  -18.33   10.40  -16.09  -696.5    42.2    -4.7  33.79  1794694 32.93  1436  -159  0  0
2024 284 18 35   -8.62   -3.06  -13.94  -732.9    64.0    -8.2  29.61  1127986 32.14  1374  -161  0  0
2024 284 18 40   -6.35    2.18   -6.88  -709.8    37.8    -9.6  31.10  1638994 31.32  1223  -161  0  0
2024 284 18 45   -4.25   -0.77   -8.11  -741.8    53.4    -8.5  28.35  1320109 31.44   945  -158  0  0
2024 284 18 50   -1.43   -6.56  -13.56  -733.0    54.2    18.9  27.05  1080104 29.16   857  -155  0  0
2024 284 18 55    8.74    2.85   -1.89  -739.6    77.5     0.2  31.32  1324840 34.66  1200  -164  0  0
2024 284 19  0   -1.48   19.72    6.78  -774.0    26.6   -21.6  24.86  1415233 30.71  1608  -191  0  0
2024 284 19  5  -10.18   32.06    9.42  -704.4   -28.9   -19.4  20.94  1628498 20.76  1096  -208  0  0
2024 284 19 10  -18.40   28.90   -0.61  -677.7   -29.3   -11.2  21.42  1658522 19.75  1482  -218  0  0
2024 284 19 15  -15.60   24.82   -3.33  -697.3   -43.4    -8.5  22.59  1341606 22.10  1901  -211  0  0
2024 284 19 20  -16.67   24.82   -6.26  -702.9   -20.5    -8.4  19.83  1173675 19.68  1857  -205  0  0
2024 284 19 25  -20.45   21.75  -10.14  -684.2   -19.2     5.4  19.78   907634 18.60  1933  -197  0  0
2024 284 19 30  -19.85   17.07  -14.53  -673.9   -12.1    29.5  20.29   971993 18.47  1892  -194  0  0
2024 284 19 35  -19.70   25.59   -5.72  -674.6   -24.4    10.7  19.24  1653736 17.52  1446  -194  0  0
2024 284 19 40  -22.01   18.88  -12.63  -673.4    47.4     5.7  20.95  1078246 19.10  1261  -190  0  0
2024 284 19 45  -22.72   18.94  -10.36  -673.1    51.9     7.9  22.45  1440782 20.51  1099  -195  0  0
2024 284 19 50  -22.96   15.67   -7.05  -688.8    35.4    34.1  24.35  1446105 23.22  1075  -197  0  0
2024 284 19 55  -26.16   12.90  -11.72  -686.2    29.9    40.3  25.67  1595612 24.30   782  -198  0  0
2024 284 20  0  -23.08   10.12  -13.95  -683.8    39.1    17.0  23.47  1483394 22.05   703  -204  0  0
2024 284 20  5  -19.73   -7.01  -21.02  -667.1    37.6    21.9  24.64   974955 22.01   677  -203  0  0
2024 284 20 10  -17.24   12.61  -16.50  -645.5    48.2    48.5  28.24  1100370 23.85   512  -191  0  0
2024 284 20 15  -19.02   13.48  -19.36  -649.4    -4.6    58.5  31.76  1034192 27.04   620  -200  0  0
2024 284 20 20  -23.08    6.15  -21.24  -646.2    35.6    61.0  28.46   702452 24.05  1420  -207  0  0
2024 284 20 25  -22.04    4.51  -20.33  -662.6    53.1    37.0  27.63   770049 24.55   755  -207  0  0
2024 284 20 30  -20.96    9.49  -15.14  -673.8    -6.6    29.3  31.43  1041828 28.61   678  -205  0  0
2024 284 20 35   -6.01   24.61  -14.31  -677.8   -16.1    26.3  29.01   880897 26.71   901  -206  0  0
2024 284 20 40   -8.37    9.89  -12.59  -668.0     1.4    26.9  31.93   899903 28.55   838  -206  0  0
2024 284 20 45  -14.38   -4.42  -22.05  -662.4    29.5    45.3  34.96   770814 30.87   766  -201  0  0
2024 284 20 50  -11.81  -16.33  -11.25  -663.6    46.5    40.2  37.51   704074 33.33   897  -194  0  0
2024 284 20 55  -10.45   11.41  -17.51  -669.1    31.5    42.7  41.18   817100 37.12   860  -191  0  0
2024 284 21  0  -11.68    8.92  -19.39  -670.1    28.1    28.8  40.80   760210 36.78  1110  -194  0  0
2024 284 21  5   -9.75   13.46   -9.36  -665.0    11.2    12.1  37.92   849397 33.66  1361  -201  0  0
2024 284 21 10   -7.53   15.26   -1.84  -659.4   -11.3    24.2  35.85   800452 31.23  1463  -205  0  0
2024 284 21 15   -6.90   17.03   -1.29  -669.1   -16.5    18.7  34.94   736591 31.34  1449  -202  0  0
2024 284 21 20   -8.71   14.83   -2.67  -648.7    -7.3    28.6  32.35   777024 27.29  1798  -209  0  0
2024 284 21 25   -9.38   16.92   -4.87  -659.3   -50.7    26.1  31.61   741810 27.72  1597  -214  0  0
2024 284 21 30   -7.08   20.31   -3.38  -637.7    -4.7    49.0  31.28   777641 25.61  1215  -222  0  0
2024 284 21 35   -7.12   17.99   -4.45  -623.3     2.3    66.3  32.70   836524 25.68  1095  -228  0  0
2024 284 21 40   -3.07   10.41   -1.17  -626.5    -8.0    68.9  36.84  1032050 29.30  1244  -231  0  0
2024 284 21 45   -1.38   17.56   -0.68  -665.3   -20.9    49.5  35.87  1025314 31.96  1012  -233  0  0
2024 284 21 50    0.76   24.57   -3.33  -696.6   -37.9     9.4  33.92   941500 33.02   910  -229  0  0
2024 284 21 55    0.27   27.22   -0.38  -698.8   -34.4    -1.5  31.77   944830 31.12  1100  -229  0  0
2024 284 22  0    2.33   30.93  -10.18  -699.3   -21.7     2.7  21.48   838391 21.06  1266  -244  0  0
2024 284 22  5    1.59   27.72  -10.88  -709.8   -21.5   -27.6  19.23   818598 19.73  1425  -250  0  0
2024 284 22 10    0.69   34.41   -8.13  -703.5   -38.9  -106.0  20.44   852769 20.82  1397  -240  0  0
2024 284 22 15    2.74   29.35    1.95  -708.6   -16.1   -63.3  23.10   854322 23.48  1009  -241  0  0
2024 284 22 20    2.99   24.97   21.64  -710.7    36.7   -76.3  19.42   872543 19.90  1176  -244  0  0
2024 284 22 25    2.63   34.83   -5.08  -714.7     5.3   -75.3  18.01   842313 18.61  1124  -250  0  0
2024 284 22 30   -1.76   12.12  -37.88  -708.2    35.2    -7.3  20.45   404211 20.49  1033  -257  0  0
2024 284 22 35   -5.89    2.73  -44.78  -691.0    34.4    50.1  21.99   170851 21.16  1437  -218  0  0
2024 284 22 40   -3.53    0.02  -47.48  -682.8     7.4    40.1   4.60   164212  4.30   998  -217  0  0
2024 284 22 45   -8.26    1.76  -44.77  -697.5    12.2    55.7   4.33   199964  4.25   894  -228  0  0
2024 284 22 50   -7.25    0.04  -44.87  -684.1    -3.8    58.4   4.78   277148  4.51   702  -247  0  0
2024 284 22 55   -3.51    0.24  -46.14  -665.2    13.1    24.3   3.33   166018  2.95   510  -272  0  0
2024 284 23  0    0.28    1.09  -46.28  -631.5    -1.0    39.3   3.67   239439  2.94   506  -283  0  0
2024 284 23  5    0.79    0.73  -45.86  -640.7   -11.3    30.4   4.14   194158  3.41   496  -294  0  0
2024 284 23 10    1.92    0.74  -45.58  -642.9   -16.0    35.4   3.95   167008  3.28   494  -341  0  0
2024 284 23 15    1.64    2.62  -43.20  -666.0   -30.7    78.3   8.68   127221  7.89   542  -318  0  0
2024 284 23 20    3.73   -1.35  -42.37  -691.9   -41.8    93.0  10.43   101533 10.21   505  -285  0  0
2024 284 23 25    3.50    0.78  -42.72  -688.9   -33.9    90.2   9.47   104172  9.17   696  -269  0  0
2024 284 23 30    4.33   -2.02  -42.59  -692.4   -29.8    63.8   8.97    89065  8.69   908  -251  0  0
2024 284 23 35    5.18   -5.72  -41.98  -689.6   -26.4    78.0   8.00   112171  7.71   760  -248  0  0
2024 284 23 40    6.48   -2.91  -42.41  -688.6   -23.8    70.8   5.89   135990  5.67   661  -257  0  0
2024 284 23 45    6.18    3.23  -42.86  -691.5   -22.3    60.3   4.37   150449  4.22   497  -279  0  0
2024 284 23 50    6.72    3.58  -42.77  -686.6   -22.6    35.8   2.66   144948  2.52   451  -291  0  0
2024 284 23 55    7.64    3.39  -42.35  -704.1   -49.1    42.6   1.86   141089  1.86   457  -296  0  0
2024 285  0  0    7.97    3.68  -41.73  -715.1   -38.1    46.3   1.95   169682  2.01   504  -299  0  0
2024 285  0  5    9.16    4.62  -40.81  -705.9   -40.3    57.0   2.61   188388  2.63   532  -298  0  0
2024 285  0 10    9.96    4.63  -40.39  -704.0   -35.0    56.1   2.62   177487  2.61   595  -297  0  0
2024 285  0 15    9.49    4.84  -40.37  -713.9   -33.3    46.2   2.42   145337  2.48   721  -296  0  0
2024 285  0 20    9.71    4.84  -40.15  -706.6   -36.3    70.0   2.77   161865  2.80   698  -299  0  0
2024 285  0 25    9.98    6.56  -39.68  -704.6   -30.2    72.2   2.93   211968  2.95   693  -299  0  0
2024 285  0 30   10.76    3.31  -39.05  -699.9   -18.4    64.3   5.64   186932  5.58   820  -298  0  0
2024 285  0 35    9.60    3.23  -36.15  -693.6   -50.5    49.4  12.58   204280 12.27  1233  -297  0  0
2024 285  0 40    7.34    8.51  -36.41  -707.4   -11.0    35.9  11.61   222650 11.64  1357  -303  0  0
2024 285  0 45    6.07    8.46  -36.46  -696.1   -21.4    26.6  10.48   224966 10.17  1068  -314  0  0
2024 285  0 50    4.81    6.69  -36.50  -696.0    -0.2    29.8  10.19   177429  9.88  1095  -325  0  0
2024 285  0 55    4.68   -8.69  -36.39  -695.1    -8.4    45.4   8.46   195773  8.21  1155  -329  0  0
2024 285  1  0    5.13  -20.36  -32.16  -696.2    -7.3    34.1   6.52   201727  6.33  1134  -333  0  0
2024 285  1  5    4.72  -19.38  -31.96  -695.2    12.4    33.1   6.93   181774  6.72   924  -336  0  0
2024 285  1 10    2.94  -19.22  -31.58  -692.0    19.9    38.5   8.21   165932  7.89   790  -330  0  0
2024 285  1 15    6.16  -18.17  -31.05  -682.4    17.7    31.3   9.60   127576  8.97   764  -330  0  0
2024 285  1 20    6.07  -17.48  -31.73  -679.1    24.3    36.8   9.99   152999  9.26   732  -335  0  0
2024 285  1 25    7.71  -14.80  -32.71  -674.9    31.1    42.4   9.63   148336  8.83  1202  -334  0  0
2024 285  1 30    8.41   -9.94  -33.64  -677.2    25.5    68.9  12.34   127771 11.49   924  -330  0  0
2024 285  1 35    8.50  -13.72  -32.30  -673.3    15.7    54.5  10.64   121872  9.73   505  -333  0  0
2024 285  1 40    9.32   -9.51  -33.54  -667.6    11.0    45.5   8.58   172162  7.69   376  -339  0  0
2024 285  1 45    9.41  -10.22  -32.90  -661.9    15.2    53.7   8.85   176357  7.81   629  -343  0  0
2024 285  1 50   10.16  -10.58  -32.22  -665.4    20.1    54.7   9.23   195171  8.24   478  -335  0  0
2024 285  1 55    9.64   -9.80  -32.78  -658.3     4.7    59.4   8.39   168448  7.34   450  -329  0  0
2024 285  2  0   10.51  -10.84  -31.48  -653.6    10.4    58.4   8.43   191361  7.27   545  -321  0  0
2024 285  2  5    8.61   -9.57  -32.40  -659.3    -8.9    62.1   7.67   233926  6.73   439  -312  0  0
2024 285  2 10    9.73  -11.76  -30.81  -649.1   -30.8    88.4   7.01   237568  6.03   418  -314  0  0
2024 285  2 15   10.04  -10.52  -31.48  -652.7    -3.0    87.2   6.74   275841  5.85   384  -282  0  0
2024 285  2 20    9.81   -5.57  -32.93  -659.2    17.0    75.0   5.44   281007  4.77   336  -300  0  0
2024 285  2 25    8.14   -8.53  -33.03  -665.8   -17.9    61.0   3.10   272056  2.78   569  -293  0  0
2024 285  2 30    6.04   -9.99  -32.40  -688.3   -34.7    54.2   4.01   357636  3.84   668  -278  0  0
2024 285  2 35    7.35   -8.78  -32.29  -689.3   -49.0    48.2   4.25   384207  4.08   583  -270  0  0
2024 285  2 40    9.33   -5.93  -32.84  -683.7   -40.8    36.4   3.43   310803  3.22   684  -277  0  0
2024 285  2 45    9.91   -4.71  -32.88  -677.1   -21.6    32.1   2.74   344003  2.52  1168  -285  0  0
2024 285  2 50   12.02   -3.47  -32.19  -666.9    -3.7    47.4   3.45   209507  3.08  1088  -282  0  0
2024 285  2 55   10.99   -3.76  -32.25  -660.0    12.2    54.2   3.68   227378  3.23  1102  -276  0  0
2024 285  3  0   11.74   -2.85  -31.99  -656.6    20.9    64.8   3.48   243831  3.04  1172  -277  0 -1
2024 285  3  5   11.62   -3.10  -31.65  -653.3    29.6    75.4   3.28   260284  2.84   960  -279  0  0
2024 285  3 10   11.65   -3.70  -31.59  -644.7    18.2    52.5   3.18   156949  2.66   878  -278  0  0
2024 285  3 15   12.61   -3.53  -31.36  -634.9    16.2    62.5   3.89   205633  3.17   787  -277  0  0
2024 285  3 20   11.73   -2.92  -31.77  -646.4    12.9    25.3   3.30   199286  2.76   683  -281  0  0
2024 285  3 25   12.51   -2.87  -31.52  -641.6    23.1    31.2   3.47   205722  2.87   848  -286  0  0
2024 285  3 30   11.08   -3.00  -32.05  -638.4    22.9    36.4   3.54   197904  2.90  1071  -285  0  0
2024 285  3 35   11.56   -2.71  -32.04  -643.6    26.9    43.3   3.95   304209  3.30  1002  -281  0  0
2024 285  3 40   11.65   -2.35  -31.91  -629.9    53.0    26.9   3.45   328033  2.78   905  -280  0  0
2024 285  3 45   13.54   -2.57  -31.04  -631.2    31.1    54.1   3.90   300080  3.14   946  -281  0  0
2024 285  3 50   13.31   -3.21  -30.97  -625.5    26.9    40.0   3.34   217620  2.63  1021  -282  0  0
2024 285  3 55   12.46   -3.03  -31.23  -619.5     3.4    41.0   3.54   285885  2.73  1021  -283  0  0
2024 285  4  0   12.01   -1.72  -31.58  -622.5    27.9    43.1   3.27   191107  2.55   950  -282  0  0
2024 285  4  5   12.19   -0.76  -31.55  -610.5     8.1    39.7   3.08   186749  2.30   549  -281  0  0
2024 285  4 10   11.39    0.21  -31.94  -613.3    11.3    37.2   3.70   232088  2.80   854  -282  0  0
2024 285  4 15   11.05    0.83  -31.87  -618.7    28.5    73.9   3.99   201832  3.11   672  -281  0  0
2024 285  4 20   13.15    1.13  -31.36  -614.9    13.4    86.5   4.01   210241  3.10   536  -275  0  0
2024 285  4 25   12.94    1.48  -31.52  -613.8    12.1    89.5   3.95   170350  3.04   453  -271  0  0
2024 285  4 30   13.16    1.28  -31.54  -614.9    16.9    86.5   3.45   155598  2.66   320  -265  0  0
2024 285  4 35   14.46    1.52  -30.37  -617.7    12.7    78.7   3.45   224640  2.67   415  -260  0  0
2024 285  4 40   14.17    1.94  -30.57  -620.3    16.2    76.2   3.58   232617  2.79  1261  -258  0  0
2024 285  4 45   14.41    2.43  -30.40  -616.4    14.2    78.4   3.58   225802  2.77  1289  -255  0  0
2024 285  4 50   15.88    3.60  -29.26  -618.8    15.7    70.4   4.00   244439  3.10  1283  -254  0  0
2024 285  4 55   16.71    1.05  -28.94  -628.9    18.7    80.6   4.17   218470  3.35   837  -257  0  0
2024 285  5  0   17.39    2.41  -28.69  -621.4     3.4    70.5   3.70   231783  2.90   534  -257  0  0
2024 285  5  5   17.44    1.73  -28.72  -625.3   -16.3    68.7   3.58   215310  2.83   539  -258  0  0
2024 285  5 10   17.72    1.61  -28.70  -635.5   -22.1    59.5   2.85   346445  2.32   595  -259  0  0
2024 285  5 15   17.65    4.11  -28.09  -635.2   -24.3    55.9   2.86   321830  2.34   408  -256  0  0
2024 285  5 20   17.92    1.60  -28.09  -634.3     0.7    46.1   2.93   329921  2.37   410  -253  0  0
2024 285  5 25   17.46    0.39  -28.19  -630.2     0.0    42.4   3.72   269593  2.96   522  -251  0  0
2024 285  5 30   17.15   -2.71  -28.33  -639.0    -8.3    35.9   3.11   343237  2.54   923  -251  0  0
2024 285  5 35   16.65   -4.76  -28.33  -638.3   -26.0    46.7   2.62   340196  2.15   882  -255  0  0
2024 285  5 40   16.26   -2.98  -28.60  -646.4   -43.6    39.2   2.45   334135  2.06   789  -260  0  0
2024 285  5 45   15.99   -1.78  -28.44  -661.9   -55.1    45.3   2.23   377935  1.97   706  -266  0  0
2024 285  5 50   17.66   -0.59  -26.94  -649.5   -27.5    52.0   2.39   385363  2.03   513  -270  0  0
2024 285  5 55   18.17    0.33  -23.72  -675.4   -40.6    56.4   3.47   415447  3.22   838  -270  0  0
2024 285  6  0    5.36  -10.92  -25.96  -699.7   -72.7    59.6   6.33   411523  6.31   919  -264  0  0
2024 285  6  5    7.41  -10.49  -21.88  -705.0   -89.2    25.2   6.38   516909  6.46  1000  -256  0  0
2024 285  6 10    5.03   -9.85  -21.80  -687.7   -67.0    65.0   7.49   444842  7.21  1176  -258  0  0
2024 285  6 15    5.56   -8.65  -20.55  -681.5   -69.1    61.0   8.12   649019  7.68   955  -272  0  0
2024 285  6 20    5.19  -10.56  -22.50  -721.0   -71.8    68.0   6.31   446795  6.69  1049  -280  0  0
2024 285  6 25   14.17   -5.80  -24.28  -721.3   -74.1    64.8   5.24   317800  5.58  1023  -286  0  0
2024 285  6 30   19.59    0.94  -22.05  -680.8   -54.9    36.4   4.64   176445  4.34   936  -284  0  0
2024 285  6 35   19.32    1.19  -21.31  -690.9   -79.2    25.7   3.85   200440  3.75   905  -282  0  0
2024 285  6 40   17.35   -1.84  -22.31  -718.4  -122.0    20.6   5.44   106082  5.81   869  -274  0  0
2024 285  6 45    1.02  -14.04  -25.73  -785.7  -113.8    56.8   3.78   177406  4.77   940  -273  0  0
2024 285  6 50   -1.59  -17.55  -25.10  -798.3  -110.9    82.8   2.96   248166  3.85  1019  -276  0  0
2024 285  6 55    4.85  -15.10  -25.68  -785.8  -109.2    68.2   1.99   270924  2.51   936  -277  0  0
2024 285  7  0    6.47  -13.70  -25.93  -761.8  -113.9    76.1   2.55   326094  3.05   988  -280  0  0
2024 285  7  5    8.85  -10.55  -26.57  -731.9  -115.2    20.2   2.62   159476  2.88  1150  -278  0  0
2024 285  7 10   10.54   -9.29  -24.97  -723.3  -101.7    23.0   4.19   270571  4.48  1011  -271  0  0
2024 285  7 15   11.01   -8.34  -24.29  -709.0   -76.6     7.1   7.51   103371  7.60   859  -267  0  0
2024 285  7 20   10.48   -9.68  -24.86  -724.3  -114.8     8.8   5.09   126432  5.47   592  -267  0  0
2024 285  7 25   12.92   -8.50  -24.43  -709.4   -64.0    11.8   5.58   164964  5.67   579  -262  0  0
2024 285  7 30   16.13   -3.58  -23.59  -717.4   -83.1    28.4   5.54    93990  5.82   549  -252  0  0
2024 285  7 35   20.08    3.99  -21.09  -718.3   -41.4    33.4   5.76    84808  5.97   467  -250  0  0
2024 285  7 40   22.28    4.89  -18.97  -719.5   -32.5    34.4   5.31    89490  5.52   509  -248  0  0
2024 285  7 45   23.06    4.32  -17.65  -696.2   -51.7    54.5   5.80   122077  5.69   545  -238  0  0
2024 285  7 50   21.98    4.84  -18.19  -700.5    -2.7    59.6   7.75   109507  7.67   946  -233  0  0
2024 285  7 55   17.53   10.52  -19.50  -691.6   -69.0    62.2   7.15    82992  6.97  1047  -229  0  0
2024 285  8  0   18.02   11.54  -17.68  -683.8   -64.7    75.7   7.24    83834  6.91  1716  -227  0  0
2024 285  8  5   17.22   11.34  -18.21  -698.1   -56.6    61.7   6.25    73411  6.19  2063  -234  0  0
2024 285  8 10   16.85   11.16  -18.13  -708.6   -50.9    41.9   6.68    54959  6.77  2496  -243  0  0
2024 285  8 15   16.05    9.65  -19.09  -702.1   -53.8    27.5   5.36    54922  5.33  2674  -247  0  0
2024 285  8 20   17.01    8.89  -17.81  -700.7   -53.0    28.7   4.54    59993  4.49  1940  -241  0  0
2024 285  8 25   17.86    8.78  -16.13  -684.9   -58.6    44.9   4.84    68939  4.60  1332  -237  0  0
2024 285  8 30   18.01    7.60  -16.18  -678.8   -63.4    42.6   5.45    77482  5.09  1257  -243  0  0
2024 285  8 35   16.69    7.36  -17.46  -685.6   -67.3    46.3   5.11    84410  4.87  1128  -249  0  0
2024 285  8 40   16.71    5.38  -18.43  -689.4   -74.1    51.0   3.95    69860  3.82  1166  -252  0  0
2024 285  8 45   15.77    5.28  -18.91  -694.7   -74.5    58.0   3.83    67938  3.76  1009  -259  0  0
2024 285  8 50   14.55    5.43  -18.76  -699.3   -73.8    55.9   4.03    61258  4.01  1021  -262  0  0
2024 285  8 55   14.72    7.48  -17.17  -707.0   -83.1    39.9   4.58    57241  4.66   851  -262  0  0
2024 285  9  0   13.80    7.20  -16.33  -716.8   -88.6    63.1   6.29    87577  6.62  1024  -261  0  0
2024 285  9  5   12.87    6.55  -17.41  -709.9   -84.5    80.0   7.01    77313  7.25  1252  -255  0  0
2024 285  9 10   11.37    6.80  -18.35  -700.0   -86.6    86.7   7.25    79026  7.32  1242  -253  0  0
2024 285  9 15    8.76    8.17  -19.11  -684.5   -88.6    84.4   7.10    89697  6.87  1515  -256  0  0
2024 285  9 20    7.79    8.36  -19.11  -673.1   -81.5    92.1   6.64    86508  6.22  1270  -255  0  0
2024 285  9 25    8.27    8.86  -18.60  -661.6   -87.8   103.8   6.72    76217  6.14  1369  -253  0  0
2024 285  9 30    8.62    8.35  -18.24  -651.3   -90.9   103.3   7.01    68702  6.20  1164  -256  0  0
2024 285  9 35    1.98    2.81  -18.82  -626.4   -71.1   118.4   9.87    97552  8.12   971  -260  0  0
2024 285  9 40   18.04    6.47   -6.90  -681.8   -73.7    68.7   7.49    81160  7.12   727  -266  0  0
2024 285  9 45   21.42    5.27    0.19  -705.7   -59.8     4.4   8.63    54918  8.67   820  -269  0  0
2024 285  9 50   20.10    6.85    1.06  -693.0   -75.0     0.2   8.10    56978  7.87  1166  -269  0  0
2024 285  9 55   19.56    3.53    5.67  -687.8   -63.3   -26.3   7.60    62130  7.27   988  -268  0  0
2024 285 10  0   19.01    5.72    2.95  -709.6   -52.2   -56.2   7.92    61456  8.24  1068  -269  0  0
2024 285 10  5   18.73    9.22    0.98  -736.1   -60.2   -59.7  10.72    58399 11.76  1080  -263  0  0
2024 285 10 10   17.97   10.16   -0.51  -727.4   -74.0   -61.2  10.50    63148 11.31   787  -255  0  0
2024 285 10 15   20.36    6.62    1.11  -730.3   -70.7   -54.1  10.00    78737 10.82   750  -240  0  0
2024 285 10 20   20.94    7.06   -0.21  -728.6   -77.9   -59.3  10.71    72872 11.57   640  -221  0  0
2024 285 10 25   20.37    8.65    1.11  -723.2   -80.9   -48.5   9.77    67628 10.39   756  -217  0  0
2024 285 10 30   20.14    7.96   -0.17  -722.3   -81.0   -42.2  10.24    70157 10.86   719  -209  0  0
2024 285 10 35   17.00    2.11   -1.43  -730.0   -57.9   -31.7   7.52    56435  8.04   902  -208  0  0
2024 285 10 40   14.11    0.00   -1.80  -731.7   -56.1   -24.9   6.44    39619  6.94   567  -198  0  0
2024 285 10 45   11.47   -3.11   -1.18  -749.0   -18.9   -29.2   5.90    21906  6.65   548  -204  0  0
2024 285 10 50   11.05   -3.10   -1.15  -753.3   -18.6   -30.3   7.12    23020  8.11   541  -220  0  0
2024 285 10 55   10.91   -3.38   -1.35  -752.5   -20.4   -30.3   6.56    24051  7.44   558  -222  0  0
2024 285 11  0   10.80   -2.90   -1.16  -748.6    -6.1   -22.6   6.35    21502  7.12   512  -221  0  0
2024 285 11  5   10.86   -2.56   -0.55  -749.2    -5.9   -21.8   5.69    25024  6.40   389  -213  0  0
2024 285 11 10   10.83   -2.68   -0.06  -747.9     2.6   -18.3   6.53    21877  7.31   442  -211  0  0
2024 285 11 15   11.17   -1.93    0.10  -747.5     2.8   -17.6   6.15    20081  6.88   418  -209  0  0
2024 285 11 20   10.52   -1.61    2.49  -742.0   -15.3    -6.2   5.34    31572  5.89   327  -210  0  0
2024 285 11 25   10.03   -1.13    4.01  -749.1   -10.0     4.6   4.86    31595  5.46   245  -208  0  0
2024 285 11 30   10.74   -0.31    2.39  -743.1   -10.7     5.6   5.98    22880  6.60   205  -210  0  0
2024 285 11 35   10.49   -0.07    3.04  -742.7   -15.2    15.8   6.10    22004  6.74   263  -210  0  0
2024 285 11 40   10.64    0.69    2.73  -729.1     0.7    -4.2   3.94    20890  4.19   212  -208  0  0
2024 285 11 45   10.23    1.22    3.15  -725.7    -3.0   -12.0   3.62    19144  3.81   267  -200  0  0
2024 285 11 50    9.90    0.86    3.66  -721.3     9.3    -1.2   5.11    19807  5.32   319  -191  0  0
2024 285 11 55    9.77    0.76    3.91  -720.3    15.3     1.4   4.59    17557  4.77   372  -190  0  0
2024 285 12  0    9.69    0.44    3.88  -722.6     6.6     0.1   4.57    18547  4.78   150  -187  0  0
2024 285 12  5    9.86    0.82    3.65  -719.8    11.5    -1.3   4.50    18482  4.66   228  -190  0  0
2024 285 12 10    9.63    0.02    4.34  -720.7    13.6     1.4   4.12    19204  4.28   255  -193  0  0
2024 285 12 15    9.28    1.25    4.07  -723.3     9.7     6.9   2.97    32129  3.11   331  -194  0  0
2024 285 12 20    9.08    1.37    3.72  -730.8    -3.3    -1.5   3.11    36636  3.33   337  -192  0  0
2024 285 12 25    6.39    3.04   -4.54  -753.3    -9.7    -6.9   3.35    35967  3.83   359  -188  0  0
2024 285 12 30    4.66    4.23   -7.97  -771.3   -15.5    -7.8   3.95    41637  4.71   546  -181  0  0
2024 285 12 35    7.93    3.77   -4.77  -750.4    -9.7     2.5   4.23    48442  4.77   694  -181  0  0
2024 285 12 40    8.53    2.91   -4.66  -743.1   -17.2     3.0   3.76    53331  4.16   631  -182  0  0
2024 285 12 45    8.33    3.67   -4.19  -741.5   -14.5    -3.2   3.78    53268  4.17   581  -186  0  0
2024 285 12 50    8.44    3.48   -3.83  -744.0    -1.9     3.0   3.78    52322  4.19   669  -189  0  0
2024 285 12 55    8.62    3.08   -3.73  -741.8    -7.7    -5.0   3.77    50878  4.16   523  -192  0  0
2024 285 13  0    9.07    2.92   -2.55  -735.3   -21.3     8.7   4.40    48548  4.76   458  -194  0  0
2024 285 13  5    8.48    3.76   -2.42  -738.5   -14.9    11.3   4.58    52980  5.01   475  -194  0  0
2024 285 13 10    9.09    2.86   -1.15  -735.8   -16.2     4.5   4.15    72618  4.51   425  -192  0  0
2024 285 13 15    7.06    3.52   -4.96  -735.0   -15.7     0.3   4.35    61405  4.71   390  -192  0  0
2024 285 13 20    7.35    3.88   -4.28  -735.8   -11.3    14.2   4.88    47380  5.28   747  -194  0  0
2024 285 13 25    8.00    3.87   -3.25  -729.0   -11.1    20.7   5.05    58839  5.38  1403  -194  0  0
2024 285 13 30    7.84    4.06   -1.41  -723.7    -5.8    21.4   6.17    54874  6.46  1535  -194  0  0
2024 285 13 35    8.01    3.74   -0.00  -719.7    -6.0    29.9   6.78    54235  7.04  1627  -192  0  0
2024 285 13 40    8.12    3.81    0.76  -718.7     0.3    28.4   7.57    61421  7.83  1990  -190  0  0
2024 285 13 45    8.40    2.87    1.10  -721.1     0.1    25.3   9.11    50900  9.48  2069  -184  0  0
2024 285 13 50    8.71    2.59    2.29  -718.8     2.9    29.5   8.73    49141  9.04  1771  -179  0  0
2024 285 13 55    8.80    2.11    2.65  -715.4     8.4    21.0   7.41    42981  7.59  1357  -177  0  0
2024 285 14  0    8.31    4.21    1.41  -717.0     1.1    32.2   7.02    59461  7.23   930  -175  0  0
2024 285 14  5    7.73    6.15    0.59  -723.1     6.8    33.0   5.45    59108  5.71   901  -175  0  0
2024 285 14 10    8.06    5.29    1.00  -718.0     0.8    31.0   5.83    53658  6.02   929  -173  0  0
2024 285 14 15    8.70    4.03    1.64  -713.9    -1.3    34.8   5.52    55712  5.65   853  -170  0  0
2024 285 14 20    8.62    3.86    2.72  -713.5    -1.4    36.9   5.57    52056  5.69   778  -167  0  0
2024 285 14 25    8.64    4.12    2.44  -712.1     0.1    35.8   5.18    55889  5.27   895  -167  0  0
2024 285 14 30    8.64    3.92    3.39  -716.0    -1.7    41.5   4.89    50714  5.03   866  -166  0  0
2024 285 14 35    9.04    2.37    3.55  -711.9   -14.8    34.2   4.83    54224  4.91   674  -166  0  0
2024 285 14 40    8.63    3.05    4.31  -714.3   -17.6    36.2   4.66    45307  4.77   593  -164  0  0
2024 285 14 45    8.72    2.61    4.52  -708.7   -21.1    30.5   3.95    59894  3.99   639  -163  0  0
2024 285 14 50    9.01    3.12    3.74  -696.4    -9.6    31.2   2.77    71737  2.69   635  -162  0  0
2024 285 14 55    8.65    2.76    4.62  -692.3    -7.7    30.9   4.85    57316  4.66   508  -160  0  0
2024 285 15  0    8.64    3.08    4.46  -685.8    -8.5    31.9   4.92    57654  4.64   316  -155  0  0
2024 285 15  5    8.54    3.12    4.36  -687.9    -4.8    31.5   5.43    57252  5.15   317  -150  0  0
2024 285 15 10    8.88    2.66    3.91  -684.5    -9.2    27.8   5.30    54272  4.98   282  -146  0  0
2024 285 15 15    9.20    2.35    3.44  -681.4   -11.4    27.7   4.86    66884  4.52   281  -143  0  0
2024 285 15 20    9.12    2.46    3.53  -678.8   -12.4    32.2   4.67    52729  4.31   236  -138  0  0
2024 285 15 25    8.93    2.13    3.72  -676.8   -13.7    41.6   4.82    48657  4.43   206  -133  0  0
2024 285 15 30    8.94    2.58    3.60  -680.4   -15.0    25.7   4.94    61069  4.58   242  -131  0  0
2024 285 15 35    9.12    2.62    3.23  -680.1   -15.9    19.5   4.99    63668  4.63   241  -129  0  0
2024 285 15 40    9.19    2.66    3.02  -675.8   -12.4    19.2   4.92    57589  4.50   239  -128  0  0
2024 285 15 45    9.15    2.72    2.76  -672.7    -8.4    16.7   5.20    61150  4.72   268  -130  0  0
2024 285 15 50    9.56    1.82    1.97  -674.9    -9.1    21.6   5.24    70541  4.78   207  -130  0  0
2024 285 15 55    9.48    1.98    2.10  -670.9    -5.0    15.4   5.18    65288  4.67   210  -129  0  0
2024 285 16  0    9.20    2.74    2.64  -667.6   -16.7    13.5   5.35    72793  4.77   207  -129  0  0
2024 285 16  5    9.37    2.54    2.01  -667.5   -13.2    12.8   5.37    67323  4.79   184  -128  0  0
2024 285 16 10    9.47    2.58    1.75  -667.0   -13.1    12.3   5.30    71165  4.72   195  -127  0  0
2024 285 16 15    9.58    2.38    0.90  -667.9    -8.6    13.3   5.17    61743  4.61   188  -127  0  0
2024 285 16 20    9.63    1.92    0.34  -667.5   -10.2     6.4   5.47    80344  4.88   185  -128  0  0
2024 285 16 25    9.59    2.38    1.89  -671.1   -16.7    12.8   5.22    73924  4.70   187  -128  0  0
2024 285 16 30    9.56    2.40    1.15  -670.7   -15.0    16.1   5.42    67321  4.88   176  -128  0  0
2024 285 16 35    8.16    3.36    3.96  -672.3   -25.3     5.1   8.01    61855  7.25   166  -129  0  0
2024 285 16 40    8.11    3.45    3.98  -674.2   -23.8     4.4   7.76    53240  7.06   107  -128  0  0
2024 285 16 45    8.06    3.68    3.85  -674.7   -18.1     4.3   7.38    59507  6.72   292  -127  0  0
2024 285 16 50    8.08    3.58    3.80  -672.4   -27.9     8.0   6.77    69577  6.13   297  -124  0  0
2024 285 16 55    8.29    3.41    3.65  -665.7   -25.8     7.9   6.48    56053  5.75   328  -123  0  0
2024 285 17  0    7.77    3.85    3.87  -665.5   -28.3    11.0   6.83    52977  6.06   385  -120  0  0
2024 285 17  5    7.59    4.10    3.86  -666.1   -25.4    12.4   6.68    61814  5.94   379  -118  0  0
2024 285 17 10    7.67    3.90    3.94  -666.0   -26.6    11.4   6.62    52041  5.89   248  -117  0  0
2024 285 17 15    9.14    1.36    2.62  -656.6   -25.3    14.4   5.45    61644  4.71   140  -116  0  0
2024 285 17 20    9.22    1.23    2.52  -660.0   -27.3    14.4   5.62    71138  4.90    97  -114  0  0
2024 285 17 25    9.54    1.09    2.19  -658.6   -23.2    23.7   4.23    85679  3.68    96  -112  0  0
2024 285 17 30    9.72    0.80    2.35  -661.3   -17.7    21.7   3.88   100088  3.40   100  -111  0  0
2024 285 17 35    9.86    0.96    2.37  -665.1   -20.1    27.2   3.08    92137  2.73    93  -111  0  0
2024 285 17 40    9.98    1.52    2.37  -653.6   -15.4    33.5   2.69    71456  2.30   333  -111  0  0
2024 285 17 45    9.65    2.19    3.10  -653.6   -10.1    36.6   2.67    59816  2.29   216  -109  0  0
2024 285 17 50    9.40    1.94    3.45  -655.8   -15.8    45.6   2.62    61591  2.26   167  -109  0  0
2024 285 17 55    8.74    2.89    3.87  -669.7    -6.2    47.8   2.85   104006  2.58   186  -111  0  0
2024 285 18  0    8.57    4.01    3.57  -677.4    13.9    39.2   3.21    87311  2.95   252  -113  0  0
2024 285 18  5    8.57    4.15    3.76  -675.1    16.4    37.4   3.21    86618  2.93   291  -114  0 -1
2024 285 18 10    8.12    5.05    3.74  -672.9    19.0    35.5   3.20    85925  2.91   237  -112  0  0
2024 285 18 15    7.40    5.65    4.16  -673.9     4.5    34.7   3.40    65824  3.10   189  -110  0  0
2024 285 18 20    6.98    5.56    4.40  -675.4    -6.0    30.5   4.19    56605  3.83   197  -106  0  0
2024 285 18 25    7.18    5.75    3.94  -675.8    -1.1    33.3   3.62    66868  3.30   176  -105  0  0
2024 285 18 30    6.30    6.42    4.71  -674.2    -6.3    23.3   4.61    50644  4.19   199  -103  0  0
2024 285 18 35    6.11    6.90    4.19  -673.2    -1.9    15.3   4.53    44774  4.11   208  -102  0  0
2024 285 18 40    6.22    7.01    3.58  -670.3    -5.0    11.0   4.58    49021  4.11   153  -102  0  0
2024 285 18 45    7.67    5.47    3.30  -667.4    -9.6    20.3   3.57    64917  3.18   229  -102  0  0
2024 285 18 50    8.21    4.67    2.43  -662.2    -8.7    23.3   3.68    96957  3.23   268  -103  0  0
2024 285 18 55    7.49    5.48    2.98  -659.9    -8.6    14.8   3.74    84539  3.26   310  -102  0  0
2024 285 19  0    7.28    5.96    2.98  -660.1    -9.2    21.7   4.21    67832  3.67   266  -101  0  0
2024 285 19  5    7.39    5.55    3.29  -663.1    -8.9    23.1   4.26    64404  3.75   265  -102  0  0
2024 285 19 10    7.31    5.53    2.93  -665.2   -10.5    21.5   5.38    59396  4.77   215  -101  0  0
2024 285 19 15    7.71    5.19    3.65  -666.8   -14.4    22.8   4.45    56116  3.96   234  -104  0  0
2024 285 19 20    8.14    4.48    3.89  -662.8   -20.2    22.4   4.75    43528  4.18   227  -105  0  0
2024 285 19 25    8.17    4.62    3.60  -659.9   -22.4    23.3   5.27    41423  4.60   197  -102  0  0
2024 285 19 30    8.16    4.76    3.83  -656.6   -20.9    21.9   4.39    41058  3.79   155  -100  0  0
2024 285 19 35    8.34    4.60    3.63  -655.4   -21.1    21.4   4.32    40954  3.72   170   -99  0  0
2024 285 19 40    8.64    3.86    3.82  -655.3   -33.9    28.2   4.18    36256  3.61   160   -99  0  0
2024 285 19 45    9.41    3.15    2.22  -649.6   -35.0    19.0   4.14    40702  3.51   148   -96  0  0
2024 285 19 50    9.98    2.41    1.02  -638.5   -32.1     6.9   4.25    46975  3.48   141   -96  0  0
2024 285 19 55    8.74    5.03    2.08  -646.3   -21.5    16.6   4.28    40606  3.59   143   -97  0  0
2024 285 20  0    7.79    6.42    2.72  -656.3   -15.6    22.1   4.96    40973  4.28   140   -97  0  0
2024 285 20  5    8.73    4.82    3.62  -646.9   -28.2    30.9   4.60    47740  3.86   101   -93  0  0
2024 285 20 10    7.98    5.58    4.24  -653.2   -19.2    34.7   4.37    37424  3.75    94   -91  0  0
2024 285 20 15    8.67    3.66    4.81  -646.2   -41.9    37.3   4.86    36634  4.10   110   -91  0  0
2024 285 20 20    8.90    2.68    5.21  -648.7   -42.9    35.9   4.89    41252  4.14   153   -95  0  0
2024 285 20 25    8.69    3.45    5.28  -651.3   -38.1    41.6   3.52    43565  3.01   142  -102  0  0
2024 285 20 30    8.89    2.38    5.48  -647.7   -46.9    53.0   3.69    51121  3.14   158  -102  0  0
2024 285 20 35    9.11    2.72    4.91  -643.9   -47.6    46.4   3.37    46713  2.82   189  -101  0  0
2024 285 20 40    9.45    2.01    4.56  -639.8   -58.6    41.6   3.24    36999  2.68   150  -101  0  0
2024 285 20 45    8.96    4.33    3.34  -640.0   -36.5    24.6   3.25    44539  2.69   141  -101  0  0
2024 285 20 50    8.59    2.97    6.00  -650.3   -47.6    57.9   4.82    35547  4.13   180   -99  0  0
2024 285 20 55    8.19    3.95    5.76  -650.2   -42.1    61.7   5.89    32093  5.04   198   -92  0  0
2024 285 21  0    8.27    4.38    5.29  -650.0   -41.1    63.2   6.14    31561  5.26   208   -90  0  0
2024 285 21  5    8.55    3.93    5.51  -653.4   -35.2    51.8   5.46    33570  4.70   214   -86  0  0
2024 285 21 10    8.11    5.32    5.50  -649.5   -28.8    59.9   2.62    35077  2.24   184   -87  0  0
2024 285 21 15    7.62    7.01    4.26  -650.1   -21.1    59.6   2.29    44351  1.96   204   -97  0  0
2024 285 21 20    7.43    7.01    3.69  -672.0   -53.5    38.5   2.37   100893  2.16   157  -101  0  0
2024 285 21 25    7.03    6.87    3.71  -671.0   -39.8    37.1   3.07    88530  2.78   161   -98  0  0
2024 285 21 30    7.78    6.72    3.72  -673.3   -22.3    33.5   3.83    38858  3.49   180   -93  0  0
2024 285 21 35    7.22    6.45    5.10  -674.2     1.0    20.1   4.24    30161  3.85   193   -87  0  0
2024 285 21 40    7.14    6.39    5.48  -673.9    -1.8    23.7   3.89    28186  3.54   166   -83  0  0
2024 285 21 45    7.24    4.92    6.65  -669.3    10.8    18.1   3.75    27758  3.36   135   -88  0  0
2024 285 21 50    7.71    3.93    6.82  -671.9     1.5    -3.2   4.19    33392  3.78   129   -91  0  0
2024 285 21 55    8.46    3.97    5.91  -673.1     0.9     4.8   3.74    38229  3.39   133   -92  0  0
2024 285 22  0    8.65    3.24    6.69  -668.3   -12.1    14.8   3.60    38939  3.22   133   -91  0  0
2024 285 22  5    8.80    2.21    7.07  -672.5   -15.6    11.7   3.74    41465  3.38   129   -89  0  0
2024 285 22 10    9.25    1.50    6.61  -666.7   -28.2    13.1   3.05    30628  2.72   233   -88  0  0
2024 285 22 15    9.39    0.31    6.48  -657.8   -18.5    16.1   3.19    41382  2.76   309   -89  0  0
2024 285 22 20    6.80    5.02    7.80  -671.3     1.4    17.9   4.12    33723  3.72   315   -88  0  0
2024 285 22 25    7.49    4.43    7.56  -670.9     2.5    10.8   4.38    28710  3.95   308   -87  0  0
2024 285 22 30    8.20    4.02    7.26  -662.2   -14.2    10.1   3.78    33562  3.33   315   -86  0 -1
2024 285 22 35    7.77    4.58    7.62  -653.5   -31.0     9.3   3.18    38413  2.72   313   -85  0  0
2024 285 22 40    7.45    6.26    6.10  -654.5   -13.5     0.8   3.42    38033  2.94   314   -85  0  0
2024 285 22 45    7.82    6.86    5.11  -654.4    10.3   -10.1   2.77    36721  2.38   280   -85  0  0
2024 285 22 50    7.19    3.53    8.50  -651.8    -8.5     8.3   3.34    52321  2.86   297   -83  0  0
2024 285 22 55    6.41    2.28    9.48  -666.9   -35.3     7.1   4.62    42429  4.12   280   -81  0  0
2024 285 23  0    6.41    0.61    9.27  -666.2   -50.1     6.8   6.30    41526  5.63   332   -72  0  0
2024 285 23  5    4.53   -0.46   10.00  -657.9   -38.1    21.5   6.06    47005  5.28   343   -66  0  0
2024 285 23 10    5.15   -1.36    9.77  -657.0   -62.3    17.3   5.75    44409  5.02   350   -67  0  0
2024 285 23 15    6.14   -0.41    8.79  -658.0   -44.5    23.1   6.55    54903  5.70   272   -65  0  0
2024 285 23 20    6.02   -1.82    8.66  -659.3   -55.3    19.2   6.90    50177  6.05   253   -64  0  0
2024 285 23 25    6.31   -2.31    7.75  -663.7   -48.2     8.8   6.02    84087  5.33   214   -67  0  0
2024 285 23 30    6.49   -2.44    6.66  -655.5   -66.0    11.8   6.36    91475  5.52   150   -67  0  0
2024 285 23 35    4.55    0.74    8.70  -679.8   -41.5    36.6   4.41    67361  4.12   132   -67  0  0
2024 285 23 40    4.45    0.68   10.43  -667.1   -70.9    41.7   3.47    46124  3.14   104   -69  0  0
2024 285 23 45    4.11   -0.50   10.57  -664.5   -71.7    25.0   4.26    60209  3.81    83   -69  0  0
2024 285 23 50    2.85   -1.62   10.94  -674.4   -78.7    17.2   4.91    41036  4.54   108   -65  0  0
2024 285 23 55    2.70   -5.89    9.84  -669.8  -109.5    17.6   4.72    39317  4.35   106   -63  0  0
2024 286  0  0    2.76   -6.86    8.84  -669.4  -101.9    11.5   4.68    41862  4.29    67   -64  0  0
2024 286  0  5    2.50   -6.18    8.86  -668.9   -92.6    13.4   5.40    37761  4.92    79   -60  0  0
2024 286  0 10    1.39   -5.54    9.55  -674.3   -88.6    13.3   6.63    36381  6.14    99   -54  0  0
2024 286  0 15    0.42   -5.94    8.54  -673.5   -72.2    -0.1   6.24    57308  5.73    88   -54  0  0
2024 286  0 20   -0.22   -6.35    7.38  -671.6   -49.2   -29.8   7.66   123455  6.95    82   -56  0  0
2024 286  0 25   -0.29   -7.64    7.93  -674.0   -86.9     8.6   3.83   109959  3.54   140   -57  0  0
2024 286  0 30   -1.51   -9.23    5.83  -682.9   -97.7    -8.8   3.80    77376  3.62    96   -63  0  0
2024 286  0 35   -3.25   -9.96    3.38  -686.4  -100.6   -13.9   3.34    88136  3.21    65   -63  0  0
2024 286  0 40   -4.43   -9.39    4.36  -698.3  -102.3   -17.7   2.79    95344  2.78    49   -66  0  0
2024 286  0 45   -4.41   -8.24    5.92  -696.9   -99.2    -8.9   3.02   101029  3.00    49   -65  0  0
2024 286  0 50   -3.26   -8.97    5.43  -692.3  -114.7    -6.6   2.95   102949  2.90    58   -62  0  0
2024 286  0 55   -1.83   -9.11    5.81  -683.6   -96.8    -4.6   1.72    98281  1.64    94   -69  0  0
2024 286  1  0   -1.92   -8.34    5.99  -681.3  -112.3    -1.5   2.81   113371  2.68   250   -66  0  0
2024 286  1  5   -2.70   -8.12    5.16  -681.7  -111.6    -4.9   2.95   115854  2.82   117   -61  0  0
2024 286  1 10   -2.37   -8.23    5.67  -687.4   -83.2   -14.7   2.04    89214  1.97    47   -62  0  0
2024 286  1 15   -2.56   -8.72    5.11  -684.0   -93.3   -19.5   2.32    88596  2.22    67   -67  0 -1
2024 286  1 20   -1.27   -8.70    3.96  -680.5  -103.4   -24.4   2.60    87978  2.47    82   -65  0  0
2024 286  1 25   -0.31   -8.10    4.43  -677.7  -103.2   -31.8   2.97   101225  2.80    47   -61  0  0
2024 286  1 30   -0.33   -7.14    7.03  -674.8  -124.0   -14.0   2.32    98870  2.18    62   -62  0  0
2024 286  1 35   -0.36   -7.53    6.41  -668.2  -109.0   -15.7   1.98   120979  1.82    52   -66  0  0
2024 286  1 40   -0.64   -7.42    6.34  -663.4  -109.4     0.6   1.96   100670  1.78    38   -66  0  0
2024 286  1 45   -0.27   -7.31    6.41  -663.1  -109.0     3.0   2.12    94042  1.91    38   -66  0  0
2024 286  1 50   -0.17   -7.21    6.43  -666.7  -100.1    -0.6   2.22   110613  2.02    49   -65  0  0
2024 286  1 55   -0.38   -7.30    6.18  -667.1  -104.1     1.0   2.16   114744  1.97    33   -65  0  0
2024 286  2  0   -0.30   -7.14    6.23  -666.2   -99.2    -1.6   1.97   116124  1.79    38   -65  0  0
2024 286  2  5   -0.45   -7.12    6.18  -661.8   -98.8    -0.6   1.92   126538  1.72    38   -65  0  0
2024 286  2 10   -0.98   -7.05    5.91  -662.5   -94.7    -1.6   1.90   133603  1.71    40   -65  0  0
2024 286  2 15    0.70   -6.11    6.37  -645.9   -81.4     5.4   1.94   156697  1.65    35   -66  0  0
2024 286  2 20   -0.45   -6.57    6.27  -661.1   -71.8    -4.2   1.75   144519  1.55    43   -67  0  0
2024 286  2 25   -0.03   -6.28    6.59  -661.8   -71.6    -9.0   1.61   154246  1.43    38   -67  0  0
2024 286  2 30   -3.07   -7.13    4.63  -640.6   -69.4    -0.3   1.45   184316  1.21    47   -69  0  0
2024 286  2 35   -3.94   -7.17    4.53  -607.8   -48.5    -1.4   1.06   204155  0.79    42   -72  0  0
2024 286  2 40   -4.35   -7.90    3.85  -612.8   -60.7    10.4   0.99   193258  0.76    49   -73  0  0
2024 286  2 45   -4.14   -7.77    4.39  -616.1   -68.7    10.4   1.11    89008  0.85    57   -72  0  0
2024 286  2 50   -4.52   -7.54    4.64  -619.4   -61.6    24.3   1.02    75872  0.79    52   -72  0  0
2024 286  2 55   -4.84   -7.26    4.81  -621.1   -46.5    27.2   0.79   143698  0.62    42   -73  0  0
2024 286  3  0   -5.62   -6.47    5.43  -611.8   -63.3    19.7   0.68   140423  0.52    48   -74  0  0
2024 286  3  5   -4.35   -7.73    4.81  -622.7   -61.1    13.1   0.85   149063  0.67    43   -74  0  0
2024 286  3 10   -4.16   -8.10    4.41  -629.7   -48.8    12.2   0.83   158005  0.66    43   -74  0  0
2024 286  3 15   -3.92   -8.58    3.98  -616.5   -56.4    14.1   0.58   114183  0.45    44   -74  0  0
2024 286  3 20   -4.38   -7.86    4.65  -610.7   -57.8     1.1   0.52   121306  0.40    35   -75  0  0
2024 286  3 25   -4.27   -7.66    4.83  -611.3   -57.2     2.9   0.55   177460  0.42    47   -74  0  0
2024 286  3 30   -4.20   -7.40    5.11  -604.2   -58.3     4.8   0.58   178670  0.42    40   -74  0  0
2024 286  3 35   -4.16   -7.36    5.01  -608.7   -50.4     1.3   0.53   159265  0.40    41   -74  0  0
2024 286  3 40   -4.00   -7.52    4.86  -604.1   -55.8    -4.4   0.60   178404  0.44    43   -74  0  0
2024 286  3 45   -3.32   -7.66    4.97  -615.2   -60.0    -6.9   0.63   204139  0.48    40   -73  0  0
2024 286  3 50   -2.98   -7.73    4.90  -620.4   -53.3    -4.2   0.75   214040  0.58    44   -74  0  0
2024 286  3 55   -3.46   -7.65    4.60  -610.5   -66.4    -8.4   0.75   191717  0.57    42   -72  0  0
2024 286  4  0   -2.22   -7.21    5.68  -631.0   -51.0   -17.4   0.68   220001  0.54    35   -71  0  0
2024 286  4  5   -1.06   -6.91    5.72  -636.2   -34.8   -24.8   0.83   265522  0.67    42   -72  0  0
2024 286  4 10   -0.68   -6.88    5.92  -643.5   -38.5   -22.1   0.80   247792  0.67    39   -72  0  0
2024 286  4 15   -1.12   -7.09    6.07  -636.1   -55.5    -1.1   0.62   161370  0.51    37   -71  0  0
2024 286  4 20   -1.39   -6.73    5.91  -627.5   -37.1   -17.8   0.77   240814  0.61    38   -71  0  0
2024 286  4 25   -1.05   -6.47    5.98  -614.8   -31.7   -26.2   0.82   283194  0.63    43   -69  0  0
2024 286  4 30   -1.05   -5.71    5.69  -602.2   -44.2   -28.0   1.22   390066  0.89    40   -67  0  0
2024 286  4 35   -0.62   -5.90    5.46  -605.3   -32.8   -24.8   1.33   401779  0.97    52   -66  0  0
2024 286  4 40   -1.68   -6.10    6.33  -610.9   -42.2   -22.0   0.88   348523  0.66    57   -69  0  0
2024 286  4 45   -3.30   -5.01    6.86  -580.5   -68.7   -16.9   0.59   388292  0.40    58   -69  0  0
2024 286  4 50   -3.00   -3.96    7.31  -572.8   -83.7   -21.7   0.53   416037  0.36    51   -71  0  0
2024 286  4 55   -2.94   -3.74    7.16  -567.0   -99.4   -20.3   0.49   400048  0.33    52   -71  0  0
2024 286  5  0   -3.01   -3.27    6.95  -571.6   -80.9   -25.8   0.53   371043  0.35    48   -72  0  0
2024 286  5  5   -2.58   -3.34    6.66  -564.1   -87.3   -51.8   0.61   325465  0.40    47   -70  0  0
2024 286  5 10   -1.99   -4.00    6.07  -564.7   -91.6   -48.7   0.86   250350  0.57    47   -70  0  0
2024 286  5 15   -2.21   -4.82    5.26  -555.1   -61.4   -35.5   0.97   162732  0.61    49   -66  0  0
2024 286  5 20   -2.03   -4.91    5.10  -566.7   -50.9   -33.1   1.01   177795  0.66    35   -65  0  0
2024 286  5 25   -2.02   -4.67    5.05  -568.4   -37.0   -37.9   1.05   195891  0.68    51   -66  0  0
2024 286  5 30   -1.98   -4.45    4.97  -568.8   -30.7   -48.5   1.18   209712  0.77    37   -64  0  0
2024 286  5 35   -2.80   -3.45    4.57  -565.4   -42.4   -43.0   1.79   151242  1.15    52   -63  0  0
2024 286  5 40   -2.71   -3.98    4.66  -570.2   -30.6   -53.2   1.63   116146  1.07    38   -60  0  0
2024 286  5 45   -2.54   -3.99    5.06  -574.0   -38.7   -39.0   1.69   113003  1.12    48   -60  0  0
2024 286  5 50   -2.89   -3.74    4.91  -579.0   -38.8   -39.2   1.76    89550  1.19    46   -60  0  0
2024 286  5 55   -2.65   -3.71    4.83  -574.1   -41.7   -28.7   2.20    85689  1.46    33   -59  0  0
2024 286  6  0   -2.52   -5.33    3.52  -572.7   -39.5   -19.6   2.27    75306  1.50    31   -59  0  0
2024 286  6  5   -3.46   -4.59   -0.35  -567.0   -38.7   -20.4   2.14    56546  1.39    40   -57  0  0
2024 286  6 10   -5.06   -3.54   -2.82  -556.8   -28.4   -13.9   2.68    29529  1.66    34   -59  0  0
2024 286  6 15   -5.13   -4.70   -1.25  -560.9   -29.2   -11.8   2.79    22529  1.76    35   -59  0  0
2024 286  6 20   -5.11   -4.96   -1.03  -564.1   -27.3   -20.3   2.39    21822  1.52    33   -59  0  0
2024 286  6 25   -4.78   -5.23   -0.60  -563.0   -37.5   -20.8   2.16    23022  1.38    50   -59  0  0
2024 286  6 30   -3.78   -5.79    0.06  -561.6   -40.3   -18.7   2.22    28074  1.41    46   -58  0  0
2024 286  6 35   -3.46   -5.91    1.08  -557.3   -32.3    -9.9   2.55    20148  1.59    54   -58  0  0
2024 286  6 40   -3.08   -5.84    2.29  -552.8   -35.4     4.6   2.28    22364  1.40    46   -58  0  0
2024 286  6 45   -2.50   -5.56    3.14  -551.5   -40.9    -3.4   2.43    22630  1.48    55   -59  0  0
2024 286  6 50   -1.90   -4.88    3.72  -527.9   -29.6     7.4   1.69   105840  0.96    52   -58  0  0
2024 286  6 55   -2.84   -5.10    2.90  -524.8   -19.1    -0.3   0.33   246243  0.18    47   -63  0  0
2024 286  7  0   -2.85   -4.87    3.05  -520.3   -37.6    -5.9   0.32   246712  0.17   117   -71  0  0
2024 286  7  5   -2.14   -4.50    3.82  -526.6   -32.8    10.3   0.37   189753  0.20   123   -72  0  0
2024 286  7 10   -2.23   -4.53    3.36  -540.3   -26.5    -7.1   0.42   227045  0.25    88   -68  0  0
2024 286  7 15   -2.42   -4.27    3.41  -539.5   -22.0   -24.1   0.38   233520  0.22    49   -67  0  0
2024 286  7 20   -1.80   -4.22    3.08  -520.8   -27.2   -33.8   0.62   206290  0.34    56   -65  0  0
2024 286  7 25   -1.19   -4.12    3.16  -512.8   -23.0   -36.0   0.91   177134  0.49    41   -63  0  0
2024 286  7 30   -1.74   -4.23    2.46  -524.1   -21.9   -47.1   0.80   210517  0.44    69   -62  0  0
2024 286  7 35   -2.67   -4.70    0.97  -540.4   -44.5   -57.5   0.64   193455  0.38    51   -63  0  0
2024 286  7 40   -1.32   -4.03    3.57  -539.2   -20.1   -61.5   0.41   435444  0.24    78   -65  0  0
2024 286  7 45   -0.79   -4.93    3.28  -539.7   -14.9   -68.9   0.43   490704  0.25    51   -67  0  0
2024 286  7 50   -1.94   -4.28    3.24  -533.9    -9.7   -60.5   0.63   264017  0.37    46   -66  0  0
2024 286  7 55   -1.48   -5.25    3.56  -513.0   -80.2   -60.3   0.94    51324  0.52    43   -61  0  0
2024 286  8  0   -2.39   -4.62    3.38  -506.8   -51.9   -56.5   1.20    89236  0.62    44   -60  0  0
2024 286  8  5   -1.48   -5.50    2.87  -503.6   -75.7   -71.2   1.11    74342  0.59    58   -62  0  0
2024 286  8 10   -1.80   -4.79    3.66  -511.0   -45.2   -67.0   1.06   110177  0.56    49   -62  0  0
2024 286  8 15   -1.45   -4.30    3.77  -519.8   -22.3   -47.2   0.96   125739  0.53    52   -63  0  0
2024 286  8 20   -2.10   -4.24    3.19  -514.4    -2.1   -57.5   0.93   208947  0.50    54   -62  0  0
2024 286  8 25   -1.78   -3.84    3.24  -519.8    -7.4   -63.4   0.64   371803  0.35    52   -63  0  0
2024 286  8 30   -1.99   -3.59    2.39  -528.9     6.1   -51.2   0.66   363579  0.38    61   -65  0  0
2024 286  8 35   -1.47   -2.92    2.97  -519.3    19.8   -73.0   0.62   405601  0.34    53   -64  0  0
2024 286  8 40   -1.44   -3.03    2.78  -506.1    40.0   -90.0   0.68   443277  0.36    57   -64  0  0
2024 286  8 45   -2.53   -3.50    2.30  -510.6    48.7  -104.1   0.72   360641  0.39    53   -63  0  0
2024 286  8 50   -2.23   -3.70    0.76  -505.6    52.5  -128.5   0.81   341731  0.44    53   -61  0  0
2024 286  8 55   -2.34   -3.38    0.90  -498.0    63.7  -136.3   0.83   361412  0.45    59   -61  0  0
2024 286  9  0   -0.09    1.15    0.67  -570.8   -52.4   -79.2   0.55   213753  0.37    53   -63  0  0
2024 286  9  5    2.30    3.82   -1.84  -569.3   -46.7   -88.4   0.61   233254  0.41    56   -63  0  0
2024 286  9 10    2.64    4.07   -3.48  -574.0   -58.0   -63.3   0.66   221727  0.45    47   -61  0  0
2024 286  9 15    2.66    2.77   -4.82  -576.1   -56.2   -40.7   0.63   196007  0.42   102   -60  0  0
2024 286  9 20    2.62    2.22   -5.29  -580.2   -54.9   -39.5   0.61   150624  0.42   136   -60  0  0
2024 286  9 25    0.69   -2.32   -5.36  -608.2   -92.2   -16.9   0.97   127025  0.74   236   -58  0  0
2024 286  9 30    0.97   -2.20   -5.89  -595.4   -58.0   -15.0   0.98   125352  0.70   375   -55  0  0
2024 286  9 35    1.34   -2.32   -6.11  -597.7   -41.6     3.9   1.03   131648  0.74   408   -59  0  0
2024 286  9 40    1.06   -2.47   -6.01  -589.5   -21.5    -5.2   0.97    88647  0.67   302   -61  0  0
2024 286  9 45    1.16   -2.63   -5.72  -584.4    -3.8   -13.6   1.34    79932  0.92   315   -63  0  0
2024 286  9 50    1.56   -1.97   -5.90  -584.2    -3.2    -9.5   1.64    80976  1.12   329   -64  0  0
2024 286  9 55    2.04   -1.08   -6.10  -583.6    -0.0    -9.4   1.70    74746  1.16   346   -64  0  0
