2015  76  0  0   -1.95    0.22    1.18  -423.7     5.8   -12.5  13.13   51261.  4.72    37    15
2015  76  0  5   -3.55    2.74    4.56  -413.5     1.9   -13.1  12.22   81260.  4.18    39    15
2015  76  0 10   -5.16    3.19    3.34  -422.7    10.6   -14.9  12.96   63677.  4.64    47    18
2015  76  0 15   -5.26    5.34    2.82  -424.9    19.7   -16.4  14.96   57618.  5.42    39    16
2015  76  0 20   -4.78    5.85    2.39  -420.5    16.8   -15.5  16.20   67993.  5.74    31    15
2015  76  0 25   -4.65    6.22    2.41  -420.3    21.4   -17.1  16.11   66949.  5.72    36    15
2015  76  0 30   -5.25    5.67    3.10  -420.5    21.0   -15.7  15.89   63862.  5.64    34    16
2015  76  0 35   -5.40    5.18    3.50  -415.9    15.3   -15.5  15.92   66575.  5.52    38    14
2015  76  0 40   -5.95    4.55    4.45  -417.8    13.4   -15.7  14.09   72101.  4.93    37    12
2015  76  0 45   -6.12    4.59    4.52  -420.6    15.4   -14.1  13.08   66250.  4.64    34    11
2015  76  0 50   -6.48    4.35    4.72  -425.6    16.9   -13.4  11.67   59000.  4.24    34    11
2015  76  0 55   -6.84    4.42    3.98  -425.6    14.8   -14.0  12.25   49812.  4.45    34    12
2015  76  1  0   -6.93    3.65    4.61  -426.0     9.5   -13.1  12.11   46992.  4.40    34    12
2015  76  1  5   -6.69    3.48    4.90  -425.9     8.8   -13.4  11.17   56312.  4.06    36    13
2015  76  1 10   -6.60    3.46    4.47  -422.7     6.8   -13.8  11.93   57496.  4.27    36    14
2015  76  1 15   -6.79    3.40    3.94  -421.6     7.2   -14.5  13.25   58607.  4.72    41    15
2015  76  1 20   -6.89    1.71    4.73  -423.9     0.2   -12.2  12.02   59965.  4.33    44    14
2015  76  1 25   -6.37    1.27    5.05  -420.2    -0.1   -13.2  11.78   60469.  4.17    40    13
2015  76  1 30   -6.70    2.59    3.96  -422.1     2.3   -14.1  11.83   62233.  4.22    36    13
2015  76  1 35   -6.11    1.08    5.05  -416.2     0.1   -14.4  12.26   75009.  4.25    37    13
2015  76  1 40   -6.01    0.70    5.02  -414.6    -3.8   -14.0  11.64   70060.  4.01    43    13
2015  76  1 45   -7.06   -1.73    3.69  -425.8   -15.3    -9.3  12.80   64443.  4.65    43    13
2015  76  1 50   -6.95    1.40    4.70  -422.5    -5.7   -11.8  12.68   73236.  4.53    57    14
2015  76  1 55   -6.32    2.24    4.89  -421.5    -1.1   -12.9  11.00   70614.  3.91    52    17
2015  76  2  0   -5.47    2.73    5.00  -414.9    -0.8   -15.4  11.92   68393.  4.11    64    14
2015  76  2  5   -6.40    0.17    4.53  -418.1    -9.9   -14.4  12.52   70414.  4.39    63    13
2015  76  2 10   -6.45   -2.10    3.51  -414.9   -19.1   -14.9  13.24   86419.  4.58    62    13
2015  76  2 15   -5.72   -2.94    2.15  -410.7   -28.6   -16.8  15.28   85780.  5.21    68    15
2015  76  2 20   -0.75   -5.74    0.72  -422.1   -27.6   -11.8  17.98 9999999.  6.44    77    16
2015  76  2 25   -5.91   -2.64    2.97  -419.6   -26.2   -12.5  16.33   55563.  5.78    85    16
2015  76  2 30   -5.23    0.09    4.04  -422.8   -15.3   -16.2  15.62   58415.  5.59    87    15
2015  76  2 35   -5.38   -0.46    3.66  -413.8   -10.5   -17.0  15.42   65793.  5.30   107    14
2015  76  2 40   -6.36   -3.17    2.15  -418.0   -30.8   -17.3  15.52   63686.  5.46   114    13
2015  76  2 45   -6.23   -2.41    3.17  -419.6   -31.2   -14.9  16.27   55255.  5.77   110    15
2015  76  2 50   -6.71    0.49    5.30  -419.1   -17.9   -11.3  17.62   36150.  6.21    87    14
2015  76  2 55   -6.31    0.97    5.73  -417.6   -18.2    -9.8  16.44   35666.  5.75    78    13
2015  76  3  0   -5.83    1.58    6.14  -415.5   -15.4    -9.7  16.23   34695.  5.61    75    13
2015  76  3  5   -6.41    1.94    5.25  -418.0   -12.6   -12.2  16.55   37155.  5.79    57    13
2015  76  3 10   -5.67    1.62    6.18  -416.3   -15.3   -10.0  17.07   34732.  5.93    54    12
2015  76  3 15   -4.75    1.98    6.47  -410.5   -14.2    -8.7  16.61   33844.  5.61    53    11
2015  76  3 20   -4.09    2.04    7.10  -407.4   -14.6    -7.6  15.75   32376.  5.24    58    11
2015  76  3 25   -4.64    2.20    7.17  -411.1   -11.7    -8.9  16.82   34842.  5.70    51    12
2015  76  3 30   -4.67    2.57    7.45  -412.8   -11.4    -8.4  13.38   33334.  4.56    51    11
2015  76  3 35   -4.41    2.79    7.22  -413.8   -13.8    -7.6  13.78   35393.  4.73    50    12
2015  76  3 40   -3.92    1.49    7.96  -412.2   -18.6    -6.2  16.17   36774.  5.50    52    12
2015  76  3 45   -3.85    2.79    8.20  -408.5   -13.3    -7.5  15.93   32357.  5.33    51    13
2015  76  3 50   -4.43    2.16    8.33  -412.2   -15.7    -7.1  14.48   37904.  4.93    57    14
2015  76  3 55   -3.10    3.69    8.53  -408.7   -10.0    -8.1  15.00   36831.  5.02    57    13
2015  76  4  0   -4.24    3.29    7.83  -412.9    -9.9    -8.3  13.61   34414.  4.65    49    13
2015  76  4  5   -1.43    4.04    7.93  -401.3    -3.7   -10.1  13.50   43385.  4.35    47    12
2015  76  4 10   -2.00    3.33    7.28  -397.8    -0.0    -9.2  10.93   36698.  3.46    50    11
2015  76  4 15   -2.73    3.57    7.89  -397.0     0.7    -9.0  12.00   34010.  3.79    53    13
2015  76  4 20   -2.22    4.26    7.91  -401.7    -3.1    -8.1  13.53   34151.  4.38    54    12
2015  76  4 25   -2.32    4.01    8.24  -399.2    -6.1    -7.7  12.76   30968.  4.07    54    12
2015  76  4 30   -3.02    3.65    8.25  -408.9    -8.1    -7.7  13.41   29860.  4.49    46    13
2015  76  4 35   -1.94    4.59    8.51  -401.4    -6.3    -7.7  12.58   31815.  4.06    40    15
2015  76  4 40   -1.66    5.13    7.80  -401.4    -0.1    -8.5  14.65   44898.  4.74    35    15
2015  76  4 45    1.06   10.83   15.84  -438.2    -9.8    -2.8  13.06   87774.  5.16   152    48
2015  76  4 50    2.53   14.76   21.75  -496.3   -21.6     4.9  15.26  155121.  7.53   120    58
2015  76  4 55    3.90   12.50   22.06  -486.3   -56.5    33.8  15.24  137403.  7.41    54    53
2015  76  5  0    2.32   12.25   20.64  -499.6   -77.2    51.3  25.33  123762. 13.07    51    52
2015  76  5  5    0.33   14.81   18.94  -503.6   -74.3    44.9  30.82  118230. 16.10    51    59
2015  76  5 10    0.82   16.24   18.40  -502.8   -77.4    48.2  32.30  121908. 16.87    37    62
2015  76  5 15    3.45   12.59   21.08  -503.5   -81.2    51.4  33.48  123518. 17.59    45    60
2015  76  5 20    6.82    9.31   25.16  -504.0   -77.2    48.8  24.66  117695. 12.94    69    55
2015  76  5 25    6.33    3.51   25.30  -503.6   -75.7    44.7  25.98  123027. 13.58    42    52
2015  76  5 30    5.63    0.55   23.91  -505.1   -73.3    37.7  26.34  111539. 13.80    35    52
2015  76  5 35    8.34   -2.25   23.58  -494.9   -74.1    35.9  27.04   99662. 13.61    32    53
2015  76  5 40    7.92   -2.58   22.10  -493.0   -77.1    37.5  29.75   99643. 14.90    46    51
2015  76  5 45    2.78   -6.61   19.17  -504.4   -82.6    34.6  35.17  134840. 18.46    46    56
2015  76  5 50    6.07   -3.62   20.51  -498.4   -91.5    52.2  29.17  158023. 15.15    67    58
2015  76  5 55    9.39   -8.35   10.83  -488.1   -99.6    71.9  23.78  179047. 12.07    77    49
2015  76  6  0    3.54  -14.52    3.17  -495.6   -75.6    61.9  39.22  229898. 20.02    85    49
2015  76  6  5   -3.31  -15.16  -11.33  -505.8   -71.6    41.2  33.62  210093. 17.64   109    49
2015  76  6 10   -5.08  -16.51  -13.55  -512.5   -67.2    42.8  30.61  211561. 16.49   170    48
2015  76  6 15   -4.87  -15.96  -13.74  -515.3   -68.3    34.7  30.52  170030. 16.56   309    47
2015  76  6 20   -3.41  -17.91  -12.15  -506.1   -71.3    34.9  30.18  188528. 15.85   550    46
2015  76  6 25   -4.41  -17.85   -7.62  -512.0   -81.7    50.6  30.04  189056. 16.32   635    40
2015  76  6 30   -2.03  -16.76   -5.22  -518.2   -82.8    43.7  30.25  165588. 16.78   622    33
2015  76  6 35    1.53  -18.21   -0.51  -513.6   -81.1    53.8  30.71  198238. 16.79   741    23
2015  76  6 40    2.43  -16.35    5.95  -507.6   -81.9    49.6  33.38  156903. 17.82   735    15
2015  76  6 45    2.10  -12.36    9.53  -504.2   -76.7    73.8  31.66  217762. 16.86   652     7
2015  76  6 50    4.17  -13.35   -0.12  -510.7   -66.2    91.0  29.89  336328. 16.36   553     3
2015  76  6 55    3.40   -4.73   13.56  -514.4   -45.4    82.4  29.51  285690. 16.17   450    -3
2015  76  7  0    1.17   -3.05   13.49  -513.7   -70.0    70.9  27.97  333294. 15.32   358   -10
2015  76  7  5    4.98  -14.32   -1.98  -513.7   -55.3    74.6  29.46  365737. 16.05   284   -11
2015  76  7 10    4.05  -11.18   -5.05  -502.0   -61.0    72.5  28.83  375858. 15.07   260   -12
2015  76  7 15    7.40  -11.55    2.55  -492.6   -52.1    88.6  28.09  343546. 14.24   395   -14
2015  76  7 20   10.20   -7.93    9.03  -485.9   -45.8    96.0  28.47  331492. 14.08   600   -16
2015  76  7 25   10.55   -1.89   11.63  -481.7   -33.7   102.0  29.12  334426. 14.18   618   -20
2015  76  7 30   -0.90  -11.87  -13.08  -495.5   -26.1    94.3  23.22  496611. 11.83   522   -23
2015  76  7 35   -5.62   -6.04  -16.79  -517.6    -8.0    73.4  20.73  591510. 11.34   473   -30
2015  76  7 40   -4.99   -6.28  -16.67  -521.9     0.3    55.0  20.77  513743. 11.44   635   -30
2015  76  7 45   -7.83   -4.25  -17.38  -534.4    10.9    56.5  20.85  576486. 12.05   674   -27
2015  76  7 50    0.15   -6.70  -14.56  -534.6    25.5    51.4  18.56  599866. 10.74   779   -30
2015  76  7 55    4.56   -9.44   -9.54  -525.5    11.3    77.2  21.15  771963. 11.98   822   -35
2015  76  8  0    3.09  -11.72   -9.29  -526.9    20.4    80.0  20.83  799130. 11.88   697   -39
2015  76  8  5    5.58   -8.17   -8.80  -512.7    30.3    58.0  18.77  829601. 10.03   717   -43
2015  76  8 10    7.30   -7.05   -8.12 99999.9 99999.9 99999.9 999.99 9999999. 99.99   707   -43
2015  76  8 15    7.65   -6.30   -8.82 99999.9 99999.9 99999.9 999.99 9999999. 99.99   808   -40
2015  76  8 20    1.20   -7.22  -14.23 99999.9 99999.9 99999.9 999.99 9999999. 99.99   773   -42
2015  76  8 25    4.50  -11.58  -11.74  -551.1    42.6    34.4  18.44  684036. 11.39   724   -50
2015  76  8 30   -0.91   -8.78  -16.14  -556.5    51.4     9.2  19.06  726353. 11.93   656   -54
2015  76  8 35   -3.00   -8.13  -19.14  -568.4    61.8     6.8  18.98  657696. 12.42   675   -60
2015  76  8 40   -0.32  -14.48  -13.52  -558.9    32.9     8.2  20.19  758630. 12.68   816   -68
2015  76  8 45    1.50  -15.86  -12.84  -550.1    34.4    30.2  21.60  912006. 13.17   943   -73
2015  76  8 50   -3.12  -11.44  -16.90  -573.8    73.6     7.9  20.16  753993. 13.50   981   -69
2015  76  8 55   -6.53  -10.72  -16.95  -595.1    64.4   -15.7  21.68  867951. 15.57   842   -73
2015  76  9  0    1.55  -17.44  -10.33  -576.1    54.5    -1.0  23.40  774063. 15.68   858   -79
2015  76  9  5    4.57  -15.65  -10.86  -564.0    66.3    -1.6  22.54  773852. 14.53   714   -84
2015  76  9 10    7.85  -18.46   -6.30  -551.6    45.4    21.6  24.33  923491. 14.93   701   -91
2015  76  9 15    6.91  -13.39   -6.36  -552.5    55.8    53.3  25.92  840469. 16.15   655   -95
2015  76  9 20   12.10  -15.83    1.23  -539.4    26.3    62.0  25.68  834670. 15.23   694   -94
2015  76  9 25   12.44  -17.05    1.51  -540.1    33.6    62.3  24.63  837729. 14.65   626   -96
2015  76  9 30   12.14  -15.29    3.74  -552.4    52.5    84.0  26.56  927250. 16.73   630   -97
2015  76  9 35   13.56  -12.52    3.13 99999.9 99999.9 99999.9 999.99 9999999. 99.99   535   -99
2015  76  9 40   15.67  -12.21    2.45 99999.9 99999.9 99999.9 999.99 9999999. 99.99   504   -95
2015  76  9 45   15.67  -12.57    1.86  -529.3   -30.9    62.5  30.07 1185800. 17.14   568   -93
2015  76  9 50   15.47  -13.23    1.83 99999.9 99999.9 99999.9 999.99 9999999. 99.99   528   -90
2015  76  9 55   15.03  -13.51    1.85 99999.9 99999.9 99999.9 999.99 9999999. 99.99   549   -85
2015  76 10  0   14.70  -13.38    2.01 99999.9 99999.9 99999.9 999.99 9999999. 99.99   475   -83
2015  76 10  5   14.13  -13.68    3.04  -538.0    53.8    96.2  28.22 1039826. 17.02   441   -78
2015  76 10 10   15.93  -13.26    2.57  -532.5    12.8    66.3  26.36  993090. 15.27   350   -73
2015  76 10 15   13.91  -11.44    0.27  -529.1     0.9    69.6  27.63  935250. 15.77   284   -71
2015  76 10 20   13.02  -12.82    4.53  -529.8    31.9    75.4  26.94  861638. 15.48   377   -70
2015  76 10 25   15.13  -13.24    8.01  -541.7    47.6    81.0  23.51  710483. 14.22   304   -71
2015  76 10 30   16.53   -7.50   12.91  -569.2    67.1    35.8  21.47  650600. 14.20   243   -70
2015  76 10 35   14.57   -8.18   14.74  -567.8    56.6    63.5  20.47  585531. 13.52   189   -70
2015  76 10 40   12.96   -7.66   15.47  -584.2    58.6    48.9  21.67  674439. 15.11   235   -67
2015  76 10 45   15.08   -9.16   15.43  -575.4    56.6    49.9  20.81  678638. 14.06   230   -66
2015  76 10 50   15.08  -10.35   14.99  -571.4    48.2    37.2  18.85  449225. 12.46   206   -62
2015  76 10 55   14.12   -9.05   17.47  -584.3    55.8    50.6  19.89  657393. 13.82   195   -63
2015  76 11  0   13.92  -13.06   12.67  -581.9    33.9    24.8  19.29  623286. 13.13   214   -59
2015  76 11  5   13.80   -2.70   14.50  -572.1    94.2    46.8  20.44  756313. 13.87   215   -59
2015  76 11 10    6.14   12.71    9.93  -575.4   120.0    48.5  27.35 1200060. 19.14   232   -59
2015  76 11 15   -0.54   20.47   -1.91  -608.0   168.8    -6.8  28.93  896234. 23.04   263   -53
2015  76 11 20   -2.00   21.04   -6.05  -595.0   134.5    22.0  27.99 1040583. 20.86   186   -50
2015  76 11 25   -1.42   18.69   -2.07  -599.7   131.8    16.3  27.91 1145492. 21.06   170   -50
2015  76 11 30   -3.40   19.01    0.02  -601.0   168.9    -3.5  29.70 1002352. 23.19   167   -47
2015  76 11 35   -2.49   -1.49   16.90  -598.8   163.2    21.0  26.79  805700. 20.70   204   -43
2015  76 11 40    3.02   -2.52   17.83  -602.3   129.7    35.0  27.16  894166. 20.74   215   -42
2015  76 11 45    0.17   12.86    3.42  -596.0   150.3    20.2  21.65  921082. 16.45   140   -44
2015  76 11 50   -2.38   19.87   -6.13  -575.8   231.9   -29.8  25.77 1026034. 19.94   122   -45
2015  76 11 55   -2.76   19.98   -5.18  -590.5   192.0   -37.2  25.18  995969. 19.54   108   -45
2015  76 12  0   -6.05   22.71   -5.96  -585.7   154.3   -15.3  17.62  720120. 12.93    75   -43
2015  76 12  5   -3.48   23.01   -9.52  -593.1   134.4    -3.1  17.32  712221. 12.81   153   -43
2015  76 12 10   -2.88   23.14  -10.92  -584.3   109.1    -9.8  17.79  722763. 12.58   240   -48
2015  76 12 15   -3.14   22.81  -10.79  -575.1   117.2    -8.5  18.79  790402. 12.95   266   -44
2015  76 12 20   -5.60   21.83   -9.59  -575.2   139.3   -30.6  22.27 1022274. 15.66   363   -47
2015  76 12 25   -6.58   21.75   -8.06  -579.9   143.3   -26.9  20.47  862393. 14.66   342   -44
2015  76 12 30   -5.63   19.71  -16.82  -582.1   111.4   -17.0  16.63  836505. 11.72   294   -50
2015  76 12 35   -6.47   16.76  -19.69  -576.3   117.8   -25.4  15.88  807097. 11.03   216   -53
2015  76 12 40   -6.63   13.86  -21.00  -590.1   130.5   -51.3  17.42  895469. 12.83   353   -60
2015  76 12 45   -6.32    9.50  -26.36  -587.2   121.6   -18.2  14.50  738229. 10.44   494   -65
2015  76 12 50   -7.22   10.91  -25.72  -580.4   103.9   -41.4  13.40  737810.  9.37   505   -68
2015  76 12 55   -6.11    6.23  -24.69  -586.8    92.2   -61.0  14.06  879699. 10.03   529   -76
2015  76 13  0   -7.35    8.00  -25.45  -580.9    66.9   -53.8  13.13  762860.  9.06   767   -82
2015  76 13  5   -8.84    5.45  -27.12  -578.1    80.2   -45.2  13.02  652348.  8.93   904   -85
2015  76 13 10   -8.74   24.66  -14.79  -571.0   118.4     0.6  17.43  413291. 11.86  1114   -88
2015  76 13 15   -7.65   24.20  -16.76  -572.7   119.0   -29.9  18.44  352429. 12.66  1116   -91
2015  76 13 20   -9.14   20.98  -18.98  -579.6   106.9   -46.0  20.04  283147. 14.04  1176   -93
2015  76 13 25   -8.62   18.74  -20.80  -570.8    73.9   -35.7  29.06  192445. 19.34  1205   -88
2015  76 13 30   -8.92   15.52  -22.28  -568.2    60.4   -27.1  36.06  137583. 23.46  1880   -74
2015  76 13 35    3.87   25.96   -4.90  -588.0    25.4   -51.8  40.98   83398. 28.26  1778   -75
2015  76 13 40    5.64   30.27   -3.91  -594.2    11.4   -49.5  29.86   49157. 21.26  1956   -77
2015  76 13 45    1.30   26.86   -8.30  -591.4    -3.8   -60.3  34.09   66131. 24.01  1747   -77
2015  76 13 50  -11.62   16.04  -23.68  -574.6    47.2   -35.4  43.60   56638. 29.05  1990   -63
2015  76 13 55   -6.20   21.93  -23.30  -571.6    33.7   -20.2  24.42   56459. 16.04  2046   -74
2015  76 14  0  -11.78   13.23  -25.61  -569.5    68.7   -50.7  24.57   67873. 16.31  1672   -80
2015  76 14  5  -14.03   11.97  -25.58  -581.0    95.9   -82.1  19.10   40274. 13.50  1617   -84
2015  76 14 10   -4.24   20.20  -23.76  -563.9    77.8   -56.4  16.66   43368. 10.91  1421   -84
2015  76 14 15   -1.47   23.20  -22.26  -568.0    66.8   -55.1  14.62   33546.  9.65  1307   -92
2015  76 14 20   -7.37   19.36  -23.30  -584.9    54.7   -63.6  19.43   38953. 13.61  1344   -91
2015  76 14 25  -10.06   16.34  -24.97  -598.3    30.7   -64.2  19.49   36761. 14.14  1844   -85
2015  76 14 30  -11.30   14.51  -24.75  -588.5    32.8   -57.2  19.88   44953. 13.98  1586   -84
2015  76 14 35   -9.96   13.69  -23.82  -596.2    28.7   -60.7  28.36   70853. 20.42  1362   -88
2015  76 14 40   -8.22   13.08  -24.04  -591.0    29.2   -60.8  32.72   82709. 23.15  1378   -79
2015  76 14 45  -10.47   12.47  -24.19  -585.4    32.6   -60.7  27.58   81406. 19.16  1788   -88
2015  76 14 50   -8.37   13.06  -24.34 99999.9 99999.9 99999.9 999.99 9999999. 99.99  1913   -93
2015  76 14 55  -10.08   10.62  -24.24  -579.0    40.1   -66.5  26.27   79905. 17.93  1613   -99
2015  76 15  0  -12.57    1.40  -20.21  -583.1    37.1   -63.0  24.11  115634. 16.68  1446  -100
2015  76 15  5  -16.37   -9.66  -14.03  -592.9    17.2   -54.9  29.25  201095. 20.76   991  -103
2015  76 15 10  -15.26   -6.43  -15.42  -594.3    27.8   -66.1  29.45  200207. 21.12   682  -104
2015  76 15 15  -13.28   -6.86  -11.63  -597.0    18.8   -66.8  31.86  231214. 23.02   670  -114
2015  76 15 20  -13.79   -1.54  -17.53 99999.9 99999.9 99999.9 999.99 9999999. 99.99   673  -122
2015  76 15 25  -19.60  -11.23  -13.99  -606.7     2.6   -72.8  15.78   80380. 11.78   603  -127
2015  76 15 30  -20.22  -13.10  -11.62  -623.3    -6.5   -62.7  16.34   99972. 12.83   670  -124
2015  76 15 35  -18.88  -12.06  -13.59  -615.6    22.3   -63.3  24.00  105556. 18.40   642  -133
2015  76 15 40  -16.72  -12.91  -15.45 99999.9 99999.9 99999.9 999.99 9999999. 99.99   614  -139
2015  76 15 45  -18.38  -11.74  -14.08  -610.7   -20.7   -56.0  25.32   98843. 19.07   570  -138
2015  76 15 50  -18.11  -10.12  -14.94  -605.9   -15.9   -65.1  23.27  102611. 17.30   522  -137
2015  76 15 55  -17.94   -9.00  -15.25  -610.3   -23.5   -64.3  22.52   69360. 16.90   687  -143
2015  76 16  0  -18.78   -3.60  -15.71  -619.0    -8.7   -71.1  14.77   56774. 11.49   484  -144
2015  76 16  5  -18.64   -2.88  -15.30  -620.1     4.4   -66.7  16.71   56008. 13.00   421  -147
2015  76 16 10  -17.84   -4.04  -15.50  -603.6     1.8   -67.6  26.35   87160. 19.35   379  -154
2015  76 16 15  -20.05    2.02  -14.85  -604.6     3.1   -42.7  25.13   85001. 18.25   352  -157
2015  76 16 20  -18.89    3.07  -17.53  -619.2    33.2   -41.3  16.26   68987. 12.57   431  -154
2015  76 16 25  -20.69    2.84  -16.29  -622.2    24.9   -55.6  15.49   58400. 12.11   572  -155
2015  76 16 30  -19.41    3.62  -17.71  -612.6    36.2   -61.7  15.48   47460. 11.78  1095  -145
2015  76 16 35  -18.26    5.18  -18.05  -605.7    36.0   -66.9  16.76   40648. 12.49  1443  -146
2015  76 16 40  -14.19    2.03  -20.69  -603.4    36.6   -71.6  17.04   40334. 12.63  1428  -145
2015  76 16 45  -18.67    7.79  -17.41  -610.0    57.8   -51.2  13.67   45302. 10.34  1619  -150
2015  76 16 50  -18.11    7.67  -15.74  -599.1    49.8   -50.4  22.17   48811. 16.12  1360  -152
2015  76 16 55  -11.74   -4.22  -18.08  -581.5     7.4   -53.2  30.65   70730. 20.69  1188  -151
2015  76 17  0   -9.38   -7.41  -20.28  -575.4   -10.4   -64.3  19.14  107844. 12.81   972  -151
2015  76 17  5  -10.85   -4.95  -20.80  -579.2    10.6   -78.9  15.98   75654. 10.93   759  -153
2015  76 17 10   -8.95   -4.27  -18.67  -566.8    26.5   -44.0  28.96  169267. 18.74   763  -159
2015  76 17 15  -12.79   -0.69  -17.29  -576.4    39.5   -29.0  32.25  115754. 21.59   614  -163
2015  76 17 20   -9.71    6.83  -17.90  -568.5    42.9   -44.9  24.36  105340. 15.94   820  -166
2015  76 17 25   -8.03   -1.49  -18.36  -560.9    45.3   -46.4  34.60   98746. 22.06  1091  -174
2015  76 17 30   -7.84    5.56  -19.69  -559.9    58.9   -63.2  20.10   55167. 12.94   819  -170
2015  76 17 35   -2.27   10.10  -20.70  -544.2    77.3   -66.7  18.80   45014. 11.54   763  -163
2015  76 17 40   -4.76    9.23  -20.65  -547.9    75.7   -81.6  17.16   47668. 10.74   598  -157
2015  76 17 45   -9.73    9.24  -18.77  -568.1    66.7   -69.5  16.15   47566. 10.76  1123  -142
2015  76 17 50  -10.75    6.64  -18.54  -579.5    84.0   -49.5  18.24   61754. 12.60  1057  -136
2015  76 17 55   -8.09    6.64  -19.66  -588.5    21.7   -67.5  15.64   46723. 10.99   884  -137
2015  76 18  0  -11.04    5.64  -19.47  -560.4    41.2   -89.3  18.95  113136. 12.26   837  -139
2015  76 18  5   -7.55    8.72  -19.76  -552.3    41.6   -84.7  17.56   96277. 11.02  1090  -140
2015  76 18 10  -16.74    7.13  -12.78  -573.0    35.2   -73.3  14.12  257155.  9.46  1442  -143
2015  76 18 15  -16.02    7.54  -14.04  -573.2    32.3   -74.9  14.52  230521.  9.73  1460  -145
2015  76 18 20  -15.56    8.41  -13.31  -570.5    32.8   -69.7  14.27  227962.  9.46  1383  -146
2015  76 18 25  -15.18    9.57  -13.05  -573.4    35.8   -68.5  13.18  197789.  8.82  1272  -144
2015  76 18 30   -7.91    8.61  -18.52  -554.4    37.3   -97.6  18.46   89234. 11.77  1335  -140
2015  76 18 35   -7.91   11.13  -16.66  -554.3    47.8   -91.8  17.70   88538. 11.26  1548  -137
2015  76 18 40   -5.98   11.76  -15.77  -547.3    57.0   -85.5  16.89   92111. 10.48  1300  -139
2015  76 18 45   -4.59    6.78  -20.39  -548.4    45.5   -84.8  19.20   74377. 11.90  1104  -141
2015  76 18 50   -5.04    0.69  -21.85  -540.6     6.0   -75.2  12.45   61863.  7.45  1133  -143
2015  76 18 55   -8.00    1.01  -22.12  -538.2    -1.0   -72.2  11.26  100389.  6.65  1198  -149
2015  76 19  0   -5.25   19.15  -11.40  -532.0    47.5   -35.0   9.75   94544.  5.58  1362  -144
2015  76 19  5   -3.95   11.56   -9.28  -517.1   -30.2   -68.5  18.47  222731. 10.09  1417  -145
2015  76 19 10   -4.43    3.68  -15.09  -536.1   -35.1   -57.8  13.63  218691.  7.93  1484  -150
2015  76 19 15   -5.31   -0.22  -14.21  -545.5   -39.0   -57.1  11.37  215673.  6.87  1256  -160
2015  76 19 20   -5.22   -0.55  -14.70  -553.0   -18.3   -58.2   9.14  174979.  5.66  1031  -165
2015  76 19 25   -5.86   -2.18  -14.14  -551.8   -10.1   -56.8   9.15  176253.  5.63  1035  -166
2015  76 19 30   -5.81   -0.69  -15.60  -550.3    -1.0   -69.9   7.87  107823.  4.84  1071  -169
2015  76 19 35   -6.35   -1.51  -15.51  -555.5   -10.7   -72.4   6.07   94586.  3.81   914  -170
2015  76 19 40   -5.13   -4.52  -15.17  -549.8   -30.4   -61.4   5.75   99837.  3.53   645  -169
2015  76 19 45   -5.96   -2.81  -15.08  -558.0   -29.6   -65.0   6.39  105911.  4.06   592  -170
2015  76 19 50   -5.42   -2.48  -15.71  -566.1   -35.7   -68.4   6.55  102426.  4.28   431  -165
2015  76 19 55   -5.91   -5.06  -14.77  -566.0   -34.9   -66.7   6.66   95146.  4.34   503  -163
2015  76 20  0   -5.73   -6.24  -14.05  -556.5   -33.9   -57.6   7.26   95033.  4.56  1033  -160
2015  76 20  5   -6.11   -5.60  -13.89  -563.0   -17.1   -61.9   7.41   96126.  4.76  1091  -156
2015  76 20 10   -6.38   -3.06  -15.09  -560.6   -29.9   -61.4   7.05   96507.  4.49  1073  -156
2015  76 20 15   -6.69   -1.27  -15.58  -558.1   -38.6   -54.0   6.97   94813.  4.41   865  -163
2015  76 20 20   -5.99   -5.48  -14.12  -554.7   -39.2   -42.3   7.41  119610.  4.61  1171  -164
2015  76 20 25   -6.29   -5.19  -14.69  -554.1   -13.9   -41.4   7.21  121171.  4.45  1162  -167
2015  76 20 30   -5.65   -5.49  -15.41  -552.9    -6.1   -44.9   6.50  114417.  4.00  1080  -169
2015  76 20 35   -6.02   -7.94  -14.34  -548.0   -15.4   -41.4   6.48  115075.  3.92  1087  -167
2015  76 20 40   -7.37   -9.64  -12.51  -557.4   -26.6   -28.2   6.66   99562.  4.16   790  -172
2015  76 20 45   -5.67   -6.65  -15.53  -548.1   -15.1   -37.7   7.13   97045.  4.31  1182  -166
2015  76 20 50   -5.56   -8.38  -14.64  -552.1   -19.2   -35.6   7.33   75849.  4.51  1352  -163
2015  76 20 55   -3.24   -7.34  -15.85  -541.2    -7.8   -47.1   6.89   84763.  4.07  1089  -166
2015  76 21  0   -5.01   -4.82  -16.80  -542.0    11.1   -49.5   6.83  104401.  4.05  1312  -171
2015  76 21  5   -7.32   -7.31  -15.31  -556.6   -13.7   -36.0   6.63   76482.  4.13  1242  -165
2015  76 21 10   -6.39   -7.84  -15.55  -548.2    -6.9   -40.6   6.44   76311.  3.89  1425  -167
2015  76 21 15   -5.31  -11.52  -13.77  -551.3   -21.3   -32.4   7.82   74731.  4.78  1587  -174
2015  76 21 20   -5.69   -6.90  -16.82  -552.1   -16.9   -39.3   6.48   78516.  3.98  1656  -176
2015  76 21 25   -7.38   -3.68  -17.45  -559.4    -3.6   -42.1   5.95   82792.  3.75  1193  -179
2015  76 21 30   -6.74    0.28  -18.39 99999.9 99999.9 99999.9 999.99 9999999. 99.99   872  -177
2015  76 21 35   -6.42   -3.57  -17.80  -552.3    28.7   -50.9   6.19   72297.  3.84  1272  -182
2015  76 21 40   -4.97  -11.52  -15.55  -544.1   -27.4   -27.4   6.77   59481.  4.03   880  -185
2015  76 21 45   -4.79  -10.32  -16.56  -541.8   -14.1   -38.6   5.37   70314.  3.18  1263  -191
2015  76 21 50   -4.46   -8.47  -17.94  -541.3     2.6   -50.5   5.41   73157.  3.20   826  -194
2015  76 21 55   -4.49   -5.50  -18.85  -539.0    12.0   -46.3   5.61   70107.  3.29   704  -193
2015  76 22  0   -5.04   -4.43  -18.93  -541.8     8.6   -38.3   6.02   73984.  3.55   726  -198
2015  76 22  5   -5.55   -3.57  -18.25  -538.9    14.2   -32.8   7.75   66888.  4.52   609  -201
2015  76 22 10  -10.39   -8.78  -15.52  -557.3   -13.6   -14.0   7.07   38155.  4.41   437  -202
2015  76 22 15  -10.35   -7.47  -16.65  -554.0   -16.2   -15.0   7.06   40941.  4.34   426  -207
2015  76 22 20   -7.21  -15.27  -11.25  -550.7   -23.7   -11.0   9.07   47989.  5.51   489  -213
2015  76 22 25   -7.29  -16.62   -9.80  -557.5   -25.7   -13.6  10.64   46763.  6.63   430  -212
2015  76 22 30   -8.24  -14.57  -11.88  -566.4   -18.5   -21.5  10.20   55403.  6.56   431  -215
2015  76 22 35   -7.22  -15.51  -11.31  -560.6   -20.1   -15.6  11.54   47970.  7.28   436  -219
2015  76 22 40   -7.15  -15.01  -12.37  -554.8   -23.1   -19.1   9.75   47609.  6.02   470  -226
2015  76 22 45   -6.88  -16.38  -11.32  -552.4   -22.2   -18.4  10.13   47287.  6.20   343  -233
2015  76 22 50   -7.22  -17.24  -10.13  -550.7   -22.1   -19.4   9.42   48474.  5.73   313  -230
2015  76 22 55   -8.07  -17.23   -9.75  -547.5   -22.9   -23.8   8.80   51253.  5.30   369  -229
2015  76 23  0   -8.61  -16.86  -10.14  -552.3   -26.0   -22.7   7.11   52554.  4.35   443  -230
2015  76 23  5   -8.71  -16.49  -11.23  -546.2   -28.7   -23.0   6.39   54309.  3.83   505  -226
2015  76 23 10   -8.07  -15.66  -12.49  -538.4   -28.7   -26.1   6.05   52832.  3.53   619  -213
2015  76 23 15   -9.33  -14.28  -13.23  -542.5   -24.8   -38.3   4.45   58194.  2.64  1583  -221
2015  76 23 20   -7.72  -14.84  -13.75  -538.1   -25.6   -33.6   3.71   44478.  2.16  1197  -215
2015  76 23 25   -4.00  -19.63   -6.56  -519.6   -38.5   -14.3   4.11   65325.  2.23  1132  -201
2015  76 23 30   -4.45  -19.62   -6.67  -509.5   -43.5    -8.6   4.64   71025.  2.43  1481  -199
2015  76 23 35   -3.50  -20.02   -6.02  -519.5   -30.6   -13.6   6.15   72443.  3.33  1473  -199
2015  76 23 40   -1.20  -20.86   -4.10  -526.4   -24.9   -15.9   8.35   61233.  4.64  1928  -198
2015  76 23 45    0.90  -21.61   -1.90  -521.8   -10.0   -18.8   6.72   64113.  3.67  1396  -197
2015  76 23 50    2.90  -21.42    1.00  -526.1     0.1   -21.6   5.07   68709.  2.81  1147  -198
2015  76 23 55    4.95  -19.78    3.68  -542.3    -5.8   -38.3   4.84   84459.  2.86  1112  -200
2015  77  0  0    4.51  -19.85    4.63  -544.5    -3.7   -33.3   5.42   81421.  3.23   824  -185
2015  77  0  5    2.91  -16.48    1.46  -553.7     0.2   -39.3   7.62  132979.  4.78   823  -186
2015  77  0 10    2.34  -12.77    0.13  -574.8    14.4   -51.2  12.72  231563.  8.48   861  -178
2015  77  0 15    3.60  -13.26   -0.17  -583.5     2.8   -46.0   9.87  175167.  6.73   868  -170
2015  77  0 20    4.39  -12.79    1.96  -591.7     8.0   -61.7   9.57  206443.  6.77   741  -171
2015  77  0 25    5.44  -11.51    3.04  -608.8     0.6   -68.2   9.23  192070.  6.95   622  -169
2015  77  0 30    7.14  -13.01    3.55  -606.8   -12.3   -67.6   6.40  154992.  4.78   508  -170
2015  77  0 35    7.17  -15.12    1.90  -582.5   -28.3   -22.5   3.22   55180.  2.20   473  -172
2015  77  0 40    7.72  -15.05    1.90  -581.9   -33.3   -20.2   2.95   43345.  2.01   544  -174
2015  77  0 45    7.99  -14.96    1.71  -574.6   -32.1   -19.4   3.03   51997.  2.01   299  -177
2015  77  0 50    7.94  -14.99    1.59  -573.8   -27.9   -18.8   3.18   41644.  2.10   273  -174
2015  77  0 55    8.35  -14.82    2.06  -565.8   -18.4   -12.4   3.12   45738.  2.01   303  -173
2015  77  1  0    8.68  -14.47    2.21  -556.8   -16.5   -17.6   3.32   49602.  2.06   311  -171
2015  77  1  5    8.76  -13.86    3.97  -558.0   -20.9   -14.4   3.45   42764.  2.15   355  -169
2015  77  1 10    8.59  -14.02    3.30  -557.1   -23.5   -10.0   3.57   39146.  2.22   310  -169
2015  77  1 15    5.76  -15.59    1.38  -581.0   -48.9   -18.9   3.77   47160.  2.57   191  -168
2015  77  1 20    6.09  -15.59    0.71  -576.2   -48.3   -21.7   4.05   44841.  2.72   234  -166
2015  77  1 25    6.88  -15.21    2.24  -574.8   -45.3   -16.1   3.88   46348.  2.58   162  -164
2015  77  1 30    7.89  -14.48    2.42  -562.8   -37.1   -15.7   3.52   44451.  2.24   225  -163
2015  77  1 35    8.49  -13.23    4.07  -559.3   -28.1   -13.7   3.96   56140.  2.48   175  -162
2015  77  1 40    9.95  -13.00    3.23  -548.7   -17.0    -8.8   4.34   33582.  2.62   168  -161
2015  77  1 45    9.77  -13.06    3.61  -550.7   -19.1   -11.7   4.39   32521.  2.67   150  -160
2015  77  1 50    9.76  -13.15    3.08  -547.5   -15.7   -11.8   4.58   37560.  2.75   160  -159
2015  77  1 55    9.89  -13.03    3.05  -542.1   -17.5   -13.4   4.36   37777.  2.57   133  -160
2015  77  2  0    9.59  -12.66    4.81  -545.1   -10.4    -5.7   4.17   38264.  2.48   125  -158
2015  77  2  5    9.34  -13.40    2.55  -548.8   -21.4   -10.8   4.20   38418.  2.54   152  -157
2015  77  2 10    9.78  -13.05    2.56  -544.0   -27.2   -17.6   4.04   47111.  2.40   189  -153
2015  77  2 15   10.45  -12.29    3.80  -537.1   -14.1    -9.2   3.95   42457.  2.28   292  -150
2015  77  2 20   10.28  -12.42    3.06  -536.4   -20.4   -12.5   3.91   50123.  2.26   336  -148
2015  77  2 25    9.83  -12.26    4.06  -539.0   -24.2   -15.2   4.17   50373.  2.43   378  -146
2015  77  2 30    9.39  -12.90    2.97  -543.0   -28.6   -13.7   4.70   64325.  2.78   397  -144
2015  77  2 35    9.94  -12.15    3.84  -537.8   -21.8   -13.0   4.02   51849.  2.33   409  -143
2015  77  2 40    9.37  -12.15    4.26  -537.2   -29.1   -14.2   4.19   49466.  2.43   393  -144
2015  77  2 45    9.15  -12.27    4.34  -542.5   -21.2    -9.5   4.13   44117.  2.44   391  -144
2015  77  2 50    9.51  -11.58    4.07  -533.6   -27.1   -15.3   4.44   61038.  2.53   365  -144
2015  77  2 55   10.17  -10.27    5.57  -537.1   -24.1   -11.9   4.18   51961.  2.43   375  -144
2015  77  3  0    9.95  -10.69    5.01  -534.2   -17.6    -8.6   4.07   64076.  2.32   347  -141
2015  77  3  5    7.11  -12.65    4.63  -546.6   -35.6   -14.8   3.99   61069.  2.41   387  -138
2015  77  3 10    7.63  -13.26    2.25  -551.0   -46.2   -16.5   4.53   60462.  2.77   337  -135
2015  77  3 15    7.53  -13.06    3.36  -547.4   -45.3   -18.6   4.84   64630.  2.92   389  -135
2015  77  3 20    6.93  -13.60    2.73  -552.4   -52.3   -17.5   4.23   59947.  2.61   267  -134
2015  77  3 25    6.92  -13.59    2.70  -552.3   -51.3   -16.4   4.65   56765.  2.86   350  -131
2015  77  3 30    6.99  -13.64    2.35  -554.5   -54.9   -19.6   4.42   52849.  2.75   391  -130
2015  77  3 35    5.32  -14.23    2.26  -566.4   -61.5   -17.9   4.95   54588.  3.21   313  -130
2015  77  3 40    5.72  -13.96    2.96  -564.9   -59.3   -16.7   4.51   62021.  2.92   322  -129
2015  77  3 45    5.14  -13.80    3.93  -569.2   -60.9   -15.8   4.98   65101.  3.27   340  -128
2015  77  3 50    4.95  -13.71    3.92  -572.3   -63.4   -16.5   5.10   81494.  3.38   354  -128
2015  77  3 55    4.96  -13.92    3.68  -553.3   -54.0   -13.4   4.22   65982.  2.61   316  -129
2015  77  4  0    5.17  -14.11    2.64  -570.5   -65.6   -19.0   5.29   72235.  3.51   309  -128
2015  77  4  5    3.76  -14.59    1.76  -579.6   -70.2   -19.8   5.05   71360.  3.45   307  -128
2015  77  4 10    4.24  -14.44    2.08  -575.3   -70.3   -20.2   4.96   82425.  3.33   303  -127
2015  77  4 15    5.69  -14.11    1.59  -564.7   -65.3   -21.5   4.95   71894.  3.21   369  -128
2015  77  4 20    7.15  -13.23    1.91  -552.4   -59.9   -25.0   4.50   93861.  2.80   405  -127
2015  77  4 25    9.41  -11.89    3.42  -530.8   -43.9   -19.6   3.76   98716.  2.14   368  -126
2015  77  4 30    9.21  -12.02    3.28  -537.8   -49.8   -18.8   3.50  104815.  2.05   288  -126
2015  77  4 35    9.68  -10.82    4.33  -527.6   -37.7   -17.1   3.56   95813.  2.00   204  -124
2015  77  4 40    7.41  -11.98    4.60  -546.6   -51.4   -16.6   3.06  130625.  1.85   147  -123
2015  77  4 45    7.53  -11.33    4.57  -560.3   -53.3   -22.3   3.31  127232.  2.10   144  -121
2015  77  4 50    9.11  -10.46    1.56  -534.0   -33.8   -27.5   3.86  128002.  2.22   181  -119
2015  77  4 55    6.66   -7.01    6.87  -556.7    25.2     6.1   3.52  148718.  2.26   247  -117
2015  77  5  0    9.08   -8.47    3.07  -531.2    -9.4   -28.8   3.58  114252.  2.04   289  -113
2015  77  5  5    7.36  -10.35    2.93  -542.5   -45.6   -52.8   3.89  168048.  2.34   314  -112
2015  77  5 10    6.93   -8.51    5.03  -542.3   -41.0   -20.5   2.81  164072.  1.66   323  -113
2015  77  5 15    4.30  -10.22    3.42  -575.1   -64.8   -33.1   3.50  180473.  2.39   361  -111
2015  77  5 20    4.19  -11.21    0.57  -577.2   -67.3   -53.4   5.25  196494.  3.58   248  -110
2015  77  5 25    2.92  -11.60   -1.08  -581.9   -70.8   -45.7   5.08  173602.  3.51   212  -104
2015  77  5 30    4.87  -11.15    1.26  -570.1   -64.4   -32.6   4.21  158597.  2.79   242  -101
2015  77  5 35    6.05  -10.55    1.45  -561.0   -62.3   -35.3   3.98  149641.  2.54   302  -102
2015  77  5 40    5.54  -10.92    2.14  -563.9   -64.8   -40.7   3.84  233312.  2.49   341  -104
2015  77  5 45    5.75  -10.41    4.35  -569.5   -64.6   -26.1   2.92  155148.  1.92   365  -107
2015  77  5 50    7.95   -8.02    5.49  -537.5   -36.0   -25.4   2.90  171723.  1.68   452  -109
2015  77  5 55    8.55   -7.93    2.83  -541.7   -37.4   -29.0   3.08  133553.  1.83   402  -112
2015  77  6  0    6.88   -6.03    6.94  -528.8    -8.4   -23.2   3.16  188434.  1.77   383  -112
2015  77  6  5    3.34   -6.48    9.46 99999.9 99999.9 99999.9 999.99 9999999. 99.99   374  -111
2015  77  6 10    1.30   -6.41   10.00 99999.9 99999.9 99999.9 999.99 9999999. 99.99   249  -109
2015  77  6 15    0.29   -4.32   11.54 99999.9 99999.9 99999.9 999.99 9999999. 99.99   220  -107
2015  77  6 20    2.78   -5.64   10.49 99999.9 99999.9 99999.9 999.99 9999999. 99.99   175  -105
2015  77  6 25    6.62   -7.61    6.94 99999.9 99999.9 99999.9 999.99 9999999. 99.99   134  -104
2015  77  6 30    6.51   -7.68    6.86 99999.9 99999.9 99999.9 999.99 9999999. 99.99   121  -105
2015  77  6 35    7.31   -7.98    5.42 99999.9 99999.9 99999.9 999.99 9999999. 99.99   117  -104
2015  77  6 40    6.24   -5.82    7.80 99999.9 99999.9 99999.9 999.99 9999999. 99.99   148  -102
2015  77  6 45    5.19   -8.17    6.64 99999.9 99999.9 99999.9 999.99 9999999. 99.99   157  -100
2015  77  6 50    5.90  -10.13    1.45  -557.8   -75.2   -50.7   3.55  276042.  2.27   157  -100
2015  77  6 55    8.08   -8.60    0.95  -527.7   -55.5   -55.6   3.36  201994.  1.91   160   -99
2015  77  7  0    8.12   -8.45    1.52  -538.5   -62.2   -54.5   3.50  236058.  2.08   164   -97
2015  77  7  5    6.63   -9.46    2.20  -547.7   -66.8   -50.1   3.35  236989.  2.06   153   -94
2015  77  7 10    6.59   -9.25    2.99  -538.3   -60.5   -38.7   3.05  170764.  1.79   178   -93
2015  77  7 15    7.37   -9.08    1.45  -543.5   -60.4   -45.0   3.57  198022.  2.15   180   -95
2015  77  7 20    5.94   -9.97    1.92  -558.9   -74.1   -57.0   3.88  224416.  2.49   219   -95
2015  77  7 25    4.85   -9.98    2.00  -567.1   -67.3   -43.4   3.44  197138.  2.25   228   -92
2015  77  7 30    3.38  -10.68    0.03  -573.4   -73.5   -48.2   3.52  200391.  2.37   185   -92
2015  77  7 35    4.85   -9.86   -0.79  -562.2   -57.1   -99.6   4.74  213437.  3.16   153   -92
2015  77  7 40    3.75  -10.87    3.40  -567.7   -69.1   -32.1   3.30  197776.  2.17   182   -89
2015  77  7 45    6.91   -7.31    3.80  -583.4   -81.3   -36.1   3.82  211744.  2.66   337   -88
2015  77  7 50    8.57   -6.96    4.90  -524.0   -24.4   -20.4   2.95  217544.  1.62   461   -94
2015  77  7 55    7.70   -8.75    3.33  -533.8   -52.2   -35.3   3.15  193655.  1.82   400   -95
2015  77  8  0    6.71   -8.82    2.76  -546.9   -57.2   -45.0   4.02  194772.  2.45   358   -97
2015  77  8  5    6.01   -9.06    1.86  -568.8   -63.8   -59.9   4.19  230027.  2.82   412   -98
2015  77  8 10    7.96   -6.88    5.20  -530.3   -33.9   -30.1   3.69  194842.  2.08   478  -100
2015  77  8 15    7.46   -7.18    2.00  -532.8   -41.1   -43.2   4.16  198837.  2.40   392  -103
2015  77  8 20    8.78   -7.69    0.97  -529.7   -43.8   -53.0   4.17  187180.  2.38   403  -102
2015  77  8 25    9.79   -6.54    1.91  -512.2   -18.4   -39.4   4.17  191347.  2.21   694  -100
2015  77  8 30    8.85   -7.99   -1.32  -525.5   -45.0   -66.0   4.32  181076.  2.45  1115   -98
2015  77  8 35    7.93   -8.36   -0.65  -536.1   -49.4   -61.4   4.63  199178.  2.71  1158   -96
2015  77  8 40    7.27   -8.31    1.51  -530.4   -46.1   -55.2   4.45  190570.  2.55   857   -97
2015  77  8 45    5.24  -10.02   -2.49  -562.4   -67.4   -81.9   5.02  216398.  3.31   674   -95
2015  77  8 50    7.13   -9.51   -1.60  -541.4   -60.0   -72.3   4.88  224969.  2.96   636   -92
2015  77  8 55    6.24   -9.92    0.26  -547.1   -62.6   -50.3   4.47  213827.  2.73   573   -90
2015  77  9  0    7.39   -6.80    6.13  -537.0   -22.7   -12.2   3.51  198567.  2.03   527   -89
2015  77  9  5    6.67   -9.72    2.65  -542.0   -56.4   -36.1   4.22  206303.  2.52   565   -91
2015  77  9 10    7.69   -9.01   -0.64  -537.0   -54.2   -48.7   4.39  190060.  2.57   546   -90
2015  77  9 15    6.62  -10.13   -0.28  -541.8   -65.6   -53.2   4.81  202624.  2.90   578   -89
2015  77  9 20    7.04   -9.94    0.94  -538.3   -63.1   -50.4   4.81  199154.  2.85   617   -88
2015  77  9 25    6.46  -10.32    1.40  -544.6   -67.7   -45.9   4.61  186158.  2.80   608   -89
2015  77  9 30    4.78  -11.06    4.49  -564.2   -73.2   -28.1   4.02  175227.  2.60   658   -89
2015  77  9 35    5.69  -10.44    5.13  -564.4   -71.1   -27.5   3.96  173384.  2.57   640   -91
2015  77  9 40    6.09  -10.26    4.60  -559.4   -68.9   -25.6   3.73  171568.  2.37   632   -91
2015  77  9 45    3.78  -11.89    1.11  -567.8   -71.8   -33.1   4.26  179033.  2.80   593   -90
2015  77  9 50    5.18  -10.41    3.73  -577.2   -74.9   -31.0   4.44  196858.  3.02   548   -89
2015  77  9 55    7.49   -9.64    4.43 99999.9 99999.9 99999.9 999.99 9999999. 99.99   542   -89
2015  77 10  0    7.12   -9.50    4.82 99999.9 99999.9 99999.9 999.99 9999999. 99.99   548   -91
2015  77 10  5    6.61   -9.77    4.87 99999.9 99999.9 99999.9 999.99 9999999. 99.99   527   -91
2015  77 10 10    5.76  -10.51    2.19 99999.9 99999.9 99999.9 999.99 9999999. 99.99   511   -93
2015  77 10 15    6.50   -9.98    4.27 99999.9 99999.9 99999.9 999.99 9999999. 99.99   454   -91
2015  77 10 20    5.01  -10.40    5.75 99999.9 99999.9 99999.9 999.99 9999999. 99.99   373   -90
2015  77 10 25    6.24  -10.78    1.75 99999.9 99999.9 99999.9 999.99 9999999. 99.99   341   -90
2015  77 10 30    6.90   -9.44    3.38 99999.9 99999.9 99999.9 999.99 9999999. 99.99   300   -89
2015  77 10 35    7.20  -10.11    2.57 99999.9 99999.9 99999.9 999.99 9999999. 99.99   292   -86
2015  77 10 40    6.94   -9.87    3.22 99999.9 99999.9 99999.9 999.99 9999999. 99.99   417   -82
2015  77 10 45    2.83  -10.86   -0.66  -607.5   -40.6   -50.8   5.94  257774.  4.43   509   -80
2015  77 10 50    0.40  -11.85   -3.80  -598.7   -35.4   -46.8   5.72  261721.  4.14   505   -75
2015  77 10 55    1.42  -11.55   -4.74  -592.5   -31.4   -53.5   5.62  218345.  3.99   589   -71
2015  77 11  0    1.86  -12.17   -1.43  -586.6   -33.3   -39.5   5.05  211547.  3.50   616   -69
2015  77 11  5    2.84  -11.86   -1.50  -592.4   -34.7   -42.4   5.92  249478.  4.19   662   -69
2015  77 11 10    4.04  -11.23    0.34 99999.9 99999.9 99999.9 999.99 9999999. 99.99   765   -68
2015  77 11 15    4.54  -10.94   -0.20  -580.3   -28.0   -38.1   5.41  219565.  3.67   818   -72
2015  77 11 20    6.93   -9.60    1.28  -567.6   -18.0   -37.0   5.97  240873.  3.87   765   -75
2015  77 11 25    8.91   -5.63    4.76  -567.3    -2.3   -29.6   6.30  231102.  4.07   631   -78
2015  77 11 30    4.82   -9.83   -0.28  -590.4   -30.5   -41.7   6.04  260401.  4.25   434   -79
2015  77 11 35    4.03  -10.04   -1.60  -590.0   -24.7   -49.0   5.99  259476.  4.21   343   -80
2015  77 11 40    6.80   -8.78    2.64  -567.1   -19.8   -34.3   5.33  247617.  3.45   342   -79
2015  77 11 45    7.39   -6.30    6.12  -560.4    15.4   -12.2   4.83  249364.  3.04   464   -78
2015  77 11 50    7.53   -7.90    4.94 99999.9 99999.9 99999.9 999.99 9999999. 99.99   469   -78
2015  77 11 55    6.55   -9.27    0.87  -577.8   -28.4   -45.5   5.31  290757.  3.58   467   -79
2015  77 12  0    5.65   -9.78   -1.10  -576.3   -22.3   -44.6   5.43  300626.  3.63   430   -77
2015  77 12  5    4.98   -5.07    2.96  -576.6    -3.0   -33.0   5.55  296202.  3.73   427   -74
2015  77 12 10    6.31   -0.03    9.12  -578.0    55.1     3.9   6.09  311860.  4.11   419   -74
2015  77 12 15    7.45   -1.90    8.20  -566.2    44.2    -0.7   5.66  279755.  3.65   350   -75
2015  77 12 20    7.50   -5.34    6.66  -569.0    21.0    -7.2   5.45  256512.  3.53   356   -75
2015  77 12 25    7.65   -5.57    6.29  -560.8    11.7    -9.8   4.75  266900.  2.99   386   -75
2015  77 12 30    8.46   -6.22    4.73  -555.8     2.6   -18.0   4.91  264992.  3.04   342   -75
2015  77 12 35    7.50   -8.20    2.51  -561.6   -15.7   -34.4   5.70  274267.  3.62   335   -76
2015  77 12 40    7.17   -7.88    4.41  -560.4   -16.6   -23.0   4.51  281414.  2.84   292   -75
2015  77 12 45    6.63   -8.03    3.64  -568.1   -27.2   -31.7   5.09  288475.  3.31   277   -75
2015  77 12 50    2.33   -9.99   -2.41  -596.4   -46.2   -53.8   5.86  325076.  4.26   200   -73
2015  77 12 55    4.54   -9.25    0.71  -596.5   -55.5   -53.6   5.79  258686.  4.19   187   -70
2015  77 13  0    4.72   -8.12    6.05 99999.9 99999.9 99999.9 999.99 9999999. 99.99   208   -70
2015  77 13  5    6.42   -9.37    2.67 99999.9 99999.9 99999.9 999.99 9999999. 99.99   380   -73
2015  77 13 10    6.68   -6.93    5.18  -578.5   -28.4   -29.9   4.94  264507.  3.34   417   -71
2015  77 13 15    7.23   -6.47    4.56  -573.8   -32.1   -28.2   4.81  271983.  3.19   311   -71
2015  77 13 20    6.03   -7.71    3.66  -569.8   -38.4   -39.8   5.30  276370.  3.47   267   -72
2015  77 13 25    5.40   -7.45    4.39  -574.2   -27.0   -37.5   5.18  333458.  3.44   213   -70
2015  77 13 30    5.40   -6.45    4.55  -582.6   -29.1   -40.3   6.06  358336.  4.14   204   -69
2015  77 13 35    4.03   -4.57    5.84  -586.2     7.1   -22.1   5.28  305195.  3.64   171   -70
2015  77 13 40    6.19   -6.34    4.27  -573.3   -22.8   -35.4   5.49  368212.  3.63   172   -69
2015  77 13 45    5.99   -5.15    5.84 99999.9 99999.9 99999.9 999.99 9999999. 99.99   168   -70
2015  77 13 50    6.86   -5.77    3.88 99999.9 99999.9 99999.9 999.99 9999999. 99.99   163   -69
2015  77 13 55    5.50   -7.43    1.76 99999.9 99999.9 99999.9 999.99 9999999. 99.99   143   -69
2015  77 14  0    5.67   -7.86   -0.78  -580.5   -29.4   -47.4   5.90  329806.  4.02   138   -68
2015  77 14  5    3.51   -8.08   -3.80  -594.9   -42.2   -54.7   7.65  331021.  5.50   218   -68
2015  77 14 10    3.37   -8.24   -4.47  -597.9   -32.1   -65.7   6.84  331358.  4.96   309   -66
2015  77 14 15   -1.05   -8.10   -6.39  -621.7   -38.3   -69.1   6.96  337536.  5.47   454   -66
2015  77 14 20   -0.72   -6.56   -7.20  -614.4   -17.9   -80.9   7.79  357972.  6.00   610   -68
2015  77 14 25    0.80   -7.22   -6.41  -614.2   -15.6   -81.6   8.13  350462.  6.26   764   -71
2015  77 14 30    0.29   -4.35   -9.21  -609.4   -16.8   -85.2   7.94  361314.  6.02   913   -75
2015  77 14 35    3.48   -6.49   -6.34  -599.6   -35.9   -77.0   7.26  370839.  5.34  1206   -76
2015  77 14 40    5.35   -8.26   -0.14  -578.9   -43.5   -51.1   6.12  350500.  4.16  1153   -78
2015  77 14 45    6.28   -6.73    3.07 99999.9 99999.9 99999.9 999.99 9999999. 99.99  1128   -80
2015  77 14 50    6.53   -7.14    1.83 99999.9 99999.9 99999.9 999.99 9999999. 99.99  1167   -82
2015  77 14 55    6.54   -6.91    4.36 99999.9 99999.9 99999.9 999.99 9999999. 99.99  1501   -83
2015  77 15  0    7.55   -5.39    3.45 99999.9 99999.9 99999.9 999.99 9999999. 99.99  1203   -81
2015  77 15  5    7.75   -5.06    2.90 99999.9 99999.9 99999.9 999.99 9999999. 99.99  1236   -75
2015  77 15 10    6.68   -5.10    4.05 99999.9 99999.9 99999.9 999.99 9999999. 99.99  1281   -71
2015  77 15 15    7.02   -6.19    1.81 99999.9 99999.9 99999.9 999.99 9999999. 99.99  1177   -66
2015  77 15 20    4.34   -6.15   -2.65  -600.3   -20.8   -54.1   6.53  350549.  4.76  1032   -65
2015  77 15 25    6.02   -5.78   -3.00  -580.4   -15.6   -55.5   6.88  320401.  4.68   815   -65
2015  77 15 30    3.93   -4.72   -3.46  -589.6    -1.2   -60.1   7.19  368536.  5.07   816   -63
2015  77 15 35    2.46    0.41   -2.24  -606.6    23.5   -55.1   6.82  452402.  5.08   958   -64
2015  77 15 40    2.83    4.59   -6.19  -603.2    39.0   -69.5   7.18  391629.  5.32   970   -63
2015  77 15 45    4.25    4.76   -4.38  -599.7    46.5   -69.1   8.04  392765.  5.90   998   -65
2015  77 15 50    5.70    2.52   -1.86  -588.9    31.4   -67.0   7.74  413424.  5.46  1020   -64
2015  77 15 55    7.07    0.42   -3.94  -582.6    21.0   -61.8   7.41  402970.  5.09  1012   -62
2015  77 16  0    7.86   -0.65   -1.22  -582.0    19.6   -66.3   7.25  361420.  4.99   976   -61
2015  77 16  5    7.82   -1.09   -0.11  -580.5    13.1   -56.4   7.02  400258.  4.78   771   -60
2015  77 16 10    7.38   -1.38    0.89  -588.6    14.0   -55.4   6.75  425754.  4.72   649   -58
2015  77 16 15    6.62   -2.10    2.23  -585.7     6.6   -46.1   6.22  389895.  4.29   631   -58
2015  77 16 20    5.17    2.02    4.04  -594.4    37.2   -28.4   5.80  373703.  4.12   595   -58
2015  77 16 25 9999.99 9999.99 9999.99 99999.9 99999.9 99999.9 999.99 9999999. 99.99   582   -57
2015  77 16 30 9999.99 9999.99 9999.99 99999.9 99999.9 99999.9 999.99 9999999. 99.99   499   -58
2015  77 16 35 9999.99 9999.99 9999.99 99999.9 99999.9 99999.9 999.99 9999999. 99.99   398   -56
2015  77 16 40 9999.99 9999.99 9999.99 99999.9 99999.9 99999.9 999.99 9999999. 99.99   448   -53
2015  77 16 45 9999.99 9999.99 9999.99 99999.9 99999.9 99999.9 999.99 9999999. 99.99   508   -53
2015  77 16 50 9999.99 9999.99 9999.99 99999.9 99999.9 99999.9 999.99 9999999. 99.99   529   -54
2015  77 16 55 9999.99 9999.99 9999.99 99999.9 99999.9 99999.9 999.99 9999999. 99.99   423   -55
2015  77 17  0 9999.99 9999.99 9999.99 99999.9 99999.9 99999.9 999.99 9999999. 99.99   384   -54
2015  77 17  5 9999.99 9999.99 9999.99 99999.9 99999.9 99999.9 999.99 9999999. 99.99   404   -53
2015  77 17 10 9999.99 9999.99 9999.99 99999.9 99999.9 99999.9 999.99 9999999. 99.99   418   -52
2015  77 17 15 9999.99 9999.99 9999.99 99999.9 99999.9 99999.9 999.99 9999999. 99.99   409   -54
2015  77 17 20 9999.99 9999.99 9999.99 99999.9 99999.9 99999.9 999.99 9999999. 99.99   374   -53
2015  77 17 25 9999.99 9999.99 9999.99 99999.9 99999.9 99999.9 999.99 9999999. 99.99   299   -54
2015  77 17 30 9999.99 9999.99 9999.99 99999.9 99999.9 99999.9 999.99 9999999. 99.99   264   -53
2015  77 17 35 9999.99 9999.99 9999.99 99999.9 99999.9 99999.9 999.99 9999999. 99.99   218   -51
2015  77 17 40 9999.99 9999.99 9999.99 99999.9 99999.9 99999.9 999.99 9999999. 99.99   285   -52
2015  77 17 45 9999.99 9999.99 9999.99 99999.9 99999.9 99999.9 999.99 9999999. 99.99   278   -54
2015  77 17 50 9999.99 9999.99 9999.99 99999.9 99999.9 99999.9 999.99 9999999. 99.99   308   -50
2015  77 17 55 9999.99 9999.99 9999.99 99999.9 99999.9 99999.9 999.99 9999999. 99.99   358   -49
2015  77 18  0 9999.99 9999.99 9999.99 99999.9 99999.9 99999.9 999.99 9999999. 99.99   540   -53
2015  77 18  5 9999.99 9999.99 9999.99 99999.9 99999.9 99999.9 999.99 9999999. 99.99   535   -60
2015  77 18 10 9999.99 9999.99 9999.99 99999.9 99999.9 99999.9 999.99 9999999. 99.99   469   -62
2015  77 18 15    4.38   -0.09   -3.01  -642.7    14.7   -45.0   3.32  206282.  2.75   432   -62
2015  77 18 20    3.24    1.63   -3.30  -648.4    30.2   -35.8   3.71  222545.  3.13   370   -62
2015  77 18 25    5.40   -1.96   -1.12  -628.8    -0.4   -17.0   2.88  207341.  2.28   297   -61
2015  77 18 30    4.76   -0.32   -1.34  -640.4    16.6   -27.3   3.17  204247.  2.62   309   -59
2015  77 18 35    2.13    2.70   -3.19  -658.5    47.6   -30.0   3.25  204410.  2.85   306   -59
2015  77 18 40    3.48   -0.24   -2.91  -659.2    20.3   -28.3   2.99  194704.  2.61   391   -58
2015  77 18 45    3.25    1.77   -2.70  -659.2    21.2   -33.3   3.31  231207.  2.91   370   -58
2015  77 18 50    2.10    3.23   -3.00  -667.5    49.6   -23.0   3.27  237429.  2.94   396   -59
2015  77 18 55    1.30    4.99   -2.37  -674.7    60.4   -29.6   3.20  191203.  2.94   387   -59
2015  77 19  0    4.14    2.21   -2.77  -654.9    44.2   -23.6   3.17  201637.  2.74   378   -59
2015  77 19  5    3.85    1.60   -3.91  -655.5    33.7   -32.8   3.31  211966.  2.86   388   -61
2015  77 19 10    4.57    2.32   -3.14  -644.9    45.1   -25.9   3.29  207704.  2.75   506   -61
2015  77 19 15    5.14    0.33   -2.33  -639.6    35.4   -22.3   3.30  207686.  2.71  1019   -64
2015  77 19 20    3.84    3.83   -0.68  -639.5    54.3    -9.6   3.43  213492.  2.83   744   -63
2015  77 19 25    3.31    2.81    3.23  -665.3    74.6    25.6   3.20  209178.  2.87   764   -64
2015  77 19 30    3.57   -1.79    1.64 99999.9 99999.9 99999.9 999.99 9999999. 99.99   913   -64
2015  77 19 35    4.21    3.35    1.69  -653.5    69.8    10.3   3.56  202967.  3.08   874   -66
2015  77 19 40    4.61    2.42    2.12  -649.6    61.5    15.1   3.09  206656.  2.63   819   -68
2015  77 19 45    5.56    0.90    0.45  -641.3    49.2     5.4   2.86  201963.  2.37   757   -69
2015  77 19 50    5.61   -0.15   -0.63  -637.5    33.8    -6.2   2.86  238806.  2.33   737   -69
2015  77 19 55    5.47   -0.17   -0.95  -638.6    23.4   -15.3   2.83  230391.  2.31   716   -69
2015  77 20  0 9999.99 9999.99 9999.99 99999.9 99999.9 99999.9 999.99 9999999. 99.99   628   -68
2015  77 20  5 9999.99 9999.99 9999.99 99999.9 99999.9 99999.9 999.99 9999999. 99.99   571   -69
2015  77 20 10 9999.99 9999.99 9999.99 99999.9 99999.9 99999.9 999.99 9999999. 99.99   616   -69
2015  77 20 15 9999.99 9999.99 9999.99 99999.9 99999.9 99999.9 999.99 9999999. 99.99   676   -66
2015  77 20 20 9999.99 9999.99 9999.99 99999.9 99999.9 99999.9 999.99 9999999. 99.99   657   -65
2015  77 20 25 9999.99 9999.99 9999.99 99999.9 99999.9 99999.9 999.99 9999999. 99.99   718   -65
2015  77 20 30 9999.99 9999.99 9999.99 99999.9 99999.9 99999.9 999.99 9999999. 99.99   629   -68
2015  77 20 35 9999.99 9999.99 9999.99 99999.9 99999.9 99999.9 999.99 9999999. 99.99   561   -69
2015  77 20 40 9999.99 9999.99 9999.99 99999.9 99999.9 99999.9 999.99 9999999. 99.99   501   -70
2015  77 20 45 9999.99 9999.99 9999.99 99999.9 99999.9 99999.9 999.99 9999999. 99.99   491   -70
2015  77 20 50 9999.99 9999.99 9999.99 99999.9 99999.9 99999.9 999.99 9999999. 99.99   511   -70
2015  77 20 55 9999.99 9999.99 9999.99 99999.9 99999.9 99999.9 999.99 9999999. 99.99   514   -69
2015  77 21  0 9999.99 9999.99 9999.99 99999.9 99999.9 99999.9 999.99 9999999. 99.99   594   -67
2015  77 21  5 9999.99 9999.99 9999.99 99999.9 99999.9 99999.9 999.99 9999999. 99.99   611   -67
2015  77 21 10 9999.99 9999.99 9999.99 99999.9 99999.9 99999.9 999.99 9999999. 99.99   607   -69
2015  77 21 15 9999.99 9999.99 9999.99 99999.9 99999.9 99999.9 999.99 9999999. 99.99   535   -70
2015  77 21 20 9999.99 9999.99 9999.99 99999.9 99999.9 99999.9 999.99 9999999. 99.99   418   -71
2015  77 21 25 9999.99 9999.99 9999.99 99999.9 99999.9 99999.9 999.99 9999999. 99.99   417   -69
2015  77 21 30 9999.99 9999.99 9999.99 99999.9 99999.9 99999.9 999.99 9999999. 99.99   469   -68
2015  77 21 35 9999.99 9999.99 9999.99 99999.9 99999.9 99999.9 999.99 9999999. 99.99   484   -69
2015  77 21 40 9999.99 9999.99 9999.99 99999.9 99999.9 99999.9 999.99 9999999. 99.99   542   -68
2015  77 21 45 9999.99 9999.99 9999.99 99999.9 99999.9 99999.9 999.99 9999999. 99.99   500   -67
2015  77 21 50 9999.99 9999.99 9999.99 99999.9 99999.9 99999.9 999.99 9999999. 99.99   418   -66
2015  77 21 55 9999.99 9999.99 9999.99 99999.9 99999.9 99999.9 999.99 9999999. 99.99   377   -65
2015  77 22  0 9999.99 9999.99 9999.99 99999.9 99999.9 99999.9 999.99 9999999. 99.99   387   -66
2015  77 22  5    3.13    1.05   -3.67  -646.3    21.9   -27.8   2.75  195779.  2.31   430   -65
2015  77 22 10    2.94   -2.33   -2.98  -649.8    -1.4   -29.4   2.83  179232.  2.40   447   -64
2015  77 22 15    1.76   -0.21   -4.74  -665.2    13.7   -39.0   3.01  197998.  2.68   422   -65
2015  77 22 20    1.10    1.79   -4.74  -676.0    24.4   -43.5   3.02  210922.  2.77   548   -67
2015  77 22 25    3.65   -1.07   -2.26  -657.1     8.3   -25.9   2.72  213161.  2.35   605   -66
2015  77 22 30    2.57   -2.35   -1.92  -644.2    10.0   -18.9   2.69  222200.  2.24   619   -68
2015  77 22 35    3.23   -3.33   -1.16 99999.9 99999.9 99999.9 999.99 9999999. 99.99   766   -70
2015  77 22 40    4.01   -2.95    0.97 99999.9 99999.9 99999.9 999.99 9999999. 99.99  1033   -73
2015  77 22 45    3.23   -1.77    0.25 99999.9 99999.9 99999.9 999.99 9999999. 99.99  1098   -71
2015  77 22 50    1.33   -1.12   -4.62  -666.8    -3.1   -35.7   2.78  190316.  2.48  1013   -70
2015  77 22 55    1.03   -0.89   -4.70  -663.6    -7.5   -32.0   2.81  190641.  2.48   939   -69
2015  77 23  0    0.01   -1.63   -4.27  -683.3    -8.7   -33.5   2.70  189308.  2.52   931   -68
2015  77 23  5    0.39   -1.26   -4.29  -675.3   -12.6   -31.1   2.70  202023.  2.47   892   -68
2015  77 23 10    1.32    0.15   -4.54  -671.6     8.2   -35.8   2.88  184225.  2.61   934   -67
2015  77 23 15    2.11   -0.87   -3.89  -659.9    -4.6   -30.3   2.78  195855.  2.43   828   -66
2015  77 23 20    0.71   -1.95   -3.51  -669.4   -14.5   -25.8   2.85  219847.  2.57   755   -67
2015  77 23 25   -0.40   -3.32   -3.09  -683.0   -28.8   -24.9   2.97  218464.  2.78   751   -67
2015  77 23 30    0.61   -1.98   -1.77  -688.7    -5.9   -26.1   2.76  234706.  2.62   754   -67
2015  77 23 35    0.98   -2.41   -2.26  -671.5   -20.5   -23.1   2.60  223030.  2.35   624   -67
2015  77 23 40   -0.40   -3.04   -1.25  -678.6    -9.8   -22.9   2.86  239290.  2.63   579   -68
2015  77 23 45    1.71   -2.78   -2.16  -662.3   -11.5   -23.6   2.76  209282.  2.42   571   -69
2015  77 23 50    3.42   -1.98   -1.34  -659.0   -13.0   -21.4   2.64  240710.  2.29   602   -70
2015  77 23 55    3.08   -2.13   -1.82  -654.1    -7.9   -21.2   2.73  243558.  2.34   718   -71
2015  78  0  0    2.67   -3.40   -0.74  -656.0   -11.6   -16.9   2.59  243463.  2.23   759   -72
2015  78  0  5    3.62   -2.12   -1.39  -654.1    -7.7   -20.8   3.01  230786.  2.58   636   -74
2015  78  0 10    3.57   -0.63   -2.39  -650.1    10.8   -23.3   3.21  243591.  2.72   538   -74
2015  78  0 15    2.80   -0.40   -3.21  -655.7     3.0   -28.7   3.21  232576.  2.77   553   -74
2015  78  0 20    3.11   -1.42   -3.15  -655.3     0.3   -28.6   3.21  211229.  2.76   566   -72
2015  78  0 25    3.19   -1.67   -0.70  -652.8     5.1   -30.4   3.22  239977.  2.76   674   -73
2015  78  0 30    1.84   -2.67    1.51 99999.9 99999.9 99999.9 999.99 9999999. 99.99   690   -75
2015  78  0 35    2.65   -0.96    1.78  -665.0    -7.7   -29.3   2.91  241224.  2.58   673   -76
2015  78  0 40    2.50   -2.03   -2.29  -657.2    -8.2   -23.9   2.91  232209.  2.52   617   -76
2015  78  0 45    2.57   -1.31   -1.88  -658.7    -5.0   -22.1   3.02  249683.  2.62   513   -75
2015  78  0 50    2.45   -2.98    2.24 99999.9 99999.9 99999.9 999.99 9999999. 99.99   417   -73
2015  78  0 55    2.15   -2.67    2.26  -673.9   -18.3   -21.4   2.99  228468.  2.72   398   -73
