|B| in magnetotail where x < -2.
FORMAT:
YEAR    DAY    HOUR    MIN    |B|
2022     72       3     35    ********
2022     72       3     40    125.9853
2022     72       3     45    126.3433
2022     72       3     50    126.2619
2022     72       3     55    125.9718
2022     72       4      0    126.3806
2022     72       4      5    125.6682
2022     72       4     10    126.2221
2022     72       4     15    126.4711
2022     72       4     20    127.1096
2022     72       4     25    127.5914
2022     72       4     30    126.7364
2022     72       4     35    126.2617
2022     72       4     40    126.4724
2022     72       4     45    126.3378
2022     72       4     50    126.2222
2022     72       4     55    126.5864
2022     72       5      0    126.0312
2022     72       5      5    126.0638
2022     72       5     10    126.3963
2022     72       5     15    126.4142
2022     72       5     20    126.3616
2022     72       5     25    126.7877
2022     72       5     30    126.5221
2022     72       5     35    126.9077
2022     72       5     40    126.9061
2022     72       5     45    126.7198
2022     72       5     50    127.3409
2022     72       5     55    126.8829
2022     72       6      0    127.1578
2022     72       6      5    127.5957
2022     72       6     10    128.1949
2022     72       6     15    128.0121
2022     72       6     20    127.0568
2022     72       6     25    128.1021
2022     72       6     30    128.6006
2022     72       6     35    127.9325
2022     72       6     40    128.4520
2022     72       6     45    128.9147
2022     72       6     50    128.4682
2022     72       6     55    129.7829
2022     72       7      0    129.1672
2022     72       7      5    128.9764
2022     72       7     10    128.7885
2022     72       7     15    128.4673
2022     72       7     20    129.4873
2022     72       7     25    129.8249
2022     72       7     30    130.0917
2022     72       7     35    130.3262
2022     72       7     40    130.3691
2022     72       7     45    129.6515
2022     72       7     50    128.4501
2022     72       7     55    129.5939
2022     72       8      0    128.7549
2022     72       8      5    129.3007
2022     72       8     10    129.3545
2022     72       8     15    129.9652
2022     72       8     20    130.0342
2022     72       8     25    130.0071
2022     72       8     30    130.0132
2022     72       8     35    129.8915
2022     72       8     40    130.2433
2022     72       8     45    130.2216
2022     72       8     50    129.7157
2022     72       8     55    130.9499
2022     72       9      0    130.8062
2022     72       9      5    130.9318
2022     72       9     10    132.8742
2022     72       9     15    132.2633
2022     72       9     20    132.4837
2022     72       9     25    132.1874
2022     72       9     30    132.0914
2022     72       9     35    132.1718
2022     72       9     40    130.7114
2022     72       9     45    132.2241
2022     72       9     50    131.6674
2022     72       9     55    132.2292
2022     72      10      0    132.9088
2022     72      10      5    133.2981
2022     72      10     10    131.9200
2022     72      10     15    132.5908
2022     72      10     20    133.2472
2022     72      10     25    133.2424
2022     72      10     30    145.0019
2022     72      10     35    141.5138
2022     72      10     40    135.6738
2022     72      10     45    150.6420
2022     72      10     50    138.8240
2022     72      10     55    139.6779
2022     72      11      0    131.9795
2022     72      11      5    138.4951
2022     72      11     10    148.2177
2022     72      11     15    156.1984
2022     72      11     20    158.0416
2022     72      11     25    155.9517
2022     72      11     30    153.2265
2022     72      11     35    158.7194
2022     72      11     40    151.7749
2022     72      11     45    153.7030
2022     72      11     50    150.0517
2022     72      11     55    162.8909
2022     72      12      0    164.8914
2022     72      12      5    167.5306
2022     72      12     10    170.0456
2022     72      12     15    170.9879
2022     72      12     20    173.5596
2022     72      12     25    175.3544
2022     72      12     30    178.0504
2022     72      12     35    177.7318
2022     72      12     40    178.7794
2022     72      12     45    180.9619
2022     72      12     50    179.2015
2022     72      12     55    180.5706
2022     72      13      0    181.5473
2022     72      13      5    181.5263
2022     72      13     10    181.9811
2022     72      13     15    182.6333
2022     72      13     20    182.5463
2022     72      13     25    179.3120
2022     72      13     30    175.5979
2022     72      13     35    175.1834
2022     72      13     40    174.8913
2022     72      13     45    174.8245
2022     72      13     50    180.0061
2022     72      13     55    181.2613
2022     72      14      0    183.7739
2022     72      14      5    184.4095
2022     72      14     10    184.7494
2022     72      14     15    183.0402
2022     72      14     20    180.2732
2022     72      14     25    177.9260
2022     72      14     30    178.5162
2022     72      14     35    174.2780
2022     72      14     40    170.1585
2022     72      14     45    165.6112
2022     72      14     50    164.4449
2022     72      14     55    164.1482
2022     72      15      0    167.7650
2022     72      15      5    167.8952
2022     72      15     10    167.8394
2022     72      15     15    166.0288
2022     72      15     20    163.7451
2022     72      15     25    161.9356
2022     72      15     30    163.0802
2022     72      15     35    162.3293
2022     72      15     40    163.2015
2022     72      15     45    162.9865
2022     72      15     50    161.9689
2022     72      15     55    160.9705
2022     72      16      0    161.0180
2022     72      16      5    161.0972
2022     72      16     10    168.9740
2022     72      16     15    168.7640
2022     72      16     20    169.9827
2022     72      16     25    165.7242
2022     72      16     30    168.9150
2022     72      16     35    163.8741
2022     72      16     40    168.2380
2022     72      16     45    171.6351
2022     72      16     50    167.6152
2022     72      16     55    173.6312
2022     72      17      0    174.6359
2022     72      17      5    180.0940
2022     72      17     10    177.9162
2022     72      17     15    178.2314
2022     72      17     20    179.6048
2022     72      17     25    181.7020
2022     72      17     30    180.4443
2022     72      17     35    181.0594
2022     72      17     40    183.3993
2022     72      17     45    183.3971
2022     72      17     50    181.5428
2022     72      17     55    181.2659
2022     72      18      0    179.2271
2022     72      18      5    177.7432
2022     72      18     10    176.6904
2022     72      18     15    175.4523
2022     72      18     20    171.8644
2022     72      18     25    170.7323
2022     72      18     30    166.9276
2022     72      18     35    164.4847
2022     72      18     40    163.2035
2022     72      18     45    162.8635
2022     72      18     50    159.9721
2022     72      18     55    159.6700
2022     72      19      0    158.5582
2022     72      19      5    158.3599
2022     72      19     10    156.7408
2022     72      19     15    155.8954
2022     72      19     20    156.2132
2022     72      19     25    155.1815
2022     72      19     30    156.4354
2022     72      19     35    153.4877
2022     72      19     40    153.5786
2022     72      19     45    153.7164
2022     72      19     50    158.8080
2022     72      19     55    163.1830
2022     72      20      0    168.0386
2022     72      20      5    163.3009
2022     72      20     10    163.7868
2022     72      20     15    165.7099
2022     72      20     20    163.8042
2022     72      20     25    163.7778
2022     72      20     30    163.3065
2022     72      20     35    163.5377
2022     72      20     40    164.4378
2022     72      20     45    167.7156
2022     72      20     50    169.8428
2022     72      20     55    169.2429
2022     72      21      0    167.7083
2022     72      21      5    164.3577
2022     72      21     10    159.8394
2022     72      21     15    158.6486
2022     72      21     20    157.0062
2022     72      21     25    160.0198
2022     72      21     30    158.3423
2022     72      21     35    157.3932
2022     72      21     40    155.2888
2022     72      21     45    164.4920
2022     72      21     50    164.8345
2022     72      21     55    165.5169
2022     72      22      0    165.6932
2022     72      22      5    168.4879
2022     72      22     10    172.2422
2022     72      22     15    176.7755
2022     72      22     20    177.4731
2022     72      22     25    177.7394
2022     72      22     30    180.2448
2022     72      22     35    176.5940
2022     72      22     40    168.8328
2022     72      22     45    165.4259
2022     72      22     50    168.0449
2022     72      22     55    169.1766
2022     72      23      0    168.1918
2022     72      23      5    172.4483
2022     72      23     10    172.2113
2022     72      23     15    175.0904
2022     72      23     20    176.9905
2022     72      23     25    175.7617
2022     72      23     30    175.4329
2022     72      23     35    165.7454
2022     72      23     40    162.5948
2022     72      23     45    160.6582
2022     72      23     50    157.8120
2022     72      23     55    155.4186
2022     73       0      0    153.7705
2022     73       0      5    152.6769
2022     73       0     10    151.5951
2022     73       0     15    150.7008
2022     73       0     20    150.2658
2022     73       0     25    149.5219
2022     73       0     30    148.2771
2022     73       0     35    147.0834
2022     73       0     40    147.6875
2022     73       0     45    147.2299
2022     73       0     50    146.6375
2022     73       0     55    145.9985
2022     73       1      0    148.6821
2022     73       1      5    146.8040
2022     73       1     10    146.6628
2022     73       1     15    146.2256
2022     73       1     20    144.3138
2022     73       1     25    144.0806
2022     73       1     30    143.7932
2022     73       1     35    143.5634
2022     73       1     40    144.7233
2022     73       1     45    145.0671
2022     73       1     50    144.2419
2022     73       1     55    145.3610
2022     73       2      0    145.0518
2022     73       2      5    144.5357
2022     73       2     10    144.2785
2022     73       2     15    144.0825
2022     73       2     20    144.4980
2022     73       2     25    144.1720
2022     73       2     30    144.9127
2022     73       2     35    142.5632
2022     73       2     40    141.0524
2022     73       2     45    140.9302
2022     73       2     50    141.4923
2022     73       2     55    142.3164
2022     73       3      0    142.0309
2022     73       3      5    142.2792
2022     73       3     10    142.6666
2022     73       3     15    142.4349
2022     73       3     20    142.5641
2022     73       3     25    141.4692
2022     73       3     30    141.2676
2022     73       3     35    141.2219
2022     73       3     40    141.1557
2022     73       3     45    141.2506
2022     73       3     50    142.4262
2022     73       3     55    142.1770
2022     73       4      0    142.9281
2022     73       4      5    142.0715
2022     73       4     10    142.0414
2022     73       4     15    143.3333
2022     73       4     20    143.3043
2022     73       4     25    143.0521
2022     73       4     30    143.0773
2022     73       4     35    141.4341
2022     73       4     40    141.8863
2022     73       4     45    140.6336
2022     73       4     50    141.0160
2022     73       4     55    140.8828
2022     73       5      0    141.6248
2022     73       5      5    142.5318
2022     73       5     10    142.1146
2022     73       5     15    141.3036
2022     73       5     20    141.2607
2022     73       5     25    140.9324
2022     73       5     30    140.5515
2022     73       5     35    140.7080
2022     73       5     40    140.9652
2022     73       5     45    141.2275
2022     73       5     50    140.7262
2022     73       5     55    141.0459
2022     73       6      0    141.6727
2022     73       6      5    141.7826
2022     73       6     10    141.3978
2022     73       6     15    140.9350
2022     73       6     20    142.0764
2022     73       6     25    142.2994
2022     73       6     30    141.8684
2022     73       6     35    141.3748
2022     73       6     40    142.1356
2022     73       6     45    142.6338
2022     73       6     50    140.6851
2022     73       6     55    142.5720
2022     73       7      0    143.0196
2022     73       7      5    144.0515
2022     73       7     10    145.6905
2022     73       7     15    146.2507
2022     73       7     20    147.0007
2022     73       7     25    146.8494
2022     73       7     30    147.2591
2022     73       7     35    146.6284
2022     73       7     40    147.9726
2022     73       7     45    148.9494
2022     73       7     50    148.7298
2022     73       7     55    148.5494
2022     73       8      0    150.4578
2022     73       8      5    150.9275
2022     73       8     10    153.7503
2022     73       8     15    154.7494
2022     73       8     20    154.0671
2022     73       8     25    153.9473
2022     73       8     30    153.8507
2022     73       8     35    152.7034
2022     73       8     40    152.0997
2022     73       8     45    150.5998
2022     73       8     50    150.6443
2022     73       8     55    151.4747
2022     73       9      0    152.2919
2022     73       9      5    154.1372
2022     73       9     10    154.6090
2022     73       9     15    154.4298
2022     73       9     20    153.4498
2022     73       9     25    153.4953
2022     73       9     30    154.8653
2022     73       9     35    153.5084
2022     73       9     40    153.5091
2022     73       9     45    154.3263
2022     73       9     50    154.8626
2022     73       9     55    153.8197
2022     73      10      0    153.7859
2022     73      10      5    152.9762
2022     73      10     10    151.7689
2022     73      10     15    151.9614
2022     73      10     20    151.7499
2022     73      10     25    149.8539
2022     73      10     30    147.0207
2022     73      10     35    147.0367
2022     73      10     40    146.8729
2022     73      10     45    147.2203
2022     73      10     50    149.1924
2022     73      10     55    148.3570
2022     73      11      0    146.6003
2022     73      11      5    145.4439
2022     73      11     10    146.2760
2022     73      11     15    145.0661
2022     73      11     20    145.3509
2022     73      11     25    144.1102
2022     73      11     30    145.9720
2022     73      11     35    147.2702
2022     73      11     40    147.1142
2022     73      11     45    146.5202
2022     73      11     50    146.8954
2022     73      11     55    145.0425
2022     73      12      0    145.0247
2022     73      12      5    145.5124
2022     73      12     10    145.9381
2022     73      12     15    146.0967
2022     73      12     20    145.9432
2022     73      12     25    145.6452
2022     73      12     30    145.7330
2022     73      12     35    148.0459
2022     73      12     40    147.9152
2022     73      12     45    148.6002
2022     73      12     50    148.8792
2022     73      12     55    149.0900
2022     73      13      0    149.0728
2022     73      13      5    149.1336
2022     73      13     10    148.0518
2022     73      13     15    149.8312
2022     73      13     20    149.8565
2022     73      13     25    149.8154
2022     73      13     30    149.5729
2022     73      13     35    149.3139
2022     73      13     40    149.4667
2022     73      13     45    149.7953
2022     73      13     50    149.4976
2022     73      13     55    148.7242
2022     73      14      0    149.3522
2022     73      14      5    150.2854
2022     73      14     10    149.7649
2022     73      14     15    149.7497
2022     73      14     20    149.7087
2022     73      14     25    147.1473
2022     73      14     30    147.0625
2022     73      14     35    147.8251
2022     73      14     40    147.1390
2022     73      14     45    147.6161
2022     73      14     50    147.2754
2022     73      14     55    145.0064
2022     73      15      0    144.7285
2022     73      15      5    145.1498
2022     73      15     10    145.5959
2022     73      15     15    145.1817
2022     73      15     20    144.9691
2022     73      15     25    144.6412
2022     73      15     30    144.2643
2022     73      15     35    144.0716
2022     73      15     40    143.2920
2022     73      15     45    142.6016
2022     73      15     50    144.1103
2022     73      15     55    145.5097
2022     73      16      0    143.9459
2022     73      16      5    143.4670
2022     73      16     10    144.5211
2022     73      16     15    145.4637
2022     73      16     20    145.6850
2022     73      16     25    146.8765
2022     73      16     30    147.7974
2022     73      16     35    147.1346
2022     73      16     40    148.0285
2022     73      16     45    146.3163
2022     73      16     50    147.3201
2022     73      16     55    145.5311
2022     73      17      0    144.5937
2022     73      17      5    141.8955
2022     73      17     10    142.7430
2022     73      17     15    143.8232
2022     73      17     20    142.7954
2022     73      17     25    142.8515
2022     73      17     30    143.0180
2022     73      17     35    143.1514
2022     73      17     40    143.0857
2022     73      17     45    144.4251
2022     73      17     50    144.1291
2022     73      17     55    145.0945
2022     73      18      0    145.1693
2022     73      18      5    144.9052
2022     73      18     10    144.2026
2022     73      18     15    143.4773
2022     73      18     20    142.4662
2022     73      18     25    142.0909
2022     73      18     30    141.8260
2022     73      18     35    141.6648
2022     73      18     40    142.5369
2022     73      18     45    143.7734
2022     73      18     50    145.5123
2022     73      18     55    146.5103
2022     73      19      0    146.3685
2022     73      19      5    146.3389
2022     73      19     10    147.2025
2022     73      19     15    144.1302
2022     73      19     20    143.8440
2022     73      19     25    143.2822
2022     73      19     30    142.7000
2022     73      19     35    142.1986
2022     73      19     40    141.9810
2022     73      19     45    141.8086
2022     73      19     50    141.7570
2022     73      19     55    141.7277
2022     73      20      0    141.7448
2022     73      20      5    142.1235
2022     73      20     10    142.4712
2022     73      20     15    142.3824
2022     73      20     20    142.2966
2022     73      20     25    142.2818
2022     73      20     30    142.8036
2022     73      20     35    143.2630
2022     73      20     40    142.2045
2022     73      20     45    142.6207
2022     73      20     50    140.8500
2022     73      20     55    142.8192
2022     73      21      0    140.0458
2022     73      21      5    137.8210
2022     73      21     10    140.0497
2022     73      21     15    135.7875
2022     73      21     20    135.1069
2022     73      21     25    134.4113
2022     73      21     30    133.8561
2022     73      21     35    134.0070
2022     73      21     40    134.2928
2022     73      21     45    134.3452
2022     73      21     50    134.5521
2022     73      21     55    134.4926
2022     73      22      0    134.1902
2022     73      22      5    133.8635
2022     73      22     10    134.0365
2022     73      22     15    133.5460
2022     73      22     20    133.4941
2022     73      22     25    133.3543
2022     73      22     30    133.0102
2022     73      22     35    132.5899
2022     73      22     40    132.5553
2022     73      22     45    132.3203
2022     73      22     50    132.4630
2022     73      22     55    132.4861
2022     73      23      0    132.7729
2022     73      23      5    132.8079
2022     73      23     10    132.3448
2022     73      23     15    131.8643
2022     73      23     20    131.6319
2022     73      23     25    131.3743
2022     73      23     30    131.3123
2022     73      23     35    130.8495
2022     73      23     40    130.8557
2022     73      23     45    130.9865
2022     73      23     50    130.8119
2022     73      23     55    130.6814
2022     74       0      0    130.5744
2022     74       0      5    130.4679
2022     74       0     10    130.3422
2022     74       0     15    130.2358
2022     74       0     20    130.1838
2022     74       0     25    129.9931
2022     74       0     30    130.0394
2022     74       0     35    129.5698
2022     74       0     40    129.1768
2022     74       0     45    129.9625
2022     74       0     50    129.4458
2022     74       0     55    134.3960
2022     74       1      0    134.9491
2022     74       1      5    134.9653
2022     74       1     10    135.6444
2022     74       1     15    136.5441
2022     74       1     20    138.4584
2022     74       1     25    134.5492
2022     74       1     30    134.8190
2022     74       1     35    137.1928
2022     74       1     40    136.9297
2022     74       1     45    137.1513
2022     74       1     50    136.9685
2022     74       1     55    137.3864
2022     74       2      0    137.7091
2022     74       2      5    137.9829
2022     74       2     10    137.7937
2022     74       2     15    138.4681
2022     74       2     20    139.1380
2022     74       2     25    138.3896
2022     74       2     30    138.1337
2022     74       2     35    137.7931
2022     74       2     40    138.2768
2022     74       2     45    138.3766
2022     74       2     50    137.9361
2022     74       2     55    137.5601
2022     74       3      0    134.2328
2022     74       3      5    132.1228
2022     74       3     10    133.4019
2022     74       3     15    135.8155
2022     74       3     20    137.9466
2022     74       3     25    137.8245
2022     74       3     30    136.8878
2022     74       3     35    136.9450
2022     74       3     40    137.0212
2022     74       3     45    137.2175
2022     74       3     50    136.5818
2022     74       3     55    135.4052
2022     74       4      0    133.7879
2022     74       4      5    133.2477
2022     74       4     10    133.7334
2022     74       4     15    134.0777
2022     74       4     20    133.5708
2022     74       4     25    132.9900
2022     74       4     30    132.3270
2022     74       4     35    133.0767
2022     74       4     40    133.1575
2022     74       4     45    133.3614
2022     74       4     50    132.9384
2022     74       4     55    133.4112
2022     74       5      0    131.1053
2022     74       5      5    129.0395
2022     74       5     10    129.6899
2022     74       5     15    130.2175
2022     74       5     20    130.2782
2022     74       5     25    130.5506
2022     74       5     30    129.1818
2022     74       5     35    128.4790
2022     74       5     40    128.3927
2022     74       5     45    128.8083
2022     74       5     50    129.2037
2022     74       5     55    128.2145
2022     74       6      0    127.9692
2022     74       6      5    128.2862
2022     74       6     10    127.5673
2022     74       6     15    127.3518
2022     74       6     20    127.5452
2022     74       6     25    129.3091
2022     74       6     30    129.5958
2022     74       6     35    129.7672
2022     74       6     40    132.5942
2022     74       6     45    132.3506
2022     74       6     50    132.4276
2022     74       6     55    131.6060
2022     74       7      0    133.0328
2022     74       7      5    133.1304
2022     74       7     10    131.8411
2022     74       7     15    132.1677
2022     74       7     20    131.3385
2022     74       7     25    132.0671
2022     74       7     30    132.2372
2022     74       7     35    131.3147
2022     74       7     40    131.5446
2022     74       7     45    132.2113
2022     74       7     50    132.3555
2022     74       7     55    133.6617
2022     74       8      0    134.0672
2022     74       8      5    134.1332
2022     74       8     10    133.4283
2022     74       8     15    133.9422
2022     74       8     20    134.4223
2022     74       8     25    134.5122
2022     74       8     30    134.4997
2022     74       8     35    134.2064
2022     74       8     40    134.0468
2022     74       8     45    133.2930
2022     74       8     50    133.5225
2022     74       8     55    133.4131
2022     74       9      0    133.3682
2022     74       9      5    133.2890
2022     74       9     10    133.7192
2022     74       9     15    133.5030
2022     74       9     20    133.4723
2022     74       9     25    132.9983
2022     74       9     30    133.3177
2022     74       9     35    133.2381
2022     74       9     40    132.9838
2022     74       9     45    133.2070
2022     74       9     50    133.2993
2022     74       9     55    133.3371
2022     74      10      0    133.3764
2022     74      10      5    134.1671
2022     74      10     10    134.1670
2022     74      10     15    134.0508
2022     74      10     20    134.7105
2022     74      10     25    134.9011
2022     74      10     30    134.8015
2022     74      10     35    134.6008
2022     74      10     40    134.5434
2022     74      10     45    134.1832
2022     74      10     50    136.9194
2022     74      10     55    135.3704
2022     74      11      0    135.7082
2022     74      11      5    135.8871
2022     74      11     10    136.2160
2022     74      11     15    135.6272
2022     74      11     20    136.7536
2022     74      11     25    137.9118
2022     74      11     30    137.7412
2022     74      11     35    137.5215
2022     74      11     40    137.2400
2022     74      11     45    137.6496
2022     74      11     50    138.1421
2022     74      11     55    138.6623
2022     74      12      0    138.8714
2022     74      12      5    139.2723
2022     74      12     10    140.3198
2022     74      12     15    141.9133
2022     74      12     20    142.8906
2022     74      12     25    142.5781
2022     74      12     30    142.6408
2022     74      12     35    142.6893
2022     74      12     40    142.1563
2022     74      12     45    141.9998
2022     74      12     50    142.2662
2022     74      12     55    142.4432
2022     74      13      0    143.2217
2022     74      13      5    142.0322
2022     74      13     10    140.5378
2022     74      13     15    140.3165
2022     74      13     20    140.1766
2022     74      13     25    139.9463
2022     74      13     30    139.7055
2022     74      13     35    139.2363
2022     74      13     40    139.2939
2022     74      13     45    139.2443
2022     74      13     50    139.2032
2022     74      13     55    139.6201
2022     74      14      0    138.7296
2022     74      14      5    139.7397
2022     74      14     10    139.5995
2022     74      14     15    140.7389
2022     74      14     20    140.8238
2022     74      14     25    141.3077
2022     74      14     30    141.1585
2022     74      14     35    140.8806
2022     74      14     40    140.7607
2022     74      14     45    141.7032
2022     74      14     50    141.4875
2022     74      14     55    141.4315
2022     74      15      0    141.1668
2022     74      15      5    141.3787
2022     74      15     10    142.0665
2022     74      15     15    141.8557
2022     74      15     20    141.6565
2022     74      15     25    141.4166
2022     74      15     30    141.1869
2022     74      15     35    141.2338
2022     74      15     40    141.1437
2022     74      15     45    141.0015
2022     74      15     50    141.0093
2022     74      15     55    141.2621
2022     74      16      0    141.4017
2022     74      16      5    141.4648
2022     74      16     10    141.3656
2022     74      16     15    140.9341
2022     74      16     20    141.1173
2022     74      16     25    140.9467
2022     74      16     30    141.4203
2022     74      16     35    141.5115
2022     74      16     40    140.9836
2022     74      16     45    141.1537
2022     74      16     50    140.6666
2022     74      16     55    139.6894
2022     74      17      0    140.7267
2022     74      17      5    140.1115
2022     74      17     10    139.6670
2022     74      17     15    139.4301
2022     74      17     20    141.1734
2022     74      17     25    140.8828
2022     74      17     30    140.9882
2022     74      17     35    140.2867
2022     74      17     40    140.1780
2022     74      17     45    140.2970
2022     74      17     50    140.1463
2022     74      17     55    140.3938
2022     74      18      0    140.1194
2022     74      18      5    140.0567
2022     74      18     10    139.7089
2022     74      18     15    139.1390
2022     74      18     20    139.8667
2022     74      18     25    139.4696
2022     74      18     30    139.4120
2022     74      18     35    139.3223
2022     74      18     40    139.4781
2022     74      18     45    139.5501
2022     74      18     50    139.3241
2022     74      18     55    140.1143
2022     74      19      0    140.1684
2022     74      19      5    139.9812
2022     74      19     10    139.9220
2022     74      19     15    140.1008
2022     74      19     20    139.4081
2022     74      19     25    139.1349
2022     74      19     30    138.5653
2022     74      19     35    137.8252
2022     74      19     40    139.6068
2022     74      19     45    139.9112
2022     74      19     50    139.3168
2022     74      19     55    137.9870
2022     74      20      0    138.4543
2022     74      20      5    137.7132
2022     74      20     10    137.2496
2022     74      20     15    137.3153
2022     74      20     20    137.2238
2022     74      20     25    136.6826
2022     74      20     30    136.5238
2022     74      20     35    136.8243
2022     74      20     40    138.2643
2022     74      20     45    138.5256
2022     74      20     50    138.3096
2022     74      20     55    137.8207
2022     74      21      0    137.5615
2022     74      21      5    137.1229
2022     74      21     10    137.3678
2022     74      21     15    136.8310
2022     74      21     20    137.1726
2022     74      21     25    136.6216
2022     74      21     30    136.8947
2022     74      21     35    137.3694
2022     74      21     40    136.7685
2022     74      21     45    136.7268
2022     74      21     50    136.6640
2022     74      21     55    136.5258
2022     74      22      0    136.5082
2022     74      22      5    135.8927
2022     74      22     10    135.8857
2022     74      22     15    136.1033
2022     74      22     20    136.4526
2022     74      22     25    136.7035
2022     74      22     30    136.9526
2022     74      22     35    136.9553
2022     74      22     40    136.9072
2022     74      22     45    136.6275
2022     74      22     50    136.0776
2022     74      22     55    135.4167
2022     74      23      0    134.5095
2022     74      23      5    133.5993
2022     74      23     10    133.8292
2022     74      23     15    133.5138
2022     74      23     20    133.1227
2022     74      23     25    133.2059
2022     74      23     30    132.3705
2022     74      23     35    132.4260
2022     74      23     40    132.2866
