X-point locations.
FORMAT:
YEAR    DAY    HOUR    MIN    RATE    DISTANCE
2024    284       9     35        nan     nan   
2024    284       9     40        nan     nan   
2024    284       9     45        nan     nan   
2024    284       9     50        nan     nan   
2024    284       9     55        nan     nan   
2024    284      10      0        nan     nan   
2024    284      10      5        nan     nan   
2024    284      10     10        nan     nan   
2024    284      10     15        nan     nan   
2024    284      10     20        nan     nan   
2024    284      10     25        nan     nan   
2024    284      10     30        nan     nan   
2024    284      10     35        nan     nan   
2024    284      10     40        nan     nan   
2024    284      10     45        nan     nan   
2024    284      10     50        nan     nan   
2024    284      10     55        nan     nan   
2024    284      11      0        nan     nan   
2024    284      11      5        nan     nan   
2024    284      11     10        nan     nan   
2024    284      11     15        nan     nan   
2024    284      11     20        nan     nan   
2024    284      11     25        nan     nan   
2024    284      11     30        nan     nan   
2024    284      11     35        nan     nan   
2024    284      11     40        nan     nan   
2024    284      11     45        nan     nan   
2024    284      11     50        nan     nan   
2024    284      11     55        nan     nan   
2024    284      12      0        nan     nan   
2024    284      12      5        nan     nan   
2024    284      12     10        nan     nan   
2024    284      12     15        nan     nan   
2024    284      12     20        nan     nan   
2024    284      12     25        nan     nan   
2024    284      12     30        nan     nan   
2024    284      12     35        nan     nan   
2024    284      12     40        nan     nan   
2024    284      12     45        nan     nan   
2024    284      12     50        nan     nan   
2024    284      12     55        nan     nan   
2024    284      13      0        nan     nan   
2024    284      13      5        nan     nan   
2024    284      13     10        nan     nan   
2024    284      13     15        nan     nan   
2024    284      13     20        nan     nan   
2024    284      13     25        nan     nan   
2024    284      13     30        nan     nan   
2024    284      13     35        nan     nan   
2024    284      13     40        nan     nan   
2024    284      13     45        nan     nan   
2024    284      13     50        nan     nan   
2024    284      13     55        nan     nan   
2024    284      14      0        nan     nan   
2024    284      14      5        nan     nan   
2024    284      14     10        nan     nan   
2024    284      14     15        nan     nan   
2024    284      14     20        nan     nan   
2024    284      14     25        nan     nan   
2024    284      14     30        nan     nan   
2024    284      14     35        nan     nan   
2024    284      14     40        nan     nan   
2024    284      14     45        nan     nan   
2024    284      14     50        nan     nan   
2024    284      14     55        nan     nan   
2024    284      15      0        nan     nan   
2024    284      15      5        nan     nan   
2024    284      15     10        nan     nan   
2024    284      15     15        nan     nan   
2024    284      15     20        nan     nan   
2024    284      15     25        1.22     9.587
2024    284      15     30        1.82     8.853
2024    284      15     35        4.01     8.608
2024    284      15     40        2.39     8.281
2024    284      15     45        1.31     8.122
2024    284      15     50        4.58     7.960
2024    284      15     55        1.80     7.968
2024    284      16      0        2.75     7.974
2024    284      16      5        4.11     7.887
2024    284      16     10        8.75     6.080
2024    284      16     15        1.50     6.002
2024    284      16     20       15.41     5.769
2024    284      16     25       17.86     5.765
2024    284      16     30       29.78     5.482
2024    284      16     35       54.27     5.201
2024    284      16     40      107.47     5.003
2024    284      16     45       34.49     4.963
2024    284      16     50       54.64     4.973
2024    284      16     55      123.24     4.928
2024    284      17      0      444.20     5.006
2024    284      17      5       68.21     5.124
2024    284      17     10       47.25     5.244
2024    284      17     15       24.84     5.402
2024    284      17     20       31.41     5.567
2024    284      17     25        7.44     5.644
2024    284      17     30        4.53     5.761
2024    284      17     35       51.59     5.842
2024    284      17     40       27.28     5.642
2024    284      17     45       39.80     5.522
2024    284      17     50       41.50     5.364
2024    284      17     55      143.08     5.202
2024    284      18      0       87.04     5.043
2024    284      18      5       43.09     4.963
2024    284      18     10      157.67     4.881
2024    284      18     15       76.88     4.840
2024    284      18     20       85.65     4.801
2024    284      18     25       43.13     4.768
2024    284      18     30        5.77     4.724
2024    284      18     35       37.64     4.644
2024    284      18     40      100.16     4.646
2024    284      18     45      123.24     4.684
2024    284      18     50      221.17     4.684
2024    284      18     55      181.03     4.680
2024    284      19      0       83.35     4.683
2024    284      19      5       57.44     4.724
2024    284      19     10       48.52     4.801
2024    284      19     15       62.88     4.800
2024    284      19     20      205.48     4.720
2024    284      19     25      137.77     4.720
2024    284      19     30      165.89     4.761
2024    284      19     35      165.01     4.724
2024    284      19     40      131.80     4.722
2024    284      19     45      143.57     4.640
2024    284      19     50      105.82     4.600
2024    284      19     55       22.95     4.563
2024    284      20      0       91.01     4.566
2024    284      20      5       97.94     4.561
2024    284      20     10      121.74     4.562
2024    284      20     15       89.68     4.489
2024    284      20     20       61.64     4.462
2024    284      20     25       21.90     4.458
2024    284      20     30       55.00     4.447
2024    284      20     35       67.87     4.409
2024    284      20     40       83.41     4.369
2024    284      20     45       65.96     4.369
2024    284      20     50       35.78     4.375
2024    284      20     55       45.43     4.372
2024    284      21      0       41.16     4.375
2024    284      21      5       63.53     4.329
2024    284      21     10       41.25     4.367
2024    284      21     15       11.71     4.415
2024    284      21     20       87.42     4.415
2024    284      21     25       36.01     4.458
2024    284      21     30       85.28     4.466
2024    284      21     35       60.38     4.475
2024    284      21     40       95.76     4.446
2024    284      21     45       63.08     4.413
2024    284      21     50       95.23     4.401
2024    284      21     55       73.14     4.378
2024    284      22      0      138.44     4.372
2024    284      22      5      228.09     4.415
2024    284      22     10       78.53     4.365
2024    284      22     15       93.31     4.363
2024    284      22     20       25.70     4.320
2024    284      22     25      116.35     4.321
2024    284      22     30      136.89     4.360
2024    284      22     35       45.47     4.289
2024    284      22     40       93.99     4.282
2024    284      22     45       38.92     4.407
2024    284      22     50       70.01     4.380
2024    284      22     55       53.54     4.308
2024    284      23      0       45.99     4.237
2024    284      23      5       21.02     4.136
2024    284      23     10       21.98     4.090
2024    284      23     15       23.83     4.057
2024    284      23     20        9.53     4.027
2024    284      23     25       22.37     4.007
2024    284      23     30        4.36     4.046
2024    284      23     35       15.80     4.096
2024    284      23     40       26.80     4.114
2024    284      23     45       20.80     4.153
2024    284      23     50       54.88     4.096
2024    284      23     55       52.94     4.118
2024    285       0      0       14.05     4.135
2024    285       0      5       16.13     4.096
2024    285       0     10       70.03     4.066
2024    285       0     15       82.01     4.066
2024    285       0     20       67.36     4.057
2024    285       0     25       67.66     4.007
2024    285       0     30       52.49     4.017
2024    285       0     35       51.82     4.007
2024    285       0     40       74.30     3.958
2024    285       0     45       76.37     3.931
2024    285       0     50       70.52     3.922
2024    285       0     55      130.77     3.883
2024    285       1      0       41.10     3.910
2024    285       1      5       88.08     3.901
2024    285       1     10      122.92     3.892
2024    285       1     15       95.23     3.901
2024    285       1     20       79.64     3.892
2024    285       1     25      112.95     3.901
2024    285       1     30      114.74     3.910
2024    285       1     35       82.93     3.912
2024    285       1     40       93.51     3.891
2024    285       1     45       48.77     3.929
2024    285       1     50      153.59     3.901
2024    285       1     55      115.95     3.901
2024    285       2      0       87.86     3.962
2024    285       2      5       77.93     3.962
2024    285       2     10       26.71     4.023
2024    285       2     15      102.59     3.998
2024    285       2     20       35.47     4.074
2024    285       2     25       58.63     4.124
2024    285       2     30       73.67     4.162
2024    285       2     35      118.99     4.162
2024    285       2     40       70.67     4.200
2024    285       2     45      106.23     4.176
2024    285       2     50       94.99     4.214
2024    285       2     55      103.51     4.188
2024    285       3      0      108.88     4.200
2024    285       3      5       11.25     4.212
2024    285       3     10      114.29     4.187
2024    285       3     15       57.73     4.238
2024    285       3     20       95.91     4.225
2024    285       3     25       40.21     4.242
2024    285       3     30      123.67     4.242
2024    285       3     35      125.75     4.214
2024    285       3     40       62.11     4.226
2024    285       3     45       19.76     4.270
2024    285       3     50       94.41     4.200
2024    285       3     55       75.66     4.264
2024    285       4      0       99.79     4.250
2024    285       4      5       22.69     4.276
2024    285       4     10       91.64     4.238
2024    285       4     15       33.78     4.276
2024    285       4     20       55.44     4.251
2024    285       4     25       12.77     4.293
2024    285       4     30       58.90     4.256
2024    285       4     35       34.73     4.331
2024    285       4     40       51.95     4.317
2024    285       4     45       31.76     4.354
2024    285       4     50       54.17     4.354
2024    285       4     55       42.58     4.378
2024    285       5      0       47.99     4.391
2024    285       5      5       24.05     4.391
2024    285       5     10       14.62     4.405
2024    285       5     15       31.52     4.429
2024    285       5     20       52.76     4.378
2024    285       5     25       16.85     4.465
2024    285       5     30       52.94     4.453
2024    285       5     35       23.97     4.453
2024    285       5     40       50.00     4.440
2024    285       5     45       44.68     4.440
2024    285       5     50       47.98     4.415
2024    285       5     55       26.13     4.415
2024    285       6      0       26.36     4.378
2024    285       6      5       31.38     4.317
2024    285       6     10       26.57     4.314
2024    285       6     15       28.72     4.279
2024    285       6     20        9.20     4.317
2024    285       6     25       24.68     4.279
2024    285       6     30       10.76     4.317
2024    285       6     35       20.19     4.339
2024    285       6     40       18.69     4.339
2024    285       6     45       21.75     4.314
2024    285       6     50       17.41     4.317
2024    285       6     55       13.65     4.308
2024    285       7      0       14.43     4.331
2024    285       7      5       11.70     4.345
2024    285       7     10       20.63     4.339
2024    285       7     15       24.72     4.288
2024    285       7     20        5.57     4.330
2024    285       7     25       20.56     4.353
2024    285       7     30       28.65     4.357
2024    285       7     35       27.84     4.391
2024    285       7     40       20.67     4.407
2024    285       7     45        7.22     4.484
2024    285       7     50        4.37     4.529
2024    285       7     55       29.20     4.522
2024    285       8      0       18.95     4.503
2024    285       8      5       28.05     4.516
2024    285       8     10        5.51     4.567
2024    285       8     15       39.03     4.522
2024    285       8     20       19.02     4.589
2024    285       8     25        5.72     4.589
2024    285       8     30       20.46     4.571
2024    285       8     35        6.90     4.571
2024    285       8     40       31.01     4.571
2024    285       8     45       20.08     4.582
2024    285       8     50       35.68     4.544
2024    285       8     55        1.91     4.582
2024    285       9      0        6.83     4.561
2024    285       9      5       17.38     4.506
2024    285       9     10       31.88     4.479
2024    285       9     15       16.70     4.453
2024    285       9     20       16.56     4.491
2024    285       9     25       27.37     4.453
2024    285       9     30       22.46     4.478
2024    285       9     35       28.92     4.478
2024    285       9     40       17.75     4.453
2024    285       9     45       39.48     4.473
2024    285       9     50       34.39     4.551
2024    285       9     55       12.54     4.637
2024    285      10      0       96.93     4.684
2024    285      10      5       55.07     4.824
2024    285      10     10      135.08     4.780
2024    285      10     15      117.60     4.943
2024    285      10     20       26.14     5.107
2024    285      10     25      166.32     5.103
2024    285      10     30      105.33     5.310
2024    285      10     35       60.23     5.473
2024    285      10     40       58.91     5.509
2024    285      10     45       20.00     5.672
2024    285      10     50        5.88     5.737
2024    285      10     55       10.79     5.694
2024    285      11      0        4.68     5.734
2024    285      11      5        1.20     5.854
2024    285      11     10        2.83     5.771
2024    285      11     15        0.62     5.891
2024    285      11     20        1.44     5.889
2024    285      11     25        0.90     5.936
2024    285      11     30        0.52     6.019
2024    285      11     35        0.28     6.059
2024    285      11     40        0.35     6.062
2024    285      11     45        nan     nan   
2024    285      11     50        nan     nan   
2024    285      11     55        nan     nan   
2024    285      12      0        nan     nan   
2024    285      12      5        nan     nan   
2024    285      12     10        nan     nan   
2024    285      12     15        nan     nan   
2024    285      12     20        nan     nan   
2024    285      12     25        nan     nan   
2024    285      12     30        nan     nan   
2024    285      12     35        nan     nan   
2024    285      12     40        0.04     6.245
2024    285      12     45        0.12     6.206
2024    285      12     50        0.17     6.083
2024    285      12     55        0.41     6.043
2024    285      13      0        0.30     5.921
2024    285      13      5        0.60     5.885
2024    285      13     10        0.53     5.965
2024    285      13     15        0.46     6.003
2024    285      13     20        0.59     6.002
2024    285      13     25        0.46     5.963
2024    285      13     30        0.62     5.965
2024    285      13     35        0.56     5.923
2024    285      13     40        0.56     5.925
2024    285      13     45        0.63     5.963
2024    285      13     50        0.66     5.962
2024    285      13     55        0.45     6.042
2024    285      14      0        0.41     6.281
2024    285      14      5        0.20     6.483
2024    285      14     10        nan     nan   
2024    285      14     15        nan     nan   
2024    285      14     20        nan     nan   
2024    285      14     25        nan     nan   
2024    285      14     30        nan     nan   
2024    285      14     35        nan     nan   
2024    285      14     40        nan     nan   
2024    285      14     45        nan     nan   
2024    285      14     50        nan     nan   
2024    285      14     55        nan     nan   
2024    285      15      0        nan     nan   
2024    285      15      5        nan     nan   
2024    285      15     10        nan     nan   
2024    285      15     15        nan     nan   
2024    285      15     20        nan     nan   
2024    285      15     25        nan     nan   
2024    285      15     30        nan     nan   
2024    285      15     35        nan     nan   
2024    285      15     40        nan     nan   
2024    285      15     45        nan     nan   
2024    285      15     50        nan     nan   
2024    285      15     55        nan     nan   
2024    285      16      0        nan     nan   
2024    285      16      5        nan     nan   
2024    285      16     10        nan     nan   
2024    285      16     15        nan     nan   
2024    285      16     20        nan     nan   
2024    285      16     25        nan     nan   
2024    285      16     30        nan     nan   
2024    285      16     35        nan     nan   
2024    285      16     40        nan     nan   
2024    285      16     45        nan     nan   
2024    285      16     50        nan     nan   
2024    285      16     55        nan     nan   
2024    285      17      0        nan     nan   
2024    285      17      5        nan     nan   
2024    285      17     10        nan     nan   
2024    285      17     15        nan     nan   
2024    285      17     20        nan     nan   
2024    285      17     25        nan     nan   
2024    285      17     30        nan     nan   
2024    285      17     35        nan     nan   
2024    285      17     40        nan     nan   
2024    285      17     45        nan     nan   
2024    285      17     50        nan     nan   
2024    285      17     55        nan     nan   
2024    285      18      0        nan     nan   
2024    285      18      5        nan     nan   
2024    285      18     10        nan     nan   
2024    285      18     15        nan     nan   
2024    285      18     20        nan     nan   
2024    285      18     25        nan     nan   
2024    285      18     30        nan     nan   
2024    285      18     35        nan     nan   
2024    285      18     40        nan     nan   
2024    285      18     45        nan     nan   
2024    285      18     50        nan     nan   
2024    285      18     55        nan     nan   
2024    285      19      0        nan     nan   
2024    285      19      5        nan     nan   
2024    285      19     10        nan     nan   
2024    285      19     15        nan     nan   
2024    285      19     20        nan     nan   
2024    285      19     25        nan     nan   
2024    285      19     30        nan     nan   
2024    285      19     35        nan     nan   
2024    285      19     40        nan     nan   
2024    285      19     45        nan     nan   
2024    285      19     50        nan     nan   
2024    285      19     55        nan     nan   
2024    285      20      0        nan     nan   
2024    285      20      5        nan     nan   
2024    285      20     10        nan     nan   
2024    285      20     15        nan     nan   
2024    285      20     20        nan     nan   
2024    285      20     25        nan     nan   
2024    285      20     30        nan     nan   
2024    285      20     35        nan     nan   
2024    285      20     40        nan     nan   
2024    285      20     45        nan     nan   
2024    285      20     50        nan     nan   
2024    285      20     55        nan     nan   
2024    285      21      0        nan     nan   
2024    285      21      5        nan     nan   
2024    285      21     10        nan     nan   
2024    285      21     15        nan     nan   
2024    285      21     20        nan     nan   
2024    285      21     25        nan     nan   
2024    285      21     30        nan     nan   
2024    285      21     35        nan     nan   
2024    285      21     40        nan     nan   
2024    285      21     45        nan     nan   
2024    285      21     50        nan     nan   
2024    285      21     55        nan     nan   
2024    285      22      0        nan     nan   
2024    285      22      5        nan     nan   
2024    285      22     10        nan     nan   
2024    285      22     15        nan     nan   
2024    285      22     20        nan     nan   
2024    285      22     25        nan     nan   
2024    285      22     30        nan     nan   
2024    285      22     35        nan     nan   
2024    285      22     40        nan     nan   
2024    285      22     45        nan     nan   
2024    285      22     50        nan     nan   
2024    285      22     55        nan     nan   
2024    285      23      0        nan     nan   
2024    285      23      5        nan     nan   
2024    285      23     10        nan     nan   
2024    285      23     15        nan     nan   
2024    285      23     20        nan     nan   
2024    285      23     25        nan     nan   
2024    285      23     30        nan     nan   
2024    285      23     35        nan     nan   
2024    285      23     40        nan     nan   
2024    285      23     45        nan     nan   
2024    285      23     50        nan     nan   
2024    285      23     55        nan     nan   
2024    286       0      0        nan     nan   
2024    286       0      5        nan     nan   
2024    286       0     10        nan     nan   
2024    286       0     15        nan     nan   
2024    286       0     20        nan     nan   
2024    286       0     25        nan     nan   
2024    286       0     30        nan     nan   
2024    286       0     35        nan     nan   
2024    286       0     40        nan     nan   
2024    286       0     45        nan     nan   
2024    286       0     50        nan     nan   
2024    286       0     55        nan     nan   
2024    286       1      0        nan     nan   
2024    286       1      5        nan     nan   
2024    286       1     10        nan     nan   
2024    286       1     15        nan     nan   
2024    286       1     20        nan     nan   
2024    286       1     25        nan     nan   
2024    286       1     30        nan     nan   
2024    286       1     35        nan     nan   
2024    286       1     40        nan     nan   
2024    286       1     45        nan     nan   
2024    286       1     50        nan     nan   
2024    286       1     55        nan     nan   
2024    286       2      0        nan     nan   
2024    286       2      5        nan     nan   
2024    286       2     10        nan     nan   
2024    286       2     15        nan     nan   
2024    286       2     20        nan     nan   
2024    286       2     25        nan     nan   
2024    286       2     30        nan     nan   
2024    286       2     35        nan     nan   
2024    286       2     40        nan     nan   
2024    286       2     45        nan     nan   
2024    286       2     50        nan     nan   
2024    286       2     55        nan     nan   
2024    286       3      0        nan     nan   
2024    286       3      5        nan     nan   
2024    286       3     10        nan     nan   
2024    286       3     15        nan     nan   
2024    286       3     20        nan     nan   
2024    286       3     25        nan     nan   
2024    286       3     30        nan     nan   
2024    286       3     35        nan     nan   
2024    286       3     40        nan     nan   
2024    286       3     45        nan     nan   
2024    286       3     50        nan     nan   
2024    286       3     55        nan     nan   
2024    286       4      0        nan     nan   
2024    286       4      5        nan     nan   
2024    286       4     10        nan     nan   
2024    286       4     15        nan     nan   
2024    286       4     20        nan     nan   
2024    286       4     25        nan     nan   
2024    286       4     30        nan     nan   
2024    286       4     35        nan     nan   
2024    286       4     40        nan     nan   
2024    286       4     45        nan     nan   
2024    286       4     50        nan     nan   
2024    286       4     55        nan     nan   
2024    286       5      0        nan     nan   
2024    286       5      5        nan     nan   
2024    286       5     10        nan     nan   
2024    286       5     15        nan     nan   
2024    286       5     20        nan     nan   
2024    286       5     25        nan     nan   
2024    286       5     30        nan     nan   
2024    286       5     35        nan     nan   
2024    286       5     40        nan     nan   
2024    286       5     45        nan     nan   
2024    286       5     50        nan     nan   
2024    286       5     55        nan     nan   
2024    286       6      0        nan     nan   
2024    286       6      5        nan     nan   
2024    286       6     10        nan     nan   
2024    286       6     15        nan     nan   
2024    286       6     20        nan     nan   
2024    286       6     25        nan     nan   
2024    286       6     30        nan     nan   
2024    286       6     35        nan     nan   
2024    286       6     40        nan     nan   
2024    286       6     45        nan     nan   
2024    286       6     50        nan     nan   
2024    286       6     55        nan     nan   
2024    286       7      0        nan     nan   
2024    286       7      5        nan     nan   
2024    286       7     10        nan     nan   
2024    286       7     15        nan     nan   
2024    286       7     20        nan     nan   
2024    286       7     25        nan     nan   
2024    286       7     30        nan     nan   
2024    286       7     35        nan     nan   
2024    286       7     40        nan     nan   
2024    286       7     45        nan     nan   
2024    286       7     50        nan     nan   
2024    286       7     55        nan     nan   
2024    286       8      0        nan     nan   
2024    286       8      5        nan     nan   
2024    286       8     10        nan     nan   
2024    286       8     15        nan     nan   
2024    286       8     20        nan     nan   
2024    286       8     25        nan     nan   
2024    286       8     30        nan     nan   
2024    286       8     35        nan     nan   
2024    286       8     40        nan     nan   
2024    286       8     45        nan     nan   
2024    286       8     50        nan     nan   
2024    286       8     55        nan     nan   
2024    286       9      0        nan     nan   
2024    286       9      5        nan     nan   
2024    286       9     10        nan     nan   
2024    286       9     15        nan     nan   
2024    286       9     20        nan     nan   
2024    286       9     25        nan     nan   
2024    286       9     30        nan     nan   
2024    286       9     35        nan     nan   
2024    286       9     40        nan     nan   
