2024 131 11  0    0.61   -2.22   -3.13  -423.3    17.8    -6.7   3.38   60616.   -6.0    0    0  0.3158   1.18   0.02   0.03   0.00   0.03   0.07   0.05
2024 131 11  5    0.85   -2.28   -2.91  -423.7    21.3    -6.6   3.28   57374.   -5.0    0    0  0.3193   1.14   0.04   0.06   0.00   0.05   0.13   0.09
2024 131 11 10    0.07   -1.54   -3.56  -415.8    15.4     2.5   2.81   52793.   -6.0    0    0  0.3228   0.94   0.06   0.09   0.00   0.07   0.18   0.12
2024 131 11 15   -0.56   -0.71   -2.61  -417.1    10.7    -9.4   3.74   73894.   -6.0    0    0  0.3263   1.26   0.07   0.11   0.01   0.09   0.23   0.16
2024 131 11 20    0.13   -1.23   -2.70  -424.1    15.2    -8.2   4.07   71572.   -6.0    0    0  0.3298   1.42   0.09   0.14   0.01   0.11   0.27   0.20
2024 131 11 25   -0.46   -1.41   -3.22  -421.1    17.3    -8.1   4.15   71206.   -6.0    0    0  0.3333   1.43   0.11   0.16   0.01   0.13   0.32   0.25
2024 131 11 30   -0.20   -1.89   -2.86  -421.7    14.9    -9.9   4.15   74749.   -7.0    0    0  0.3368   1.43   0.12   0.19   0.01   0.15   0.36   0.29
2024 131 11 35    0.13   -2.05   -2.97  -421.4    19.2    -8.9   3.74   67486.   -8.0    0    0  0.3403   1.29   0.14   0.21   0.01   0.17   0.40   0.32
2024 131 11 40   -0.40   -1.92   -3.22  -423.2    21.3    -7.4   3.23   59511.   -9.0    0    0  0.3437   1.12   0.16   0.23   0.01   0.18   0.43   0.34
2024 131 11 45   -0.47   -2.15   -3.10  -422.6    22.5   -10.7   3.26   57303.   -9.0    0    0  0.3472   1.13   0.17   0.25   0.01   0.20   0.46   0.36
2024 131 11 50   -0.85   -1.99   -2.96  -418.6    19.0   -14.2   3.24   75522.   -9.0    0    0  0.3506   1.10   0.18   0.26   0.02   0.21   0.48   0.38
2024 131 11 55   -0.97   -1.49   -3.05  -417.1    21.2    -9.4   3.19   81534.   -9.0    0    0  0.3540   1.08   0.20   0.28   0.02   0.23   0.50   0.39
2024 131 12  0   -0.41   -1.18   -2.99  -424.4    23.4    -6.5   2.94   56958.   -9.0    0    0  0.3574   1.03   0.21   0.29   0.02   0.24   0.52   0.40
2024 131 12  5   -0.36   -1.71   -3.13  -425.3    18.0   -14.5   3.62   77377.   -8.0    0    0  0.3607   1.27   0.22   0.31   0.02   0.25   0.54   0.43
2024 131 12 10   -0.84   -1.39   -2.68  -429.9    23.1    -3.5   2.44   42872.   -9.0    0    0  0.3641   0.88   0.23   0.32   0.02   0.26   0.55   0.43
2024 131 12 15   -0.23   -1.81   -3.12  -425.2    21.4    -8.3   2.70   49952.   -9.0    0    0  0.3674   0.95   0.24   0.33   0.02   0.27   0.56   0.43
2024 131 12 20   -0.45   -1.76   -2.92  -432.2    21.8   -10.0   2.29   41033.  -10.0    0    0  0.3707   0.83   0.25   0.33   0.02   0.28   0.57   0.43
2024 131 12 25   -0.88   -0.78   -2.51  -421.0    12.3    -4.5   3.25   69501.   -9.0    0    0  0.3740   1.12   0.26   0.34   0.02   0.28   0.57   0.44
2024 131 12 30   -1.06   -1.12   -3.03  -422.0    16.9    -4.3   3.14   55360.   -9.0    0    0  0.3772   1.08   0.27   0.35   0.03   0.29   0.59   0.45
2024 131 12 35   -1.53   -1.13   -3.15  -410.7    10.2    -2.7   2.81   67662.   -9.0    0    0  0.3805   0.92   0.28   0.36   0.03   0.30   0.59   0.46
2024 131 12 40   -1.66   -1.31   -3.38  -409.0    10.6    -1.2   2.79   68845.   -9.0    0    0  0.3836   0.90   0.29   0.37   0.03   0.31   0.60   0.46
2024 131 12 45   -1.92   -1.10   -3.28  -408.3    10.7    -0.9   2.79   75353.   -9.0    0   -1  0.3868   0.90   0.30   0.38   0.03   0.32   0.61   0.46
2024 131 12 50   -2.42   -1.07   -2.97  -407.6    10.8    -0.6   2.79   81861.   -9.0    0   -1  0.3899   0.90   0.31   0.39   0.03   0.32   0.61   0.46
2024 131 12 55   -2.78   -0.44   -2.75  -406.9    10.9    -0.3   2.79   88370.   -9.0    0   -1  0.3930   0.90   0.31   0.39   0.03   0.33   0.61   0.46
2024 131 13  0   -2.67   -0.34   -2.81  -406.2    11.1     0.0   2.80   94878.   -8.0    0   -1  0.3960   0.90   0.32   0.40   0.03   0.33   0.61   0.46
2024 131 13  5   -2.77   -0.28   -2.78  -405.5    11.2     0.3   2.80  101386.   -6.0    0   -1  0.3990   0.89   0.32   0.40   0.03   0.33   0.61   0.46
2024 131 13 10   -2.90    0.01   -2.28  -404.8    11.3     0.6   2.80  107894.   -6.0    0    0  0.4020   0.89   0.33   0.40   0.03   0.33   0.60   0.46
2024 131 13 15   -2.98    0.61   -1.97  -404.8    -2.2   -12.4   3.12  118088.   -5.0    0    0  0.4049   0.99   0.33   0.40   0.04   0.33   0.59   0.46
2024 131 13 20   -3.06    0.41   -1.89  -406.2     0.0    -2.4   3.29  125044.   -5.0    0   -1  0.4078   1.05   0.33   0.40   0.04   0.33   0.58   0.46
2024 131 13 25   -2.67   -0.21   -2.35  -407.7     2.2     7.7   3.45  132000.   -5.0    0    0  0.4106   1.11   0.33   0.40   0.04   0.33   0.58   0.46
2024 131 13 30   -3.11    0.35   -1.79  -405.6     2.7     1.7   3.30  126874.   -4.0    0   -1  0.4134   1.05   0.34   0.40   0.04   0.32   0.57   0.46
2024 131 13 35   -3.07   -0.06   -1.62  -403.5     3.2    -4.3   3.15  121747.   -3.0    0    0  0.4161   0.99   0.34   0.40   0.04   0.32   0.56   0.46
2024 131 13 40   -3.23    0.79   -0.63  -402.4    -4.3    -3.9   3.27  152551.   -2.0    0    0  0.4188   1.03   0.33   0.38   0.04   0.30   0.53   0.44
2024 131 13 45   -3.31    0.67   -0.39  -400.4    -3.6   -19.6   3.21   82514.   -2.0    0    0  0.4215   1.00   0.32   0.37   0.04   0.29   0.49   0.42
2024 131 13 50   -3.13    0.08   -0.58  -401.3     2.9   -14.1   3.15  109280.    1.0    0    0  0.4240   0.98   0.32   0.35   0.04   0.28   0.47   0.41
2024 131 13 55   -3.04   -0.18    0.06  -406.5    -8.1   -41.4   3.22   93752.    3.0    0    0  0.4266   1.04   0.31   0.34   0.04   0.27   0.42   0.38
2024 131 14  0   -2.69   -0.12    0.99  -404.9     4.3   -15.4   3.03   94845.    3.0    0    0  0.4291   0.96   0.30   0.32   0.04   0.25   0.39   0.36
2024 131 14  5   -2.88   -0.40    0.99  -408.6     1.3   -27.5   3.26  104433.    4.0    0    0  0.4315   1.06   0.29   0.30   0.04   0.24   0.35   0.33
2024 131 14 10   -3.07    0.64    1.26  -408.3     4.0   -15.7   3.64  113655.    4.0    0    0  0.4338   1.18   0.28   0.29   0.04   0.23   0.32   0.31
2024 131 14 15   -3.10    1.31    0.95  -409.2    -5.3   -25.3   3.68   98857.    4.0    0    0  0.4361   1.20   0.27   0.27   0.04   0.22   0.29   0.29
2024 131 14 20   -3.38    0.25    1.26  -408.4   -10.8   -21.5   3.63  105360.    4.0    0   -1  0.4384   1.18   0.26   0.26   0.04   0.21   0.26   0.27
2024 131 14 25   -3.28    1.19    0.72  -407.6   -16.4   -17.7   3.58  111864.    3.0    0    0  0.4405   1.16   0.25   0.24   0.04   0.20   0.24   0.25
2024 131 14 30   -3.06    1.35    0.72  -408.4   -11.8   -21.0   3.72  127776.    3.0    0    0  0.4427   1.21   0.24   0.23   0.04   0.19   0.22   0.23
2024 131 14 35   -2.16    1.39    1.14  -414.3    -8.6     3.0   3.59  149458.    4.0    0    0  0.4447   1.19   0.24   0.22   0.04   0.18   0.20   0.22
2024 131 14 40   -2.45    1.36    0.19  -429.0   -11.4    26.1   3.82  244874.    3.0    0    0  0.4467   1.37   0.23   0.21   0.04   0.17   0.18   0.20
2024 131 14 45   -1.89    1.25   -0.42  -423.3    -7.3     7.2   3.90  195732.    4.0    0   -1  0.4486   1.35   0.23   0.20   0.04   0.17   0.18   0.21
2024 131 14 50   -2.29    1.12    0.75  -417.6    -3.2   -11.8   3.98  146590.    8.0    0    0  0.4505   1.35   0.22   0.19   0.04   0.16   0.16   0.19
2024 131 14 55   -1.82    0.25   -0.58  -432.7     8.4    -1.0   5.87   98216.   14.0    0    0  0.4522   2.13   0.22   0.19   0.04   0.15   0.18   0.22
2024 131 15  0   -1.99    0.07   -0.93  -433.1    -0.1    -1.5   4.85  128838.   17.0    0    0  0.4540   1.76   0.22   0.19   0.04   0.15   0.20   0.25
2024 131 15  5   -2.35    0.58   -0.66  -443.7    11.6    -6.3   6.39  100922.   17.0    0    0  0.4556   2.44   0.22   0.19   0.04   0.15   0.21   0.28
2024 131 15 10   -2.08    0.51    0.17  -443.4     9.8    -6.1   9.43   92240.   15.0    0    0  0.4572   3.59   0.21   0.18   0.04   0.14   0.19   0.26
2024 131 15 15   -1.82    0.13   -0.88  -450.2     8.9    -4.5  10.47   82852.   14.0    0    0  0.4587   4.11   0.21   0.19   0.04   0.14   0.22   0.36
2024 131 15 20   -2.32    0.35   -0.84  -450.0    11.7    -3.5  10.06  103017.   14.0    0    0  0.4601   3.95   0.22   0.20   0.04   0.15   0.25   0.44
2024 131 15 25   -2.18   -0.21    0.16  -455.1     9.9     0.7  12.42   57309.   12.0    0    0  0.4614   4.99   0.21   0.19   0.04   0.14   0.23   0.41
2024 131 15 30   -1.72   -0.38   -0.71  -454.6     7.3    -3.4  12.67   52186.   12.0    0    0  0.4627   5.07   0.21   0.20   0.04   0.14   0.25   0.51
2024 131 15 35   -1.29    0.55    1.52  -454.0    11.6    -2.1  14.01   49930.   11.0    0    0  0.4639   5.60   0.21   0.19   0.04   0.13   0.23   0.47
2024 131 15 40   -1.50    0.84    2.08  -452.3    16.2     2.5  15.03   47432.   12.0    0    0  0.4650   5.96   0.20   0.18   0.04   0.13   0.21   0.44
2024 131 15 45   -1.33    0.81    1.89  -449.8    16.6     3.5  15.00   48323.   13.0    0    0  0.4661   5.89   0.19   0.17   0.04   0.12   0.19   0.41
2024 131 15 50   -1.10    0.98    2.05  -448.7    15.4     3.6  14.59   49263.   13.0    0    0  0.4671   5.70   0.19   0.16   0.04   0.11   0.17   0.38
2024 131 15 55   -1.01    0.35    1.80  -451.5    15.5     0.5  15.26   42346.   14.0    0    0  0.4679   6.03   0.18   0.15   0.04   0.11   0.16   0.36
2024 131 16  0   -1.15    0.54    1.65  -448.5    18.1     6.2  15.55   49001.   14.0    0    0  0.4688   6.07   0.18   0.14   0.04   0.10   0.14   0.33
2024 131 16  5   -1.51    0.62    1.60  -448.1    17.3     3.7  15.56   46613.   14.0    0    0  0.4695   6.06   0.17   0.14   0.04   0.10   0.13   0.31
2024 131 16 10   -1.68    1.04    1.72  -447.9    20.5     4.3  15.13   45284.   13.0    0    0  0.4701   5.89   0.16   0.13   0.04   0.09   0.12   0.29
2024 131 16 15   -0.92    0.99    2.46  -450.6    17.4     1.5  16.10   52646.   11.0    0    0  0.4707   6.34   0.16   0.12   0.04   0.09   0.11   0.27
2024 131 16 20   -1.33    1.47    1.98  -448.0    13.7     7.2  15.69   49489.    9.0    0    0  0.4712   6.11   0.15   0.11   0.04   0.09   0.10   0.25
2024 131 16 25   -1.47    1.58    2.35  -446.1    17.3     3.5  15.80   49482.    8.0    0    0  0.4716   6.10   0.15   0.11   0.04   0.08   0.09   0.24
2024 131 16 30   -1.33    1.72    2.22  -445.9    16.5     4.8  15.25   48454.    8.0    0    0  0.4720   5.88   0.14   0.10   0.04   0.08   0.08   0.22
2024 131 16 35   -1.41    1.40    2.38  -448.4    17.8     1.6  17.04   45406.   11.0    0    0  0.4722   6.65   0.14   0.10   0.04   0.07   0.07   0.20
2024 131 16 40   -1.31    1.46    2.72  -447.9    16.1     1.1  15.60   41688.   14.0    0    0  0.4724   6.07   0.14   0.09   0.04   0.07   0.07   0.19
2024 131 16 45   -1.46    1.32    2.88  -448.5    19.4     2.9  17.78   50810.   18.0    0    0  0.4725   6.94   0.13   0.09   0.04   0.07   0.06   0.18
2024 131 16 50   -1.52    2.34    3.24  -448.5    19.4     2.9  17.78   50810.   13.0    0    0  0.4725   6.94   0.13   0.08   0.04   0.06   0.05   0.17
2024 131 16 55   -1.62    1.94    3.44  -447.2    16.4    -1.3  17.40   44104.   16.0    0    0  0.4724   6.75   0.12   0.08   0.04   0.06   0.05   0.15
2024 131 17  0    0.77    2.29   -0.16  -446.8    23.8     0.4  14.88   45156.   12.0    0    0  0.4722   5.77   0.12   0.08   0.04   0.06   0.06   0.21
2024 131 17  5   -2.35   -4.36  -10.17  -604.4     7.1    46.0  35.13  554578.   46.0    0    0  0.4720  25.00   0.32   0.43   0.07   0.59   0.78   4.17
2024 131 17 10   -2.55   -2.53   -4.82  -557.2    20.0    30.1  31.53  320452.   79.0    0    0  0.4717  19.04   0.40   0.57   0.09   0.73   1.07   5.79
2024 131 17 15   -2.52    2.62   -1.48  -568.2    18.7    42.8  34.68  354356.   79.0    0    0  0.4713  21.83   0.42   0.60   0.09   0.73   1.14   6.59
2024 131 17 20   -1.98   -3.50   -7.01  -546.9    47.1    39.9  26.56  335738.   67.0    0    0  0.4708  15.58   0.52   0.78   0.11   0.95   1.46   7.95
2024 131 17 25   -5.34   -5.87   -4.87  -486.1    22.9    13.4  24.56  130478.   55.0    0    0  0.4702  11.27   0.58   0.88   0.11   1.03   1.59   8.42
2024 131 17 30   -3.41   -5.70  -16.76  -536.1    61.1     7.4  21.98  405563.   40.0    0    0  0.4696  12.40   0.80   1.25   0.16   1.71   2.15  10.01
2024 131 17 35   -6.52   -7.22  -26.76  -574.0    56.0    17.4  25.12  526976.   38.0    0   -1  0.4689  16.20   1.18   1.87   0.26   3.19   3.10  13.22
2024 131 17 40   -6.56   -7.02  -22.95  -611.9    50.8    27.3  28.26  648388.   41.0    0   -1  0.4681  20.68   1.53   2.42   0.37   4.50   4.01  17.15
2024 131 17 45   -7.75  -11.17  -26.55  -649.8    45.6    37.3  31.40  769800.   22.0    0   -1  0.4672  25.89   1.97   3.08   0.52   6.28   5.17  22.89
2024 131 17 50    1.08   -8.23   -1.67  -687.7    40.5    47.2  34.54  891213.    6.0    0    0  0.4663  31.90   1.95   2.99   0.52   6.04   4.95  23.35
2024 131 17 55    2.27  -13.07   -1.57  -670.8    37.3    72.4  38.05  948703.   -9.0    0    0  0.4652  33.65   1.93   2.90   0.52   5.80   4.74  23.86
2024 131 18  0   -8.29  -20.21  -32.07  -692.9    37.0    70.7  29.23  477126.   -2.0    0    0  0.4641  27.54   2.47   3.66   0.74   8.24   6.19  30.45
2024 131 18  5  -13.48   -4.62  -39.95  -702.0    57.5    36.2  35.74  374508.  -18.0    0    0  0.4629  34.44   3.19   4.71   1.06  11.87   8.05  40.59
2024 131 18 10  -14.13  -35.93  -31.35  -709.2    19.4    38.4  18.55  594015.  -39.0    0    0  0.4617  18.14   3.59   5.16   1.24  13.52   8.90  42.61
2024 131 18 15  -13.76  -39.05  -27.00  -696.9    -3.1    49.6  17.68  830957.  -72.0    0    0  0.4603  16.72   3.89   5.48   1.38  14.61   9.46  43.71
2024 131 18 20  -13.57  -40.57  -27.19  -688.3     3.7    34.8  16.03  998444.  -76.0    0    0  0.4589  14.75   4.17   5.76   1.51  15.57   9.88  44.16
2024 131 18 25   -4.87  -26.23  -15.68  -696.0    40.1     4.9  23.02  969805.  -46.0    0    0  0.4575  21.67   4.32   5.87   1.58  15.77  10.01  45.29
2024 131 18 30   -3.15   -7.70   -4.43  -692.3   116.9   -20.2  54.97 1774759.  -50.0    0    0  0.4559  52.53   4.31   5.78   1.60  15.29   9.72  48.60
2024 131 18 35  -10.94    1.63  -13.51  -711.5    77.8   -20.5  48.23 1244153.  -81.0    0    0  0.4543  47.90   4.52   6.03   1.69  15.67  10.14  55.64
2024 131 18 40  -11.37   10.84  -10.05  -704.2    85.6   -28.1  49.35 1328933.  -84.0    0   -1  0.4526  48.18   4.63   6.15   1.74  15.67  10.28  60.75
2024 131 18 45  -12.85    8.13  -16.46  -696.9    93.4   -35.6  50.47 1413713.  -82.0    0    0  0.4508  48.46   4.89   6.50   1.86  16.36  10.84  68.30
2024 131 18 50  -15.75    3.98  -19.14  -704.2    76.4   -59.1  50.53 1252558.  -82.0    0    0  0.4490  49.45   5.21   6.94   1.99  17.36  11.54  76.64
2024 131 18 55    1.70  -15.31   -5.97  -665.3    42.2     7.5  41.53 1053194. -104.0    0    0  0.4471  35.75   5.19   6.81   2.01  16.86  11.11  76.08
2024 131 19  0   12.31  -21.70   12.93  -631.6    51.9    48.0  41.68 1028828. -148.0    0    0  0.4451  32.61   5.02   6.45   2.01  16.06  10.09  70.92
2024 131 19  5   -7.48  -31.60   -1.36  -656.5    17.9    48.1  38.45 1008498. -166.0    0    0  0.4431  32.30   4.90   6.18   2.01  15.34   9.38  67.96
2024 131 19 10   -5.70  -31.95   -0.36  -667.2   -28.5    48.9  38.98 1024024. -158.0    0    0  0.4410  33.85   4.76   5.87   2.00  14.62   8.61  64.30
2024 131 19 15   -2.97  -30.21   -3.55  -658.8   -25.8    41.0  36.87 1044740. -170.0    0    0  0.4388  31.16   4.69   5.70   2.01  14.08   8.23  62.90
2024 131 19 20   -5.52  -20.19   -4.28  -686.4    -2.7     0.6  44.42  862953. -178.0    0    0  0.4366  40.54   4.65   5.59   2.02  13.63   8.01  63.16
2024 131 19 25   -4.99  -19.21   -8.46  -670.6   -11.7     7.3  38.21  901485. -171.0    0    0  0.4343  33.30   4.70   5.61   2.06  13.48   8.05  63.99
2024 131 19 30    0.80  -14.61  -12.34  -673.1    10.6    -6.1  39.30  784458. -176.0    0    0  0.4320  34.50   4.82   5.77   2.12  13.67   8.34  66.19
2024 131 19 35    3.24  -21.83   -4.09  -676.2   -12.8   -10.3  35.14  919094. -169.0    0    0  0.4296  31.14   4.76   5.62   2.13  13.20   8.04  64.88
2024 131 19 40   -2.11  -10.92  -13.06  -713.1    31.4   -12.3  50.49  358925. -140.0    0    0  0.4271  49.84   4.95   5.88   2.21  13.65   8.61  71.15
2024 131 19 45   -9.66   -6.45  -23.88  -717.4    33.9   -21.6  43.55  272789. -120.0    0    0  0.4246  43.55   5.34   6.45   2.39  15.27   9.71  78.76
2024 131 19 50   -8.88   -1.25  -25.60  -711.2    36.6   -15.6  51.36  187761. -108.0    0    0  0.4220  50.48   5.79   7.13   2.59  17.18  10.92  88.98
2024 131 19 55  -14.51   -9.29  -29.04  -711.0    40.1   -25.9  52.89  179482. -103.0    0    0  0.4194  52.02   6.31   7.91   2.84  19.53  12.23 100.24
2024 131 20  0  -14.82    7.95  -31.75  -692.9    58.1    15.7  53.41  200722. -149.0    0    0  0.4168  50.04   6.86   8.75   3.10  22.08  13.49 110.77
2024 131 20  5  -12.88    9.67  -27.07  -707.5    48.0    14.5  56.98  206753. -158.0    0    0  0.4141  55.52   7.32   9.43   3.32  23.99  14.51 121.35
2024 131 20 10  -15.64   14.00  -24.71  -700.9    43.9    28.4  53.00  158102. -144.0    0    0  0.4113  50.71   7.69   9.93   3.51  25.36  15.21 128.50
2024 131 20 15  -14.93    8.10  -25.13  -711.3    41.9    11.8  56.83  227093. -126.0    0    0  0.4085  55.90   8.08  10.47   3.72  26.86  15.97 137.31
2024 131 20 20  -16.95    6.40  -21.53  -708.0    42.6     7.5  55.77  230583. -132.0    0   -1  0.4056  54.35   8.37  10.83   3.88  27.75  16.42 143.57
2024 131 20 25  -12.07    7.62  -19.63  -704.7    43.4     3.2  54.71  234073. -123.0    0   -1  0.4027  52.83   8.60  11.09   4.02  28.32  16.67 148.14
2024 131 20 30  -13.16    7.57  -20.90  -701.5    44.1    -1.1  53.65  237562. -125.0    0   -1  0.3998  51.34   8.85  11.38   4.17  29.00  16.96 152.37
2024 131 20 35  -12.97    8.04  -23.58  -698.2    44.9    -5.4  52.59  241052. -141.0    0   -1  0.3968  49.87   9.14  11.73   4.35  29.96  17.34 156.72
2024 131 20 40  -15.38    2.48  -28.24  -694.9    45.6    -9.7  51.53  244542. -149.0    0    0  0.3938  48.42   9.52  12.23   4.56  31.47  17.92 161.69
2024 131 20 45  -13.23    5.24  -29.62  -704.1    39.4   -12.8  45.42  290156. -147.0    0    0  0.3907  43.77   9.89  12.67   4.79  32.98  18.45 164.80
2024 131 20 50  -14.46   -2.15  -28.97  -704.3    33.2   -10.9  46.14  286580. -143.0    0    0  0.3876  44.44  10.24  13.07   5.01  34.35  18.92 167.80
2024 131 20 55  -13.67   -0.23  -28.22  -700.7    40.0    -3.8  53.83  264551. -159.0    0    0  0.3845  51.36  10.59  13.52   5.23  35.73  19.42 173.20
2024 131 21  0  -18.24   -1.02  -33.42  -698.1    41.9    -6.0  40.92  216411. -182.0    0    0  0.3813  38.77  10.97  13.95   5.48  37.37  19.87 174.35
2024 131 21  5  -18.95    2.12  -33.35  -700.0    38.4   -15.0  38.06  200586. -188.0    0    0  0.3781  36.25  11.32  14.31   5.72  38.83  20.23 174.36
2024 131 21 10  -17.81   14.92  -29.62  -689.8    52.5    -7.4  34.40  177475. -204.0    0    0  0.3749  31.89  11.55  14.48   5.91  39.58  20.26 171.99
2024 131 21 15  -17.50    2.53  -35.13  -686.0    37.2   -12.2  36.99  178298. -216.0    0    0  0.3717  33.83  11.89  14.85   6.15  41.04  20.56 171.50
2024 131 21 20  -18.90   -5.51  -36.74  -683.3    -4.8   -17.8  37.49  153353. -204.0    0    0  0.3684  33.93  12.25  15.24   6.41  42.63  20.90 171.36
2024 131 21 25  -20.66   -5.93  -37.78  -689.0     0.1   -26.2  35.87  129938. -197.0    0    0  0.3651  33.03  12.61  15.62   6.67  44.24  21.24 171.01
2024 131 21 30  -20.73   -5.28  -37.59  -689.4    -2.5   -24.5  37.60  142235. -217.0    0    0  0.3618  34.66  12.97  16.00   6.94  45.84  21.59 171.35
2024 131 21 35  -21.79   -3.75  -37.24  -687.4     3.6   -27.9  37.63  150975. -211.0    0    0  0.3584  34.50  13.32  16.36   7.20  47.30  21.88 171.55
2024 131 21 40  -22.93    1.78  -36.92  -694.0    21.6   -21.9  38.61  167412. -242.0    0    0  0.3551  36.09  13.65  16.70   7.47  48.73  22.19 172.35
2024 131 21 45  -26.00    9.58  -35.87  -696.4    43.1   -22.1  24.55  158182. -292.0    0    0  0.3517  23.17  13.84  16.74   7.68  49.35  22.06 167.66
2024 131 21 50  -25.44   -3.95  -40.90  -686.2     9.9    -5.3  15.14  153173. -280.0    0    0  0.3483  13.81  13.98  16.64   7.88  49.77  21.71 160.21
2024 131 21 55  -21.14  -23.64  -37.16  -678.9   -10.9    14.2  13.46  146311. -276.0    0    0  0.3449  12.03  14.03  16.44   8.05  49.69  21.19 152.47
2024 131 22  0  -15.23  -40.73  -25.63  -668.8   -20.5    37.0  14.68  143882. -280.0    0    0  0.3415  12.77  13.95  16.09   8.14  48.75  20.39 144.89
2024 131 22  5  -14.01  -43.16  -30.78  -672.1    -0.0    34.6  15.70  215071. -232.0    0    0  0.3380  13.77  13.95  15.86   8.27  48.31  19.87 138.42
2024 131 22 10  -16.69  -54.51  -38.22  -717.0    -6.0    65.0  26.82  256918. -270.0    0    0  0.3346  26.93  14.21  16.05   8.53  49.46  20.22 137.76
2024 131 22 15  -16.53  -58.07  -34.63  -717.8     0.3    67.3  21.37  255276. -295.0    0    0  0.3311  21.52  14.34  16.03   8.73  49.86  20.22 134.65
2024 131 22 20  -14.83  -59.44  -30.69  -745.7    -5.8    57.1  23.25  342312. -307.0    0    0  0.3277  25.19  14.45  15.97   8.93  50.03  20.23 132.62
2024 131 22 25  -13.46  -62.88  -19.86  -759.7   -17.1    32.4  23.32  374112. -290.0    0    0  0.3242  26.13  14.37  15.66   9.03  49.11  19.80 129.51
2024 131 22 30    0.30  -24.05   17.41  -773.1    -1.4    14.9  21.62  407808. -271.0    0    0  0.3207  25.04  13.92  14.84   9.01  46.79  17.99 120.72
2024 131 22 35   13.24   48.75   43.97  -759.0    24.0     8.0  25.27   83143. -257.0    0    0  0.3172  28.23  13.48  14.06   8.99  44.58  16.34 112.53
2024 131 22 40    3.74   60.37   25.44  -757.4    26.9    10.8  26.68  106453. -315.0    0    0  0.3138  29.69  13.06  13.32   8.96  42.47  14.85 104.90
2024 131 22 45   -5.03   65.42   10.36  -762.9    13.1    -4.0  32.52  101637. -320.0    0    0  0.3103  36.67  12.65  12.62   8.94  40.46  13.49  97.78
2024 131 22 50    1.87   68.80    3.51  -734.5    23.3    19.1  21.98   68540. -324.0    0    0  0.3068  23.01  12.25  11.95   8.92  38.55  12.26  91.15
2024 131 22 55    2.79   67.67   11.49  -723.3    15.9    26.2  27.51   60260. -328.0    0    0  0.3034  27.93  11.87  11.33   8.89  36.73  11.14  84.96
2024 131 23  0    2.13   68.08   14.47  -738.8    19.8    34.2  39.94   69938. -292.0    0    0  0.2999  42.35  11.49  10.73   8.87  34.99  10.12  79.20
2024 131 23  5    1.70   68.68    7.48  -752.0     2.4    -1.2  35.02   76296. -283.0    0    0  0.2965  38.36  11.13  10.17   8.84  33.34   9.19  73.83
2024 131 23 10    2.53   68.67    6.11  -755.1   -12.4   -12.5  34.93   73268. -335.0   -1    0  0.2930  38.60  10.78   9.63   8.82  31.76   8.35  68.82
2024 131 23 15    1.97   68.66    5.18  -749.9    -7.5   -13.1  35.11   77029. -328.0   -1   -1  0.2896  38.26  10.44   9.13   8.80  30.26   7.59  64.15
2024 131 23 20    1.42   68.65    4.25  -744.8    -2.6   -13.7  35.28   80790. -318.0   -1   -1  0.2862  37.92  10.11   8.65   8.77  28.83   6.89  59.80
2024 131 23 25    0.87   68.63    3.30  -739.6     2.3   -14.2  35.46   84551. -294.0   -1   -1  0.2828  37.59   9.80   8.19   8.75  27.47   6.26  55.74
2024 131 23 30    0.32   68.62    2.34  -734.4     7.2   -14.8  35.64   88312. -303.0   -1   -1  0.2794  37.25   9.49   7.76   8.73  26.17   5.69  51.96
2024 131 23 35   -0.25   68.60    1.38  -729.3    12.1   -15.4  35.81   92073. -308.0   -1   -1  0.2761  36.92   9.19   7.35   8.70  24.93   5.17  48.43
2024 131 23 40   -0.81   68.58    0.41  -724.1    17.0   -16.0  35.99   95834. -306.0    0    0  0.2727  36.59   8.90   6.97   8.68  23.75   4.70  45.15
2024 131 23 45   -6.35   67.15   -8.06  -730.1   -12.0   -30.2  33.47   90610. -340.0    0    0  0.2694  34.63   8.81   6.89   8.70  23.11   5.09  47.27
2024 131 23 50   -9.59   64.87  -15.93  -733.2    -7.4   -12.4  25.31  130750. -341.0   -1   -1  0.2661  26.37   8.84   6.98   8.77  23.09   5.80  49.37
2024 131 23 55  -12.48   62.59  -23.93  -736.4    -2.7     5.3  17.16  170889. -330.0   -1   -1  0.2628  18.03   8.95   7.14   8.88  23.56   6.62  50.10
2024 132  0  0  -15.02   60.29  -32.08  -739.5     1.9    23.1   9.00  211029. -315.0    0    0  0.2595   9.54   9.06   7.24   9.02  24.19   7.30  48.84
2024 132  0  5  -17.63   59.00  -32.52  -740.1   -59.7   -55.6   6.65  252789. -309.0    0    0  0.2563   7.14   9.14   7.27   9.14  24.62   7.80  47.03
2024 132  0 10  -17.22   56.44  -33.83  -726.7   -68.1   -51.7   8.08  198350. -300.0    0    0  0.2531   8.38   9.24   7.37   9.27  25.22   8.34  45.71
2024 132  0 15  -15.78   48.98  -37.10  -717.0   -34.8   -34.4  11.79  225118. -296.0    0    0  0.2499  11.80   9.44   7.61   9.44  26.33   9.09  45.64
2024 132  0 20   -6.35   36.67  -29.74  -761.5   -22.2   -21.7  23.34  400033. -286.0    0    0  0.2468  26.26   9.69   7.98   9.64  27.57  10.14  49.89
2024 132  0 25   -8.58   30.87  -36.05  -773.1    37.9   -12.9  25.70  467879. -271.0    0    0  0.2437  29.83  10.08   8.52   9.92  29.69  11.51  56.07
2024 132  0 30  -19.96   20.45  -41.98  -754.5    34.9   -22.9  27.88  398535. -265.0    0    0  0.2406  30.84  10.57   9.22  10.25  32.50  13.00  63.10
2024 132  0 35  -26.75   18.62  -40.71  -770.1    35.3   -49.6  27.05  313981. -287.0    0    0  0.2376  31.27  11.02   9.83  10.58  35.06  14.36  69.65
2024 132  0 40  -27.45   11.33  -44.09  -741.9    57.2   -24.4  24.61  326392. -300.0    0    0  0.2346  26.42  11.47  10.43  10.91  37.58  15.49  74.09
2024 132  0 45  -26.52   14.91  -40.89  -758.9    35.9   -19.6  25.58  319914. -298.0    0    0  0.2316  28.62  11.87  10.96  11.22  39.75  16.50  78.79
2024 132  0 50  -30.64   14.76  -36.69  -752.4    53.5   -39.9  27.25  430901. -311.0    0    0  0.2287  30.12  12.20  11.38  11.49  41.35  17.28  83.23
2024 132  0 55  -34.11   25.78  -26.19  -780.2    37.5   -17.8  26.49  343861. -324.0    0    0  0.2258  31.32  12.34  11.52  11.67  41.69  17.59  86.14
2024 132  1  0  -30.91   28.64  -26.51  -726.1    34.0     6.8  28.96  549812. -336.0    0    0  0.2229  29.64  12.47  11.68  11.83  41.93  17.74  88.38
2024 132  1  5  -33.88   11.00  -35.64  -749.8    44.4   -34.6  26.26  183518. -345.0    0    0  0.2201  28.76  12.75  12.03  12.08  43.22  18.31  91.48
2024 132  1 10  -28.39    9.56  -39.07  -745.7    58.1   -39.9  28.43  275597. -360.0    0    0  0.2173  30.90  13.11  12.48  12.37  44.99  19.04  95.74
2024 132  1 15  -22.47   -6.15  -39.00  -739.8    63.6   -52.6  29.46  320044. -357.0    0    0  0.2146  31.62  13.45  12.93  12.66  46.70  19.70 100.01
2024 132  1 20  -23.10  -17.37  -38.75  -732.2    46.7   -82.8  21.58  290898. -360.0    0    0  0.2120  22.79  13.69  13.17  12.91  47.78  19.99 100.33
2024 132  1 25  -18.82  -14.38  -35.98  -733.0    49.6    -8.9  29.36  312982. -388.0    0    0  0.2093  30.70  13.96  13.50  13.16  48.90  20.39 103.48
2024 132  1 30  -20.39  -25.43  -26.85  -729.2    61.6   -21.3  32.97  266935. -383.0    0    0  0.2068  34.23  14.07  13.63  13.32  48.99  20.41 106.21
2024 132  1 35  -21.40  -33.31  -17.54  -732.0    37.0     4.7  29.13  276209. -397.0    0    0  0.2042  30.31  13.99  13.44  13.40  47.97  19.88 105.67
2024 132  1 40  -19.86  -22.01  -12.55  -722.2    29.6    38.6  33.89  397458. -413.0    0    0  0.2018  34.39  13.83  13.17  13.44  46.57  19.17 105.03
2024 132  1 45   -9.94    6.76  -16.97  -759.8    -5.0    44.5  42.76  528660. -417.0    0    0  0.1993  47.98  13.81  13.12  13.54  45.90  19.04 109.53
2024 132  1 50    7.51   16.94  -29.44  -726.2    23.3    38.3  44.17  372152. -419.0    0    0  0.1970  45.29  14.05  13.49  13.75  46.79  19.54 116.71
2024 132  1 55    7.23   16.24  -29.87  -749.2    11.0    27.3  37.66  182414. -431.0    0    0  0.1946  41.01  14.27  13.78  13.97  47.59  19.99 121.74
2024 132  2  0    5.97   15.71  -30.86  -747.5     9.3    26.1  38.08  180808. -432.0    0   -1  0.1924  41.27  14.50  14.09  14.20  48.51  20.45 126.76
2024 132  2  5    5.87   15.32  -31.04  -745.8     7.6    24.8  38.49  179202. -431.0    0   -1  0.1902  41.52  14.73  14.39  14.43  49.40  20.88 131.59
2024 132  2 10    4.13   13.84  -30.01  -744.1     5.9    23.6  38.91  177596. -489.0    0    0  0.1880  41.78  14.93  14.65  14.65  50.12  21.21 135.96
2024 132  2 15   -1.10    8.04  -27.23  -737.5     7.6    20.1  40.78  353682. -497.0    0    0  0.1859  43.00  15.08  14.83  14.84  50.46  21.38 139.83
2024 132  2 20   -3.68    4.61  -31.74  -734.6    -9.9    -5.4  38.72  220494. -485.0    0    0  0.1839  40.48  15.29  15.12  15.07  51.31  21.71 143.53
2024 132  2 25   -0.24   11.58  -31.25  -734.6    -9.9    -5.4  38.72  220494. -468.0    0    0  0.1819  40.48  15.49  15.37  15.29  52.04  21.98 146.87
2024 132  2 30    2.62   15.01  -30.11  -729.6    22.5    17.8  33.88  324085. -439.0    0    0  0.1800  34.99  15.63  15.50  15.49  52.40  22.03 147.58
2024 132  2 35   -0.24    7.42  -32.32  -729.6    22.5    17.8  33.88  324085. -428.0    0    0  0.1782  34.99  15.80  15.69  15.70  53.02  22.18 148.65
2024 132  2 40    2.59    5.92  -26.89  -720.7     7.9     1.6  41.50  198801. -422.0    0    0  0.1764  41.76  15.91  15.82  15.87  53.12  22.18 151.13
2024 132  2 45    2.40    1.69  -28.06  -731.5    -3.9     9.3  40.37  218363. -386.0    0    0  0.1747  41.85  16.03  15.96  16.06  53.39  22.26 153.75
2024 132  2 50  -13.00  -11.36  -14.74  -761.8   -16.6     9.6  31.26  177695. -369.0    0    0  0.1730  35.16  15.85  15.60  16.12  51.97  21.53 150.61
2024 132  2 55  -12.30   -8.65  -19.99  -760.5   -10.5     6.0  36.00  171047. -386.0    0    0  0.1714  40.34  15.81  15.46  16.23  51.28  21.25 150.59
2024 132  3  0  -13.62  -10.64  -19.87  -754.0   -17.1    -9.4  34.44  165589. -392.0    0    0  0.1699  37.95  15.75  15.30  16.34  50.56  20.95 149.80
2024 132  3  5  -10.09   -5.24  -27.28  -753.8   -18.1   -11.0  23.77  181455. -390.0    0    0  0.1684  26.18  15.76  15.21  16.49  50.37  20.79 146.64
2024 132  3 10  -15.34  -12.53  -27.24  -728.9    -8.1   -25.9  15.96  210691. -375.0    0    0  0.1670  16.45  15.69  14.98  16.60  49.76  20.30 140.59
2024 132  3 15  -21.53   -9.37  -21.75  -757.1    -4.3   -27.9  18.57  151339. -383.0    0    0  0.1657  20.65  15.57  14.70  16.68  48.89  19.81 135.64
2024 132  3 20  -22.93   -2.84  -17.49  -790.7    14.7   -10.5  33.53   84670. -426.0    0    0  0.1644  40.63  15.48  14.51  16.78  48.08  19.60 135.99
2024 132  3 25  -18.47   -7.30  -23.30  -757.6    18.5    -6.5  23.71  150521. -416.0    0    0  0.1632  26.38  15.44  14.36  16.89  47.61  19.39 133.25
2024 132  3 30  -14.95  -21.13  -30.43  -702.5    -1.4   -55.5   5.86  202250. -394.0    0    0  0.1621   5.64  15.26  13.97  16.96  46.62  18.58 125.29
2024 132  3 35  -18.51  -22.36  -26.95  -703.1    -5.3   -61.2   7.00  215752. -388.0    0    0  0.1610   6.75  15.07  13.59  17.02  45.59  17.83 118.05
2024 132  3 40  -17.86  -21.35  -28.48  -708.4   -11.7   -59.1   7.08  182606. -384.0    0    0  0.1600   6.93  14.91  13.25  17.08  44.71  17.21 111.39
2024 132  3 45  -16.28  -23.26  -27.88  -713.2   -11.7   -58.7   7.00  181735. -382.0    0    0  0.1591   6.95  14.74  12.92  17.15  43.84  16.63 105.17
2024 132  3 50  -14.15  -21.81  -30.81  -698.4     8.7   -53.7   6.00  154652. -385.0    0    0  0.1583   5.70  14.59  12.61  17.22  43.06  16.08  99.14
2024 132  3 55  -13.95  -21.98  -30.96  -693.5     6.8   -48.6   6.35  194824. -389.0    0    0  0.1575   5.95  14.45  12.33  17.28  42.35  15.60  93.57
2024 132  4  0  -15.20  -22.64  -29.67  -691.5    -4.3   -39.3   6.28  154086. -391.0    0    0  0.1568   5.84  14.30  12.04  17.34  41.58  15.12  88.34
2024 132  4  5  -17.94  -25.12  -24.75  -704.3   -31.5   -19.5   8.47  182064. -388.0    0    0  0.1562   8.16  14.14  11.77  17.40  40.75  14.70  83.88
2024 132  4 10  -19.51  -27.85  -20.80  -705.6   -24.6   -10.4   8.32  205954. -388.0    0    0  0.1556   8.04  13.94  11.47  17.43  39.72  14.21  79.56
2024 132  4 15  -19.48  -29.07  -18.70  -700.8   -25.3    -6.3   7.22  204985. -392.0    0    0  0.1551   6.88  13.71  11.12  17.45  38.56  13.65  75.23
2024 132  4 20  -19.09  -30.35  -15.41  -696.8   -32.9    -3.6   8.61  211662. -391.0    0    0  0.1547   8.12  13.47  10.78  17.45  37.34  13.09  71.31
2024 132  4 25  -17.69  -33.69   -1.65  -707.1   -46.0    33.3  17.99  209417. -403.0    0    0  0.1544  17.54  13.08  10.26  17.41  35.61  12.09  67.42
2024 132  4 30  -19.24  -34.48   -1.02  -704.1   -46.0    26.1  12.50  214247. -396.0    0    0  0.1541  12.07  12.69   9.75  17.37  33.95  11.11  63.30
2024 132  4 35  -19.58  -32.92   -2.06  -707.2   -53.0    53.7  13.84  191782. -425.0    0    0  0.1539  13.56  12.33   9.28  17.32  32.40  10.30  59.77
2024 132  4 40  -15.73  -29.70   12.35  -702.1   -38.3    49.4  24.29  191878. -388.0    0    0  0.1538  23.38  11.94   8.80  17.28  30.87   9.36  55.71
2024 132  4 45  -16.68  -30.54    9.64  -697.7   -26.2    55.6  25.79  180206. -399.0    0    0  0.1537  24.51  11.56   8.33  17.23  29.41   8.51  51.93
2024 132  4 50  -17.64  -32.89    7.08  -700.1   -34.4    53.3  19.78  201578. -412.0    0    0  0.1537  18.93  11.20   7.90  17.19  28.02   7.73  48.41
2024 132  4 55  -17.20  -33.95    9.19  -707.5   -31.3    42.1  13.08  228528. -408.0    0    0  0.1538  12.75  10.85   7.48  17.14  26.69   7.02  45.13
2024 132  5  0  -16.72  -34.46    7.71  -703.7   -22.8    43.9  14.00  207331. -394.0    0    0  0.1540  13.50  10.51   7.09  17.10  25.43   6.38  42.07
2024 132  5  5  -18.67  -33.63    5.51  -695.5   -23.2    45.7  15.01  187759. -383.0    0    0  0.1543  14.14  10.18   6.71  17.05  24.23   5.80  39.21
2024 132  5 10  -17.16  -31.95    6.43  -700.3   -39.0    56.2  34.80  156292. -370.0    0    0  0.1546  33.37   9.86   6.36  17.01  23.08   5.27  36.55
2024 132  5 15  -15.13  -33.60   10.15  -702.6   -37.7    49.9  30.84  169563. -351.0    0    0  0.1550  29.72   9.55   6.03  16.96  21.99   4.78  34.07
2024 132  5 20  -17.41  -33.70    5.00  -693.5   -37.4    58.5  25.59  183997. -368.0    0    0  0.1554  24.08   9.25   5.71  16.92  20.95   4.35  31.76
2024 132  5 25  -18.04  -34.41    2.37  -703.4   -43.0    58.0  23.83  202989. -361.0    0    0  0.1560  23.08   8.95   5.41  16.87  19.96   3.95  29.61
2024 132  5 30  -16.90  -35.96   -2.26  -695.3   -42.5    68.7  23.88  209588. -352.0    0    0  0.1566  22.66   8.72   5.20  16.83  19.09   3.86  29.14
2024 132  5 35  -15.92  -34.79  -11.89  -683.5    -9.0    62.5  22.51  201773. -342.0    0    0  0.1572  20.54   8.66   5.25  16.84  18.82   4.33  30.49
2024 132  5 40  -20.23  -33.25   -8.18  -686.0   -26.3    56.9  20.83  243232. -351.0    0    0  0.1580  19.15   8.54   5.19  16.83  18.30   4.56  30.91
2024 132  5 45  -19.33  -29.11   -0.90  -696.4   -37.4    47.0  33.06  263656. -333.0    0    0  0.1588  31.29   8.29   4.96  16.78  17.46   4.30  30.23
2024 132  5 50  -22.75  -22.96    9.41  -702.6   -45.7    48.0  32.63  322691. -305.0    0    0  0.1597  31.48   8.03   4.70  16.74  16.64   3.91  28.18
2024 132  5 55  -28.65  -25.66    8.07  -709.3   -42.9    33.8  28.34  243287. -304.0    0    0  0.1607  27.78   7.78   4.45  16.70  15.85   3.55  26.27
2024 132  6  0  -26.08  -24.65   -3.78  -704.7   -53.2    24.7  31.27  259014. -312.0    0    0  0.1617  30.29   7.62   4.36  16.67  15.26   3.67  27.41
2024 132  6  5  -20.37  -12.32  -10.68  -681.3   -28.3    22.0  37.92  358132. -311.0    0    0  0.1628  34.19   7.62   4.52  16.68  15.23   4.27  31.53
2024 132  6 10  -17.28   -1.83  -30.87  -674.7    -6.0    30.6  40.52  535120. -307.0    0    0  0.1640  35.81   8.02   5.33  16.85  17.36   5.87  40.61
2024 132  6 15  -11.25    2.80  -35.77  -686.3    -1.1    36.1  37.10  467767. -296.0    0    0  0.1652  33.94   8.48   6.19  17.07  19.95   7.52  49.19
2024 132  6 20  -19.70    4.30  -27.79  -682.6   -10.7    42.8  38.51  466424. -299.0    0    0  0.1665  34.90   8.79   6.79  17.22  21.47   8.68  56.11
2024 132  6 25  -25.20   -3.63  -20.10  -662.2     5.6    13.9  39.66  722112. -302.0    0    0  0.1679  33.70   8.94   7.14  17.29  22.01   9.30  60.57
2024 132  6 30  -21.57    1.38  -32.76  -678.0    -0.2    37.0  42.95  524750. -317.0    0    0  0.1693  38.36   9.35   7.91  17.49  24.15  10.59  69.09
2024 132  6 35  -21.70    6.50  -38.94  -676.3     6.9    31.6  38.18  541539. -315.0    0    0  0.1708  33.90   9.83   8.74  17.73  26.81  11.91  76.26
2024 132  6 40  -17.96   11.67  -37.99  -686.3   -10.1    33.2  29.79  225194. -306.0    0    0  0.1724  27.25  10.22   9.35  17.94  28.90  12.91  79.96
2024 132  6 45  -16.94   14.10  -38.50  -689.7   -15.9    33.4  29.48  233346. -289.0    0   -1  0.1741  27.24  10.60   9.94  18.17  30.96  13.84  83.47
2024 132  6 50  -15.44   17.54  -37.55  -693.1   -21.7    33.5  29.17  241499. -301.0    0    0  0.1758  27.23  10.95  10.46  18.38  32.82  14.66  86.61
2024 132  6 55  -13.54   18.98  -35.04  -692.7   -23.0    43.0  32.39  221176. -340.0    0    0  0.1775  30.25  11.28  10.95  18.58  34.44  15.40  90.41
2024 132  7  0  -13.17   21.04  -31.41  -691.2   -30.9    32.1  36.43  264901. -372.0    0    0  0.1794  33.85  11.56  11.39  18.76  35.69  16.00  94.81
2024 132  7  5  -13.53   20.75  -29.68  -683.9   -19.0    30.0  39.00  277244. -362.0    0    0  0.1813  35.43  11.82  11.78  18.92  36.71  16.48  99.20
2024 132  7 10   -8.38   24.49  -28.32  -688.2   -23.6    32.4  39.05  273822. -360.0    0    0  0.1832  35.95  12.04  12.11  19.07  37.54  16.88 103.21
2024 132  7 15   -7.24   29.29  -24.43  -689.3   -33.4    28.1  38.43  278177. -367.0    0    0  0.1852  35.51  12.17  12.31  19.18  37.86  17.05 105.98
2024 132  7 20   -4.80   32.04  -19.35  -690.8   -46.4    24.2  40.11  280271. -380.0    0    0  0.1873  37.29  12.21  12.35  19.26  37.65  16.98 107.96
2024 132  7 25   -1.64   35.34  -11.14  -693.8   -51.3    12.6  40.90  237958. -388.0    0    0  0.1894  38.36  12.09  12.12  19.27  36.63  16.45 107.69
2024 132  7 30   -1.76   35.32  -15.18  -694.7   -56.1     9.4  40.23  232146. -381.0    0    0  0.1916  37.86  12.05  12.04  19.31  36.05  16.22 108.58
2024 132  7 35    2.02   37.65    0.14  -698.3   -58.8     0.3  31.25  244239. -400.0    0    0  0.1939  29.73  11.67  11.41  19.26  34.34  14.73 101.21
2024 132  7 40    2.77   34.10    5.35  -707.5   -46.5    -0.0  27.67  308345. -403.0    0    0  0.1962  26.94  11.30  10.81  19.21  32.72  13.39  94.35
2024 132  7 45   -2.01   31.61    8.61  -704.0   -12.2    -1.1  38.53  191289. -374.0    0    0  0.1986  37.00  10.95  10.24  19.16  31.17  12.16  87.95
2024 132  7 50   -3.14   31.02   13.19  -703.3     9.3    17.3  35.87  205380. -399.0    0    0  0.2010  34.39  10.60   9.70  19.11  29.70  11.05  81.98
2024 132  7 55    1.27   20.13   -7.91  -698.4   -18.3    -3.9  32.78  412361. -384.0    0    0  0.2034  30.99  10.44   9.47  19.10  28.74  10.78  80.90
2024 132  8  0   11.42   -8.41  -15.77  -707.8    23.6   -27.7  25.07  393048. -407.0    0    0  0.2059  24.39  10.41   9.41  19.13  28.38  10.90  80.21
2024 132  8  5    3.87   -3.50   -7.62  -719.3     9.0   -40.2  24.40  885532. -399.0    0    0  0.2085  24.53  10.24   9.14  19.11  27.43  10.58  78.03
2024 132  8 10   -1.50   16.31  -16.67  -704.4    26.2   -38.5  24.89  585800. -408.0    0    0  0.2111  24.03  10.23   9.13  19.15  27.20  10.75  77.59
2024 132  8 15   -3.96   22.03  -12.40  -712.0    21.4   -45.8  29.72  591683. -379.0    0    0  0.2138  29.33  10.16   9.04  19.17  26.71  10.78  77.64
2024 132  8 20    4.06   30.12   -8.12  -727.1   -24.3   -37.3  31.73  383985. -346.0    0    0  0.2165  32.61  10.03   8.84  19.16  25.92  10.60  77.20
2024 132  8 25   -5.72   26.69  -24.41  -714.7   -22.5   -28.7  30.24  174068. -356.0    0    0  0.2193  30.00  10.19   9.11  19.27  26.68  11.27  79.83
2024 132  8 30   -7.78   23.77  -31.18  -709.8     8.7   -30.9  15.38  133237. -355.0    0    0  0.2221  15.04  10.33   9.26  19.39  27.43  11.71  78.17
2024 132  8 35  -10.53   26.28  -31.61  -728.3    27.0   -25.6   7.42  104220. -397.0    0    0  0.2249   7.64  10.36   9.20  19.48  27.68  11.79  74.48
2024 132  8 40  -10.66   24.30  -32.63  -723.5    22.5   -51.5   9.62  105793. -383.0    0    0  0.2278   9.81  10.44   9.22  19.58  28.17  12.01  71.67
2024 132  8 45   -7.80   21.96  -34.84  -713.5    20.5   -41.5   9.20  118469. -378.0    0    0  0.2307   9.11  10.53   9.25  19.69  28.72  12.21  68.92
2024 132  8 50   -9.71   20.22  -34.68  -704.6    25.8   -45.5  10.59  149025. -375.0    0    0  0.2337  10.24  10.64   9.33  19.81  29.33  12.44  66.70
2024 132  8 55   -1.61   21.55  -35.05  -697.6    25.1   -45.8  11.24  161779. -370.0    0    0  0.2367  10.65  10.75   9.42  19.93  29.96  12.67  64.77
2024 132  9  0   -4.13   18.60  -36.43  -701.1    32.6   -35.0  11.75  151947. -358.0    0    0  0.2398  11.24  10.88   9.54  20.05  30.72  12.95  63.21
2024 132  9  5   -4.60   17.83  -36.88  -675.2     0.9   -31.8   6.65  220944. -354.0    0    0  0.2428   5.89  10.91   9.50  20.14  30.91  12.85  60.18
2024 132  9 10   -2.88   16.22  -37.64  -677.1    -0.5   -23.9   5.91  156385. -339.0    0    0  0.2459   5.25  10.93   9.43  20.22  31.06  12.73  57.21
2024 132  9 15   -2.69   13.09  -37.04  -680.2    -1.2   -15.8  16.87  132334. -330.0    0    0  0.2491  15.13  11.12   9.70  20.36  32.09  13.16  57.50
2024 132  9 20   -6.56   13.33  -37.83  -673.1     2.1   -20.2   4.97  161325. -329.0    0    0  0.2523   4.37  11.11   9.58  20.43  32.06  12.93  54.48
2024 132  9 25   -7.49   13.18  -38.10  -684.2   -20.7   -23.2  13.04  106660. -332.0    0    0  0.2555  11.85  11.26   9.76  20.57  32.88  13.24  53.89
2024 132  9 30   -6.59    8.53  -34.60  -700.5    -1.1   -12.9  24.42  130525. -337.0    0    0  0.2587  23.22  11.50  10.13  20.74  34.12  13.89  57.12
2024 132  9 35    1.47    7.51  -29.48  -697.2     2.9   -34.0  28.06  135417. -300.0    0    0  0.2620  26.48  11.69  10.42  20.88  34.89  14.37  60.70
2024 132  9 40   -5.08    4.84  -31.88  -698.9     5.9   -31.3  41.31  141125. -259.0    0    0  0.2653  39.17  12.00  10.97  21.07  36.38  15.22  69.32
2024 132  9 45   -5.83    3.89  -31.37  -697.2     3.8   -19.2  21.72  133689. -262.0    0    0  0.2686  20.47  12.15  11.15  21.20  36.97  15.48  70.19
2024 132  9 50   -5.11    2.34  -33.22  -699.2     8.2   -17.3  22.77  112563. -276.0    0    0  0.2719  21.58  12.33  11.39  21.35  37.78  15.81  71.57
2024 132  9 55   -6.90    7.07  -23.55  -697.0     8.0   -17.7  22.43  156336. -287.0    0   -1  0.2753  21.12  12.35  11.39  21.43  37.59  15.73  71.68
2024 132 10  0   -7.09    7.31  -23.58  -694.7     7.8   -18.0  22.09  200109. -317.0    0   -1  0.2787  20.67  12.36  11.38  21.50  37.40  15.64  71.66
2024 132 10  5   -6.94    3.43  -24.33  -692.5     7.5   -18.4  21.76  243882. -326.0    0   -1  0.2821  20.23  12.38  11.38  21.58  37.26  15.57  71.59
2024 132 10 10   -6.57    3.88  -23.77  -690.2     7.3   -18.7  21.42  287654. -341.0    0   -1  0.2855  19.78  12.39  11.37  21.65  37.07  15.47  71.34
2024 132 10 15   -6.19    4.91  -23.86  -688.0     7.1   -19.1  21.08  331427. -345.0    0   -1  0.2889  19.34  12.40  11.35  21.72  36.87  15.37  70.98
2024 132 10 20   -7.36    7.49  -21.77  -685.8     6.9   -19.4  20.75  375200. -330.0    0   -1  0.2924  18.92  12.37  11.29  21.77  36.49  15.18  70.32
2024 132 10 25   -5.22    4.42  -22.79  -683.5     6.6   -19.8  20.41  418973. -311.0    0   -1  0.2958  18.49  12.35  11.24  21.83  36.20  15.04  69.69
2024 132 10 30    2.99    0.01  -15.29  -681.3     6.4   -20.1  20.07  462746. -346.0    0    0  0.2993  18.06  12.22  11.03  21.84  35.32  14.59  68.20
2024 132 10 35    4.98    5.06   -9.77  -673.3    -3.2   -29.3  32.71  274564. -331.0    0    0  0.3028  28.78  12.04  10.78  21.82  34.21  14.07  68.17
2024 132 10 40    6.72    0.24  -14.13  -711.2     4.7   -42.3  44.32  162506. -337.0    0    0  0.3063  43.58  12.00  10.77  21.86  33.72  14.08  72.94
2024 132 10 45    1.77    3.42  -15.31  -701.0    19.6    -3.4  20.18  357400. -343.0    0    0  0.3098  19.22  11.89  10.58  21.87  32.99  13.77  71.49
2024 132 10 50    3.15    6.90  -10.57  -733.5    -8.8   -26.2  25.08  352223. -353.0    0    0  0.3133  26.17  11.73  10.34  21.87  32.05  13.40  70.86
2024 132 10 55   -0.18   10.40   -2.81  -707.9    -8.9    -8.1  20.25  350863. -344.0    0    0  0.3168  19.66  11.41   9.88  21.82  30.62  12.48  67.50
2024 132 11  0   -0.08    6.52   -0.42  -718.3   -19.8   -25.4  18.65  534363. -318.0    0    0  0.3203  18.68  11.07   9.37  21.76  29.18  11.41  63.41
2024 132 11  5   -2.97    3.56   -2.27  -727.8   -22.8   -37.0  17.48  556348. -330.0    0    0  0.3238  18.00  10.76   8.94  21.71  27.87  10.63  60.26
2024 132 11 10   -2.98    4.66   -7.88  -744.6   -36.9   -47.8  18.69  386667. -324.0    0    0  0.3273  20.20  10.57   8.68  21.69  26.93  10.32  58.76
2024 132 11 15    2.14    0.36   -5.35  -770.2   -23.7   -46.9  20.46  474808. -326.0    0    0  0.3308  23.62  10.35   8.37  21.66  25.90   9.92  57.33
2024 132 11 20   13.25    4.48    6.45  -811.4   -67.8   -63.5  20.25  263605. -320.0    0    0  0.3342  26.16  10.02   7.93  21.60  24.67   9.01  53.44
2024 132 11 25    8.80   -0.66    5.73  -806.1   -54.0   -48.1  21.16  177800. -299.0    0    0  0.3377  26.85   9.71   7.52  21.54  23.51   8.19  49.81
2024 132 11 30  -15.26   -3.17   -8.36  -799.4   -38.2   -40.1  18.09  104390. -276.0    0    0  0.3412  22.50   9.56   7.34  21.53  22.83   8.20  49.48
2024 132 11 35  -17.90   -1.97  -10.75  -803.0   -57.3   -50.1  17.30   85486. -275.0    0    0  0.3447  21.80   9.47   7.21  21.53  22.36   8.35  49.47
2024 132 11 40  -17.38    1.27  -15.39  -806.1   -62.3   -46.0  11.30  104061. -265.0    0    0  0.3481  14.35   9.41   7.12  21.55  22.12   8.56  48.51
2024 132 11 45  -17.48    1.18  -15.44  -807.0   -68.2   -47.1  11.75  101321. -261.0    0    0  0.3516  14.98   9.35   7.04  21.58  21.91   8.78  47.74
2024 132 11 50   -6.86    9.22  -16.59  -798.7   -49.8   -59.5  13.81  131506. -271.0    0    0  0.3550  17.23   9.33   7.01  21.62  21.84   9.08  47.64
2024 132 11 55    0.72   17.03  -17.13  -801.3   -55.1   -58.9  15.32  143953. -274.0    0    0  0.3584  19.25   9.33   7.01  21.66  21.87   9.43  48.08
2024 132 12  0    2.13   17.30  -16.65  -806.7   -52.3   -58.4  14.27  119319. -278.0    0    0  0.3618  18.16   9.32   7.00  21.71  21.84   9.70  48.18
2024 132 12  5    1.17   16.33  -19.03  -801.9   -49.8   -53.7  13.22  113653. -280.0    0    0  0.3652  16.60   9.33   7.01  21.76  21.96  10.01  48.14
2024 132 12 10    2.22   16.65  -18.04  -803.2   -58.0   -58.2  11.36  159026. -290.0    0    0  0.3685  14.34   9.32   6.97  21.80  21.93  10.18  47.48
2024 132 12 15   -0.62   15.43  -18.83  -836.0   -76.7   -62.3  10.44   84382. -287.0    0    0  0.3718  14.33   9.31   6.93  21.86  21.97  10.41  46.91
2024 132 12 20  -11.25   13.06  -20.75  -817.6   -72.0   -55.8  10.87   95417. -283.0    0    0  0.3751  14.25   9.33   6.94  21.92  22.15  10.68  46.51
2024 132 12 25  -12.45   12.44  -20.45  -817.1   -73.4   -52.9  10.36   93394. -284.0    0    0  0.3784  13.56   9.34   6.93  21.98  22.27  10.88  45.94
2024 132 12 30  -12.68   11.67  -20.16  -814.4   -64.2   -51.4  10.84  147702. -290.0    0    0  0.3816  14.07   9.35   6.92  22.04  22.38  11.07  45.52
2024 132 12 35  -14.31   10.11  -20.18  -804.3   -59.5   -51.5  10.72  124088. -296.0    0    0  0.3849  13.56   9.35   6.91  22.09  22.46  11.21  45.01
2024 132 12 40  -13.45   10.83  -21.37  -811.2   -65.0   -49.4   7.94  119214. -290.0    0    0  0.3881  10.22   9.34   6.86  22.14  22.49  11.26  43.82
2024 132 12 45  -14.51   10.58  -21.04  -809.3   -66.0   -53.0   9.52   92622. -286.0    0    0  0.3912  12.21   9.34   6.85  22.20  22.58  11.37  43.15
2024 132 12 50  -16.66    7.05  -21.34  -806.4   -67.7   -47.8   8.87   95014. -288.0    0    0  0.3943  11.29   9.34   6.83  22.26  22.65  11.45  42.33
2024 132 12 55  -16.13    6.93  -21.88  -804.5   -88.2   -33.6   7.69   84377. -291.0    0    0  0.3974   9.77   9.33   6.78  22.31  22.68  11.47  41.24
2024 132 13  0  -14.61    9.11  -22.55  -804.0   -74.4   -43.0   7.32  104113. -289.0    0    0  0.4004   9.27   9.32   6.75  22.36  22.73  11.49  40.13
2024 132 13  5  -14.80    6.24  -23.51  -801.8   -68.9   -40.3   9.24   90945. -292.0    0    0  0.4035  11.62   9.35   6.77  22.43  22.95  11.64  39.71
2024 132 13 10  -15.15    6.47  -22.95  -803.6   -87.2   -39.8   7.21   78372. -298.0    0    0  0.4064   9.15   9.34   6.73  22.49  23.01  11.65  38.70
2024 132 13 15  -14.79    7.75  -22.26  -798.8   -79.7   -38.2   8.80   83676. -302.0    0    0  0.4093  11.01   9.35   6.72  22.54  23.10  11.72  38.16
2024 132 13 20  -15.33    4.36  -21.72  -790.5   -82.6   -44.8   9.75   79077. -303.0    0    0  0.4122  11.97   9.36   6.73  22.60  23.19  11.78  37.87
2024 132 13 25  -12.68    7.54  -23.28  -788.3   -76.4   -32.2  11.83   65040. -304.0    0    0  0.4150  14.40   9.41   6.80  22.67  23.50  11.99  38.31
2024 132 13 30  -11.91    9.86  -22.38  -791.6   -80.0   -40.1  11.95   75496. -306.0    0    0  0.4178  14.69   9.45   6.86  22.74  23.74  12.16  38.73
2024 132 13 35  -12.18   11.13  -21.26  -787.2   -83.8   -43.0  11.35   66469. -306.0    0    0  0.4206  13.82   9.47   6.88  22.80  23.84  12.23  38.82
2024 132 13 40  -11.38   12.53  -20.53  -782.5   -84.4   -51.5  11.47   68225. -306.0    0    0  0.4233  13.82   9.48   6.89  22.85  23.87  12.27  38.86
2024 132 13 45   -9.50   13.00  -20.72  -791.9   -77.3   -46.0  12.12   59874. -308.0    0    0  0.4259  14.91   9.50   6.91  22.91  23.97  12.35  39.17
2024 132 13 50   -9.11   12.55  -20.70  -786.6   -62.8   -48.2  10.12   57136. -307.0    0    0  0.4285  12.25   9.49   6.90  22.96  23.95  12.33  38.82
2024 132 13 55   -7.63   14.69  -18.55  -782.8   -50.6   -48.9  10.00   76755. -306.0    0    0  0.4310  11.97   9.46   6.85  22.99  23.77  12.21  38.29
2024 132 14  0   -7.35   12.89  -19.96  -781.8   -67.0   -51.1   9.78   82038. -306.0    0    0  0.4335  11.71   9.44   6.83  23.03  23.69  12.15  37.83
2024 132 14  5  -10.29    9.66  -19.16  -756.9   -17.1   -36.8   8.31   71000. -310.0    0    0  0.4359   9.25   9.38   6.76  23.05  23.45  11.94  36.82
2024 132 14 10   -7.98   12.44  -18.16  -769.6   -41.5   -56.2   7.30   80023. -314.0    0    0  0.4383   8.44   9.31   6.66  23.07  23.13  11.70  35.67
2024 132 14 15   -7.65   13.74  -17.63  -769.6   -35.0   -39.9   9.81   85406. -314.0    0    0  0.4406  11.31   9.26   6.61  23.09  22.90  11.57  35.16
2024 132 14 20  -10.08   12.01  -17.40  -767.8   -25.2   -40.1  10.35   86123. -303.0    0    0  0.4428  11.86   9.22   6.56  23.11  22.68  11.45  34.80
2024 132 14 25   -9.81   12.93  -16.78  -762.4   -38.9   -55.6  10.71   78670. -303.0    0    0  0.4450  12.15   9.17   6.52  23.13  22.44  11.33  34.48
2024 132 14 30   -8.90   13.00  -18.22  -765.3   -27.4   -34.1   9.94   78277. -303.0    0    0  0.4471  11.31   9.13   6.48  23.15  22.28  11.25  34.09
2024 132 14 35   -7.43   10.40  -19.95  -766.1   -49.6   -29.4   8.58   76835. -297.0    0    0  0.4491   9.81   9.11   6.45  23.18  22.18  11.19  33.49
2024 132 14 40   -6.47   10.06  -20.94  -760.8   -62.0   -27.2   9.98   78966. -291.0    0    0  0.4511  11.28   9.11   6.46  23.22  22.21  11.21  33.31
2024 132 14 45  -11.29    6.31  -19.12  -757.9   -59.6   -38.1   9.84   73166. -286.0    0    0  0.4530  11.04   9.08   6.44  23.25  22.10  11.16  33.00
2024 132 14 50  -11.48    5.94  -19.41  -765.3   -74.0   -33.1  11.03   78836. -283.0    0    0  0.4549  12.65   9.07   6.44  23.28  22.09  11.19  33.08
2024 132 14 55  -11.41    5.95  -19.21  -770.9   -82.3   -24.8  12.72   72605. -277.0    0    0  0.4567  14.82   9.08   6.48  23.32  22.13  11.28  33.66
2024 132 15  0  -11.61    4.35  -19.44  -768.9   -80.6   -13.3  12.92   59385. -274.0    0    0  0.4584  14.96   9.10   6.51  23.36  22.20  11.38  34.25
2024 132 15  5  -10.46   -0.13  -16.56  -779.9   -58.3     3.3  11.01   54960. -282.0    0    0  0.4600  13.04   9.05   6.47  23.38  22.00  11.30  34.14
2024 132 15 10   -7.69   -1.06  -12.32  -812.5   -24.1     7.7   7.25   65017. -281.0    0    0  0.4616   9.28   8.93   6.31  23.37  21.46  10.97  33.05
2024 132 15 15   -7.28   -0.23  -11.89  -811.6   -37.2    10.7   6.94   56022. -281.0    0    0  0.4631   8.87   8.81   6.16  23.36  20.91  10.64  31.94
2024 132 15 20   -8.68   -2.01  -10.58  -808.2   -24.4    12.4   6.76   56485. -280.0    0    0  0.4645   8.56   8.67   5.99  23.34  20.32  10.27  30.79
2024 132 15 25   -8.63   -1.56  -10.95  -802.2   -32.6     3.3   5.18   65975. -278.0    0    0  0.4659   6.47   8.52   5.81  23.32  19.72   9.89  29.43
2024 132 15 30   -8.68    0.93  -10.89  -810.0   -16.6     4.6   6.08   74664. -283.0    0    0  0.4672   7.73   8.39   5.65  23.30  19.18   9.58  28.35
2024 132 15 35   -8.35   -2.12  -10.83  -810.9   -27.7     1.6   6.85   96897. -283.0    0    0  0.4684   8.74   8.27   5.51  23.28  18.69   9.33  27.48
2024 132 15 40   -8.46   -2.72  -10.37  -814.2    -9.1    -3.9   7.01   77713. -285.0    0    0  0.4695   9.00   8.15   5.38  23.26  18.20   9.09  26.69
2024 132 15 45   -8.56    0.25  -10.77  -797.6   -14.8    17.0   8.19  117181. -287.0    0    0  0.4705  10.10   8.04   5.27  23.24  17.77   8.91  26.15
2024 132 15 50   -8.37    1.99  -11.02  -792.4   -60.8     4.7   4.76   56946. -285.0    0    0  0.4715   5.82   7.91   5.12  23.21  17.28   8.63  25.02
2024 132 15 55   -8.41   -1.06   -9.90  -788.6     3.5     3.4   6.11   57790. -288.0    0    0  0.4724   7.36   7.78   4.99  23.19  16.80   8.37  24.14
2024 132 16  0   -7.24   -1.73  -10.37  -779.8   -43.2    22.9   5.75   61404. -289.0    0    0  0.4732   6.80   7.66   4.87  23.16  16.34   8.14  23.26
2024 132 16  5   -6.71   -2.13  -10.69  -793.5   -33.5    13.0   5.46   70231. -291.0    0    0  0.4739   6.67   7.55   4.75  23.13  15.93   7.94  22.43
2024 132 16 10   -6.47   -1.96  -10.57  -791.1   -22.8    12.6   6.40   57308. -292.0    0    0  0.4746   7.77   7.44   4.65  23.11  15.55   7.79  21.81
2024 132 16 15   -7.79   -4.29   -8.08  -790.5   -15.3    13.8   6.30   55060. -295.0    0    0  0.4752   7.63   7.31   4.52  23.08  15.07   7.55  21.10
2024 132 16 20   -7.35   -6.63   -6.52  -782.6   -14.1    19.5   7.97   50365. -294.0    0    0  0.4756   9.46   7.17   4.39  23.04  14.57   7.30  20.56
2024 132 16 25   -7.50   -6.79   -5.81  -780.2   -11.5    18.9   6.21   50824. -293.0    0    0  0.4761   7.33   7.02   4.24  22.99  14.05   7.00  19.78
2024 132 16 30   -6.09   -9.29   -5.37  -787.4   -10.6    22.1   4.61   66916. -293.0    0    0  0.4764   5.54   6.86   4.09  22.95  13.52   6.67  18.85
2024 132 16 35   -6.98   -7.66   -5.92  -785.5    -8.6    14.8   4.56   49920. -291.0    0    0  0.4766   5.45   6.71   3.95  22.90  13.02   6.39  17.99
2024 132 16 40   -7.45   -7.43   -5.65  -789.2   -10.4     7.9   3.63   58311. -295.0    0    0  0.4768   4.38   6.56   3.80  22.85  12.53   6.10  17.08
2024 132 16 45   -7.89   -6.95   -6.11  -788.8   -11.7     7.4   2.88   66177. -289.0    0    0  0.4769   3.47   6.41   3.66  22.81  12.07   5.82  16.17
2024 132 16 50   -7.32   -6.81   -7.00  -785.5     1.0    10.7   3.19   55009. -286.0    0    0  0.4769   3.81   6.28   3.54  22.76  11.66   5.61  15.37
2024 132 16 55   -7.17   -7.43   -6.66  -783.5    -3.1     9.4   2.41   51946. -283.0    0    0  0.4768   2.87   6.14   3.41  22.72  11.24   5.38  14.53
2024 132 17  0   -7.05   -7.70   -6.22  -775.8    -7.8    15.0   2.60   52596. -279.0    0    0  0.4767   3.03   6.00   3.29  22.67  10.83   5.15  13.75
2024 132 17  5   -5.91   -8.13   -5.39  -779.9    -6.1     7.3   3.95   45500. -271.0    0    0  0.4764   4.65   5.87   3.17  22.62  10.43   4.97  13.15
2024 132 17 10   -4.26   -4.29   -4.26  -795.8   -16.3     3.5   5.78   81198. -265.0    0    0  0.4761   7.09   5.74   3.07  22.57  10.05   4.81  12.75
2024 132 17 15   -5.92   -4.13   -4.05  -787.2   -20.8     5.7   4.76  111128. -263.0    0    0  0.4757   5.72   5.61   2.96  22.52   9.66   4.63  12.25
2024 132 17 20   -5.84   -1.91   -2.87  -809.5   -21.5    -7.0   5.64  127180. -261.0    0    0  0.4752   7.16   5.47   2.85  22.47   9.27   4.43  11.82
2024 132 17 25   -6.79   -1.79   -1.16  -807.6   -13.4    -4.5   5.32  179957. -250.0    0    0  0.4747   6.72   5.32   2.72  22.41   8.85   4.14  11.25
2024 132 17 30   -6.02   -3.22   -0.43  -801.2   -22.9    -8.8   5.46  183347. -252.0    0    0  0.4740   6.80   5.16   2.58  22.35   8.44   3.82  10.62
2024 132 17 35   -6.91   -2.70   -0.15  -804.6   -22.3    -7.9   5.56  172796. -250.0    0    0  0.4733   6.98   5.00   2.45  22.30   8.04   3.50   9.98
2024 132 17 40   -6.37   -4.57   -0.24  -810.9   -25.6   -13.4   4.93  120200. -239.0    0    0  0.4725   6.29   4.85   2.33  22.24   7.66   3.22   9.40
2024 132 17 45   -7.51   -2.71    0.42  -809.9   -15.9    -5.4   4.83  136963. -237.0    0    0  0.4716   6.14   4.69   2.20  22.18   7.30   2.93   8.76
2024 132 17 50   -6.35   -4.79    0.42  -815.3   -38.3    -2.3   4.33  108553. -242.0    0    0  0.4707   5.59   4.55   2.09  22.12   6.96   2.66   8.17
2024 132 17 55   -4.24   -1.22    1.19  -813.9   -23.6   -16.8   4.04  113486. -233.0    0    0  0.4697   5.19   4.40   1.98  22.06   6.63   2.42   7.61
2024 132 18  0   -5.89    7.11    2.63  -825.6   -29.7   -14.8   4.07  103998. -223.0    0    0  0.4685   5.38   4.26   1.87  22.00   6.31   2.19   7.09
2024 132 18  5   -6.23    6.58    3.42  -832.6   -49.6   -12.8   3.70   91955. -222.0    0    0  0.4674   4.99   4.13   1.77  21.94   6.01   1.99   6.61
2024 132 18 10   -7.11    6.37    2.72  -832.2   -47.2    -5.4   4.20   91990. -220.0    0    0  0.4661   5.65   4.00   1.68  21.88   5.73   1.81   6.16
2024 132 18 15    0.64    7.71    2.14  -846.9   -49.1   -16.5   7.29  115365. -218.0    0    0  0.4648  10.17   3.87   1.59  21.83   5.46   1.65   5.75
2024 132 18 20    2.91    9.64    2.76  -852.6   -37.4   -30.6   9.05  114220. -200.0    0    0  0.4633  12.78   3.75   1.51  21.77   5.20   1.50   5.35
2024 132 18 25    7.50   12.90    1.83  -889.2   -30.8   -44.0  12.98  111376. -190.0    0    0  0.4619  19.95   3.63   1.43  21.71   4.95   1.36   4.99
2024 132 18 30    9.33   15.99    0.89  -909.1   -29.0   -51.0  12.59  151602. -193.0    0    0  0.4603  20.24   3.52   1.35  21.65   4.72   1.23   4.65
2024 132 18 35    8.01   14.57    1.42  -912.8   -10.5   -47.2   9.66  131091. -198.0    0    0  0.4587  15.63   3.41   1.28  21.60   4.50   1.12   4.34
2024 132 18 40    9.33   13.20    1.14  -916.0   -18.1   -58.9  14.29  200712. -177.0    0    0  0.4570  23.33   3.30   1.22  21.54   4.28   1.02   4.04
2024 132 18 45   -2.45   -1.82   -0.92  -869.7    32.7   -61.8   8.95  560561. -178.0    0    0  0.4552  13.20   3.22   1.17  21.48   4.10   1.07   4.24
2024 132 18 50   -9.06   -9.64   -3.64  -846.7    75.0   -69.7   7.04  598166. -200.0    0    0  0.4534   9.92   3.17   1.17  21.44   4.01   1.29   4.64
2024 132 18 55   -9.42   -7.06   -4.13  -847.0    59.0   -71.3   6.95  571419. -195.0    0    0  0.4515   9.77   3.13   1.18  21.40   3.94   1.52   5.05
2024 132 19  0   -4.34   -4.62   -8.93  -862.2    76.4   -60.5   7.59  694093. -190.0    0    0  0.4495  11.07   3.16   1.26  21.38   4.12   2.01   5.98
2024 132 19  5    0.49   -0.65  -11.17  -891.2    69.4   -49.7   6.83  537203. -187.0    0    0  0.4475  10.60   3.22   1.36  21.38   4.41   2.58   6.94
2024 132 19 10    7.18    7.96   -0.90  -910.6    28.5   -53.6  10.24  315179. -198.0    0    0  0.4454  16.52   3.14   1.31  21.32   4.22   2.50   7.08
2024 132 19 15   10.23    9.42    6.62  -898.4     5.3  -106.6   8.35  449427. -188.0    0    0  0.4432  13.24   3.04   1.24  21.27   4.02   2.27   6.60
2024 132 19 20    7.49    9.17    8.67  -887.2     2.9  -116.8   9.36  342992. -178.0    0    0  0.4410  14.52   2.95   1.17  21.21   3.83   2.06   6.15
2024 132 19 25    2.56    7.11   10.18  -884.8     1.0  -107.1  11.57  336114. -202.0    0    0  0.4387  17.80   2.85   1.11  21.16   3.65   1.88   5.73
2024 132 19 30    0.82    7.37   10.60  -883.9     4.5  -110.0  11.28  311988. -209.0    0    0  0.4364  17.34   2.76   1.05  21.10   3.48   1.70   5.35
2024 132 19 35   -0.11    5.95    9.91  -872.6     9.6  -110.4  10.07  283553. -225.0    0    0  0.4340  15.09   2.68   1.00  21.04   3.31   1.55   4.98
2024 132 19 40   -0.79    7.16    8.52  -874.7     7.3  -112.1  10.00  299061. -206.0    0    0  0.4315  15.06   2.59   0.95  20.99   3.16   1.41   4.65
2024 132 19 45    1.80    2.43   10.33  -863.3    14.5  -114.2   8.47  277371. -216.0    0    0  0.4290  12.44   2.51   0.90  20.93   3.01   1.28   4.33
2024 132 19 50    1.56    2.31   10.07  -874.7    21.4   -73.4   4.54  393264. -218.0    0    0  0.4264   6.78   2.43   0.85  20.88   2.86   1.16   4.04
2024 132 19 55    1.24   -0.61    5.84  -880.4    34.3   -72.2   5.47  440445. -219.0    0   -1  0.4238   8.28   2.36   0.80  20.82   2.73   1.05   3.76
2024 132 20  0    1.54   -1.94   -3.35  -886.0    47.3   -71.0   6.41  487625. -208.0    0   -1  0.4211   9.84   2.33   0.82  20.78   2.69   1.27   4.16
2024 132 20  5    1.03    3.01   -2.61  -891.7    60.2   -69.8   7.34  534806. -240.0    0    0  0.4184  11.43   2.30   0.82  20.73   2.64   1.43   4.56
2024 132 20 10    1.00    1.20    3.41  -884.9    41.9   -84.0   7.07  445526. -225.0    0   -1  0.4157  10.84   2.23   0.78  20.68   2.51   1.30   4.25
2024 132 20 15   -0.00    1.57    2.24  -878.1    23.5   -98.3   6.81  356245. -190.0    0    0  0.4128  10.31   2.16   0.74  20.62   2.40   1.18   3.96
2024 132 20 20    4.44   -1.29   -8.47  -906.6    93.7   -37.5   5.11  474808. -191.0    0    0  0.4100   8.24   2.20   0.81  20.60   2.58   1.64   4.54
2024 132 20 25    4.19    4.15   -4.95  -909.0    46.6   -13.8   6.25  323161. -184.0    0    0  0.4071  10.03   2.21   0.84  20.57   2.62   1.91   5.05
2024 132 20 30    5.47    1.99   -5.09  -918.4     5.6   -41.7   8.29  259639. -176.0    0    0  0.4041  13.57   2.22   0.89  20.54   2.69   2.23   5.93
2024 132 20 35    6.17    2.62   -4.31  -909.0    32.4   -37.3   7.09  302316. -187.0    0    0  0.4012  11.38   2.22   0.91  20.50   2.71   2.42   6.42
2024 132 20 40    5.63    3.85   -3.71  -913.8    36.4   -23.4   6.33  294762. -191.0    0    0  0.3981  10.26   2.21   0.93  20.46   2.69   2.55   6.70
2024 132 20 45    5.67    3.42   -1.66  -908.0    14.6   -44.8   8.57  207623. -180.0    0    0  0.3951  13.72   2.17   0.91  20.41   2.60   2.54   6.92
2024 132 20 50    5.10    2.77   -0.15  -905.7    29.9   -61.7  10.00  209633. -173.0    0    0  0.3920  15.98   2.10   0.87  20.35   2.48   2.35   6.68
2024 132 20 55    5.95    5.12   -4.11  -898.8    12.2   -38.2   8.35  176990. -176.0    0    0  0.3889  13.09   2.11   0.90  20.32   2.51   2.54   7.26
2024 132 21  0    7.98    1.64    1.35  -897.9     2.2   -46.9   8.65  165941. -179.0    0    0  0.3857  13.55   2.04   0.85  20.26   2.39   2.31   6.77
2024 132 21  5    6.19   -2.95   -5.38  -902.0    -6.6   -60.7  10.59  157872. -164.0    0    0  0.3825  16.77   2.07   0.92  20.24   2.50   2.65   7.95
2024 132 21 10    3.20    0.25   -7.40  -891.5   -28.0   -62.7   8.06  266427. -148.0    0    0  0.3793  12.48   2.12   0.99  20.22   2.68   3.00   8.75
2024 132 21 15   -5.60   -1.96   12.90  -892.1   -17.1   -66.3   5.11  231433. -172.0    0    0  0.3760   7.92   2.06   0.94  20.16   2.56   2.73   8.16
2024 132 21 20   -8.79   -4.31    8.96  -893.3     2.0   -51.5   7.02  128300. -169.0    0    0  0.3727  10.89   1.99   0.89  20.11   2.44   2.48   7.60
2024 132 21 25   -9.69   -2.58    8.10  -894.1     1.0   -16.4   7.78  206350. -174.0    0    0  0.3694  12.05   1.93   0.84  20.06   2.32   2.25   7.09
2024 132 21 30   -2.41   -4.24    9.28  -886.9     7.7   -48.0   6.28  249383. -169.0    0    0  0.3661   9.60   1.87   0.80  20.00   2.21   2.05   6.61
2024 132 21 35   -0.96   -2.04    8.02  -873.9   -20.6   -69.0   6.43  531339. -160.0    0    0  0.3628   9.58   1.81   0.76  19.95   2.11   1.86   6.16
2024 132 21 40   -9.84   -3.75   10.90  -896.1   -19.2   -54.9   8.86   68383. -176.0    0    0  0.3594  13.84   1.75   0.72  19.90   2.01   1.69   5.74
2024 132 21 45  -10.15   -6.44    9.16  -891.8   -28.1   -65.5   8.10   79900. -182.0    0    0  0.3560  12.56   1.70   0.68  19.84   1.91   1.53   5.35
2024 132 21 50   -9.58   -6.59    9.54  -890.9   -33.0   -64.3   7.46   92520. -183.0    0    0  0.3526  11.54   1.65   0.64  19.79   1.82   1.39   4.99
2024 132 21 55   -8.90   -3.52   11.31  -893.5   -25.3   -52.5   8.49   67974. -177.0    0    0  0.3492  13.18   1.59   0.61  19.74   1.73   1.27   4.65
2024 132 22  0   -9.67   -4.82   10.23  -882.9   -10.9   -57.8   7.32   72675. -169.0    0    0  0.3458  11.10   1.54   0.58  19.69   1.65   1.15   4.33
2024 132 22  5   -9.24   -4.74   10.50  -880.6   -11.1   -63.2   6.54   78844. -159.0    0    0  0.3424   9.88   1.49   0.55  19.63   1.57   1.05   4.04
2024 132 22 10   -9.47   -4.62   10.16  -883.2   -21.7   -60.0   7.77   84755. -150.0    0    0  0.3389  11.80   1.45   0.52  19.58   1.50   0.95   3.76
2024 132 22 15   -9.42   -1.60    9.70  -889.2   -32.8   -42.5   9.07  141903. -159.0    0    0  0.3355  13.94   1.40   0.49  19.53   1.43   0.86   3.51
2024 132 22 20   -0.27    5.11    2.29  -889.6    17.5   -22.3   7.15  221219. -158.0    0    0  0.3320  10.97   1.36   0.47  19.48   1.36   0.78   3.27
2024 132 22 25   -0.54    7.14    6.12  -889.1    15.9   -18.1   7.62  167588. -156.0    0    0  0.3285  11.68   1.32   0.44  19.43   1.30   0.71   3.05
2024 132 22 30   -5.06    2.96    9.24  -885.0     6.6   -34.6   8.28  178837. -153.0    0    0  0.3251  12.58   1.27   0.42  19.38   1.24   0.65   2.84
2024 132 22 35   -6.08    2.79   10.18  -876.5    -3.6    -2.7   1.51  438554. -144.0    0    0  0.3216   2.25   1.23   0.40  19.32   1.18   0.59   2.65
2024 132 22 40   -6.02    1.51   10.10  -866.9    22.4    -3.7   1.56  412377. -146.0    0    0  0.3181   2.27   1.19   0.37  19.27   1.12   0.53   2.47
2024 132 22 45   -5.94    2.24    9.65  -871.7     1.3   -14.2   2.94  325335. -161.0    0    0  0.3146   4.33   1.16   0.36  19.22   1.07   0.49   2.30
2024 132 22 50   -5.17    2.59    9.05  -874.4   -34.4   -22.8   2.41  380374. -165.0    0    0  0.3112   3.58   1.12   0.34  19.17   1.02   0.44   2.14
2024 132 22 55    1.67    6.84    5.96  -842.1    -0.7   -69.8   2.81  656723. -174.0    0    0  0.3077   3.89   1.09   0.32  19.12   0.97   0.40   2.00
2024 132 23  0    5.22    8.25    4.27  -810.8   -61.8  -102.6   1.11 1128057. -186.0    0    0  0.3043   1.44   1.05   0.30  19.07   0.92   0.36   1.86
2024 132 23  5    4.79   10.34    2.87  -821.3    -1.7   -89.7   0.93 1094323. -184.0    0    0  0.3008   1.23   1.02   0.29  19.02   0.88   0.33   1.74
2024 132 23 10    6.57    9.10   -1.24  -866.1   -12.9   -50.3   0.91 1070184. -180.0    0    0  0.2974   1.33   1.00   0.28  18.97   0.85   0.37   1.65
2024 132 23 15    6.49    9.61   -2.36  -877.0   -22.1   -34.0   1.61  820036. -181.0    0   -1  0.2940   2.40   0.99   0.28  18.92   0.84   0.47   1.63
2024 132 23 20    3.83    8.10    1.12  -887.9   -31.2   -17.7   2.31  569887. -176.0    0    0  0.2905   3.53   0.95   0.27  18.87   0.80   0.43   1.52
2024 132 23 25    5.09    6.63    1.64  -897.0   -36.4    11.6   1.34  833419. -169.0    0    0  0.2871   2.09   0.92   0.25  18.82   0.76   0.39   1.42
2024 132 23 30    5.74    7.04    0.12  -906.5     4.6    32.2   1.26  885611. -167.0    0    0  0.2838   2.01   0.90   0.24  18.77   0.73   0.35   1.32
2024 132 23 35    5.64    5.82    1.26  -906.3     8.4    24.4   1.33  838388. -169.0    0    0  0.2804   2.12   0.87   0.23  18.72   0.69   0.32   1.23
2024 132 23 40    4.99    5.64    0.88  -929.8    29.5    20.2   1.51  745422. -162.0    0    0  0.2770   2.53   0.84   0.22  18.67   0.66   0.29   1.15
2024 132 23 45    4.66    5.62    0.86  -939.4    19.6    57.8   1.78  703086. -160.0    0    0  0.2737   3.06   0.81   0.20  18.62   0.63   0.26   1.07
2024 132 23 50    4.13    5.19    1.67  -948.5    17.0    53.6   1.90  597222. -156.0    0    0  0.2704   3.32   0.79   0.19  18.57   0.60   0.24   1.00
2024 132 23 55    3.88    6.07    1.36  -928.2     7.9    23.1   1.74  699712. -158.0    0    0  0.2671   2.91   0.76   0.18  18.53   0.57   0.22   0.93
2024 133  0  0    3.38    6.03    1.81  -931.6    28.2    44.8   1.93  654706. -158.0    0    0  0.2639   3.25   0.74   0.17  18.48   0.54   0.20   0.86
2024 133  0  5    4.69    5.63    1.70  -936.6    30.2    47.2   2.04  661191. -157.0    0    0  0.2607   3.48   0.72   0.16  18.43   0.52   0.18   0.81
2024 133  0 10    3.90    4.68    0.79  -930.2    21.2    39.5   2.12  521525. -153.0    0    0  0.2575   3.56   0.69   0.16  18.38   0.49   0.16   0.75
2024 133  0 15    5.22    4.99   -1.44  -937.4    22.6    48.4   1.82  638111. -153.0    0    0  0.2543   3.11   0.69   0.16  18.33   0.49   0.26   0.80
2024 133  0 20    5.55    3.27   -1.06  -939.4    30.5    43.4   1.84  621883. -153.0    0    0  0.2511   3.16   0.68   0.16  18.29   0.48   0.33   0.82
2024 133  0 25    4.43    5.20   -0.04  -941.5    36.4    30.7   1.69  391471. -153.0    0    0  0.2480   2.91   0.66   0.15  18.24   0.45   0.31   0.78
2024 133  0 30    2.91    5.84    0.98  -905.9     1.7    32.0   2.09  569907. -153.0    0    0  0.2450   3.33   0.63   0.15  18.19   0.43   0.28   0.73
2024 133  0 35    4.17    5.89    0.63  -915.9    -7.7    28.3   1.90  527658. -151.0    0    0  0.2419   3.09   0.61   0.14  18.14   0.41   0.25   0.68
2024 133  0 40    5.48    5.05    0.25  -945.6    -8.4    29.0   1.62  409756. -152.0    0    0  0.2389   2.81   0.60   0.13  18.09   0.39   0.23   0.63
2024 133  0 45    7.37    2.12   -1.83  -978.5    44.6    34.2   2.03  389682. -152.0    0    0  0.2359   3.78   0.60   0.14  18.05   0.40   0.36   0.73
2024 133  0 50    5.76   -0.95   -4.51  -992.3    61.2    42.5   2.09  309471. -146.0    0    0  0.2330   4.01   0.63   0.17  18.01   0.48   0.62   0.92
2024 133  0 55    4.36   -4.55   -6.08  -986.3    69.5    25.8   1.64  175000. -147.0    0    0  0.2301   3.11   0.66   0.21  17.99   0.59   0.89   1.07
2024 133  1  0    3.85   -5.35   -5.75 -1012.0    40.9    42.5   1.76  205892. -145.0    0    0  0.2273   3.50   0.70   0.24  17.96   0.69   1.14   1.23
2024 133  1  5    5.07   -3.46   -5.91 -1005.4    29.0    46.4   1.86  138154. -143.0    0    0  0.2245   3.65   0.73   0.27  17.93   0.80   1.38   1.39
2024 133  1 10    3.94   -2.60   -5.46 -1008.1    14.3    39.1   2.34  111746. -143.0    0    0  0.2217   4.61   0.77   0.31  17.90   0.90   1.61   1.62
2024 133  1 15    3.89   -1.67   -4.46 -1015.7     8.0    49.9   3.45  168996. -144.0    0    0  0.2190   6.91   0.80   0.34  17.87   0.98   1.83   1.99
2024 133  1 20    4.55   -1.42   -4.58 -1022.3    -1.9    37.5   3.76  197685. -145.0    0    0  0.2163   7.62   0.84   0.38  17.84   1.07   2.05   2.40
2024 133  1 25    6.29    0.03   -3.65 -1001.2    12.7    48.8   3.75  149776. -147.0    0    0  0.2137   7.30   0.86   0.41  17.81   1.12   2.19   2.70
2024 133  1 30    7.99    2.09   -2.21  -989.9    23.0    51.0   2.95   94937. -135.0    0    0  0.2111   5.62   0.86   0.41  17.77   1.11   2.19   2.77
2024 133  1 35    7.83    1.46   -2.74  -994.5    16.1    44.2   3.07   92872. -140.0    0    0  0.2086   5.89   0.87   0.42  17.73   1.11   2.23   2.88
2024 133  1 40    7.57    2.39   -1.86  -982.1    27.0    45.5   3.54   94730. -147.0    0    0  0.2061   6.63   0.87   0.42  17.69   1.10   2.22   2.97
2024 133  1 45    7.15    3.26   -0.27  -979.6    25.9    43.3   3.38   95834. -153.0    0    0  0.2037   6.30   0.85   0.40  17.64   1.05   2.06   2.87
2024 133  1 50    6.88    2.31   -1.50  -979.6    25.9    43.3   3.38   95834. -155.0    0    0  0.2013   6.30   0.84   0.40  17.60   1.03   2.04   2.91
2024 133  1 55    5.15    3.06   -1.35  -978.0    23.7    27.9   3.89  143142. -142.0    0    0  0.1990   7.22   0.83   0.40  17.55   1.01   2.01   2.98
2024 133  2  0    1.33   -1.14   -2.92  -969.3    32.9    20.5   6.01  102587. -132.0    0    0  0.1967  10.96   0.86   0.42  17.52   1.04   2.14   3.46
2024 133  2  5    0.29   -2.91   -3.70  -954.8    26.6     7.1   7.10   60404. -135.0    0    0  0.1945  12.55   0.89   0.46  17.49   1.12   2.34   4.15
2024 133  2 10    0.53   -2.95   -3.83  -960.4    22.5    17.2   4.24   99567. -132.0    0    0  0.1924   7.58   0.91   0.49  17.45   1.17   2.45   4.37
2024 133  2 15   -0.49   -5.03   -5.04  -939.8    29.3     2.5   5.20   54341. -139.0    0    0  0.1903   8.90   0.96   0.53  17.43   1.27   2.64   4.78
2024 133  2 20   -1.52   -5.88   -4.49  -944.9    18.3     9.7   3.47   44044. -142.0    0    0  0.1883   6.00   0.98   0.56  17.40   1.33   2.73   4.86
2024 133  2 25   -2.66   -6.01   -3.61  -950.2     4.2     5.6   2.76   47439. -137.0    0    0  0.1863   4.83   0.99   0.56  17.36   1.34   2.74   4.80
2024 133  2 30   -2.92   -5.93   -3.63  -949.1     5.5     3.8   2.76   38788. -136.0    0    0  0.1844   4.82   1.00   0.57  17.32   1.36   2.75   4.75
2024 133  2 35   -2.11   -5.05   -4.35  -943.1     8.1     2.8   4.49   41202. -132.0    0    0  0.1825   7.74   1.03   0.60  17.29   1.42   2.85   4.98
2024 133  2 40   -0.77   -4.08   -4.75  -938.5     5.7    -2.5   6.68   44445. -125.0    0    0  0.1808  11.40   1.07   0.64  17.27   1.51   3.03   5.58
2024 133  2 45    0.66   -2.67   -4.14  -934.3     2.4    -4.7   8.45   43428. -126.0    0    0  0.1790  14.29   1.11   0.69  17.24   1.59   3.19   6.36
2024 133  2 50   -5.23   -1.37    2.44  -942.4    -7.0     4.0   8.53   45577. -120.0    0    0  0.1774  14.68   1.08   0.65  17.20   1.51   2.90   5.93
2024 133  2 55   -5.73    0.40    4.33  -946.9   -11.8    15.3   5.34   34596. -128.0    0    0  0.1758   9.28   1.04   0.62  17.15   1.44   2.64   5.52
2024 133  3  0   -5.78    0.18    4.31  -945.8   -12.0    14.4   5.38   33147. -166.0    0   -1  0.1742   9.33   1.01   0.58  17.10   1.37   2.40   5.15
2024 133  3  5   -5.82   -0.00    4.27  -944.6   -12.2    13.6   5.41   31697. -151.0    0   -1  0.1728   9.35   0.98   0.55  17.06   1.31   2.18   4.80
2024 133  3 10   -5.92    0.23    4.42  -943.5   -12.4    12.7   5.45   30248. -151.0    0    0  0.1714   9.40   0.95   0.52  17.01   1.25   1.98   4.47
2024 133  3 15   -5.75    1.12    4.68  -943.5   -13.4    15.5   5.54   29184. -153.0    0    0  0.1701   9.56   0.92   0.50  16.97   1.19   1.80   4.17
2024 133  3 20   -5.54    1.26    4.90  -931.6     8.8     5.7   5.51   30094. -148.0    0    0  0.1688   9.26   0.89   0.47  16.92   1.13   1.63   3.89
2024 133  3 25   -5.77    1.01    4.71  -927.4    -0.1     5.8   5.38   30380. -140.0    0    0  0.1676   8.96   0.86   0.45  16.88   1.08   1.48   3.62
2024 133  3 30   -5.94    1.22    4.40  -934.7    -6.7    19.0   5.30   30696. -132.0    0    0  0.1665   8.97   0.83   0.42  16.83   1.03   1.35   3.38
2024 133  3 35   -6.56    0.34    3.02  -935.6    -5.8    13.8   9.09   31992. -131.0    0   -1  0.1654  15.42   0.81   0.40  16.79   0.98   1.22   3.15
2024 133  3 40   -6.25   -0.23    2.32  -936.5    -4.8     8.7  12.88   33287. -118.0    0    0  0.1644  21.88   0.78   0.38  16.75   0.93   1.11   2.94
2024 133  3 45   -5.25   -1.01    1.43  -923.4    -4.1     9.3  10.80   40264. -122.0    0    0  0.1635  17.84   0.76   0.36  16.70   0.89   1.01   2.74
2024 133  3 50   -4.34   -4.46   -2.48  -913.7    -4.3     1.6   9.41   38252. -119.0    0    0  0.1627  15.22   0.78   0.39  16.67   0.92   1.23   3.51
2024 133  3 55   -6.05   -2.26    1.74  -916.5   -17.0    -7.7   9.84   38729. -111.0    0    0  0.1619  16.02   0.75   0.37  16.62   0.88   1.11   3.27
2024 133  4  0   -5.53   -2.77    0.48  -924.5    -0.5    19.6  10.91   37618. -105.0    0    0  0.1612  18.07   0.73   0.35  16.58   0.84   1.01   3.05
2024 133  4  5   -5.26   -2.16    1.18  -919.1     8.5     4.9  12.20   35199. -109.0    0    0  0.1606  19.96   0.71   0.33  16.53   0.80   0.92   2.84
2024 133  4 10   -5.22   -1.81    2.23  -916.6     5.9    10.0  10.79   35508. -125.0    0    0  0.1600  17.56   0.69   0.32  16.49   0.76   0.84   2.65
2024 133  4 15   -5.98   -2.04    2.51  -914.1    22.6    12.5   5.14   39057. -135.0    0    0  0.1595   8.33   0.66   0.30  16.45   0.72   0.76   2.47
2024 133  4 20   -6.08   -1.88    2.39  -917.7    -1.3    12.4   3.63   28763. -143.0    0    0  0.1591   5.92   0.64   0.28  16.40   0.69   0.69   2.30
2024 133  4 25   -6.02   -2.12    2.11  -917.8     1.2     9.7   3.84   29362. -149.0    0    0  0.1588   6.27   0.62   0.27  16.36   0.66   0.63   2.14
2024 133  4 30   -5.73   -2.26    1.92  -921.6    28.6     5.6   4.01   27732. -140.0    0    0  0.1585   6.60   0.60   0.25  16.32   0.63   0.57   2.00
2024 133  4 35   -5.83   -1.67    2.13  -928.1     4.7    20.6   5.77   28990. -144.0    0    0  0.1583   9.63   0.58   0.24  16.27   0.60   0.52   1.86
2024 133  4 40   -5.82   -1.61    2.18  -927.2     6.8    20.4   5.61   29316. -140.0    0   -1  0.1582   9.35   0.57   0.23  16.23   0.57   0.47   1.74
2024 133  4 45   -5.83   -1.36    2.34  -926.4     9.0    20.1   5.44   29642. -137.0    0    0  0.1581   9.05   0.55   0.22  16.19   0.54   0.43   1.62
2024 133  4 50   -5.63   -1.17    2.48  -920.9     9.2    11.7   3.83   30728. -142.0    0    0  0.1581   6.29   0.53   0.20  16.14   0.52   0.39   1.51
2024 133  4 55   -5.36   -0.53    2.91  -918.3     3.1     7.6   2.85   34322. -155.0    0    0  0.1582   4.66   0.51   0.19  16.10   0.49   0.35   1.41
2024 133  5  0   -5.18   -0.22    3.05  -916.0     2.1     6.7   2.66   35719. -158.0    0    0  0.1584   4.32   0.50   0.18  16.06   0.47   0.32   1.31
2024 133  5  5   -4.73    0.87    3.77  -913.6    -7.6     0.6   2.21   43408. -155.0    0    0  0.1586   3.57   0.48   0.17  16.02   0.45   0.29   1.22
2024 133  5 10   -4.77    0.58    3.63  -906.1    11.8     0.6   2.74   39136. -158.0    0    0  0.1590   4.36   0.47   0.16  15.97   0.43   0.26   1.14
2024 133  5 15   -4.89    0.23    3.48  -901.0    24.9    -1.8   4.12   36802. -157.0    0    0  0.1594   6.48   0.45   0.16  15.93   0.41   0.24   1.06
2024 133  5 20   -4.96   -0.16    3.33  -903.5    13.2    -6.1   3.42   38950. -156.0    0    0  0.1598   5.41   0.44   0.15  15.89   0.39   0.22   0.99
2024 133  5 25   -4.99   -0.26    3.20  -904.3     7.8    -6.8   3.19   39193. -156.0    0    0  0.1603   5.05   0.42   0.14  15.85   0.37   0.20   0.92
2024 133  5 30   -4.87   -0.21    3.18  -902.2    13.8    -9.7   2.96   36568. -154.0    0    0  0.1610   4.67   0.41   0.13  15.80   0.35   0.18   0.86
2024 133  5 35   -4.52    0.09    3.14  -899.9    18.4    -1.6   3.42   37037. -156.0    0    0  0.1616   5.37   0.40   0.13  15.76   0.33   0.16   0.80
2024 133  5 40   -4.56   -0.02    2.99  -896.7     4.1     5.7   3.98   34336. -151.0    0    0  0.1624   6.20   0.39   0.12  15.72   0.32   0.15   0.75
2024 133  5 45   -4.72   -0.07    2.82  -895.3     6.3     6.5   3.35   31602. -145.0    0    0  0.1632   5.20   0.37   0.11  15.68   0.30   0.14   0.70
2024 133  5 50   -4.86    0.10    2.52  -894.7    -7.5    16.2   3.23   34572. -144.0    0    0  0.1641   5.01   0.36   0.11  15.64   0.29   0.12   0.65
2024 133  5 55   -4.62    0.71    2.82  -892.9    -9.1    13.2   3.01   34330. -144.0    0    0  0.1651   4.65   0.35   0.10  15.60   0.27   0.11   0.61
2024 133  6  0   -4.23    1.46    3.20  -893.4   -12.1    15.2   3.05   30221. -142.0    0    0  0.1661   4.72   0.34   0.10  15.55   0.26   0.10   0.56
2024 133  6  5   -4.29    1.10    3.23  -893.4   -12.1    15.2   3.05   30221. -139.0    0    0  0.1672   4.72   0.33   0.09  15.51   0.25   0.09   0.53
2024 133  6 10   -4.34    1.04    3.22  -893.9    -8.6    14.9   3.26   30601. -139.0    0    0  0.1684   5.05   0.32   0.09  15.47   0.24   0.08   0.49
2024 133  6 15   -4.40    0.69    3.19  -893.9   -11.2    15.3   3.23   32592. -138.0    0    0  0.1696   5.00   0.31   0.08  15.43   0.23   0.08   0.46
2024 133  6 20   -4.37   -0.25    3.12  -890.9   -12.2    14.8   2.67   30196. -138.0    0    0  0.1709   4.11   0.30   0.08  15.39   0.22   0.07   0.43
2024 133  6 25   -4.22   -0.68    2.64  -892.1   -12.0    16.5   2.30   32121. -137.0    0    0  0.1723   3.55   0.29   0.07  15.35   0.21   0.06   0.40
2024 133  6 30   -3.92   -0.18    2.02  -892.4   -11.8    -0.0   2.40   35121. -137.0    0    0  0.1737   3.70   0.28   0.07  15.31   0.20   0.06   0.37
2024 133  6 35   -3.76   -0.35    2.36  -890.1   -15.7    -8.8   2.26   35064. -137.0    0    0  0.1752   3.47   0.27   0.07  15.27   0.19   0.05   0.35
2024 133  6 40   -3.80   -0.66    2.32  -881.7   -12.4   -27.5   1.84   33786. -137.0    0    0  0.1768   2.77   0.26   0.06  15.23   0.18   0.05   0.32
2024 133  6 45   -3.76   -0.84    2.01  -884.6   -13.0   -27.3   2.07   36476. -138.0    0    0  0.1784   3.14   0.25   0.06  15.19   0.17   0.04   0.30
2024 133  6 50   -3.56   -1.24    2.22  -885.5   -11.1   -28.2   2.15   37364. -137.0    0    0  0.1802   3.27   0.25   0.06  15.15   0.16   0.04   0.28
2024 133  6 55   -3.37   -1.37    2.38  -886.4     0.8   -20.5   1.57   44170. -137.0    0    0  0.1819   2.39   0.24   0.05  15.11   0.15   0.04   0.26
2024 133  7  0   -3.43   -1.19    2.27  -880.2    -2.0   -22.0   1.71   34687. -138.0    0    0  0.1838   2.57   0.23   0.05  15.07   0.15   0.03   0.24
2024 133  7  5   -3.37   -1.40    2.03  -881.3    -3.2   -23.8   1.85   37481. -137.0    0    0  0.1856   2.79   0.22   0.05  15.03   0.14   0.03   0.23
2024 133  7 10   -3.50   -1.17    1.83  -883.8   -13.5   -25.9   1.88   38878. -136.0    0    0  0.1876   2.85   0.22   0.04  14.99   0.13   0.03   0.21
2024 133  7 15   -3.49   -1.39    1.77  -884.5   -14.8   -28.4   2.01   40644. -135.0    0    0  0.1896   3.05   0.21   0.04  14.95   0.13   0.02   0.20
2024 133  7 20   -3.59   -1.32    1.79  -882.4    -4.0   -21.8   2.16   37760. -133.0    0    0  0.1917   3.26   0.20   0.04  14.91   0.12   0.02   0.18
2024 133  7 25   -3.39   -1.82    1.77  -879.6    12.6   -22.5   2.29   44817. -135.0    0    0  0.1938   3.43   0.20   0.04  14.87   0.11   0.02   0.17
2024 133  7 30   -3.81   -1.13    1.44  -882.2    -1.6   -19.9   2.29   40605. -136.0    0    0  0.1960   3.45   0.19   0.04  14.83   0.11   0.02   0.16
2024 133  7 35   -3.95   -0.78    1.34  -872.8     6.8   -10.6   2.04   36983. -137.0    0    0  0.1983   3.01   0.18   0.03  14.79   0.10   0.02   0.15
2024 133  7 40   -4.13   -0.29    1.47  -868.9    -6.1    -4.5   1.92   31024. -139.0    0    0  0.2006   2.81   0.18   0.03  14.75   0.10   0.01   0.14
2024 133  7 45   -4.07   -0.41    1.48  -870.9    16.0   -13.3   1.97   31796. -140.0    0    0  0.2029   2.90   0.17   0.03  14.71   0.09   0.01   0.13
2024 133  7 50   -4.13    0.04    1.64  -868.9    10.7   -23.8   1.78   27268. -144.0    0    0  0.2053   2.61   0.17   0.03  14.67   0.09   0.01   0.12
2024 133  7 55   -4.11    0.20    1.57  -868.7     4.6   -19.6   1.73   28122. -142.0    0    0  0.2078   2.53   0.16   0.03  14.63   0.09   0.01   0.11
2024 133  8  0   -4.23   -0.08    1.55  -868.7     4.6   -19.6   1.73   28122. -140.0    0    0  0.2103   2.53   0.16   0.03  14.59   0.08   0.01   0.10
2024 133  8  5   -4.18   -0.14    1.69  -868.8     7.8   -21.4   1.74   28005. -139.0    0   -1  0.2129   2.55   0.15   0.02  14.55   0.08   0.01   0.10
2024 133  8 10   -4.16   -0.13    1.65  -868.9    10.9   -23.2   1.75   27888. -138.0    0    0  0.2155   2.56   0.15   0.02  14.52   0.07   0.01   0.09
2024 133  8 15   -4.28    0.29    1.33  -865.6    -3.0    -6.8   1.75   27655. -140.0    0   -1  0.2181   2.54   0.14   0.02  14.48   0.07   0.01   0.08
2024 133  8 20   -4.12   -0.13    1.62  -862.3   -16.8     9.6   1.74   27422. -139.0    0    0  0.2209   2.51   0.14   0.02  14.44   0.07   0.01   0.08
2024 133  8 25   -3.91   -0.34    1.81  -864.4   -15.3   -17.2   1.68   34806. -137.0    0    0  0.2236   2.43   0.13   0.02  14.40   0.06   0.01   0.07
2024 133  8 30   -4.16   -0.09    1.60  -863.4   -19.0     3.8   1.50   26939. -136.0    0    0  0.2264   2.17   0.13   0.02  14.36   0.06   0.01   0.07
2024 133  8 35   -4.34    0.18    1.23  -859.4   -19.2     7.2   1.39   26397. -134.0    0    0  0.2293   1.99   0.13   0.02  14.32   0.06   0.01   0.06
2024 133  8 40   -4.39    0.08    0.69  -859.1   -13.7     5.9   1.28   26871. -135.0    0    0  0.2321   1.83   0.12   0.02  14.29   0.05   0.00   0.06
2024 133  8 45   -4.29    0.03    0.78  -852.1    -8.5   -17.2   1.18   27396. -134.0    0    0  0.2351   1.66   0.12   0.02  14.25   0.05   0.00   0.06
2024 133  8 50   -4.29    0.39    0.50  -847.3   -11.0   -35.9   1.24   26472. -134.0    0    0  0.2380   1.73   0.11   0.02  14.21   0.05   0.00   0.05
2024 133  8 55   -4.34    0.14    0.05  -839.4    19.9   -15.1   1.14   25564. -133.0    0    0  0.2411   1.56   0.11   0.01  14.17   0.05   0.00   0.05
2024 133  9  0   -4.32    0.04   -0.07  -841.1    16.2   -12.8   1.23   24997. -133.0    0    0  0.2441   1.69   0.11   0.01  14.14   0.05   0.01   0.05
2024 133  9  5   -4.15    0.19   -0.50  -840.9    18.3   -11.5   1.34   25011. -132.0    0    0  0.2472   1.84   0.11   0.02  14.10   0.05   0.05   0.08
2024 133  9 10   -4.16    0.08   -0.38  -838.9    28.7    -1.3   1.40   24825. -130.0    0    0  0.2503   1.91   0.11   0.02  14.06   0.05   0.08   0.10
2024 133  9 15   -4.11   -0.04   -0.71  -839.1    23.6    -3.8   1.40   25514. -117.0    0    0  0.2534   1.91   0.11   0.02  14.02   0.05   0.12   0.13
2024 133  9 20   -4.11   -0.30   -0.62  -840.8    29.2    -0.8   1.12   30405. -102.0    0    0  0.2566   1.54   0.11   0.03  13.99   0.05   0.16   0.14
2024 133  9 25   -6.54   -1.09    2.28  -854.7    45.3   -36.1   2.28   47555. -112.0    0    0  0.2598   3.24   0.11   0.03  13.95   0.05   0.14   0.13
2024 133  9 30   -9.31   -1.88    5.53  -875.2    81.6   -86.5   3.93   82530. -115.0    0    0  0.2631   5.94   0.11   0.03  13.91   0.05   0.13   0.13
2024 133  9 35   -9.49   -1.25    5.31  -867.0    76.5  -103.9   4.01   73173. -115.0    0    0  0.2663   5.97   0.10   0.02  13.88   0.05   0.12   0.12
2024 133  9 40   -7.84    0.82    6.32  -867.8    47.3  -106.8   4.07   65088. -115.0    0    0  0.2696   6.04   0.10   0.02  13.84   0.04   0.11   0.11
2024 133  9 45   -8.12    0.67    6.10  -866.0    45.1  -108.8   4.76   83363. -115.0    0    0  0.2729   7.04   0.10   0.02  13.80   0.04   0.10   0.10
2024 133  9 50   -8.89    0.79    5.46  -861.8    45.4  -101.7   5.32   65845. -116.0    0    0  0.2763   7.78   0.09   0.02  13.77   0.04   0.09   0.09
2024 133  9 55   -9.70    0.49    4.71  -858.3    38.9   -74.4   4.84   61797. -113.0    0    0  0.2796   6.97   0.09   0.02  13.73   0.04   0.08   0.09
2024 133 10  0   -9.43   -0.01    4.41  -859.0    61.9   -92.3   4.97   68671. -107.0    0    0  0.2830   7.22   0.09   0.02  13.69   0.04   0.07   0.08
2024 133 10  5   -9.18    0.24    5.06  -864.1    46.3  -102.2   4.00   77861. -104.0    0    0  0.2864   5.88   0.09   0.02  13.66   0.03   0.07   0.08
2024 133 10 10   -7.80    1.30    6.93  -871.7    31.4  -114.6   3.18   89998. -104.0    0    0  0.2898   4.77   0.08   0.02  13.62   0.03   0.06   0.07
2024 133 10 15   -7.98    1.71    6.21  -874.4    23.5  -108.2   2.95   87905. -104.0    0    0  0.2933   4.44   0.08   0.02  13.59   0.03   0.05   0.07
2024 133 10 20   -8.64    0.61    6.24  -866.5    37.4  -108.0   2.57   83668. -105.0    0    0  0.2967   3.80   0.08   0.01  13.55   0.03   0.05   0.06
2024 133 10 25   -7.99    2.07    6.52  -866.7    21.5  -110.5   3.08   83359. -109.0    0    0  0.3002   4.56   0.07   0.01  13.51   0.03   0.04   0.06
2024 133 10 30   -7.24    1.23    7.03  -870.7    25.3  -131.2   2.81  111479. -105.0    0    0  0.3036   4.22   0.07   0.01  13.48   0.03   0.04   0.05
2024 133 10 35   -6.95    1.66    6.83  -884.5    10.2  -131.7   2.33  195783. -103.0    0    0  0.3071   3.61   0.07   0.01  13.44   0.03   0.04   0.05
2024 133 10 40   -8.91   -0.49    4.84  -872.4    48.8   -85.7   1.25  353342. -108.0    0    0  0.3106   1.87   0.07   0.01  13.41   0.02   0.03   0.05
2024 133 10 45   -8.96   -1.51    4.54  -868.5    78.7   -86.0   0.96  431884. -114.0    0    0  0.3141   1.43   0.07   0.01  13.37   0.02   0.03   0.04
2024 133 10 50   -8.77   -1.41    4.70  -879.0    71.7   -74.1   1.10  588179. -120.0    0    0  0.3176   1.67   0.06   0.01  13.34   0.02   0.03   0.04
2024 133 10 55   -8.73   -0.65    4.95  -879.1    66.2   -67.8   1.06  595479. -121.0    0    0  0.3211   1.61   0.06   0.01  13.30   0.02   0.03   0.04
2024 133 11  0   -8.74   -0.84    4.90  -879.1    66.2   -67.8   1.06  595479. -120.0    0    0  0.3246   1.61   0.06   0.01  13.26   0.02   0.02   0.04
2024 133 11  5   -8.63   -2.58    4.68  -872.4    84.8   -79.9   0.97  498006. -118.0    0    0  0.3281   1.46   0.06   0.01  13.23   0.02   0.02   0.03
2024 133 11 10   -8.10    0.29    5.48  -857.7    79.8   -93.4   0.91  312408. -117.0    0    0  0.3316   1.32   0.06   0.01  13.19   0.02   0.02   0.03
2024 133 11 15   -8.61   -1.05    4.52  -850.2    53.9   -85.5   1.17  261466. -117.0    0    0  0.3351   1.66   0.05   0.01  13.16   0.02   0.02   0.03
2024 133 11 20   -8.62   -1.50    4.27  -858.5    70.8   -77.1   1.07  337656. -115.0    0    0  0.3386   1.55   0.05   0.01  13.12   0.02   0.02   0.03
2024 133 11 25   -8.55   -1.68    4.50  -852.2    87.5   -98.5   1.04  338942. -112.0    0    0  0.3420   1.50   0.05   0.01  13.09   0.02   0.01   0.02
2024 133 11 30   -8.72   -1.16    4.29  -854.4    78.5   -82.8   0.97  357295. -108.0    0    0  0.3455   1.40   0.05   0.01  13.05   0.01   0.01   0.02
2024 133 11 35   -8.17    0.95    4.10  -862.5    81.4   -80.8   0.95  370020. -110.0    0    0  0.3490   1.39   0.05   0.01  13.02   0.01   0.01   0.02
2024 133 11 40   -8.19    1.03    4.04  -869.0    74.6   -75.4   0.99  430135. -113.0    0    0  0.3524   1.47   0.05   0.01  12.99   0.01   0.01   0.02
2024 133 11 45   -7.67   -0.32    4.63  -858.3    75.6   -80.4   1.17  394124. -114.0    0    0  0.3559   1.70   0.04   0.01  12.95   0.01   0.01   0.02
2024 133 11 50   -7.43   -2.45    4.44  -865.7   145.8   -93.3   1.22  621985. -114.0    0    0  0.3593   1.84   0.04   0.01  12.92   0.01   0.01   0.02
2024 133 11 55   -7.77   -0.96    4.10  -873.3   121.6   -88.1   1.02  570328. -114.0    0    0  0.3627   1.55   0.04   0.01  12.88   0.01   0.01   0.02
2024 133 12  0   -7.95   -0.23    4.21  -869.1    94.5   -77.0   0.96  500895. -114.0    0    0  0.3661   1.43   0.04   0.00  12.85   0.01   0.01   0.02
2024 133 12  5   -8.07    1.06    3.99  -867.7    94.4   -81.0   0.98  510693. -112.0    0    0  0.3695   1.46   0.04   0.00  12.81   0.01   0.01   0.01
2024 133 12 10   -7.53   -0.36    4.77  -871.4    83.2   -89.1   0.98  571878. -111.0    0    0  0.3728   1.47   0.04   0.00  12.78   0.01   0.01   0.01
2024 133 12 15   -7.39   -0.71    4.99  -862.8   106.2  -102.7   0.97  503600. -112.0    0    0  0.3761   1.44   0.04   0.00  12.75   0.01   0.01   0.01
2024 133 12 20   -7.75   -0.31    4.76  -867.8   123.8   -57.9   1.07  780750. -113.0    0    0  0.3795   1.60   0.04   0.00  12.71   0.01   0.00   0.01
2024 133 12 25   -7.84    0.99    4.35  -885.5    93.7   -33.9   1.06  692664. -110.0    0    0  0.3827   1.63   0.03   0.00  12.68   0.01   0.00   0.01
2024 133 12 30   -8.03    0.31    3.84  -860.4   110.7   -64.3   1.03  610708. -109.0    0    0  0.3860   1.51   0.03   0.00  12.65   0.01   0.00   0.01
2024 133 12 35   -6.38    3.48    4.67  -883.3    59.8   -69.5   0.96  484754. -110.0    0    0  0.3892   1.47   0.03   0.00  12.61   0.01   0.00   0.01
2024 133 12 40   -7.19    3.65    3.35  -886.0    46.2    -4.9   1.11  775262. -111.0    0    0  0.3924   1.69   0.03   0.00  12.58   0.01   0.00   0.01
2024 133 12 45   -7.09   -1.13    5.05  -869.5   107.4   -65.2   1.01  616950. -111.0    0    0  0.3955   1.51   0.03   0.00  12.54   0.01   0.00   0.01
2024 133 12 50   -7.29    0.01    4.99  -862.8   117.4   -81.1   0.99  618844. -110.0    0    0  0.3986   1.47   0.03   0.00  12.51   0.01   0.00   0.01
2024 133 12 55   -7.91   -0.18    3.87  -869.1    88.4   -66.0   1.04  716165. -109.0    0    0  0.4017   1.55   0.03   0.00  12.48   0.01   0.00   0.01
