X-point locations.
FORMAT:
YEAR    DAY    HOUR    MIN    RATE    DISTANCE
2024    131      11      5        0.00    13.416
2024    131      11     10        0.00    13.416
2024    131      11     15        0.00    13.416
2024    131      11     20        0.00    13.416
2024    131      11     25        0.00    13.416
2024    131      11     30        0.00    13.416
2024    131      11     35        0.00    13.416
2024    131      11     40        0.00    13.416
2024    131      11     45        0.00    13.416
2024    131      11     50        0.00    13.416
2024    131      11     55        0.00    13.416
2024    131      12      0        0.00    13.416
2024    131      12      5        0.33    12.032
2024    131      12     10        0.00    13.416
2024    131      12     15        5.70    11.661
2024    131      12     20       27.41    11.545
2024    131      12     25       13.94    11.409
2024    131      12     30        0.76    11.894
2024    131      12     35        2.87    11.545
2024    131      12     40      104.71    10.819
2024    131      12     45       18.12    10.830
2024    131      12     50       79.51    10.676
2024    131      12     55      109.06    10.522
2024    131      13      0      192.61    10.648
2024    131      13      5       33.81    10.494
2024    131      13     10      201.53    10.582
2024    131      13     15       79.11    10.467
2024    131      13     20       32.47    10.989
2024    131      13     25       12.12    11.055
2024    131      13     30       12.20    11.044
2024    131      13     35       18.05    10.786
2024    131      13     40      318.92    10.962
2024    131      13     45       20.10    11.000
2024    131      13     50        4.18    11.418
2024    131      13     55       17.23    10.946
2024    131      14      0        4.06    11.643
2024    131      14      5        4.91    11.391
2024    131      14     10        2.28    11.632
2024    131      14     15        0.85    11.648
2024    131      14     20        1.34    12.016
2024    131      14     25        1.02    11.978
2024    131      14     30        0.59    11.901
2024    131      14     35        0.00    13.416
2024    131      14     40        0.45    12.044
2024    131      14     45        0.00    13.416
2024    131      14     50        0.00    13.416
2024    131      14     55        0.00    13.416
2024    131      15      0        0.00    13.416
2024    131      15      5        0.00    13.416
2024    131      15     10        0.00    13.416
2024    131      15     15        0.00    13.416
2024    131      15     20        0.00    13.416
2024    131      15     25        0.00    13.416
2024    131      15     30        0.00    13.416
2024    131      15     35        0.00    13.416
2024    131      15     40      107.77    12.215
2024    131      15     45      106.75    12.050
2024    131      15     50       81.81    12.167
2024    131      15     55        0.00    12.283
2024    131      16      0       69.23    12.128
2024    131      16      5       95.86    12.089
2024    131      16     10      230.66    12.089
2024    131      16     15      123.74    12.050
2024    131      16     20       87.65    11.622
2024    131      16     25       57.35    11.506
2024    131      16     30       20.56    11.428
2024    131      16     35      126.93    11.506
2024    131      16     40      165.71    11.380
2024    131      16     45      104.00    12.059
2024    131      16     50       84.58    11.924
2024    131      16     55        7.08    11.419
2024    131      17      0       48.64    11.894
2024    131      17      5      100.66    11.748
2024    131      17     10       62.42     9.148
2024    131      17     15       65.04    10.344
2024    131      17     20      116.02    10.374
2024    131      17     25      118.33    10.586
2024    131      17     30       47.69    11.168
2024    131      17     35       51.03    10.605
2024    131      17     40        1.04     6.502
2024    131      17     45        0.91     6.198
2024    131      17     50        0.90     6.148
2024    131      17     55        0.50     6.414
2024    131      18      0       76.22     8.062
2024    131      18      5        3.36     6.009
2024    131      18     10       61.37     5.895
2024    131      18     15       20.92     5.769
2024    131      18     20       28.32     5.731
2024    131      18     25       36.56     5.618
2024    131      18     30       43.43     5.731
2024    131      18     35       65.79     5.275
2024    131      18     40      715.33     5.288
2024    131      18     45       97.58     5.288
2024    131      18     50        4.83     5.161
2024    131      18     55      314.44     5.174
2024    131      19      0      127.59     5.288
2024    131      19      5       91.65     5.313
2024    131      19     10       62.38     5.275
2024    131      19     15      120.65     5.313
2024    131      19     20       84.52     5.275
2024    131      19     25       82.15     5.313
2024    131      19     30       65.70     5.401
2024    131      19     35       96.52     5.275
2024    131      19     40       41.75     5.566
2024    131      19     45      129.17     5.212
2024    131      19     50       58.48     5.186
2024    131      19     55       33.41     5.009
2024    131      20      0      383.57     4.971
2024    131      20      5      152.89     4.832
2024    131      20     10      106.59     4.794
2024    131      20     15       51.87     4.744
2024    131      20     20       58.64     4.744
2024    131      20     25      121.88     4.706
2024    131      20     30      153.58     4.706
2024    131      20     35      157.39     4.706
2024    131      20     40      786.44     4.706
2024    131      20     45       39.81     4.668
2024    131      20     50       75.93     4.668
2024    131      20     55       43.24     4.630
2024    131      21      0       22.45     4.579
2024    131      21      5      359.52     4.579
2024    131      21     10       51.33     4.541
2024    131      21     15      195.71     4.541
2024    131      21     20       43.57     4.541
2024    131      21     25       96.59     4.503
2024    131      21     30       70.33     4.503
2024    131      21     35       25.46     4.465
2024    131      21     40       89.96     4.453
2024    131      21     45       14.97     4.403
2024    131      21     50       96.86     4.453
2024    131      21     55       40.00     4.465
2024    131      22      0       56.29     4.491
2024    131      22      5       20.85     4.479
2024    131      22     10       43.71     4.506
2024    131      22     15       25.97     4.407
2024    131      22     20       58.17     4.396
2024    131      22     25       33.10     4.407
2024    131      22     30       43.38     4.407
2024    131      22     35       94.21     4.494
2024    131      22     40       54.40     4.571
2024    131      22     45       55.15     4.522
2024    131      22     50       67.88     4.561
2024    131      22     55       60.13     4.561
2024    131      23      0       30.45     4.589
2024    131      23      5       83.95     4.570
2024    131      23     10       71.10     4.628
2024    131      23     15       64.09     4.667
2024    131      23     20       42.36     4.618
2024    131      23     25        8.02     4.657
2024    131      23     30       54.61     4.657
2024    131      23     35       54.77     4.647
2024    131      23     40       20.84     4.686
2024    131      23     45       23.00     4.725
2024    131      23     50       49.66     4.725
2024    131      23     55       19.21     4.725
2024    132       0      0       11.05     4.725
2024    132       0      5       10.37     4.764
2024    132       0     10       15.90     4.813
2024    132       0     15        3.33     4.803
2024    132       0     20       32.15     4.744
2024    132       0     25       64.11     4.638
2024    132       0     30       32.38     4.582
2024    132       0     35       95.16     4.543
2024    132       0     40       76.50     4.504
2024    132       0     45       17.87     4.456
2024    132       0     50      103.33     4.456
2024    132       0     55       86.44     4.417
2024    132       1      0       77.46     4.448
2024    132       1      5       61.53     4.440
2024    132       1     10       59.51     4.409
2024    132       1     15       67.03     4.362
2024    132       1     20       74.81     4.362
2024    132       1     25     1187.03     4.378
2024    132       1     30      166.25     4.354
2024    132       1     35       46.90     4.354
2024    132       1     40       90.64     4.386
2024    132       1     45      367.45     4.380
2024    132       1     50       86.91     4.419
2024    132       1     55       81.63     4.373
2024    132       2      0      120.49     4.380
2024    132       2      5       67.94     4.334
2024    132       2     10       29.48     4.334
2024    132       2     15       94.82     4.373
2024    132       2     20       67.16     4.373
2024    132       2     25      122.92     4.380
2024    132       2     30       81.15     4.334
2024    132       2     35       84.75     4.328
2024    132       2     40       74.76     4.288
2024    132       2     45      112.02     4.328
2024    132       2     50       90.20     4.288
2024    132       2     55       68.53     4.328
2024    132       3      0       37.45     4.328
2024    132       3      5       59.91     4.328
2024    132       3     10       88.14     4.334
2024    132       3     15       97.58     4.380
2024    132       3     20       26.66     4.373
2024    132       3     25       99.20     4.362
2024    132       3     30      130.72     4.367
2024    132       3     35       59.62     4.465
2024    132       3     40        9.99     4.472
2024    132       3     45       47.89     4.465
2024    132       3     50       52.10     4.505
2024    132       3     55       40.12     4.505
2024    132       4      0       64.72     4.498
2024    132       4      5       95.92     4.498
2024    132       4     10       48.72     4.531
2024    132       4     15       16.97     4.531
2024    132       4     20       15.34     4.571
2024    132       4     25      104.85     4.565
2024    132       4     30       63.78     4.560
2024    132       4     35       74.50     4.599
2024    132       4     40      201.60     4.594
2024    132       4     45       94.36     4.634
2024    132       4     50      134.57     4.629
2024    132       4     55      103.50     4.674
2024    132       5      0      112.59     4.713
2024    132       5      5      103.67     4.753
2024    132       5     10       70.65     4.753
2024    132       5     15       92.39     4.753
2024    132       5     20      107.88     4.753
2024    132       5     25       41.71     4.793
2024    132       5     30       31.12     4.793
2024    132       5     35       56.12     4.833
2024    132       5     40      172.60     4.788
2024    132       5     45       62.21     4.833
2024    132       5     50      173.96     4.833
2024    132       5     55       40.99     4.917
2024    132       6      0      126.63     4.877
2024    132       6      5      124.91     4.922
2024    132       6     10      116.84     4.877
2024    132       6     15      895.85     4.798
2024    132       6     20      160.87     4.758
2024    132       6     25       76.86     4.718
2024    132       6     30       58.96     4.763
2024    132       6     35      810.28     4.679
2024    132       6     40      234.76     4.599
2024    132       6     45       61.21     4.599
2024    132       6     50      142.05     4.565
2024    132       6     55      132.45     4.565
2024    132       7      0      115.65     4.520
2024    132       7      5      231.20     4.526
2024    132       7     10       87.02     4.486
2024    132       7     15       54.37     4.486
2024    132       7     20      140.14     4.492
2024    132       7     25      175.77     4.531
2024    132       7     30      109.15     4.577
2024    132       7     35      124.75     4.538
2024    132       7     40       96.38     4.623
2024    132       7     45       75.05     4.623
2024    132       7     50       93.38     4.662
2024    132       7     55      145.13     4.741
2024    132       8      0      239.62     4.709
2024    132       8      5      165.19     4.715
2024    132       8     10      293.04     4.762
2024    132       8     15       42.78     4.723
2024    132       8     20       16.32     4.723
2024    132       8     25       60.00     4.723
2024    132       8     30       66.61     4.683
2024    132       8     35       34.46     4.738
2024    132       8     40       12.74     4.786
2024    132       8     45       30.46     4.755
2024    132       8     50       25.26     4.755
2024    132       8     55       76.94     4.725
2024    132       9      0       70.09     4.725
2024    132       9      5       47.42     4.725
2024    132       9     10      277.05     4.734
2024    132       9     15      133.73     4.734
2024    132       9     20       42.95     4.638
2024    132       9     25       73.50     4.744
2024    132       9     30       76.97     4.657
2024    132       9     35       76.98     4.599
2024    132       9     40      197.48     4.608
2024    132       9     45       91.65     4.560
2024    132       9     50      180.93     4.618
2024    132       9     55       58.69     4.579
2024    132      10      0       32.73     4.579
2024    132      10      5       50.35     4.589
2024    132      10     10      184.51     4.589
2024    132      10     15       77.81     4.589
2024    132      10     20      224.17     4.599
2024    132      10     25       31.31     4.599
2024    132      10     30      375.80     4.648
2024    132      10     35       72.76     4.648
2024    132      10     40      232.16     4.648
2024    132      10     45      101.48     4.677
2024    132      10     50       30.49     4.698
2024    132      10     55      435.21     4.698
2024    132      11      0      131.38     4.747
2024    132      11      5       65.68     4.797
2024    132      11     10      157.42     4.847
2024    132      11     15       44.47     4.808
2024    132      11     20       36.43     4.847
2024    132      11     25      742.39     4.935
2024    132      11     30       33.24     4.935
2024    132      11     35       50.73     4.897
2024    132      11     40      110.92     4.947
2024    132      11     45      133.54     5.009
2024    132      11     50       11.16     5.022
2024    132      11     55       65.35     5.022
2024    132      12      0      110.81     4.971
2024    132      12      5      221.24     4.984
2024    132      12     10       99.70     4.984
2024    132      12     15      133.50     5.048
2024    132      12     20      131.52     5.048
2024    132      12     25      106.98     5.010
2024    132      12     30      105.39     5.061
2024    132      12     35      182.51     5.024
2024    132      12     40       63.96     5.024
2024    132      12     45       39.48     5.037
2024    132      12     50       19.06     5.037
2024    132      12     55      148.44     5.089
2024    132      13      0      258.44     5.052
2024    132      13      5      179.24     5.103
2024    132      13     10      180.35     5.052
2024    132      13     15       71.02     5.066
2024    132      13     20      123.88     5.066
2024    132      13     25      209.21     5.029
2024    132      13     30      146.34     5.014
2024    132      13     35       41.75     4.977
2024    132      13     40      156.57     4.992
2024    132      13     45       99.99     5.044
2024    132      13     50       32.21     4.992
2024    132      13     55       49.26     5.006
2024    132      14      0       81.54     5.059
2024    132      14      5      110.30     5.022
2024    132      14     10      102.64     5.111
2024    132      14     15       68.65     5.126
2024    132      14     20       73.77     5.059
2024    132      14     25       67.73     5.059
2024    132      14     30       70.10     5.074
2024    132      14     35       54.58     5.111
2024    132      14     40       56.20     5.074
2024    132      14     45       98.42     5.074
2024    132      14     50       13.79     5.126
2024    132      14     55       54.75     5.074
2024    132      15      0      101.65     5.111
2024    132      15      5       84.40     5.059
2024    132      15     10      107.35     5.059
2024    132      15     15      125.09     5.200
2024    132      15     20       27.66     5.200
2024    132      15     25      165.38     5.200
2024    132      15     30      141.70     5.305
2024    132      15     35      111.05     5.289
2024    132      15     40       30.03     5.289
2024    132      15     45       37.41     5.289
2024    132      15     50       62.15     5.274
2024    132      15     55       40.25     5.483
2024    132      16      0       25.25     5.379
2024    132      16      5       28.20     5.505
2024    132      16     10       13.98     5.468
2024    132      16     15        7.69     5.415
2024    132      16     20        6.89     5.415
2024    132      16     25        6.16     5.400
2024    132      16     30        5.53     5.542
2024    132      16     35        4.48     5.594
2024    132      16     40        2.83     5.557
2024    132      16     45        1.84     5.573
2024    132      16     50        1.45     5.625
2024    132      16     55        1.46     5.573
2024    132      17      0        1.32     5.678
2024    132      17      5        1.21     5.625
2024    132      17     10        1.34     5.646
2024    132      17     15        1.10     5.668
2024    132      17     20        0.91     5.683
2024    132      17     25        0.70     5.631
2024    132      17     30        0.60     5.720
2024    132      17     35        0.53     5.720
2024    132      17     40        0.51     5.757
2024    132      17     45        0.42     5.720
2024    132      17     50        0.44     5.757
2024    132      17     55        0.47     5.809
2024    132      18      0        0.21     5.772
2024    132      18      5        0.26     5.772
2024    132      18     10        0.26     5.772
2024    132      18     15        0.02     5.846
2024    132      18     20        0.59     5.853
2024    132      18     25        1.01     5.839
2024    132      18     30        3.15     5.810
2024    132      18     35        3.94     5.810
2024    132      18     40        1.82     5.862
2024    132      18     45        3.67     5.796
2024    132      18     50        0.62     5.913
2024    132      18     55        0.43     5.839
2024    132      19      0        0.23     5.839
2024    132      19      5        0.27     5.862
2024    132      19     10        0.19     5.899
2024    132      19     15        0.61     5.834
2024    132      19     20        0.63     5.913
2024    132      19     25        0.75     5.950
2024    132      19     30        1.01     5.847
2024    132      19     35        0.99     5.847
2024    132      19     40        0.80     5.847
2024    132      19     45        0.83     5.936
2024    132      19     50        0.55     5.899
2024    132      19     55        0.11     5.965
2024    132      20      0        0.14     5.936
2024    132      20      5        0.14     5.960
2024    132      20     10        0.23     5.909
2024    132      20     15        0.26     5.960
2024    132      20     20        0.32     6.011
2024    132      20     25        0.19     5.971
2024    132      20     30        0.18     5.958
2024    132      20     35        0.10     5.958
2024    132      20     40        0.09     5.958
2024    132      20     45        0.15     5.996
2024    132      20     50        0.09     5.983
2024    132      20     55        0.21     5.933
2024    132      21      0        0.17     5.933
2024    132      21      5        0.10     5.933
2024    132      21     10        0.19     6.009
2024    132      21     15        0.09     6.021
2024    132      21     20        0.05     5.958
2024    132      21     25        0.06     5.971
2024    132      21     30        0.13     6.035
2024    132      21     35        0.06     6.009
2024    132      21     40        0.07     6.021
2024    132      21     45        0.13     6.035
2024    132      21     50        0.14     5.997
2024    132      21     55        0.12     5.997
2024    132      22      0        0.15     6.023
2024    132      22      5        0.09     6.023
2024    132      22     10        0.10     6.073
2024    132      22     15        0.15     6.099
2024    132      22     20        0.21     6.038
2024    132      22     25        0.11     6.115
2024    132      22     30        0.14     6.104
2024    132      22     35        0.17     6.104
2024    132      22     40        0.05     5.985
2024    132      22     45        0.04     6.011
2024    132      22     50        0.05     6.038
2024    132      22     55        0.07     6.050
2024    132      23      0        0.13     6.061
2024    132      23      5        0.16     6.047
2024    132      23     10        0.15     6.009
2024    132      23     15        0.12     6.023
2024    132      23     20        0.11     6.038
2024    132      23     25        0.09     6.104
2024    132      23     30        0.06     6.055
2024    132      23     35        0.03     6.073
2024    132      23     40        0.03     6.073
2024    132      23     45        0.02     6.102
2024    132      23     50        0.01     6.122
2024    132      23     55        0.00     6.122
2024    133       0      0        0.03     6.132
2024    133       0      5        0.01     6.113
2024    133       0     10        0.00     6.144
2024    133       0     15        0.01     6.144
2024    133       0     20        0.01     6.144
2024    133       0     25        0.01     6.135
2024    133       0     30        0.02     6.144
2024    133       0     35        0.03     6.183
2024    133       0     40        0.03     6.183
2024    133       0     45        0.03     6.135
2024    133       0     50        0.03     6.158
2024    133       0     55        0.04     6.150
2024    133       1      0        0.04     6.119
2024    133       1      5        0.05     6.111
2024    133       1     10        0.04     6.064
2024    133       1     15        0.04     6.104
2024    133       1     20        0.07     6.136
2024    133       1     25        0.07     6.096
2024    133       1     30        0.08     6.089
2024    133       1     35        0.07     6.089
2024    133       1     40        0.07     6.089
2024    133       1     45        0.08     6.083
2024    133       1     50        0.07     6.083
2024    133       1     55        0.09     6.122
2024    133       2      0        0.08     6.122
2024    133       2      5        0.15     6.155
2024    133       2     10        0.17     6.116
2024    133       2     15        0.11     6.076
2024    133       2     20        0.15     6.076
2024    133       2     25        0.11     6.037
2024    133       2     30        0.08     5.997
2024    133       2     35        0.09     5.997
2024    133       2     40        0.13     6.070
2024    133       2     45        0.18     6.110
2024    133       2     50        0.21     6.064
2024    133       2     55        0.20     6.104
2024    133       3      0        0.12     6.064
2024    133       3      5        0.14     6.064
2024    133       3     10        0.14     6.104
2024    133       3     15        0.14     6.104
2024    133       3     20        0.14     6.098
2024    133       3     25        0.12     6.098
2024    133       3     30        0.11     6.098
2024    133       3     35        0.12     6.138
2024    133       3     40        0.20     6.132
2024    133       3     45        0.29     6.088
2024    133       3     50        0.25     6.172
2024    133       3     55        0.24     6.172
2024    133       4      0        0.18     6.172
2024    133       4      5        0.28     6.207
2024    133       4     10        0.27     6.167
2024    133       4     15        0.24     6.167
2024    133       4     20        0.12     6.212
2024    133       4     25        0.08     6.132
2024    133       4     30        0.08     6.172
2024    133       4     35        0.08     6.212
2024    133       4     40        0.12     6.207
2024    133       4     45        0.11     6.246
2024    133       4     50        0.10     6.246
2024    133       4     55        0.07     6.251
2024    133       5      0        0.05     6.217
2024    133       5      5        0.05     6.217
2024    133       5     10        0.03     6.177
2024    133       5     15        0.04     6.217
2024    133       5     20        0.05     6.336
2024    133       5     25        0.03     6.296
2024    133       5     30        0.03     6.341
2024    133       5     35        0.02     6.302
2024    133       5     40        0.01    11.523
2024    133       5     45        0.02    11.404
2024    133       5     50        0.03    11.404
2024    133       5     55        0.01    11.447
2024    133       6      0        0.02    11.487
2024    133       6      5        0.04    11.447
2024    133       6     10        0.15    11.408
2024    133       6     15        0.07    11.368
2024    133       6     20        0.18    11.411
2024    133       6     25        0.27    11.614
2024    133       6     30        0.35    11.694
2024    133       6     35        0.48    11.698
2024    133       6     40        0.87    11.821
2024    133       6     45        0.00    13.416
2024    133       6     50        0.92    11.945
2024    133       6     55        0.62    11.905
2024    133       7      0        0.00    13.416
2024    133       7      5        0.00    13.416
2024    133       7     10        0.00    13.416
2024    133       7     15        0.00    13.416
2024    133       7     20        0.00    12.033
2024    133       7     25        2.56    11.953
2024    133       7     30        1.38    11.913
2024    133       7     35        2.34    11.913
2024    133       7     40        0.00    13.416
2024    133       7     45        0.00    13.416
2024    133       7     50        0.00    13.416
2024    133       7     55        0.00    13.416
2024    133       8      0        0.00    13.416
2024    133       8      5        0.00    13.416
2024    133       8     10        0.00    13.416
2024    133       8     15        0.00    13.416
2024    133       8     20        0.00    13.416
2024    133       8     25        0.00    13.416
2024    133       8     30        0.00    13.416
2024    133       8     35        0.00    13.416
2024    133       8     40        0.00    13.416
2024    133       8     45        0.00    13.416
2024    133       8     50        0.00    13.416
2024    133       8     55        0.00    13.416
2024    133       9      0        0.00    13.416
2024    133       9      5        0.00    13.416
2024    133       9     10        0.00    13.416
2024    133       9     15        0.00    13.416
2024    133       9     20        0.00    13.416
2024    133       9     25        0.00    13.416
2024    133       9     30        0.00    13.416
2024    133       9     35        6.14    11.410
2024    133       9     40        2.11    11.569
2024    133       9     45        2.66    11.456
2024    133       9     50        2.03    11.410
2024    133       9     55        1.79    11.292
2024    133      10      0        3.27    11.298
2024    133      10      5        8.44    11.146
2024    133      10     10       28.13    11.357
2024    133      10     15       15.55    11.804
2024    133      10     20        6.65    11.889
2024    133      10     25      236.54    11.864
2024    133      10     30        8.74    11.778
2024    133      10     35       38.33    11.753
2024    133      10     40       58.00    11.767
2024    133      10     45        0.00    13.416
2024    133      10     50        0.00    13.416
2024    133      10     55        0.00    13.416
2024    133      11      0        0.00    13.416
2024    133      11      5        0.00    13.416
2024    133      11     10        0.00    13.416
2024    133      11     15        0.00    13.416
2024    133      11     20        0.00    13.416
2024    133      11     25        0.00    13.416
2024    133      11     30        0.00    13.416
2024    133      11     35        0.00    13.416
2024    133      11     40        0.00    13.416
2024    133      11     45        0.00    13.416
2024    133      11     50        0.00    13.416
2024    133      11     55        0.00    13.416
2024    133      12      0        0.00    13.416
2024    133      12      5        0.00    13.416
2024    133      12     10        0.00    13.416
2024    133      12     15        0.00    13.416
2024    133      12     20        0.00    13.416
2024    133      12     25        0.00    13.416
2024    133      12     30        0.00    13.416
2024    133      12     35        0.00    13.416
2024    133      12     40        0.00    13.416
2024    133      12     45        0.00    13.416
2024    133      12     50        0.00    13.416
2024    133      12     55        0.00    13.416
