X-point locations.
FORMAT:
YEAR    DAY    HOUR    MIN    TOTAL_RATE   LORRENZ_RATE    WINDING_RATE    ALIGNED_RATE    DISTANCE
2024    131      11      5        0.0000        0.0000        0.0000        0.0000    13.416
2024    131      11     10        0.0000        0.0000        0.0000        0.0000    13.416
2024    131      11     15        0.0000        0.0000        0.0000        0.0000    13.416
2024    131      11     20        0.0000        0.0000        0.0000        0.0000    13.416
2024    131      11     25        0.0000        0.0000        0.0000        0.0000    13.416
2024    131      11     30        0.0000        0.0000        0.0000        0.0000    13.416
2024    131      11     35        0.0000        0.0000        0.0000        0.0000    13.416
2024    131      11     40        0.0000        0.0000        0.0000        0.0000    13.416
2024    131      11     45        0.0000        0.0000        0.0000        0.0000    13.416
2024    131      11     50        0.0000        0.0000        0.0000        0.0000    13.416
2024    131      11     55        0.0000        0.0000        0.0000        0.0000    13.416
2024    131      12      0        0.0000        0.0000        0.0000        0.0000    13.416
2024    131      12      5        2.6003        0.8526        2.7868        0.3288    12.032
2024    131      12     10        0.0000        0.0000        0.0000        0.0000    13.416
2024    131      12     15       89.0663       10.3020       88.5492        5.7043    11.661
2024    131      12     20       41.7830       34.0799       51.1572       27.4087    11.545
2024    131      12     25       56.4830        2.6329       62.6460       13.9364    11.409
2024    131      12     30        0.9039        0.8435        1.0377        0.7617    11.894
2024    131      12     35        7.0987        6.9600        7.1338        2.8746    11.545
2024    131      12     40      225.7875      148.4481      292.1813      104.7065    10.819
2024    131      12     45       85.4341        0.0410      101.3239       18.1192    10.830
2024    131      12     50      762.0292       70.1652      837.7375       79.5133    10.676
2024    131      12     55      417.9520      193.5797      486.9366      109.0553    10.522
2024    131      13      0     4288.6158      700.3225     4050.7483      192.6078    10.648
2024    131      13      5     1145.4133      650.0079      922.6416       33.8105    10.494
2024    131      13     10    44305.9454     1023.6918    44485.7716      201.5346    10.582
2024    131      13     15     2130.3750      846.3526     1963.6053       79.1058    10.467
2024    131      13     20      744.4793      269.0742      726.1336       32.4670    10.989
2024    131      13     25      272.0455      162.6041      230.8275       12.1171    11.055
2024    131      13     30      131.0867      115.1255       29.8483       12.2013    11.044
2024    131      13     35      392.7170      242.9135      329.9063       18.0505    10.786
2024    131      13     40     9123.2927     1588.0147     9130.4084      318.9204    10.962
2024    131      13     45       93.0643       71.6330       87.4817       20.1040    11.000
2024    131      13     50       52.5812        2.1853       53.5901        4.1834    11.418
2024    131      13     55      122.7988      109.8700       56.7912       17.2308    10.946
2024    131      14      0        7.3826       11.4369        0.1930        4.0595    11.643
2024    131      14      5       17.2304       12.2164        3.1982        4.9069    11.391
2024    131      14     10        0.8276        1.6792        0.4257        2.2811    11.632
2024    131      14     15        1.1845        0.2216        0.8190        0.8494    11.648
2024    131      14     20        0.7162        1.1254        1.0918        1.3394    12.016
2024    131      14     25        0.7149        0.3292        0.3095        1.0234    11.978
2024    131      14     30        1.6578        1.1036        1.4976        0.5935    11.901
2024    131      14     35        0.0000        0.0000        0.0000        0.0000    13.416
2024    131      14     40        0.9940        0.1042        1.1744        0.4504    12.044
2024    131      14     45        0.0000        0.0000        0.0000        0.0000    13.416
2024    131      14     50        0.0000        0.0000        0.0000        0.0000    13.416
2024    131      14     55        0.0000        0.0000        0.0000        0.0000    13.416
2024    131      15      0        0.0000        0.0000        0.0000        0.0000    13.416
2024    131      15      5        0.0000        0.0000        0.0000        0.0000    13.416
2024    131      15     10        0.0000        0.0000        0.0000        0.0000    13.416
2024    131      15     15        0.0000        0.0000        0.0000        0.0000    13.416
2024    131      15     20        0.0000        0.0000        0.0000        0.0000    13.416
2024    131      15     25        0.0000        0.0000        0.0000        0.0000    13.416
2024    131      15     30        0.0000        0.0000        0.0000        0.0000    13.416
2024    131      15     35        0.0000        0.0000        0.0000        0.0000    13.416
2024    131      15     40      726.3105      208.7025      805.1794      107.7716    12.215
2024    131      15     45      837.8483       92.4086      900.1921      106.7512    12.050
2024    131      15     50      345.9265        6.8340      266.8612       81.8066    12.167
2024    131      15     55        0.0000        0.0000        0.0000        0.0000    12.283
2024    131      16      0     2551.2649      339.2164     2543.9595       69.2259    12.128
2024    131      16      5     1596.3220      267.0267     1585.7078       95.8626    12.089
2024    131      16     10     1223.6126      185.7231     1095.1222      230.6569    12.089
2024    131      16     15      525.5307       15.9037      645.7082      123.7380    12.050
2024    131      16     20      582.3889       99.1108      574.9800       87.6524    11.622
2024    131      16     25      217.1173       39.3215      239.4393       57.3538    11.506
2024    131      16     30       77.5563        6.2772       80.3070       20.5567    11.428
2024    131      16     35      162.7691       29.7708      287.1467      126.9253    11.506
2024    131      16     40      265.3715        1.9881      430.5839      165.7104    11.380
2024    131      16     45      253.8301       57.8061      342.9904      103.9970    12.059
2024    131      16     50      362.8213       92.0206      391.0784       84.5829    11.924
2024    131      16     55       12.7059        0.2208       16.6349        7.0790    11.419
2024    131      17      0      104.3448       26.9374      112.9146       48.6398    11.894
2024    131      17      5       60.9981       29.1057      153.3847      100.6597    11.748
2024    131      17     10      133.6209       30.4298      141.1969       62.4231     9.148
2024    131      17     15      360.1534       51.6569      332.8861       65.0361    10.344
2024    131      17     20      445.4584       15.4605      561.2314      116.0233    10.374
2024    131      17     25      155.4081       29.9360      269.0492      118.3320    10.586
2024    131      17     30        6.3283        0.7336       49.6638       47.6898    11.168
2024    131      17     35       43.8835       16.8049       75.9776       51.0327    10.605
2024    131      17     40        0.8439        0.1114        0.4197        1.0369     6.502
2024    131      17     45        0.8378        0.0492        0.4505        0.9081     6.198
2024    131      17     50        0.1618        0.5879        0.5251        0.9036     6.148
2024    131      17     55        0.1946        0.2583        0.3229        0.4956     6.414
2024    131      18      0      181.1443       55.5543      235.0290       76.2159     8.062
2024    131      18      5        1.3337        1.9290        0.6847        3.3643     6.009
2024    131      18     10      259.9413      161.9952      232.0855       61.3656     5.895
2024    131      18     15       15.3483       19.8741       11.5565       20.9180     5.769
2024    131      18     20       27.1196       21.3935       24.4665       28.3191     5.731
2024    131      18     25       23.0705       27.6523       21.3601       36.5583     5.618
2024    131      18     30       70.9345       42.1824       68.6305       43.4328     5.731
2024    131      18     35      320.5110      309.5264      200.0096       65.7902     5.275
2024    131      18     40     1552.0735      831.1180      104.1003      715.3314     5.288
2024    131      18     45     3074.0177      169.4715     3079.3503       97.5820     5.288
2024    131      18     50      589.0925      356.5616      474.0918        4.8299     5.161
2024    131      18     55    11236.7162     2324.5420    10862.0508      314.4384     5.174
2024    131      19      0      438.0303       40.7994      517.4131      127.5850     5.288
2024    131      19      5      278.8540       43.5212      182.1776       91.6501     5.313
2024    131      19     10      161.7708        8.7108      102.1777       62.3766     5.275
2024    131      19     15      117.4229       64.1734      214.5269      120.6534     5.313
2024    131      19     20       67.2021       94.5959       92.3087       84.5213     5.275
2024    131      19     25      357.7957      155.1412      325.1567       82.1501     5.313
2024    131      19     30      452.3758       43.6773      444.9593       65.6977     5.401
2024    131      19     35      301.3030      209.6092      323.3721       96.5200     5.275
2024    131      19     40      188.6849       14.1157      222.5301       41.7516     5.566
2024    131      19     45      993.1061      269.9256     1088.7833      129.1660     5.212
2024    131      19     50     2094.9729      348.5260     2014.9241       58.4819     5.186
2024    131      19     55      589.8536      577.9658      221.0337       33.4077     5.009
2024    131      20      0     2365.0821      708.9339     2268.1064      383.5687     4.971
2024    131      20      5     4559.0163      303.1495     4537.8378      152.8893     4.832
2024    131      20     10      827.5610      209.9492      902.7277      106.5890     4.794
2024    131      20     15     1001.8194      481.7278      834.5884       51.8713     4.744
2024    131      20     20     1143.1624      254.7375     1101.6732       58.6413     4.744
2024    131      20     25     1127.8015      904.4595      519.4639      121.8822     4.706
2024    131      20     30      770.8014      586.6608      305.0595      153.5813     4.706
2024    131      20     35     2010.1225     1206.1300     1409.7091      157.3931     4.706
2024    131      20     40     3835.7543     1137.5197     3313.4274      786.4407     4.706
2024    131      20     45     2570.0607      840.5681     2409.6796       39.8058     4.668
2024    131      20     50     1574.0385     1497.6890       36.4702       75.9268     4.668
2024    131      20     55     1115.2665      370.5737     1023.0140       43.2411     4.630
2024    131      21      0      341.2787       47.8475      352.3182       22.4540     4.579
2024    131      21      5     2653.7287      934.6209     2627.8445      359.5209     4.579
2024    131      21     10      639.6981      676.5772      130.8750       51.3342     4.541
2024    131      21     15      713.3464      610.5994      534.0863      195.7097     4.541
2024    131      21     20      762.0774      570.8718      436.4976       43.5706     4.541
2024    131      21     25      544.0401      440.2330      406.4558       96.5893     4.503
2024    131      21     30      545.3372      117.5896      602.9741       70.3284     4.503
2024    131      21     35      528.8411      260.2652      446.9917       25.4581     4.465
2024    131      21     40      203.7911      167.7096      222.6847       89.9588     4.453
2024    131      21     45      477.8313      483.2720        9.7260       14.9720     4.403
2024    131      21     50      333.0829      420.6070       36.0338       96.8616     4.453
2024    131      21     55      207.3755       50.8016      242.0051       40.0007     4.465
2024    131      22      0       30.4903       21.6469       19.5501       56.2911     4.491
2024    131      22      5       23.7354       11.8243        4.0255       20.8463     4.479
2024    131      22     10       21.8057        6.8580       20.8496       43.7111     4.506
2024    131      22     15       18.2874       13.9106       41.7319       25.9730     4.407
2024    131      22     20       21.4943       28.4368       25.8787       58.1685     4.396
2024    131      22     25        9.9169        9.4699       41.9028       33.1018     4.407
2024    131      22     30       10.4877       30.4301       15.6915       43.3845     4.407
2024    131      22     35      111.8332       19.8181       29.5773       94.2132     4.494
2024    131      22     40       19.0360       14.5025       43.2490       54.3958     4.571
2024    131      22     45       45.0395       13.4209       25.4819       55.1550     4.522
2024    131      22     50       28.9203       35.0657       48.3865       67.8841     4.561
2024    131      22     55       19.9362        0.5425       40.1900       60.1297     4.561
2024    131      23      0       19.4385        4.8338       16.0812       30.4478     4.589
2024    131      23      5       29.1290        0.4418      111.7043       83.9548     4.570
2024    131      23     10       17.0963       30.6584       51.7726       71.0997     4.628
2024    131      23     15       26.6876       21.9666       50.3044       64.0869     4.667
2024    131      23     20       58.2759       35.9504       63.0489       42.3631     4.618
2024    131      23     25       27.8681       12.5849       20.4781        8.0180     4.657
2024    131      23     30       25.6640       12.0160       37.0066       54.6095     4.657
2024    131      23     35       38.2441       37.9562       65.3101       54.7686     4.647
2024    131      23     40       34.6513       13.4390       37.9922       20.8401     4.686
2024    131      23     45       16.7380        1.3857       10.3111       23.0045     4.725
2024    131      23     50       30.5316       14.3500       71.8149       49.6587     4.725
2024    131      23     55       17.8361        4.1424       30.9502       19.2078     4.725
2024    132       0      0       20.7762        9.1721        6.3684       11.0544     4.725
2024    132       0      5       14.5703        5.0542        1.5683       10.3651     4.764
2024    132       0     10       15.9511        0.4008        0.7994       15.9035     4.813
2024    132       0     15        6.1976        4.1314        7.3809        3.3315     4.803
2024    132       0     20       21.8486        6.5166        8.1722       32.1514     4.744
2024    132       0     25        7.4552        2.6040       62.7746       64.1126     4.638
2024    132       0     30       68.5814       25.5393       26.9720       32.3794     4.582
2024    132       0     35      152.0765       21.0594       81.6114       95.1620     4.543
2024    132       0     40      214.1554       96.5204      202.1441       76.5029     4.504
2024    132       0     45      110.8514       57.4079       79.9421       17.8710     4.456
2024    132       0     50      153.9802       45.3220       92.1983      103.3270     4.456
2024    132       0     55      101.2074       31.7655      175.0997       86.4424     4.417
2024    132       1      0      134.6194       51.9369       57.3818       77.4637     4.448
2024    132       1      5      101.2899       52.5503       58.6669       61.5267     4.440
2024    132       1     10      115.8670        9.8814       85.5371       59.5094     4.409
2024    132       1     15      219.8400       52.4450      280.9596       67.0275     4.362
2024    132       1     20      611.0902      136.6602      645.4940       74.8068     4.362
2024    132       1     25     2561.6008      831.9690     2577.2279     1187.0319     4.378
2024    132       1     30      767.1040      475.4210      658.1187      166.2524     4.354
2024    132       1     35      152.7822      163.8430       89.3651       46.8958     4.354
2024    132       1     40     1108.0969      849.9334      784.7603       90.6425     4.386
2024    132       1     45     3801.2309     1216.3796     3696.6863      367.4480     4.380
2024    132       1     50      456.3313       79.8680      517.1121       86.9054     4.419
2024    132       1     55      192.8694       47.7072      251.2891       81.6317     4.373
2024    132       2      0      133.3680       66.2531      237.8264      120.4853     4.380
2024    132       2      5      173.3280       56.6728      224.3433       67.9362     4.334
2024    132       2     10      134.6382       35.3330      146.2439       29.4810     4.334
2024    132       2     15      234.0273       64.7325      136.7717       94.8190     4.373
2024    132       2     20      224.7264       15.1703      235.6704       67.1574     4.373
2024    132       2     25      179.3350      173.0593      214.2622      122.9206     4.380
2024    132       2     30      258.2836       40.1918      322.1849       81.1485     4.334
2024    132       2     35      144.5783       79.3246      149.2747       84.7470     4.328
2024    132       2     40      122.5742       13.8669       48.4455       74.7622     4.288
2024    132       2     45      307.7894      128.0887      339.6730      112.0189     4.328
2024    132       2     50      217.7661       58.1140      115.3542       90.1998     4.288
2024    132       2     55      685.0744        2.1382      736.5995       68.5341     4.328
2024    132       3      0      110.4984       24.1617      104.5768       37.4479     4.328
2024    132       3      5      631.8746      125.7738      676.7013       59.9141     4.328
2024    132       3     10      311.4966       77.8230      384.5275       88.1386     4.334
2024    132       3     15      173.5585       62.4964      262.9163       97.5827     4.380
2024    132       3     20      547.8594       13.9677      547.4054       26.6567     4.373
2024    132       3     25      431.2432       82.8066      523.4443       99.2011     4.362
2024    132       3     30      266.0029       10.8280      396.3800      130.7171     4.367
2024    132       3     35       53.1704       36.0972       15.6254       59.6243     4.465
2024    132       3     40      172.8496       33.6521      171.0403        9.9910     4.472
2024    132       3     45      265.9129      281.8018       53.6223       47.8863     4.465
2024    132       3     50      208.1904      243.7918       90.4627       52.0993     4.505
2024    132       3     55      463.3191        9.5698      439.7337       40.1215     4.505
2024    132       4      0      190.5748      209.9473       78.3932       64.7170     4.498
2024    132       4      5       34.3350      119.9405       38.2139       95.9157     4.498
2024    132       4     10      247.8183      273.4666      114.4197       48.7184     4.531
2024    132       4     15      384.6688       94.4107      371.6331       16.9722     4.531
2024    132       4     20      227.5109       70.6931      215.1469       15.3440     4.571
2024    132       4     25       91.9098       93.9110      169.6807      104.8477     4.565
2024    132       4     30      413.7981       56.4927      469.1961       63.7780     4.560
2024    132       4     35      185.1958        1.2698      158.4899       74.5003     4.599
2024    132       4     40      490.4825      165.9418      247.6830      201.5985     4.594
2024    132       4     45     1772.4689      213.3514     1744.8186       94.3602     4.634
2024    132       4     50      334.9827      196.3627      425.6470      134.5740     4.629
2024    132       4     55      782.7927      110.7322      801.6186      103.5035     4.674
2024    132       5      0      152.7950      140.5917      200.2231      112.5897     4.713
2024    132       5      5      203.7995       57.0201      293.9722      103.6740     4.753
2024    132       5     10      194.3118       18.6274      223.1744       70.6450     4.753
2024    132       5     15     1066.6307      115.5617     1132.3767       92.3879     4.753
2024    132       5     20      401.6385      101.7462      332.7466      107.8849     4.753
2024    132       5     25      521.7123      123.1597      474.5469       41.7052     4.793
2024    132       5     30      118.2099       70.0938       52.4634       31.1230     4.793
2024    132       5     35      334.6853      136.3186      290.8650       56.1158     4.833
2024    132       5     40      106.4744       35.4640      276.1997      172.5995     4.788
2024    132       5     45      178.5650        3.6598      171.7836       62.2095     4.833
2024    132       5     50      378.3093      107.2097      541.0520      173.9640     4.833
2024    132       5     55     1275.0038      231.5975     1287.4659       40.9878     4.917
2024    132       6      0      553.0498      199.9198      528.9168      126.6301     4.877
2024    132       6      5      787.6115       34.6447      896.3986      124.9130     4.922
2024    132       6     10      436.2734      242.9813      495.8700      116.8432     4.877
2024    132       6     15    16729.3145      471.6204    16701.5641      895.8543     4.798
2024    132       6     20     1166.7861      858.7900      871.9680      160.8710     4.758
2024    132       6     25     1116.7257        7.0814     1193.4582       76.8554     4.718
2024    132       6     30     1249.1065      846.3571      904.3609       58.9635     4.763
2024    132       6     35     7281.5755     2913.9768     6971.1870      810.2823     4.679
2024    132       6     40     5217.3310      774.1325     5046.4540      234.7572     4.599
2024    132       6     45      505.2891      125.0482      551.4315       61.2073     4.599
2024    132       6     50      256.7483       11.8538      398.4921      142.0542     4.565
2024    132       6     55      350.5569      263.5923      252.6577      132.4519     4.565
2024    132       7      0      326.7364       87.6873      429.6651      115.6476     4.520
2024    132       7      5      756.2846      164.1357      513.9788      231.1966     4.526
2024    132       7     10      844.3571      162.5761      744.9828       87.0170     4.486
2024    132       7     15      688.8015        0.9416      735.4695       54.3663     4.486
2024    132       7     20      408.5813       85.9769      520.0567      140.1399     4.492
2024    132       7     25      495.8607      171.5625      344.0753      175.7670     4.531
2024    132       7     30      372.6234      144.8000      361.6285      109.1498     4.577
2024    132       7     35      362.8074       60.5758      230.5211      124.7483     4.538
2024    132       7     40      261.3949       91.9636      167.8280       96.3808     4.623
2024    132       7     45      304.7987      137.6344      331.3579       75.0474     4.623
2024    132       7     50      818.7514      203.6229      741.6880       93.3825     4.662
2024    132       7     55      634.5427      176.0317      557.9544      145.1341     4.741
2024    132       8      0     2645.4194      657.7078     2339.7260      239.6210     4.709
2024    132       8      5      559.3955      197.9601      638.0907      165.1922     4.715
2024    132       8     10     1066.9725      388.4351      974.0288      293.0361     4.762
2024    132       8     15     1330.0770      691.8316     1090.7425       42.7754     4.723
2024    132       8     20      560.2007      312.1225      478.7635       16.3209     4.723
2024    132       8     25      505.5257      261.0651      452.6102       60.0001     4.723
2024    132       8     30      428.5917      213.6509      445.7755       66.6053     4.683
2024    132       8     35     1039.7031      291.8963      962.0357       34.4564     4.738
2024    132       8     40      369.8912       59.8957      376.7831       12.7398     4.786
2024    132       8     45      545.6993       82.0213      563.6910       30.4586     4.755
2024    132       8     50      522.7629       99.3010      524.8581       25.2560     4.755
2024    132       8     55      255.2418      252.8467      211.2879       76.9409     4.725
2024    132       9      0     1038.6598      110.9074     1084.5443       70.0899     4.725
2024    132       9      5      287.5219      305.1384       79.8722       47.4159     4.725
2024    132       9     10      329.8649       79.4603      248.4684      277.0509     4.734
2024    132       9     15      266.5291      120.3857       56.0978      133.7284     4.734
2024    132       9     20      696.1814      682.2097       51.9716       42.9471     4.638
2024    132       9     25      766.2350      522.6052      455.8507       73.4973     4.744
2024    132       9     30      833.4946      705.9380      272.4994       76.9681     4.657
2024    132       9     35     1252.7021      228.0529     1285.9817       76.9767     4.599
2024    132       9     40     1541.2944      860.8026     1410.6396      197.4840     4.608
2024    132       9     45      310.7747      141.0225      376.5415       91.6495     4.560
2024    132       9     50      653.3353      103.8552      524.5990      180.9333     4.618
2024    132       9     55     1174.5413      365.8370     1075.9862       58.6850     4.579
2024    132      10      0      397.9183      407.2699       83.6633       32.7291     4.579
2024    132      10      5      633.5067      408.0547      417.4933       50.3520     4.589
2024    132      10     10      906.2128      587.9264      789.5670      184.5121     4.589
2024    132      10     15      226.0940      230.1672      132.3243       77.8134     4.589
2024    132      10     20     1236.9979      662.0567      811.3214      224.1737     4.599
2024    132      10     25      364.0435      362.2746       14.6027       31.3141     4.599
2024    132      10     30     1275.8385       67.4282     1171.7874      375.7980     4.648
2024    132      10     35      491.0525      282.4667      483.3673       72.7564     4.648
2024    132      10     40     1831.2260     1054.8734     1231.3360      232.1605     4.648
2024    132      10     45      737.4711       59.6728      809.6443      101.4821     4.677
2024    132      10     50      331.4322      181.4160      252.8789       30.4931     4.698
2024    132      10     55     3740.9164     2620.2641     2113.8176      435.2054     4.698
2024    132      11      0      891.5446      589.5207      780.5618      131.3812     4.747
2024    132      11      5     2127.4247      984.9108     1816.3582       65.6753     4.797
2024    132      11     10     1557.3427     1540.3870      707.7700      157.4241     4.847
2024    132      11     15      385.6065      369.4335       23.4806       44.4666     4.808
2024    132      11     20     2106.6473     1135.8889     1814.8503       36.4252     4.847
2024    132      11     25     5976.8068     1205.1358     5613.2761      742.3896     4.935
2024    132      11     30     2070.2692      194.3808     2073.7855       33.2358     4.935
2024    132      11     35      454.8874      388.0993      311.9281       50.7325     4.897
2024    132      11     40      730.6887      138.3685      812.5178      110.9221     4.947
2024    132      11     45     1246.8390      904.7822     1015.4836      133.5425     5.009
2024    132      11     50      301.6766      119.4771      278.5089       11.1603     5.022
2024    132      11     55      706.5126      440.0869      625.3337       65.3468     5.022
2024    132      12      0      429.2443       76.6526      534.5128      110.8092     4.971
2024    132      12      5      469.1815       13.0245      284.5318      221.2407     4.984
2024    132      12     10      360.3027      102.7794      447.2782       99.7002     4.984
2024    132      12     15      286.1843       97.5648      408.1849      133.4993     5.048
2024    132      12     20      563.3667      221.1306      422.8852      131.5182     5.048
2024    132      12     25      643.0880      187.0141      516.2737      106.9828     5.010
2024    132      12     30      315.8897      225.9567      316.5711      105.3877     5.061
2024    132      12     35      387.7475       73.2749      540.0044      182.5135     5.024
2024    132      12     40      543.2990      153.9288      464.1612       63.9550     5.024
2024    132      12     45      383.6876      174.9291      333.8519       39.4827     5.037
2024    132      12     50      604.9257       80.3757      613.7808       19.0623     5.037
2024    132      12     55      335.5745      257.3005      234.0722      148.4357     5.089
2024    132      13      0      642.6453      143.3362      595.5171      258.4424     5.052
2024    132      13      5      350.1777       37.1719      200.9492      179.2417     5.103
2024    132      13     10      840.7666      331.7670      613.8674      180.3497     5.052
2024    132      13     15      771.1459      103.6460      812.8911       71.0235     5.066
2024    132      13     20      377.4076      138.7499      348.9647      123.8791     5.066
2024    132      13     25      620.9554        7.0337      540.7385      209.2068     5.029
2024    132      13     30      452.2986       36.3476      316.1262      146.3413     5.014
2024    132      13     35      401.7466      101.1382      418.6622       41.7528     4.977
2024    132      13     40      249.6830       14.6831      122.0639      156.5728     4.992
2024    132      13     45      157.2407       92.9684      182.1084       99.9892     5.044
2024    132      13     50      227.6269       25.8877      252.1068       32.2132     4.992
2024    132      13     55      202.7291       73.4956      204.5129       49.2554     5.006
2024    132      14      0       50.6208       16.4593      120.6334       81.5354     5.059
2024    132      14      5      203.9685       55.3707       82.2736      110.3027     5.022
2024    132      14     10      106.6841       92.2021      154.3109      102.6385     5.111
2024    132      14     15      163.3316       76.0228      207.3061       68.6534     5.126
2024    132      14     20      141.5353       48.9462      199.5315       73.7661     5.059
2024    132      14     25      163.1589       67.5747      204.6230       67.7333     5.059
2024    132      14     30      180.9068       77.8000      122.8230       70.0956     5.074
2024    132      14     35       25.4798       18.7840       52.1171       54.5837     5.111
2024    132      14     40      130.0348       89.5557      118.3618       56.1986     5.074
2024    132      14     45      219.3031       59.6892      111.1169       98.4184     5.074
2024    132      14     50      130.7914       50.8149      107.2913       13.7903     5.126
2024    132      14     55      284.6227      110.5241      306.7333       54.7519     5.074
2024    132      15      0      275.8908       92.2388      272.6551      101.6549     5.111
2024    132      15      5      441.9316       10.1154      519.8536       84.4029     5.059
2024    132      15     10      566.7651      164.8909      431.8410      107.3540     5.059
2024    132      15     15      721.7367      204.9065      774.4193      125.0891     5.200
2024    132      15     20      643.4477      115.3620      610.0988       27.6559     5.200
2024    132      15     25      664.7053      179.7541      468.3738      165.3845     5.200
2024    132      15     30      972.4124      240.3632      814.3968      141.6972     5.305
2024    132      15     35      430.1826      168.3750      509.2415      111.0509     5.289
2024    132      15     40      607.9485      292.8188      522.0537       30.0341     5.289
2024    132      15     45      345.2954      220.5084      215.9437       37.4141     5.289
2024    132      15     50      413.1230      187.8712      297.0933       62.1462     5.274
2024    132      15     55      220.4479       79.1417      163.3227       40.2483     5.483
2024    132      16      0      118.3800       88.1528       46.6955       25.2474     5.379
2024    132      16      5      209.3127      104.0299      148.7359       28.1972     5.505
2024    132      16     10       79.1933       62.9027       29.7299       13.9832     5.468
2024    132      16     15       67.1382       61.1078       21.5875        7.6850     5.415
2024    132      16     20       34.3366       35.0081        2.4433        6.8856     5.415
2024    132      16     25       44.0929       47.9370        1.9051        6.1565     5.400
2024    132      16     30       16.6007       21.6757        1.1877        5.5277     5.542
2024    132      16     35        7.0105       11.4768        0.2720        4.4780     5.594
2024    132      16     40        5.4447        8.2041        0.0153        2.8268     5.557
2024    132      16     45        3.3067        5.1107        0.0932        1.8403     5.573
2024    132      16     50        2.1729        3.5773        0.1993        1.4462     5.625
2024    132      16     55        1.7671        3.1632        0.0019        1.4608     5.573
2024    132      17      0        1.8002        3.0996        0.3466        1.3198     5.678
2024    132      17      5        1.1631        2.3628        0.1800        1.2147     5.625
2024    132      17     10        2.0004        3.3325        0.0797        1.3398     5.646
2024    132      17     15        4.3337        5.3815        0.4844        1.0988     5.668
2024    132      17     20        3.0727        3.9581        0.4251        0.9130     5.683
2024    132      17     25        3.8421        4.3021        0.1472        0.7014     5.631
2024    132      17     30        3.7013        4.2646        0.5277        0.5962     5.720
2024    132      17     35        3.6078        4.1196        0.3966        0.5334     5.720
2024    132      17     40        3.4901        3.9514        0.4550        0.5055     5.757
2024    132      17     45        2.6045        3.0185        0.1781        0.4216     5.720
2024    132      17     50        2.2884        2.7109        0.2635        0.4360     5.757
2024    132      17     55        2.4312        2.8546        0.2743        0.4684     5.809
2024    132      18      0        2.0238        2.2164        0.1824        0.2061     5.772
2024    132      18      5        2.1937        2.1039        0.2027        0.2559     5.772
2024    132      18     10        1.7087        1.6237        0.1472        0.2586     5.772
2024    132      18     15        2.0289        1.9727        0.3605        0.0240     5.846
2024    132      18     20        3.9790        3.3417        0.7878        0.5867     5.853
2024    132      18     25        5.0317        3.9262        0.8896        1.0064     5.839
2024    132      18     30        9.4895        5.4901        3.6916        3.1526     5.810
2024    132      18     35        9.0043        3.9802        4.0698        3.9421     5.810
2024    132      18     40        5.8788        3.7549        1.7100        1.8243     5.862
2024    132      18     45       10.3427        5.7892        3.5281        3.6725     5.796
2024    132      18     50        3.8490        3.3015        0.1418        0.6191     5.913
2024    132      18     55        2.3528        2.4581        0.0075        0.4315     5.839
2024    132      19      0        2.1399        2.1657        0.0177        0.2285     5.839
2024    132      19      5        2.3827        2.5250        0.0487        0.2748     5.862
2024    132      19     10        2.1711        2.3483        0.0125        0.1947     5.899
2024    132      19     15        4.0905        3.4716        0.3882        0.6136     5.834
2024    132      19     20        3.4230        2.7923        0.1725        0.6292     5.913
2024    132      19     25        3.6982        2.9423        0.2344        0.7474     5.950
2024    132      19     30        4.5822        3.5743        0.1712        1.0056     5.847
2024    132      19     35        4.3163        3.3294        0.1447        0.9861     5.847
2024    132      19     40        3.3051        2.5175        0.0311        0.7971     5.847
2024    132      19     45        3.5506        2.7162        0.2065        0.8327     5.936
2024    132      19     50        2.3608        1.8101        0.0331        0.5533     5.899
2024    132      19     55        1.1254        1.0254        0.0285        0.1061     5.965
2024    132      20      0        0.9860        0.8530        0.0721        0.1358     5.936
2024    132      20      5        1.2066        1.0593        0.1190        0.1428     5.960
2024    132      20     10        1.6718        1.4444        0.0633        0.2341     5.909
2024    132      20     15        1.6480        1.3859        0.0710        0.2635     5.960
2024    132      20     20        1.5219        1.2061        0.0468        0.3169     6.011
2024    132      20     25        0.2758        0.4550        0.1089        0.1932     5.971
2024    132      20     30        0.3887        0.5275        0.0496        0.1759     5.958
2024    132      20     35        1.3602        1.2703        0.0639        0.0968     5.958
2024    132      20     40        0.9502        1.0150        0.0613        0.0875     5.958
2024    132      20     45        0.7756        0.9168        0.0381        0.1530     5.996
2024    132      20     50        1.1524        1.0974        0.0635        0.0939     5.983
2024    132      20     55        1.2839        1.1048        0.1165        0.2120     5.933
2024    132      21      0        0.7678        0.7418        0.0934        0.1665     5.933
2024    132      21      5        0.8760        0.8179        0.1042        0.1009     5.933
2024    132      21     10        1.8203        1.6124        0.2374        0.1927     6.009
2024    132      21     15        1.1381        1.0583        0.0842        0.0924     6.021
2024    132      21     20        0.5307        0.5629        0.0586        0.0523     5.958
2024    132      21     25        0.6217        0.6798        0.0828        0.0634     5.971
2024    132      21     30        0.6445        0.7609        0.1250        0.1285     6.035
2024    132      21     35        0.5074        0.5617        0.0811        0.0615     6.009
2024    132      21     40        0.6952        0.6345        0.0734        0.0665     6.021
2024    132      21     45        1.0657        0.9273        0.1462        0.1347     6.035
2024    132      21     50        0.8642        0.7195        0.1179        0.1360     5.997
2024    132      21     55        0.7166        0.5874        0.1013        0.1215     5.997
2024    132      22      0        0.7602        0.6021        0.1099        0.1513     6.023
2024    132      22      5        0.4386        0.3428        0.0867        0.0877     6.023
2024    132      22     10        0.5078        0.4082        0.0770        0.0974     6.073
2024    132      22     15        0.5509        0.3961        0.0863        0.1511     6.099
2024    132      22     20        0.4285        0.2173        0.0930        0.2096     6.038
2024    132      22     25        0.2626        0.1578        0.0042        0.1108     6.115
2024    132      22     30        0.1696        0.0298        0.0138        0.1369     6.104
2024    132      22     35        0.2290        0.0626        0.0219        0.1722     6.104
2024    132      22     40        0.0212        0.0002        0.0411        0.0512     5.985
2024    132      22     45        0.0267        0.0367        0.0368        0.0417     6.011
2024    132      22     50        0.0115        0.0394        0.0301        0.0531     6.038
2024    132      22     55        0.0176        0.0451        0.0324        0.0730     6.050
2024    132      23      0        0.0978        0.0306        0.0087        0.1296     6.061
2024    132      23      5        0.0864        0.0729        0.0173        0.1614     6.047
2024    132      23     10        0.0540        0.1608        0.0073        0.1460     6.009
2024    132      23     15        0.0455        0.1224        0.0051        0.1185     6.023
2024    132      23     20        0.0475        0.0988        0.0001        0.1079     6.038
2024    132      23     25        0.0476        0.0494        0.0098        0.0866     6.104
2024    132      23     30        0.0415        0.0775        0.0026        0.0580     6.055
2024    132      23     35        0.0774        0.0883        0.0121        0.0313     6.073
2024    132      23     40        0.0545        0.0686        0.0119        0.0291     6.073
2024    132      23     45        0.0809        0.0953        0.0211        0.0222     6.102
2024    132      23     50        0.1296        0.1184        0.0226        0.0107     6.122
2024    132      23     55        0.1025        0.0970        0.0241        0.0044     6.122
2024    133       0      0        0.0734        0.0965        0.0275        0.0287     6.132
2024    133       0      5        0.1132        0.1119        0.0303        0.0050     6.113
2024    133       0     10        0.1542        0.1513        0.0349        0.0049     6.144
2024    133       0     15        0.1384        0.1457        0.0331        0.0117     6.144
2024    133       0     20        0.1040        0.1030        0.0383        0.0111     6.144
2024    133       0     25        0.1331        0.1301        0.0362        0.0113     6.135
2024    133       0     30        0.0727        0.0778        0.0445        0.0200     6.144
2024    133       0     35        0.0718        0.0881        0.0444        0.0294     6.183
2024    133       0     40        0.0634        0.0853        0.0439        0.0338     6.183
2024    133       0     45        0.0859        0.1065        0.0381        0.0272     6.135
2024    133       0     50        0.1325        0.1313        0.0493        0.0270     6.158
2024    133       0     55        0.1440        0.1243        0.0524        0.0393     6.150
2024    133       1      0        0.0649        0.0490        0.0462        0.0425     6.119
2024    133       1      5        0.0910        0.0678        0.0444        0.0453     6.111
2024    133       1     10        0.1140        0.0898        0.0512        0.0414     6.064
2024    133       1     15        0.1174        0.0947        0.0585        0.0447     6.104
2024    133       1     20        0.1561        0.1105        0.0790        0.0692     6.136
2024    133       1     25        0.1304        0.0870        0.0877        0.0672     6.096
2024    133       1     30        0.1651        0.0978        0.0982        0.0803     6.089
2024    133       1     35        0.1215        0.0620        0.0965        0.0671     6.089
2024    133       1     40        0.1091        0.0504        0.0990        0.0691     6.089
2024    133       1     45        0.1577        0.0843        0.1102        0.0785     6.083
2024    133       1     50        0.1359        0.0661        0.1109        0.0717     6.083
2024    133       1     55        0.1184        0.0478        0.1200        0.0897     6.122
2024    133       2      0        0.1114        0.0479        0.1263        0.0823     6.122
2024    133       2      5        0.1752        0.0772        0.1621        0.1455     6.155
2024    133       2     10        0.1324        0.0172        0.1858        0.1719     6.116
2024    133       2     15        0.1096        0.0262        0.1213        0.1121     6.076
2024    133       2     20        0.0808        0.0206        0.1384        0.1467     6.076
2024    133       2     25        0.0688        0.0057        0.1060        0.1108     6.037
2024    133       2     30        0.0754        0.0265        0.0927        0.0847     5.997
2024    133       2     35        0.0489        0.0013        0.0949        0.0867     5.997
2024    133       2     40        0.1114        0.0264        0.1248        0.1254     6.070
2024    133       2     45        0.0438        0.0961        0.1824        0.1834     6.110
2024    133       2     50        0.1465        0.0305        0.2420        0.2127     6.064
2024    133       2     55        0.0989        0.0840        0.2347        0.1989     6.104
2024    133       3      0        0.1058        0.0116        0.1540        0.1179     6.064
2024    133       3      5        0.0997        0.0450        0.1806        0.1406     6.064
2024    133       3     10        0.0817        0.0482        0.1783        0.1442     6.104
2024    133       3     15        0.0714        0.0694        0.1798        0.1410     6.104
2024    133       3     20        0.1701        0.0554        0.1806        0.1358     6.098
2024    133       3     25        0.1467        0.0398        0.1654        0.1227     6.098
2024    133       3     30        0.1304        0.0386        0.1506        0.1089     6.098
2024    133       3     35        0.0922        0.0060        0.1566        0.1241     6.138
2024    133       3     40        0.1963        0.0361        0.2699        0.2020     6.132
2024    133       3     45        0.3680        0.1334        0.4415        0.2903     6.088
2024    133       3     50        0.1407        0.0154        0.3184        0.2540     6.172
2024    133       3     55        0.1485        0.0021        0.2168        0.2385     6.172
2024    133       4      0        0.1620        0.0683        0.2036        0.1753     6.172
2024    133       4      5        0.2448        0.0480        0.2505        0.2785     6.207
2024    133       4     10        0.2391        0.0562        0.2833        0.2694     6.167
2024    133       4     15        0.2318        0.0625        0.2437        0.2400     6.167
2024    133       4     20        0.1056        0.0198        0.0998        0.1175     6.212
2024    133       4     25        0.1001        0.0415        0.0803        0.0800     6.132
2024    133       4     30        0.1098        0.0518        0.0783        0.0830     6.172
2024    133       4     35        0.1051        0.0441        0.0703        0.0838     6.212
2024    133       4     40        0.1857        0.0940        0.0985        0.1199     6.207
2024    133       4     45        0.1877        0.1035        0.0883        0.1120     6.246
2024    133       4     50        0.1789        0.1011        0.0790        0.1016     6.246
2024    133       4     55        0.1078        0.0584        0.0565        0.0684     6.251
2024    133       5      0        0.0556        0.0199        0.0474        0.0513     6.217
2024    133       5      5        0.0594        0.0269        0.0432        0.0462     6.217
2024    133       5     10        0.0641        0.0419        0.0377        0.0318     6.177
2024    133       5     15        0.0662        0.0378        0.0356        0.0379     6.217
2024    133       5     20        0.0896        0.0575        0.0353        0.0452     6.336
2024    133       5     25        0.0856        0.0624        0.0285        0.0341     6.296
2024    133       5     30        0.0580        0.0398        0.0236        0.0283     6.341
2024    133       5     35        0.0563        0.0398        0.0195        0.0238     6.302
2024    133       5     40        0.0902        0.0998        0.0047        0.0099    11.523
2024    133       5     45        0.2108        0.2283        0.0052        0.0178    11.404
2024    133       5     50        0.1810        0.1495        0.0180        0.0314    11.404
2024    133       5     55        0.6486        0.6580        0.0139        0.0096    11.447
2024    133       6      0        0.1568        0.1061        0.1438        0.0239    11.487
2024    133       6      5        0.2761        0.0380        0.3116        0.0427    11.447
2024    133       6     10        0.6437        0.5889        0.4685        0.1457    11.408
2024    133       6     15        0.4109        0.3008        0.3123        0.0663    11.368
2024    133       6     20        1.3242        1.4408        0.3294        0.1834    11.411
2024    133       6     25        1.7295        1.8719        0.4189        0.2654    11.614
2024    133       6     30        2.2813        2.0280        1.3997        0.3505    11.694
2024    133       6     35        2.4254        2.8038        0.7435        0.4833    11.698
2024    133       6     40        3.2931        3.8187        1.2988        0.8701    11.821
2024    133       6     45        0.0000        0.0000        0.0000        0.0000    13.416
2024    133       6     50        1.9445        1.5468        2.0181        0.9156    11.945
2024    133       6     55        2.4569        0.0108        2.5734        0.6216    11.905
2024    133       7      0        0.0000        0.0000        0.0000        0.0000    13.416
2024    133       7      5        0.0000        0.0000        0.0000        0.0000    13.416
2024    133       7     10        0.0000        0.0000        0.0000        0.0000    13.416
2024    133       7     15        0.0000        0.0000        0.0000        0.0000    13.416
2024    133       7     20        0.0000        0.0000        0.0000        0.0000    12.033
2024    133       7     25       13.7411        4.5584       14.1495        2.5575    11.953
2024    133       7     30        9.1338        1.5118        9.5508        1.3821    11.913
2024    133       7     35        9.3617        7.7503        8.6309        2.3441    11.913
2024    133       7     40        0.0000        0.0000        0.0000        0.0000    13.416
2024    133       7     45        0.0000        0.0000        0.0000        0.0000    13.416
2024    133       7     50        0.0000        0.0000        0.0000        0.0000    13.416
2024    133       7     55        0.0000        0.0000        0.0000        0.0000    13.416
2024    133       8      0        0.0000        0.0000        0.0000        0.0000    13.416
2024    133       8      5        0.0000        0.0000        0.0000        0.0000    13.416
2024    133       8     10        0.0000        0.0000        0.0000        0.0000    13.416
2024    133       8     15        0.0000        0.0000        0.0000        0.0000    13.416
2024    133       8     20        0.0000        0.0000        0.0000        0.0000    13.416
2024    133       8     25        0.0000        0.0000        0.0000        0.0000    13.416
2024    133       8     30        0.0000        0.0000        0.0000        0.0000    13.416
2024    133       8     35        0.0000        0.0000        0.0000        0.0000    13.416
2024    133       8     40        0.0000        0.0000        0.0000        0.0000    13.416
2024    133       8     45        0.0000        0.0000        0.0000        0.0000    13.416
2024    133       8     50        0.0000        0.0000        0.0000        0.0000    13.416
2024    133       8     55        0.0000        0.0000        0.0000        0.0000    13.416
2024    133       9      0        0.0000        0.0000        0.0000        0.0000    13.416
2024    133       9      5        0.0000        0.0000        0.0000        0.0000    13.416
2024    133       9     10        0.0000        0.0000        0.0000        0.0000    13.416
2024    133       9     15        0.0000        0.0000        0.0000        0.0000    13.416
2024    133       9     20        0.0000        0.0000        0.0000        0.0000    13.416
2024    133       9     25        0.0000        0.0000        0.0000        0.0000    13.416
2024    133       9     30        0.0000        0.0000        0.0000        0.0000    13.416
2024    133       9     35        5.5923        9.0080        7.3923        6.1421    11.410
2024    133       9     40        7.6913        5.2324        6.7757        2.1110    11.569
2024    133       9     45        0.2112        2.6147        0.0923        2.6560    11.456
2024    133       9     50        3.1301        1.1142        0.2526        2.0272    11.410
2024    133       9     55        1.0862        0.6977        0.1524        1.7934    11.292
2024    133      10      0        2.9615        6.1389        1.0651        3.2732    11.298
2024    133      10      5       26.2650       32.3044       12.0736        8.4434    11.146
2024    133      10     10      158.6625      154.8962      100.1445       28.1278    11.357
2024    133      10     15      140.2474       56.3517      120.4659       15.5544    11.804
2024    133      10     20      801.2333      118.9015      793.2450        6.6484    11.889
2024    133      10     25     1166.7277     1105.2195      753.9902      236.5370    11.864
2024    133      10     30       86.5823       10.6336       85.2885        8.7379    11.778
2024    133      10     35      297.2316      232.0644      234.3874       38.3333    11.753
2024    133      10     40     1064.3149      290.8259     1069.0704       58.0016    11.767
2024    133      10     45        0.0000        0.0000        0.0000        0.0000    13.416
2024    133      10     50        0.0000        0.0000        0.0000        0.0000    13.416
2024    133      10     55        0.0000        0.0000        0.0000        0.0000    13.416
2024    133      11      0        0.0000        0.0000        0.0000        0.0000    13.416
2024    133      11      5        0.0000        0.0000        0.0000        0.0000    13.416
2024    133      11     10        0.0000        0.0000        0.0000        0.0000    13.416
2024    133      11     15        0.0000        0.0000        0.0000        0.0000    13.416
2024    133      11     20        0.0000        0.0000        0.0000        0.0000    13.416
2024    133      11     25        0.0000        0.0000        0.0000        0.0000    13.416
2024    133      11     30        0.0000        0.0000        0.0000        0.0000    13.416
2024    133      11     35        0.0000        0.0000        0.0000        0.0000    13.416
2024    133      11     40        0.0000        0.0000        0.0000        0.0000    13.416
2024    133      11     45        0.0000        0.0000        0.0000        0.0000    13.416
2024    133      11     50        0.0000        0.0000        0.0000        0.0000    13.416
2024    133      11     55        0.0000        0.0000        0.0000        0.0000    13.416
2024    133      12      0        0.0000        0.0000        0.0000        0.0000    13.416
2024    133      12      5        0.0000        0.0000        0.0000        0.0000    13.416
2024    133      12     10        0.0000        0.0000        0.0000        0.0000    13.416
2024    133      12     15        0.0000        0.0000        0.0000        0.0000    13.416
2024    133      12     20        0.0000        0.0000        0.0000        0.0000    13.416
2024    133      12     25        0.0000        0.0000        0.0000        0.0000    13.416
2024    133      12     30        0.0000        0.0000        0.0000        0.0000    13.416
2024    133      12     35        0.0000        0.0000        0.0000        0.0000    13.416
2024    133      12     40        0.0000        0.0000        0.0000        0.0000    13.416
2024    133      12     45        0.0000        0.0000        0.0000        0.0000    13.416
2024    133      12     50        0.0000        0.0000        0.0000        0.0000    13.416
2024    133      12     55        0.0000        0.0000        0.0000        0.0000    13.416
2024    133      13      0        0.0000        0.0000        0.0000        0.0000    13.416
