|B| in magnetotail where x < -2.
FORMAT:
YEAR    DAY    HOUR    MIN    |B|
2022     72       3     35     -0.1776
2022     72       3     40    222.7139
2022     72       3     45    223.7962
2022     72       3     50    223.8305
2022     72       3     55    223.3328
2022     72       4      0    224.7062
2022     72       4      5    223.5033
2022     72       4     10    224.7211
2022     72       4     15    225.2408
2022     72       4     20    226.4921
2022     72       4     25    226.7247
2022     72       4     30    226.5189
2022     72       4     35    225.1943
2022     72       4     40    225.8629
2022     72       4     45    225.6381
2022     72       4     50    225.6399
2022     72       4     55    226.4540
2022     72       5      0    225.3601
2022     72       5      5    225.9089
2022     72       5     10    226.7476
2022     72       5     15    227.0508
2022     72       5     20    227.0082
2022     72       5     25    227.7293
2022     72       5     30    227.4034
2022     72       5     35    228.7808
2022     72       5     40    228.6447
2022     72       5     45    228.4550
2022     72       5     50    229.8786
2022     72       5     55    229.0697
2022     72       6      0    229.7402
2022     72       6      5    230.4252
2022     72       6     10    230.4432
2022     72       6     15    230.4918
2022     72       6     20    228.9764
2022     72       6     25    230.1027
2022     72       6     30    230.8676
2022     72       6     35    229.5621
2022     72       6     40    230.0758
2022     72       6     45    230.9991
2022     72       6     50    229.9591
2022     72       6     55    231.8089
2022     72       7      0    231.1521
2022     72       7      5    230.9235
2022     72       7     10    230.6960
2022     72       7     15    230.3263
2022     72       7     20    231.2274
2022     72       7     25    232.2262
2022     72       7     30    233.6845
2022     72       7     35    233.6826
2022     72       7     40    233.5341
2022     72       7     45    232.3212
2022     72       7     50    231.4366
2022     72       7     55    232.8874
2022     72       8      0    231.6326
2022     72       8      5    232.1943
2022     72       8     10    232.3717
2022     72       8     15    233.3538
2022     72       8     20    233.6119
2022     72       8     25    233.7665
2022     72       8     30    233.9512
2022     72       8     35    233.8668
2022     72       8     40    233.8807
2022     72       8     45    233.8992
2022     72       8     50    233.1578
2022     72       8     55    234.5397
2022     72       9      0    234.6545
2022     72       9      5    234.6969
2022     72       9     10    237.7390
2022     72       9     15    236.8606
2022     72       9     20    237.1425
2022     72       9     25    236.8556
2022     72       9     30    237.2723
2022     72       9     35    237.0686
2022     72       9     40    235.5653
2022     72       9     45    237.6318
2022     72       9     50    236.6417
2022     72       9     55    237.5258
2022     72      10      0    238.2542
2022     72      10      5    238.7810
2022     72      10     10    237.1371
2022     72      10     15    238.0075
2022     72      10     20    239.4215
2022     72      10     25    239.3012
2022     72      10     30    254.2219
2022     72      10     35    249.3396
2022     72      10     40    242.0281
2022     72      10     45    259.7871
2022     72      10     50    245.4891
2022     72      10     55    246.5644
2022     72      11      0    239.0379
2022     72      11      5    245.7318
2022     72      11     10    255.6131
2022     72      11     15    263.8393
2022     72      11     20    265.6136
2022     72      11     25    263.8399
2022     72      11     30    261.0833
2022     72      11     35    266.4389
2022     72      11     40    259.7487
2022     72      11     45    261.9959
2022     72      11     50    258.3310
2022     72      11     55    270.9692
2022     72      12      0    273.2292
2022     72      12      5    276.1892
2022     72      12     10    279.0230
2022     72      12     15    280.6388
2022     72      12     20    283.8310
2022     72      12     25    285.9398
2022     72      12     30    288.7836
2022     72      12     35    288.4461
2022     72      12     40    289.6292
2022     72      12     45    291.7381
2022     72      12     50    290.5576
2022     72      12     55    292.1859
2022     72      13      0    293.7888
2022     72      13      5    293.5804
2022     72      13     10    294.9115
2022     72      13     15    296.0628
2022     72      13     20    296.4882
2022     72      13     25    293.5840
2022     72      13     30    289.3117
2022     72      13     35    288.5792
2022     72      13     40    288.2585
2022     72      13     45    287.8148
2022     72      13     50    294.1680
2022     72      13     55    295.8435
2022     72      14      0    298.1730
2022     72      14      5    299.1156
2022     72      14     10    299.3614
2022     72      14     15    297.8467
2022     72      14     20    294.3272
2022     72      14     25    292.4430
2022     72      14     30    292.8093
2022     72      14     35    288.5872
2022     72      14     40    284.4800
2022     72      14     45    279.9110
2022     72      14     50    279.0276
2022     72      14     55    279.2410
2022     72      15      0    281.8224
2022     72      15      5    282.4735
2022     72      15     10    282.5046
2022     72      15     15    280.7679
2022     72      15     20    278.4321
2022     72      15     25    277.1875
2022     72      15     30    277.6280
2022     72      15     35    276.2054
2022     72      15     40    277.3909
2022     72      15     45    277.5202
2022     72      15     50    276.4380
2022     72      15     55    275.3728
2022     72      16      0    275.5575
2022     72      16      5    275.7605
2022     72      16     10    282.3560
2022     72      16     15    282.3652
2022     72      16     20    283.5260
2022     72      16     25    279.2966
2022     72      16     30    282.3557
2022     72      16     35    278.3716
2022     72      16     40    282.3767
2022     72      16     45    286.8445
2022     72      16     50    282.9302
2022     72      16     55    289.9572
2022     72      17      0    292.9006
2022     72      17      5    296.3962
2022     72      17     10    293.8781
2022     72      17     15    294.1384
2022     72      17     20    295.3036
2022     72      17     25    297.1949
2022     72      17     30    296.2625
2022     72      17     35    296.8093
2022     72      17     40    298.3796
2022     72      17     45    298.6729
2022     72      17     50    296.7585
2022     72      17     55    296.2153
2022     72      18      0    293.8572
2022     72      18      5    292.1964
2022     72      18     10    291.1543
2022     72      18     15    289.2516
2022     72      18     20    285.4060
2022     72      18     25    283.2909
2022     72      18     30    278.6843
2022     72      18     35    275.3244
2022     72      18     40    273.9983
2022     72      18     45    273.5057
2022     72      18     50    270.2531
2022     72      18     55    270.3547
2022     72      19      0    268.8307
2022     72      19      5    268.3617
2022     72      19     10    266.7519
2022     72      19     15    265.3126
2022     72      19     20    265.4711
2022     72      19     25    264.1668
2022     72      19     30    264.6605
2022     72      19     35    261.8211
2022     72      19     40    261.3199
2022     72      19     45    261.2114
2022     72      19     50    266.2504
2022     72      19     55    269.9210
2022     72      20      0    275.3086
2022     72      20      5    270.2555
2022     72      20     10    270.5945
2022     72      20     15    272.1827
2022     72      20     20    270.1928
2022     72      20     25    269.7936
2022     72      20     30    269.1498
2022     72      20     35    269.0302
2022     72      20     40    269.6941
2022     72      20     45    272.9872
2022     72      20     50    274.8917
2022     72      20     55    274.2450
2022     72      21      0    272.3874
2022     72      21      5    268.8238
2022     72      21     10    263.9914
2022     72      21     15    262.4280
2022     72      21     20    260.1605
2022     72      21     25    262.5572
2022     72      21     30    260.6292
2022     72      21     35    259.4734
2022     72      21     40    257.1783
2022     72      21     45    265.4839
2022     72      21     50    265.8056
2022     72      21     55    266.8356
2022     72      22      0    267.2626
2022     72      22      5    270.0774
2022     72      22     10    273.6196
2022     72      22     15    278.0238
2022     72      22     20    279.3418
2022     72      22     25    279.5528
2022     72      22     30    282.2354
2022     72      22     35    278.5478
2022     72      22     40    270.5471
2022     72      22     45    266.6336
2022     72      22     50    269.5831
2022     72      22     55    270.6575
2022     72      23      0    269.6902
2022     72      23      5    273.8219
2022     72      23     10    273.4382
2022     72      23     15    275.9721
2022     72      23     20    277.9319
2022     72      23     25    276.5526
2022     72      23     30    277.2722
2022     72      23     35    267.0411
2022     72      23     40    262.6479
2022     72      23     45    259.7094
2022     72      23     50    256.3034
2022     72      23     55    253.4856
2022     73       0      0    251.5072
2022     73       0      5    250.0766
2022     73       0     10    248.7598
2022     73       0     15    247.5956
2022     73       0     20    247.3481
2022     73       0     25    246.7971
2022     73       0     30    245.2574
2022     73       0     35    244.2268
2022     73       0     40    244.4303
2022     73       0     45    244.0506
2022     73       0     50    243.5374
2022     73       0     55    242.6105
2022     73       1      0    245.4763
2022     73       1      5    243.6945
2022     73       1     10    244.1908
2022     73       1     15    243.6302
2022     73       1     20    241.5766
2022     73       1     25    241.1515
2022     73       1     30    240.8110
2022     73       1     35    240.3078
2022     73       1     40    240.4834
2022     73       1     45    241.1555
2022     73       1     50    240.7998
2022     73       1     55    242.2341
2022     73       2      0    241.9142
2022     73       2      5    241.4442
2022     73       2     10    241.3796
2022     73       2     15    240.9597
2022     73       2     20    241.3165
2022     73       2     25    241.1561
2022     73       2     30    241.9791
2022     73       2     35    239.2851
2022     73       2     40    237.5072
2022     73       2     45    237.5724
2022     73       2     50    237.7990
2022     73       2     55    238.5557
2022     73       3      0    238.4672
2022     73       3      5    238.8739
2022     73       3     10    239.3635
2022     73       3     15    238.9195
2022     73       3     20    239.0156
2022     73       3     25    237.6721
2022     73       3     30    237.2027
2022     73       3     35    237.3723
2022     73       3     40    237.2812
2022     73       3     45    237.1060
2022     73       3     50    238.5692
2022     73       3     55    239.0239
2022     73       4      0    239.7748
2022     73       4      5    238.6634
2022     73       4     10    238.6159
2022     73       4     15    240.9846
2022     73       4     20    240.9102
2022     73       4     25    240.4329
2022     73       4     30    240.6778
2022     73       4     35    238.8599
2022     73       4     40    240.1009
2022     73       4     45    238.5645
2022     73       4     50    238.9631
2022     73       4     55    238.9217
2022     73       5      0    239.9313
2022     73       5      5    240.8844
2022     73       5     10    240.6771
2022     73       5     15    239.8246
2022     73       5     20    239.9280
2022     73       5     25    240.0891
2022     73       5     30    239.8197
2022     73       5     35    240.0564
2022     73       5     40    240.6521
2022     73       5     45    241.0417
2022     73       5     50    240.4626
2022     73       5     55    240.9775
2022     73       6      0    241.7828
2022     73       6      5    242.1910
2022     73       6     10    241.8546
2022     73       6     15    241.6198
2022     73       6     20    242.8390
2022     73       6     25    243.0997
2022     73       6     30    242.7436
2022     73       6     35    242.0049
2022     73       6     40    242.8163
2022     73       6     45    243.2514
2022     73       6     50    241.1587
2022     73       6     55    243.3885
2022     73       7      0    244.0101
2022     73       7      5    245.5223
2022     73       7     10    247.6569
2022     73       7     15    248.1888
2022     73       7     20    249.2857
2022     73       7     25    249.1432
2022     73       7     30    249.6396
2022     73       7     35    248.8735
2022     73       7     40    250.2335
2022     73       7     45    251.3507
2022     73       7     50    251.3462
2022     73       7     55    251.3891
2022     73       8      0    253.6622
2022     73       8      5    254.2731
2022     73       8     10    257.5261
2022     73       8     15    258.6765
2022     73       8     20    258.0882
2022     73       8     25    258.1541
2022     73       8     30    258.1360
2022     73       8     35    256.9797
2022     73       8     40    256.4211
2022     73       8     45    255.0419
2022     73       8     50    255.1766
2022     73       8     55    256.1150
2022     73       9      0    257.0439
2022     73       9      5    258.9856
2022     73       9     10    259.6824
2022     73       9     15    259.4711
2022     73       9     20    258.5944
2022     73       9     25    258.7435
2022     73       9     30    260.2608
2022     73       9     35    258.9025
2022     73       9     40    258.9473
2022     73       9     45    259.8906
2022     73       9     50    260.5960
2022     73       9     55    259.6094
2022     73      10      0    259.6811
2022     73      10      5    258.9341
2022     73      10     10    257.7719
2022     73      10     15    258.0881
2022     73      10     20    257.9876
2022     73      10     25    256.2158
2022     73      10     30    253.3935
2022     73      10     35    253.5693
2022     73      10     40    253.5739
2022     73      10     45    254.1579
2022     73      10     50    256.1504
2022     73      10     55    255.5368
2022     73      11      0    253.9597
2022     73      11      5    252.8055
2022     73      11     10    253.7722
2022     73      11     15    252.6935
2022     73      11     20    253.1706
2022     73      11     25    252.0094
2022     73      11     30    254.0507
2022     73      11     35    255.4930
2022     73      11     40    255.5675
2022     73      11     45    255.0492
2022     73      11     50    255.4611
2022     73      11     55    253.6479
2022     73      12      0    253.7590
2022     73      12      5    254.4414
2022     73      12     10    255.0215
2022     73      12     15    255.3241
2022     73      12     20    255.2524
2022     73      12     25    255.1394
2022     73      12     30    255.3804
2022     73      12     35    257.9569
2022     73      12     40    257.9220
2022     73      12     45    258.8745
2022     73      12     50    259.2535
2022     73      12     55    259.5653
2022     73      13      0    259.6231
2022     73      13      5    259.8255
2022     73      13     10    258.6899
2022     73      13     15    260.6920
2022     73      13     20    260.8696
2022     73      13     25    260.9766
2022     73      13     30    260.8225
2022     73      13     35    260.6512
2022     73      13     40    260.9001
2022     73      13     45    261.3269
2022     73      13     50    261.2012
2022     73      13     55    260.4867
2022     73      14      0    261.1864
2022     73      14      5    262.3882
2022     73      14     10    261.7266
2022     73      14     15    261.9713
2022     73      14     20    262.0297
2022     73      14     25    259.5115
2022     73      14     30    259.5886
2022     73      14     35    260.4729
2022     73      14     40    259.8450
2022     73      14     45    260.3497
2022     73      14     50    260.1931
2022     73      14     55    258.1567
2022     73      15      0    257.7858
2022     73      15      5    258.3580
2022     73      15     10    258.9390
2022     73      15     15    258.7863
2022     73      15     20    258.6480
2022     73      15     25    258.3131
2022     73      15     30    257.9864
2022     73      15     35    257.8831
2022     73      15     40    257.3830
2022     73      15     45    256.1152
2022     73      15     50    257.6901
2022     73      15     55    259.2320
2022     73      16      0    257.0729
2022     73      16      5    256.6920
2022     73      16     10    257.7549
2022     73      16     15    258.8806
2022     73      16     20    259.1930
2022     73      16     25    260.4196
2022     73      16     30    261.3563
2022     73      16     35    260.7960
2022     73      16     40    261.6525
2022     73      16     45    260.1842
2022     73      16     50    261.1741
2022     73      16     55    259.6434
2022     73      17      0    258.4275
2022     73      17      5    255.6461
2022     73      17     10    255.9400
2022     73      17     15    256.2070
2022     73      17     20    254.9795
2022     73      17     25    255.1452
2022     73      17     30    255.3758
2022     73      17     35    255.3408
2022     73      17     40    255.2954
2022     73      17     45    256.2287
2022     73      17     50    255.7262
2022     73      17     55    256.5038
2022     73      18      0    256.2669
2022     73      18      5    255.7212
2022     73      18     10    254.8460
2022     73      18     15    253.9461
2022     73      18     20    252.7807
2022     73      18     25    252.2101
2022     73      18     30    251.8413
2022     73      18     35    251.5973
2022     73      18     40    252.2832
2022     73      18     45    253.2569
2022     73      18     50    254.7523
2022     73      18     55    255.5051
2022     73      19      0    255.1520
2022     73      19      5    255.0943
2022     73      19     10    255.6622
2022     73      19     15    252.4185
2022     73      19     20    251.8981
2022     73      19     25    250.9380
2022     73      19     30    250.2524
2022     73      19     35    249.6560
2022     73      19     40    248.9715
2022     73      19     45    248.5576
2022     73      19     50    248.3266
2022     73      19     55    248.0911
2022     73      20      0    247.9048
2022     73      20      5    248.0837
2022     73      20     10    248.2355
2022     73      20     15    247.9079
2022     73      20     20    247.5829
2022     73      20     25    247.3337
2022     73      20     30    247.4528
2022     73      20     35    247.5025
2022     73      20     40    245.9859
2022     73      20     45    246.2244
2022     73      20     50    244.4110
2022     73      20     55    245.8195
2022     73      21      0    242.9752
2022     73      21      5    240.5792
2022     73      21     10    242.3442
2022     73      21     15    238.3081
2022     73      21     20    237.2972
2022     73      21     25    236.2756
2022     73      21     30    235.4001
2022     73      21     35    235.4121
2022     73      21     40    235.2577
2022     73      21     45    234.9055
2022     73      21     50    235.1322
2022     73      21     55    234.8871
2022     73      22      0    234.4644
2022     73      22      5    233.7913
2022     73      22     10    233.4986
2022     73      22     15    232.6794
2022     73      22     20    232.4370
2022     73      22     25    232.0390
2022     73      22     30    231.5277
2022     73      22     35    230.8186
2022     73      22     40    230.7512
2022     73      22     45    230.2947
2022     73      22     50    230.2055
2022     73      22     55    230.1286
2022     73      23      0    230.3346
2022     73      23      5    230.2077
2022     73      23     10    229.5306
2022     73      23     15    228.7574
2022     73      23     20    228.4952
2022     73      23     25    228.1496
2022     73      23     30    227.9102
2022     73      23     35    227.3069
2022     73      23     40    227.3903
2022     73      23     45    227.5381
2022     73      23     50    227.2618
2022     73      23     55    226.9954
2022     74       0      0    226.7566
2022     74       0      5    226.5207
2022     74       0     10    226.2672
2022     74       0     15    226.0359
2022     74       0     20    225.8753
2022     74       0     25    225.4355
2022     74       0     30    225.7999
2022     74       0     35    225.4424
2022     74       0     40    224.6381
2022     74       0     45    225.4167
2022     74       0     50    224.9535
2022     74       0     55    230.5325
2022     74       1      0    231.1243
2022     74       1      5    231.5464
2022     74       1     10    232.3498
2022     74       1     15    233.1246
2022     74       1     20    235.7240
2022     74       1     25    231.3130
2022     74       1     30    231.6780
2022     74       1     35    233.6091
2022     74       1     40    233.4286
2022     74       1     45    233.3872
2022     74       1     50    232.9733
2022     74       1     55    233.4361
2022     74       2      0    233.8032
2022     74       2      5    234.4079
2022     74       2     10    234.3682
2022     74       2     15    235.2988
2022     74       2     20    236.2052
2022     74       2     25    235.6445
2022     74       2     30    235.8211
2022     74       2     35    235.3606
2022     74       2     40    236.1269
2022     74       2     45    236.3631
2022     74       2     50    236.3077
2022     74       2     55    235.1897
2022     74       3      0    231.9320
2022     74       3      5    229.8132
2022     74       3     10    231.5232
2022     74       3     15    233.8634
2022     74       3     20    236.6783
2022     74       3     25    237.0142
2022     74       3     30    235.6875
2022     74       3     35    235.9538
2022     74       3     40    236.2399
2022     74       3     45    236.3478
2022     74       3     50    236.0242
2022     74       3     55    234.2653
2022     74       4      0    232.6058
2022     74       4      5    231.9132
2022     74       4     10    232.3461
2022     74       4     15    233.1338
2022     74       4     20    232.2309
2022     74       4     25    231.3792
2022     74       4     30    230.9421
2022     74       4     35    231.9566
2022     74       4     40    231.9899
2022     74       4     45    232.5213
2022     74       4     50    231.6800
2022     74       4     55    231.2536
2022     74       5      0    228.0008
2022     74       5      5    225.8182
2022     74       5     10    226.5723
2022     74       5     15    227.1984
2022     74       5     20    227.0913
2022     74       5     25    227.6351
2022     74       5     30    226.0120
2022     74       5     35    225.6529
2022     74       5     40    225.6463
2022     74       5     45    226.2126
2022     74       5     50    227.1962
2022     74       5     55    226.3278
2022     74       6      0    226.2577
2022     74       6      5    226.9891
2022     74       6     10    226.3522
2022     74       6     15    226.2383
2022     74       6     20    226.7560
2022     74       6     25    228.6556
2022     74       6     30    229.2521
2022     74       6     35    229.9359
2022     74       6     40    234.0852
2022     74       6     45    233.9067
2022     74       6     50    234.1663
2022     74       6     55    233.0869
2022     74       7      0    235.3854
2022     74       7      5    235.5778
2022     74       7     10    233.8593
2022     74       7     15    234.4977
2022     74       7     20    233.1889
2022     74       7     25    234.2078
2022     74       7     30    234.1982
2022     74       7     35    233.5774
2022     74       7     40    234.5401
2022     74       7     45    235.6832
2022     74       7     50    235.3201
2022     74       7     55    236.7132
2022     74       8      0    237.3177
2022     74       8      5    236.9210
2022     74       8     10    235.9868
2022     74       8     15    236.7287
2022     74       8     20    238.0150
2022     74       8     25    238.6552
2022     74       8     30    239.0397
2022     74       8     35    239.4526
2022     74       8     40    239.6386
2022     74       8     45    238.2942
2022     74       8     50    238.4423
2022     74       8     55    238.1177
2022     74       9      0    237.8733
2022     74       9      5    237.8620
2022     74       9     10    238.5204
2022     74       9     15    238.4650
2022     74       9     20    238.5583
2022     74       9     25    237.9300
2022     74       9     30    238.5058
2022     74       9     35    238.2149
2022     74       9     40    238.0039
2022     74       9     45    238.6536
2022     74       9     50    238.9292
2022     74       9     55    238.9562
2022     74      10      0    239.2076
2022     74      10      5    240.5058
2022     74      10     10    240.7837
2022     74      10     15    240.5185
2022     74      10     20    241.4166
2022     74      10     25    241.7735
2022     74      10     30    241.7320
2022     74      10     35    241.3247
2022     74      10     40    241.0531
2022     74      10     45    240.4810
2022     74      10     50    245.4430
2022     74      10     55    243.7297
2022     74      11      0    244.1481
2022     74      11      5    244.1841
2022     74      11     10    245.3187
2022     74      11     15    244.2997
2022     74      11     20    245.8419
2022     74      11     25    247.8611
2022     74      11     30    247.9409
2022     74      11     35    247.6686
2022     74      11     40    247.3361
2022     74      11     45    248.0648
2022     74      11     50    248.7555
2022     74      11     55    249.4683
2022     74      12      0    249.7420
2022     74      12      5    250.1894
2022     74      12     10    251.5787
2022     74      12     15    253.5200
2022     74      12     20    254.9955
2022     74      12     25    254.8243
2022     74      12     30    255.0289
2022     74      12     35    255.2543
2022     74      12     40    254.9138
2022     74      12     45    254.8887
2022     74      12     50    255.3508
2022     74      12     55    255.2924
2022     74      13      0    256.3506
2022     74      13      5    253.7706
2022     74      13     10    251.6383
2022     74      13     15    251.3326
2022     74      13     20    251.2475
2022     74      13     25    251.1849
2022     74      13     30    251.0222
2022     74      13     35    250.6092
2022     74      13     40    250.7760
2022     74      13     45    251.0596
2022     74      13     50    251.4051
2022     74      13     55    251.9014
2022     74      14      0    251.0028
2022     74      14      5    252.7652
2022     74      14     10    252.3864
2022     74      14     15    253.8927
2022     74      14     20    254.1023
2022     74      14     25    253.9221
2022     74      14     30    253.6977
2022     74      14     35    253.4110
2022     74      14     40    253.6138
2022     74      14     45    255.0309
2022     74      14     50    255.3232
2022     74      14     55    254.9448
2022     74      15      0    254.0751
2022     74      15      5    254.4013
2022     74      15     10    255.1951
2022     74      15     15    255.0535
2022     74      15     20    254.9143
2022     74      15     25    254.5985
2022     74      15     30    254.2802
2022     74      15     35    254.2545
2022     74      15     40    254.1022
2022     74      15     45    253.8661
2022     74      15     50    253.8578
2022     74      15     55    254.1440
2022     74      16      0    254.2952
2022     74      16      5    254.3283
2022     74      16     10    254.1502
2022     74      16     15    253.6688
2022     74      16     20    253.8885
2022     74      16     25    253.6801
2022     74      16     30    254.0247
2022     74      16     35    254.0929
2022     74      16     40    253.3848
2022     74      16     45    253.4758
2022     74      16     50    252.8790
2022     74      16     55    251.9154
2022     74      17      0    253.0537
2022     74      17      5    252.3487
2022     74      17     10    251.8127
2022     74      17     15    251.4097
2022     74      17     20    253.2900
2022     74      17     25    252.9156
2022     74      17     30    252.9825
2022     74      17     35    252.1532
2022     74      17     40    251.9130
2022     74      17     45    251.9125
2022     74      17     50    251.6300
2022     74      17     55    251.7834
2022     74      18      0    251.4240
2022     74      18      5    251.1317
2022     74      18     10    250.3428
2022     74      18     15    249.7712
2022     74      18     20    250.5974
2022     74      18     25    249.9763
2022     74      18     30    249.7777
2022     74      18     35    249.5995
2022     74      18     40    249.7019
2022     74      18     45    249.5485
2022     74      18     50    249.2388
2022     74      18     55    249.8490
2022     74      19      0    249.5456
2022     74      19      5    249.1940
2022     74      19     10    249.0230
2022     74      19     15    248.6984
2022     74      19     20    247.8970
2022     74      19     25    247.5141
2022     74      19     30    246.6518
2022     74      19     35    245.8626
2022     74      19     40    247.1883
2022     74      19     45    246.9846
2022     74      19     50    246.0550
2022     74      19     55    244.3158
2022     74      20      0    244.7035
2022     74      20      5    243.6405
2022     74      20     10    242.8054
2022     74      20     15    242.9311
2022     74      20     20    242.5338
2022     74      20     25    241.7733
2022     74      20     30    241.1275
2022     74      20     35    241.5352
2022     74      20     40    243.1356
2022     74      20     45    243.3457
2022     74      20     50    242.9785
2022     74      20     55    242.3591
2022     74      21      0    241.9083
2022     74      21      5    240.7985
2022     74      21     10    240.8066
2022     74      21     15    240.0507
2022     74      21     20    240.2039
2022     74      21     25    239.3579
2022     74      21     30    239.2970
2022     74      21     35    239.8110
2022     74      21     40    238.8710
2022     74      21     45    238.5915
2022     74      21     50    238.2973
2022     74      21     55    237.9276
2022     74      22      0    237.7050
2022     74      22      5    236.7456
2022     74      22     10    236.6015
2022     74      22     15    236.8001
2022     74      22     20    236.8388
2022     74      22     25    237.0563
2022     74      22     30    237.3127
2022     74      22     35    237.3280
2022     74      22     40    237.3220
2022     74      22     45    236.9981
2022     74      22     50    235.9374
2022     74      22     55    234.7792
2022     74      23      0    233.4967
2022     74      23      5    232.5003
2022     74      23     10    232.6533
2022     74      23     15    232.2204
2022     74      23     20    231.7861
2022     74      23     25    231.5341
2022     74      23     30    230.7019
2022     74      23     35    230.6928
2022     74      23     40    230.3869
