x         z         bx         bx         by         bz
  -11.92       -5.92       -0.99       -0.08       -0.10
  -11.44       -5.92       -0.98       -0.10       -0.14
  -10.96       -5.92       -0.97       -0.13       -0.18
  -10.48       -5.92       -0.96       -0.15       -0.23
  -10.00       -5.92       -0.95       -0.16       -0.26
   -9.52       -5.92       -0.95       -0.17       -0.28
   -9.04       -5.92       -0.95       -0.17       -0.28
   -8.56       -5.92       -0.95       -0.16       -0.28
   -8.08       -5.92       -0.95       -0.15       -0.28
   -7.60       -5.92       -0.95       -0.13       -0.29
   -7.12       -5.92       -0.94       -0.11       -0.32
   -6.64       -5.92       -0.93       -0.09       -0.37
   -6.16       -5.92       -0.91       -0.07       -0.42
   -5.68       -5.92       -0.88       -0.06       -0.47
   -5.20       -5.92       -0.85       -0.05       -0.53
   -4.72       -5.92       -0.81       -0.04       -0.58
   -4.24       -5.92       -0.77       -0.04       -0.64
   -3.76       -5.92       -0.72       -0.04       -0.70
   -3.28       -5.92       -0.66       -0.04       -0.75
   -2.80       -5.92       -0.59       -0.04       -0.80
   -2.32       -5.92       -0.52       -0.04       -0.85
   -1.84       -5.92       -0.46       -0.04       -0.89
   -1.36       -5.92       -0.39       -0.03       -0.92
   -0.88       -5.92       -0.32       -0.03       -0.95
   -0.40       -5.92       -0.26       -0.03       -0.96
 
  -11.92       -5.44       -0.99       -0.08       -0.07
  -11.44       -5.44       -0.99       -0.11       -0.09
  -10.96       -5.44       -0.98       -0.13       -0.12
  -10.48       -5.44       -0.98       -0.14       -0.16
  -10.00       -5.44       -0.97       -0.15       -0.19
   -9.52       -5.44       -0.97       -0.15       -0.20
   -9.04       -5.44       -0.97       -0.15       -0.21
   -8.56       -5.44       -0.97       -0.14       -0.22
   -8.08       -5.44       -0.97       -0.12       -0.22
   -7.60       -5.44       -0.96       -0.10       -0.25
   -7.12       -5.44       -0.96       -0.08       -0.28
   -6.64       -5.44       -0.94       -0.06       -0.33
   -6.16       -5.44       -0.92       -0.05       -0.39
   -5.68       -5.44       -0.89       -0.04       -0.46
   -5.20       -5.44       -0.85       -0.03       -0.52
   -4.72       -5.44       -0.82       -0.03       -0.58
   -4.24       -5.44       -0.77       -0.03       -0.64
   -3.76       -5.44       -0.72       -0.03       -0.69
   -3.28       -5.44       -0.66       -0.03       -0.75
   -2.80       -5.44       -0.60       -0.04       -0.80
   -2.32       -5.44       -0.53       -0.04       -0.85
   -1.84       -5.44       -0.46       -0.04       -0.89
   -1.36       -5.44       -0.39       -0.04       -0.92
   -0.88       -5.44       -0.31       -0.03       -0.95
   -0.40       -5.44       -0.23       -0.03       -0.97
 
  -11.92       -4.96       -1.00       -0.09       -0.03
  -11.44       -4.96       -0.99       -0.11       -0.05
  -10.96       -4.96       -0.99       -0.13       -0.07
  -10.48       -4.96       -0.99       -0.14       -0.10
  -10.00       -4.96       -0.98       -0.14       -0.12
   -9.52       -4.96       -0.98       -0.14       -0.14
   -9.04       -4.96       -0.98       -0.13       -0.15
   -8.56       -4.96       -0.98       -0.12       -0.16
   -8.08       -4.96       -0.98       -0.10       -0.18
   -7.60       -4.96       -0.97       -0.08       -0.21
   -7.12       -4.96       -0.97       -0.06       -0.25
   -6.64       -4.96       -0.95       -0.04       -0.31
   -6.16       -4.96       -0.93       -0.03       -0.37
   -5.68       -4.96       -0.90       -0.02       -0.44
   -5.20       -4.96       -0.87       -0.02       -0.50
   -4.72       -4.96       -0.83       -0.02       -0.56
   -4.24       -4.96       -0.78       -0.02       -0.62
   -3.76       -4.96       -0.74       -0.02       -0.68
   -3.28       -4.96       -0.68       -0.03       -0.73
   -2.80       -4.96       -0.62       -0.04       -0.78
   -2.32       -4.96       -0.55       -0.04       -0.83
   -1.84       -4.96       -0.47       -0.04       -0.88
   -1.36       -4.96       -0.39       -0.04       -0.92
   -0.88       -4.96       -0.29       -0.04       -0.96
   -0.40       -4.96       -0.19       -0.04       -0.98
 
  -11.92       -4.48       -1.00       -0.09       -0.01
  -11.44       -4.48       -0.99       -0.10       -0.01
  -10.96       -4.48       -0.99       -0.12       -0.03
  -10.48       -4.48       -0.99       -0.13       -0.05
  -10.00       -4.48       -0.99       -0.13       -0.07
   -9.52       -4.48       -0.99       -0.13       -0.09
   -9.04       -4.48       -0.99       -0.12       -0.11
   -8.56       -4.48       -0.99       -0.10       -0.13
   -8.08       -4.48       -0.98       -0.09       -0.15
   -7.60       -4.48       -0.98       -0.06       -0.18
   -7.12       -4.48       -0.97       -0.04       -0.23
   -6.64       -4.48       -0.96       -0.03       -0.28
   -6.16       -4.48       -0.94       -0.02       -0.35
   -5.68       -4.48       -0.91       -0.01       -0.41
   -5.20       -4.48       -0.88       -0.01       -0.47
   -4.72       -4.48       -0.85       -0.01       -0.53
   -4.24       -4.48       -0.81       -0.02       -0.59
   -3.76       -4.48       -0.76       -0.02       -0.64
   -3.28       -4.48       -0.71       -0.03       -0.70
   -2.80       -4.48       -0.65       -0.04       -0.76
   -2.32       -4.48       -0.58       -0.04       -0.81
   -1.84       -4.48       -0.49       -0.05       -0.87
   -1.36       -4.48       -0.39       -0.05       -0.92
   -0.88       -4.48       -0.28       -0.05       -0.96
   -0.40       -4.48       -0.15       -0.04       -0.99
 
  -11.92       -4.00       -1.00       -0.09        0.01
  -11.44       -4.00       -1.00       -0.10        0.01
  -10.96       -4.00       -0.99       -0.11        0.00
  -10.48       -4.00       -0.99       -0.11       -0.02
  -10.00       -4.00       -0.99       -0.12       -0.04
   -9.52       -4.00       -0.99       -0.12       -0.06
   -9.04       -4.00       -0.99       -0.11       -0.09
   -8.56       -4.00       -0.99       -0.09       -0.11
   -8.08       -4.00       -0.99       -0.07       -0.13
   -7.60       -4.00       -0.98       -0.05       -0.17
   -7.12       -4.00       -0.98       -0.03       -0.21
   -6.64       -4.00       -0.96       -0.02       -0.26
   -6.16       -4.00       -0.95       -0.01       -0.32
   -5.68       -4.00       -0.92       -0.00       -0.38
   -5.20       -4.00       -0.90       -0.00       -0.44
   -4.72       -4.00       -0.87       -0.01       -0.49
   -4.24       -4.00       -0.84       -0.02       -0.55
   -3.76       -4.00       -0.80       -0.03       -0.60
   -3.28       -4.00       -0.75       -0.03       -0.66
   -2.80       -4.00       -0.69       -0.04       -0.72
   -2.32       -4.00       -0.61       -0.05       -0.79
   -1.84       -4.00       -0.52       -0.05       -0.86
   -1.36       -4.00       -0.40       -0.05       -0.92
   -0.88       -4.00       -0.26       -0.05       -0.96
   -0.40       -4.00       -0.11       -0.05       -0.99
 
  -11.92       -3.52       -1.00       -0.08        0.03
  -11.44       -3.52       -1.00       -0.09        0.03
  -10.96       -3.52       -1.00       -0.10        0.02
  -10.48       -3.52       -0.99       -0.10        0.00
  -10.00       -3.52       -0.99       -0.11       -0.02
   -9.52       -3.52       -0.99       -0.10       -0.05
   -9.04       -3.52       -0.99       -0.10       -0.07
   -8.56       -3.52       -0.99       -0.08       -0.10
   -8.08       -3.52       -0.99       -0.07       -0.13
   -7.60       -3.52       -0.99       -0.05       -0.16
   -7.12       -3.52       -0.98       -0.03       -0.20
   -6.64       -3.52       -0.97       -0.01       -0.24
   -6.16       -3.52       -0.96       -0.01       -0.29
   -5.68       -3.52       -0.94       -0.00       -0.34
   -5.20       -3.52       -0.92       -0.01       -0.39
   -4.72       -3.52       -0.90       -0.01       -0.44
   -4.24       -3.52       -0.87       -0.02       -0.49
   -3.76       -3.52       -0.84       -0.03       -0.55
   -3.28       -3.52       -0.79       -0.04       -0.61
   -2.80       -3.52       -0.73       -0.04       -0.68
   -2.32       -3.52       -0.65       -0.05       -0.76
   -1.84       -3.52       -0.55       -0.05       -0.84
   -1.36       -3.52       -0.41       -0.05       -0.91
   -0.88       -3.52       -0.25       -0.05       -0.97
   -0.40       -3.52       -0.07       -0.05       -1.00
 
  -11.92       -3.04       -1.00       -0.07        0.05
  -11.44       -3.04       -1.00       -0.08        0.05
  -10.96       -3.04       -1.00       -0.08        0.04
  -10.48       -3.04       -1.00       -0.09        0.02
  -10.00       -3.04       -1.00       -0.09       -0.01
   -9.52       -3.04       -0.99       -0.09       -0.04
   -9.04       -3.04       -0.99       -0.09       -0.07
   -8.56       -3.04       -0.99       -0.08       -0.10
   -8.08       -3.04       -0.99       -0.06       -0.12
   -7.60       -3.04       -0.99       -0.04       -0.15
   -7.12       -3.04       -0.98       -0.03       -0.18
   -6.64       -3.04       -0.98       -0.01       -0.22
   -6.16       -3.04       -0.97       -0.01       -0.26
   -5.68       -3.04       -0.95       -0.01       -0.30
   -5.20       -3.04       -0.94       -0.01       -0.34
   -4.72       -3.04       -0.92       -0.02       -0.38
   -4.24       -3.04       -0.90       -0.02       -0.43
   -3.76       -3.04       -0.88       -0.03       -0.48
   -3.28       -3.04       -0.84       -0.04       -0.54
   -2.80       -3.04       -0.78       -0.05       -0.62
   -2.32       -3.04       -0.70       -0.05       -0.71
   -1.84       -3.04       -0.59       -0.05       -0.81
   -1.36       -3.04       -0.44       -0.05       -0.90
   -0.88       -3.04       -0.25       -0.06       -0.97
   -0.40       -3.04       -0.04       -0.06       -1.00
 
  -11.92       -2.56       -1.00       -0.06        0.07
  -11.44       -2.56       -1.00       -0.06        0.07
  -10.96       -2.56       -1.00       -0.07        0.05
  -10.48       -2.56       -1.00       -0.08        0.03
  -10.00       -2.56       -1.00       -0.08       -0.00
   -9.52       -2.56       -1.00       -0.08       -0.04
   -9.04       -2.56       -0.99       -0.07       -0.07
   -8.56       -2.56       -0.99       -0.06       -0.10
   -8.08       -2.56       -0.99       -0.05       -0.12
   -7.60       -2.56       -0.99       -0.04       -0.14
   -7.12       -2.56       -0.99       -0.02       -0.16
   -6.64       -2.56       -0.98       -0.01       -0.19
   -6.16       -2.56       -0.98       -0.01       -0.21
   -5.68       -2.56       -0.97       -0.01       -0.24
   -5.20       -2.56       -0.96       -0.01       -0.28
   -4.72       -2.56       -0.95       -0.02       -0.31
   -4.24       -2.56       -0.94       -0.03       -0.35
   -3.76       -2.56       -0.92       -0.03       -0.40
   -3.28       -2.56       -0.89       -0.04       -0.46
   -2.80       -2.56       -0.84       -0.05       -0.54
   -2.32       -2.56       -0.76       -0.05       -0.64
   -1.84       -2.56       -0.65       -0.05       -0.76
   -1.36       -2.56       -0.49       -0.05       -0.87
   -0.88       -2.56       -0.28       -0.06       -0.96
   -0.40       -2.56       -0.03       -0.06       -1.00
 
  -11.92       -2.08       -0.99       -0.05        0.10
  -11.44       -2.08       -0.99       -0.05        0.09
  -10.96       -2.08       -1.00       -0.06        0.07
  -10.48       -2.08       -1.00       -0.06        0.04
  -10.00       -2.08       -1.00       -0.06        0.00
   -9.52       -2.08       -1.00       -0.06       -0.04
   -9.04       -2.08       -1.00       -0.06       -0.07
   -8.56       -2.08       -0.99       -0.05       -0.10
   -8.08       -2.08       -0.99       -0.04       -0.12
   -7.60       -2.08       -0.99       -0.03       -0.13
   -7.12       -2.08       -0.99       -0.02       -0.14
   -6.64       -2.08       -0.99       -0.01       -0.15
   -6.16       -2.08       -0.99       -0.01       -0.16
   -5.68       -2.08       -0.98       -0.01       -0.18
   -5.20       -2.08       -0.98       -0.02       -0.20
   -4.72       -2.08       -0.97       -0.02       -0.23
   -4.24       -2.08       -0.97       -0.03       -0.26
   -3.76       -2.08       -0.95       -0.04       -0.30
   -3.28       -2.08       -0.93       -0.04       -0.36
   -2.80       -2.08       -0.90       -0.04       -0.44
   -2.32       -2.08       -0.84       -0.05       -0.54
   -1.84       -2.08       -0.74       -0.05       -0.68
   -1.36       -2.08       -0.57       -0.06       -0.82
   -0.88       -2.08       -0.34       -0.06       -0.94
   -0.40       -2.08       -0.03       -0.07       -1.00
 
  -11.92       -1.60       -0.99       -0.05        0.13
  -11.44       -1.60       -0.99       -0.05        0.11
  -10.96       -1.60       -0.99       -0.05        0.09
  -10.48       -1.60       -1.00       -0.05        0.05
  -10.00       -1.60       -1.00       -0.05        0.01
   -9.52       -1.60       -1.00       -0.05       -0.04
   -9.04       -1.60       -1.00       -0.04       -0.07
   -8.56       -1.60       -0.99       -0.03       -0.10
   -8.08       -1.60       -0.99       -0.02       -0.11
   -7.60       -1.60       -0.99       -0.02       -0.11
   -7.12       -1.60       -0.99       -0.01       -0.10
   -6.64       -1.60       -1.00       -0.01       -0.09
   -6.16       -1.60       -1.00       -0.01       -0.10
   -5.68       -1.60       -0.99       -0.01       -0.10
   -5.20       -1.60       -0.99       -0.02       -0.12
   -4.72       -1.60       -0.99       -0.02       -0.14
   -4.24       -1.60       -0.99       -0.03       -0.16
   -3.76       -1.60       -0.98       -0.03       -0.18
   -3.28       -1.60       -0.97       -0.04       -0.22
   -2.80       -1.60       -0.96       -0.04       -0.29
   -2.32       -1.60       -0.92       -0.05       -0.39
   -1.84       -1.60       -0.84       -0.05       -0.53
   -1.36       -1.60       -0.70       -0.06       -0.71
   -0.88       -1.60       -0.44       -0.07       -0.89
   -0.40       -1.60       -0.06       -0.08       -0.99
 
  -11.92       -1.12       -0.99       -0.05        0.16
  -11.44       -1.12       -0.99       -0.04        0.14
  -10.96       -1.12       -0.99       -0.04        0.11
  -10.48       -1.12       -1.00       -0.04        0.07
  -10.00       -1.12       -1.00       -0.03        0.02
   -9.52       -1.12       -1.00       -0.02       -0.03
   -9.04       -1.12       -1.00       -0.02       -0.06
   -8.56       -1.12       -1.00       -0.01       -0.08
   -8.08       -1.12       -1.00       -0.01       -0.08
   -7.60       -1.12       -1.00       -0.00       -0.07
   -7.12       -1.12       -1.00        0.00       -0.05
   -6.64       -1.12       -1.00        0.00       -0.04
   -6.16       -1.12       -1.00       -0.00       -0.03
   -5.68       -1.12       -1.00       -0.01       -0.03
   -5.20       -1.12       -1.00       -0.01       -0.04
   -4.72       -1.12       -1.00       -0.02       -0.05
   -4.24       -1.12       -1.00       -0.03       -0.05
   -3.76       -1.12       -1.00       -0.03       -0.05
   -3.28       -1.12       -1.00       -0.04       -0.06
   -2.80       -1.12       -0.99       -0.04       -0.09
   -2.32       -1.12       -0.98       -0.04       -0.17
   -1.84       -1.12       -0.95       -0.05       -0.30
   -1.36       -1.12       -0.86       -0.06       -0.51
   -0.88       -1.12       -0.63       -0.08       -0.78
   -0.40       -1.12       -0.12       -0.11       -0.99
 
  -11.92       -0.64       -0.98       -0.05        0.19
  -11.44       -0.64       -0.98       -0.05        0.17
  -10.96       -0.64       -0.99       -0.04        0.14
  -10.48       -0.64       -1.00       -0.03        0.09
  -10.00       -0.64       -1.00       -0.01        0.04
   -9.52       -0.64       -1.00       -0.00       -0.01
   -9.04       -0.64       -1.00        0.01       -0.04
   -8.56       -0.64       -1.00        0.01       -0.06
   -8.08       -0.64       -1.00        0.02       -0.05
   -7.60       -0.64       -1.00        0.02       -0.03
   -7.12       -0.64       -1.00        0.01       -0.00
   -6.64       -0.64       -1.00        0.01        0.01
   -6.16       -0.64       -1.00        0.01        0.02
   -5.68       -0.64       -1.00       -0.00        0.03
   -5.20       -0.64       -1.00       -0.01        0.03
   -4.72       -0.64       -1.00       -0.02        0.04
   -4.24       -0.64       -1.00       -0.02        0.06
   -3.76       -0.64       -0.99       -0.03        0.10
   -3.28       -0.64       -0.99       -0.03        0.14
   -2.80       -0.64       -0.99       -0.04        0.15
   -2.32       -0.64       -0.99       -0.04        0.13
   -1.84       -0.64       -1.00       -0.05        0.05
   -1.36       -0.64       -0.99       -0.06       -0.13
   -0.88       -0.64       -0.90       -0.09       -0.43
   -0.40       -0.64         NaN         NaN         NaN
 
  -11.92       -0.16       -0.97       -0.06        0.22
  -11.44       -0.16       -0.98       -0.05        0.20
  -10.96       -0.16       -0.99       -0.04        0.16
  -10.48       -0.16       -0.99       -0.02        0.12
  -10.00       -0.16       -1.00        0.00        0.06
   -9.52       -0.16       -1.00        0.02        0.02
   -9.04       -0.16       -1.00        0.03       -0.01
   -8.56       -0.16       -1.00        0.04       -0.02
   -8.08       -0.16       -1.00        0.04       -0.01
   -7.60       -0.16       -1.00        0.04        0.02
   -7.12       -0.16       -1.00        0.03        0.04
   -6.64       -0.16       -1.00        0.02        0.06
   -6.16       -0.16       -1.00        0.02        0.06
   -5.68       -0.16       -1.00        0.01        0.06
   -5.20       -0.16       -1.00        0.00        0.07
   -4.72       -0.16       -0.99       -0.01        0.10
   -4.24       -0.16       -0.99       -0.02        0.16
   -3.76       -0.16       -0.97       -0.02        0.25
   -3.28       -0.16       -0.93       -0.03        0.35
   -2.80       -0.16       -0.90       -0.03        0.44
   -2.32       -0.16       -0.87       -0.04        0.49
   -1.84       -0.16       -0.86       -0.04        0.50
   -1.36       -0.16       -0.88       -0.05        0.47
   -0.88       -0.16         NaN         NaN         NaN
   -0.40       -0.16         NaN         NaN         NaN
 
  -11.92        0.32       -0.97       -0.07        0.24
  -11.44        0.32       -0.97       -0.06        0.22
  -10.96        0.32       -0.98       -0.04        0.19
  -10.48        0.32       -0.99       -0.01        0.14
  -10.00        0.32       -1.00        0.01        0.09
   -9.52        0.32       -1.00        0.04        0.05
   -9.04        0.32       -1.00        0.05        0.02
   -8.56        0.32       -1.00        0.06        0.02
   -8.08        0.32       -1.00        0.06        0.03
   -7.60        0.32       -1.00        0.06        0.06
   -7.12        0.32       -1.00        0.05        0.08
   -6.64        0.32       -1.00        0.04        0.09
   -6.16        0.32       -1.00        0.04        0.08
   -5.68        0.32       -1.00        0.03        0.08
   -5.20        0.32       -1.00        0.02        0.09
   -4.72        0.32       -0.99        0.01        0.14
   -4.24        0.32       -0.97       -0.00        0.24
   -3.76        0.32       -0.92       -0.02        0.40
   -3.28        0.32       -0.81       -0.02        0.58
   -2.80        0.32       -0.68       -0.03        0.73
   -2.32        0.32       -0.55       -0.03        0.84
   -1.84        0.32       -0.41       -0.03        0.91
   -1.36        0.32       -0.22       -0.03        0.97
   -0.88        0.32         NaN         NaN         NaN
   -0.40        0.32         NaN         NaN         NaN
 
  -11.92        0.80       -0.96       -0.08        0.26
  -11.44        0.80       -0.97       -0.06        0.25
  -10.96        0.80       -0.98       -0.04        0.22
  -10.48        0.80       -0.99       -0.00        0.17
  -10.00        0.80       -0.99        0.03        0.12
   -9.52        0.80       -1.00        0.05        0.08
   -9.04        0.80       -1.00        0.07        0.05
   -8.56        0.80       -1.00        0.09        0.05
   -8.08        0.80       -0.99        0.09        0.07
   -7.60        0.80       -0.99        0.09        0.09
   -7.12        0.80       -0.99        0.08        0.10
   -6.64        0.80       -0.99        0.07        0.10
   -6.16        0.80       -0.99        0.06        0.09
   -5.68        0.80       -1.00        0.06        0.07
   -5.20        0.80       -1.00        0.05        0.07
   -4.72        0.80       -0.99        0.03        0.13
   -4.24        0.80       -0.96        0.02        0.28
   -3.76        0.80       -0.84        0.00        0.55
   -3.28        0.80       -0.58       -0.01        0.82
   -2.80        0.80       -0.27       -0.02        0.96
   -2.32        0.80        0.01       -0.02        1.00
   -1.84        0.80        0.30       -0.01        0.95
   -1.36        0.80        0.64       -0.00        0.77
   -0.88        0.80        0.96        0.01        0.28
   -0.40        0.80         NaN         NaN         NaN
 
  -11.92        1.28       -0.95       -0.08        0.30
  -11.44        1.28       -0.96       -0.06        0.28
  -10.96        1.28       -0.97       -0.03        0.25
  -10.48        1.28       -0.98        0.00        0.20
  -10.00        1.28       -0.99        0.04        0.15
   -9.52        1.28       -0.99        0.08        0.11
   -9.04        1.28       -0.99        0.10        0.08
   -8.56        1.28       -0.99        0.12        0.08
   -8.08        1.28       -0.99        0.12        0.10
   -7.60        1.28       -0.98        0.13        0.12
   -7.12        1.28       -0.98        0.12        0.13
   -6.64        1.28       -0.99        0.12        0.11
   -6.16        1.28       -0.99        0.12        0.07
   -5.68        1.28       -0.99        0.12        0.02
   -5.20        1.28       -0.99        0.11       -0.02
   -4.72        1.28       -0.99        0.10        0.02
   -4.24        1.28       -0.96        0.09        0.25
   -3.76        1.28       -0.64        0.06        0.76
   -3.28        1.28        0.01        0.02        1.00
   -2.80        1.28        0.40        0.00        0.92
   -2.32        1.28        0.64       -0.00        0.77
   -1.84        1.28        0.83        0.01        0.55
   -1.36        1.28        0.98        0.02        0.21
   -0.88        1.28        0.96        0.03       -0.27
   -0.40        1.28        0.67        0.04       -0.74
 
  -11.92        1.76       -0.93       -0.08        0.35
  -11.44        1.76       -0.94       -0.06        0.33
  -10.96        1.76       -0.95       -0.02        0.30
  -10.48        1.76       -0.97        0.02        0.25
  -10.00        1.76       -0.98        0.07        0.19
   -9.52        1.76       -0.98        0.11        0.14
   -9.04        1.76       -0.98        0.15        0.12
   -8.56        1.76       -0.98        0.17        0.12
   -8.08        1.76       -0.97        0.19        0.14
   -7.60        1.76       -0.97        0.21        0.16
   -7.12        1.76       -0.96        0.22        0.15
   -6.64        1.76       -0.97        0.24        0.10
   -6.16        1.76       -0.97        0.26       -0.01
   -5.68        1.76       -0.95        0.28       -0.17
   -5.20        1.76       -0.89        0.30       -0.34
   -4.72        1.76       -0.79        0.36       -0.51
   -4.24        1.76       -0.36        0.66       -0.66
   -3.76        1.76        0.92        0.26        0.29
   -3.28        1.76        0.90        0.07        0.43
   -2.80        1.76        0.92        0.03        0.40
   -2.32        1.76        0.96        0.02        0.28
   -1.84        1.76        1.00        0.02        0.07
   -1.36        1.76        0.98        0.02       -0.21
   -0.88        1.76        0.84        0.03       -0.55
   -0.40        1.76        0.55        0.03       -0.84
 
  -11.92        2.24       -0.89       -0.08        0.45
  -11.44        2.24       -0.90       -0.04        0.43
  -10.96        2.24       -0.92        0.00        0.40
  -10.48        2.24       -0.93        0.06        0.35
  -10.00        2.24       -0.95        0.13        0.28
   -9.52        2.24       -0.95        0.21        0.22
   -9.04        2.24       -0.94        0.28        0.18
   -8.56        2.24       -0.92        0.35        0.19
   -8.08        2.24       -0.88        0.42        0.22
   -7.60        2.24       -0.83        0.50        0.24
   -7.12        2.24       -0.77        0.62        0.19
   -6.64        2.24       -0.65        0.76       -0.03
   -6.16        2.24       -0.36        0.82       -0.43
   -5.68        2.24        0.02        0.67       -0.74
   -5.20        2.24        0.32        0.47       -0.82
   -4.72        2.24        0.56        0.33       -0.76
   -4.24        2.24        0.78        0.22       -0.59
   -3.76        2.24        0.93        0.13       -0.35
   -3.28        2.24        0.98        0.07       -0.16
   -2.80        2.24        1.00        0.04       -0.09
   -2.32        2.24        0.99        0.03       -0.13
   -1.84        2.24        0.96        0.03       -0.27
   -1.36        2.24        0.88        0.03       -0.47
   -0.88        2.24        0.72        0.03       -0.69
   -0.40        2.24        0.47        0.03       -0.88
 
  -11.92        2.72       -0.72       -0.03        0.69
  -11.44        2.72       -0.69        0.03        0.72
  -10.96        2.72       -0.63        0.13        0.76
  -10.48        2.72       -0.52        0.31        0.80
  -10.00        2.72       -0.23        0.61        0.76
   -9.52        2.72        0.29        0.82        0.48
   -9.04        2.72        0.62        0.75        0.23
   -8.56        2.72        0.75        0.65        0.15
   -8.08        2.72        0.80        0.58        0.12
   -7.60        2.72        0.84        0.54        0.07
   -7.12        2.72        0.86        0.50       -0.05
   -6.64        2.72        0.87        0.46       -0.21
   -6.16        2.72        0.84        0.39       -0.37
   -5.68        2.72        0.81        0.32       -0.49
   -5.20        2.72        0.79        0.26       -0.55
   -4.72        2.72        0.80        0.20       -0.56
   -4.24        2.72        0.84        0.15       -0.52
   -3.76        2.72        0.88        0.11       -0.45
   -3.28        2.72        0.92        0.08       -0.38
   -2.80        2.72        0.94        0.05       -0.35
   -2.32        2.72        0.92        0.04       -0.38
   -1.84        2.72        0.88        0.03       -0.48
   -1.36        2.72        0.79        0.03       -0.62
   -0.88        2.72        0.64        0.03       -0.77
   -0.40        2.72        0.43        0.03       -0.90
 
  -11.92        3.20        0.48        0.20        0.85
  -11.44        3.20        0.75        0.24        0.61
  -10.96        3.20        0.90        0.24        0.36
  -10.48        3.20        0.96        0.21        0.17
  -10.00        3.20        0.98        0.18        0.04
   -9.52        3.20        0.99        0.15       -0.02
   -9.04        3.20        0.99        0.14       -0.05
   -8.56        3.20        0.99        0.14       -0.05
   -8.08        3.20        0.99        0.16       -0.05
   -7.60        3.20        0.98        0.18       -0.07
   -7.12        3.20        0.97        0.20       -0.12
   -6.64        3.20        0.96        0.21       -0.19
   -6.16        3.20        0.93        0.21       -0.29
   -5.68        3.20        0.90        0.20       -0.38
   -5.20        3.20        0.88        0.18       -0.44
   -4.72        3.20        0.86        0.16       -0.49
   -4.24        3.20        0.86        0.13       -0.50
   -3.76        3.20        0.86        0.10       -0.49
   -3.28        3.20        0.87        0.08       -0.48
   -2.80        3.20        0.87        0.06       -0.48
   -2.32        3.20        0.85        0.05       -0.52
   -1.84        3.20        0.80        0.04       -0.60
   -1.36        3.20        0.71        0.04       -0.70
   -0.88        3.20        0.58        0.04       -0.81
   -0.40        3.20        0.41        0.03       -0.91
 
  -11.92        3.68        0.96        0.22        0.18
  -11.44        3.68        0.98        0.20        0.09
  -10.96        3.68        0.99        0.17        0.01
  -10.48        3.68        0.99        0.13       -0.04
  -10.00        3.68        0.99        0.10       -0.08
   -9.52        3.68        0.99        0.07       -0.10
   -9.04        3.68        0.99        0.05       -0.10
   -8.56        3.68        0.99        0.05       -0.10
   -8.08        3.68        0.99        0.06       -0.10
   -7.60        3.68        0.99        0.08       -0.11
   -7.12        3.68        0.98        0.10       -0.14
   -6.64        3.68        0.97        0.13       -0.20
   -6.16        3.68        0.95        0.14       -0.27
   -5.68        3.68        0.93        0.15       -0.34
   -5.20        3.68        0.90        0.15       -0.40
   -4.72        3.68        0.88        0.14       -0.45
   -4.24        3.68        0.87        0.12       -0.49
   -3.76        3.68        0.86        0.10       -0.51
   -3.28        3.68        0.85        0.09       -0.53
   -2.80        3.68        0.83        0.07       -0.55
   -2.32        3.68        0.80        0.06       -0.60
   -1.84        3.68        0.74        0.05       -0.67
   -1.36        3.68        0.66        0.04       -0.75
   -0.88        3.68        0.54        0.04       -0.84
   -0.40        3.68        0.40        0.04       -0.91
 
  -11.92        4.16        0.98        0.22       -0.03
  -11.44        4.16        0.98        0.19       -0.07
  -10.96        4.16        0.98        0.16       -0.10
  -10.48        4.16        0.99        0.11       -0.12
  -10.00        4.16        0.99        0.07       -0.13
   -9.52        4.16        0.99        0.03       -0.14
   -9.04        4.16        0.99        0.01       -0.14
   -8.56        4.16        0.99       -0.00       -0.13
   -8.08        4.16        0.99        0.00       -0.13
   -7.60        4.16        0.99        0.02       -0.14
   -7.12        4.16        0.98        0.05       -0.17
   -6.64        4.16        0.97        0.08       -0.21
   -6.16        4.16        0.96        0.10       -0.27
   -5.68        4.16        0.94        0.12       -0.33
   -5.20        4.16        0.91        0.12       -0.39
   -4.72        4.16        0.89        0.12       -0.44
   -4.24        4.16        0.87        0.11       -0.48
   -3.76        4.16        0.85        0.10       -0.52
   -3.28        4.16        0.83        0.09       -0.56
   -2.80        4.16        0.80        0.08       -0.60
   -2.32        4.16        0.76        0.07       -0.65
   -1.84        4.16        0.70        0.06       -0.71
   -1.36        4.16        0.62        0.05       -0.78
   -0.88        4.16        0.52        0.04       -0.85
   -0.40        4.16        0.40        0.04       -0.91
 
  -11.92        4.64        0.96        0.23       -0.13
  -11.44        4.64        0.97        0.20       -0.15
  -10.96        4.64        0.97        0.16       -0.17
  -10.48        4.64        0.98        0.11       -0.18
  -10.00        4.64        0.98        0.05       -0.18
   -9.52        4.64        0.98        0.01       -0.18
   -9.04        4.64        0.99       -0.03       -0.17
   -8.56        4.64        0.99       -0.04       -0.16
   -8.08        4.64        0.99       -0.04       -0.16
   -7.60        4.64        0.98       -0.03       -0.18
   -7.12        4.64        0.98        0.00       -0.20
   -6.64        4.64        0.97        0.03       -0.24
   -6.16        4.64        0.96        0.06       -0.29
   -5.68        4.64        0.94        0.08       -0.34
   -5.20        4.64        0.91        0.10       -0.39
   -4.72        4.64        0.89        0.10       -0.44
   -4.24        4.64        0.86        0.10       -0.49
   -3.76        4.64        0.84        0.10       -0.54
   -3.28        4.64        0.81        0.09       -0.58
   -2.80        4.64        0.77        0.08       -0.63
   -2.32        4.64        0.73        0.07       -0.69
   -1.84        4.64        0.67        0.06       -0.74
   -1.36        4.64        0.59        0.05       -0.80
   -0.88        4.64        0.50        0.04       -0.86
   -0.40        4.64        0.40        0.04       -0.91
 
  -11.92        5.12        0.95        0.25       -0.20
  -11.44        5.12        0.95        0.21       -0.22
  -10.96        5.12        0.96        0.16       -0.22
  -10.48        5.12        0.97        0.10       -0.22
  -10.00        5.12        0.97        0.04       -0.22
   -9.52        5.12        0.98       -0.02       -0.21
   -9.04        5.12        0.98       -0.06       -0.21
   -8.56        5.12        0.98       -0.09       -0.20
   -8.08        5.12        0.98       -0.09       -0.20
   -7.60        5.12        0.97       -0.08       -0.21
   -7.12        5.12        0.97       -0.05       -0.24
   -6.64        5.12        0.96       -0.01       -0.27
   -6.16        5.12        0.95        0.02       -0.32
   -5.68        5.12        0.93        0.05       -0.37
   -5.20        5.12        0.91        0.07       -0.42
   -4.72        5.12        0.88        0.08       -0.47
   -4.24        5.12        0.85        0.09       -0.52
   -3.76        5.12        0.82        0.09       -0.56
   -3.28        5.12        0.79        0.08       -0.61
   -2.80        5.12        0.75        0.07       -0.66
   -2.32        5.12        0.70        0.07       -0.71
   -1.84        5.12        0.64        0.06       -0.77
   -1.36        5.12        0.57        0.05       -0.82
   -0.88        5.12        0.49        0.04       -0.87
   -0.40        5.12        0.41        0.04       -0.91
 
  -11.92        5.60        0.93        0.27       -0.25
  -11.44        5.60        0.94        0.23       -0.27
  -10.96        5.60        0.95        0.17       -0.27
  -10.48        5.60        0.96        0.10       -0.27
  -10.00        5.60        0.96        0.02       -0.26
   -9.52        5.60        0.97       -0.05       -0.25
   -9.04        5.60        0.96       -0.10       -0.24
   -8.56        5.60        0.96       -0.14       -0.24
   -8.08        5.60        0.96       -0.15       -0.24
   -7.60        5.60        0.96       -0.13       -0.26
   -7.12        5.60        0.95       -0.10       -0.28
   -6.64        5.60        0.95       -0.06       -0.32
   -6.16        5.60        0.93       -0.02       -0.36
   -5.68        5.60        0.91        0.02       -0.41
   -5.20        5.60        0.89        0.05       -0.46
   -4.72        5.60        0.86        0.06       -0.50
   -4.24        5.60        0.83        0.07       -0.55
   -3.76        5.60        0.80        0.07       -0.60
   -3.28        5.60        0.76        0.07       -0.64
   -2.80        5.60        0.72        0.07       -0.69
   -2.32        5.60        0.67        0.06       -0.74
   -1.84        5.60        0.61        0.05       -0.79
   -1.36        5.60        0.55        0.05       -0.83
   -0.88        5.60        0.48        0.04       -0.87
   -0.40        5.60        0.41        0.03       -0.91
 
