X-point locations.
FORMAT:
YEAR    DAY    HOUR    MIN    RATE    DISTANCE
2023     81      23     35        0.00    13.416
2023     81      23     40        0.00    13.416
2023     81      23     45        0.00    13.416
2023     81      23     50        0.00    13.416
2023     81      23     55        0.00    13.416
2023     82       0      0        0.00    13.416
2023     82       0      5        0.00    13.416
2023     82       0     10        0.00    13.416
2023     82       0     15        0.00    13.416
2023     82       0     20        0.00    13.416
2023     82       0     25        0.00    13.416
2023     82       0     30        0.00    13.416
2023     82       0     35        0.00    13.416
2023     82       0     40        0.00    13.416
2023     82       0     45        0.00    13.416
2023     82       0     50        0.00    13.416
2023     82       0     55        0.00    13.416
2023     82       1      0        0.00    13.416
2023     82       1      5        0.00    13.416
2023     82       1     10        0.00    13.416
2023     82       1     15        0.00    13.416
2023     82       1     20        0.00    13.416
2023     82       1     25        0.00    13.416
2023     82       1     30        0.00    13.416
2023     82       1     35        0.00    13.416
2023     82       1     40        0.00    13.416
2023     82       1     45        0.00    13.416
2023     82       1     50        0.00    13.416
2023     82       1     55        0.00    13.416
2023     82       2      0        0.00    13.416
2023     82       2      5        0.00    13.416
2023     82       2     10        0.00    13.416
2023     82       2     15        0.00    13.416
2023     82       2     20        0.00    13.416
2023     82       2     25        0.00    13.416
2023     82       2     30        0.00    13.416
2023     82       2     35        0.00    13.416
2023     82       2     40        0.00    13.416
2023     82       2     45        0.00    13.416
2023     82       2     50        0.00    13.416
2023     82       2     55        0.00    13.416
2023     82       3      0        0.00    13.416
2023     82       3      5        0.00    13.416
2023     82       3     10        0.00    13.416
2023     82       3     15        0.00    13.416
2023     82       3     20        0.00    13.416
2023     82       3     25        0.00    13.416
2023     82       3     30        0.00    13.416
2023     82       3     35        0.00    13.416
2023     82       3     40        0.00    13.416
2023     82       3     45        0.00    13.416
2023     82       3     50        0.00    13.416
2023     82       3     55        0.00    13.416
2023     82       4      0        0.00    13.416
2023     82       4      5        0.00    13.416
2023     82       4     10        0.00    13.416
2023     82       4     15        0.00    13.416
2023     82       4     20        0.00    13.416
2023     82       4     25        0.00    13.416
2023     82       4     30        0.00    13.416
2023     82       4     35        0.00    13.416
2023     82       4     40        0.00    13.416
2023     82       4     45        0.00    13.416
2023     82       4     50        0.00    13.416
2023     82       4     55        0.00    13.416
2023     82       5      0        0.00    13.416
2023     82       5      5        0.00    13.416
2023     82       5     10        0.00    13.416
2023     82       5     15        0.00    13.416
2023     82       5     20        0.00    13.416
2023     82       5     25        0.00    13.416
2023     82       5     30        0.00    13.416
2023     82       5     35        0.00    13.416
2023     82       5     40        0.00    13.416
2023     82       5     45        0.00    13.416
2023     82       5     50        0.00    13.416
2023     82       5     55        0.00    13.416
2023     82       6      0        0.00    13.416
2023     82       6      5        0.00    13.416
2023     82       6     10        0.00    13.416
2023     82       6     15        0.00    13.416
2023     82       6     20        0.00    13.416
2023     82       6     25        0.00    13.416
2023     82       6     30        0.00    13.416
2023     82       6     35        0.00    13.416
2023     82       6     40        0.00    13.416
2023     82       6     45        0.00    13.416
2023     82       6     50        0.00    13.416
2023     82       6     55        0.00    13.416
2023     82       7      0        0.00    13.416
2023     82       7      5        0.00    13.416
2023     82       7     10        0.00    13.416
2023     82       7     15        0.00    13.416
2023     82       7     20        0.00    13.416
2023     82       7     25        0.00    13.416
2023     82       7     30        0.00    13.416
2023     82       7     35        0.00    13.416
2023     82       7     40        0.00    13.416
2023     82       7     45        0.00    13.416
2023     82       7     50        0.00    13.416
2023     82       7     55        0.00    13.416
2023     82       8      0        0.00    13.416
2023     82       8      5        0.00    13.416
2023     82       8     10        0.00    13.416
2023     82       8     15        0.00    13.416
2023     82       8     20        0.00    13.416
2023     82       8     25        0.00    13.416
2023     82       8     30        0.00    13.416
2023     82       8     35        0.12     9.824
2023     82       8     40        0.13     9.818
2023     82       8     45        0.17     9.734
2023     82       8     50        0.15     9.816
2023     82       8     55        0.06     9.747
2023     82       9      0        0.02     9.661
2023     82       9      5        0.00     9.659
2023     82       9     10        0.01     9.774
2023     82       9     15        0.01     9.652
2023     82       9     20        0.01     9.607
2023     82       9     25        0.05     9.650
2023     82       9     30        0.06     9.734
2023     82       9     35        0.03     9.730
2023     82       9     40        0.05     9.690
2023     82       9     45        0.05     9.765
2023     82       9     50        0.06     9.682
2023     82       9     55        0.10     9.602
2023     82      10      0        0.07     9.561
2023     82      10      5        0.14     9.321
2023     82      10     10        0.08     9.200
2023     82      10     15        0.05     9.200
2023     82      10     20        0.04     9.161
2023     82      10     25        0.05     9.121
2023     82      10     30        0.08     9.081
2023     82      10     35        0.18     9.040
2023     82      10     40        0.29     9.000
2023     82      10     45        0.32     9.000
2023     82      10     50        0.33     9.041
2023     82      10     55        0.26     9.200
2023     82      11      0        0.40     9.200
2023     82      11      5        0.21     9.320
2023     82      11     10        0.45     9.281
2023     82      11     15        0.37     9.320
2023     82      11     20        0.30     9.280
2023     82      11     25        0.37     9.280
2023     82      11     30        0.30     9.280
2023     82      11     35        0.27     9.280
2023     82      11     40        0.33     9.160
2023     82      11     45        0.16     9.200
2023     82      11     50        0.11     9.160
2023     82      11     55        0.09     9.161
2023     82      12      0        0.05     9.201
2023     82      12      5        0.10     9.200
2023     82      12     10        0.25     9.082
2023     82      12     15        0.30     9.121
2023     82      12     20        0.36     9.043
2023     82      12     25        0.75     8.922
2023     82      12     30        0.34     9.083
2023     82      12     35        0.62     9.004
2023     82      12     40        0.96     9.006
2023     82      12     45        0.45     9.046
2023     82      12     50        0.74     9.049
2023     82      12     55        0.37     9.133
2023     82      13      0        0.51     9.255
2023     82      13      5        0.98     9.370
2023     82      13     10        1.09     9.570
2023     82      13     15        0.00    13.416
2023     82      13     20        0.00    13.416
2023     82      13     25        0.85     9.760
2023     82      13     30        0.36     9.560
2023     82      13     35        0.28     9.560
2023     82      13     40        0.94     9.360
2023     82      13     45        0.78     9.200
2023     82      13     50        0.36     9.164
2023     82      13     55        0.89     9.084
2023     82      14      0        0.42     9.127
2023     82      14      5        0.46     9.047
2023     82      14     10        0.43     9.047
2023     82      14     15        0.65     9.006
2023     82      14     20        1.29     9.004
2023     82      14     25        1.71     9.043
2023     82      14     30        0.90     9.167
2023     82      14     35        0.55     8.966
2023     82      14     40        0.00    13.416
2023     82      14     45        0.00    13.416
2023     82      14     50        0.00    13.416
2023     82      14     55        0.00    13.416
2023     82      15      0        0.00    13.416
2023     82      15      5        0.00    13.416
2023     82      15     10        0.00    13.416
2023     82      15     15        0.24     9.656
2023     82      15     20        0.25     9.705
2023     82      15     25        0.27     9.556
2023     82      15     30        0.26     9.561
2023     82      15     35        0.27     9.696
2023     82      15     40        0.00    13.416
2023     82      15     45        0.00    13.416
2023     82      15     50        0.00    13.416
2023     82      15     55        0.00    13.416
2023     82      16      0        0.00    13.416
2023     82      16      5        0.00    13.416
2023     82      16     10        0.00    13.416
2023     82      16     15        0.00    13.416
2023     82      16     20        0.00    13.416
2023     82      16     25        0.00    13.416
2023     82      16     30        0.00    13.416
2023     82      16     35        0.00    13.416
2023     82      16     40        0.00    13.416
2023     82      16     45        0.00    13.416
2023     82      16     50        0.00    13.416
2023     82      16     55        0.00    13.416
2023     82      17      0        0.00    13.416
2023     82      17      5        0.00    13.416
2023     82      17     10        0.00    13.416
2023     82      17     15        0.00    13.416
2023     82      17     20        0.00    13.416
2023     82      17     25        0.00    13.416
2023     82      17     30        0.00    13.416
2023     82      17     35        0.00    13.416
2023     82      17     40        0.00    13.416
2023     82      17     45        0.00    13.416
2023     82      17     50        0.00    13.416
2023     82      17     55        0.00    13.416
2023     82      18      0        0.00    13.416
2023     82      18      5        0.19     9.833
2023     82      18     10        0.20     9.604
2023     82      18     15        0.20     9.497
2023     82      18     20        0.19     9.564
2023     82      18     25        0.38     9.608
2023     82      18     30        0.20     9.525
2023     82      18     35        0.23     9.481
2023     82      18     40        0.20     9.485
2023     82      18     45        0.28     9.493
2023     82      18     50        0.23     9.453
2023     82      18     55        0.30     9.453
2023     82      19      0        0.22     9.365
2023     82      19      5        0.34     9.449
2023     82      19     10        0.23     9.365
2023     82      19     15        0.32     9.365
2023     82      19     20        0.45     9.449
2023     82      19     25        0.27     9.449
2023     82      19     30        0.26     9.497
2023     82      19     35        0.41     9.445
2023     82      19     40        0.27     9.405
2023     82      19     45        0.23     9.401
2023     82      19     50        0.33     9.437
2023     82      19     55        0.39     9.437
2023     82      20      0        0.30     9.434
2023     82      20      5        0.34     9.434
2023     82      20     10        0.29     9.431
2023     82      20     15        0.28     9.431
2023     82      20     20        0.37     9.477
2023     82      20     25        0.58     9.561
2023     82      20     30        0.41     9.481
2023     82      20     35        0.50     9.510
2023     82      20     40        0.54     9.550
2023     82      20     45        0.55     9.579
2023     82      20     50        0.43     9.579
2023     82      20     55        0.46     9.574
2023     82      21      0        0.47     9.572
2023     82      21      5        0.30     9.527
2023     82      21     10        0.52     9.568
2023     82      21     15        0.40     9.568
2023     82      21     20        0.38     9.612
2023     82      21     25        0.31     9.570
2023     82      21     30        0.29     9.568
2023     82      21     35        0.39     9.527
2023     82      21     40        0.46     9.567
2023     82      21     45        0.28     9.525
2023     82      21     50        0.29     9.522
2023     82      21     55        0.25     9.481
2023     82      22      0        0.23     9.521
2023     82      22      5        0.33     9.601
2023     82      22     10        0.30     9.600
2023     82      22     15        0.28     9.600
2023     82      22     20        0.30     9.600
2023     82      22     25        0.27     9.600
2023     82      22     30        0.26     9.640
2023     82      22     35        0.28     9.640
2023     82      22     40        0.38     9.640
2023     82      22     45        0.29     9.641
2023     82      22     50        0.36     9.681
2023     82      22     55        0.38     9.721
2023     82      23      0        0.38     9.722
2023     82      23      5        0.37     9.723
2023     82      23     10        0.30     9.765
2023     82      23     15        0.41     9.725
2023     82      23     20        0.19     6.646
2023     82      23     25        0.23     6.568
2023     82      23     30        0.20     6.570
2023     82      23     35        0.24     6.492
2023     82      23     40        0.31     6.413
2023     82      23     45        0.36     6.333
2023     82      23     50        0.37     6.293
2023     82      23     55        0.33     6.293
2023     83       0      0        0.48     6.176
2023     83       0      5        0.62     6.096
2023     83       0     10        0.70     6.053
2023     83       0     15        0.50     6.059
2023     83       0     20        0.65     6.059
2023     83       0     25        3.75     5.936
2023     83       0     30        3.70     5.936
2023     83       0     35        5.77     5.900
2023     83       0     40        1.66     5.983
2023     83       0     45        0.35     5.983
2023     83       0     50        2.33     5.943
2023     83       0     55        6.05     5.863
2023     83       1      0        7.29     5.867
2023     83       1      5        1.81     5.955
2023     83       1     10        2.34     5.875
2023     83       1     15        5.70     5.835
2023     83       1     20        2.35     5.875
2023     83       1     25        2.49     5.879
2023     83       1     30        4.77     5.835
2023     83       1     35        2.75     5.875
2023     83       1     40        5.79     5.835
2023     83       1     45        7.04     5.805
2023     83       1     50        4.98     5.805
2023     83       1     55        1.19     5.929
2023     83       2      0        7.24     5.805
2023     83       2      5        2.87     5.850
2023     83       2     10        5.05     5.805
2023     83       2     15        1.16     5.889
2023     83       2     20        2.14     5.855
2023     83       2     25        4.23     5.855
2023     83       2     30        5.78     5.815
2023     83       2     35        8.32     5.776
2023     83       2     40        3.17     5.861
2023     83       2     45        8.00     5.776
2023     83       2     50        4.41     5.821
2023     83       2     55        2.86     5.906
2023     83       3      0        1.56     5.946
2023     83       3      5        1.59     5.985
2023     83       3     10        1.59     6.031
2023     83       3     15        2.25     5.985
2023     83       3     20        1.28     6.070
2023     83       3     25        2.14     6.025
2023     83       3     30        1.96     6.019
2023     83       3     35        3.03     5.979
2023     83       3     40        1.62     6.019
2023     83       3     45        2.71     5.940
2023     83       3     50        1.12     6.019
2023     83       3     55        0.52     6.104
2023     83       4      0        0.65     6.064
2023     83       4      5        0.36     6.195
2023     83       4     10        1.14     6.031
2023     83       4     15        0.63     6.076
2023     83       4     20        3.53     5.918
2023     83       4     25        6.63     5.873
2023     83       4     30        1.31     5.991
2023     83       4     35        1.12     5.964
2023     83       4     40        2.72     5.952
2023     83       4     45        4.37     5.866
2023     83       4     50        3.06     5.925
2023     83       4     55        4.49     5.876
2023     83       5      0        2.26     5.946
2023     83       5      5        4.36     5.829
2023     83       5     10        1.40     5.954
2023     83       5     15        2.58     5.886
2023     83       5     20        2.29     5.934
2023     83       5     25        2.33     5.940
2023     83       5     30        2.43     5.946
2023     83       5     35        0.25     6.031
2023     83       5     40        0.66     5.991
2023     83       5     45        1.18     6.025
2023     83       5     50        0.39     6.043
2023     83       5     55        3.43     5.925
2023     83       6      0        5.84     5.853
2023     83       6      5        4.93     5.893
2023     83       6     10        1.12     6.043
2023     83       6     15        6.98     5.918
2023     83       6     20        3.03     6.037
2023     83       6     25        0.57     6.274
2023     83       6     30        1.66     6.195
2023     83       6     35        1.20     6.320
2023     83       6     40        0.47     6.438
2023     83       6     45        1.06     6.326
2023     83       6     50        1.24     6.497
2023     83       6     55        0.72    10.404
2023     83       7      0        1.17     6.472
2023     83       7      5        0.95     6.460
2023     83       7     10        0.99     6.505
2023     83       7     15        0.54    10.345
2023     83       7     20        0.00    13.416
2023     83       7     25        0.00    13.416
2023     83       7     30        0.00    13.416
2023     83       7     35        0.00    13.416
2023     83       7     40        0.00    13.416
2023     83       7     45        0.00    13.416
2023     83       7     50        0.00    13.416
2023     83       7     55        0.00    13.416
2023     83       8      0        0.00    13.416
2023     83       8      5        0.00    13.416
2023     83       8     10        0.00    13.416
2023     83       8     15        0.00    13.416
2023     83       8     20        0.00    13.416
2023     83       8     25        0.00    13.416
2023     83       8     30        0.00    13.416
2023     83       8     35        0.00    13.416
2023     83       8     40        0.00    13.416
2023     83       8     45        0.00    13.416
2023     83       8     50        0.00    13.416
2023     83       8     55        0.00    13.416
2023     83       9      0        0.00    13.416
2023     83       9      5        0.00    13.416
2023     83       9     10        0.00    13.416
2023     83       9     15        0.00    13.416
2023     83       9     20        0.00    13.416
2023     83       9     25        0.00    13.416
2023     83       9     30        0.00    13.416
2023     83       9     35        0.00    13.416
2023     83       9     40        0.00    13.416
2023     83       9     45        0.00    13.416
2023     83       9     50        0.00    13.416
2023     83       9     55        0.00    13.416
2023     83      10      0        0.00    13.416
2023     83      10      5        0.00    13.416
2023     83      10     10        0.00    13.416
2023     83      10     15        0.00    13.416
2023     83      10     20        0.00    13.416
2023     83      10     25        0.00    13.416
2023     83      10     30        0.00    13.416
2023     83      10     35        0.00    13.416
2023     83      10     40        0.00    13.416
2023     83      10     45        0.00    13.416
2023     83      10     50        0.00    13.416
2023     83      10     55        0.00    13.416
2023     83      11      0        0.00    13.416
2023     83      11      5        0.00    13.416
2023     83      11     10        0.00    13.416
2023     83      11     15        0.00    13.416
2023     83      11     20        0.00    13.416
2023     83      11     25        0.00    13.416
2023     83      11     30        0.00    13.416
2023     83      11     35        0.00    13.416
2023     83      11     40        0.00    13.416
2023     83      11     45        0.00    13.416
2023     83      11     50        0.00    13.416
2023     83      11     55        0.00    13.416
2023     83      12      0        0.00    13.416
2023     83      12      5        0.00    13.416
2023     83      12     10        0.00    13.416
2023     83      12     15        0.00    13.416
2023     83      12     20        0.00    13.416
2023     83      12     25        0.00    13.416
2023     83      12     30        0.00    13.416
2023     83      12     35        0.00    13.416
2023     83      12     40        0.00    13.416
2023     83      12     45        0.00    13.416
2023     83      12     50        0.00    13.416
2023     83      12     55        0.00    13.416
2023     83      13      0        0.00    13.416
2023     83      13      5        0.00    13.416
2023     83      13     10        0.00    13.416
2023     83      13     15        0.00    13.416
2023     83      13     20        0.00    13.416
2023     83      13     25        0.00    13.416
2023     83      13     30        0.00    13.416
2023     83      13     35        0.00    13.416
2023     83      13     40        0.00    13.416
2023     83      13     45        0.00    13.416
2023     83      13     50        0.00    13.416
2023     83      13     55        0.00    13.416
2023     83      14      0        0.00    13.416
2023     83      14      5        0.00    13.416
2023     83      14     10        0.00    13.416
2023     83      14     15        0.00    13.416
2023     83      14     20        0.00    13.416
2023     83      14     25        0.00    13.416
2023     83      14     30        0.00    13.416
2023     83      14     35        0.00    13.416
2023     83      14     40        0.00    13.416
2023     83      14     45        0.00    13.416
2023     83      14     50        0.00    13.416
2023     83      14     55        0.00    13.416
2023     83      15      0        0.00    13.416
2023     83      15      5        0.00    13.416
2023     83      15     10        0.00    13.416
2023     83      15     15        0.00    13.416
2023     83      15     20        0.00    13.416
2023     83      15     25        0.00    13.416
2023     83      15     30        0.00    13.416
2023     83      15     35        0.00    13.416
2023     83      15     40        0.00    13.416
2023     83      15     45        0.00    13.416
2023     83      15     50        0.00    13.416
2023     83      15     55        0.00    13.416
2023     83      16      0        0.00    13.416
2023     83      16      5        0.00    13.416
2023     83      16     10        0.00    13.416
2023     83      16     15        0.00    13.416
2023     83      16     20        0.00    13.416
2023     83      16     25        0.00    13.416
2023     83      16     30        0.00    13.416
2023     83      16     35        0.00    13.416
2023     83      16     40        0.00    13.416
2023     83      16     45        0.00    13.416
2023     83      16     50        0.00    13.416
2023     83      16     55        0.00    13.416
2023     83      17      0        0.00    13.416
2023     83      17      5        0.00    13.416
2023     83      17     10        0.00    13.416
2023     83      17     15        0.00    13.416
2023     83      17     20        0.00    13.416
2023     83      17     25        0.00    13.416
2023     83      17     30        0.00    13.416
2023     83      17     35        0.00    13.416
2023     83      17     40        0.00    13.416
2023     83      17     45        0.00    13.416
2023     83      17     50        0.00    13.416
2023     83      17     55        0.00    13.416
2023     83      18      0        0.00    13.416
2023     83      18      5        0.00    13.416
2023     83      18     10        0.00    13.416
2023     83      18     15        0.00    13.416
2023     83      18     20        0.00    13.416
2023     83      18     25        0.00    13.416
2023     83      18     30        0.00    13.416
2023     83      18     35        0.00    13.416
2023     83      18     40        0.00    13.416
2023     83      18     45        0.00    13.416
2023     83      18     50        0.00    13.416
2023     83      18     55        0.00    13.416
2023     83      19      0        0.00    13.416
2023     83      19      5        0.00    13.416
2023     83      19     10        0.00    13.416
2023     83      19     15        0.00    13.416
2023     83      19     20        0.00    13.416
2023     83      19     25        0.00    13.416
2023     83      19     30        0.00    13.416
2023     83      19     35        0.00    13.416
2023     83      19     40        0.00    13.416
2023     83      19     45        0.00    13.416
2023     83      19     50        0.00    13.416
2023     83      19     55        0.00    13.416
2023     83      20      0        0.00    13.416
2023     83      20      5        0.00    13.416
2023     83      20     10        0.00    13.416
2023     83      20     15        0.00    13.416
2023     83      20     20        0.00    13.416
2023     83      20     25        0.00    13.416
2023     83      20     30        0.00    13.416
2023     83      20     35        0.00    13.416
2023     83      20     40        0.00    13.416
2023     83      20     45        0.00    13.416
2023     83      20     50        0.00    13.416
2023     83      20     55        0.00    13.416
2023     83      21      0        0.00    13.416
2023     83      21      5        0.00    13.416
2023     83      21     10        0.00    13.416
2023     83      21     15        0.00    13.416
2023     83      21     20        0.00    13.416
2023     83      21     25        0.00    13.416
2023     83      21     30        0.00    13.416
2023     83      21     35        0.00    13.416
2023     83      21     40        0.00    13.416
2023     83      21     45        0.00    13.416
2023     83      21     50        0.00    13.416
2023     83      21     55        0.00    13.416
2023     83      22      0        0.00    13.416
2023     83      22      5        0.00    13.416
2023     83      22     10        0.00    13.416
2023     83      22     15        0.00    13.416
2023     83      22     20        0.00    13.416
2023     83      22     25        0.00    13.416
2023     83      22     30        0.00    13.416
2023     83      22     35        0.00    13.416
2023     83      22     40        0.00    13.416
2023     83      22     45        0.00    13.416
2023     83      22     50        0.00    13.416
2023     83      22     55        0.00    13.416
2023     83      23      0        0.00    13.416
2023     83      23      5        0.00    13.416
2023     83      23     10        0.00    13.416
2023     83      23     15        0.00    13.416
2023     83      23     20        0.00    13.416
2023     83      23     25        0.00    13.416
2023     83      23     30        0.00    13.416
2023     83      23     35        0.00    13.416
2023     83      23     40        0.00    13.416
2023     83      23     45        0.00    13.416
2023     83      23     50        0.00    13.416
2023     83      23     55        0.00    13.416
2023     84       0      0        0.00    13.416
2023     84       0      5        0.00    13.416
2023     84       0     10        0.00    13.416
2023     84       0     15        0.00    13.416
2023     84       0     20        0.00    13.416
2023     84       0     25        0.00    13.416
2023     84       0     30        0.00    13.416
2023     84       0     35        0.00    13.416
2023     84       0     40        0.00    13.416
2023     84       0     45        0.00    13.416
2023     84       0     50        0.00    13.416
2023     84       0     55        0.00    13.416
2023     84       1      0        0.00    13.416
2023     84       1      5        0.00    13.416
2023     84       1     10        0.00    13.416
2023     84       1     15        0.00    13.416
2023     84       1     20        0.00    13.416
2023     84       1     25        0.00    13.416
2023     84       1     30        0.00    13.416
2023     84       1     35        0.00    13.416
2023     84       1     40        0.00    13.416
2023     84       1     45        0.00    13.416
2023     84       1     50        0.00    13.416
2023     84       1     55        0.00    13.416
2023     84       2      0        0.00    13.416
2023     84       2      5        0.00    13.416
2023     84       2     10        0.00    13.416
2023     84       2     15        0.00    13.416
2023     84       2     20        0.00    13.416
2023     84       2     25        0.00    13.416
2023     84       2     30        0.00    13.416
2023     84       2     35        0.00    13.416
2023     84       2     40        0.00    13.416
2023     84       2     45        0.00    13.416
2023     84       2     50        0.00    13.416
2023     84       2     55        0.00    13.416
2023     84       3      0        0.00    13.416
2023     84       3      5        0.00    13.416
2023     84       3     10        0.00    13.416
2023     84       3     15        0.00    13.416
2023     84       3     20        0.00    13.416
2023     84       3     25        0.00    13.416
2023     84       3     30        0.00    13.416
2023     84       3     35        0.00    13.416
2023     84       3     40        0.00    13.416
2023     84       3     45        0.00    13.416
2023     84       3     50        0.00    13.416
2023     84       3     55        0.00    13.416
2023     84       4      0        0.00    13.416
2023     84       4      5        0.00    13.416
2023     84       4     10        0.00    13.416
2023     84       4     15        0.00    13.416
2023     84       4     20        0.00    13.416
2023     84       4     25        0.00    13.416
2023     84       4     30        0.00    13.416
2023     84       4     35        0.00    13.416
2023     84       4     40        0.00    13.416
2023     84       4     45        0.00    13.416
2023     84       4     50        0.00    13.416
2023     84       4     55        0.00    13.416
2023     84       5      0        0.00    13.416
2023     84       5      5        0.00    13.416
2023     84       5     10        0.00    13.416
2023     84       5     15        0.00    13.416
2023     84       5     20        0.00    13.416
2023     84       5     25        0.00    13.416
2023     84       5     30        0.00    13.416
2023     84       5     35        0.00    13.416
2023     84       5     40        0.00    13.416
2023     84       5     45        0.00    13.416
2023     84       5     50        0.00    13.416
2023     84       5     55        0.00    13.416
2023     84       6      0        0.00    13.416
2023     84       6      5        0.00    13.416
2023     84       6     10        0.00    13.416
2023     84       6     15        0.00    13.416
2023     84       6     20        0.00    13.416
2023     84       6     25        0.00    13.416
2023     84       6     30        0.00    13.416
2023     84       6     35        0.00    13.416
2023     84       6     40        0.00    13.416
2023     84       6     45        0.00    13.416
2023     84       6     50        0.00    13.416
2023     84       6     55        0.00    13.416
2023     84       7      0        0.00    13.416
2023     84       7      5        0.00    13.416
2023     84       7     10        0.00    13.416
2023     84       7     15        0.00    13.416
2023     84       7     20        0.00    13.416
2023     84       7     25        0.00    13.416
2023     84       7     30        0.00    13.416
2023     84       7     35        0.00    13.416
2023     84       7     40        0.00    13.416
2023     84       7     45        0.00    13.416
2023     84       7     50        0.00    13.416
2023     84       7     55        0.00    13.416
2023     84       8      0        0.00    13.416
2023     84       8      5        0.00    13.416
2023     84       8     10        0.00    13.416
2023     84       8     15        0.00    13.416
2023     84       8     20        0.00    13.416
2023     84       8     25        0.00    13.416
2023     84       8     30        0.00    13.416
2023     84       8     35        0.00    13.416
2023     84       8     40        0.00    13.416
2023     84       8     45        0.00    13.416
2023     84       8     50        0.00    13.416
2023     84       8     55        0.00    13.416
2023     84       9      0        0.00    13.416
2023     84       9      5        0.00    13.416
2023     84       9     10        0.00    13.416
2023     84       9     15        0.00    13.416
2023     84       9     20        0.00    13.416
2023     84       9     25        0.00    13.416
2023     84       9     30        0.00    13.416
2023     84       9     35        0.00    13.416
2023     84       9     40        0.00    13.416
2023     84       9     45        0.00    13.416
2023     84       9     50        0.00    13.416
2023     84       9     55        0.00    13.416
2023     84      10      0        0.00    13.416
2023     84      10      5        0.00    13.416
2023     84      10     10        0.00    13.416
2023     84      10     15        0.00    13.416
2023     84      10     20        0.00    13.416
2023     84      10     25        0.00    13.416
2023     84      10     30        0.00    13.416
2023     84      10     35        0.00    13.416
2023     84      10     40        0.00    13.416
2023     84      10     45        0.00    13.416
2023     84      10     50        0.00    13.416
2023     84      10     55        0.00    13.416
2023     84      11      0        0.00    13.416
2023     84      11      5        0.00    13.416
2023     84      11     10        0.00    13.416
2023     84      11     15        0.00    13.416
2023     84      11     20        0.00    13.416
2023     84      11     25        0.00    13.416
2023     84      11     30        0.00    13.416
2023     84      11     35        0.00    13.416
2023     84      11     40        0.00    13.416
2023     84      11     45        0.00    13.416
2023     84      11     50        0.00    13.416
2023     84      11     55        0.00    13.416
2023     84      12      0        0.00    13.416
2023     84      12      5        0.00    13.416
2023     84      12     10        0.00    13.416
2023     84      12     15        0.00    13.416
2023     84      12     20        0.00    13.416
2023     84      12     25        0.00    13.416
2023     84      12     30        0.00    13.416
2023     84      12     35        0.00    13.416
2023     84      12     40        0.00    13.416
2023     84      12     45        0.00    13.416
2023     84      12     50        0.00    13.416
2023     84      12     55        0.00    13.416
2023     84      13      0        0.00    13.416
2023     84      13      5        0.00    13.416
2023     84      13     10        0.00    13.416
2023     84      13     15        0.00    13.416
2023     84      13     20        0.00    13.416
2023     84      13     25        0.00    13.416
2023     84      13     30        0.00    13.416
2023     84      13     35        0.00    13.416
2023     84      13     40        0.00    13.416
2023     84      13     45        0.00    13.416
2023     84      13     50        0.00    13.416
2023     84      13     55        0.00    13.416
2023     84      14      0        0.00    13.416
2023     84      14      5        0.00    13.416
2023     84      14     10        0.00    13.416
2023     84      14     15        0.00    13.416
2023     84      14     20        0.00    13.416
2023     84      14     25        0.00    13.416
2023     84      14     30        0.00    13.416
2023     84      14     35        0.00    13.416
2023     84      14     40        0.00    13.416
2023     84      14     45        0.00    13.416
2023     84      14     50        0.00    13.416
2023     84      14     55        0.00    13.416
2023     84      15      0        0.00    13.416
2023     84      15      5        0.00    13.416
2023     84      15     10        0.00    13.416
2023     84      15     15        0.00    13.416
2023     84      15     20        0.00    13.416
2023     84      15     25        0.00    13.416
2023     84      15     30        0.00    13.416
2023     84      15     35        0.00    13.416
2023     84      15     40        0.00    13.416
2023     84      15     45        0.00    13.416
2023     84      15     50        0.00    13.416
2023     84      15     55        0.00    13.416
2023     84      16      0        0.00    13.416
2023     84      16      5        0.00    13.416
2023     84      16     10        0.00    13.416
2023     84      16     15        0.00    13.416
2023     84      16     20        0.00    13.416
2023     84      16     25        0.00    13.416
2023     84      16     30        0.00    13.416
2023     84      16     35        0.00    13.416
2023     84      16     40        0.00    13.416
2023     84      16     45        0.00    13.416
2023     84      16     50        0.00    13.416
2023     84      16     55        0.00    13.416
2023     84      17      0        0.00    13.416
2023     84      17      5        0.00    13.416
2023     84      17     10        0.00    13.416
2023     84      17     15        0.00    13.416
2023     84      17     20        0.00    13.416
2023     84      17     25        0.00    13.416
2023     84      17     30        0.00    13.416
2023     84      17     35        0.00    13.416
2023     84      17     40        0.00    13.416
2023     84      17     45        0.00    13.416
2023     84      17     50        0.00    13.416
2023     84      17     55        0.00    13.416
2023     84      18      0        0.00    13.416
2023     84      18      5        0.00    13.416
2023     84      18     10        0.00    13.416
2023     84      18     15        0.00    13.416
2023     84      18     20        0.00    13.416
2023     84      18     25        0.00    13.416
2023     84      18     30        0.00    13.416
2023     84      18     35        0.00    13.416
2023     84      18     40        0.00    13.416
2023     84      18     45        0.00    13.416
2023     84      18     50        0.00    13.416
2023     84      18     55        0.00    13.416
2023     84      19      0        0.00    13.416
2023     84      19      5        0.00    13.416
2023     84      19     10        0.00    13.416
2023     84      19     15        0.00    13.416
2023     84      19     20        0.00    13.416
2023     84      19     25        0.00    13.416
2023     84      19     30        0.00    13.416
2023     84      19     35        0.00    13.416
2023     84      19     40        0.00    13.416
2023     84      19     45        0.00    13.416
2023     84      19     50        0.00    13.416
2023     84      19     55        0.00    13.416
2023     84      20      0        0.00    13.416
2023     84      20      5        0.00    13.416
2023     84      20     10        0.00    13.416
2023     84      20     15        0.00    13.416
2023     84      20     20        0.00    13.416
2023     84      20     25        0.00    13.416
2023     84      20     30        0.00    13.416
2023     84      20     35        0.00    13.416
2023     84      20     40        0.00    13.416
2023     84      20     45        0.00    13.416
2023     84      20     50        0.00    13.416
2023     84      20     55        0.00    13.416
2023     84      21      0        0.00    13.416
2023     84      21      5        0.00    13.416
2023     84      21     10        0.00    13.416
2023     84      21     15        0.00    13.416
2023     84      21     20        0.00    13.416
2023     84      21     25        0.00    13.416
2023     84      21     30        0.00    13.416
2023     84      21     35        0.00    13.416
2023     84      21     40        0.00    13.416
2023     84      21     45        0.00    13.416
2023     84      21     50        0.00    13.416
2023     84      21     55        0.00    13.416
2023     84      22      0        0.00    13.416
2023     84      22      5        0.00    13.416
2023     84      22     10        0.00    13.416
2023     84      22     15        0.00    13.416
2023     84      22     20        0.00    13.416
2023     84      22     25        0.00    13.416
2023     84      22     30        0.00    13.416
2023     84      22     35        0.00    13.416
2023     84      22     40        0.00    13.416
2023     84      22     45        0.00    13.416
2023     84      22     50        0.00    13.416
2023     84      22     55        0.00    13.416
2023     84      23      0        0.00    13.416
2023     84      23      5        0.00    13.416
2023     84      23     10        0.00    13.416
2023     84      23     15        0.00    13.416
2023     84      23     20        0.00    13.416
2023     84      23     25        0.00    13.416
2023     84      23     30        0.00    13.416
2023     84      23     35        0.00    13.416
2023     84      23     40        0.00    13.416
